[2024-12-01T08:51:38.172+0000] {processor.py:186} INFO - Started process (PID=74) to work on /home/airflow/.local/lib/python3.12/site-packages/airflow/example_dags/example_setup_teardown.py
[2024-12-01T08:51:38.172+0000] {processor.py:914} INFO - Processing file /home/airflow/.local/lib/python3.12/site-packages/airflow/example_dags/example_setup_teardown.py for tasks to queue
[2024-12-01T08:51:38.174+0000] {logging_mixin.py:190} INFO - [2024-12-01T08:51:38.173+0000] {dagbag.py:588} INFO - Filling up the DagBag from /home/airflow/.local/lib/python3.12/site-packages/airflow/example_dags/example_setup_teardown.py
[2024-12-01T08:51:38.181+0000] {processor.py:925} INFO - DAG(s) 'example_setup_teardown' retrieved from /home/airflow/.local/lib/python3.12/site-packages/airflow/example_dags/example_setup_teardown.py
[2024-12-01T08:51:38.278+0000] {logging_mixin.py:190} INFO - [2024-12-01T08:51:38.277+0000] {override.py:1911} INFO - Created Permission View: can edit on DAG:example_setup_teardown
[2024-12-01T08:51:38.286+0000] {logging_mixin.py:190} INFO - [2024-12-01T08:51:38.286+0000] {override.py:1911} INFO - Created Permission View: can read on DAG:example_setup_teardown
[2024-12-01T08:51:38.292+0000] {logging_mixin.py:190} INFO - [2024-12-01T08:51:38.291+0000] {override.py:1911} INFO - Created Permission View: can delete on DAG:example_setup_teardown
[2024-12-01T08:51:38.298+0000] {logging_mixin.py:190} INFO - [2024-12-01T08:51:38.297+0000] {override.py:1911} INFO - Created Permission View: can create on DAG Run:example_setup_teardown
[2024-12-01T08:51:38.303+0000] {logging_mixin.py:190} INFO - [2024-12-01T08:51:38.303+0000] {override.py:1911} INFO - Created Permission View: menu access on DAG Run:example_setup_teardown
[2024-12-01T08:51:38.309+0000] {logging_mixin.py:190} INFO - [2024-12-01T08:51:38.308+0000] {override.py:1911} INFO - Created Permission View: can read on DAG Run:example_setup_teardown
[2024-12-01T08:51:38.313+0000] {logging_mixin.py:190} INFO - [2024-12-01T08:51:38.313+0000] {override.py:1911} INFO - Created Permission View: can delete on DAG Run:example_setup_teardown
[2024-12-01T08:51:38.314+0000] {logging_mixin.py:190} INFO - [2024-12-01T08:51:38.314+0000] {dag.py:3239} INFO - Sync 1 DAGs
[2024-12-01T08:51:38.323+0000] {logging_mixin.py:190} INFO - [2024-12-01T08:51:38.323+0000] {dag.py:3262} INFO - Creating ORM DAG for example_setup_teardown
[2024-12-01T08:51:38.324+0000] {logging_mixin.py:190} INFO - [2024-12-01T08:51:38.324+0000] {dag.py:4180} INFO - Setting next_dagrun for example_setup_teardown to None, run_after=None
[2024-12-01T08:51:38.338+0000] {processor.py:208} INFO - Processing /home/airflow/.local/lib/python3.12/site-packages/airflow/example_dags/example_setup_teardown.py took 0.170 seconds
[2024-12-01T08:52:09.112+0000] {processor.py:186} INFO - Started process (PID=136) to work on /home/airflow/.local/lib/python3.12/site-packages/airflow/example_dags/example_setup_teardown.py
[2024-12-01T08:52:09.117+0000] {processor.py:914} INFO - Processing file /home/airflow/.local/lib/python3.12/site-packages/airflow/example_dags/example_setup_teardown.py for tasks to queue
[2024-12-01T08:52:09.118+0000] {logging_mixin.py:190} INFO - [2024-12-01T08:52:09.118+0000] {dagbag.py:588} INFO - Filling up the DagBag from /home/airflow/.local/lib/python3.12/site-packages/airflow/example_dags/example_setup_teardown.py
[2024-12-01T08:52:09.124+0000] {processor.py:925} INFO - DAG(s) 'example_setup_teardown' retrieved from /home/airflow/.local/lib/python3.12/site-packages/airflow/example_dags/example_setup_teardown.py
[2024-12-01T08:52:09.140+0000] {logging_mixin.py:190} INFO - [2024-12-01T08:52:09.140+0000] {dag.py:3239} INFO - Sync 1 DAGs
[2024-12-01T08:52:09.148+0000] {logging_mixin.py:190} INFO - [2024-12-01T08:52:09.148+0000] {dag.py:4180} INFO - Setting next_dagrun for example_setup_teardown to None, run_after=None
[2024-12-01T08:52:09.162+0000] {processor.py:208} INFO - Processing /home/airflow/.local/lib/python3.12/site-packages/airflow/example_dags/example_setup_teardown.py took 0.053 seconds
[2024-12-01T08:52:40.139+0000] {processor.py:186} INFO - Started process (PID=199) to work on /home/airflow/.local/lib/python3.12/site-packages/airflow/example_dags/example_setup_teardown.py
[2024-12-01T08:52:40.139+0000] {processor.py:914} INFO - Processing file /home/airflow/.local/lib/python3.12/site-packages/airflow/example_dags/example_setup_teardown.py for tasks to queue
[2024-12-01T08:52:40.141+0000] {logging_mixin.py:190} INFO - [2024-12-01T08:52:40.141+0000] {dagbag.py:588} INFO - Filling up the DagBag from /home/airflow/.local/lib/python3.12/site-packages/airflow/example_dags/example_setup_teardown.py
[2024-12-01T08:52:40.146+0000] {processor.py:925} INFO - DAG(s) 'example_setup_teardown' retrieved from /home/airflow/.local/lib/python3.12/site-packages/airflow/example_dags/example_setup_teardown.py
[2024-12-01T08:52:40.162+0000] {logging_mixin.py:190} INFO - [2024-12-01T08:52:40.161+0000] {dag.py:3239} INFO - Sync 1 DAGs
[2024-12-01T08:52:40.170+0000] {logging_mixin.py:190} INFO - [2024-12-01T08:52:40.170+0000] {dag.py:4180} INFO - Setting next_dagrun for example_setup_teardown to None, run_after=None
[2024-12-01T08:52:40.183+0000] {processor.py:208} INFO - Processing /home/airflow/.local/lib/python3.12/site-packages/airflow/example_dags/example_setup_teardown.py took 0.048 seconds
[2024-12-01T08:53:10.411+0000] {processor.py:186} INFO - Started process (PID=261) to work on /home/airflow/.local/lib/python3.12/site-packages/airflow/example_dags/example_setup_teardown.py
[2024-12-01T08:53:10.417+0000] {processor.py:914} INFO - Processing file /home/airflow/.local/lib/python3.12/site-packages/airflow/example_dags/example_setup_teardown.py for tasks to queue
[2024-12-01T08:53:10.419+0000] {logging_mixin.py:190} INFO - [2024-12-01T08:53:10.419+0000] {dagbag.py:588} INFO - Filling up the DagBag from /home/airflow/.local/lib/python3.12/site-packages/airflow/example_dags/example_setup_teardown.py
[2024-12-01T08:53:10.425+0000] {processor.py:925} INFO - DAG(s) 'example_setup_teardown' retrieved from /home/airflow/.local/lib/python3.12/site-packages/airflow/example_dags/example_setup_teardown.py
[2024-12-01T08:53:10.442+0000] {logging_mixin.py:190} INFO - [2024-12-01T08:53:10.441+0000] {dag.py:3239} INFO - Sync 1 DAGs
[2024-12-01T08:53:10.452+0000] {logging_mixin.py:190} INFO - [2024-12-01T08:53:10.452+0000] {dag.py:4180} INFO - Setting next_dagrun for example_setup_teardown to None, run_after=None
[2024-12-01T08:53:10.464+0000] {processor.py:208} INFO - Processing /home/airflow/.local/lib/python3.12/site-packages/airflow/example_dags/example_setup_teardown.py took 0.057 seconds
[2024-12-01T08:53:40.785+0000] {processor.py:186} INFO - Started process (PID=324) to work on /home/airflow/.local/lib/python3.12/site-packages/airflow/example_dags/example_setup_teardown.py
[2024-12-01T08:53:40.792+0000] {processor.py:914} INFO - Processing file /home/airflow/.local/lib/python3.12/site-packages/airflow/example_dags/example_setup_teardown.py for tasks to queue
[2024-12-01T08:53:40.794+0000] {logging_mixin.py:190} INFO - [2024-12-01T08:53:40.793+0000] {dagbag.py:588} INFO - Filling up the DagBag from /home/airflow/.local/lib/python3.12/site-packages/airflow/example_dags/example_setup_teardown.py
[2024-12-01T08:53:40.798+0000] {processor.py:925} INFO - DAG(s) 'example_setup_teardown' retrieved from /home/airflow/.local/lib/python3.12/site-packages/airflow/example_dags/example_setup_teardown.py
[2024-12-01T08:53:40.812+0000] {logging_mixin.py:190} INFO - [2024-12-01T08:53:40.812+0000] {dag.py:3239} INFO - Sync 1 DAGs
[2024-12-01T08:53:40.824+0000] {logging_mixin.py:190} INFO - [2024-12-01T08:53:40.823+0000] {dag.py:4180} INFO - Setting next_dagrun for example_setup_teardown to None, run_after=None
[2024-12-01T08:53:40.836+0000] {processor.py:208} INFO - Processing /home/airflow/.local/lib/python3.12/site-packages/airflow/example_dags/example_setup_teardown.py took 0.055 seconds
[2024-12-01T08:54:10.909+0000] {processor.py:186} INFO - Started process (PID=387) to work on /home/airflow/.local/lib/python3.12/site-packages/airflow/example_dags/example_setup_teardown.py
[2024-12-01T08:54:10.917+0000] {processor.py:914} INFO - Processing file /home/airflow/.local/lib/python3.12/site-packages/airflow/example_dags/example_setup_teardown.py for tasks to queue
[2024-12-01T08:54:10.918+0000] {logging_mixin.py:190} INFO - [2024-12-01T08:54:10.918+0000] {dagbag.py:588} INFO - Filling up the DagBag from /home/airflow/.local/lib/python3.12/site-packages/airflow/example_dags/example_setup_teardown.py
[2024-12-01T08:54:10.923+0000] {processor.py:925} INFO - DAG(s) 'example_setup_teardown' retrieved from /home/airflow/.local/lib/python3.12/site-packages/airflow/example_dags/example_setup_teardown.py
[2024-12-01T08:54:10.938+0000] {logging_mixin.py:190} INFO - [2024-12-01T08:54:10.938+0000] {dag.py:3239} INFO - Sync 1 DAGs
[2024-12-01T08:54:10.949+0000] {logging_mixin.py:190} INFO - [2024-12-01T08:54:10.949+0000] {dag.py:4180} INFO - Setting next_dagrun for example_setup_teardown to None, run_after=None
[2024-12-01T08:54:10.960+0000] {processor.py:208} INFO - Processing /home/airflow/.local/lib/python3.12/site-packages/airflow/example_dags/example_setup_teardown.py took 0.054 seconds
[2024-12-01T08:54:41.240+0000] {processor.py:186} INFO - Started process (PID=456) to work on /home/airflow/.local/lib/python3.12/site-packages/airflow/example_dags/example_setup_teardown.py
[2024-12-01T08:54:41.240+0000] {processor.py:914} INFO - Processing file /home/airflow/.local/lib/python3.12/site-packages/airflow/example_dags/example_setup_teardown.py for tasks to queue
[2024-12-01T08:54:41.242+0000] {logging_mixin.py:190} INFO - [2024-12-01T08:54:41.241+0000] {dagbag.py:588} INFO - Filling up the DagBag from /home/airflow/.local/lib/python3.12/site-packages/airflow/example_dags/example_setup_teardown.py
[2024-12-01T08:54:41.247+0000] {processor.py:925} INFO - DAG(s) 'example_setup_teardown' retrieved from /home/airflow/.local/lib/python3.12/site-packages/airflow/example_dags/example_setup_teardown.py
[2024-12-01T08:54:41.263+0000] {logging_mixin.py:190} INFO - [2024-12-01T08:54:41.262+0000] {dag.py:3239} INFO - Sync 1 DAGs
[2024-12-01T08:54:41.271+0000] {logging_mixin.py:190} INFO - [2024-12-01T08:54:41.270+0000] {dag.py:4180} INFO - Setting next_dagrun for example_setup_teardown to None, run_after=None
[2024-12-01T08:54:41.284+0000] {processor.py:208} INFO - Processing /home/airflow/.local/lib/python3.12/site-packages/airflow/example_dags/example_setup_teardown.py took 0.048 seconds
[2024-12-01T08:55:11.507+0000] {processor.py:186} INFO - Started process (PID=519) to work on /home/airflow/.local/lib/python3.12/site-packages/airflow/example_dags/example_setup_teardown.py
[2024-12-01T08:55:11.508+0000] {processor.py:914} INFO - Processing file /home/airflow/.local/lib/python3.12/site-packages/airflow/example_dags/example_setup_teardown.py for tasks to queue
[2024-12-01T08:55:11.509+0000] {logging_mixin.py:190} INFO - [2024-12-01T08:55:11.509+0000] {dagbag.py:588} INFO - Filling up the DagBag from /home/airflow/.local/lib/python3.12/site-packages/airflow/example_dags/example_setup_teardown.py
[2024-12-01T08:55:11.515+0000] {processor.py:925} INFO - DAG(s) 'example_setup_teardown' retrieved from /home/airflow/.local/lib/python3.12/site-packages/airflow/example_dags/example_setup_teardown.py
[2024-12-01T08:55:11.528+0000] {logging_mixin.py:190} INFO - [2024-12-01T08:55:11.528+0000] {dag.py:3239} INFO - Sync 1 DAGs
[2024-12-01T08:55:11.535+0000] {logging_mixin.py:190} INFO - [2024-12-01T08:55:11.535+0000] {dag.py:4180} INFO - Setting next_dagrun for example_setup_teardown to None, run_after=None
[2024-12-01T08:55:11.545+0000] {processor.py:208} INFO - Processing /home/airflow/.local/lib/python3.12/site-packages/airflow/example_dags/example_setup_teardown.py took 0.042 seconds
[2024-12-01T08:55:41.740+0000] {processor.py:186} INFO - Started process (PID=582) to work on /home/airflow/.local/lib/python3.12/site-packages/airflow/example_dags/example_setup_teardown.py
[2024-12-01T08:55:41.747+0000] {processor.py:914} INFO - Processing file /home/airflow/.local/lib/python3.12/site-packages/airflow/example_dags/example_setup_teardown.py for tasks to queue
[2024-12-01T08:55:41.749+0000] {logging_mixin.py:190} INFO - [2024-12-01T08:55:41.749+0000] {dagbag.py:588} INFO - Filling up the DagBag from /home/airflow/.local/lib/python3.12/site-packages/airflow/example_dags/example_setup_teardown.py
[2024-12-01T08:55:41.755+0000] {processor.py:925} INFO - DAG(s) 'example_setup_teardown' retrieved from /home/airflow/.local/lib/python3.12/site-packages/airflow/example_dags/example_setup_teardown.py
[2024-12-01T08:55:41.773+0000] {logging_mixin.py:190} INFO - [2024-12-01T08:55:41.773+0000] {dag.py:3239} INFO - Sync 1 DAGs
[2024-12-01T08:55:41.783+0000] {logging_mixin.py:190} INFO - [2024-12-01T08:55:41.782+0000] {dag.py:4180} INFO - Setting next_dagrun for example_setup_teardown to None, run_after=None
[2024-12-01T08:55:41.797+0000] {processor.py:208} INFO - Processing /home/airflow/.local/lib/python3.12/site-packages/airflow/example_dags/example_setup_teardown.py took 0.060 seconds
[2024-12-01T08:56:12.014+0000] {processor.py:186} INFO - Started process (PID=645) to work on /home/airflow/.local/lib/python3.12/site-packages/airflow/example_dags/example_setup_teardown.py
[2024-12-01T08:56:12.021+0000] {processor.py:914} INFO - Processing file /home/airflow/.local/lib/python3.12/site-packages/airflow/example_dags/example_setup_teardown.py for tasks to queue
[2024-12-01T08:56:12.022+0000] {logging_mixin.py:190} INFO - [2024-12-01T08:56:12.022+0000] {dagbag.py:588} INFO - Filling up the DagBag from /home/airflow/.local/lib/python3.12/site-packages/airflow/example_dags/example_setup_teardown.py
[2024-12-01T08:56:12.028+0000] {processor.py:925} INFO - DAG(s) 'example_setup_teardown' retrieved from /home/airflow/.local/lib/python3.12/site-packages/airflow/example_dags/example_setup_teardown.py
[2024-12-01T08:56:12.043+0000] {logging_mixin.py:190} INFO - [2024-12-01T08:56:12.043+0000] {dag.py:3239} INFO - Sync 1 DAGs
[2024-12-01T08:56:12.054+0000] {logging_mixin.py:190} INFO - [2024-12-01T08:56:12.054+0000] {dag.py:4180} INFO - Setting next_dagrun for example_setup_teardown to None, run_after=None
[2024-12-01T08:56:12.067+0000] {processor.py:208} INFO - Processing /home/airflow/.local/lib/python3.12/site-packages/airflow/example_dags/example_setup_teardown.py took 0.056 seconds
[2024-12-01T08:56:42.868+0000] {processor.py:186} INFO - Started process (PID=708) to work on /home/airflow/.local/lib/python3.12/site-packages/airflow/example_dags/example_setup_teardown.py
[2024-12-01T08:56:42.868+0000] {processor.py:914} INFO - Processing file /home/airflow/.local/lib/python3.12/site-packages/airflow/example_dags/example_setup_teardown.py for tasks to queue
[2024-12-01T08:56:42.869+0000] {logging_mixin.py:190} INFO - [2024-12-01T08:56:42.869+0000] {dagbag.py:588} INFO - Filling up the DagBag from /home/airflow/.local/lib/python3.12/site-packages/airflow/example_dags/example_setup_teardown.py
[2024-12-01T08:56:42.875+0000] {processor.py:925} INFO - DAG(s) 'example_setup_teardown' retrieved from /home/airflow/.local/lib/python3.12/site-packages/airflow/example_dags/example_setup_teardown.py
[2024-12-01T08:56:42.889+0000] {logging_mixin.py:190} INFO - [2024-12-01T08:56:42.888+0000] {dag.py:3239} INFO - Sync 1 DAGs
[2024-12-01T08:56:42.897+0000] {logging_mixin.py:190} INFO - [2024-12-01T08:56:42.897+0000] {dag.py:4180} INFO - Setting next_dagrun for example_setup_teardown to None, run_after=None
[2024-12-01T08:56:42.907+0000] {processor.py:208} INFO - Processing /home/airflow/.local/lib/python3.12/site-packages/airflow/example_dags/example_setup_teardown.py took 0.043 seconds
[2024-12-01T08:57:13.635+0000] {processor.py:186} INFO - Started process (PID=771) to work on /home/airflow/.local/lib/python3.12/site-packages/airflow/example_dags/example_setup_teardown.py
[2024-12-01T08:57:13.642+0000] {processor.py:914} INFO - Processing file /home/airflow/.local/lib/python3.12/site-packages/airflow/example_dags/example_setup_teardown.py for tasks to queue
[2024-12-01T08:57:13.643+0000] {logging_mixin.py:190} INFO - [2024-12-01T08:57:13.643+0000] {dagbag.py:588} INFO - Filling up the DagBag from /home/airflow/.local/lib/python3.12/site-packages/airflow/example_dags/example_setup_teardown.py
[2024-12-01T08:57:13.648+0000] {processor.py:925} INFO - DAG(s) 'example_setup_teardown' retrieved from /home/airflow/.local/lib/python3.12/site-packages/airflow/example_dags/example_setup_teardown.py
[2024-12-01T08:57:13.664+0000] {logging_mixin.py:190} INFO - [2024-12-01T08:57:13.664+0000] {dag.py:3239} INFO - Sync 1 DAGs
[2024-12-01T08:57:13.672+0000] {logging_mixin.py:190} INFO - [2024-12-01T08:57:13.672+0000] {dag.py:4180} INFO - Setting next_dagrun for example_setup_teardown to None, run_after=None
[2024-12-01T08:57:13.683+0000] {processor.py:208} INFO - Processing /home/airflow/.local/lib/python3.12/site-packages/airflow/example_dags/example_setup_teardown.py took 0.053 seconds
[2024-12-01T08:57:44.371+0000] {processor.py:186} INFO - Started process (PID=834) to work on /home/airflow/.local/lib/python3.12/site-packages/airflow/example_dags/example_setup_teardown.py
[2024-12-01T08:57:44.379+0000] {processor.py:914} INFO - Processing file /home/airflow/.local/lib/python3.12/site-packages/airflow/example_dags/example_setup_teardown.py for tasks to queue
[2024-12-01T08:57:44.381+0000] {logging_mixin.py:190} INFO - [2024-12-01T08:57:44.380+0000] {dagbag.py:588} INFO - Filling up the DagBag from /home/airflow/.local/lib/python3.12/site-packages/airflow/example_dags/example_setup_teardown.py
[2024-12-01T08:57:44.385+0000] {processor.py:925} INFO - DAG(s) 'example_setup_teardown' retrieved from /home/airflow/.local/lib/python3.12/site-packages/airflow/example_dags/example_setup_teardown.py
[2024-12-01T08:57:44.397+0000] {logging_mixin.py:190} INFO - [2024-12-01T08:57:44.397+0000] {dag.py:3239} INFO - Sync 1 DAGs
[2024-12-01T08:57:44.404+0000] {logging_mixin.py:190} INFO - [2024-12-01T08:57:44.404+0000] {dag.py:4180} INFO - Setting next_dagrun for example_setup_teardown to None, run_after=None
[2024-12-01T08:57:44.416+0000] {processor.py:208} INFO - Processing /home/airflow/.local/lib/python3.12/site-packages/airflow/example_dags/example_setup_teardown.py took 0.048 seconds
[2024-12-01T08:58:15.191+0000] {processor.py:186} INFO - Started process (PID=897) to work on /home/airflow/.local/lib/python3.12/site-packages/airflow/example_dags/example_setup_teardown.py
[2024-12-01T08:58:15.200+0000] {processor.py:914} INFO - Processing file /home/airflow/.local/lib/python3.12/site-packages/airflow/example_dags/example_setup_teardown.py for tasks to queue
[2024-12-01T08:58:15.201+0000] {logging_mixin.py:190} INFO - [2024-12-01T08:58:15.201+0000] {dagbag.py:588} INFO - Filling up the DagBag from /home/airflow/.local/lib/python3.12/site-packages/airflow/example_dags/example_setup_teardown.py
[2024-12-01T08:58:15.205+0000] {processor.py:925} INFO - DAG(s) 'example_setup_teardown' retrieved from /home/airflow/.local/lib/python3.12/site-packages/airflow/example_dags/example_setup_teardown.py
[2024-12-01T08:58:15.221+0000] {logging_mixin.py:190} INFO - [2024-12-01T08:58:15.221+0000] {dag.py:3239} INFO - Sync 1 DAGs
[2024-12-01T08:58:15.229+0000] {logging_mixin.py:190} INFO - [2024-12-01T08:58:15.229+0000] {dag.py:4180} INFO - Setting next_dagrun for example_setup_teardown to None, run_after=None
[2024-12-01T08:58:15.244+0000] {processor.py:208} INFO - Processing /home/airflow/.local/lib/python3.12/site-packages/airflow/example_dags/example_setup_teardown.py took 0.056 seconds
[2024-12-01T08:58:46.002+0000] {processor.py:186} INFO - Started process (PID=960) to work on /home/airflow/.local/lib/python3.12/site-packages/airflow/example_dags/example_setup_teardown.py
[2024-12-01T08:58:46.003+0000] {processor.py:914} INFO - Processing file /home/airflow/.local/lib/python3.12/site-packages/airflow/example_dags/example_setup_teardown.py for tasks to queue
[2024-12-01T08:58:46.004+0000] {logging_mixin.py:190} INFO - [2024-12-01T08:58:46.004+0000] {dagbag.py:588} INFO - Filling up the DagBag from /home/airflow/.local/lib/python3.12/site-packages/airflow/example_dags/example_setup_teardown.py
[2024-12-01T08:58:46.008+0000] {processor.py:925} INFO - DAG(s) 'example_setup_teardown' retrieved from /home/airflow/.local/lib/python3.12/site-packages/airflow/example_dags/example_setup_teardown.py
[2024-12-01T08:58:46.020+0000] {logging_mixin.py:190} INFO - [2024-12-01T08:58:46.020+0000] {dag.py:3239} INFO - Sync 1 DAGs
[2024-12-01T08:58:46.031+0000] {logging_mixin.py:190} INFO - [2024-12-01T08:58:46.031+0000] {dag.py:4180} INFO - Setting next_dagrun for example_setup_teardown to None, run_after=None
[2024-12-01T08:58:46.044+0000] {processor.py:208} INFO - Processing /home/airflow/.local/lib/python3.12/site-packages/airflow/example_dags/example_setup_teardown.py took 0.045 seconds
[2024-12-01T08:59:16.848+0000] {processor.py:186} INFO - Started process (PID=1023) to work on /home/airflow/.local/lib/python3.12/site-packages/airflow/example_dags/example_setup_teardown.py
[2024-12-01T08:59:16.855+0000] {processor.py:914} INFO - Processing file /home/airflow/.local/lib/python3.12/site-packages/airflow/example_dags/example_setup_teardown.py for tasks to queue
[2024-12-01T08:59:16.857+0000] {logging_mixin.py:190} INFO - [2024-12-01T08:59:16.857+0000] {dagbag.py:588} INFO - Filling up the DagBag from /home/airflow/.local/lib/python3.12/site-packages/airflow/example_dags/example_setup_teardown.py
[2024-12-01T08:59:16.864+0000] {processor.py:925} INFO - DAG(s) 'example_setup_teardown' retrieved from /home/airflow/.local/lib/python3.12/site-packages/airflow/example_dags/example_setup_teardown.py
[2024-12-01T08:59:16.876+0000] {logging_mixin.py:190} INFO - [2024-12-01T08:59:16.876+0000] {dag.py:3239} INFO - Sync 1 DAGs
[2024-12-01T08:59:16.883+0000] {logging_mixin.py:190} INFO - [2024-12-01T08:59:16.883+0000] {dag.py:4180} INFO - Setting next_dagrun for example_setup_teardown to None, run_after=None
[2024-12-01T08:59:16.893+0000] {processor.py:208} INFO - Processing /home/airflow/.local/lib/python3.12/site-packages/airflow/example_dags/example_setup_teardown.py took 0.049 seconds
[2024-12-01T08:59:47.692+0000] {processor.py:186} INFO - Started process (PID=1086) to work on /home/airflow/.local/lib/python3.12/site-packages/airflow/example_dags/example_setup_teardown.py
[2024-12-01T08:59:47.701+0000] {processor.py:914} INFO - Processing file /home/airflow/.local/lib/python3.12/site-packages/airflow/example_dags/example_setup_teardown.py for tasks to queue
[2024-12-01T08:59:47.703+0000] {logging_mixin.py:190} INFO - [2024-12-01T08:59:47.703+0000] {dagbag.py:588} INFO - Filling up the DagBag from /home/airflow/.local/lib/python3.12/site-packages/airflow/example_dags/example_setup_teardown.py
[2024-12-01T08:59:47.710+0000] {processor.py:925} INFO - DAG(s) 'example_setup_teardown' retrieved from /home/airflow/.local/lib/python3.12/site-packages/airflow/example_dags/example_setup_teardown.py
[2024-12-01T08:59:47.723+0000] {logging_mixin.py:190} INFO - [2024-12-01T08:59:47.723+0000] {dag.py:3239} INFO - Sync 1 DAGs
[2024-12-01T08:59:47.730+0000] {logging_mixin.py:190} INFO - [2024-12-01T08:59:47.730+0000] {dag.py:4180} INFO - Setting next_dagrun for example_setup_teardown to None, run_after=None
[2024-12-01T08:59:47.740+0000] {processor.py:208} INFO - Processing /home/airflow/.local/lib/python3.12/site-packages/airflow/example_dags/example_setup_teardown.py took 0.052 seconds
[2024-12-01T09:00:18.533+0000] {processor.py:186} INFO - Started process (PID=1149) to work on /home/airflow/.local/lib/python3.12/site-packages/airflow/example_dags/example_setup_teardown.py
[2024-12-01T09:00:18.540+0000] {processor.py:914} INFO - Processing file /home/airflow/.local/lib/python3.12/site-packages/airflow/example_dags/example_setup_teardown.py for tasks to queue
[2024-12-01T09:00:18.543+0000] {logging_mixin.py:190} INFO - [2024-12-01T09:00:18.543+0000] {dagbag.py:588} INFO - Filling up the DagBag from /home/airflow/.local/lib/python3.12/site-packages/airflow/example_dags/example_setup_teardown.py
[2024-12-01T09:00:18.548+0000] {processor.py:925} INFO - DAG(s) 'example_setup_teardown' retrieved from /home/airflow/.local/lib/python3.12/site-packages/airflow/example_dags/example_setup_teardown.py
[2024-12-01T09:00:18.560+0000] {logging_mixin.py:190} INFO - [2024-12-01T09:00:18.560+0000] {dag.py:3239} INFO - Sync 1 DAGs
[2024-12-01T09:00:18.567+0000] {logging_mixin.py:190} INFO - [2024-12-01T09:00:18.567+0000] {dag.py:4180} INFO - Setting next_dagrun for example_setup_teardown to None, run_after=None
[2024-12-01T09:00:18.577+0000] {processor.py:208} INFO - Processing /home/airflow/.local/lib/python3.12/site-packages/airflow/example_dags/example_setup_teardown.py took 0.049 seconds
[2024-12-01T09:00:49.168+0000] {processor.py:186} INFO - Started process (PID=1212) to work on /home/airflow/.local/lib/python3.12/site-packages/airflow/example_dags/example_setup_teardown.py
[2024-12-01T09:00:49.170+0000] {processor.py:914} INFO - Processing file /home/airflow/.local/lib/python3.12/site-packages/airflow/example_dags/example_setup_teardown.py for tasks to queue
[2024-12-01T09:00:49.171+0000] {logging_mixin.py:190} INFO - [2024-12-01T09:00:49.171+0000] {dagbag.py:588} INFO - Filling up the DagBag from /home/airflow/.local/lib/python3.12/site-packages/airflow/example_dags/example_setup_teardown.py
[2024-12-01T09:00:49.175+0000] {processor.py:925} INFO - DAG(s) 'example_setup_teardown' retrieved from /home/airflow/.local/lib/python3.12/site-packages/airflow/example_dags/example_setup_teardown.py
[2024-12-01T09:00:49.191+0000] {logging_mixin.py:190} INFO - [2024-12-01T09:00:49.190+0000] {dag.py:3239} INFO - Sync 1 DAGs
[2024-12-01T09:00:49.199+0000] {logging_mixin.py:190} INFO - [2024-12-01T09:00:49.199+0000] {dag.py:4180} INFO - Setting next_dagrun for example_setup_teardown to None, run_after=None
[2024-12-01T09:00:49.213+0000] {processor.py:208} INFO - Processing /home/airflow/.local/lib/python3.12/site-packages/airflow/example_dags/example_setup_teardown.py took 0.048 seconds
[2024-12-01T09:01:19.460+0000] {processor.py:186} INFO - Started process (PID=1275) to work on /home/airflow/.local/lib/python3.12/site-packages/airflow/example_dags/example_setup_teardown.py
[2024-12-01T09:01:19.467+0000] {processor.py:914} INFO - Processing file /home/airflow/.local/lib/python3.12/site-packages/airflow/example_dags/example_setup_teardown.py for tasks to queue
[2024-12-01T09:01:19.469+0000] {logging_mixin.py:190} INFO - [2024-12-01T09:01:19.468+0000] {dagbag.py:588} INFO - Filling up the DagBag from /home/airflow/.local/lib/python3.12/site-packages/airflow/example_dags/example_setup_teardown.py
[2024-12-01T09:01:19.475+0000] {processor.py:925} INFO - DAG(s) 'example_setup_teardown' retrieved from /home/airflow/.local/lib/python3.12/site-packages/airflow/example_dags/example_setup_teardown.py
[2024-12-01T09:01:19.490+0000] {logging_mixin.py:190} INFO - [2024-12-01T09:01:19.490+0000] {dag.py:3239} INFO - Sync 1 DAGs
[2024-12-01T09:01:19.501+0000] {logging_mixin.py:190} INFO - [2024-12-01T09:01:19.501+0000] {dag.py:4180} INFO - Setting next_dagrun for example_setup_teardown to None, run_after=None
[2024-12-01T09:01:19.514+0000] {processor.py:208} INFO - Processing /home/airflow/.local/lib/python3.12/site-packages/airflow/example_dags/example_setup_teardown.py took 0.057 seconds
[2024-12-01T09:01:49.792+0000] {processor.py:186} INFO - Started process (PID=1339) to work on /home/airflow/.local/lib/python3.12/site-packages/airflow/example_dags/example_setup_teardown.py
[2024-12-01T09:01:49.792+0000] {processor.py:914} INFO - Processing file /home/airflow/.local/lib/python3.12/site-packages/airflow/example_dags/example_setup_teardown.py for tasks to queue
[2024-12-01T09:01:49.793+0000] {logging_mixin.py:190} INFO - [2024-12-01T09:01:49.793+0000] {dagbag.py:588} INFO - Filling up the DagBag from /home/airflow/.local/lib/python3.12/site-packages/airflow/example_dags/example_setup_teardown.py
[2024-12-01T09:01:49.798+0000] {processor.py:925} INFO - DAG(s) 'example_setup_teardown' retrieved from /home/airflow/.local/lib/python3.12/site-packages/airflow/example_dags/example_setup_teardown.py
[2024-12-01T09:01:49.813+0000] {logging_mixin.py:190} INFO - [2024-12-01T09:01:49.813+0000] {dag.py:3239} INFO - Sync 1 DAGs
[2024-12-01T09:01:49.823+0000] {logging_mixin.py:190} INFO - [2024-12-01T09:01:49.823+0000] {dag.py:4180} INFO - Setting next_dagrun for example_setup_teardown to None, run_after=None
[2024-12-01T09:01:49.841+0000] {processor.py:208} INFO - Processing /home/airflow/.local/lib/python3.12/site-packages/airflow/example_dags/example_setup_teardown.py took 0.054 seconds
[2024-12-01T09:02:19.932+0000] {processor.py:186} INFO - Started process (PID=1402) to work on /home/airflow/.local/lib/python3.12/site-packages/airflow/example_dags/example_setup_teardown.py
[2024-12-01T09:02:19.932+0000] {processor.py:914} INFO - Processing file /home/airflow/.local/lib/python3.12/site-packages/airflow/example_dags/example_setup_teardown.py for tasks to queue
[2024-12-01T09:02:19.934+0000] {logging_mixin.py:190} INFO - [2024-12-01T09:02:19.933+0000] {dagbag.py:588} INFO - Filling up the DagBag from /home/airflow/.local/lib/python3.12/site-packages/airflow/example_dags/example_setup_teardown.py
[2024-12-01T09:02:19.937+0000] {processor.py:925} INFO - DAG(s) 'example_setup_teardown' retrieved from /home/airflow/.local/lib/python3.12/site-packages/airflow/example_dags/example_setup_teardown.py
[2024-12-01T09:02:19.950+0000] {logging_mixin.py:190} INFO - [2024-12-01T09:02:19.950+0000] {dag.py:3239} INFO - Sync 1 DAGs
[2024-12-01T09:02:19.957+0000] {logging_mixin.py:190} INFO - [2024-12-01T09:02:19.957+0000] {dag.py:4180} INFO - Setting next_dagrun for example_setup_teardown to None, run_after=None
[2024-12-01T09:02:19.967+0000] {processor.py:208} INFO - Processing /home/airflow/.local/lib/python3.12/site-packages/airflow/example_dags/example_setup_teardown.py took 0.040 seconds
[2024-12-01T09:02:50.820+0000] {processor.py:186} INFO - Started process (PID=1465) to work on /home/airflow/.local/lib/python3.12/site-packages/airflow/example_dags/example_setup_teardown.py
[2024-12-01T09:02:50.826+0000] {processor.py:914} INFO - Processing file /home/airflow/.local/lib/python3.12/site-packages/airflow/example_dags/example_setup_teardown.py for tasks to queue
[2024-12-01T09:02:50.828+0000] {logging_mixin.py:190} INFO - [2024-12-01T09:02:50.828+0000] {dagbag.py:588} INFO - Filling up the DagBag from /home/airflow/.local/lib/python3.12/site-packages/airflow/example_dags/example_setup_teardown.py
[2024-12-01T09:02:50.835+0000] {processor.py:925} INFO - DAG(s) 'example_setup_teardown' retrieved from /home/airflow/.local/lib/python3.12/site-packages/airflow/example_dags/example_setup_teardown.py
[2024-12-01T09:02:50.854+0000] {logging_mixin.py:190} INFO - [2024-12-01T09:02:50.854+0000] {dag.py:3239} INFO - Sync 1 DAGs
[2024-12-01T09:02:50.865+0000] {logging_mixin.py:190} INFO - [2024-12-01T09:02:50.865+0000] {dag.py:4180} INFO - Setting next_dagrun for example_setup_teardown to None, run_after=None
[2024-12-01T09:02:50.880+0000] {processor.py:208} INFO - Processing /home/airflow/.local/lib/python3.12/site-packages/airflow/example_dags/example_setup_teardown.py took 0.065 seconds
[2024-12-01T09:03:21.408+0000] {processor.py:186} INFO - Started process (PID=1528) to work on /home/airflow/.local/lib/python3.12/site-packages/airflow/example_dags/example_setup_teardown.py
[2024-12-01T09:03:21.415+0000] {processor.py:914} INFO - Processing file /home/airflow/.local/lib/python3.12/site-packages/airflow/example_dags/example_setup_teardown.py for tasks to queue
[2024-12-01T09:03:21.418+0000] {logging_mixin.py:190} INFO - [2024-12-01T09:03:21.417+0000] {dagbag.py:588} INFO - Filling up the DagBag from /home/airflow/.local/lib/python3.12/site-packages/airflow/example_dags/example_setup_teardown.py
[2024-12-01T09:03:21.423+0000] {processor.py:925} INFO - DAG(s) 'example_setup_teardown' retrieved from /home/airflow/.local/lib/python3.12/site-packages/airflow/example_dags/example_setup_teardown.py
[2024-12-01T09:03:21.436+0000] {logging_mixin.py:190} INFO - [2024-12-01T09:03:21.435+0000] {dag.py:3239} INFO - Sync 1 DAGs
[2024-12-01T09:03:21.443+0000] {logging_mixin.py:190} INFO - [2024-12-01T09:03:21.443+0000] {dag.py:4180} INFO - Setting next_dagrun for example_setup_teardown to None, run_after=None
[2024-12-01T09:03:21.454+0000] {processor.py:208} INFO - Processing /home/airflow/.local/lib/python3.12/site-packages/airflow/example_dags/example_setup_teardown.py took 0.050 seconds
[2024-12-01T09:03:51.943+0000] {processor.py:186} INFO - Started process (PID=1591) to work on /home/airflow/.local/lib/python3.12/site-packages/airflow/example_dags/example_setup_teardown.py
[2024-12-01T09:03:51.949+0000] {processor.py:914} INFO - Processing file /home/airflow/.local/lib/python3.12/site-packages/airflow/example_dags/example_setup_teardown.py for tasks to queue
[2024-12-01T09:03:51.950+0000] {logging_mixin.py:190} INFO - [2024-12-01T09:03:51.950+0000] {dagbag.py:588} INFO - Filling up the DagBag from /home/airflow/.local/lib/python3.12/site-packages/airflow/example_dags/example_setup_teardown.py
[2024-12-01T09:03:51.956+0000] {processor.py:925} INFO - DAG(s) 'example_setup_teardown' retrieved from /home/airflow/.local/lib/python3.12/site-packages/airflow/example_dags/example_setup_teardown.py
[2024-12-01T09:03:51.970+0000] {logging_mixin.py:190} INFO - [2024-12-01T09:03:51.969+0000] {dag.py:3239} INFO - Sync 1 DAGs
[2024-12-01T09:03:51.980+0000] {logging_mixin.py:190} INFO - [2024-12-01T09:03:51.979+0000] {dag.py:4180} INFO - Setting next_dagrun for example_setup_teardown to None, run_after=None
[2024-12-01T09:03:51.992+0000] {processor.py:208} INFO - Processing /home/airflow/.local/lib/python3.12/site-packages/airflow/example_dags/example_setup_teardown.py took 0.052 seconds
[2024-12-01T09:04:22.016+0000] {processor.py:186} INFO - Started process (PID=1653) to work on /home/airflow/.local/lib/python3.12/site-packages/airflow/example_dags/example_setup_teardown.py
[2024-12-01T09:04:22.017+0000] {processor.py:914} INFO - Processing file /home/airflow/.local/lib/python3.12/site-packages/airflow/example_dags/example_setup_teardown.py for tasks to queue
[2024-12-01T09:04:22.018+0000] {logging_mixin.py:190} INFO - [2024-12-01T09:04:22.017+0000] {dagbag.py:588} INFO - Filling up the DagBag from /home/airflow/.local/lib/python3.12/site-packages/airflow/example_dags/example_setup_teardown.py
[2024-12-01T09:04:22.023+0000] {processor.py:925} INFO - DAG(s) 'example_setup_teardown' retrieved from /home/airflow/.local/lib/python3.12/site-packages/airflow/example_dags/example_setup_teardown.py
[2024-12-01T09:04:22.036+0000] {logging_mixin.py:190} INFO - [2024-12-01T09:04:22.036+0000] {dag.py:3239} INFO - Sync 1 DAGs
[2024-12-01T09:04:22.046+0000] {logging_mixin.py:190} INFO - [2024-12-01T09:04:22.046+0000] {dag.py:4180} INFO - Setting next_dagrun for example_setup_teardown to None, run_after=None
[2024-12-01T09:04:22.058+0000] {processor.py:208} INFO - Processing /home/airflow/.local/lib/python3.12/site-packages/airflow/example_dags/example_setup_teardown.py took 0.047 seconds
[2024-12-01T09:04:52.619+0000] {processor.py:186} INFO - Started process (PID=1717) to work on /home/airflow/.local/lib/python3.12/site-packages/airflow/example_dags/example_setup_teardown.py
[2024-12-01T09:04:52.619+0000] {processor.py:914} INFO - Processing file /home/airflow/.local/lib/python3.12/site-packages/airflow/example_dags/example_setup_teardown.py for tasks to queue
[2024-12-01T09:04:52.621+0000] {logging_mixin.py:190} INFO - [2024-12-01T09:04:52.621+0000] {dagbag.py:588} INFO - Filling up the DagBag from /home/airflow/.local/lib/python3.12/site-packages/airflow/example_dags/example_setup_teardown.py
[2024-12-01T09:04:52.627+0000] {processor.py:925} INFO - DAG(s) 'example_setup_teardown' retrieved from /home/airflow/.local/lib/python3.12/site-packages/airflow/example_dags/example_setup_teardown.py
[2024-12-01T09:04:52.642+0000] {logging_mixin.py:190} INFO - [2024-12-01T09:04:52.642+0000] {dag.py:3239} INFO - Sync 1 DAGs
[2024-12-01T09:04:52.650+0000] {logging_mixin.py:190} INFO - [2024-12-01T09:04:52.650+0000] {dag.py:4180} INFO - Setting next_dagrun for example_setup_teardown to None, run_after=None
[2024-12-01T09:04:52.662+0000] {processor.py:208} INFO - Processing /home/airflow/.local/lib/python3.12/site-packages/airflow/example_dags/example_setup_teardown.py took 0.048 seconds
[2024-12-01T09:05:23.374+0000] {processor.py:186} INFO - Started process (PID=1780) to work on /home/airflow/.local/lib/python3.12/site-packages/airflow/example_dags/example_setup_teardown.py
[2024-12-01T09:05:23.375+0000] {processor.py:914} INFO - Processing file /home/airflow/.local/lib/python3.12/site-packages/airflow/example_dags/example_setup_teardown.py for tasks to queue
[2024-12-01T09:05:23.376+0000] {logging_mixin.py:190} INFO - [2024-12-01T09:05:23.376+0000] {dagbag.py:588} INFO - Filling up the DagBag from /home/airflow/.local/lib/python3.12/site-packages/airflow/example_dags/example_setup_teardown.py
[2024-12-01T09:05:23.381+0000] {processor.py:925} INFO - DAG(s) 'example_setup_teardown' retrieved from /home/airflow/.local/lib/python3.12/site-packages/airflow/example_dags/example_setup_teardown.py
[2024-12-01T09:05:23.397+0000] {logging_mixin.py:190} INFO - [2024-12-01T09:05:23.397+0000] {dag.py:3239} INFO - Sync 1 DAGs
[2024-12-01T09:05:23.409+0000] {logging_mixin.py:190} INFO - [2024-12-01T09:05:23.409+0000] {dag.py:4180} INFO - Setting next_dagrun for example_setup_teardown to None, run_after=None
[2024-12-01T09:05:23.423+0000] {processor.py:208} INFO - Processing /home/airflow/.local/lib/python3.12/site-packages/airflow/example_dags/example_setup_teardown.py took 0.053 seconds
[2024-12-01T09:05:54.320+0000] {processor.py:186} INFO - Started process (PID=1843) to work on /home/airflow/.local/lib/python3.12/site-packages/airflow/example_dags/example_setup_teardown.py
[2024-12-01T09:05:54.321+0000] {processor.py:914} INFO - Processing file /home/airflow/.local/lib/python3.12/site-packages/airflow/example_dags/example_setup_teardown.py for tasks to queue
[2024-12-01T09:05:54.323+0000] {logging_mixin.py:190} INFO - [2024-12-01T09:05:54.323+0000] {dagbag.py:588} INFO - Filling up the DagBag from /home/airflow/.local/lib/python3.12/site-packages/airflow/example_dags/example_setup_teardown.py
[2024-12-01T09:05:54.331+0000] {processor.py:925} INFO - DAG(s) 'example_setup_teardown' retrieved from /home/airflow/.local/lib/python3.12/site-packages/airflow/example_dags/example_setup_teardown.py
[2024-12-01T09:05:54.350+0000] {logging_mixin.py:190} INFO - [2024-12-01T09:05:54.349+0000] {dag.py:3239} INFO - Sync 1 DAGs
[2024-12-01T09:05:54.361+0000] {logging_mixin.py:190} INFO - [2024-12-01T09:05:54.361+0000] {dag.py:4180} INFO - Setting next_dagrun for example_setup_teardown to None, run_after=None
[2024-12-01T09:05:54.376+0000] {processor.py:208} INFO - Processing /home/airflow/.local/lib/python3.12/site-packages/airflow/example_dags/example_setup_teardown.py took 0.060 seconds
[2024-12-01T09:06:25.394+0000] {processor.py:186} INFO - Started process (PID=1906) to work on /home/airflow/.local/lib/python3.12/site-packages/airflow/example_dags/example_setup_teardown.py
[2024-12-01T09:06:25.395+0000] {processor.py:914} INFO - Processing file /home/airflow/.local/lib/python3.12/site-packages/airflow/example_dags/example_setup_teardown.py for tasks to queue
[2024-12-01T09:06:25.396+0000] {logging_mixin.py:190} INFO - [2024-12-01T09:06:25.396+0000] {dagbag.py:588} INFO - Filling up the DagBag from /home/airflow/.local/lib/python3.12/site-packages/airflow/example_dags/example_setup_teardown.py
[2024-12-01T09:06:25.401+0000] {processor.py:925} INFO - DAG(s) 'example_setup_teardown' retrieved from /home/airflow/.local/lib/python3.12/site-packages/airflow/example_dags/example_setup_teardown.py
[2024-12-01T09:06:25.416+0000] {logging_mixin.py:190} INFO - [2024-12-01T09:06:25.416+0000] {dag.py:3239} INFO - Sync 1 DAGs
[2024-12-01T09:06:25.424+0000] {logging_mixin.py:190} INFO - [2024-12-01T09:06:25.424+0000] {dag.py:4180} INFO - Setting next_dagrun for example_setup_teardown to None, run_after=None
[2024-12-01T09:06:25.439+0000] {processor.py:208} INFO - Processing /home/airflow/.local/lib/python3.12/site-packages/airflow/example_dags/example_setup_teardown.py took 0.049 seconds
[2024-12-01T09:06:55.807+0000] {processor.py:186} INFO - Started process (PID=1969) to work on /home/airflow/.local/lib/python3.12/site-packages/airflow/example_dags/example_setup_teardown.py
[2024-12-01T09:06:55.807+0000] {processor.py:914} INFO - Processing file /home/airflow/.local/lib/python3.12/site-packages/airflow/example_dags/example_setup_teardown.py for tasks to queue
[2024-12-01T09:06:55.809+0000] {logging_mixin.py:190} INFO - [2024-12-01T09:06:55.808+0000] {dagbag.py:588} INFO - Filling up the DagBag from /home/airflow/.local/lib/python3.12/site-packages/airflow/example_dags/example_setup_teardown.py
[2024-12-01T09:06:55.815+0000] {processor.py:925} INFO - DAG(s) 'example_setup_teardown' retrieved from /home/airflow/.local/lib/python3.12/site-packages/airflow/example_dags/example_setup_teardown.py
[2024-12-01T09:06:55.838+0000] {logging_mixin.py:190} INFO - [2024-12-01T09:06:55.837+0000] {dag.py:3239} INFO - Sync 1 DAGs
[2024-12-01T09:06:55.849+0000] {logging_mixin.py:190} INFO - [2024-12-01T09:06:55.849+0000] {dag.py:4180} INFO - Setting next_dagrun for example_setup_teardown to None, run_after=None
[2024-12-01T09:06:55.866+0000] {processor.py:208} INFO - Processing /home/airflow/.local/lib/python3.12/site-packages/airflow/example_dags/example_setup_teardown.py took 0.064 seconds
[2024-12-01T09:07:26.220+0000] {processor.py:186} INFO - Started process (PID=2032) to work on /home/airflow/.local/lib/python3.12/site-packages/airflow/example_dags/example_setup_teardown.py
[2024-12-01T09:07:26.220+0000] {processor.py:914} INFO - Processing file /home/airflow/.local/lib/python3.12/site-packages/airflow/example_dags/example_setup_teardown.py for tasks to queue
[2024-12-01T09:07:26.222+0000] {logging_mixin.py:190} INFO - [2024-12-01T09:07:26.221+0000] {dagbag.py:588} INFO - Filling up the DagBag from /home/airflow/.local/lib/python3.12/site-packages/airflow/example_dags/example_setup_teardown.py
[2024-12-01T09:07:26.226+0000] {processor.py:925} INFO - DAG(s) 'example_setup_teardown' retrieved from /home/airflow/.local/lib/python3.12/site-packages/airflow/example_dags/example_setup_teardown.py
[2024-12-01T09:07:26.236+0000] {logging_mixin.py:190} INFO - [2024-12-01T09:07:26.236+0000] {dag.py:3239} INFO - Sync 1 DAGs
[2024-12-01T09:07:26.243+0000] {logging_mixin.py:190} INFO - [2024-12-01T09:07:26.243+0000] {dag.py:4180} INFO - Setting next_dagrun for example_setup_teardown to None, run_after=None
[2024-12-01T09:07:26.253+0000] {processor.py:208} INFO - Processing /home/airflow/.local/lib/python3.12/site-packages/airflow/example_dags/example_setup_teardown.py took 0.036 seconds
[2024-12-01T09:07:56.697+0000] {processor.py:186} INFO - Started process (PID=2095) to work on /home/airflow/.local/lib/python3.12/site-packages/airflow/example_dags/example_setup_teardown.py
[2024-12-01T09:07:56.697+0000] {processor.py:914} INFO - Processing file /home/airflow/.local/lib/python3.12/site-packages/airflow/example_dags/example_setup_teardown.py for tasks to queue
[2024-12-01T09:07:56.698+0000] {logging_mixin.py:190} INFO - [2024-12-01T09:07:56.698+0000] {dagbag.py:588} INFO - Filling up the DagBag from /home/airflow/.local/lib/python3.12/site-packages/airflow/example_dags/example_setup_teardown.py
[2024-12-01T09:07:56.704+0000] {processor.py:925} INFO - DAG(s) 'example_setup_teardown' retrieved from /home/airflow/.local/lib/python3.12/site-packages/airflow/example_dags/example_setup_teardown.py
[2024-12-01T09:07:56.719+0000] {logging_mixin.py:190} INFO - [2024-12-01T09:07:56.719+0000] {dag.py:3239} INFO - Sync 1 DAGs
[2024-12-01T09:07:56.730+0000] {logging_mixin.py:190} INFO - [2024-12-01T09:07:56.729+0000] {dag.py:4180} INFO - Setting next_dagrun for example_setup_teardown to None, run_after=None
[2024-12-01T09:07:56.742+0000] {processor.py:208} INFO - Processing /home/airflow/.local/lib/python3.12/site-packages/airflow/example_dags/example_setup_teardown.py took 0.050 seconds
[2024-12-01T09:08:27.402+0000] {processor.py:186} INFO - Started process (PID=2158) to work on /home/airflow/.local/lib/python3.12/site-packages/airflow/example_dags/example_setup_teardown.py
[2024-12-01T09:08:27.403+0000] {processor.py:914} INFO - Processing file /home/airflow/.local/lib/python3.12/site-packages/airflow/example_dags/example_setup_teardown.py for tasks to queue
[2024-12-01T09:08:27.404+0000] {logging_mixin.py:190} INFO - [2024-12-01T09:08:27.404+0000] {dagbag.py:588} INFO - Filling up the DagBag from /home/airflow/.local/lib/python3.12/site-packages/airflow/example_dags/example_setup_teardown.py
[2024-12-01T09:08:27.410+0000] {processor.py:925} INFO - DAG(s) 'example_setup_teardown' retrieved from /home/airflow/.local/lib/python3.12/site-packages/airflow/example_dags/example_setup_teardown.py
[2024-12-01T09:08:27.424+0000] {logging_mixin.py:190} INFO - [2024-12-01T09:08:27.424+0000] {dag.py:3239} INFO - Sync 1 DAGs
[2024-12-01T09:08:27.434+0000] {logging_mixin.py:190} INFO - [2024-12-01T09:08:27.433+0000] {dag.py:4180} INFO - Setting next_dagrun for example_setup_teardown to None, run_after=None
[2024-12-01T09:08:27.444+0000] {processor.py:208} INFO - Processing /home/airflow/.local/lib/python3.12/site-packages/airflow/example_dags/example_setup_teardown.py took 0.047 seconds
[2024-12-01T09:08:58.263+0000] {processor.py:186} INFO - Started process (PID=2221) to work on /home/airflow/.local/lib/python3.12/site-packages/airflow/example_dags/example_setup_teardown.py
[2024-12-01T09:08:58.264+0000] {processor.py:914} INFO - Processing file /home/airflow/.local/lib/python3.12/site-packages/airflow/example_dags/example_setup_teardown.py for tasks to queue
[2024-12-01T09:08:58.265+0000] {logging_mixin.py:190} INFO - [2024-12-01T09:08:58.265+0000] {dagbag.py:588} INFO - Filling up the DagBag from /home/airflow/.local/lib/python3.12/site-packages/airflow/example_dags/example_setup_teardown.py
[2024-12-01T09:08:58.270+0000] {processor.py:925} INFO - DAG(s) 'example_setup_teardown' retrieved from /home/airflow/.local/lib/python3.12/site-packages/airflow/example_dags/example_setup_teardown.py
[2024-12-01T09:08:58.287+0000] {logging_mixin.py:190} INFO - [2024-12-01T09:08:58.287+0000] {dag.py:3239} INFO - Sync 1 DAGs
[2024-12-01T09:08:58.297+0000] {logging_mixin.py:190} INFO - [2024-12-01T09:08:58.296+0000] {dag.py:4180} INFO - Setting next_dagrun for example_setup_teardown to None, run_after=None
[2024-12-01T09:08:58.311+0000] {processor.py:208} INFO - Processing /home/airflow/.local/lib/python3.12/site-packages/airflow/example_dags/example_setup_teardown.py took 0.051 seconds
[2024-12-01T09:09:28.634+0000] {processor.py:186} INFO - Started process (PID=2283) to work on /home/airflow/.local/lib/python3.12/site-packages/airflow/example_dags/example_setup_teardown.py
[2024-12-01T09:09:28.635+0000] {processor.py:914} INFO - Processing file /home/airflow/.local/lib/python3.12/site-packages/airflow/example_dags/example_setup_teardown.py for tasks to queue
[2024-12-01T09:09:28.636+0000] {logging_mixin.py:190} INFO - [2024-12-01T09:09:28.636+0000] {dagbag.py:588} INFO - Filling up the DagBag from /home/airflow/.local/lib/python3.12/site-packages/airflow/example_dags/example_setup_teardown.py
[2024-12-01T09:09:28.640+0000] {processor.py:925} INFO - DAG(s) 'example_setup_teardown' retrieved from /home/airflow/.local/lib/python3.12/site-packages/airflow/example_dags/example_setup_teardown.py
[2024-12-01T09:09:28.652+0000] {logging_mixin.py:190} INFO - [2024-12-01T09:09:28.652+0000] {dag.py:3239} INFO - Sync 1 DAGs
[2024-12-01T09:09:28.659+0000] {logging_mixin.py:190} INFO - [2024-12-01T09:09:28.659+0000] {dag.py:4180} INFO - Setting next_dagrun for example_setup_teardown to None, run_after=None
[2024-12-01T09:09:28.672+0000] {processor.py:208} INFO - Processing /home/airflow/.local/lib/python3.12/site-packages/airflow/example_dags/example_setup_teardown.py took 0.041 seconds
