[2024-12-01T08:51:40.675+0000] {processor.py:186} INFO - Started process (PID=91) to work on /home/airflow/.local/lib/python3.12/site-packages/airflow/example_dags/example_dag_decorator.py
[2024-12-01T08:51:40.675+0000] {processor.py:914} INFO - Processing file /home/airflow/.local/lib/python3.12/site-packages/airflow/example_dags/example_dag_decorator.py for tasks to queue
[2024-12-01T08:51:40.677+0000] {logging_mixin.py:190} INFO - [2024-12-01T08:51:40.677+0000] {dagbag.py:588} INFO - Filling up the DagBag from /home/airflow/.local/lib/python3.12/site-packages/airflow/example_dags/example_dag_decorator.py
[2024-12-01T08:51:40.684+0000] {processor.py:925} INFO - DAG(s) 'example_dag_decorator' retrieved from /home/airflow/.local/lib/python3.12/site-packages/airflow/example_dags/example_dag_decorator.py
[2024-12-01T08:51:40.769+0000] {logging_mixin.py:190} INFO - [2024-12-01T08:51:40.768+0000] {override.py:1911} INFO - Created Permission View: can edit on DAG:example_dag_decorator
[2024-12-01T08:51:40.774+0000] {logging_mixin.py:190} INFO - [2024-12-01T08:51:40.774+0000] {override.py:1911} INFO - Created Permission View: can read on DAG:example_dag_decorator
[2024-12-01T08:51:40.778+0000] {logging_mixin.py:190} INFO - [2024-12-01T08:51:40.778+0000] {override.py:1911} INFO - Created Permission View: can delete on DAG:example_dag_decorator
[2024-12-01T08:51:40.784+0000] {logging_mixin.py:190} INFO - [2024-12-01T08:51:40.783+0000] {override.py:1911} INFO - Created Permission View: can create on DAG Run:example_dag_decorator
[2024-12-01T08:51:40.788+0000] {logging_mixin.py:190} INFO - [2024-12-01T08:51:40.787+0000] {override.py:1911} INFO - Created Permission View: menu access on DAG Run:example_dag_decorator
[2024-12-01T08:51:40.791+0000] {logging_mixin.py:190} INFO - [2024-12-01T08:51:40.791+0000] {override.py:1911} INFO - Created Permission View: can read on DAG Run:example_dag_decorator
[2024-12-01T08:51:40.795+0000] {logging_mixin.py:190} INFO - [2024-12-01T08:51:40.795+0000] {override.py:1911} INFO - Created Permission View: can delete on DAG Run:example_dag_decorator
[2024-12-01T08:51:40.795+0000] {logging_mixin.py:190} INFO - [2024-12-01T08:51:40.795+0000] {dag.py:3239} INFO - Sync 1 DAGs
[2024-12-01T08:51:40.803+0000] {logging_mixin.py:190} INFO - [2024-12-01T08:51:40.802+0000] {dag.py:3262} INFO - Creating ORM DAG for example_dag_decorator
[2024-12-01T08:51:40.803+0000] {logging_mixin.py:190} INFO - [2024-12-01T08:51:40.803+0000] {dag.py:4180} INFO - Setting next_dagrun for example_dag_decorator to None, run_after=None
[2024-12-01T08:51:40.814+0000] {processor.py:208} INFO - Processing /home/airflow/.local/lib/python3.12/site-packages/airflow/example_dags/example_dag_decorator.py took 0.143 seconds
[2024-12-01T08:52:11.397+0000] {processor.py:186} INFO - Started process (PID=159) to work on /home/airflow/.local/lib/python3.12/site-packages/airflow/example_dags/example_dag_decorator.py
[2024-12-01T08:52:11.398+0000] {processor.py:914} INFO - Processing file /home/airflow/.local/lib/python3.12/site-packages/airflow/example_dags/example_dag_decorator.py for tasks to queue
[2024-12-01T08:52:11.399+0000] {logging_mixin.py:190} INFO - [2024-12-01T08:52:11.399+0000] {dagbag.py:588} INFO - Filling up the DagBag from /home/airflow/.local/lib/python3.12/site-packages/airflow/example_dags/example_dag_decorator.py
[2024-12-01T08:52:11.408+0000] {processor.py:925} INFO - DAG(s) 'example_dag_decorator' retrieved from /home/airflow/.local/lib/python3.12/site-packages/airflow/example_dags/example_dag_decorator.py
[2024-12-01T08:52:11.426+0000] {logging_mixin.py:190} INFO - [2024-12-01T08:52:11.425+0000] {dag.py:3239} INFO - Sync 1 DAGs
[2024-12-01T08:52:11.436+0000] {logging_mixin.py:190} INFO - [2024-12-01T08:52:11.436+0000] {dag.py:4180} INFO - Setting next_dagrun for example_dag_decorator to None, run_after=None
[2024-12-01T08:52:11.448+0000] {processor.py:208} INFO - Processing /home/airflow/.local/lib/python3.12/site-packages/airflow/example_dags/example_dag_decorator.py took 0.055 seconds
[2024-12-01T08:52:41.958+0000] {processor.py:186} INFO - Started process (PID=222) to work on /home/airflow/.local/lib/python3.12/site-packages/airflow/example_dags/example_dag_decorator.py
[2024-12-01T08:52:41.959+0000] {processor.py:914} INFO - Processing file /home/airflow/.local/lib/python3.12/site-packages/airflow/example_dags/example_dag_decorator.py for tasks to queue
[2024-12-01T08:52:41.960+0000] {logging_mixin.py:190} INFO - [2024-12-01T08:52:41.960+0000] {dagbag.py:588} INFO - Filling up the DagBag from /home/airflow/.local/lib/python3.12/site-packages/airflow/example_dags/example_dag_decorator.py
[2024-12-01T08:52:41.966+0000] {processor.py:925} INFO - DAG(s) 'example_dag_decorator' retrieved from /home/airflow/.local/lib/python3.12/site-packages/airflow/example_dags/example_dag_decorator.py
[2024-12-01T08:52:41.986+0000] {logging_mixin.py:190} INFO - [2024-12-01T08:52:41.986+0000] {dag.py:3239} INFO - Sync 1 DAGs
[2024-12-01T08:52:41.999+0000] {logging_mixin.py:190} INFO - [2024-12-01T08:52:41.999+0000] {dag.py:4180} INFO - Setting next_dagrun for example_dag_decorator to None, run_after=None
[2024-12-01T08:52:42.014+0000] {processor.py:208} INFO - Processing /home/airflow/.local/lib/python3.12/site-packages/airflow/example_dags/example_dag_decorator.py took 0.059 seconds
[2024-12-01T08:53:12.445+0000] {processor.py:186} INFO - Started process (PID=284) to work on /home/airflow/.local/lib/python3.12/site-packages/airflow/example_dags/example_dag_decorator.py
[2024-12-01T08:53:12.446+0000] {processor.py:914} INFO - Processing file /home/airflow/.local/lib/python3.12/site-packages/airflow/example_dags/example_dag_decorator.py for tasks to queue
[2024-12-01T08:53:12.447+0000] {logging_mixin.py:190} INFO - [2024-12-01T08:53:12.447+0000] {dagbag.py:588} INFO - Filling up the DagBag from /home/airflow/.local/lib/python3.12/site-packages/airflow/example_dags/example_dag_decorator.py
[2024-12-01T08:53:12.453+0000] {processor.py:925} INFO - DAG(s) 'example_dag_decorator' retrieved from /home/airflow/.local/lib/python3.12/site-packages/airflow/example_dags/example_dag_decorator.py
[2024-12-01T08:53:12.465+0000] {logging_mixin.py:190} INFO - [2024-12-01T08:53:12.465+0000] {dag.py:3239} INFO - Sync 1 DAGs
[2024-12-01T08:53:12.472+0000] {logging_mixin.py:190} INFO - [2024-12-01T08:53:12.472+0000] {dag.py:4180} INFO - Setting next_dagrun for example_dag_decorator to None, run_after=None
[2024-12-01T08:53:12.484+0000] {processor.py:208} INFO - Processing /home/airflow/.local/lib/python3.12/site-packages/airflow/example_dags/example_dag_decorator.py took 0.042 seconds
[2024-12-01T08:53:42.635+0000] {processor.py:186} INFO - Started process (PID=347) to work on /home/airflow/.local/lib/python3.12/site-packages/airflow/example_dags/example_dag_decorator.py
[2024-12-01T08:53:42.636+0000] {processor.py:914} INFO - Processing file /home/airflow/.local/lib/python3.12/site-packages/airflow/example_dags/example_dag_decorator.py for tasks to queue
[2024-12-01T08:53:42.637+0000] {logging_mixin.py:190} INFO - [2024-12-01T08:53:42.637+0000] {dagbag.py:588} INFO - Filling up the DagBag from /home/airflow/.local/lib/python3.12/site-packages/airflow/example_dags/example_dag_decorator.py
[2024-12-01T08:53:42.643+0000] {processor.py:925} INFO - DAG(s) 'example_dag_decorator' retrieved from /home/airflow/.local/lib/python3.12/site-packages/airflow/example_dags/example_dag_decorator.py
[2024-12-01T08:53:42.721+0000] {logging_mixin.py:190} INFO - [2024-12-01T08:53:42.720+0000] {dag.py:3239} INFO - Sync 1 DAGs
[2024-12-01T08:53:42.730+0000] {logging_mixin.py:190} INFO - [2024-12-01T08:53:42.730+0000] {dag.py:4180} INFO - Setting next_dagrun for example_dag_decorator to None, run_after=None
[2024-12-01T08:53:42.740+0000] {processor.py:208} INFO - Processing /home/airflow/.local/lib/python3.12/site-packages/airflow/example_dags/example_dag_decorator.py took 0.107 seconds
[2024-12-01T08:54:12.867+0000] {processor.py:186} INFO - Started process (PID=410) to work on /home/airflow/.local/lib/python3.12/site-packages/airflow/example_dags/example_dag_decorator.py
[2024-12-01T08:54:12.867+0000] {processor.py:914} INFO - Processing file /home/airflow/.local/lib/python3.12/site-packages/airflow/example_dags/example_dag_decorator.py for tasks to queue
[2024-12-01T08:54:12.868+0000] {logging_mixin.py:190} INFO - [2024-12-01T08:54:12.868+0000] {dagbag.py:588} INFO - Filling up the DagBag from /home/airflow/.local/lib/python3.12/site-packages/airflow/example_dags/example_dag_decorator.py
[2024-12-01T08:54:12.875+0000] {processor.py:925} INFO - DAG(s) 'example_dag_decorator' retrieved from /home/airflow/.local/lib/python3.12/site-packages/airflow/example_dags/example_dag_decorator.py
[2024-12-01T08:54:12.942+0000] {logging_mixin.py:190} INFO - [2024-12-01T08:54:12.941+0000] {dag.py:3239} INFO - Sync 1 DAGs
[2024-12-01T08:54:12.952+0000] {logging_mixin.py:190} INFO - [2024-12-01T08:54:12.952+0000] {dag.py:4180} INFO - Setting next_dagrun for example_dag_decorator to None, run_after=None
[2024-12-01T08:54:12.965+0000] {processor.py:208} INFO - Processing /home/airflow/.local/lib/python3.12/site-packages/airflow/example_dags/example_dag_decorator.py took 0.103 seconds
[2024-12-01T08:54:43.078+0000] {processor.py:186} INFO - Started process (PID=474) to work on /home/airflow/.local/lib/python3.12/site-packages/airflow/example_dags/example_dag_decorator.py
[2024-12-01T08:54:43.079+0000] {processor.py:914} INFO - Processing file /home/airflow/.local/lib/python3.12/site-packages/airflow/example_dags/example_dag_decorator.py for tasks to queue
[2024-12-01T08:54:43.080+0000] {logging_mixin.py:190} INFO - [2024-12-01T08:54:43.080+0000] {dagbag.py:588} INFO - Filling up the DagBag from /home/airflow/.local/lib/python3.12/site-packages/airflow/example_dags/example_dag_decorator.py
[2024-12-01T08:54:43.088+0000] {processor.py:925} INFO - DAG(s) 'example_dag_decorator' retrieved from /home/airflow/.local/lib/python3.12/site-packages/airflow/example_dags/example_dag_decorator.py
[2024-12-01T08:54:43.163+0000] {logging_mixin.py:190} INFO - [2024-12-01T08:54:43.163+0000] {dag.py:3239} INFO - Sync 1 DAGs
[2024-12-01T08:54:43.171+0000] {logging_mixin.py:190} INFO - [2024-12-01T08:54:43.171+0000] {dag.py:4180} INFO - Setting next_dagrun for example_dag_decorator to None, run_after=None
[2024-12-01T08:54:43.184+0000] {processor.py:208} INFO - Processing /home/airflow/.local/lib/python3.12/site-packages/airflow/example_dags/example_dag_decorator.py took 0.110 seconds
[2024-12-01T08:55:14.127+0000] {processor.py:186} INFO - Started process (PID=537) to work on /home/airflow/.local/lib/python3.12/site-packages/airflow/example_dags/example_dag_decorator.py
[2024-12-01T08:55:14.128+0000] {processor.py:914} INFO - Processing file /home/airflow/.local/lib/python3.12/site-packages/airflow/example_dags/example_dag_decorator.py for tasks to queue
[2024-12-01T08:55:14.129+0000] {logging_mixin.py:190} INFO - [2024-12-01T08:55:14.129+0000] {dagbag.py:588} INFO - Filling up the DagBag from /home/airflow/.local/lib/python3.12/site-packages/airflow/example_dags/example_dag_decorator.py
[2024-12-01T08:55:14.138+0000] {processor.py:925} INFO - DAG(s) 'example_dag_decorator' retrieved from /home/airflow/.local/lib/python3.12/site-packages/airflow/example_dags/example_dag_decorator.py
[2024-12-01T08:55:14.197+0000] {logging_mixin.py:190} INFO - [2024-12-01T08:55:14.197+0000] {dag.py:3239} INFO - Sync 1 DAGs
[2024-12-01T08:55:14.203+0000] {logging_mixin.py:190} INFO - [2024-12-01T08:55:14.203+0000] {dag.py:4180} INFO - Setting next_dagrun for example_dag_decorator to None, run_after=None
[2024-12-01T08:55:14.215+0000] {processor.py:208} INFO - Processing /home/airflow/.local/lib/python3.12/site-packages/airflow/example_dags/example_dag_decorator.py took 0.091 seconds
[2024-12-01T08:55:44.481+0000] {processor.py:186} INFO - Started process (PID=599) to work on /home/airflow/.local/lib/python3.12/site-packages/airflow/example_dags/example_dag_decorator.py
[2024-12-01T08:55:44.491+0000] {processor.py:914} INFO - Processing file /home/airflow/.local/lib/python3.12/site-packages/airflow/example_dags/example_dag_decorator.py for tasks to queue
[2024-12-01T08:55:44.494+0000] {logging_mixin.py:190} INFO - [2024-12-01T08:55:44.494+0000] {dagbag.py:588} INFO - Filling up the DagBag from /home/airflow/.local/lib/python3.12/site-packages/airflow/example_dags/example_dag_decorator.py
[2024-12-01T08:55:44.503+0000] {processor.py:925} INFO - DAG(s) 'example_dag_decorator' retrieved from /home/airflow/.local/lib/python3.12/site-packages/airflow/example_dags/example_dag_decorator.py
[2024-12-01T08:55:44.566+0000] {logging_mixin.py:190} INFO - [2024-12-01T08:55:44.566+0000] {dag.py:3239} INFO - Sync 1 DAGs
[2024-12-01T08:55:44.572+0000] {logging_mixin.py:190} INFO - [2024-12-01T08:55:44.572+0000] {dag.py:4180} INFO - Setting next_dagrun for example_dag_decorator to None, run_after=None
[2024-12-01T08:55:44.583+0000] {processor.py:208} INFO - Processing /home/airflow/.local/lib/python3.12/site-packages/airflow/example_dags/example_dag_decorator.py took 0.107 seconds
[2024-12-01T08:56:14.695+0000] {processor.py:186} INFO - Started process (PID=662) to work on /home/airflow/.local/lib/python3.12/site-packages/airflow/example_dags/example_dag_decorator.py
[2024-12-01T08:56:14.696+0000] {processor.py:914} INFO - Processing file /home/airflow/.local/lib/python3.12/site-packages/airflow/example_dags/example_dag_decorator.py for tasks to queue
[2024-12-01T08:56:14.697+0000] {logging_mixin.py:190} INFO - [2024-12-01T08:56:14.697+0000] {dagbag.py:588} INFO - Filling up the DagBag from /home/airflow/.local/lib/python3.12/site-packages/airflow/example_dags/example_dag_decorator.py
[2024-12-01T08:56:14.704+0000] {processor.py:925} INFO - DAG(s) 'example_dag_decorator' retrieved from /home/airflow/.local/lib/python3.12/site-packages/airflow/example_dags/example_dag_decorator.py
[2024-12-01T08:56:14.774+0000] {logging_mixin.py:190} INFO - [2024-12-01T08:56:14.773+0000] {dag.py:3239} INFO - Sync 1 DAGs
[2024-12-01T08:56:14.783+0000] {logging_mixin.py:190} INFO - [2024-12-01T08:56:14.783+0000] {dag.py:4180} INFO - Setting next_dagrun for example_dag_decorator to None, run_after=None
[2024-12-01T08:56:14.796+0000] {processor.py:208} INFO - Processing /home/airflow/.local/lib/python3.12/site-packages/airflow/example_dags/example_dag_decorator.py took 0.104 seconds
[2024-12-01T08:56:45.430+0000] {processor.py:186} INFO - Started process (PID=725) to work on /home/airflow/.local/lib/python3.12/site-packages/airflow/example_dags/example_dag_decorator.py
[2024-12-01T08:56:45.440+0000] {processor.py:914} INFO - Processing file /home/airflow/.local/lib/python3.12/site-packages/airflow/example_dags/example_dag_decorator.py for tasks to queue
[2024-12-01T08:56:45.442+0000] {logging_mixin.py:190} INFO - [2024-12-01T08:56:45.441+0000] {dagbag.py:588} INFO - Filling up the DagBag from /home/airflow/.local/lib/python3.12/site-packages/airflow/example_dags/example_dag_decorator.py
[2024-12-01T08:56:45.448+0000] {processor.py:925} INFO - DAG(s) 'example_dag_decorator' retrieved from /home/airflow/.local/lib/python3.12/site-packages/airflow/example_dags/example_dag_decorator.py
[2024-12-01T08:56:45.464+0000] {logging_mixin.py:190} INFO - [2024-12-01T08:56:45.464+0000] {dag.py:3239} INFO - Sync 1 DAGs
[2024-12-01T08:56:45.472+0000] {logging_mixin.py:190} INFO - [2024-12-01T08:56:45.471+0000] {dag.py:4180} INFO - Setting next_dagrun for example_dag_decorator to None, run_after=None
[2024-12-01T08:56:45.483+0000] {processor.py:208} INFO - Processing /home/airflow/.local/lib/python3.12/site-packages/airflow/example_dags/example_dag_decorator.py took 0.056 seconds
[2024-12-01T08:57:16.218+0000] {processor.py:186} INFO - Started process (PID=788) to work on /home/airflow/.local/lib/python3.12/site-packages/airflow/example_dags/example_dag_decorator.py
[2024-12-01T08:57:16.228+0000] {processor.py:914} INFO - Processing file /home/airflow/.local/lib/python3.12/site-packages/airflow/example_dags/example_dag_decorator.py for tasks to queue
[2024-12-01T08:57:16.230+0000] {logging_mixin.py:190} INFO - [2024-12-01T08:57:16.230+0000] {dagbag.py:588} INFO - Filling up the DagBag from /home/airflow/.local/lib/python3.12/site-packages/airflow/example_dags/example_dag_decorator.py
[2024-12-01T08:57:16.238+0000] {processor.py:925} INFO - DAG(s) 'example_dag_decorator' retrieved from /home/airflow/.local/lib/python3.12/site-packages/airflow/example_dags/example_dag_decorator.py
[2024-12-01T08:57:16.254+0000] {logging_mixin.py:190} INFO - [2024-12-01T08:57:16.254+0000] {dag.py:3239} INFO - Sync 1 DAGs
[2024-12-01T08:57:16.265+0000] {logging_mixin.py:190} INFO - [2024-12-01T08:57:16.264+0000] {dag.py:4180} INFO - Setting next_dagrun for example_dag_decorator to None, run_after=None
[2024-12-01T08:57:16.277+0000] {processor.py:208} INFO - Processing /home/airflow/.local/lib/python3.12/site-packages/airflow/example_dags/example_dag_decorator.py took 0.063 seconds
[2024-12-01T08:57:46.970+0000] {processor.py:186} INFO - Started process (PID=851) to work on /home/airflow/.local/lib/python3.12/site-packages/airflow/example_dags/example_dag_decorator.py
[2024-12-01T08:57:46.980+0000] {processor.py:914} INFO - Processing file /home/airflow/.local/lib/python3.12/site-packages/airflow/example_dags/example_dag_decorator.py for tasks to queue
[2024-12-01T08:57:46.983+0000] {logging_mixin.py:190} INFO - [2024-12-01T08:57:46.983+0000] {dagbag.py:588} INFO - Filling up the DagBag from /home/airflow/.local/lib/python3.12/site-packages/airflow/example_dags/example_dag_decorator.py
[2024-12-01T08:57:46.991+0000] {processor.py:925} INFO - DAG(s) 'example_dag_decorator' retrieved from /home/airflow/.local/lib/python3.12/site-packages/airflow/example_dags/example_dag_decorator.py
[2024-12-01T08:57:47.004+0000] {logging_mixin.py:190} INFO - [2024-12-01T08:57:47.004+0000] {dag.py:3239} INFO - Sync 1 DAGs
[2024-12-01T08:57:47.013+0000] {logging_mixin.py:190} INFO - [2024-12-01T08:57:47.013+0000] {dag.py:4180} INFO - Setting next_dagrun for example_dag_decorator to None, run_after=None
[2024-12-01T08:57:47.026+0000] {processor.py:208} INFO - Processing /home/airflow/.local/lib/python3.12/site-packages/airflow/example_dags/example_dag_decorator.py took 0.061 seconds
[2024-12-01T08:58:17.841+0000] {processor.py:186} INFO - Started process (PID=914) to work on /home/airflow/.local/lib/python3.12/site-packages/airflow/example_dags/example_dag_decorator.py
[2024-12-01T08:58:17.851+0000] {processor.py:914} INFO - Processing file /home/airflow/.local/lib/python3.12/site-packages/airflow/example_dags/example_dag_decorator.py for tasks to queue
[2024-12-01T08:58:17.853+0000] {logging_mixin.py:190} INFO - [2024-12-01T08:58:17.853+0000] {dagbag.py:588} INFO - Filling up the DagBag from /home/airflow/.local/lib/python3.12/site-packages/airflow/example_dags/example_dag_decorator.py
[2024-12-01T08:58:17.859+0000] {processor.py:925} INFO - DAG(s) 'example_dag_decorator' retrieved from /home/airflow/.local/lib/python3.12/site-packages/airflow/example_dags/example_dag_decorator.py
[2024-12-01T08:58:17.917+0000] {logging_mixin.py:190} INFO - [2024-12-01T08:58:17.917+0000] {dag.py:3239} INFO - Sync 1 DAGs
[2024-12-01T08:58:17.927+0000] {logging_mixin.py:190} INFO - [2024-12-01T08:58:17.927+0000] {dag.py:4180} INFO - Setting next_dagrun for example_dag_decorator to None, run_after=None
[2024-12-01T08:58:17.940+0000] {processor.py:208} INFO - Processing /home/airflow/.local/lib/python3.12/site-packages/airflow/example_dags/example_dag_decorator.py took 0.103 seconds
[2024-12-01T08:58:48.654+0000] {processor.py:186} INFO - Started process (PID=977) to work on /home/airflow/.local/lib/python3.12/site-packages/airflow/example_dags/example_dag_decorator.py
[2024-12-01T08:58:48.664+0000] {processor.py:914} INFO - Processing file /home/airflow/.local/lib/python3.12/site-packages/airflow/example_dags/example_dag_decorator.py for tasks to queue
[2024-12-01T08:58:48.666+0000] {logging_mixin.py:190} INFO - [2024-12-01T08:58:48.666+0000] {dagbag.py:588} INFO - Filling up the DagBag from /home/airflow/.local/lib/python3.12/site-packages/airflow/example_dags/example_dag_decorator.py
[2024-12-01T08:58:48.674+0000] {processor.py:925} INFO - DAG(s) 'example_dag_decorator' retrieved from /home/airflow/.local/lib/python3.12/site-packages/airflow/example_dags/example_dag_decorator.py
[2024-12-01T08:58:48.734+0000] {logging_mixin.py:190} INFO - [2024-12-01T08:58:48.734+0000] {dag.py:3239} INFO - Sync 1 DAGs
[2024-12-01T08:58:48.741+0000] {logging_mixin.py:190} INFO - [2024-12-01T08:58:48.741+0000] {dag.py:4180} INFO - Setting next_dagrun for example_dag_decorator to None, run_after=None
[2024-12-01T08:58:48.751+0000] {processor.py:208} INFO - Processing /home/airflow/.local/lib/python3.12/site-packages/airflow/example_dags/example_dag_decorator.py took 0.101 seconds
[2024-12-01T08:59:19.420+0000] {processor.py:186} INFO - Started process (PID=1040) to work on /home/airflow/.local/lib/python3.12/site-packages/airflow/example_dags/example_dag_decorator.py
[2024-12-01T08:59:19.430+0000] {processor.py:914} INFO - Processing file /home/airflow/.local/lib/python3.12/site-packages/airflow/example_dags/example_dag_decorator.py for tasks to queue
[2024-12-01T08:59:19.432+0000] {logging_mixin.py:190} INFO - [2024-12-01T08:59:19.431+0000] {dagbag.py:588} INFO - Filling up the DagBag from /home/airflow/.local/lib/python3.12/site-packages/airflow/example_dags/example_dag_decorator.py
[2024-12-01T08:59:19.439+0000] {processor.py:925} INFO - DAG(s) 'example_dag_decorator' retrieved from /home/airflow/.local/lib/python3.12/site-packages/airflow/example_dags/example_dag_decorator.py
[2024-12-01T08:59:19.521+0000] {logging_mixin.py:190} INFO - [2024-12-01T08:59:19.521+0000] {dag.py:3239} INFO - Sync 1 DAGs
[2024-12-01T08:59:19.531+0000] {logging_mixin.py:190} INFO - [2024-12-01T08:59:19.530+0000] {dag.py:4180} INFO - Setting next_dagrun for example_dag_decorator to None, run_after=None
[2024-12-01T08:59:19.546+0000] {processor.py:208} INFO - Processing /home/airflow/.local/lib/python3.12/site-packages/airflow/example_dags/example_dag_decorator.py took 0.130 seconds
[2024-12-01T08:59:50.279+0000] {processor.py:186} INFO - Started process (PID=1103) to work on /home/airflow/.local/lib/python3.12/site-packages/airflow/example_dags/example_dag_decorator.py
[2024-12-01T08:59:50.289+0000] {processor.py:914} INFO - Processing file /home/airflow/.local/lib/python3.12/site-packages/airflow/example_dags/example_dag_decorator.py for tasks to queue
[2024-12-01T08:59:50.291+0000] {logging_mixin.py:190} INFO - [2024-12-01T08:59:50.291+0000] {dagbag.py:588} INFO - Filling up the DagBag from /home/airflow/.local/lib/python3.12/site-packages/airflow/example_dags/example_dag_decorator.py
[2024-12-01T08:59:50.297+0000] {processor.py:925} INFO - DAG(s) 'example_dag_decorator' retrieved from /home/airflow/.local/lib/python3.12/site-packages/airflow/example_dags/example_dag_decorator.py
[2024-12-01T08:59:50.365+0000] {logging_mixin.py:190} INFO - [2024-12-01T08:59:50.365+0000] {dag.py:3239} INFO - Sync 1 DAGs
[2024-12-01T08:59:50.375+0000] {logging_mixin.py:190} INFO - [2024-12-01T08:59:50.375+0000] {dag.py:4180} INFO - Setting next_dagrun for example_dag_decorator to None, run_after=None
[2024-12-01T08:59:50.388+0000] {processor.py:208} INFO - Processing /home/airflow/.local/lib/python3.12/site-packages/airflow/example_dags/example_dag_decorator.py took 0.113 seconds
[2024-12-01T09:00:21.144+0000] {processor.py:186} INFO - Started process (PID=1166) to work on /home/airflow/.local/lib/python3.12/site-packages/airflow/example_dags/example_dag_decorator.py
[2024-12-01T09:00:21.154+0000] {processor.py:914} INFO - Processing file /home/airflow/.local/lib/python3.12/site-packages/airflow/example_dags/example_dag_decorator.py for tasks to queue
[2024-12-01T09:00:21.156+0000] {logging_mixin.py:190} INFO - [2024-12-01T09:00:21.156+0000] {dagbag.py:588} INFO - Filling up the DagBag from /home/airflow/.local/lib/python3.12/site-packages/airflow/example_dags/example_dag_decorator.py
[2024-12-01T09:00:21.163+0000] {processor.py:925} INFO - DAG(s) 'example_dag_decorator' retrieved from /home/airflow/.local/lib/python3.12/site-packages/airflow/example_dags/example_dag_decorator.py
[2024-12-01T09:00:21.220+0000] {logging_mixin.py:190} INFO - [2024-12-01T09:00:21.220+0000] {dag.py:3239} INFO - Sync 1 DAGs
[2024-12-01T09:00:21.226+0000] {logging_mixin.py:190} INFO - [2024-12-01T09:00:21.226+0000] {dag.py:4180} INFO - Setting next_dagrun for example_dag_decorator to None, run_after=None
[2024-12-01T09:00:21.236+0000] {processor.py:208} INFO - Processing /home/airflow/.local/lib/python3.12/site-packages/airflow/example_dags/example_dag_decorator.py took 0.095 seconds
[2024-12-01T09:00:51.799+0000] {processor.py:186} INFO - Started process (PID=1229) to work on /home/airflow/.local/lib/python3.12/site-packages/airflow/example_dags/example_dag_decorator.py
[2024-12-01T09:00:51.809+0000] {processor.py:914} INFO - Processing file /home/airflow/.local/lib/python3.12/site-packages/airflow/example_dags/example_dag_decorator.py for tasks to queue
[2024-12-01T09:00:51.810+0000] {logging_mixin.py:190} INFO - [2024-12-01T09:00:51.810+0000] {dagbag.py:588} INFO - Filling up the DagBag from /home/airflow/.local/lib/python3.12/site-packages/airflow/example_dags/example_dag_decorator.py
[2024-12-01T09:00:51.817+0000] {processor.py:925} INFO - DAG(s) 'example_dag_decorator' retrieved from /home/airflow/.local/lib/python3.12/site-packages/airflow/example_dags/example_dag_decorator.py
[2024-12-01T09:00:51.882+0000] {logging_mixin.py:190} INFO - [2024-12-01T09:00:51.882+0000] {dag.py:3239} INFO - Sync 1 DAGs
[2024-12-01T09:00:51.889+0000] {logging_mixin.py:190} INFO - [2024-12-01T09:00:51.889+0000] {dag.py:4180} INFO - Setting next_dagrun for example_dag_decorator to None, run_after=None
[2024-12-01T09:00:51.901+0000] {processor.py:208} INFO - Processing /home/airflow/.local/lib/python3.12/site-packages/airflow/example_dags/example_dag_decorator.py took 0.108 seconds
[2024-12-01T09:01:22.083+0000] {processor.py:186} INFO - Started process (PID=1292) to work on /home/airflow/.local/lib/python3.12/site-packages/airflow/example_dags/example_dag_decorator.py
[2024-12-01T09:01:22.093+0000] {processor.py:914} INFO - Processing file /home/airflow/.local/lib/python3.12/site-packages/airflow/example_dags/example_dag_decorator.py for tasks to queue
[2024-12-01T09:01:22.094+0000] {logging_mixin.py:190} INFO - [2024-12-01T09:01:22.094+0000] {dagbag.py:588} INFO - Filling up the DagBag from /home/airflow/.local/lib/python3.12/site-packages/airflow/example_dags/example_dag_decorator.py
[2024-12-01T09:01:22.100+0000] {processor.py:925} INFO - DAG(s) 'example_dag_decorator' retrieved from /home/airflow/.local/lib/python3.12/site-packages/airflow/example_dags/example_dag_decorator.py
[2024-12-01T09:01:22.158+0000] {logging_mixin.py:190} INFO - [2024-12-01T09:01:22.157+0000] {dag.py:3239} INFO - Sync 1 DAGs
[2024-12-01T09:01:22.164+0000] {logging_mixin.py:190} INFO - [2024-12-01T09:01:22.164+0000] {dag.py:4180} INFO - Setting next_dagrun for example_dag_decorator to None, run_after=None
[2024-12-01T09:01:22.173+0000] {processor.py:208} INFO - Processing /home/airflow/.local/lib/python3.12/site-packages/airflow/example_dags/example_dag_decorator.py took 0.094 seconds
[2024-12-01T09:01:52.504+0000] {processor.py:186} INFO - Started process (PID=1356) to work on /home/airflow/.local/lib/python3.12/site-packages/airflow/example_dags/example_dag_decorator.py
[2024-12-01T09:01:52.504+0000] {processor.py:914} INFO - Processing file /home/airflow/.local/lib/python3.12/site-packages/airflow/example_dags/example_dag_decorator.py for tasks to queue
[2024-12-01T09:01:52.506+0000] {logging_mixin.py:190} INFO - [2024-12-01T09:01:52.506+0000] {dagbag.py:588} INFO - Filling up the DagBag from /home/airflow/.local/lib/python3.12/site-packages/airflow/example_dags/example_dag_decorator.py
[2024-12-01T09:01:52.512+0000] {processor.py:925} INFO - DAG(s) 'example_dag_decorator' retrieved from /home/airflow/.local/lib/python3.12/site-packages/airflow/example_dags/example_dag_decorator.py
[2024-12-01T09:01:52.599+0000] {logging_mixin.py:190} INFO - [2024-12-01T09:01:52.599+0000] {dag.py:3239} INFO - Sync 1 DAGs
[2024-12-01T09:01:52.609+0000] {logging_mixin.py:190} INFO - [2024-12-01T09:01:52.609+0000] {dag.py:4180} INFO - Setting next_dagrun for example_dag_decorator to None, run_after=None
[2024-12-01T09:01:52.626+0000] {processor.py:208} INFO - Processing /home/airflow/.local/lib/python3.12/site-packages/airflow/example_dags/example_dag_decorator.py took 0.127 seconds
[2024-12-01T09:02:22.668+0000] {processor.py:186} INFO - Started process (PID=1420) to work on /home/airflow/.local/lib/python3.12/site-packages/airflow/example_dags/example_dag_decorator.py
[2024-12-01T09:02:22.669+0000] {processor.py:914} INFO - Processing file /home/airflow/.local/lib/python3.12/site-packages/airflow/example_dags/example_dag_decorator.py for tasks to queue
[2024-12-01T09:02:22.671+0000] {logging_mixin.py:190} INFO - [2024-12-01T09:02:22.671+0000] {dagbag.py:588} INFO - Filling up the DagBag from /home/airflow/.local/lib/python3.12/site-packages/airflow/example_dags/example_dag_decorator.py
[2024-12-01T09:02:22.680+0000] {processor.py:925} INFO - DAG(s) 'example_dag_decorator' retrieved from /home/airflow/.local/lib/python3.12/site-packages/airflow/example_dags/example_dag_decorator.py
[2024-12-01T09:02:22.737+0000] {logging_mixin.py:190} INFO - [2024-12-01T09:02:22.737+0000] {dag.py:3239} INFO - Sync 1 DAGs
[2024-12-01T09:02:22.744+0000] {logging_mixin.py:190} INFO - [2024-12-01T09:02:22.744+0000] {dag.py:4180} INFO - Setting next_dagrun for example_dag_decorator to None, run_after=None
[2024-12-01T09:02:22.756+0000] {processor.py:208} INFO - Processing /home/airflow/.local/lib/python3.12/site-packages/airflow/example_dags/example_dag_decorator.py took 0.092 seconds
[2024-12-01T09:02:53.561+0000] {processor.py:186} INFO - Started process (PID=1482) to work on /home/airflow/.local/lib/python3.12/site-packages/airflow/example_dags/example_dag_decorator.py
[2024-12-01T09:02:53.566+0000] {processor.py:914} INFO - Processing file /home/airflow/.local/lib/python3.12/site-packages/airflow/example_dags/example_dag_decorator.py for tasks to queue
[2024-12-01T09:02:53.568+0000] {logging_mixin.py:190} INFO - [2024-12-01T09:02:53.567+0000] {dagbag.py:588} INFO - Filling up the DagBag from /home/airflow/.local/lib/python3.12/site-packages/airflow/example_dags/example_dag_decorator.py
[2024-12-01T09:02:53.574+0000] {processor.py:925} INFO - DAG(s) 'example_dag_decorator' retrieved from /home/airflow/.local/lib/python3.12/site-packages/airflow/example_dags/example_dag_decorator.py
[2024-12-01T09:02:53.636+0000] {logging_mixin.py:190} INFO - [2024-12-01T09:02:53.636+0000] {dag.py:3239} INFO - Sync 1 DAGs
[2024-12-01T09:02:53.644+0000] {logging_mixin.py:190} INFO - [2024-12-01T09:02:53.644+0000] {dag.py:4180} INFO - Setting next_dagrun for example_dag_decorator to None, run_after=None
[2024-12-01T09:02:53.658+0000] {processor.py:208} INFO - Processing /home/airflow/.local/lib/python3.12/site-packages/airflow/example_dags/example_dag_decorator.py took 0.101 seconds
[2024-12-01T09:03:24.195+0000] {processor.py:186} INFO - Started process (PID=1545) to work on /home/airflow/.local/lib/python3.12/site-packages/airflow/example_dags/example_dag_decorator.py
[2024-12-01T09:03:24.196+0000] {processor.py:914} INFO - Processing file /home/airflow/.local/lib/python3.12/site-packages/airflow/example_dags/example_dag_decorator.py for tasks to queue
[2024-12-01T09:03:24.198+0000] {logging_mixin.py:190} INFO - [2024-12-01T09:03:24.198+0000] {dagbag.py:588} INFO - Filling up the DagBag from /home/airflow/.local/lib/python3.12/site-packages/airflow/example_dags/example_dag_decorator.py
[2024-12-01T09:03:24.207+0000] {processor.py:925} INFO - DAG(s) 'example_dag_decorator' retrieved from /home/airflow/.local/lib/python3.12/site-packages/airflow/example_dags/example_dag_decorator.py
[2024-12-01T09:03:24.268+0000] {logging_mixin.py:190} INFO - [2024-12-01T09:03:24.268+0000] {dag.py:3239} INFO - Sync 1 DAGs
[2024-12-01T09:03:24.277+0000] {logging_mixin.py:190} INFO - [2024-12-01T09:03:24.277+0000] {dag.py:4180} INFO - Setting next_dagrun for example_dag_decorator to None, run_after=None
[2024-12-01T09:03:24.290+0000] {processor.py:208} INFO - Processing /home/airflow/.local/lib/python3.12/site-packages/airflow/example_dags/example_dag_decorator.py took 0.100 seconds
[2024-12-01T09:03:54.501+0000] {processor.py:186} INFO - Started process (PID=1608) to work on /home/airflow/.local/lib/python3.12/site-packages/airflow/example_dags/example_dag_decorator.py
[2024-12-01T09:03:54.511+0000] {processor.py:914} INFO - Processing file /home/airflow/.local/lib/python3.12/site-packages/airflow/example_dags/example_dag_decorator.py for tasks to queue
[2024-12-01T09:03:54.512+0000] {logging_mixin.py:190} INFO - [2024-12-01T09:03:54.512+0000] {dagbag.py:588} INFO - Filling up the DagBag from /home/airflow/.local/lib/python3.12/site-packages/airflow/example_dags/example_dag_decorator.py
[2024-12-01T09:03:54.519+0000] {processor.py:925} INFO - DAG(s) 'example_dag_decorator' retrieved from /home/airflow/.local/lib/python3.12/site-packages/airflow/example_dags/example_dag_decorator.py
[2024-12-01T09:03:54.531+0000] {logging_mixin.py:190} INFO - [2024-12-01T09:03:54.531+0000] {dag.py:3239} INFO - Sync 1 DAGs
[2024-12-01T09:03:54.538+0000] {logging_mixin.py:190} INFO - [2024-12-01T09:03:54.538+0000] {dag.py:4180} INFO - Setting next_dagrun for example_dag_decorator to None, run_after=None
[2024-12-01T09:03:54.548+0000] {processor.py:208} INFO - Processing /home/airflow/.local/lib/python3.12/site-packages/airflow/example_dags/example_dag_decorator.py took 0.052 seconds
[2024-12-01T09:04:24.753+0000] {processor.py:186} INFO - Started process (PID=1671) to work on /home/airflow/.local/lib/python3.12/site-packages/airflow/example_dags/example_dag_decorator.py
[2024-12-01T09:04:24.763+0000] {processor.py:914} INFO - Processing file /home/airflow/.local/lib/python3.12/site-packages/airflow/example_dags/example_dag_decorator.py for tasks to queue
[2024-12-01T09:04:24.765+0000] {logging_mixin.py:190} INFO - [2024-12-01T09:04:24.765+0000] {dagbag.py:588} INFO - Filling up the DagBag from /home/airflow/.local/lib/python3.12/site-packages/airflow/example_dags/example_dag_decorator.py
[2024-12-01T09:04:24.773+0000] {processor.py:925} INFO - DAG(s) 'example_dag_decorator' retrieved from /home/airflow/.local/lib/python3.12/site-packages/airflow/example_dags/example_dag_decorator.py
[2024-12-01T09:04:24.792+0000] {logging_mixin.py:190} INFO - [2024-12-01T09:04:24.792+0000] {dag.py:3239} INFO - Sync 1 DAGs
[2024-12-01T09:04:24.801+0000] {logging_mixin.py:190} INFO - [2024-12-01T09:04:24.801+0000] {dag.py:4180} INFO - Setting next_dagrun for example_dag_decorator to None, run_after=None
[2024-12-01T09:04:24.815+0000] {processor.py:208} INFO - Processing /home/airflow/.local/lib/python3.12/site-packages/airflow/example_dags/example_dag_decorator.py took 0.066 seconds
[2024-12-01T09:04:55.230+0000] {processor.py:186} INFO - Started process (PID=1734) to work on /home/airflow/.local/lib/python3.12/site-packages/airflow/example_dags/example_dag_decorator.py
[2024-12-01T09:04:55.231+0000] {processor.py:914} INFO - Processing file /home/airflow/.local/lib/python3.12/site-packages/airflow/example_dags/example_dag_decorator.py for tasks to queue
[2024-12-01T09:04:55.232+0000] {logging_mixin.py:190} INFO - [2024-12-01T09:04:55.232+0000] {dagbag.py:588} INFO - Filling up the DagBag from /home/airflow/.local/lib/python3.12/site-packages/airflow/example_dags/example_dag_decorator.py
[2024-12-01T09:04:55.238+0000] {processor.py:925} INFO - DAG(s) 'example_dag_decorator' retrieved from /home/airflow/.local/lib/python3.12/site-packages/airflow/example_dags/example_dag_decorator.py
[2024-12-01T09:04:55.305+0000] {logging_mixin.py:190} INFO - [2024-12-01T09:04:55.305+0000] {dag.py:3239} INFO - Sync 1 DAGs
[2024-12-01T09:04:55.314+0000] {logging_mixin.py:190} INFO - [2024-12-01T09:04:55.314+0000] {dag.py:4180} INFO - Setting next_dagrun for example_dag_decorator to None, run_after=None
[2024-12-01T09:04:55.327+0000] {processor.py:208} INFO - Processing /home/airflow/.local/lib/python3.12/site-packages/airflow/example_dags/example_dag_decorator.py took 0.101 seconds
[2024-12-01T09:05:25.977+0000] {processor.py:186} INFO - Started process (PID=1797) to work on /home/airflow/.local/lib/python3.12/site-packages/airflow/example_dags/example_dag_decorator.py
[2024-12-01T09:05:25.978+0000] {processor.py:914} INFO - Processing file /home/airflow/.local/lib/python3.12/site-packages/airflow/example_dags/example_dag_decorator.py for tasks to queue
[2024-12-01T09:05:25.980+0000] {logging_mixin.py:190} INFO - [2024-12-01T09:05:25.980+0000] {dagbag.py:588} INFO - Filling up the DagBag from /home/airflow/.local/lib/python3.12/site-packages/airflow/example_dags/example_dag_decorator.py
[2024-12-01T09:05:25.986+0000] {processor.py:925} INFO - DAG(s) 'example_dag_decorator' retrieved from /home/airflow/.local/lib/python3.12/site-packages/airflow/example_dags/example_dag_decorator.py
[2024-12-01T09:05:26.046+0000] {logging_mixin.py:190} INFO - [2024-12-01T09:05:26.045+0000] {dag.py:3239} INFO - Sync 1 DAGs
[2024-12-01T09:05:26.052+0000] {logging_mixin.py:190} INFO - [2024-12-01T09:05:26.052+0000] {dag.py:4180} INFO - Setting next_dagrun for example_dag_decorator to None, run_after=None
[2024-12-01T09:05:26.063+0000] {processor.py:208} INFO - Processing /home/airflow/.local/lib/python3.12/site-packages/airflow/example_dags/example_dag_decorator.py took 0.090 seconds
[2024-12-01T09:05:56.337+0000] {processor.py:186} INFO - Started process (PID=1860) to work on /home/airflow/.local/lib/python3.12/site-packages/airflow/example_dags/example_dag_decorator.py
[2024-12-01T09:05:56.347+0000] {processor.py:914} INFO - Processing file /home/airflow/.local/lib/python3.12/site-packages/airflow/example_dags/example_dag_decorator.py for tasks to queue
[2024-12-01T09:05:56.349+0000] {logging_mixin.py:190} INFO - [2024-12-01T09:05:56.348+0000] {dagbag.py:588} INFO - Filling up the DagBag from /home/airflow/.local/lib/python3.12/site-packages/airflow/example_dags/example_dag_decorator.py
[2024-12-01T09:05:56.357+0000] {processor.py:925} INFO - DAG(s) 'example_dag_decorator' retrieved from /home/airflow/.local/lib/python3.12/site-packages/airflow/example_dags/example_dag_decorator.py
[2024-12-01T09:05:56.439+0000] {logging_mixin.py:190} INFO - [2024-12-01T09:05:56.439+0000] {dag.py:3239} INFO - Sync 1 DAGs
[2024-12-01T09:05:56.448+0000] {logging_mixin.py:190} INFO - [2024-12-01T09:05:56.448+0000] {dag.py:4180} INFO - Setting next_dagrun for example_dag_decorator to None, run_after=None
[2024-12-01T09:05:56.462+0000] {processor.py:208} INFO - Processing /home/airflow/.local/lib/python3.12/site-packages/airflow/example_dags/example_dag_decorator.py took 0.130 seconds
[2024-12-01T09:06:26.971+0000] {processor.py:186} INFO - Started process (PID=1923) to work on /home/airflow/.local/lib/python3.12/site-packages/airflow/example_dags/example_dag_decorator.py
[2024-12-01T09:06:26.972+0000] {processor.py:914} INFO - Processing file /home/airflow/.local/lib/python3.12/site-packages/airflow/example_dags/example_dag_decorator.py for tasks to queue
[2024-12-01T09:06:26.973+0000] {logging_mixin.py:190} INFO - [2024-12-01T09:06:26.973+0000] {dagbag.py:588} INFO - Filling up the DagBag from /home/airflow/.local/lib/python3.12/site-packages/airflow/example_dags/example_dag_decorator.py
[2024-12-01T09:06:26.980+0000] {processor.py:925} INFO - DAG(s) 'example_dag_decorator' retrieved from /home/airflow/.local/lib/python3.12/site-packages/airflow/example_dags/example_dag_decorator.py
[2024-12-01T09:06:27.057+0000] {logging_mixin.py:190} INFO - [2024-12-01T09:06:27.057+0000] {dag.py:3239} INFO - Sync 1 DAGs
[2024-12-01T09:06:27.065+0000] {logging_mixin.py:190} INFO - [2024-12-01T09:06:27.064+0000] {dag.py:4180} INFO - Setting next_dagrun for example_dag_decorator to None, run_after=None
[2024-12-01T09:06:27.077+0000] {processor.py:208} INFO - Processing /home/airflow/.local/lib/python3.12/site-packages/airflow/example_dags/example_dag_decorator.py took 0.109 seconds
[2024-12-01T09:06:57.534+0000] {processor.py:186} INFO - Started process (PID=1986) to work on /home/airflow/.local/lib/python3.12/site-packages/airflow/example_dags/example_dag_decorator.py
[2024-12-01T09:06:57.544+0000] {processor.py:914} INFO - Processing file /home/airflow/.local/lib/python3.12/site-packages/airflow/example_dags/example_dag_decorator.py for tasks to queue
[2024-12-01T09:06:57.546+0000] {logging_mixin.py:190} INFO - [2024-12-01T09:06:57.546+0000] {dagbag.py:588} INFO - Filling up the DagBag from /home/airflow/.local/lib/python3.12/site-packages/airflow/example_dags/example_dag_decorator.py
[2024-12-01T09:06:57.554+0000] {processor.py:925} INFO - DAG(s) 'example_dag_decorator' retrieved from /home/airflow/.local/lib/python3.12/site-packages/airflow/example_dags/example_dag_decorator.py
[2024-12-01T09:06:57.624+0000] {logging_mixin.py:190} INFO - [2024-12-01T09:06:57.624+0000] {dag.py:3239} INFO - Sync 1 DAGs
[2024-12-01T09:06:57.634+0000] {logging_mixin.py:190} INFO - [2024-12-01T09:06:57.634+0000] {dag.py:4180} INFO - Setting next_dagrun for example_dag_decorator to None, run_after=None
[2024-12-01T09:06:57.647+0000] {processor.py:208} INFO - Processing /home/airflow/.local/lib/python3.12/site-packages/airflow/example_dags/example_dag_decorator.py took 0.118 seconds
[2024-12-01T09:07:27.800+0000] {processor.py:186} INFO - Started process (PID=2049) to work on /home/airflow/.local/lib/python3.12/site-packages/airflow/example_dags/example_dag_decorator.py
[2024-12-01T09:07:27.810+0000] {processor.py:914} INFO - Processing file /home/airflow/.local/lib/python3.12/site-packages/airflow/example_dags/example_dag_decorator.py for tasks to queue
[2024-12-01T09:07:27.811+0000] {logging_mixin.py:190} INFO - [2024-12-01T09:07:27.811+0000] {dagbag.py:588} INFO - Filling up the DagBag from /home/airflow/.local/lib/python3.12/site-packages/airflow/example_dags/example_dag_decorator.py
[2024-12-01T09:07:27.817+0000] {processor.py:925} INFO - DAG(s) 'example_dag_decorator' retrieved from /home/airflow/.local/lib/python3.12/site-packages/airflow/example_dags/example_dag_decorator.py
[2024-12-01T09:07:27.873+0000] {logging_mixin.py:190} INFO - [2024-12-01T09:07:27.873+0000] {dag.py:3239} INFO - Sync 1 DAGs
[2024-12-01T09:07:27.881+0000] {logging_mixin.py:190} INFO - [2024-12-01T09:07:27.880+0000] {dag.py:4180} INFO - Setting next_dagrun for example_dag_decorator to None, run_after=None
[2024-12-01T09:07:27.890+0000] {processor.py:208} INFO - Processing /home/airflow/.local/lib/python3.12/site-packages/airflow/example_dags/example_dag_decorator.py took 0.093 seconds
[2024-12-01T09:07:58.419+0000] {processor.py:186} INFO - Started process (PID=2112) to work on /home/airflow/.local/lib/python3.12/site-packages/airflow/example_dags/example_dag_decorator.py
[2024-12-01T09:07:58.428+0000] {processor.py:914} INFO - Processing file /home/airflow/.local/lib/python3.12/site-packages/airflow/example_dags/example_dag_decorator.py for tasks to queue
[2024-12-01T09:07:58.430+0000] {logging_mixin.py:190} INFO - [2024-12-01T09:07:58.430+0000] {dagbag.py:588} INFO - Filling up the DagBag from /home/airflow/.local/lib/python3.12/site-packages/airflow/example_dags/example_dag_decorator.py
[2024-12-01T09:07:58.435+0000] {processor.py:925} INFO - DAG(s) 'example_dag_decorator' retrieved from /home/airflow/.local/lib/python3.12/site-packages/airflow/example_dags/example_dag_decorator.py
[2024-12-01T09:07:58.491+0000] {logging_mixin.py:190} INFO - [2024-12-01T09:07:58.491+0000] {dag.py:3239} INFO - Sync 1 DAGs
[2024-12-01T09:07:58.497+0000] {logging_mixin.py:190} INFO - [2024-12-01T09:07:58.497+0000] {dag.py:4180} INFO - Setting next_dagrun for example_dag_decorator to None, run_after=None
[2024-12-01T09:07:58.509+0000] {processor.py:208} INFO - Processing /home/airflow/.local/lib/python3.12/site-packages/airflow/example_dags/example_dag_decorator.py took 0.094 seconds
[2024-12-01T09:08:29.002+0000] {processor.py:186} INFO - Started process (PID=2175) to work on /home/airflow/.local/lib/python3.12/site-packages/airflow/example_dags/example_dag_decorator.py
[2024-12-01T09:08:29.003+0000] {processor.py:914} INFO - Processing file /home/airflow/.local/lib/python3.12/site-packages/airflow/example_dags/example_dag_decorator.py for tasks to queue
[2024-12-01T09:08:29.005+0000] {logging_mixin.py:190} INFO - [2024-12-01T09:08:29.004+0000] {dagbag.py:588} INFO - Filling up the DagBag from /home/airflow/.local/lib/python3.12/site-packages/airflow/example_dags/example_dag_decorator.py
[2024-12-01T09:08:29.011+0000] {processor.py:925} INFO - DAG(s) 'example_dag_decorator' retrieved from /home/airflow/.local/lib/python3.12/site-packages/airflow/example_dags/example_dag_decorator.py
[2024-12-01T09:08:29.074+0000] {logging_mixin.py:190} INFO - [2024-12-01T09:08:29.073+0000] {dag.py:3239} INFO - Sync 1 DAGs
[2024-12-01T09:08:29.080+0000] {logging_mixin.py:190} INFO - [2024-12-01T09:08:29.080+0000] {dag.py:4180} INFO - Setting next_dagrun for example_dag_decorator to None, run_after=None
[2024-12-01T09:08:29.090+0000] {processor.py:208} INFO - Processing /home/airflow/.local/lib/python3.12/site-packages/airflow/example_dags/example_dag_decorator.py took 0.091 seconds
[2024-12-01T09:08:59.937+0000] {processor.py:186} INFO - Started process (PID=2238) to work on /home/airflow/.local/lib/python3.12/site-packages/airflow/example_dags/example_dag_decorator.py
[2024-12-01T09:08:59.947+0000] {processor.py:914} INFO - Processing file /home/airflow/.local/lib/python3.12/site-packages/airflow/example_dags/example_dag_decorator.py for tasks to queue
[2024-12-01T09:08:59.949+0000] {logging_mixin.py:190} INFO - [2024-12-01T09:08:59.949+0000] {dagbag.py:588} INFO - Filling up the DagBag from /home/airflow/.local/lib/python3.12/site-packages/airflow/example_dags/example_dag_decorator.py
[2024-12-01T09:08:59.956+0000] {processor.py:925} INFO - DAG(s) 'example_dag_decorator' retrieved from /home/airflow/.local/lib/python3.12/site-packages/airflow/example_dags/example_dag_decorator.py
[2024-12-01T09:09:00.038+0000] {logging_mixin.py:190} INFO - [2024-12-01T09:09:00.037+0000] {dag.py:3239} INFO - Sync 1 DAGs
[2024-12-01T09:09:00.045+0000] {logging_mixin.py:190} INFO - [2024-12-01T09:09:00.045+0000] {dag.py:4180} INFO - Setting next_dagrun for example_dag_decorator to None, run_after=None
[2024-12-01T09:09:00.058+0000] {processor.py:208} INFO - Processing /home/airflow/.local/lib/python3.12/site-packages/airflow/example_dags/example_dag_decorator.py took 0.125 seconds
[2024-12-01T09:09:30.312+0000] {processor.py:186} INFO - Started process (PID=2300) to work on /home/airflow/.local/lib/python3.12/site-packages/airflow/example_dags/example_dag_decorator.py
[2024-12-01T09:09:30.313+0000] {processor.py:914} INFO - Processing file /home/airflow/.local/lib/python3.12/site-packages/airflow/example_dags/example_dag_decorator.py for tasks to queue
[2024-12-01T09:09:30.315+0000] {logging_mixin.py:190} INFO - [2024-12-01T09:09:30.314+0000] {dagbag.py:588} INFO - Filling up the DagBag from /home/airflow/.local/lib/python3.12/site-packages/airflow/example_dags/example_dag_decorator.py
[2024-12-01T09:09:30.321+0000] {processor.py:925} INFO - DAG(s) 'example_dag_decorator' retrieved from /home/airflow/.local/lib/python3.12/site-packages/airflow/example_dags/example_dag_decorator.py
[2024-12-01T09:09:30.379+0000] {logging_mixin.py:190} INFO - [2024-12-01T09:09:30.379+0000] {dag.py:3239} INFO - Sync 1 DAGs
[2024-12-01T09:09:30.385+0000] {logging_mixin.py:190} INFO - [2024-12-01T09:09:30.385+0000] {dag.py:4180} INFO - Setting next_dagrun for example_dag_decorator to None, run_after=None
[2024-12-01T09:09:30.394+0000] {processor.py:208} INFO - Processing /home/airflow/.local/lib/python3.12/site-packages/airflow/example_dags/example_dag_decorator.py took 0.085 seconds
