[2024-12-01T08:51:43.051+0000] {processor.py:186} INFO - Started process (PID=117) to work on /home/airflow/.local/lib/python3.12/site-packages/airflow/example_dags/example_xcomargs.py
[2024-12-01T08:51:43.051+0000] {processor.py:914} INFO - Processing file /home/airflow/.local/lib/python3.12/site-packages/airflow/example_dags/example_xcomargs.py for tasks to queue
[2024-12-01T08:51:43.053+0000] {logging_mixin.py:190} INFO - [2024-12-01T08:51:43.053+0000] {dagbag.py:588} INFO - Filling up the DagBag from /home/airflow/.local/lib/python3.12/site-packages/airflow/example_dags/example_xcomargs.py
[2024-12-01T08:51:43.060+0000] {processor.py:925} INFO - DAG(s) 'example_xcom_args_with_operators', 'example_xcom_args' retrieved from /home/airflow/.local/lib/python3.12/site-packages/airflow/example_dags/example_xcomargs.py
[2024-12-01T08:51:43.132+0000] {logging_mixin.py:190} INFO - [2024-12-01T08:51:43.132+0000] {override.py:1911} INFO - Created Permission View: can edit on DAG:example_xcom_args_with_operators
[2024-12-01T08:51:43.140+0000] {logging_mixin.py:190} INFO - [2024-12-01T08:51:43.140+0000] {override.py:1911} INFO - Created Permission View: can read on DAG:example_xcom_args_with_operators
[2024-12-01T08:51:43.146+0000] {logging_mixin.py:190} INFO - [2024-12-01T08:51:43.146+0000] {override.py:1911} INFO - Created Permission View: can delete on DAG:example_xcom_args_with_operators
[2024-12-01T08:51:43.151+0000] {logging_mixin.py:190} INFO - [2024-12-01T08:51:43.151+0000] {override.py:1911} INFO - Created Permission View: can create on DAG Run:example_xcom_args_with_operators
[2024-12-01T08:51:43.156+0000] {logging_mixin.py:190} INFO - [2024-12-01T08:51:43.156+0000] {override.py:1911} INFO - Created Permission View: menu access on DAG Run:example_xcom_args_with_operators
[2024-12-01T08:51:43.161+0000] {logging_mixin.py:190} INFO - [2024-12-01T08:51:43.160+0000] {override.py:1911} INFO - Created Permission View: can read on DAG Run:example_xcom_args_with_operators
[2024-12-01T08:51:43.165+0000] {logging_mixin.py:190} INFO - [2024-12-01T08:51:43.165+0000] {override.py:1911} INFO - Created Permission View: can delete on DAG Run:example_xcom_args_with_operators
[2024-12-01T08:51:43.174+0000] {logging_mixin.py:190} INFO - [2024-12-01T08:51:43.174+0000] {override.py:1911} INFO - Created Permission View: can edit on DAG:example_xcom_args
[2024-12-01T08:51:43.178+0000] {logging_mixin.py:190} INFO - [2024-12-01T08:51:43.178+0000] {override.py:1911} INFO - Created Permission View: can read on DAG:example_xcom_args
[2024-12-01T08:51:43.183+0000] {logging_mixin.py:190} INFO - [2024-12-01T08:51:43.183+0000] {override.py:1911} INFO - Created Permission View: can delete on DAG:example_xcom_args
[2024-12-01T08:51:43.187+0000] {logging_mixin.py:190} INFO - [2024-12-01T08:51:43.187+0000] {override.py:1911} INFO - Created Permission View: can create on DAG Run:example_xcom_args
[2024-12-01T08:51:43.191+0000] {logging_mixin.py:190} INFO - [2024-12-01T08:51:43.191+0000] {override.py:1911} INFO - Created Permission View: menu access on DAG Run:example_xcom_args
[2024-12-01T08:51:43.195+0000] {logging_mixin.py:190} INFO - [2024-12-01T08:51:43.195+0000] {override.py:1911} INFO - Created Permission View: can read on DAG Run:example_xcom_args
[2024-12-01T08:51:43.200+0000] {logging_mixin.py:190} INFO - [2024-12-01T08:51:43.199+0000] {override.py:1911} INFO - Created Permission View: can delete on DAG Run:example_xcom_args
[2024-12-01T08:51:43.200+0000] {logging_mixin.py:190} INFO - [2024-12-01T08:51:43.200+0000] {dag.py:3239} INFO - Sync 2 DAGs
[2024-12-01T08:51:43.210+0000] {logging_mixin.py:190} INFO - [2024-12-01T08:51:43.210+0000] {dag.py:3262} INFO - Creating ORM DAG for example_xcom_args_with_operators
[2024-12-01T08:51:43.211+0000] {logging_mixin.py:190} INFO - [2024-12-01T08:51:43.211+0000] {dag.py:3262} INFO - Creating ORM DAG for example_xcom_args
[2024-12-01T08:51:43.211+0000] {logging_mixin.py:190} INFO - [2024-12-01T08:51:43.211+0000] {dag.py:4180} INFO - Setting next_dagrun for example_xcom_args to None, run_after=None
[2024-12-01T08:51:43.212+0000] {logging_mixin.py:190} INFO - [2024-12-01T08:51:43.212+0000] {dag.py:4180} INFO - Setting next_dagrun for example_xcom_args_with_operators to None, run_after=None
[2024-12-01T08:51:43.224+0000] {processor.py:208} INFO - Processing /home/airflow/.local/lib/python3.12/site-packages/airflow/example_dags/example_xcomargs.py took 0.176 seconds
[2024-12-01T08:52:13.267+0000] {processor.py:186} INFO - Started process (PID=180) to work on /home/airflow/.local/lib/python3.12/site-packages/airflow/example_dags/example_xcomargs.py
[2024-12-01T08:52:13.267+0000] {processor.py:914} INFO - Processing file /home/airflow/.local/lib/python3.12/site-packages/airflow/example_dags/example_xcomargs.py for tasks to queue
[2024-12-01T08:52:13.269+0000] {logging_mixin.py:190} INFO - [2024-12-01T08:52:13.269+0000] {dagbag.py:588} INFO - Filling up the DagBag from /home/airflow/.local/lib/python3.12/site-packages/airflow/example_dags/example_xcomargs.py
[2024-12-01T08:52:13.276+0000] {processor.py:925} INFO - DAG(s) 'example_xcom_args_with_operators', 'example_xcom_args' retrieved from /home/airflow/.local/lib/python3.12/site-packages/airflow/example_dags/example_xcomargs.py
[2024-12-01T08:52:13.293+0000] {logging_mixin.py:190} INFO - [2024-12-01T08:52:13.293+0000] {dag.py:3239} INFO - Sync 2 DAGs
[2024-12-01T08:52:13.302+0000] {logging_mixin.py:190} INFO - [2024-12-01T08:52:13.302+0000] {dag.py:4180} INFO - Setting next_dagrun for example_xcom_args to None, run_after=None
[2024-12-01T08:52:13.305+0000] {logging_mixin.py:190} INFO - [2024-12-01T08:52:13.305+0000] {dag.py:4180} INFO - Setting next_dagrun for example_xcom_args_with_operators to None, run_after=None
[2024-12-01T08:52:13.316+0000] {processor.py:208} INFO - Processing /home/airflow/.local/lib/python3.12/site-packages/airflow/example_dags/example_xcomargs.py took 0.054 seconds
[2024-12-01T08:52:43.648+0000] {processor.py:186} INFO - Started process (PID=242) to work on /home/airflow/.local/lib/python3.12/site-packages/airflow/example_dags/example_xcomargs.py
[2024-12-01T08:52:43.649+0000] {processor.py:914} INFO - Processing file /home/airflow/.local/lib/python3.12/site-packages/airflow/example_dags/example_xcomargs.py for tasks to queue
[2024-12-01T08:52:43.650+0000] {logging_mixin.py:190} INFO - [2024-12-01T08:52:43.650+0000] {dagbag.py:588} INFO - Filling up the DagBag from /home/airflow/.local/lib/python3.12/site-packages/airflow/example_dags/example_xcomargs.py
[2024-12-01T08:52:43.655+0000] {processor.py:925} INFO - DAG(s) 'example_xcom_args_with_operators', 'example_xcom_args' retrieved from /home/airflow/.local/lib/python3.12/site-packages/airflow/example_dags/example_xcomargs.py
[2024-12-01T08:52:43.673+0000] {logging_mixin.py:190} INFO - [2024-12-01T08:52:43.672+0000] {dag.py:3239} INFO - Sync 2 DAGs
[2024-12-01T08:52:43.684+0000] {logging_mixin.py:190} INFO - [2024-12-01T08:52:43.684+0000] {dag.py:4180} INFO - Setting next_dagrun for example_xcom_args to None, run_after=None
[2024-12-01T08:52:43.687+0000] {logging_mixin.py:190} INFO - [2024-12-01T08:52:43.686+0000] {dag.py:4180} INFO - Setting next_dagrun for example_xcom_args_with_operators to None, run_after=None
[2024-12-01T08:52:43.699+0000] {processor.py:208} INFO - Processing /home/airflow/.local/lib/python3.12/site-packages/airflow/example_dags/example_xcomargs.py took 0.055 seconds
[2024-12-01T08:53:13.970+0000] {processor.py:186} INFO - Started process (PID=305) to work on /home/airflow/.local/lib/python3.12/site-packages/airflow/example_dags/example_xcomargs.py
[2024-12-01T08:53:13.970+0000] {processor.py:914} INFO - Processing file /home/airflow/.local/lib/python3.12/site-packages/airflow/example_dags/example_xcomargs.py for tasks to queue
[2024-12-01T08:53:13.972+0000] {logging_mixin.py:190} INFO - [2024-12-01T08:53:13.971+0000] {dagbag.py:588} INFO - Filling up the DagBag from /home/airflow/.local/lib/python3.12/site-packages/airflow/example_dags/example_xcomargs.py
[2024-12-01T08:53:13.977+0000] {processor.py:925} INFO - DAG(s) 'example_xcom_args_with_operators', 'example_xcom_args' retrieved from /home/airflow/.local/lib/python3.12/site-packages/airflow/example_dags/example_xcomargs.py
[2024-12-01T08:53:14.004+0000] {logging_mixin.py:190} INFO - [2024-12-01T08:53:14.004+0000] {dag.py:3239} INFO - Sync 2 DAGs
[2024-12-01T08:53:14.013+0000] {logging_mixin.py:190} INFO - [2024-12-01T08:53:14.013+0000] {dag.py:4180} INFO - Setting next_dagrun for example_xcom_args to None, run_after=None
[2024-12-01T08:53:14.015+0000] {logging_mixin.py:190} INFO - [2024-12-01T08:53:14.015+0000] {dag.py:4180} INFO - Setting next_dagrun for example_xcom_args_with_operators to None, run_after=None
[2024-12-01T08:53:14.026+0000] {processor.py:208} INFO - Processing /home/airflow/.local/lib/python3.12/site-packages/airflow/example_dags/example_xcomargs.py took 0.061 seconds
[2024-12-01T08:53:44.858+0000] {processor.py:186} INFO - Started process (PID=368) to work on /home/airflow/.local/lib/python3.12/site-packages/airflow/example_dags/example_xcomargs.py
[2024-12-01T08:53:44.859+0000] {processor.py:914} INFO - Processing file /home/airflow/.local/lib/python3.12/site-packages/airflow/example_dags/example_xcomargs.py for tasks to queue
[2024-12-01T08:53:44.860+0000] {logging_mixin.py:190} INFO - [2024-12-01T08:53:44.860+0000] {dagbag.py:588} INFO - Filling up the DagBag from /home/airflow/.local/lib/python3.12/site-packages/airflow/example_dags/example_xcomargs.py
[2024-12-01T08:53:44.866+0000] {processor.py:925} INFO - DAG(s) 'example_xcom_args', 'example_xcom_args_with_operators' retrieved from /home/airflow/.local/lib/python3.12/site-packages/airflow/example_dags/example_xcomargs.py
[2024-12-01T08:53:44.882+0000] {logging_mixin.py:190} INFO - [2024-12-01T08:53:44.882+0000] {dag.py:3239} INFO - Sync 2 DAGs
[2024-12-01T08:53:44.889+0000] {logging_mixin.py:190} INFO - [2024-12-01T08:53:44.889+0000] {dag.py:4180} INFO - Setting next_dagrun for example_xcom_args to None, run_after=None
[2024-12-01T08:53:44.891+0000] {logging_mixin.py:190} INFO - [2024-12-01T08:53:44.891+0000] {dag.py:4180} INFO - Setting next_dagrun for example_xcom_args_with_operators to None, run_after=None
[2024-12-01T08:53:44.901+0000] {processor.py:208} INFO - Processing /home/airflow/.local/lib/python3.12/site-packages/airflow/example_dags/example_xcomargs.py took 0.045 seconds
[2024-12-01T08:54:16.533+0000] {processor.py:186} INFO - Started process (PID=431) to work on /home/airflow/.local/lib/python3.12/site-packages/airflow/example_dags/example_xcomargs.py
[2024-12-01T08:54:16.533+0000] {processor.py:914} INFO - Processing file /home/airflow/.local/lib/python3.12/site-packages/airflow/example_dags/example_xcomargs.py for tasks to queue
[2024-12-01T08:54:16.535+0000] {logging_mixin.py:190} INFO - [2024-12-01T08:54:16.534+0000] {dagbag.py:588} INFO - Filling up the DagBag from /home/airflow/.local/lib/python3.12/site-packages/airflow/example_dags/example_xcomargs.py
[2024-12-01T08:54:16.540+0000] {processor.py:925} INFO - DAG(s) 'example_xcom_args', 'example_xcom_args_with_operators' retrieved from /home/airflow/.local/lib/python3.12/site-packages/airflow/example_dags/example_xcomargs.py
[2024-12-01T08:54:16.559+0000] {logging_mixin.py:190} INFO - [2024-12-01T08:54:16.559+0000] {dag.py:3239} INFO - Sync 2 DAGs
[2024-12-01T08:54:16.568+0000] {logging_mixin.py:190} INFO - [2024-12-01T08:54:16.568+0000] {dag.py:4180} INFO - Setting next_dagrun for example_xcom_args to None, run_after=None
[2024-12-01T08:54:16.571+0000] {logging_mixin.py:190} INFO - [2024-12-01T08:54:16.571+0000] {dag.py:4180} INFO - Setting next_dagrun for example_xcom_args_with_operators to None, run_after=None
[2024-12-01T08:54:16.584+0000] {processor.py:208} INFO - Processing /home/airflow/.local/lib/python3.12/site-packages/airflow/example_dags/example_xcomargs.py took 0.055 seconds
[2024-12-01T08:54:47.766+0000] {processor.py:186} INFO - Started process (PID=494) to work on /home/airflow/.local/lib/python3.12/site-packages/airflow/example_dags/example_xcomargs.py
[2024-12-01T08:54:47.766+0000] {processor.py:914} INFO - Processing file /home/airflow/.local/lib/python3.12/site-packages/airflow/example_dags/example_xcomargs.py for tasks to queue
[2024-12-01T08:54:47.768+0000] {logging_mixin.py:190} INFO - [2024-12-01T08:54:47.768+0000] {dagbag.py:588} INFO - Filling up the DagBag from /home/airflow/.local/lib/python3.12/site-packages/airflow/example_dags/example_xcomargs.py
[2024-12-01T08:54:47.775+0000] {processor.py:925} INFO - DAG(s) 'example_xcom_args_with_operators', 'example_xcom_args' retrieved from /home/airflow/.local/lib/python3.12/site-packages/airflow/example_dags/example_xcomargs.py
[2024-12-01T08:54:47.793+0000] {logging_mixin.py:190} INFO - [2024-12-01T08:54:47.793+0000] {dag.py:3239} INFO - Sync 2 DAGs
[2024-12-01T08:54:47.803+0000] {logging_mixin.py:190} INFO - [2024-12-01T08:54:47.803+0000] {dag.py:4180} INFO - Setting next_dagrun for example_xcom_args to None, run_after=None
[2024-12-01T08:54:47.806+0000] {logging_mixin.py:190} INFO - [2024-12-01T08:54:47.806+0000] {dag.py:4180} INFO - Setting next_dagrun for example_xcom_args_with_operators to None, run_after=None
[2024-12-01T08:54:47.815+0000] {processor.py:208} INFO - Processing /home/airflow/.local/lib/python3.12/site-packages/airflow/example_dags/example_xcomargs.py took 0.054 seconds
[2024-12-01T08:55:18.967+0000] {processor.py:186} INFO - Started process (PID=557) to work on /home/airflow/.local/lib/python3.12/site-packages/airflow/example_dags/example_xcomargs.py
[2024-12-01T08:55:18.968+0000] {processor.py:914} INFO - Processing file /home/airflow/.local/lib/python3.12/site-packages/airflow/example_dags/example_xcomargs.py for tasks to queue
[2024-12-01T08:55:18.969+0000] {logging_mixin.py:190} INFO - [2024-12-01T08:55:18.969+0000] {dagbag.py:588} INFO - Filling up the DagBag from /home/airflow/.local/lib/python3.12/site-packages/airflow/example_dags/example_xcomargs.py
[2024-12-01T08:55:18.974+0000] {processor.py:925} INFO - DAG(s) 'example_xcom_args', 'example_xcom_args_with_operators' retrieved from /home/airflow/.local/lib/python3.12/site-packages/airflow/example_dags/example_xcomargs.py
[2024-12-01T08:55:18.988+0000] {logging_mixin.py:190} INFO - [2024-12-01T08:55:18.988+0000] {dag.py:3239} INFO - Sync 2 DAGs
[2024-12-01T08:55:18.997+0000] {logging_mixin.py:190} INFO - [2024-12-01T08:55:18.997+0000] {dag.py:4180} INFO - Setting next_dagrun for example_xcom_args to None, run_after=None
[2024-12-01T08:55:19.000+0000] {logging_mixin.py:190} INFO - [2024-12-01T08:55:19.000+0000] {dag.py:4180} INFO - Setting next_dagrun for example_xcom_args_with_operators to None, run_after=None
[2024-12-01T08:55:19.010+0000] {processor.py:208} INFO - Processing /home/airflow/.local/lib/python3.12/site-packages/airflow/example_dags/example_xcomargs.py took 0.046 seconds
[2024-12-01T08:55:50.279+0000] {processor.py:186} INFO - Started process (PID=620) to work on /home/airflow/.local/lib/python3.12/site-packages/airflow/example_dags/example_xcomargs.py
[2024-12-01T08:55:50.280+0000] {processor.py:914} INFO - Processing file /home/airflow/.local/lib/python3.12/site-packages/airflow/example_dags/example_xcomargs.py for tasks to queue
[2024-12-01T08:55:50.281+0000] {logging_mixin.py:190} INFO - [2024-12-01T08:55:50.281+0000] {dagbag.py:588} INFO - Filling up the DagBag from /home/airflow/.local/lib/python3.12/site-packages/airflow/example_dags/example_xcomargs.py
[2024-12-01T08:55:50.288+0000] {processor.py:925} INFO - DAG(s) 'example_xcom_args_with_operators', 'example_xcom_args' retrieved from /home/airflow/.local/lib/python3.12/site-packages/airflow/example_dags/example_xcomargs.py
[2024-12-01T08:55:50.303+0000] {logging_mixin.py:190} INFO - [2024-12-01T08:55:50.303+0000] {dag.py:3239} INFO - Sync 2 DAGs
[2024-12-01T08:55:50.312+0000] {logging_mixin.py:190} INFO - [2024-12-01T08:55:50.312+0000] {dag.py:4180} INFO - Setting next_dagrun for example_xcom_args to None, run_after=None
[2024-12-01T08:55:50.314+0000] {logging_mixin.py:190} INFO - [2024-12-01T08:55:50.314+0000] {dag.py:4180} INFO - Setting next_dagrun for example_xcom_args_with_operators to None, run_after=None
[2024-12-01T08:55:50.327+0000] {processor.py:208} INFO - Processing /home/airflow/.local/lib/python3.12/site-packages/airflow/example_dags/example_xcomargs.py took 0.052 seconds
[2024-12-01T08:56:21.114+0000] {processor.py:186} INFO - Started process (PID=683) to work on /home/airflow/.local/lib/python3.12/site-packages/airflow/example_dags/example_xcomargs.py
[2024-12-01T08:56:21.114+0000] {processor.py:914} INFO - Processing file /home/airflow/.local/lib/python3.12/site-packages/airflow/example_dags/example_xcomargs.py for tasks to queue
[2024-12-01T08:56:21.116+0000] {logging_mixin.py:190} INFO - [2024-12-01T08:56:21.116+0000] {dagbag.py:588} INFO - Filling up the DagBag from /home/airflow/.local/lib/python3.12/site-packages/airflow/example_dags/example_xcomargs.py
[2024-12-01T08:56:21.122+0000] {processor.py:925} INFO - DAG(s) 'example_xcom_args_with_operators', 'example_xcom_args' retrieved from /home/airflow/.local/lib/python3.12/site-packages/airflow/example_dags/example_xcomargs.py
[2024-12-01T08:56:21.136+0000] {logging_mixin.py:190} INFO - [2024-12-01T08:56:21.136+0000] {dag.py:3239} INFO - Sync 2 DAGs
[2024-12-01T08:56:21.144+0000] {logging_mixin.py:190} INFO - [2024-12-01T08:56:21.144+0000] {dag.py:4180} INFO - Setting next_dagrun for example_xcom_args to None, run_after=None
[2024-12-01T08:56:21.147+0000] {logging_mixin.py:190} INFO - [2024-12-01T08:56:21.146+0000] {dag.py:4180} INFO - Setting next_dagrun for example_xcom_args_with_operators to None, run_after=None
[2024-12-01T08:56:21.156+0000] {processor.py:208} INFO - Processing /home/airflow/.local/lib/python3.12/site-packages/airflow/example_dags/example_xcomargs.py took 0.046 seconds
[2024-12-01T08:56:51.862+0000] {processor.py:186} INFO - Started process (PID=746) to work on /home/airflow/.local/lib/python3.12/site-packages/airflow/example_dags/example_xcomargs.py
[2024-12-01T08:56:51.862+0000] {processor.py:914} INFO - Processing file /home/airflow/.local/lib/python3.12/site-packages/airflow/example_dags/example_xcomargs.py for tasks to queue
[2024-12-01T08:56:51.863+0000] {logging_mixin.py:190} INFO - [2024-12-01T08:56:51.863+0000] {dagbag.py:588} INFO - Filling up the DagBag from /home/airflow/.local/lib/python3.12/site-packages/airflow/example_dags/example_xcomargs.py
[2024-12-01T08:56:51.868+0000] {processor.py:925} INFO - DAG(s) 'example_xcom_args_with_operators', 'example_xcom_args' retrieved from /home/airflow/.local/lib/python3.12/site-packages/airflow/example_dags/example_xcomargs.py
[2024-12-01T08:56:51.883+0000] {logging_mixin.py:190} INFO - [2024-12-01T08:56:51.883+0000] {dag.py:3239} INFO - Sync 2 DAGs
[2024-12-01T08:56:51.890+0000] {logging_mixin.py:190} INFO - [2024-12-01T08:56:51.890+0000] {dag.py:4180} INFO - Setting next_dagrun for example_xcom_args to None, run_after=None
[2024-12-01T08:56:51.892+0000] {logging_mixin.py:190} INFO - [2024-12-01T08:56:51.892+0000] {dag.py:4180} INFO - Setting next_dagrun for example_xcom_args_with_operators to None, run_after=None
[2024-12-01T08:56:51.901+0000] {processor.py:208} INFO - Processing /home/airflow/.local/lib/python3.12/site-packages/airflow/example_dags/example_xcomargs.py took 0.042 seconds
[2024-12-01T08:57:22.647+0000] {processor.py:186} INFO - Started process (PID=809) to work on /home/airflow/.local/lib/python3.12/site-packages/airflow/example_dags/example_xcomargs.py
[2024-12-01T08:57:22.648+0000] {processor.py:914} INFO - Processing file /home/airflow/.local/lib/python3.12/site-packages/airflow/example_dags/example_xcomargs.py for tasks to queue
[2024-12-01T08:57:22.649+0000] {logging_mixin.py:190} INFO - [2024-12-01T08:57:22.648+0000] {dagbag.py:588} INFO - Filling up the DagBag from /home/airflow/.local/lib/python3.12/site-packages/airflow/example_dags/example_xcomargs.py
[2024-12-01T08:57:22.654+0000] {processor.py:925} INFO - DAG(s) 'example_xcom_args_with_operators', 'example_xcom_args' retrieved from /home/airflow/.local/lib/python3.12/site-packages/airflow/example_dags/example_xcomargs.py
[2024-12-01T08:57:22.670+0000] {logging_mixin.py:190} INFO - [2024-12-01T08:57:22.670+0000] {dag.py:3239} INFO - Sync 2 DAGs
[2024-12-01T08:57:22.681+0000] {logging_mixin.py:190} INFO - [2024-12-01T08:57:22.681+0000] {dag.py:4180} INFO - Setting next_dagrun for example_xcom_args to None, run_after=None
[2024-12-01T08:57:22.683+0000] {logging_mixin.py:190} INFO - [2024-12-01T08:57:22.683+0000] {dag.py:4180} INFO - Setting next_dagrun for example_xcom_args_with_operators to None, run_after=None
[2024-12-01T08:57:22.693+0000] {processor.py:208} INFO - Processing /home/airflow/.local/lib/python3.12/site-packages/airflow/example_dags/example_xcomargs.py took 0.050 seconds
[2024-12-01T08:57:53.461+0000] {processor.py:186} INFO - Started process (PID=872) to work on /home/airflow/.local/lib/python3.12/site-packages/airflow/example_dags/example_xcomargs.py
[2024-12-01T08:57:53.461+0000] {processor.py:914} INFO - Processing file /home/airflow/.local/lib/python3.12/site-packages/airflow/example_dags/example_xcomargs.py for tasks to queue
[2024-12-01T08:57:53.462+0000] {logging_mixin.py:190} INFO - [2024-12-01T08:57:53.462+0000] {dagbag.py:588} INFO - Filling up the DagBag from /home/airflow/.local/lib/python3.12/site-packages/airflow/example_dags/example_xcomargs.py
[2024-12-01T08:57:53.467+0000] {processor.py:925} INFO - DAG(s) 'example_xcom_args_with_operators', 'example_xcom_args' retrieved from /home/airflow/.local/lib/python3.12/site-packages/airflow/example_dags/example_xcomargs.py
[2024-12-01T08:57:53.479+0000] {logging_mixin.py:190} INFO - [2024-12-01T08:57:53.479+0000] {dag.py:3239} INFO - Sync 2 DAGs
[2024-12-01T08:57:53.486+0000] {logging_mixin.py:190} INFO - [2024-12-01T08:57:53.486+0000] {dag.py:4180} INFO - Setting next_dagrun for example_xcom_args to None, run_after=None
[2024-12-01T08:57:53.488+0000] {logging_mixin.py:190} INFO - [2024-12-01T08:57:53.488+0000] {dag.py:4180} INFO - Setting next_dagrun for example_xcom_args_with_operators to None, run_after=None
[2024-12-01T08:57:53.496+0000] {processor.py:208} INFO - Processing /home/airflow/.local/lib/python3.12/site-packages/airflow/example_dags/example_xcomargs.py took 0.038 seconds
[2024-12-01T08:58:24.294+0000] {processor.py:186} INFO - Started process (PID=935) to work on /home/airflow/.local/lib/python3.12/site-packages/airflow/example_dags/example_xcomargs.py
[2024-12-01T08:58:24.295+0000] {processor.py:914} INFO - Processing file /home/airflow/.local/lib/python3.12/site-packages/airflow/example_dags/example_xcomargs.py for tasks to queue
[2024-12-01T08:58:24.296+0000] {logging_mixin.py:190} INFO - [2024-12-01T08:58:24.296+0000] {dagbag.py:588} INFO - Filling up the DagBag from /home/airflow/.local/lib/python3.12/site-packages/airflow/example_dags/example_xcomargs.py
[2024-12-01T08:58:24.302+0000] {processor.py:925} INFO - DAG(s) 'example_xcom_args', 'example_xcom_args_with_operators' retrieved from /home/airflow/.local/lib/python3.12/site-packages/airflow/example_dags/example_xcomargs.py
[2024-12-01T08:58:24.316+0000] {logging_mixin.py:190} INFO - [2024-12-01T08:58:24.316+0000] {dag.py:3239} INFO - Sync 2 DAGs
[2024-12-01T08:58:24.323+0000] {logging_mixin.py:190} INFO - [2024-12-01T08:58:24.323+0000] {dag.py:4180} INFO - Setting next_dagrun for example_xcom_args to None, run_after=None
[2024-12-01T08:58:24.325+0000] {logging_mixin.py:190} INFO - [2024-12-01T08:58:24.325+0000] {dag.py:4180} INFO - Setting next_dagrun for example_xcom_args_with_operators to None, run_after=None
[2024-12-01T08:58:24.334+0000] {processor.py:208} INFO - Processing /home/airflow/.local/lib/python3.12/site-packages/airflow/example_dags/example_xcomargs.py took 0.043 seconds
[2024-12-01T08:58:55.090+0000] {processor.py:186} INFO - Started process (PID=998) to work on /home/airflow/.local/lib/python3.12/site-packages/airflow/example_dags/example_xcomargs.py
[2024-12-01T08:58:55.091+0000] {processor.py:914} INFO - Processing file /home/airflow/.local/lib/python3.12/site-packages/airflow/example_dags/example_xcomargs.py for tasks to queue
[2024-12-01T08:58:55.092+0000] {logging_mixin.py:190} INFO - [2024-12-01T08:58:55.092+0000] {dagbag.py:588} INFO - Filling up the DagBag from /home/airflow/.local/lib/python3.12/site-packages/airflow/example_dags/example_xcomargs.py
[2024-12-01T08:58:55.097+0000] {processor.py:925} INFO - DAG(s) 'example_xcom_args', 'example_xcom_args_with_operators' retrieved from /home/airflow/.local/lib/python3.12/site-packages/airflow/example_dags/example_xcomargs.py
[2024-12-01T08:58:55.115+0000] {logging_mixin.py:190} INFO - [2024-12-01T08:58:55.115+0000] {dag.py:3239} INFO - Sync 2 DAGs
[2024-12-01T08:58:55.128+0000] {logging_mixin.py:190} INFO - [2024-12-01T08:58:55.127+0000] {dag.py:4180} INFO - Setting next_dagrun for example_xcom_args to None, run_after=None
[2024-12-01T08:58:55.131+0000] {logging_mixin.py:190} INFO - [2024-12-01T08:58:55.130+0000] {dag.py:4180} INFO - Setting next_dagrun for example_xcom_args_with_operators to None, run_after=None
[2024-12-01T08:58:55.143+0000] {processor.py:208} INFO - Processing /home/airflow/.local/lib/python3.12/site-packages/airflow/example_dags/example_xcomargs.py took 0.057 seconds
[2024-12-01T08:59:25.939+0000] {processor.py:186} INFO - Started process (PID=1061) to work on /home/airflow/.local/lib/python3.12/site-packages/airflow/example_dags/example_xcomargs.py
[2024-12-01T08:59:25.939+0000] {processor.py:914} INFO - Processing file /home/airflow/.local/lib/python3.12/site-packages/airflow/example_dags/example_xcomargs.py for tasks to queue
[2024-12-01T08:59:25.940+0000] {logging_mixin.py:190} INFO - [2024-12-01T08:59:25.940+0000] {dagbag.py:588} INFO - Filling up the DagBag from /home/airflow/.local/lib/python3.12/site-packages/airflow/example_dags/example_xcomargs.py
[2024-12-01T08:59:25.945+0000] {processor.py:925} INFO - DAG(s) 'example_xcom_args', 'example_xcom_args_with_operators' retrieved from /home/airflow/.local/lib/python3.12/site-packages/airflow/example_dags/example_xcomargs.py
[2024-12-01T08:59:25.964+0000] {logging_mixin.py:190} INFO - [2024-12-01T08:59:25.964+0000] {dag.py:3239} INFO - Sync 2 DAGs
[2024-12-01T08:59:25.975+0000] {logging_mixin.py:190} INFO - [2024-12-01T08:59:25.975+0000] {dag.py:4180} INFO - Setting next_dagrun for example_xcom_args to None, run_after=None
[2024-12-01T08:59:25.978+0000] {logging_mixin.py:190} INFO - [2024-12-01T08:59:25.978+0000] {dag.py:4180} INFO - Setting next_dagrun for example_xcom_args_with_operators to None, run_after=None
[2024-12-01T08:59:25.989+0000] {processor.py:208} INFO - Processing /home/airflow/.local/lib/python3.12/site-packages/airflow/example_dags/example_xcomargs.py took 0.053 seconds
[2024-12-01T08:59:56.789+0000] {processor.py:186} INFO - Started process (PID=1124) to work on /home/airflow/.local/lib/python3.12/site-packages/airflow/example_dags/example_xcomargs.py
[2024-12-01T08:59:56.789+0000] {processor.py:914} INFO - Processing file /home/airflow/.local/lib/python3.12/site-packages/airflow/example_dags/example_xcomargs.py for tasks to queue
[2024-12-01T08:59:56.790+0000] {logging_mixin.py:190} INFO - [2024-12-01T08:59:56.790+0000] {dagbag.py:588} INFO - Filling up the DagBag from /home/airflow/.local/lib/python3.12/site-packages/airflow/example_dags/example_xcomargs.py
[2024-12-01T08:59:56.795+0000] {processor.py:925} INFO - DAG(s) 'example_xcom_args_with_operators', 'example_xcom_args' retrieved from /home/airflow/.local/lib/python3.12/site-packages/airflow/example_dags/example_xcomargs.py
[2024-12-01T08:59:56.809+0000] {logging_mixin.py:190} INFO - [2024-12-01T08:59:56.809+0000] {dag.py:3239} INFO - Sync 2 DAGs
[2024-12-01T08:59:56.817+0000] {logging_mixin.py:190} INFO - [2024-12-01T08:59:56.817+0000] {dag.py:4180} INFO - Setting next_dagrun for example_xcom_args to None, run_after=None
[2024-12-01T08:59:56.818+0000] {logging_mixin.py:190} INFO - [2024-12-01T08:59:56.818+0000] {dag.py:4180} INFO - Setting next_dagrun for example_xcom_args_with_operators to None, run_after=None
[2024-12-01T08:59:56.829+0000] {processor.py:208} INFO - Processing /home/airflow/.local/lib/python3.12/site-packages/airflow/example_dags/example_xcomargs.py took 0.043 seconds
[2024-12-01T09:00:27.534+0000] {processor.py:186} INFO - Started process (PID=1187) to work on /home/airflow/.local/lib/python3.12/site-packages/airflow/example_dags/example_xcomargs.py
[2024-12-01T09:00:27.535+0000] {processor.py:914} INFO - Processing file /home/airflow/.local/lib/python3.12/site-packages/airflow/example_dags/example_xcomargs.py for tasks to queue
[2024-12-01T09:00:27.536+0000] {logging_mixin.py:190} INFO - [2024-12-01T09:00:27.536+0000] {dagbag.py:588} INFO - Filling up the DagBag from /home/airflow/.local/lib/python3.12/site-packages/airflow/example_dags/example_xcomargs.py
[2024-12-01T09:00:27.541+0000] {processor.py:925} INFO - DAG(s) 'example_xcom_args_with_operators', 'example_xcom_args' retrieved from /home/airflow/.local/lib/python3.12/site-packages/airflow/example_dags/example_xcomargs.py
[2024-12-01T09:00:27.554+0000] {logging_mixin.py:190} INFO - [2024-12-01T09:00:27.554+0000] {dag.py:3239} INFO - Sync 2 DAGs
[2024-12-01T09:00:27.561+0000] {logging_mixin.py:190} INFO - [2024-12-01T09:00:27.561+0000] {dag.py:4180} INFO - Setting next_dagrun for example_xcom_args to None, run_after=None
[2024-12-01T09:00:27.563+0000] {logging_mixin.py:190} INFO - [2024-12-01T09:00:27.563+0000] {dag.py:4180} INFO - Setting next_dagrun for example_xcom_args_with_operators to None, run_after=None
[2024-12-01T09:00:27.571+0000] {processor.py:208} INFO - Processing /home/airflow/.local/lib/python3.12/site-packages/airflow/example_dags/example_xcomargs.py took 0.042 seconds
[2024-12-01T09:00:58.614+0000] {processor.py:186} INFO - Started process (PID=1250) to work on /home/airflow/.local/lib/python3.12/site-packages/airflow/example_dags/example_xcomargs.py
[2024-12-01T09:00:58.615+0000] {processor.py:914} INFO - Processing file /home/airflow/.local/lib/python3.12/site-packages/airflow/example_dags/example_xcomargs.py for tasks to queue
[2024-12-01T09:00:58.617+0000] {logging_mixin.py:190} INFO - [2024-12-01T09:00:58.617+0000] {dagbag.py:588} INFO - Filling up the DagBag from /home/airflow/.local/lib/python3.12/site-packages/airflow/example_dags/example_xcomargs.py
[2024-12-01T09:00:58.624+0000] {processor.py:925} INFO - DAG(s) 'example_xcom_args', 'example_xcom_args_with_operators' retrieved from /home/airflow/.local/lib/python3.12/site-packages/airflow/example_dags/example_xcomargs.py
[2024-12-01T09:00:58.647+0000] {logging_mixin.py:190} INFO - [2024-12-01T09:00:58.647+0000] {dag.py:3239} INFO - Sync 2 DAGs
[2024-12-01T09:00:58.662+0000] {logging_mixin.py:190} INFO - [2024-12-01T09:00:58.662+0000] {dag.py:4180} INFO - Setting next_dagrun for example_xcom_args to None, run_after=None
[2024-12-01T09:00:58.665+0000] {logging_mixin.py:190} INFO - [2024-12-01T09:00:58.664+0000] {dag.py:4180} INFO - Setting next_dagrun for example_xcom_args_with_operators to None, run_after=None
[2024-12-01T09:00:58.679+0000] {processor.py:208} INFO - Processing /home/airflow/.local/lib/python3.12/site-packages/airflow/example_dags/example_xcomargs.py took 0.068 seconds
[2024-12-01T09:01:29.014+0000] {processor.py:186} INFO - Started process (PID=1313) to work on /home/airflow/.local/lib/python3.12/site-packages/airflow/example_dags/example_xcomargs.py
[2024-12-01T09:01:29.014+0000] {processor.py:914} INFO - Processing file /home/airflow/.local/lib/python3.12/site-packages/airflow/example_dags/example_xcomargs.py for tasks to queue
[2024-12-01T09:01:29.016+0000] {logging_mixin.py:190} INFO - [2024-12-01T09:01:29.015+0000] {dagbag.py:588} INFO - Filling up the DagBag from /home/airflow/.local/lib/python3.12/site-packages/airflow/example_dags/example_xcomargs.py
[2024-12-01T09:01:29.021+0000] {processor.py:925} INFO - DAG(s) 'example_xcom_args', 'example_xcom_args_with_operators' retrieved from /home/airflow/.local/lib/python3.12/site-packages/airflow/example_dags/example_xcomargs.py
[2024-12-01T09:01:29.038+0000] {logging_mixin.py:190} INFO - [2024-12-01T09:01:29.038+0000] {dag.py:3239} INFO - Sync 2 DAGs
[2024-12-01T09:01:29.045+0000] {logging_mixin.py:190} INFO - [2024-12-01T09:01:29.045+0000] {dag.py:4180} INFO - Setting next_dagrun for example_xcom_args to None, run_after=None
[2024-12-01T09:01:29.047+0000] {logging_mixin.py:190} INFO - [2024-12-01T09:01:29.047+0000] {dag.py:4180} INFO - Setting next_dagrun for example_xcom_args_with_operators to None, run_after=None
[2024-12-01T09:01:29.058+0000] {processor.py:208} INFO - Processing /home/airflow/.local/lib/python3.12/site-packages/airflow/example_dags/example_xcomargs.py took 0.048 seconds
[2024-12-01T09:02:00.244+0000] {processor.py:186} INFO - Started process (PID=1377) to work on /home/airflow/.local/lib/python3.12/site-packages/airflow/example_dags/example_xcomargs.py
[2024-12-01T09:02:00.244+0000] {processor.py:914} INFO - Processing file /home/airflow/.local/lib/python3.12/site-packages/airflow/example_dags/example_xcomargs.py for tasks to queue
[2024-12-01T09:02:00.246+0000] {logging_mixin.py:190} INFO - [2024-12-01T09:02:00.245+0000] {dagbag.py:588} INFO - Filling up the DagBag from /home/airflow/.local/lib/python3.12/site-packages/airflow/example_dags/example_xcomargs.py
[2024-12-01T09:02:00.251+0000] {processor.py:925} INFO - DAG(s) 'example_xcom_args', 'example_xcom_args_with_operators' retrieved from /home/airflow/.local/lib/python3.12/site-packages/airflow/example_dags/example_xcomargs.py
[2024-12-01T09:02:00.263+0000] {logging_mixin.py:190} INFO - [2024-12-01T09:02:00.263+0000] {dag.py:3239} INFO - Sync 2 DAGs
[2024-12-01T09:02:00.270+0000] {logging_mixin.py:190} INFO - [2024-12-01T09:02:00.270+0000] {dag.py:4180} INFO - Setting next_dagrun for example_xcom_args to None, run_after=None
[2024-12-01T09:02:00.273+0000] {logging_mixin.py:190} INFO - [2024-12-01T09:02:00.272+0000] {dag.py:4180} INFO - Setting next_dagrun for example_xcom_args_with_operators to None, run_after=None
[2024-12-01T09:02:00.282+0000] {processor.py:208} INFO - Processing /home/airflow/.local/lib/python3.12/site-packages/airflow/example_dags/example_xcomargs.py took 0.041 seconds
[2024-12-01T09:02:31.099+0000] {processor.py:186} INFO - Started process (PID=1440) to work on /home/airflow/.local/lib/python3.12/site-packages/airflow/example_dags/example_xcomargs.py
[2024-12-01T09:02:31.099+0000] {processor.py:914} INFO - Processing file /home/airflow/.local/lib/python3.12/site-packages/airflow/example_dags/example_xcomargs.py for tasks to queue
[2024-12-01T09:02:31.100+0000] {logging_mixin.py:190} INFO - [2024-12-01T09:02:31.100+0000] {dagbag.py:588} INFO - Filling up the DagBag from /home/airflow/.local/lib/python3.12/site-packages/airflow/example_dags/example_xcomargs.py
[2024-12-01T09:02:31.106+0000] {processor.py:925} INFO - DAG(s) 'example_xcom_args', 'example_xcom_args_with_operators' retrieved from /home/airflow/.local/lib/python3.12/site-packages/airflow/example_dags/example_xcomargs.py
[2024-12-01T09:02:31.122+0000] {logging_mixin.py:190} INFO - [2024-12-01T09:02:31.122+0000] {dag.py:3239} INFO - Sync 2 DAGs
[2024-12-01T09:02:31.131+0000] {logging_mixin.py:190} INFO - [2024-12-01T09:02:31.130+0000] {dag.py:4180} INFO - Setting next_dagrun for example_xcom_args to None, run_after=None
[2024-12-01T09:02:31.133+0000] {logging_mixin.py:190} INFO - [2024-12-01T09:02:31.133+0000] {dag.py:4180} INFO - Setting next_dagrun for example_xcom_args_with_operators to None, run_after=None
[2024-12-01T09:02:31.142+0000] {processor.py:208} INFO - Processing /home/airflow/.local/lib/python3.12/site-packages/airflow/example_dags/example_xcomargs.py took 0.047 seconds
[2024-12-01T09:03:01.624+0000] {processor.py:186} INFO - Started process (PID=1503) to work on /home/airflow/.local/lib/python3.12/site-packages/airflow/example_dags/example_xcomargs.py
[2024-12-01T09:03:01.625+0000] {processor.py:914} INFO - Processing file /home/airflow/.local/lib/python3.12/site-packages/airflow/example_dags/example_xcomargs.py for tasks to queue
[2024-12-01T09:03:01.626+0000] {logging_mixin.py:190} INFO - [2024-12-01T09:03:01.626+0000] {dagbag.py:588} INFO - Filling up the DagBag from /home/airflow/.local/lib/python3.12/site-packages/airflow/example_dags/example_xcomargs.py
[2024-12-01T09:03:01.631+0000] {processor.py:925} INFO - DAG(s) 'example_xcom_args', 'example_xcom_args_with_operators' retrieved from /home/airflow/.local/lib/python3.12/site-packages/airflow/example_dags/example_xcomargs.py
[2024-12-01T09:03:01.649+0000] {logging_mixin.py:190} INFO - [2024-12-01T09:03:01.649+0000] {dag.py:3239} INFO - Sync 2 DAGs
[2024-12-01T09:03:01.659+0000] {logging_mixin.py:190} INFO - [2024-12-01T09:03:01.659+0000] {dag.py:4180} INFO - Setting next_dagrun for example_xcom_args to None, run_after=None
[2024-12-01T09:03:01.662+0000] {logging_mixin.py:190} INFO - [2024-12-01T09:03:01.662+0000] {dag.py:4180} INFO - Setting next_dagrun for example_xcom_args_with_operators to None, run_after=None
[2024-12-01T09:03:01.674+0000] {processor.py:208} INFO - Processing /home/airflow/.local/lib/python3.12/site-packages/airflow/example_dags/example_xcomargs.py took 0.054 seconds
[2024-12-01T09:03:32.229+0000] {processor.py:186} INFO - Started process (PID=1566) to work on /home/airflow/.local/lib/python3.12/site-packages/airflow/example_dags/example_xcomargs.py
[2024-12-01T09:03:32.230+0000] {processor.py:914} INFO - Processing file /home/airflow/.local/lib/python3.12/site-packages/airflow/example_dags/example_xcomargs.py for tasks to queue
[2024-12-01T09:03:32.231+0000] {logging_mixin.py:190} INFO - [2024-12-01T09:03:32.230+0000] {dagbag.py:588} INFO - Filling up the DagBag from /home/airflow/.local/lib/python3.12/site-packages/airflow/example_dags/example_xcomargs.py
[2024-12-01T09:03:32.236+0000] {processor.py:925} INFO - DAG(s) 'example_xcom_args', 'example_xcom_args_with_operators' retrieved from /home/airflow/.local/lib/python3.12/site-packages/airflow/example_dags/example_xcomargs.py
[2024-12-01T09:03:32.253+0000] {logging_mixin.py:190} INFO - [2024-12-01T09:03:32.253+0000] {dag.py:3239} INFO - Sync 2 DAGs
[2024-12-01T09:03:32.264+0000] {logging_mixin.py:190} INFO - [2024-12-01T09:03:32.264+0000] {dag.py:4180} INFO - Setting next_dagrun for example_xcom_args to None, run_after=None
[2024-12-01T09:03:32.268+0000] {logging_mixin.py:190} INFO - [2024-12-01T09:03:32.267+0000] {dag.py:4180} INFO - Setting next_dagrun for example_xcom_args_with_operators to None, run_after=None
[2024-12-01T09:03:32.280+0000] {processor.py:208} INFO - Processing /home/airflow/.local/lib/python3.12/site-packages/airflow/example_dags/example_xcomargs.py took 0.054 seconds
[2024-12-01T09:04:03.245+0000] {processor.py:186} INFO - Started process (PID=1629) to work on /home/airflow/.local/lib/python3.12/site-packages/airflow/example_dags/example_xcomargs.py
[2024-12-01T09:04:03.246+0000] {processor.py:914} INFO - Processing file /home/airflow/.local/lib/python3.12/site-packages/airflow/example_dags/example_xcomargs.py for tasks to queue
[2024-12-01T09:04:03.247+0000] {logging_mixin.py:190} INFO - [2024-12-01T09:04:03.247+0000] {dagbag.py:588} INFO - Filling up the DagBag from /home/airflow/.local/lib/python3.12/site-packages/airflow/example_dags/example_xcomargs.py
[2024-12-01T09:04:03.253+0000] {processor.py:925} INFO - DAG(s) 'example_xcom_args_with_operators', 'example_xcom_args' retrieved from /home/airflow/.local/lib/python3.12/site-packages/airflow/example_dags/example_xcomargs.py
[2024-12-01T09:04:03.269+0000] {logging_mixin.py:190} INFO - [2024-12-01T09:04:03.269+0000] {dag.py:3239} INFO - Sync 2 DAGs
[2024-12-01T09:04:03.279+0000] {logging_mixin.py:190} INFO - [2024-12-01T09:04:03.278+0000] {dag.py:4180} INFO - Setting next_dagrun for example_xcom_args to None, run_after=None
[2024-12-01T09:04:03.281+0000] {logging_mixin.py:190} INFO - [2024-12-01T09:04:03.281+0000] {dag.py:4180} INFO - Setting next_dagrun for example_xcom_args_with_operators to None, run_after=None
[2024-12-01T09:04:03.292+0000] {processor.py:208} INFO - Processing /home/airflow/.local/lib/python3.12/site-packages/airflow/example_dags/example_xcomargs.py took 0.051 seconds
[2024-12-01T09:04:33.850+0000] {processor.py:186} INFO - Started process (PID=1692) to work on /home/airflow/.local/lib/python3.12/site-packages/airflow/example_dags/example_xcomargs.py
[2024-12-01T09:04:33.850+0000] {processor.py:914} INFO - Processing file /home/airflow/.local/lib/python3.12/site-packages/airflow/example_dags/example_xcomargs.py for tasks to queue
[2024-12-01T09:04:33.852+0000] {logging_mixin.py:190} INFO - [2024-12-01T09:04:33.851+0000] {dagbag.py:588} INFO - Filling up the DagBag from /home/airflow/.local/lib/python3.12/site-packages/airflow/example_dags/example_xcomargs.py
[2024-12-01T09:04:33.857+0000] {processor.py:925} INFO - DAG(s) 'example_xcom_args_with_operators', 'example_xcom_args' retrieved from /home/airflow/.local/lib/python3.12/site-packages/airflow/example_dags/example_xcomargs.py
[2024-12-01T09:04:33.872+0000] {logging_mixin.py:190} INFO - [2024-12-01T09:04:33.872+0000] {dag.py:3239} INFO - Sync 2 DAGs
[2024-12-01T09:04:33.880+0000] {logging_mixin.py:190} INFO - [2024-12-01T09:04:33.880+0000] {dag.py:4180} INFO - Setting next_dagrun for example_xcom_args to None, run_after=None
[2024-12-01T09:04:33.882+0000] {logging_mixin.py:190} INFO - [2024-12-01T09:04:33.882+0000] {dag.py:4180} INFO - Setting next_dagrun for example_xcom_args_with_operators to None, run_after=None
[2024-12-01T09:04:33.891+0000] {processor.py:208} INFO - Processing /home/airflow/.local/lib/python3.12/site-packages/airflow/example_dags/example_xcomargs.py took 0.044 seconds
[2024-12-01T09:05:04.476+0000] {processor.py:186} INFO - Started process (PID=1755) to work on /home/airflow/.local/lib/python3.12/site-packages/airflow/example_dags/example_xcomargs.py
[2024-12-01T09:05:04.476+0000] {processor.py:914} INFO - Processing file /home/airflow/.local/lib/python3.12/site-packages/airflow/example_dags/example_xcomargs.py for tasks to queue
[2024-12-01T09:05:04.477+0000] {logging_mixin.py:190} INFO - [2024-12-01T09:05:04.477+0000] {dagbag.py:588} INFO - Filling up the DagBag from /home/airflow/.local/lib/python3.12/site-packages/airflow/example_dags/example_xcomargs.py
[2024-12-01T09:05:04.484+0000] {processor.py:925} INFO - DAG(s) 'example_xcom_args', 'example_xcom_args_with_operators' retrieved from /home/airflow/.local/lib/python3.12/site-packages/airflow/example_dags/example_xcomargs.py
[2024-12-01T09:05:04.502+0000] {logging_mixin.py:190} INFO - [2024-12-01T09:05:04.502+0000] {dag.py:3239} INFO - Sync 2 DAGs
[2024-12-01T09:05:04.510+0000] {logging_mixin.py:190} INFO - [2024-12-01T09:05:04.510+0000] {dag.py:4180} INFO - Setting next_dagrun for example_xcom_args to None, run_after=None
[2024-12-01T09:05:04.512+0000] {logging_mixin.py:190} INFO - [2024-12-01T09:05:04.512+0000] {dag.py:4180} INFO - Setting next_dagrun for example_xcom_args_with_operators to None, run_after=None
[2024-12-01T09:05:04.522+0000] {processor.py:208} INFO - Processing /home/airflow/.local/lib/python3.12/site-packages/airflow/example_dags/example_xcomargs.py took 0.051 seconds
[2024-12-01T09:05:35.587+0000] {processor.py:186} INFO - Started process (PID=1818) to work on /home/airflow/.local/lib/python3.12/site-packages/airflow/example_dags/example_xcomargs.py
[2024-12-01T09:05:35.587+0000] {processor.py:914} INFO - Processing file /home/airflow/.local/lib/python3.12/site-packages/airflow/example_dags/example_xcomargs.py for tasks to queue
[2024-12-01T09:05:35.589+0000] {logging_mixin.py:190} INFO - [2024-12-01T09:05:35.588+0000] {dagbag.py:588} INFO - Filling up the DagBag from /home/airflow/.local/lib/python3.12/site-packages/airflow/example_dags/example_xcomargs.py
[2024-12-01T09:05:35.594+0000] {processor.py:925} INFO - DAG(s) 'example_xcom_args_with_operators', 'example_xcom_args' retrieved from /home/airflow/.local/lib/python3.12/site-packages/airflow/example_dags/example_xcomargs.py
[2024-12-01T09:05:35.609+0000] {logging_mixin.py:190} INFO - [2024-12-01T09:05:35.609+0000] {dag.py:3239} INFO - Sync 2 DAGs
[2024-12-01T09:05:35.617+0000] {logging_mixin.py:190} INFO - [2024-12-01T09:05:35.617+0000] {dag.py:4180} INFO - Setting next_dagrun for example_xcom_args to None, run_after=None
[2024-12-01T09:05:35.619+0000] {logging_mixin.py:190} INFO - [2024-12-01T09:05:35.619+0000] {dag.py:4180} INFO - Setting next_dagrun for example_xcom_args_with_operators to None, run_after=None
[2024-12-01T09:05:35.628+0000] {processor.py:208} INFO - Processing /home/airflow/.local/lib/python3.12/site-packages/airflow/example_dags/example_xcomargs.py took 0.045 seconds
[2024-12-01T09:06:06.550+0000] {processor.py:186} INFO - Started process (PID=1881) to work on /home/airflow/.local/lib/python3.12/site-packages/airflow/example_dags/example_xcomargs.py
[2024-12-01T09:06:06.550+0000] {processor.py:914} INFO - Processing file /home/airflow/.local/lib/python3.12/site-packages/airflow/example_dags/example_xcomargs.py for tasks to queue
[2024-12-01T09:06:06.552+0000] {logging_mixin.py:190} INFO - [2024-12-01T09:06:06.552+0000] {dagbag.py:588} INFO - Filling up the DagBag from /home/airflow/.local/lib/python3.12/site-packages/airflow/example_dags/example_xcomargs.py
[2024-12-01T09:06:06.558+0000] {processor.py:925} INFO - DAG(s) 'example_xcom_args', 'example_xcom_args_with_operators' retrieved from /home/airflow/.local/lib/python3.12/site-packages/airflow/example_dags/example_xcomargs.py
[2024-12-01T09:06:06.576+0000] {logging_mixin.py:190} INFO - [2024-12-01T09:06:06.575+0000] {dag.py:3239} INFO - Sync 2 DAGs
[2024-12-01T09:06:06.587+0000] {logging_mixin.py:190} INFO - [2024-12-01T09:06:06.587+0000] {dag.py:4180} INFO - Setting next_dagrun for example_xcom_args to None, run_after=None
[2024-12-01T09:06:06.590+0000] {logging_mixin.py:190} INFO - [2024-12-01T09:06:06.590+0000] {dag.py:4180} INFO - Setting next_dagrun for example_xcom_args_with_operators to None, run_after=None
[2024-12-01T09:06:06.600+0000] {processor.py:208} INFO - Processing /home/airflow/.local/lib/python3.12/site-packages/airflow/example_dags/example_xcomargs.py took 0.054 seconds
[2024-12-01T09:06:36.895+0000] {processor.py:186} INFO - Started process (PID=1944) to work on /home/airflow/.local/lib/python3.12/site-packages/airflow/example_dags/example_xcomargs.py
[2024-12-01T09:06:36.896+0000] {processor.py:914} INFO - Processing file /home/airflow/.local/lib/python3.12/site-packages/airflow/example_dags/example_xcomargs.py for tasks to queue
[2024-12-01T09:06:36.897+0000] {logging_mixin.py:190} INFO - [2024-12-01T09:06:36.897+0000] {dagbag.py:588} INFO - Filling up the DagBag from /home/airflow/.local/lib/python3.12/site-packages/airflow/example_dags/example_xcomargs.py
[2024-12-01T09:06:36.902+0000] {processor.py:925} INFO - DAG(s) 'example_xcom_args_with_operators', 'example_xcom_args' retrieved from /home/airflow/.local/lib/python3.12/site-packages/airflow/example_dags/example_xcomargs.py
[2024-12-01T09:06:36.915+0000] {logging_mixin.py:190} INFO - [2024-12-01T09:06:36.915+0000] {dag.py:3239} INFO - Sync 2 DAGs
[2024-12-01T09:06:36.923+0000] {logging_mixin.py:190} INFO - [2024-12-01T09:06:36.923+0000] {dag.py:4180} INFO - Setting next_dagrun for example_xcom_args to None, run_after=None
[2024-12-01T09:06:36.926+0000] {logging_mixin.py:190} INFO - [2024-12-01T09:06:36.926+0000] {dag.py:4180} INFO - Setting next_dagrun for example_xcom_args_with_operators to None, run_after=None
[2024-12-01T09:06:36.938+0000] {processor.py:208} INFO - Processing /home/airflow/.local/lib/python3.12/site-packages/airflow/example_dags/example_xcomargs.py took 0.046 seconds
[2024-12-01T09:07:07.417+0000] {processor.py:186} INFO - Started process (PID=2007) to work on /home/airflow/.local/lib/python3.12/site-packages/airflow/example_dags/example_xcomargs.py
[2024-12-01T09:07:07.417+0000] {processor.py:914} INFO - Processing file /home/airflow/.local/lib/python3.12/site-packages/airflow/example_dags/example_xcomargs.py for tasks to queue
[2024-12-01T09:07:07.418+0000] {logging_mixin.py:190} INFO - [2024-12-01T09:07:07.418+0000] {dagbag.py:588} INFO - Filling up the DagBag from /home/airflow/.local/lib/python3.12/site-packages/airflow/example_dags/example_xcomargs.py
[2024-12-01T09:07:07.423+0000] {processor.py:925} INFO - DAG(s) 'example_xcom_args_with_operators', 'example_xcom_args' retrieved from /home/airflow/.local/lib/python3.12/site-packages/airflow/example_dags/example_xcomargs.py
[2024-12-01T09:07:07.436+0000] {logging_mixin.py:190} INFO - [2024-12-01T09:07:07.436+0000] {dag.py:3239} INFO - Sync 2 DAGs
[2024-12-01T09:07:07.444+0000] {logging_mixin.py:190} INFO - [2024-12-01T09:07:07.444+0000] {dag.py:4180} INFO - Setting next_dagrun for example_xcom_args to None, run_after=None
[2024-12-01T09:07:07.447+0000] {logging_mixin.py:190} INFO - [2024-12-01T09:07:07.447+0000] {dag.py:4180} INFO - Setting next_dagrun for example_xcom_args_with_operators to None, run_after=None
[2024-12-01T09:07:07.458+0000] {processor.py:208} INFO - Processing /home/airflow/.local/lib/python3.12/site-packages/airflow/example_dags/example_xcomargs.py took 0.045 seconds
[2024-12-01T09:07:37.829+0000] {processor.py:186} INFO - Started process (PID=2070) to work on /home/airflow/.local/lib/python3.12/site-packages/airflow/example_dags/example_xcomargs.py
[2024-12-01T09:07:37.830+0000] {processor.py:914} INFO - Processing file /home/airflow/.local/lib/python3.12/site-packages/airflow/example_dags/example_xcomargs.py for tasks to queue
[2024-12-01T09:07:37.831+0000] {logging_mixin.py:190} INFO - [2024-12-01T09:07:37.831+0000] {dagbag.py:588} INFO - Filling up the DagBag from /home/airflow/.local/lib/python3.12/site-packages/airflow/example_dags/example_xcomargs.py
[2024-12-01T09:07:37.836+0000] {processor.py:925} INFO - DAG(s) 'example_xcom_args_with_operators', 'example_xcom_args' retrieved from /home/airflow/.local/lib/python3.12/site-packages/airflow/example_dags/example_xcomargs.py
[2024-12-01T09:07:37.852+0000] {logging_mixin.py:190} INFO - [2024-12-01T09:07:37.851+0000] {dag.py:3239} INFO - Sync 2 DAGs
[2024-12-01T09:07:37.861+0000] {logging_mixin.py:190} INFO - [2024-12-01T09:07:37.861+0000] {dag.py:4180} INFO - Setting next_dagrun for example_xcom_args to None, run_after=None
[2024-12-01T09:07:37.864+0000] {logging_mixin.py:190} INFO - [2024-12-01T09:07:37.864+0000] {dag.py:4180} INFO - Setting next_dagrun for example_xcom_args_with_operators to None, run_after=None
[2024-12-01T09:07:37.875+0000] {processor.py:208} INFO - Processing /home/airflow/.local/lib/python3.12/site-packages/airflow/example_dags/example_xcomargs.py took 0.050 seconds
[2024-12-01T09:08:08.586+0000] {processor.py:186} INFO - Started process (PID=2133) to work on /home/airflow/.local/lib/python3.12/site-packages/airflow/example_dags/example_xcomargs.py
[2024-12-01T09:08:08.587+0000] {processor.py:914} INFO - Processing file /home/airflow/.local/lib/python3.12/site-packages/airflow/example_dags/example_xcomargs.py for tasks to queue
[2024-12-01T09:08:08.588+0000] {logging_mixin.py:190} INFO - [2024-12-01T09:08:08.588+0000] {dagbag.py:588} INFO - Filling up the DagBag from /home/airflow/.local/lib/python3.12/site-packages/airflow/example_dags/example_xcomargs.py
[2024-12-01T09:08:08.594+0000] {processor.py:925} INFO - DAG(s) 'example_xcom_args', 'example_xcom_args_with_operators' retrieved from /home/airflow/.local/lib/python3.12/site-packages/airflow/example_dags/example_xcomargs.py
[2024-12-01T09:08:08.607+0000] {logging_mixin.py:190} INFO - [2024-12-01T09:08:08.607+0000] {dag.py:3239} INFO - Sync 2 DAGs
[2024-12-01T09:08:08.615+0000] {logging_mixin.py:190} INFO - [2024-12-01T09:08:08.615+0000] {dag.py:4180} INFO - Setting next_dagrun for example_xcom_args to None, run_after=None
[2024-12-01T09:08:08.617+0000] {logging_mixin.py:190} INFO - [2024-12-01T09:08:08.617+0000] {dag.py:4180} INFO - Setting next_dagrun for example_xcom_args_with_operators to None, run_after=None
[2024-12-01T09:08:08.626+0000] {processor.py:208} INFO - Processing /home/airflow/.local/lib/python3.12/site-packages/airflow/example_dags/example_xcomargs.py took 0.043 seconds
[2024-12-01T09:08:39.449+0000] {processor.py:186} INFO - Started process (PID=2196) to work on /home/airflow/.local/lib/python3.12/site-packages/airflow/example_dags/example_xcomargs.py
[2024-12-01T09:08:39.450+0000] {processor.py:914} INFO - Processing file /home/airflow/.local/lib/python3.12/site-packages/airflow/example_dags/example_xcomargs.py for tasks to queue
[2024-12-01T09:08:39.452+0000] {logging_mixin.py:190} INFO - [2024-12-01T09:08:39.451+0000] {dagbag.py:588} INFO - Filling up the DagBag from /home/airflow/.local/lib/python3.12/site-packages/airflow/example_dags/example_xcomargs.py
[2024-12-01T09:08:39.459+0000] {processor.py:925} INFO - DAG(s) 'example_xcom_args', 'example_xcom_args_with_operators' retrieved from /home/airflow/.local/lib/python3.12/site-packages/airflow/example_dags/example_xcomargs.py
[2024-12-01T09:08:39.475+0000] {logging_mixin.py:190} INFO - [2024-12-01T09:08:39.475+0000] {dag.py:3239} INFO - Sync 2 DAGs
[2024-12-01T09:08:39.484+0000] {logging_mixin.py:190} INFO - [2024-12-01T09:08:39.484+0000] {dag.py:4180} INFO - Setting next_dagrun for example_xcom_args to None, run_after=None
[2024-12-01T09:08:39.486+0000] {logging_mixin.py:190} INFO - [2024-12-01T09:08:39.486+0000] {dag.py:4180} INFO - Setting next_dagrun for example_xcom_args_with_operators to None, run_after=None
[2024-12-01T09:08:39.497+0000] {processor.py:208} INFO - Processing /home/airflow/.local/lib/python3.12/site-packages/airflow/example_dags/example_xcomargs.py took 0.051 seconds
[2024-12-01T09:09:09.857+0000] {processor.py:186} INFO - Started process (PID=2259) to work on /home/airflow/.local/lib/python3.12/site-packages/airflow/example_dags/example_xcomargs.py
[2024-12-01T09:09:09.857+0000] {processor.py:914} INFO - Processing file /home/airflow/.local/lib/python3.12/site-packages/airflow/example_dags/example_xcomargs.py for tasks to queue
[2024-12-01T09:09:09.859+0000] {logging_mixin.py:190} INFO - [2024-12-01T09:09:09.858+0000] {dagbag.py:588} INFO - Filling up the DagBag from /home/airflow/.local/lib/python3.12/site-packages/airflow/example_dags/example_xcomargs.py
[2024-12-01T09:09:09.864+0000] {processor.py:925} INFO - DAG(s) 'example_xcom_args_with_operators', 'example_xcom_args' retrieved from /home/airflow/.local/lib/python3.12/site-packages/airflow/example_dags/example_xcomargs.py
[2024-12-01T09:09:09.879+0000] {logging_mixin.py:190} INFO - [2024-12-01T09:09:09.879+0000] {dag.py:3239} INFO - Sync 2 DAGs
[2024-12-01T09:09:09.887+0000] {logging_mixin.py:190} INFO - [2024-12-01T09:09:09.887+0000] {dag.py:4180} INFO - Setting next_dagrun for example_xcom_args to None, run_after=None
[2024-12-01T09:09:09.889+0000] {logging_mixin.py:190} INFO - [2024-12-01T09:09:09.889+0000] {dag.py:4180} INFO - Setting next_dagrun for example_xcom_args_with_operators to None, run_after=None
[2024-12-01T09:09:09.898+0000] {processor.py:208} INFO - Processing /home/airflow/.local/lib/python3.12/site-packages/airflow/example_dags/example_xcomargs.py took 0.045 seconds
[2024-12-01T09:09:40.913+0000] {processor.py:186} INFO - Started process (PID=2321) to work on /home/airflow/.local/lib/python3.12/site-packages/airflow/example_dags/example_xcomargs.py
[2024-12-01T09:09:40.914+0000] {processor.py:914} INFO - Processing file /home/airflow/.local/lib/python3.12/site-packages/airflow/example_dags/example_xcomargs.py for tasks to queue
[2024-12-01T09:09:40.915+0000] {logging_mixin.py:190} INFO - [2024-12-01T09:09:40.915+0000] {dagbag.py:588} INFO - Filling up the DagBag from /home/airflow/.local/lib/python3.12/site-packages/airflow/example_dags/example_xcomargs.py
[2024-12-01T09:09:40.921+0000] {processor.py:925} INFO - DAG(s) 'example_xcom_args_with_operators', 'example_xcom_args' retrieved from /home/airflow/.local/lib/python3.12/site-packages/airflow/example_dags/example_xcomargs.py
[2024-12-01T09:09:40.937+0000] {logging_mixin.py:190} INFO - [2024-12-01T09:09:40.937+0000] {dag.py:3239} INFO - Sync 2 DAGs
[2024-12-01T09:09:40.949+0000] {logging_mixin.py:190} INFO - [2024-12-01T09:09:40.949+0000] {dag.py:4180} INFO - Setting next_dagrun for example_xcom_args to None, run_after=None
[2024-12-01T09:09:40.951+0000] {logging_mixin.py:190} INFO - [2024-12-01T09:09:40.951+0000] {dag.py:4180} INFO - Setting next_dagrun for example_xcom_args_with_operators to None, run_after=None
[2024-12-01T09:09:40.962+0000] {processor.py:208} INFO - Processing /home/airflow/.local/lib/python3.12/site-packages/airflow/example_dags/example_xcomargs.py took 0.052 seconds
