[2024-12-01T08:51:39.441+0000] {processor.py:186} INFO - Started process (PID=83) to work on /home/airflow/.local/lib/python3.12/site-packages/airflow/example_dags/example_sla_dag.py
[2024-12-01T08:51:39.441+0000] {processor.py:914} INFO - Processing file /home/airflow/.local/lib/python3.12/site-packages/airflow/example_dags/example_sla_dag.py for tasks to queue
[2024-12-01T08:51:39.443+0000] {logging_mixin.py:190} INFO - [2024-12-01T08:51:39.442+0000] {dagbag.py:588} INFO - Filling up the DagBag from /home/airflow/.local/lib/python3.12/site-packages/airflow/example_dags/example_sla_dag.py
[2024-12-01T08:51:39.449+0000] {processor.py:925} INFO - DAG(s) 'example_sla_dag' retrieved from /home/airflow/.local/lib/python3.12/site-packages/airflow/example_dags/example_sla_dag.py
[2024-12-01T08:51:39.519+0000] {logging_mixin.py:190} INFO - [2024-12-01T08:51:39.518+0000] {override.py:1911} INFO - Created Permission View: can edit on DAG:example_sla_dag
[2024-12-01T08:51:39.526+0000] {logging_mixin.py:190} INFO - [2024-12-01T08:51:39.526+0000] {override.py:1911} INFO - Created Permission View: can read on DAG:example_sla_dag
[2024-12-01T08:51:39.529+0000] {logging_mixin.py:190} INFO - [2024-12-01T08:51:39.529+0000] {override.py:1911} INFO - Created Permission View: can delete on DAG:example_sla_dag
[2024-12-01T08:51:39.535+0000] {logging_mixin.py:190} INFO - [2024-12-01T08:51:39.535+0000] {override.py:1911} INFO - Created Permission View: can create on DAG Run:example_sla_dag
[2024-12-01T08:51:39.539+0000] {logging_mixin.py:190} INFO - [2024-12-01T08:51:39.539+0000] {override.py:1911} INFO - Created Permission View: menu access on DAG Run:example_sla_dag
[2024-12-01T08:51:39.543+0000] {logging_mixin.py:190} INFO - [2024-12-01T08:51:39.543+0000] {override.py:1911} INFO - Created Permission View: can read on DAG Run:example_sla_dag
[2024-12-01T08:51:39.547+0000] {logging_mixin.py:190} INFO - [2024-12-01T08:51:39.547+0000] {override.py:1911} INFO - Created Permission View: can delete on DAG Run:example_sla_dag
[2024-12-01T08:51:39.548+0000] {logging_mixin.py:190} INFO - [2024-12-01T08:51:39.547+0000] {dag.py:3239} INFO - Sync 1 DAGs
[2024-12-01T08:51:39.558+0000] {logging_mixin.py:190} INFO - [2024-12-01T08:51:39.558+0000] {dag.py:3262} INFO - Creating ORM DAG for example_sla_dag
[2024-12-01T08:51:39.569+0000] {logging_mixin.py:190} INFO - [2024-12-01T08:51:39.569+0000] {dag.py:4180} INFO - Setting next_dagrun for example_sla_dag to 2024-12-01 08:48:00+00:00, run_after=2024-12-01 08:50:00+00:00
[2024-12-01T08:51:39.581+0000] {processor.py:208} INFO - Processing /home/airflow/.local/lib/python3.12/site-packages/airflow/example_dags/example_sla_dag.py took 0.144 seconds
[2024-12-01T08:52:09.712+0000] {processor.py:186} INFO - Started process (PID=146) to work on /home/airflow/.local/lib/python3.12/site-packages/airflow/example_dags/example_sla_dag.py
[2024-12-01T08:52:09.713+0000] {processor.py:914} INFO - Processing file /home/airflow/.local/lib/python3.12/site-packages/airflow/example_dags/example_sla_dag.py for tasks to queue
[2024-12-01T08:52:09.714+0000] {logging_mixin.py:190} INFO - [2024-12-01T08:52:09.714+0000] {dagbag.py:588} INFO - Filling up the DagBag from /home/airflow/.local/lib/python3.12/site-packages/airflow/example_dags/example_sla_dag.py
[2024-12-01T08:52:09.721+0000] {processor.py:925} INFO - DAG(s) 'example_sla_dag' retrieved from /home/airflow/.local/lib/python3.12/site-packages/airflow/example_dags/example_sla_dag.py
[2024-12-01T08:52:09.734+0000] {logging_mixin.py:190} INFO - [2024-12-01T08:52:09.734+0000] {dag.py:3239} INFO - Sync 1 DAGs
[2024-12-01T08:52:09.750+0000] {logging_mixin.py:190} INFO - [2024-12-01T08:52:09.750+0000] {dag.py:4180} INFO - Setting next_dagrun for example_sla_dag to 2024-12-01 08:50:00+00:00, run_after=2024-12-01 08:52:00+00:00
[2024-12-01T08:52:09.761+0000] {processor.py:208} INFO - Processing /home/airflow/.local/lib/python3.12/site-packages/airflow/example_dags/example_sla_dag.py took 0.052 seconds
[2024-12-01T08:52:40.670+0000] {processor.py:186} INFO - Started process (PID=208) to work on /home/airflow/.local/lib/python3.12/site-packages/airflow/example_dags/example_sla_dag.py
[2024-12-01T08:52:40.671+0000] {processor.py:914} INFO - Processing file /home/airflow/.local/lib/python3.12/site-packages/airflow/example_dags/example_sla_dag.py for tasks to queue
[2024-12-01T08:52:40.672+0000] {logging_mixin.py:190} INFO - [2024-12-01T08:52:40.672+0000] {dagbag.py:588} INFO - Filling up the DagBag from /home/airflow/.local/lib/python3.12/site-packages/airflow/example_dags/example_sla_dag.py
[2024-12-01T08:52:40.679+0000] {processor.py:925} INFO - DAG(s) 'example_sla_dag' retrieved from /home/airflow/.local/lib/python3.12/site-packages/airflow/example_dags/example_sla_dag.py
[2024-12-01T08:52:40.693+0000] {logging_mixin.py:190} INFO - [2024-12-01T08:52:40.693+0000] {dag.py:3239} INFO - Sync 1 DAGs
[2024-12-01T08:52:40.708+0000] {logging_mixin.py:190} INFO - [2024-12-01T08:52:40.708+0000] {dag.py:4180} INFO - Setting next_dagrun for example_sla_dag to 2024-12-01 08:50:00+00:00, run_after=2024-12-01 08:52:00+00:00
[2024-12-01T08:52:40.719+0000] {processor.py:208} INFO - Processing /home/airflow/.local/lib/python3.12/site-packages/airflow/example_dags/example_sla_dag.py took 0.054 seconds
[2024-12-01T08:53:11.182+0000] {processor.py:186} INFO - Started process (PID=277) to work on /home/airflow/.local/lib/python3.12/site-packages/airflow/example_dags/example_sla_dag.py
[2024-12-01T08:53:11.182+0000] {processor.py:914} INFO - Processing file /home/airflow/.local/lib/python3.12/site-packages/airflow/example_dags/example_sla_dag.py for tasks to queue
[2024-12-01T08:53:11.184+0000] {logging_mixin.py:190} INFO - [2024-12-01T08:53:11.183+0000] {dagbag.py:588} INFO - Filling up the DagBag from /home/airflow/.local/lib/python3.12/site-packages/airflow/example_dags/example_sla_dag.py
[2024-12-01T08:53:11.191+0000] {processor.py:925} INFO - DAG(s) 'example_sla_dag' retrieved from /home/airflow/.local/lib/python3.12/site-packages/airflow/example_dags/example_sla_dag.py
[2024-12-01T08:53:11.205+0000] {logging_mixin.py:190} INFO - [2024-12-01T08:53:11.205+0000] {dag.py:3239} INFO - Sync 1 DAGs
[2024-12-01T08:53:11.221+0000] {logging_mixin.py:190} INFO - [2024-12-01T08:53:11.221+0000] {dag.py:4180} INFO - Setting next_dagrun for example_sla_dag to 2024-12-01 08:50:00+00:00, run_after=2024-12-01 08:52:00+00:00
[2024-12-01T08:53:11.231+0000] {processor.py:208} INFO - Processing /home/airflow/.local/lib/python3.12/site-packages/airflow/example_dags/example_sla_dag.py took 0.053 seconds
[2024-12-01T08:53:42.314+0000] {processor.py:186} INFO - Started process (PID=340) to work on /home/airflow/.local/lib/python3.12/site-packages/airflow/example_dags/example_sla_dag.py
[2024-12-01T08:53:42.315+0000] {processor.py:914} INFO - Processing file /home/airflow/.local/lib/python3.12/site-packages/airflow/example_dags/example_sla_dag.py for tasks to queue
[2024-12-01T08:53:42.316+0000] {logging_mixin.py:190} INFO - [2024-12-01T08:53:42.316+0000] {dagbag.py:588} INFO - Filling up the DagBag from /home/airflow/.local/lib/python3.12/site-packages/airflow/example_dags/example_sla_dag.py
[2024-12-01T08:53:42.322+0000] {processor.py:925} INFO - DAG(s) 'example_sla_dag' retrieved from /home/airflow/.local/lib/python3.12/site-packages/airflow/example_dags/example_sla_dag.py
[2024-12-01T08:53:42.334+0000] {logging_mixin.py:190} INFO - [2024-12-01T08:53:42.334+0000] {dag.py:3239} INFO - Sync 1 DAGs
[2024-12-01T08:53:42.348+0000] {logging_mixin.py:190} INFO - [2024-12-01T08:53:42.348+0000] {dag.py:4180} INFO - Setting next_dagrun for example_sla_dag to 2024-12-01 08:50:00+00:00, run_after=2024-12-01 08:52:00+00:00
[2024-12-01T08:53:42.358+0000] {processor.py:208} INFO - Processing /home/airflow/.local/lib/python3.12/site-packages/airflow/example_dags/example_sla_dag.py took 0.048 seconds
[2024-12-01T08:54:12.397+0000] {processor.py:186} INFO - Started process (PID=403) to work on /home/airflow/.local/lib/python3.12/site-packages/airflow/example_dags/example_sla_dag.py
[2024-12-01T08:54:12.398+0000] {processor.py:914} INFO - Processing file /home/airflow/.local/lib/python3.12/site-packages/airflow/example_dags/example_sla_dag.py for tasks to queue
[2024-12-01T08:54:12.399+0000] {logging_mixin.py:190} INFO - [2024-12-01T08:54:12.399+0000] {dagbag.py:588} INFO - Filling up the DagBag from /home/airflow/.local/lib/python3.12/site-packages/airflow/example_dags/example_sla_dag.py
[2024-12-01T08:54:12.404+0000] {processor.py:925} INFO - DAG(s) 'example_sla_dag' retrieved from /home/airflow/.local/lib/python3.12/site-packages/airflow/example_dags/example_sla_dag.py
[2024-12-01T08:54:12.418+0000] {logging_mixin.py:190} INFO - [2024-12-01T08:54:12.418+0000] {dag.py:3239} INFO - Sync 1 DAGs
[2024-12-01T08:54:12.431+0000] {logging_mixin.py:190} INFO - [2024-12-01T08:54:12.431+0000] {dag.py:4180} INFO - Setting next_dagrun for example_sla_dag to 2024-12-01 08:52:00+00:00, run_after=2024-12-01 08:54:00+00:00
[2024-12-01T08:54:12.441+0000] {processor.py:208} INFO - Processing /home/airflow/.local/lib/python3.12/site-packages/airflow/example_dags/example_sla_dag.py took 0.046 seconds
[2024-12-01T08:54:42.605+0000] {processor.py:186} INFO - Started process (PID=465) to work on /home/airflow/.local/lib/python3.12/site-packages/airflow/example_dags/example_sla_dag.py
[2024-12-01T08:54:42.606+0000] {processor.py:914} INFO - Processing file /home/airflow/.local/lib/python3.12/site-packages/airflow/example_dags/example_sla_dag.py for tasks to queue
[2024-12-01T08:54:42.607+0000] {logging_mixin.py:190} INFO - [2024-12-01T08:54:42.607+0000] {dagbag.py:588} INFO - Filling up the DagBag from /home/airflow/.local/lib/python3.12/site-packages/airflow/example_dags/example_sla_dag.py
[2024-12-01T08:54:42.614+0000] {processor.py:925} INFO - DAG(s) 'example_sla_dag' retrieved from /home/airflow/.local/lib/python3.12/site-packages/airflow/example_dags/example_sla_dag.py
[2024-12-01T08:54:42.631+0000] {logging_mixin.py:190} INFO - [2024-12-01T08:54:42.630+0000] {dag.py:3239} INFO - Sync 1 DAGs
[2024-12-01T08:54:42.651+0000] {logging_mixin.py:190} INFO - [2024-12-01T08:54:42.651+0000] {dag.py:4180} INFO - Setting next_dagrun for example_sla_dag to 2024-12-01 08:52:00+00:00, run_after=2024-12-01 08:54:00+00:00
[2024-12-01T08:54:42.663+0000] {processor.py:208} INFO - Processing /home/airflow/.local/lib/python3.12/site-packages/airflow/example_dags/example_sla_dag.py took 0.062 seconds
[2024-12-01T08:55:12.840+0000] {processor.py:186} INFO - Started process (PID=528) to work on /home/airflow/.local/lib/python3.12/site-packages/airflow/example_dags/example_sla_dag.py
[2024-12-01T08:55:12.840+0000] {processor.py:914} INFO - Processing file /home/airflow/.local/lib/python3.12/site-packages/airflow/example_dags/example_sla_dag.py for tasks to queue
[2024-12-01T08:55:12.841+0000] {logging_mixin.py:190} INFO - [2024-12-01T08:55:12.841+0000] {dagbag.py:588} INFO - Filling up the DagBag from /home/airflow/.local/lib/python3.12/site-packages/airflow/example_dags/example_sla_dag.py
[2024-12-01T08:55:12.847+0000] {processor.py:925} INFO - DAG(s) 'example_sla_dag' retrieved from /home/airflow/.local/lib/python3.12/site-packages/airflow/example_dags/example_sla_dag.py
[2024-12-01T08:55:12.860+0000] {logging_mixin.py:190} INFO - [2024-12-01T08:55:12.860+0000] {dag.py:3239} INFO - Sync 1 DAGs
[2024-12-01T08:55:12.878+0000] {logging_mixin.py:190} INFO - [2024-12-01T08:55:12.878+0000] {dag.py:4180} INFO - Setting next_dagrun for example_sla_dag to 2024-12-01 08:52:00+00:00, run_after=2024-12-01 08:54:00+00:00
[2024-12-01T08:55:12.891+0000] {processor.py:208} INFO - Processing /home/airflow/.local/lib/python3.12/site-packages/airflow/example_dags/example_sla_dag.py took 0.054 seconds
[2024-12-01T08:55:43.111+0000] {processor.py:186} INFO - Started process (PID=591) to work on /home/airflow/.local/lib/python3.12/site-packages/airflow/example_dags/example_sla_dag.py
[2024-12-01T08:55:43.111+0000] {processor.py:914} INFO - Processing file /home/airflow/.local/lib/python3.12/site-packages/airflow/example_dags/example_sla_dag.py for tasks to queue
[2024-12-01T08:55:43.113+0000] {logging_mixin.py:190} INFO - [2024-12-01T08:55:43.113+0000] {dagbag.py:588} INFO - Filling up the DagBag from /home/airflow/.local/lib/python3.12/site-packages/airflow/example_dags/example_sla_dag.py
[2024-12-01T08:55:43.122+0000] {processor.py:925} INFO - DAG(s) 'example_sla_dag' retrieved from /home/airflow/.local/lib/python3.12/site-packages/airflow/example_dags/example_sla_dag.py
[2024-12-01T08:55:43.141+0000] {logging_mixin.py:190} INFO - [2024-12-01T08:55:43.140+0000] {dag.py:3239} INFO - Sync 1 DAGs
[2024-12-01T08:55:43.159+0000] {logging_mixin.py:190} INFO - [2024-12-01T08:55:43.159+0000] {dag.py:4180} INFO - Setting next_dagrun for example_sla_dag to 2024-12-01 08:52:00+00:00, run_after=2024-12-01 08:54:00+00:00
[2024-12-01T08:55:43.173+0000] {processor.py:208} INFO - Processing /home/airflow/.local/lib/python3.12/site-packages/airflow/example_dags/example_sla_dag.py took 0.066 seconds
[2024-12-01T08:56:13.408+0000] {processor.py:186} INFO - Started process (PID=654) to work on /home/airflow/.local/lib/python3.12/site-packages/airflow/example_dags/example_sla_dag.py
[2024-12-01T08:56:13.409+0000] {processor.py:914} INFO - Processing file /home/airflow/.local/lib/python3.12/site-packages/airflow/example_dags/example_sla_dag.py for tasks to queue
[2024-12-01T08:56:13.411+0000] {logging_mixin.py:190} INFO - [2024-12-01T08:56:13.410+0000] {dagbag.py:588} INFO - Filling up the DagBag from /home/airflow/.local/lib/python3.12/site-packages/airflow/example_dags/example_sla_dag.py
[2024-12-01T08:56:13.419+0000] {processor.py:925} INFO - DAG(s) 'example_sla_dag' retrieved from /home/airflow/.local/lib/python3.12/site-packages/airflow/example_dags/example_sla_dag.py
[2024-12-01T08:56:13.435+0000] {logging_mixin.py:190} INFO - [2024-12-01T08:56:13.435+0000] {dag.py:3239} INFO - Sync 1 DAGs
[2024-12-01T08:56:13.456+0000] {logging_mixin.py:190} INFO - [2024-12-01T08:56:13.456+0000] {dag.py:4180} INFO - Setting next_dagrun for example_sla_dag to 2024-12-01 08:54:00+00:00, run_after=2024-12-01 08:56:00+00:00
[2024-12-01T08:56:13.472+0000] {processor.py:208} INFO - Processing /home/airflow/.local/lib/python3.12/site-packages/airflow/example_dags/example_sla_dag.py took 0.069 seconds
[2024-12-01T08:56:44.181+0000] {processor.py:186} INFO - Started process (PID=717) to work on /home/airflow/.local/lib/python3.12/site-packages/airflow/example_dags/example_sla_dag.py
[2024-12-01T08:56:44.182+0000] {processor.py:914} INFO - Processing file /home/airflow/.local/lib/python3.12/site-packages/airflow/example_dags/example_sla_dag.py for tasks to queue
[2024-12-01T08:56:44.183+0000] {logging_mixin.py:190} INFO - [2024-12-01T08:56:44.183+0000] {dagbag.py:588} INFO - Filling up the DagBag from /home/airflow/.local/lib/python3.12/site-packages/airflow/example_dags/example_sla_dag.py
[2024-12-01T08:56:44.188+0000] {processor.py:925} INFO - DAG(s) 'example_sla_dag' retrieved from /home/airflow/.local/lib/python3.12/site-packages/airflow/example_dags/example_sla_dag.py
[2024-12-01T08:56:44.200+0000] {logging_mixin.py:190} INFO - [2024-12-01T08:56:44.200+0000] {dag.py:3239} INFO - Sync 1 DAGs
[2024-12-01T08:56:44.212+0000] {logging_mixin.py:190} INFO - [2024-12-01T08:56:44.212+0000] {dag.py:4180} INFO - Setting next_dagrun for example_sla_dag to 2024-12-01 08:54:00+00:00, run_after=2024-12-01 08:56:00+00:00
[2024-12-01T08:56:44.222+0000] {processor.py:208} INFO - Processing /home/airflow/.local/lib/python3.12/site-packages/airflow/example_dags/example_sla_dag.py took 0.044 seconds
[2024-12-01T08:57:14.939+0000] {processor.py:186} INFO - Started process (PID=780) to work on /home/airflow/.local/lib/python3.12/site-packages/airflow/example_dags/example_sla_dag.py
[2024-12-01T08:57:14.940+0000] {processor.py:914} INFO - Processing file /home/airflow/.local/lib/python3.12/site-packages/airflow/example_dags/example_sla_dag.py for tasks to queue
[2024-12-01T08:57:14.941+0000] {logging_mixin.py:190} INFO - [2024-12-01T08:57:14.940+0000] {dagbag.py:588} INFO - Filling up the DagBag from /home/airflow/.local/lib/python3.12/site-packages/airflow/example_dags/example_sla_dag.py
[2024-12-01T08:57:14.946+0000] {processor.py:925} INFO - DAG(s) 'example_sla_dag' retrieved from /home/airflow/.local/lib/python3.12/site-packages/airflow/example_dags/example_sla_dag.py
[2024-12-01T08:57:14.959+0000] {logging_mixin.py:190} INFO - [2024-12-01T08:57:14.959+0000] {dag.py:3239} INFO - Sync 1 DAGs
[2024-12-01T08:57:14.972+0000] {logging_mixin.py:190} INFO - [2024-12-01T08:57:14.972+0000] {dag.py:4180} INFO - Setting next_dagrun for example_sla_dag to 2024-12-01 08:54:00+00:00, run_after=2024-12-01 08:56:00+00:00
[2024-12-01T08:57:14.981+0000] {processor.py:208} INFO - Processing /home/airflow/.local/lib/python3.12/site-packages/airflow/example_dags/example_sla_dag.py took 0.045 seconds
[2024-12-01T08:57:45.710+0000] {processor.py:186} INFO - Started process (PID=843) to work on /home/airflow/.local/lib/python3.12/site-packages/airflow/example_dags/example_sla_dag.py
[2024-12-01T08:57:45.711+0000] {processor.py:914} INFO - Processing file /home/airflow/.local/lib/python3.12/site-packages/airflow/example_dags/example_sla_dag.py for tasks to queue
[2024-12-01T08:57:45.712+0000] {logging_mixin.py:190} INFO - [2024-12-01T08:57:45.712+0000] {dagbag.py:588} INFO - Filling up the DagBag from /home/airflow/.local/lib/python3.12/site-packages/airflow/example_dags/example_sla_dag.py
[2024-12-01T08:57:45.718+0000] {processor.py:925} INFO - DAG(s) 'example_sla_dag' retrieved from /home/airflow/.local/lib/python3.12/site-packages/airflow/example_dags/example_sla_dag.py
[2024-12-01T08:57:45.728+0000] {logging_mixin.py:190} INFO - [2024-12-01T08:57:45.728+0000] {dag.py:3239} INFO - Sync 1 DAGs
[2024-12-01T08:57:45.741+0000] {logging_mixin.py:190} INFO - [2024-12-01T08:57:45.741+0000] {dag.py:4180} INFO - Setting next_dagrun for example_sla_dag to 2024-12-01 08:54:00+00:00, run_after=2024-12-01 08:56:00+00:00
[2024-12-01T08:57:45.752+0000] {processor.py:208} INFO - Processing /home/airflow/.local/lib/python3.12/site-packages/airflow/example_dags/example_sla_dag.py took 0.044 seconds
[2024-12-01T08:58:16.560+0000] {processor.py:186} INFO - Started process (PID=906) to work on /home/airflow/.local/lib/python3.12/site-packages/airflow/example_dags/example_sla_dag.py
[2024-12-01T08:58:16.561+0000] {processor.py:914} INFO - Processing file /home/airflow/.local/lib/python3.12/site-packages/airflow/example_dags/example_sla_dag.py for tasks to queue
[2024-12-01T08:58:16.562+0000] {logging_mixin.py:190} INFO - [2024-12-01T08:58:16.562+0000] {dagbag.py:588} INFO - Filling up the DagBag from /home/airflow/.local/lib/python3.12/site-packages/airflow/example_dags/example_sla_dag.py
[2024-12-01T08:58:16.567+0000] {processor.py:925} INFO - DAG(s) 'example_sla_dag' retrieved from /home/airflow/.local/lib/python3.12/site-packages/airflow/example_dags/example_sla_dag.py
[2024-12-01T08:58:16.580+0000] {logging_mixin.py:190} INFO - [2024-12-01T08:58:16.580+0000] {dag.py:3239} INFO - Sync 1 DAGs
[2024-12-01T08:58:16.600+0000] {logging_mixin.py:190} INFO - [2024-12-01T08:58:16.600+0000] {dag.py:4180} INFO - Setting next_dagrun for example_sla_dag to 2024-12-01 08:56:00+00:00, run_after=2024-12-01 08:58:00+00:00
[2024-12-01T08:58:16.614+0000] {processor.py:208} INFO - Processing /home/airflow/.local/lib/python3.12/site-packages/airflow/example_dags/example_sla_dag.py took 0.057 seconds
[2024-12-01T08:58:47.377+0000] {processor.py:186} INFO - Started process (PID=969) to work on /home/airflow/.local/lib/python3.12/site-packages/airflow/example_dags/example_sla_dag.py
[2024-12-01T08:58:47.378+0000] {processor.py:914} INFO - Processing file /home/airflow/.local/lib/python3.12/site-packages/airflow/example_dags/example_sla_dag.py for tasks to queue
[2024-12-01T08:58:47.379+0000] {logging_mixin.py:190} INFO - [2024-12-01T08:58:47.379+0000] {dagbag.py:588} INFO - Filling up the DagBag from /home/airflow/.local/lib/python3.12/site-packages/airflow/example_dags/example_sla_dag.py
[2024-12-01T08:58:47.384+0000] {processor.py:925} INFO - DAG(s) 'example_sla_dag' retrieved from /home/airflow/.local/lib/python3.12/site-packages/airflow/example_dags/example_sla_dag.py
[2024-12-01T08:58:47.395+0000] {logging_mixin.py:190} INFO - [2024-12-01T08:58:47.395+0000] {dag.py:3239} INFO - Sync 1 DAGs
[2024-12-01T08:58:47.410+0000] {logging_mixin.py:190} INFO - [2024-12-01T08:58:47.410+0000] {dag.py:4180} INFO - Setting next_dagrun for example_sla_dag to 2024-12-01 08:56:00+00:00, run_after=2024-12-01 08:58:00+00:00
[2024-12-01T08:58:47.422+0000] {processor.py:208} INFO - Processing /home/airflow/.local/lib/python3.12/site-packages/airflow/example_dags/example_sla_dag.py took 0.048 seconds
[2024-12-01T08:59:18.204+0000] {processor.py:186} INFO - Started process (PID=1032) to work on /home/airflow/.local/lib/python3.12/site-packages/airflow/example_dags/example_sla_dag.py
[2024-12-01T08:59:18.205+0000] {processor.py:914} INFO - Processing file /home/airflow/.local/lib/python3.12/site-packages/airflow/example_dags/example_sla_dag.py for tasks to queue
[2024-12-01T08:59:18.206+0000] {logging_mixin.py:190} INFO - [2024-12-01T08:59:18.206+0000] {dagbag.py:588} INFO - Filling up the DagBag from /home/airflow/.local/lib/python3.12/site-packages/airflow/example_dags/example_sla_dag.py
[2024-12-01T08:59:18.212+0000] {processor.py:925} INFO - DAG(s) 'example_sla_dag' retrieved from /home/airflow/.local/lib/python3.12/site-packages/airflow/example_dags/example_sla_dag.py
[2024-12-01T08:59:18.223+0000] {logging_mixin.py:190} INFO - [2024-12-01T08:59:18.223+0000] {dag.py:3239} INFO - Sync 1 DAGs
[2024-12-01T08:59:18.235+0000] {logging_mixin.py:190} INFO - [2024-12-01T08:59:18.235+0000] {dag.py:4180} INFO - Setting next_dagrun for example_sla_dag to 2024-12-01 08:56:00+00:00, run_after=2024-12-01 08:58:00+00:00
[2024-12-01T08:59:18.247+0000] {processor.py:208} INFO - Processing /home/airflow/.local/lib/python3.12/site-packages/airflow/example_dags/example_sla_dag.py took 0.046 seconds
[2024-12-01T08:59:49.001+0000] {processor.py:186} INFO - Started process (PID=1095) to work on /home/airflow/.local/lib/python3.12/site-packages/airflow/example_dags/example_sla_dag.py
[2024-12-01T08:59:49.001+0000] {processor.py:914} INFO - Processing file /home/airflow/.local/lib/python3.12/site-packages/airflow/example_dags/example_sla_dag.py for tasks to queue
[2024-12-01T08:59:49.003+0000] {logging_mixin.py:190} INFO - [2024-12-01T08:59:49.003+0000] {dagbag.py:588} INFO - Filling up the DagBag from /home/airflow/.local/lib/python3.12/site-packages/airflow/example_dags/example_sla_dag.py
[2024-12-01T08:59:49.008+0000] {processor.py:925} INFO - DAG(s) 'example_sla_dag' retrieved from /home/airflow/.local/lib/python3.12/site-packages/airflow/example_dags/example_sla_dag.py
[2024-12-01T08:59:49.023+0000] {logging_mixin.py:190} INFO - [2024-12-01T08:59:49.023+0000] {dag.py:3239} INFO - Sync 1 DAGs
[2024-12-01T08:59:49.043+0000] {logging_mixin.py:190} INFO - [2024-12-01T08:59:49.043+0000] {dag.py:4180} INFO - Setting next_dagrun for example_sla_dag to 2024-12-01 08:56:00+00:00, run_after=2024-12-01 08:58:00+00:00
[2024-12-01T08:59:49.056+0000] {processor.py:208} INFO - Processing /home/airflow/.local/lib/python3.12/site-packages/airflow/example_dags/example_sla_dag.py took 0.059 seconds
[2024-12-01T09:00:19.883+0000] {processor.py:186} INFO - Started process (PID=1158) to work on /home/airflow/.local/lib/python3.12/site-packages/airflow/example_dags/example_sla_dag.py
[2024-12-01T09:00:19.884+0000] {processor.py:914} INFO - Processing file /home/airflow/.local/lib/python3.12/site-packages/airflow/example_dags/example_sla_dag.py for tasks to queue
[2024-12-01T09:00:19.885+0000] {logging_mixin.py:190} INFO - [2024-12-01T09:00:19.885+0000] {dagbag.py:588} INFO - Filling up the DagBag from /home/airflow/.local/lib/python3.12/site-packages/airflow/example_dags/example_sla_dag.py
[2024-12-01T09:00:19.890+0000] {processor.py:925} INFO - DAG(s) 'example_sla_dag' retrieved from /home/airflow/.local/lib/python3.12/site-packages/airflow/example_dags/example_sla_dag.py
[2024-12-01T09:00:19.900+0000] {logging_mixin.py:190} INFO - [2024-12-01T09:00:19.900+0000] {dag.py:3239} INFO - Sync 1 DAGs
[2024-12-01T09:00:19.913+0000] {logging_mixin.py:190} INFO - [2024-12-01T09:00:19.913+0000] {dag.py:4180} INFO - Setting next_dagrun for example_sla_dag to 2024-12-01 08:58:00+00:00, run_after=2024-12-01 09:00:00+00:00
[2024-12-01T09:00:19.922+0000] {processor.py:208} INFO - Processing /home/airflow/.local/lib/python3.12/site-packages/airflow/example_dags/example_sla_dag.py took 0.042 seconds
[2024-12-01T09:00:50.531+0000] {processor.py:186} INFO - Started process (PID=1221) to work on /home/airflow/.local/lib/python3.12/site-packages/airflow/example_dags/example_sla_dag.py
[2024-12-01T09:00:50.532+0000] {processor.py:914} INFO - Processing file /home/airflow/.local/lib/python3.12/site-packages/airflow/example_dags/example_sla_dag.py for tasks to queue
[2024-12-01T09:00:50.533+0000] {logging_mixin.py:190} INFO - [2024-12-01T09:00:50.533+0000] {dagbag.py:588} INFO - Filling up the DagBag from /home/airflow/.local/lib/python3.12/site-packages/airflow/example_dags/example_sla_dag.py
[2024-12-01T09:00:50.538+0000] {processor.py:925} INFO - DAG(s) 'example_sla_dag' retrieved from /home/airflow/.local/lib/python3.12/site-packages/airflow/example_dags/example_sla_dag.py
[2024-12-01T09:00:50.552+0000] {logging_mixin.py:190} INFO - [2024-12-01T09:00:50.552+0000] {dag.py:3239} INFO - Sync 1 DAGs
[2024-12-01T09:00:50.568+0000] {logging_mixin.py:190} INFO - [2024-12-01T09:00:50.568+0000] {dag.py:4180} INFO - Setting next_dagrun for example_sla_dag to 2024-12-01 08:58:00+00:00, run_after=2024-12-01 09:00:00+00:00
[2024-12-01T09:00:50.580+0000] {processor.py:208} INFO - Processing /home/airflow/.local/lib/python3.12/site-packages/airflow/example_dags/example_sla_dag.py took 0.052 seconds
[2024-12-01T09:01:20.771+0000] {processor.py:186} INFO - Started process (PID=1284) to work on /home/airflow/.local/lib/python3.12/site-packages/airflow/example_dags/example_sla_dag.py
[2024-12-01T09:01:20.771+0000] {processor.py:914} INFO - Processing file /home/airflow/.local/lib/python3.12/site-packages/airflow/example_dags/example_sla_dag.py for tasks to queue
[2024-12-01T09:01:20.772+0000] {logging_mixin.py:190} INFO - [2024-12-01T09:01:20.772+0000] {dagbag.py:588} INFO - Filling up the DagBag from /home/airflow/.local/lib/python3.12/site-packages/airflow/example_dags/example_sla_dag.py
[2024-12-01T09:01:20.779+0000] {processor.py:925} INFO - DAG(s) 'example_sla_dag' retrieved from /home/airflow/.local/lib/python3.12/site-packages/airflow/example_dags/example_sla_dag.py
[2024-12-01T09:01:20.795+0000] {logging_mixin.py:190} INFO - [2024-12-01T09:01:20.795+0000] {dag.py:3239} INFO - Sync 1 DAGs
[2024-12-01T09:01:20.813+0000] {logging_mixin.py:190} INFO - [2024-12-01T09:01:20.813+0000] {dag.py:4180} INFO - Setting next_dagrun for example_sla_dag to 2024-12-01 08:58:00+00:00, run_after=2024-12-01 09:00:00+00:00
[2024-12-01T09:01:20.824+0000] {processor.py:208} INFO - Processing /home/airflow/.local/lib/python3.12/site-packages/airflow/example_dags/example_sla_dag.py took 0.057 seconds
[2024-12-01T09:01:51.157+0000] {processor.py:186} INFO - Started process (PID=1348) to work on /home/airflow/.local/lib/python3.12/site-packages/airflow/example_dags/example_sla_dag.py
[2024-12-01T09:01:51.158+0000] {processor.py:914} INFO - Processing file /home/airflow/.local/lib/python3.12/site-packages/airflow/example_dags/example_sla_dag.py for tasks to queue
[2024-12-01T09:01:51.159+0000] {logging_mixin.py:190} INFO - [2024-12-01T09:01:51.159+0000] {dagbag.py:588} INFO - Filling up the DagBag from /home/airflow/.local/lib/python3.12/site-packages/airflow/example_dags/example_sla_dag.py
[2024-12-01T09:01:51.165+0000] {processor.py:925} INFO - DAG(s) 'example_sla_dag' retrieved from /home/airflow/.local/lib/python3.12/site-packages/airflow/example_dags/example_sla_dag.py
[2024-12-01T09:01:51.178+0000] {logging_mixin.py:190} INFO - [2024-12-01T09:01:51.178+0000] {dag.py:3239} INFO - Sync 1 DAGs
[2024-12-01T09:01:51.192+0000] {logging_mixin.py:190} INFO - [2024-12-01T09:01:51.192+0000] {dag.py:4180} INFO - Setting next_dagrun for example_sla_dag to 2024-12-01 08:58:00+00:00, run_after=2024-12-01 09:00:00+00:00
[2024-12-01T09:01:51.202+0000] {processor.py:208} INFO - Processing /home/airflow/.local/lib/python3.12/site-packages/airflow/example_dags/example_sla_dag.py took 0.048 seconds
[2024-12-01T09:02:21.281+0000] {processor.py:186} INFO - Started process (PID=1411) to work on /home/airflow/.local/lib/python3.12/site-packages/airflow/example_dags/example_sla_dag.py
[2024-12-01T09:02:21.281+0000] {processor.py:914} INFO - Processing file /home/airflow/.local/lib/python3.12/site-packages/airflow/example_dags/example_sla_dag.py for tasks to queue
[2024-12-01T09:02:21.282+0000] {logging_mixin.py:190} INFO - [2024-12-01T09:02:21.282+0000] {dagbag.py:588} INFO - Filling up the DagBag from /home/airflow/.local/lib/python3.12/site-packages/airflow/example_dags/example_sla_dag.py
[2024-12-01T09:02:21.288+0000] {processor.py:925} INFO - DAG(s) 'example_sla_dag' retrieved from /home/airflow/.local/lib/python3.12/site-packages/airflow/example_dags/example_sla_dag.py
[2024-12-01T09:02:21.300+0000] {logging_mixin.py:190} INFO - [2024-12-01T09:02:21.300+0000] {dag.py:3239} INFO - Sync 1 DAGs
[2024-12-01T09:02:21.320+0000] {logging_mixin.py:190} INFO - [2024-12-01T09:02:21.320+0000] {dag.py:4180} INFO - Setting next_dagrun for example_sla_dag to 2024-12-01 09:00:00+00:00, run_after=2024-12-01 09:02:00+00:00
[2024-12-01T09:02:21.333+0000] {processor.py:208} INFO - Processing /home/airflow/.local/lib/python3.12/site-packages/airflow/example_dags/example_sla_dag.py took 0.056 seconds
[2024-12-01T09:02:52.285+0000] {processor.py:186} INFO - Started process (PID=1474) to work on /home/airflow/.local/lib/python3.12/site-packages/airflow/example_dags/example_sla_dag.py
[2024-12-01T09:02:52.286+0000] {processor.py:914} INFO - Processing file /home/airflow/.local/lib/python3.12/site-packages/airflow/example_dags/example_sla_dag.py for tasks to queue
[2024-12-01T09:02:52.287+0000] {logging_mixin.py:190} INFO - [2024-12-01T09:02:52.286+0000] {dagbag.py:588} INFO - Filling up the DagBag from /home/airflow/.local/lib/python3.12/site-packages/airflow/example_dags/example_sla_dag.py
[2024-12-01T09:02:52.292+0000] {processor.py:925} INFO - DAG(s) 'example_sla_dag' retrieved from /home/airflow/.local/lib/python3.12/site-packages/airflow/example_dags/example_sla_dag.py
[2024-12-01T09:02:52.307+0000] {logging_mixin.py:190} INFO - [2024-12-01T09:02:52.307+0000] {dag.py:3239} INFO - Sync 1 DAGs
[2024-12-01T09:02:52.325+0000] {logging_mixin.py:190} INFO - [2024-12-01T09:02:52.325+0000] {dag.py:4180} INFO - Setting next_dagrun for example_sla_dag to 2024-12-01 09:00:00+00:00, run_after=2024-12-01 09:02:00+00:00
[2024-12-01T09:02:52.337+0000] {processor.py:208} INFO - Processing /home/airflow/.local/lib/python3.12/site-packages/airflow/example_dags/example_sla_dag.py took 0.057 seconds
[2024-12-01T09:03:22.829+0000] {processor.py:186} INFO - Started process (PID=1537) to work on /home/airflow/.local/lib/python3.12/site-packages/airflow/example_dags/example_sla_dag.py
[2024-12-01T09:03:22.829+0000] {processor.py:914} INFO - Processing file /home/airflow/.local/lib/python3.12/site-packages/airflow/example_dags/example_sla_dag.py for tasks to queue
[2024-12-01T09:03:22.830+0000] {logging_mixin.py:190} INFO - [2024-12-01T09:03:22.830+0000] {dagbag.py:588} INFO - Filling up the DagBag from /home/airflow/.local/lib/python3.12/site-packages/airflow/example_dags/example_sla_dag.py
[2024-12-01T09:03:22.838+0000] {processor.py:925} INFO - DAG(s) 'example_sla_dag' retrieved from /home/airflow/.local/lib/python3.12/site-packages/airflow/example_dags/example_sla_dag.py
[2024-12-01T09:03:22.858+0000] {logging_mixin.py:190} INFO - [2024-12-01T09:03:22.858+0000] {dag.py:3239} INFO - Sync 1 DAGs
[2024-12-01T09:03:22.875+0000] {logging_mixin.py:190} INFO - [2024-12-01T09:03:22.875+0000] {dag.py:4180} INFO - Setting next_dagrun for example_sla_dag to 2024-12-01 09:00:00+00:00, run_after=2024-12-01 09:02:00+00:00
[2024-12-01T09:03:22.889+0000] {processor.py:208} INFO - Processing /home/airflow/.local/lib/python3.12/site-packages/airflow/example_dags/example_sla_dag.py took 0.065 seconds
[2024-12-01T09:03:53.240+0000] {processor.py:186} INFO - Started process (PID=1600) to work on /home/airflow/.local/lib/python3.12/site-packages/airflow/example_dags/example_sla_dag.py
[2024-12-01T09:03:53.240+0000] {processor.py:914} INFO - Processing file /home/airflow/.local/lib/python3.12/site-packages/airflow/example_dags/example_sla_dag.py for tasks to queue
[2024-12-01T09:03:53.241+0000] {logging_mixin.py:190} INFO - [2024-12-01T09:03:53.241+0000] {dagbag.py:588} INFO - Filling up the DagBag from /home/airflow/.local/lib/python3.12/site-packages/airflow/example_dags/example_sla_dag.py
[2024-12-01T09:03:53.246+0000] {processor.py:925} INFO - DAG(s) 'example_sla_dag' retrieved from /home/airflow/.local/lib/python3.12/site-packages/airflow/example_dags/example_sla_dag.py
[2024-12-01T09:03:53.261+0000] {logging_mixin.py:190} INFO - [2024-12-01T09:03:53.260+0000] {dag.py:3239} INFO - Sync 1 DAGs
[2024-12-01T09:03:53.282+0000] {logging_mixin.py:190} INFO - [2024-12-01T09:03:53.282+0000] {dag.py:4180} INFO - Setting next_dagrun for example_sla_dag to 2024-12-01 09:00:00+00:00, run_after=2024-12-01 09:02:00+00:00
[2024-12-01T09:03:53.294+0000] {processor.py:208} INFO - Processing /home/airflow/.local/lib/python3.12/site-packages/airflow/example_dags/example_sla_dag.py took 0.057 seconds
[2024-12-01T09:04:23.458+0000] {processor.py:186} INFO - Started process (PID=1663) to work on /home/airflow/.local/lib/python3.12/site-packages/airflow/example_dags/example_sla_dag.py
[2024-12-01T09:04:23.459+0000] {processor.py:914} INFO - Processing file /home/airflow/.local/lib/python3.12/site-packages/airflow/example_dags/example_sla_dag.py for tasks to queue
[2024-12-01T09:04:23.460+0000] {logging_mixin.py:190} INFO - [2024-12-01T09:04:23.460+0000] {dagbag.py:588} INFO - Filling up the DagBag from /home/airflow/.local/lib/python3.12/site-packages/airflow/example_dags/example_sla_dag.py
[2024-12-01T09:04:23.466+0000] {processor.py:925} INFO - DAG(s) 'example_sla_dag' retrieved from /home/airflow/.local/lib/python3.12/site-packages/airflow/example_dags/example_sla_dag.py
[2024-12-01T09:04:23.478+0000] {logging_mixin.py:190} INFO - [2024-12-01T09:04:23.477+0000] {dag.py:3239} INFO - Sync 1 DAGs
[2024-12-01T09:04:23.492+0000] {logging_mixin.py:190} INFO - [2024-12-01T09:04:23.492+0000] {dag.py:4180} INFO - Setting next_dagrun for example_sla_dag to 2024-12-01 09:02:00+00:00, run_after=2024-12-01 09:04:00+00:00
[2024-12-01T09:04:23.503+0000] {processor.py:208} INFO - Processing /home/airflow/.local/lib/python3.12/site-packages/airflow/example_dags/example_sla_dag.py took 0.048 seconds
[2024-12-01T09:04:53.958+0000] {processor.py:186} INFO - Started process (PID=1726) to work on /home/airflow/.local/lib/python3.12/site-packages/airflow/example_dags/example_sla_dag.py
[2024-12-01T09:04:53.958+0000] {processor.py:914} INFO - Processing file /home/airflow/.local/lib/python3.12/site-packages/airflow/example_dags/example_sla_dag.py for tasks to queue
[2024-12-01T09:04:53.960+0000] {logging_mixin.py:190} INFO - [2024-12-01T09:04:53.959+0000] {dagbag.py:588} INFO - Filling up the DagBag from /home/airflow/.local/lib/python3.12/site-packages/airflow/example_dags/example_sla_dag.py
[2024-12-01T09:04:53.965+0000] {processor.py:925} INFO - DAG(s) 'example_sla_dag' retrieved from /home/airflow/.local/lib/python3.12/site-packages/airflow/example_dags/example_sla_dag.py
[2024-12-01T09:04:53.976+0000] {logging_mixin.py:190} INFO - [2024-12-01T09:04:53.976+0000] {dag.py:3239} INFO - Sync 1 DAGs
[2024-12-01T09:04:53.989+0000] {logging_mixin.py:190} INFO - [2024-12-01T09:04:53.989+0000] {dag.py:4180} INFO - Setting next_dagrun for example_sla_dag to 2024-12-01 09:02:00+00:00, run_after=2024-12-01 09:04:00+00:00
[2024-12-01T09:04:53.998+0000] {processor.py:208} INFO - Processing /home/airflow/.local/lib/python3.12/site-packages/airflow/example_dags/example_sla_dag.py took 0.045 seconds
[2024-12-01T09:05:24.676+0000] {processor.py:186} INFO - Started process (PID=1789) to work on /home/airflow/.local/lib/python3.12/site-packages/airflow/example_dags/example_sla_dag.py
[2024-12-01T09:05:24.677+0000] {processor.py:914} INFO - Processing file /home/airflow/.local/lib/python3.12/site-packages/airflow/example_dags/example_sla_dag.py for tasks to queue
[2024-12-01T09:05:24.678+0000] {logging_mixin.py:190} INFO - [2024-12-01T09:05:24.677+0000] {dagbag.py:588} INFO - Filling up the DagBag from /home/airflow/.local/lib/python3.12/site-packages/airflow/example_dags/example_sla_dag.py
[2024-12-01T09:05:24.684+0000] {processor.py:925} INFO - DAG(s) 'example_sla_dag' retrieved from /home/airflow/.local/lib/python3.12/site-packages/airflow/example_dags/example_sla_dag.py
[2024-12-01T09:05:24.699+0000] {logging_mixin.py:190} INFO - [2024-12-01T09:05:24.699+0000] {dag.py:3239} INFO - Sync 1 DAGs
[2024-12-01T09:05:24.720+0000] {logging_mixin.py:190} INFO - [2024-12-01T09:05:24.719+0000] {dag.py:4180} INFO - Setting next_dagrun for example_sla_dag to 2024-12-01 09:02:00+00:00, run_after=2024-12-01 09:04:00+00:00
[2024-12-01T09:05:24.731+0000] {processor.py:208} INFO - Processing /home/airflow/.local/lib/python3.12/site-packages/airflow/example_dags/example_sla_dag.py took 0.059 seconds
[2024-12-01T09:05:54.890+0000] {processor.py:186} INFO - Started process (PID=1852) to work on /home/airflow/.local/lib/python3.12/site-packages/airflow/example_dags/example_sla_dag.py
[2024-12-01T09:05:54.891+0000] {processor.py:914} INFO - Processing file /home/airflow/.local/lib/python3.12/site-packages/airflow/example_dags/example_sla_dag.py for tasks to queue
[2024-12-01T09:05:54.892+0000] {logging_mixin.py:190} INFO - [2024-12-01T09:05:54.892+0000] {dagbag.py:588} INFO - Filling up the DagBag from /home/airflow/.local/lib/python3.12/site-packages/airflow/example_dags/example_sla_dag.py
[2024-12-01T09:05:54.899+0000] {processor.py:925} INFO - DAG(s) 'example_sla_dag' retrieved from /home/airflow/.local/lib/python3.12/site-packages/airflow/example_dags/example_sla_dag.py
[2024-12-01T09:05:54.913+0000] {logging_mixin.py:190} INFO - [2024-12-01T09:05:54.913+0000] {dag.py:3239} INFO - Sync 1 DAGs
[2024-12-01T09:05:54.928+0000] {logging_mixin.py:190} INFO - [2024-12-01T09:05:54.928+0000] {dag.py:4180} INFO - Setting next_dagrun for example_sla_dag to 2024-12-01 09:02:00+00:00, run_after=2024-12-01 09:04:00+00:00
[2024-12-01T09:05:54.943+0000] {processor.py:208} INFO - Processing /home/airflow/.local/lib/python3.12/site-packages/airflow/example_dags/example_sla_dag.py took 0.057 seconds
[2024-12-01T09:06:25.728+0000] {processor.py:186} INFO - Started process (PID=1915) to work on /home/airflow/.local/lib/python3.12/site-packages/airflow/example_dags/example_sla_dag.py
[2024-12-01T09:06:25.729+0000] {processor.py:914} INFO - Processing file /home/airflow/.local/lib/python3.12/site-packages/airflow/example_dags/example_sla_dag.py for tasks to queue
[2024-12-01T09:06:25.730+0000] {logging_mixin.py:190} INFO - [2024-12-01T09:06:25.730+0000] {dagbag.py:588} INFO - Filling up the DagBag from /home/airflow/.local/lib/python3.12/site-packages/airflow/example_dags/example_sla_dag.py
[2024-12-01T09:06:25.737+0000] {processor.py:925} INFO - DAG(s) 'example_sla_dag' retrieved from /home/airflow/.local/lib/python3.12/site-packages/airflow/example_dags/example_sla_dag.py
[2024-12-01T09:06:25.749+0000] {logging_mixin.py:190} INFO - [2024-12-01T09:06:25.748+0000] {dag.py:3239} INFO - Sync 1 DAGs
[2024-12-01T09:06:25.762+0000] {logging_mixin.py:190} INFO - [2024-12-01T09:06:25.762+0000] {dag.py:4180} INFO - Setting next_dagrun for example_sla_dag to 2024-12-01 09:04:00+00:00, run_after=2024-12-01 09:06:00+00:00
[2024-12-01T09:06:25.772+0000] {processor.py:208} INFO - Processing /home/airflow/.local/lib/python3.12/site-packages/airflow/example_dags/example_sla_dag.py took 0.048 seconds
[2024-12-01T09:06:56.219+0000] {processor.py:186} INFO - Started process (PID=1978) to work on /home/airflow/.local/lib/python3.12/site-packages/airflow/example_dags/example_sla_dag.py
[2024-12-01T09:06:56.220+0000] {processor.py:914} INFO - Processing file /home/airflow/.local/lib/python3.12/site-packages/airflow/example_dags/example_sla_dag.py for tasks to queue
[2024-12-01T09:06:56.221+0000] {logging_mixin.py:190} INFO - [2024-12-01T09:06:56.221+0000] {dagbag.py:588} INFO - Filling up the DagBag from /home/airflow/.local/lib/python3.12/site-packages/airflow/example_dags/example_sla_dag.py
[2024-12-01T09:06:56.228+0000] {processor.py:925} INFO - DAG(s) 'example_sla_dag' retrieved from /home/airflow/.local/lib/python3.12/site-packages/airflow/example_dags/example_sla_dag.py
[2024-12-01T09:06:56.242+0000] {logging_mixin.py:190} INFO - [2024-12-01T09:06:56.242+0000] {dag.py:3239} INFO - Sync 1 DAGs
[2024-12-01T09:06:56.264+0000] {logging_mixin.py:190} INFO - [2024-12-01T09:06:56.264+0000] {dag.py:4180} INFO - Setting next_dagrun for example_sla_dag to 2024-12-01 09:04:00+00:00, run_after=2024-12-01 09:06:00+00:00
[2024-12-01T09:06:56.281+0000] {processor.py:208} INFO - Processing /home/airflow/.local/lib/python3.12/site-packages/airflow/example_dags/example_sla_dag.py took 0.065 seconds
[2024-12-01T09:07:26.521+0000] {processor.py:186} INFO - Started process (PID=2041) to work on /home/airflow/.local/lib/python3.12/site-packages/airflow/example_dags/example_sla_dag.py
[2024-12-01T09:07:26.522+0000] {processor.py:914} INFO - Processing file /home/airflow/.local/lib/python3.12/site-packages/airflow/example_dags/example_sla_dag.py for tasks to queue
[2024-12-01T09:07:26.523+0000] {logging_mixin.py:190} INFO - [2024-12-01T09:07:26.523+0000] {dagbag.py:588} INFO - Filling up the DagBag from /home/airflow/.local/lib/python3.12/site-packages/airflow/example_dags/example_sla_dag.py
[2024-12-01T09:07:26.528+0000] {processor.py:925} INFO - DAG(s) 'example_sla_dag' retrieved from /home/airflow/.local/lib/python3.12/site-packages/airflow/example_dags/example_sla_dag.py
[2024-12-01T09:07:26.539+0000] {logging_mixin.py:190} INFO - [2024-12-01T09:07:26.539+0000] {dag.py:3239} INFO - Sync 1 DAGs
[2024-12-01T09:07:26.552+0000] {logging_mixin.py:190} INFO - [2024-12-01T09:07:26.552+0000] {dag.py:4180} INFO - Setting next_dagrun for example_sla_dag to 2024-12-01 09:04:00+00:00, run_after=2024-12-01 09:06:00+00:00
[2024-12-01T09:07:26.562+0000] {processor.py:208} INFO - Processing /home/airflow/.local/lib/python3.12/site-packages/airflow/example_dags/example_sla_dag.py took 0.045 seconds
[2024-12-01T09:07:57.096+0000] {processor.py:186} INFO - Started process (PID=2104) to work on /home/airflow/.local/lib/python3.12/site-packages/airflow/example_dags/example_sla_dag.py
[2024-12-01T09:07:57.096+0000] {processor.py:914} INFO - Processing file /home/airflow/.local/lib/python3.12/site-packages/airflow/example_dags/example_sla_dag.py for tasks to queue
[2024-12-01T09:07:57.098+0000] {logging_mixin.py:190} INFO - [2024-12-01T09:07:57.098+0000] {dagbag.py:588} INFO - Filling up the DagBag from /home/airflow/.local/lib/python3.12/site-packages/airflow/example_dags/example_sla_dag.py
[2024-12-01T09:07:57.108+0000] {processor.py:925} INFO - DAG(s) 'example_sla_dag' retrieved from /home/airflow/.local/lib/python3.12/site-packages/airflow/example_dags/example_sla_dag.py
[2024-12-01T09:07:57.125+0000] {logging_mixin.py:190} INFO - [2024-12-01T09:07:57.125+0000] {dag.py:3239} INFO - Sync 1 DAGs
[2024-12-01T09:07:57.142+0000] {logging_mixin.py:190} INFO - [2024-12-01T09:07:57.142+0000] {dag.py:4180} INFO - Setting next_dagrun for example_sla_dag to 2024-12-01 09:04:00+00:00, run_after=2024-12-01 09:06:00+00:00
[2024-12-01T09:07:57.159+0000] {processor.py:208} INFO - Processing /home/airflow/.local/lib/python3.12/site-packages/airflow/example_dags/example_sla_dag.py took 0.067 seconds
[2024-12-01T09:08:27.736+0000] {processor.py:186} INFO - Started process (PID=2167) to work on /home/airflow/.local/lib/python3.12/site-packages/airflow/example_dags/example_sla_dag.py
[2024-12-01T09:08:27.737+0000] {processor.py:914} INFO - Processing file /home/airflow/.local/lib/python3.12/site-packages/airflow/example_dags/example_sla_dag.py for tasks to queue
[2024-12-01T09:08:27.738+0000] {logging_mixin.py:190} INFO - [2024-12-01T09:08:27.738+0000] {dagbag.py:588} INFO - Filling up the DagBag from /home/airflow/.local/lib/python3.12/site-packages/airflow/example_dags/example_sla_dag.py
[2024-12-01T09:08:27.743+0000] {processor.py:925} INFO - DAG(s) 'example_sla_dag' retrieved from /home/airflow/.local/lib/python3.12/site-packages/airflow/example_dags/example_sla_dag.py
[2024-12-01T09:08:27.756+0000] {logging_mixin.py:190} INFO - [2024-12-01T09:08:27.756+0000] {dag.py:3239} INFO - Sync 1 DAGs
[2024-12-01T09:08:27.776+0000] {logging_mixin.py:190} INFO - [2024-12-01T09:08:27.776+0000] {dag.py:4180} INFO - Setting next_dagrun for example_sla_dag to 2024-12-01 09:06:00+00:00, run_after=2024-12-01 09:08:00+00:00
[2024-12-01T09:08:27.788+0000] {processor.py:208} INFO - Processing /home/airflow/.local/lib/python3.12/site-packages/airflow/example_dags/example_sla_dag.py took 0.055 seconds
[2024-12-01T09:08:58.635+0000] {processor.py:186} INFO - Started process (PID=2230) to work on /home/airflow/.local/lib/python3.12/site-packages/airflow/example_dags/example_sla_dag.py
[2024-12-01T09:08:58.635+0000] {processor.py:914} INFO - Processing file /home/airflow/.local/lib/python3.12/site-packages/airflow/example_dags/example_sla_dag.py for tasks to queue
[2024-12-01T09:08:58.637+0000] {logging_mixin.py:190} INFO - [2024-12-01T09:08:58.637+0000] {dagbag.py:588} INFO - Filling up the DagBag from /home/airflow/.local/lib/python3.12/site-packages/airflow/example_dags/example_sla_dag.py
[2024-12-01T09:08:58.646+0000] {processor.py:925} INFO - DAG(s) 'example_sla_dag' retrieved from /home/airflow/.local/lib/python3.12/site-packages/airflow/example_dags/example_sla_dag.py
[2024-12-01T09:08:58.660+0000] {logging_mixin.py:190} INFO - [2024-12-01T09:08:58.660+0000] {dag.py:3239} INFO - Sync 1 DAGs
[2024-12-01T09:08:58.674+0000] {logging_mixin.py:190} INFO - [2024-12-01T09:08:58.674+0000] {dag.py:4180} INFO - Setting next_dagrun for example_sla_dag to 2024-12-01 09:06:00+00:00, run_after=2024-12-01 09:08:00+00:00
[2024-12-01T09:08:58.685+0000] {processor.py:208} INFO - Processing /home/airflow/.local/lib/python3.12/site-packages/airflow/example_dags/example_sla_dag.py took 0.056 seconds
[2024-12-01T09:09:29.022+0000] {processor.py:186} INFO - Started process (PID=2292) to work on /home/airflow/.local/lib/python3.12/site-packages/airflow/example_dags/example_sla_dag.py
[2024-12-01T09:09:29.023+0000] {processor.py:914} INFO - Processing file /home/airflow/.local/lib/python3.12/site-packages/airflow/example_dags/example_sla_dag.py for tasks to queue
[2024-12-01T09:09:29.024+0000] {logging_mixin.py:190} INFO - [2024-12-01T09:09:29.024+0000] {dagbag.py:588} INFO - Filling up the DagBag from /home/airflow/.local/lib/python3.12/site-packages/airflow/example_dags/example_sla_dag.py
[2024-12-01T09:09:29.029+0000] {processor.py:925} INFO - DAG(s) 'example_sla_dag' retrieved from /home/airflow/.local/lib/python3.12/site-packages/airflow/example_dags/example_sla_dag.py
[2024-12-01T09:09:29.043+0000] {logging_mixin.py:190} INFO - [2024-12-01T09:09:29.043+0000] {dag.py:3239} INFO - Sync 1 DAGs
[2024-12-01T09:09:29.061+0000] {logging_mixin.py:190} INFO - [2024-12-01T09:09:29.061+0000] {dag.py:4180} INFO - Setting next_dagrun for example_sla_dag to 2024-12-01 09:06:00+00:00, run_after=2024-12-01 09:08:00+00:00
[2024-12-01T09:09:29.075+0000] {processor.py:208} INFO - Processing /home/airflow/.local/lib/python3.12/site-packages/airflow/example_dags/example_sla_dag.py took 0.056 seconds
