[2024-12-01T08:51:39.270+0000] {processor.py:186} INFO - Started process (PID=81) to work on /home/airflow/.local/lib/python3.12/site-packages/airflow/example_dags/example_external_task_marker_dag.py
[2024-12-01T08:51:39.270+0000] {processor.py:914} INFO - Processing file /home/airflow/.local/lib/python3.12/site-packages/airflow/example_dags/example_external_task_marker_dag.py for tasks to queue
[2024-12-01T08:51:39.272+0000] {logging_mixin.py:190} INFO - [2024-12-01T08:51:39.271+0000] {dagbag.py:588} INFO - Filling up the DagBag from /home/airflow/.local/lib/python3.12/site-packages/airflow/example_dags/example_external_task_marker_dag.py
[2024-12-01T08:51:39.278+0000] {processor.py:925} INFO - DAG(s) 'example_external_task_marker_parent', 'example_external_task_marker_child' retrieved from /home/airflow/.local/lib/python3.12/site-packages/airflow/example_dags/example_external_task_marker_dag.py
[2024-12-01T08:51:39.342+0000] {logging_mixin.py:190} INFO - [2024-12-01T08:51:39.341+0000] {override.py:1911} INFO - Created Permission View: can edit on DAG:example_external_task_marker_parent
[2024-12-01T08:51:39.347+0000] {logging_mixin.py:190} INFO - [2024-12-01T08:51:39.347+0000] {override.py:1911} INFO - Created Permission View: can read on DAG:example_external_task_marker_parent
[2024-12-01T08:51:39.351+0000] {logging_mixin.py:190} INFO - [2024-12-01T08:51:39.351+0000] {override.py:1911} INFO - Created Permission View: can delete on DAG:example_external_task_marker_parent
[2024-12-01T08:51:39.354+0000] {logging_mixin.py:190} INFO - [2024-12-01T08:51:39.354+0000] {override.py:1911} INFO - Created Permission View: can create on DAG Run:example_external_task_marker_parent
[2024-12-01T08:51:39.357+0000] {logging_mixin.py:190} INFO - [2024-12-01T08:51:39.357+0000] {override.py:1911} INFO - Created Permission View: menu access on DAG Run:example_external_task_marker_parent
[2024-12-01T08:51:39.360+0000] {logging_mixin.py:190} INFO - [2024-12-01T08:51:39.360+0000] {override.py:1911} INFO - Created Permission View: can read on DAG Run:example_external_task_marker_parent
[2024-12-01T08:51:39.363+0000] {logging_mixin.py:190} INFO - [2024-12-01T08:51:39.363+0000] {override.py:1911} INFO - Created Permission View: can delete on DAG Run:example_external_task_marker_parent
[2024-12-01T08:51:39.370+0000] {logging_mixin.py:190} INFO - [2024-12-01T08:51:39.369+0000] {override.py:1911} INFO - Created Permission View: can edit on DAG:example_external_task_marker_child
[2024-12-01T08:51:39.372+0000] {logging_mixin.py:190} INFO - [2024-12-01T08:51:39.372+0000] {override.py:1911} INFO - Created Permission View: can read on DAG:example_external_task_marker_child
[2024-12-01T08:51:39.378+0000] {logging_mixin.py:190} INFO - [2024-12-01T08:51:39.377+0000] {override.py:1911} INFO - Created Permission View: can delete on DAG:example_external_task_marker_child
[2024-12-01T08:51:39.382+0000] {logging_mixin.py:190} INFO - [2024-12-01T08:51:39.382+0000] {override.py:1911} INFO - Created Permission View: can create on DAG Run:example_external_task_marker_child
[2024-12-01T08:51:39.387+0000] {logging_mixin.py:190} INFO - [2024-12-01T08:51:39.387+0000] {override.py:1911} INFO - Created Permission View: menu access on DAG Run:example_external_task_marker_child
[2024-12-01T08:51:39.391+0000] {logging_mixin.py:190} INFO - [2024-12-01T08:51:39.391+0000] {override.py:1911} INFO - Created Permission View: can read on DAG Run:example_external_task_marker_child
[2024-12-01T08:51:39.395+0000] {logging_mixin.py:190} INFO - [2024-12-01T08:51:39.395+0000] {override.py:1911} INFO - Created Permission View: can delete on DAG Run:example_external_task_marker_child
[2024-12-01T08:51:39.396+0000] {logging_mixin.py:190} INFO - [2024-12-01T08:51:39.395+0000] {dag.py:3239} INFO - Sync 2 DAGs
[2024-12-01T08:51:39.407+0000] {logging_mixin.py:190} INFO - [2024-12-01T08:51:39.407+0000] {dag.py:3262} INFO - Creating ORM DAG for example_external_task_marker_child
[2024-12-01T08:51:39.408+0000] {logging_mixin.py:190} INFO - [2024-12-01T08:51:39.408+0000] {dag.py:3262} INFO - Creating ORM DAG for example_external_task_marker_parent
[2024-12-01T08:51:39.408+0000] {logging_mixin.py:190} INFO - [2024-12-01T08:51:39.408+0000] {dag.py:4180} INFO - Setting next_dagrun for example_external_task_marker_child to None, run_after=None
[2024-12-01T08:51:39.409+0000] {logging_mixin.py:190} INFO - [2024-12-01T08:51:39.408+0000] {dag.py:4180} INFO - Setting next_dagrun for example_external_task_marker_parent to None, run_after=None
[2024-12-01T08:51:39.423+0000] {processor.py:208} INFO - Processing /home/airflow/.local/lib/python3.12/site-packages/airflow/example_dags/example_external_task_marker_dag.py took 0.157 seconds
[2024-12-01T08:52:09.588+0000] {processor.py:186} INFO - Started process (PID=144) to work on /home/airflow/.local/lib/python3.12/site-packages/airflow/example_dags/example_external_task_marker_dag.py
[2024-12-01T08:52:09.589+0000] {processor.py:914} INFO - Processing file /home/airflow/.local/lib/python3.12/site-packages/airflow/example_dags/example_external_task_marker_dag.py for tasks to queue
[2024-12-01T08:52:09.590+0000] {logging_mixin.py:190} INFO - [2024-12-01T08:52:09.589+0000] {dagbag.py:588} INFO - Filling up the DagBag from /home/airflow/.local/lib/python3.12/site-packages/airflow/example_dags/example_external_task_marker_dag.py
[2024-12-01T08:52:09.594+0000] {processor.py:925} INFO - DAG(s) 'example_external_task_marker_child', 'example_external_task_marker_parent' retrieved from /home/airflow/.local/lib/python3.12/site-packages/airflow/example_dags/example_external_task_marker_dag.py
[2024-12-01T08:52:09.609+0000] {logging_mixin.py:190} INFO - [2024-12-01T08:52:09.609+0000] {dag.py:3239} INFO - Sync 2 DAGs
[2024-12-01T08:52:09.617+0000] {logging_mixin.py:190} INFO - [2024-12-01T08:52:09.617+0000] {dag.py:4180} INFO - Setting next_dagrun for example_external_task_marker_child to None, run_after=None
[2024-12-01T08:52:09.619+0000] {logging_mixin.py:190} INFO - [2024-12-01T08:52:09.619+0000] {dag.py:4180} INFO - Setting next_dagrun for example_external_task_marker_parent to None, run_after=None
[2024-12-01T08:52:09.628+0000] {processor.py:208} INFO - Processing /home/airflow/.local/lib/python3.12/site-packages/airflow/example_dags/example_external_task_marker_dag.py took 0.044 seconds
[2024-12-01T08:52:40.603+0000] {processor.py:186} INFO - Started process (PID=206) to work on /home/airflow/.local/lib/python3.12/site-packages/airflow/example_dags/example_external_task_marker_dag.py
[2024-12-01T08:52:40.604+0000] {processor.py:914} INFO - Processing file /home/airflow/.local/lib/python3.12/site-packages/airflow/example_dags/example_external_task_marker_dag.py for tasks to queue
[2024-12-01T08:52:40.605+0000] {logging_mixin.py:190} INFO - [2024-12-01T08:52:40.605+0000] {dagbag.py:588} INFO - Filling up the DagBag from /home/airflow/.local/lib/python3.12/site-packages/airflow/example_dags/example_external_task_marker_dag.py
[2024-12-01T08:52:40.610+0000] {processor.py:925} INFO - DAG(s) 'example_external_task_marker_parent', 'example_external_task_marker_child' retrieved from /home/airflow/.local/lib/python3.12/site-packages/airflow/example_dags/example_external_task_marker_dag.py
[2024-12-01T08:52:40.625+0000] {logging_mixin.py:190} INFO - [2024-12-01T08:52:40.625+0000] {dag.py:3239} INFO - Sync 2 DAGs
[2024-12-01T08:52:40.634+0000] {logging_mixin.py:190} INFO - [2024-12-01T08:52:40.634+0000] {dag.py:4180} INFO - Setting next_dagrun for example_external_task_marker_child to None, run_after=None
[2024-12-01T08:52:40.637+0000] {logging_mixin.py:190} INFO - [2024-12-01T08:52:40.637+0000] {dag.py:4180} INFO - Setting next_dagrun for example_external_task_marker_parent to None, run_after=None
[2024-12-01T08:52:40.648+0000] {processor.py:208} INFO - Processing /home/airflow/.local/lib/python3.12/site-packages/airflow/example_dags/example_external_task_marker_dag.py took 0.049 seconds
[2024-12-01T08:53:11.115+0000] {processor.py:186} INFO - Started process (PID=275) to work on /home/airflow/.local/lib/python3.12/site-packages/airflow/example_dags/example_external_task_marker_dag.py
[2024-12-01T08:53:11.116+0000] {processor.py:914} INFO - Processing file /home/airflow/.local/lib/python3.12/site-packages/airflow/example_dags/example_external_task_marker_dag.py for tasks to queue
[2024-12-01T08:53:11.117+0000] {logging_mixin.py:190} INFO - [2024-12-01T08:53:11.117+0000] {dagbag.py:588} INFO - Filling up the DagBag from /home/airflow/.local/lib/python3.12/site-packages/airflow/example_dags/example_external_task_marker_dag.py
[2024-12-01T08:53:11.121+0000] {processor.py:925} INFO - DAG(s) 'example_external_task_marker_parent', 'example_external_task_marker_child' retrieved from /home/airflow/.local/lib/python3.12/site-packages/airflow/example_dags/example_external_task_marker_dag.py
[2024-12-01T08:53:11.138+0000] {logging_mixin.py:190} INFO - [2024-12-01T08:53:11.137+0000] {dag.py:3239} INFO - Sync 2 DAGs
[2024-12-01T08:53:11.149+0000] {logging_mixin.py:190} INFO - [2024-12-01T08:53:11.148+0000] {dag.py:4180} INFO - Setting next_dagrun for example_external_task_marker_child to None, run_after=None
[2024-12-01T08:53:11.152+0000] {logging_mixin.py:190} INFO - [2024-12-01T08:53:11.152+0000] {dag.py:4180} INFO - Setting next_dagrun for example_external_task_marker_parent to None, run_after=None
[2024-12-01T08:53:11.163+0000] {processor.py:208} INFO - Processing /home/airflow/.local/lib/python3.12/site-packages/airflow/example_dags/example_external_task_marker_dag.py took 0.051 seconds
[2024-12-01T08:53:42.177+0000] {processor.py:186} INFO - Started process (PID=338) to work on /home/airflow/.local/lib/python3.12/site-packages/airflow/example_dags/example_external_task_marker_dag.py
[2024-12-01T08:53:42.178+0000] {processor.py:914} INFO - Processing file /home/airflow/.local/lib/python3.12/site-packages/airflow/example_dags/example_external_task_marker_dag.py for tasks to queue
[2024-12-01T08:53:42.179+0000] {logging_mixin.py:190} INFO - [2024-12-01T08:53:42.179+0000] {dagbag.py:588} INFO - Filling up the DagBag from /home/airflow/.local/lib/python3.12/site-packages/airflow/example_dags/example_external_task_marker_dag.py
[2024-12-01T08:53:42.185+0000] {processor.py:925} INFO - DAG(s) 'example_external_task_marker_child', 'example_external_task_marker_parent' retrieved from /home/airflow/.local/lib/python3.12/site-packages/airflow/example_dags/example_external_task_marker_dag.py
[2024-12-01T08:53:42.202+0000] {logging_mixin.py:190} INFO - [2024-12-01T08:53:42.201+0000] {dag.py:3239} INFO - Sync 2 DAGs
[2024-12-01T08:53:42.213+0000] {logging_mixin.py:190} INFO - [2024-12-01T08:53:42.213+0000] {dag.py:4180} INFO - Setting next_dagrun for example_external_task_marker_child to None, run_after=None
[2024-12-01T08:53:42.216+0000] {logging_mixin.py:190} INFO - [2024-12-01T08:53:42.216+0000] {dag.py:4180} INFO - Setting next_dagrun for example_external_task_marker_parent to None, run_after=None
[2024-12-01T08:53:42.228+0000] {processor.py:208} INFO - Processing /home/airflow/.local/lib/python3.12/site-packages/airflow/example_dags/example_external_task_marker_dag.py took 0.055 seconds
[2024-12-01T08:54:12.273+0000] {processor.py:186} INFO - Started process (PID=400) to work on /home/airflow/.local/lib/python3.12/site-packages/airflow/example_dags/example_external_task_marker_dag.py
[2024-12-01T08:54:12.273+0000] {processor.py:914} INFO - Processing file /home/airflow/.local/lib/python3.12/site-packages/airflow/example_dags/example_external_task_marker_dag.py for tasks to queue
[2024-12-01T08:54:12.274+0000] {logging_mixin.py:190} INFO - [2024-12-01T08:54:12.274+0000] {dagbag.py:588} INFO - Filling up the DagBag from /home/airflow/.local/lib/python3.12/site-packages/airflow/example_dags/example_external_task_marker_dag.py
[2024-12-01T08:54:12.278+0000] {processor.py:925} INFO - DAG(s) 'example_external_task_marker_parent', 'example_external_task_marker_child' retrieved from /home/airflow/.local/lib/python3.12/site-packages/airflow/example_dags/example_external_task_marker_dag.py
[2024-12-01T08:54:12.296+0000] {logging_mixin.py:190} INFO - [2024-12-01T08:54:12.296+0000] {dag.py:3239} INFO - Sync 2 DAGs
[2024-12-01T08:54:12.308+0000] {logging_mixin.py:190} INFO - [2024-12-01T08:54:12.308+0000] {dag.py:4180} INFO - Setting next_dagrun for example_external_task_marker_child to None, run_after=None
[2024-12-01T08:54:12.311+0000] {logging_mixin.py:190} INFO - [2024-12-01T08:54:12.311+0000] {dag.py:4180} INFO - Setting next_dagrun for example_external_task_marker_parent to None, run_after=None
[2024-12-01T08:54:12.321+0000] {processor.py:208} INFO - Processing /home/airflow/.local/lib/python3.12/site-packages/airflow/example_dags/example_external_task_marker_dag.py took 0.051 seconds
[2024-12-01T08:54:42.536+0000] {processor.py:186} INFO - Started process (PID=463) to work on /home/airflow/.local/lib/python3.12/site-packages/airflow/example_dags/example_external_task_marker_dag.py
[2024-12-01T08:54:42.537+0000] {processor.py:914} INFO - Processing file /home/airflow/.local/lib/python3.12/site-packages/airflow/example_dags/example_external_task_marker_dag.py for tasks to queue
[2024-12-01T08:54:42.539+0000] {logging_mixin.py:190} INFO - [2024-12-01T08:54:42.538+0000] {dagbag.py:588} INFO - Filling up the DagBag from /home/airflow/.local/lib/python3.12/site-packages/airflow/example_dags/example_external_task_marker_dag.py
[2024-12-01T08:54:42.544+0000] {processor.py:925} INFO - DAG(s) 'example_external_task_marker_child', 'example_external_task_marker_parent' retrieved from /home/airflow/.local/lib/python3.12/site-packages/airflow/example_dags/example_external_task_marker_dag.py
[2024-12-01T08:54:42.563+0000] {logging_mixin.py:190} INFO - [2024-12-01T08:54:42.562+0000] {dag.py:3239} INFO - Sync 2 DAGs
[2024-12-01T08:54:42.572+0000] {logging_mixin.py:190} INFO - [2024-12-01T08:54:42.571+0000] {dag.py:4180} INFO - Setting next_dagrun for example_external_task_marker_child to None, run_after=None
[2024-12-01T08:54:42.574+0000] {logging_mixin.py:190} INFO - [2024-12-01T08:54:42.574+0000] {dag.py:4180} INFO - Setting next_dagrun for example_external_task_marker_parent to None, run_after=None
[2024-12-01T08:54:42.585+0000] {processor.py:208} INFO - Processing /home/airflow/.local/lib/python3.12/site-packages/airflow/example_dags/example_external_task_marker_dag.py took 0.053 seconds
[2024-12-01T08:55:12.775+0000] {processor.py:186} INFO - Started process (PID=526) to work on /home/airflow/.local/lib/python3.12/site-packages/airflow/example_dags/example_external_task_marker_dag.py
[2024-12-01T08:55:12.776+0000] {processor.py:914} INFO - Processing file /home/airflow/.local/lib/python3.12/site-packages/airflow/example_dags/example_external_task_marker_dag.py for tasks to queue
[2024-12-01T08:55:12.777+0000] {logging_mixin.py:190} INFO - [2024-12-01T08:55:12.777+0000] {dagbag.py:588} INFO - Filling up the DagBag from /home/airflow/.local/lib/python3.12/site-packages/airflow/example_dags/example_external_task_marker_dag.py
[2024-12-01T08:55:12.781+0000] {processor.py:925} INFO - DAG(s) 'example_external_task_marker_child', 'example_external_task_marker_parent' retrieved from /home/airflow/.local/lib/python3.12/site-packages/airflow/example_dags/example_external_task_marker_dag.py
[2024-12-01T08:55:12.797+0000] {logging_mixin.py:190} INFO - [2024-12-01T08:55:12.797+0000] {dag.py:3239} INFO - Sync 2 DAGs
[2024-12-01T08:55:12.808+0000] {logging_mixin.py:190} INFO - [2024-12-01T08:55:12.808+0000] {dag.py:4180} INFO - Setting next_dagrun for example_external_task_marker_child to None, run_after=None
[2024-12-01T08:55:12.811+0000] {logging_mixin.py:190} INFO - [2024-12-01T08:55:12.811+0000] {dag.py:4180} INFO - Setting next_dagrun for example_external_task_marker_parent to None, run_after=None
[2024-12-01T08:55:12.824+0000] {processor.py:208} INFO - Processing /home/airflow/.local/lib/python3.12/site-packages/airflow/example_dags/example_external_task_marker_dag.py took 0.051 seconds
[2024-12-01T08:55:43.050+0000] {processor.py:186} INFO - Started process (PID=589) to work on /home/airflow/.local/lib/python3.12/site-packages/airflow/example_dags/example_external_task_marker_dag.py
[2024-12-01T08:55:43.051+0000] {processor.py:914} INFO - Processing file /home/airflow/.local/lib/python3.12/site-packages/airflow/example_dags/example_external_task_marker_dag.py for tasks to queue
[2024-12-01T08:55:43.052+0000] {logging_mixin.py:190} INFO - [2024-12-01T08:55:43.052+0000] {dagbag.py:588} INFO - Filling up the DagBag from /home/airflow/.local/lib/python3.12/site-packages/airflow/example_dags/example_external_task_marker_dag.py
[2024-12-01T08:55:43.056+0000] {processor.py:925} INFO - DAG(s) 'example_external_task_marker_child', 'example_external_task_marker_parent' retrieved from /home/airflow/.local/lib/python3.12/site-packages/airflow/example_dags/example_external_task_marker_dag.py
[2024-12-01T08:55:43.071+0000] {logging_mixin.py:190} INFO - [2024-12-01T08:55:43.070+0000] {dag.py:3239} INFO - Sync 2 DAGs
[2024-12-01T08:55:43.078+0000] {logging_mixin.py:190} INFO - [2024-12-01T08:55:43.078+0000] {dag.py:4180} INFO - Setting next_dagrun for example_external_task_marker_child to None, run_after=None
[2024-12-01T08:55:43.080+0000] {logging_mixin.py:190} INFO - [2024-12-01T08:55:43.079+0000] {dag.py:4180} INFO - Setting next_dagrun for example_external_task_marker_parent to None, run_after=None
[2024-12-01T08:55:43.092+0000] {processor.py:208} INFO - Processing /home/airflow/.local/lib/python3.12/site-packages/airflow/example_dags/example_external_task_marker_dag.py took 0.045 seconds
[2024-12-01T08:56:13.327+0000] {processor.py:186} INFO - Started process (PID=652) to work on /home/airflow/.local/lib/python3.12/site-packages/airflow/example_dags/example_external_task_marker_dag.py
[2024-12-01T08:56:13.327+0000] {processor.py:914} INFO - Processing file /home/airflow/.local/lib/python3.12/site-packages/airflow/example_dags/example_external_task_marker_dag.py for tasks to queue
[2024-12-01T08:56:13.328+0000] {logging_mixin.py:190} INFO - [2024-12-01T08:56:13.328+0000] {dagbag.py:588} INFO - Filling up the DagBag from /home/airflow/.local/lib/python3.12/site-packages/airflow/example_dags/example_external_task_marker_dag.py
[2024-12-01T08:56:13.334+0000] {processor.py:925} INFO - DAG(s) 'example_external_task_marker_parent', 'example_external_task_marker_child' retrieved from /home/airflow/.local/lib/python3.12/site-packages/airflow/example_dags/example_external_task_marker_dag.py
[2024-12-01T08:56:13.354+0000] {logging_mixin.py:190} INFO - [2024-12-01T08:56:13.354+0000] {dag.py:3239} INFO - Sync 2 DAGs
[2024-12-01T08:56:13.367+0000] {logging_mixin.py:190} INFO - [2024-12-01T08:56:13.367+0000] {dag.py:4180} INFO - Setting next_dagrun for example_external_task_marker_child to None, run_after=None
[2024-12-01T08:56:13.370+0000] {logging_mixin.py:190} INFO - [2024-12-01T08:56:13.370+0000] {dag.py:4180} INFO - Setting next_dagrun for example_external_task_marker_parent to None, run_after=None
[2024-12-01T08:56:13.385+0000] {processor.py:208} INFO - Processing /home/airflow/.local/lib/python3.12/site-packages/airflow/example_dags/example_external_task_marker_dag.py took 0.062 seconds
[2024-12-01T08:56:44.123+0000] {processor.py:186} INFO - Started process (PID=715) to work on /home/airflow/.local/lib/python3.12/site-packages/airflow/example_dags/example_external_task_marker_dag.py
[2024-12-01T08:56:44.123+0000] {processor.py:914} INFO - Processing file /home/airflow/.local/lib/python3.12/site-packages/airflow/example_dags/example_external_task_marker_dag.py for tasks to queue
[2024-12-01T08:56:44.125+0000] {logging_mixin.py:190} INFO - [2024-12-01T08:56:44.125+0000] {dagbag.py:588} INFO - Filling up the DagBag from /home/airflow/.local/lib/python3.12/site-packages/airflow/example_dags/example_external_task_marker_dag.py
[2024-12-01T08:56:44.129+0000] {processor.py:925} INFO - DAG(s) 'example_external_task_marker_parent', 'example_external_task_marker_child' retrieved from /home/airflow/.local/lib/python3.12/site-packages/airflow/example_dags/example_external_task_marker_dag.py
[2024-12-01T08:56:44.146+0000] {logging_mixin.py:190} INFO - [2024-12-01T08:56:44.146+0000] {dag.py:3239} INFO - Sync 2 DAGs
[2024-12-01T08:56:44.153+0000] {logging_mixin.py:190} INFO - [2024-12-01T08:56:44.153+0000] {dag.py:4180} INFO - Setting next_dagrun for example_external_task_marker_child to None, run_after=None
[2024-12-01T08:56:44.155+0000] {logging_mixin.py:190} INFO - [2024-12-01T08:56:44.155+0000] {dag.py:4180} INFO - Setting next_dagrun for example_external_task_marker_parent to None, run_after=None
[2024-12-01T08:56:44.164+0000] {processor.py:208} INFO - Processing /home/airflow/.local/lib/python3.12/site-packages/airflow/example_dags/example_external_task_marker_dag.py took 0.046 seconds
[2024-12-01T08:57:14.867+0000] {processor.py:186} INFO - Started process (PID=778) to work on /home/airflow/.local/lib/python3.12/site-packages/airflow/example_dags/example_external_task_marker_dag.py
[2024-12-01T08:57:14.867+0000] {processor.py:914} INFO - Processing file /home/airflow/.local/lib/python3.12/site-packages/airflow/example_dags/example_external_task_marker_dag.py for tasks to queue
[2024-12-01T08:57:14.868+0000] {logging_mixin.py:190} INFO - [2024-12-01T08:57:14.868+0000] {dagbag.py:588} INFO - Filling up the DagBag from /home/airflow/.local/lib/python3.12/site-packages/airflow/example_dags/example_external_task_marker_dag.py
[2024-12-01T08:57:14.873+0000] {processor.py:925} INFO - DAG(s) 'example_external_task_marker_child', 'example_external_task_marker_parent' retrieved from /home/airflow/.local/lib/python3.12/site-packages/airflow/example_dags/example_external_task_marker_dag.py
[2024-12-01T08:57:14.886+0000] {logging_mixin.py:190} INFO - [2024-12-01T08:57:14.886+0000] {dag.py:3239} INFO - Sync 2 DAGs
[2024-12-01T08:57:14.893+0000] {logging_mixin.py:190} INFO - [2024-12-01T08:57:14.893+0000] {dag.py:4180} INFO - Setting next_dagrun for example_external_task_marker_child to None, run_after=None
[2024-12-01T08:57:14.895+0000] {logging_mixin.py:190} INFO - [2024-12-01T08:57:14.895+0000] {dag.py:4180} INFO - Setting next_dagrun for example_external_task_marker_parent to None, run_after=None
[2024-12-01T08:57:14.906+0000] {processor.py:208} INFO - Processing /home/airflow/.local/lib/python3.12/site-packages/airflow/example_dags/example_external_task_marker_dag.py took 0.042 seconds
[2024-12-01T08:57:45.657+0000] {processor.py:186} INFO - Started process (PID=841) to work on /home/airflow/.local/lib/python3.12/site-packages/airflow/example_dags/example_external_task_marker_dag.py
[2024-12-01T08:57:45.658+0000] {processor.py:914} INFO - Processing file /home/airflow/.local/lib/python3.12/site-packages/airflow/example_dags/example_external_task_marker_dag.py for tasks to queue
[2024-12-01T08:57:45.659+0000] {logging_mixin.py:190} INFO - [2024-12-01T08:57:45.659+0000] {dagbag.py:588} INFO - Filling up the DagBag from /home/airflow/.local/lib/python3.12/site-packages/airflow/example_dags/example_external_task_marker_dag.py
[2024-12-01T08:57:45.663+0000] {processor.py:925} INFO - DAG(s) 'example_external_task_marker_child', 'example_external_task_marker_parent' retrieved from /home/airflow/.local/lib/python3.12/site-packages/airflow/example_dags/example_external_task_marker_dag.py
[2024-12-01T08:57:45.676+0000] {logging_mixin.py:190} INFO - [2024-12-01T08:57:45.676+0000] {dag.py:3239} INFO - Sync 2 DAGs
[2024-12-01T08:57:45.684+0000] {logging_mixin.py:190} INFO - [2024-12-01T08:57:45.684+0000] {dag.py:4180} INFO - Setting next_dagrun for example_external_task_marker_child to None, run_after=None
[2024-12-01T08:57:45.686+0000] {logging_mixin.py:190} INFO - [2024-12-01T08:57:45.686+0000] {dag.py:4180} INFO - Setting next_dagrun for example_external_task_marker_parent to None, run_after=None
[2024-12-01T08:57:45.694+0000] {processor.py:208} INFO - Processing /home/airflow/.local/lib/python3.12/site-packages/airflow/example_dags/example_external_task_marker_dag.py took 0.040 seconds
[2024-12-01T08:58:16.496+0000] {processor.py:186} INFO - Started process (PID=904) to work on /home/airflow/.local/lib/python3.12/site-packages/airflow/example_dags/example_external_task_marker_dag.py
[2024-12-01T08:58:16.496+0000] {processor.py:914} INFO - Processing file /home/airflow/.local/lib/python3.12/site-packages/airflow/example_dags/example_external_task_marker_dag.py for tasks to queue
[2024-12-01T08:58:16.497+0000] {logging_mixin.py:190} INFO - [2024-12-01T08:58:16.497+0000] {dagbag.py:588} INFO - Filling up the DagBag from /home/airflow/.local/lib/python3.12/site-packages/airflow/example_dags/example_external_task_marker_dag.py
[2024-12-01T08:58:16.502+0000] {processor.py:925} INFO - DAG(s) 'example_external_task_marker_parent', 'example_external_task_marker_child' retrieved from /home/airflow/.local/lib/python3.12/site-packages/airflow/example_dags/example_external_task_marker_dag.py
[2024-12-01T08:58:16.519+0000] {logging_mixin.py:190} INFO - [2024-12-01T08:58:16.519+0000] {dag.py:3239} INFO - Sync 2 DAGs
[2024-12-01T08:58:16.529+0000] {logging_mixin.py:190} INFO - [2024-12-01T08:58:16.529+0000] {dag.py:4180} INFO - Setting next_dagrun for example_external_task_marker_child to None, run_after=None
[2024-12-01T08:58:16.532+0000] {logging_mixin.py:190} INFO - [2024-12-01T08:58:16.532+0000] {dag.py:4180} INFO - Setting next_dagrun for example_external_task_marker_parent to None, run_after=None
[2024-12-01T08:58:16.544+0000] {processor.py:208} INFO - Processing /home/airflow/.local/lib/python3.12/site-packages/airflow/example_dags/example_external_task_marker_dag.py took 0.051 seconds
[2024-12-01T08:58:47.283+0000] {processor.py:186} INFO - Started process (PID=967) to work on /home/airflow/.local/lib/python3.12/site-packages/airflow/example_dags/example_external_task_marker_dag.py
[2024-12-01T08:58:47.284+0000] {processor.py:914} INFO - Processing file /home/airflow/.local/lib/python3.12/site-packages/airflow/example_dags/example_external_task_marker_dag.py for tasks to queue
[2024-12-01T08:58:47.285+0000] {logging_mixin.py:190} INFO - [2024-12-01T08:58:47.285+0000] {dagbag.py:588} INFO - Filling up the DagBag from /home/airflow/.local/lib/python3.12/site-packages/airflow/example_dags/example_external_task_marker_dag.py
[2024-12-01T08:58:47.289+0000] {processor.py:925} INFO - DAG(s) 'example_external_task_marker_child', 'example_external_task_marker_parent' retrieved from /home/airflow/.local/lib/python3.12/site-packages/airflow/example_dags/example_external_task_marker_dag.py
[2024-12-01T08:58:47.304+0000] {logging_mixin.py:190} INFO - [2024-12-01T08:58:47.304+0000] {dag.py:3239} INFO - Sync 2 DAGs
[2024-12-01T08:58:47.316+0000] {logging_mixin.py:190} INFO - [2024-12-01T08:58:47.316+0000] {dag.py:4180} INFO - Setting next_dagrun for example_external_task_marker_child to None, run_after=None
[2024-12-01T08:58:47.330+0000] {logging_mixin.py:190} INFO - [2024-12-01T08:58:47.330+0000] {dag.py:4180} INFO - Setting next_dagrun for example_external_task_marker_parent to None, run_after=None
[2024-12-01T08:58:47.342+0000] {processor.py:208} INFO - Processing /home/airflow/.local/lib/python3.12/site-packages/airflow/example_dags/example_external_task_marker_dag.py took 0.063 seconds
[2024-12-01T08:59:18.145+0000] {processor.py:186} INFO - Started process (PID=1030) to work on /home/airflow/.local/lib/python3.12/site-packages/airflow/example_dags/example_external_task_marker_dag.py
[2024-12-01T08:59:18.146+0000] {processor.py:914} INFO - Processing file /home/airflow/.local/lib/python3.12/site-packages/airflow/example_dags/example_external_task_marker_dag.py for tasks to queue
[2024-12-01T08:59:18.148+0000] {logging_mixin.py:190} INFO - [2024-12-01T08:59:18.147+0000] {dagbag.py:588} INFO - Filling up the DagBag from /home/airflow/.local/lib/python3.12/site-packages/airflow/example_dags/example_external_task_marker_dag.py
[2024-12-01T08:59:18.154+0000] {processor.py:925} INFO - DAG(s) 'example_external_task_marker_child', 'example_external_task_marker_parent' retrieved from /home/airflow/.local/lib/python3.12/site-packages/airflow/example_dags/example_external_task_marker_dag.py
[2024-12-01T08:59:18.169+0000] {logging_mixin.py:190} INFO - [2024-12-01T08:59:18.169+0000] {dag.py:3239} INFO - Sync 2 DAGs
[2024-12-01T08:59:18.177+0000] {logging_mixin.py:190} INFO - [2024-12-01T08:59:18.177+0000] {dag.py:4180} INFO - Setting next_dagrun for example_external_task_marker_child to None, run_after=None
[2024-12-01T08:59:18.179+0000] {logging_mixin.py:190} INFO - [2024-12-01T08:59:18.179+0000] {dag.py:4180} INFO - Setting next_dagrun for example_external_task_marker_parent to None, run_after=None
[2024-12-01T08:59:18.188+0000] {processor.py:208} INFO - Processing /home/airflow/.local/lib/python3.12/site-packages/airflow/example_dags/example_external_task_marker_dag.py took 0.047 seconds
[2024-12-01T08:59:48.919+0000] {processor.py:186} INFO - Started process (PID=1093) to work on /home/airflow/.local/lib/python3.12/site-packages/airflow/example_dags/example_external_task_marker_dag.py
[2024-12-01T08:59:48.920+0000] {processor.py:914} INFO - Processing file /home/airflow/.local/lib/python3.12/site-packages/airflow/example_dags/example_external_task_marker_dag.py for tasks to queue
[2024-12-01T08:59:48.921+0000] {logging_mixin.py:190} INFO - [2024-12-01T08:59:48.921+0000] {dagbag.py:588} INFO - Filling up the DagBag from /home/airflow/.local/lib/python3.12/site-packages/airflow/example_dags/example_external_task_marker_dag.py
[2024-12-01T08:59:48.925+0000] {processor.py:925} INFO - DAG(s) 'example_external_task_marker_parent', 'example_external_task_marker_child' retrieved from /home/airflow/.local/lib/python3.12/site-packages/airflow/example_dags/example_external_task_marker_dag.py
[2024-12-01T08:59:48.942+0000] {logging_mixin.py:190} INFO - [2024-12-01T08:59:48.942+0000] {dag.py:3239} INFO - Sync 2 DAGs
[2024-12-01T08:59:48.953+0000] {logging_mixin.py:190} INFO - [2024-12-01T08:59:48.953+0000] {dag.py:4180} INFO - Setting next_dagrun for example_external_task_marker_child to None, run_after=None
[2024-12-01T08:59:48.956+0000] {logging_mixin.py:190} INFO - [2024-12-01T08:59:48.955+0000] {dag.py:4180} INFO - Setting next_dagrun for example_external_task_marker_parent to None, run_after=None
[2024-12-01T08:59:48.967+0000] {processor.py:208} INFO - Processing /home/airflow/.local/lib/python3.12/site-packages/airflow/example_dags/example_external_task_marker_dag.py took 0.050 seconds
[2024-12-01T09:00:19.820+0000] {processor.py:186} INFO - Started process (PID=1156) to work on /home/airflow/.local/lib/python3.12/site-packages/airflow/example_dags/example_external_task_marker_dag.py
[2024-12-01T09:00:19.821+0000] {processor.py:914} INFO - Processing file /home/airflow/.local/lib/python3.12/site-packages/airflow/example_dags/example_external_task_marker_dag.py for tasks to queue
[2024-12-01T09:00:19.822+0000] {logging_mixin.py:190} INFO - [2024-12-01T09:00:19.822+0000] {dagbag.py:588} INFO - Filling up the DagBag from /home/airflow/.local/lib/python3.12/site-packages/airflow/example_dags/example_external_task_marker_dag.py
[2024-12-01T09:00:19.827+0000] {processor.py:925} INFO - DAG(s) 'example_external_task_marker_child', 'example_external_task_marker_parent' retrieved from /home/airflow/.local/lib/python3.12/site-packages/airflow/example_dags/example_external_task_marker_dag.py
[2024-12-01T09:00:19.844+0000] {logging_mixin.py:190} INFO - [2024-12-01T09:00:19.844+0000] {dag.py:3239} INFO - Sync 2 DAGs
[2024-12-01T09:00:19.853+0000] {logging_mixin.py:190} INFO - [2024-12-01T09:00:19.853+0000] {dag.py:4180} INFO - Setting next_dagrun for example_external_task_marker_child to None, run_after=None
[2024-12-01T09:00:19.856+0000] {logging_mixin.py:190} INFO - [2024-12-01T09:00:19.856+0000] {dag.py:4180} INFO - Setting next_dagrun for example_external_task_marker_parent to None, run_after=None
[2024-12-01T09:00:19.867+0000] {processor.py:208} INFO - Processing /home/airflow/.local/lib/python3.12/site-packages/airflow/example_dags/example_external_task_marker_dag.py took 0.051 seconds
[2024-12-01T09:00:50.458+0000] {processor.py:186} INFO - Started process (PID=1219) to work on /home/airflow/.local/lib/python3.12/site-packages/airflow/example_dags/example_external_task_marker_dag.py
[2024-12-01T09:00:50.459+0000] {processor.py:914} INFO - Processing file /home/airflow/.local/lib/python3.12/site-packages/airflow/example_dags/example_external_task_marker_dag.py for tasks to queue
[2024-12-01T09:00:50.460+0000] {logging_mixin.py:190} INFO - [2024-12-01T09:00:50.460+0000] {dagbag.py:588} INFO - Filling up the DagBag from /home/airflow/.local/lib/python3.12/site-packages/airflow/example_dags/example_external_task_marker_dag.py
[2024-12-01T09:00:50.465+0000] {processor.py:925} INFO - DAG(s) 'example_external_task_marker_child', 'example_external_task_marker_parent' retrieved from /home/airflow/.local/lib/python3.12/site-packages/airflow/example_dags/example_external_task_marker_dag.py
[2024-12-01T09:00:50.484+0000] {logging_mixin.py:190} INFO - [2024-12-01T09:00:50.484+0000] {dag.py:3239} INFO - Sync 2 DAGs
[2024-12-01T09:00:50.498+0000] {logging_mixin.py:190} INFO - [2024-12-01T09:00:50.498+0000] {dag.py:4180} INFO - Setting next_dagrun for example_external_task_marker_child to None, run_after=None
[2024-12-01T09:00:50.501+0000] {logging_mixin.py:190} INFO - [2024-12-01T09:00:50.501+0000] {dag.py:4180} INFO - Setting next_dagrun for example_external_task_marker_parent to None, run_after=None
[2024-12-01T09:00:50.514+0000] {processor.py:208} INFO - Processing /home/airflow/.local/lib/python3.12/site-packages/airflow/example_dags/example_external_task_marker_dag.py took 0.059 seconds
[2024-12-01T09:01:20.709+0000] {processor.py:186} INFO - Started process (PID=1282) to work on /home/airflow/.local/lib/python3.12/site-packages/airflow/example_dags/example_external_task_marker_dag.py
[2024-12-01T09:01:20.710+0000] {processor.py:914} INFO - Processing file /home/airflow/.local/lib/python3.12/site-packages/airflow/example_dags/example_external_task_marker_dag.py for tasks to queue
[2024-12-01T09:01:20.711+0000] {logging_mixin.py:190} INFO - [2024-12-01T09:01:20.711+0000] {dagbag.py:588} INFO - Filling up the DagBag from /home/airflow/.local/lib/python3.12/site-packages/airflow/example_dags/example_external_task_marker_dag.py
[2024-12-01T09:01:20.716+0000] {processor.py:925} INFO - DAG(s) 'example_external_task_marker_parent', 'example_external_task_marker_child' retrieved from /home/airflow/.local/lib/python3.12/site-packages/airflow/example_dags/example_external_task_marker_dag.py
[2024-12-01T09:01:20.732+0000] {logging_mixin.py:190} INFO - [2024-12-01T09:01:20.732+0000] {dag.py:3239} INFO - Sync 2 DAGs
[2024-12-01T09:01:20.740+0000] {logging_mixin.py:190} INFO - [2024-12-01T09:01:20.740+0000] {dag.py:4180} INFO - Setting next_dagrun for example_external_task_marker_child to None, run_after=None
[2024-12-01T09:01:20.743+0000] {logging_mixin.py:190} INFO - [2024-12-01T09:01:20.742+0000] {dag.py:4180} INFO - Setting next_dagrun for example_external_task_marker_parent to None, run_after=None
[2024-12-01T09:01:20.751+0000] {processor.py:208} INFO - Processing /home/airflow/.local/lib/python3.12/site-packages/airflow/example_dags/example_external_task_marker_dag.py took 0.046 seconds
[2024-12-01T09:01:51.055+0000] {processor.py:186} INFO - Started process (PID=1346) to work on /home/airflow/.local/lib/python3.12/site-packages/airflow/example_dags/example_external_task_marker_dag.py
[2024-12-01T09:01:51.056+0000] {processor.py:914} INFO - Processing file /home/airflow/.local/lib/python3.12/site-packages/airflow/example_dags/example_external_task_marker_dag.py for tasks to queue
[2024-12-01T09:01:51.057+0000] {logging_mixin.py:190} INFO - [2024-12-01T09:01:51.057+0000] {dagbag.py:588} INFO - Filling up the DagBag from /home/airflow/.local/lib/python3.12/site-packages/airflow/example_dags/example_external_task_marker_dag.py
[2024-12-01T09:01:51.064+0000] {processor.py:925} INFO - DAG(s) 'example_external_task_marker_parent', 'example_external_task_marker_child' retrieved from /home/airflow/.local/lib/python3.12/site-packages/airflow/example_dags/example_external_task_marker_dag.py
[2024-12-01T09:01:51.083+0000] {logging_mixin.py:190} INFO - [2024-12-01T09:01:51.083+0000] {dag.py:3239} INFO - Sync 2 DAGs
[2024-12-01T09:01:51.093+0000] {logging_mixin.py:190} INFO - [2024-12-01T09:01:51.093+0000] {dag.py:4180} INFO - Setting next_dagrun for example_external_task_marker_child to None, run_after=None
[2024-12-01T09:01:51.097+0000] {logging_mixin.py:190} INFO - [2024-12-01T09:01:51.097+0000] {dag.py:4180} INFO - Setting next_dagrun for example_external_task_marker_parent to None, run_after=None
[2024-12-01T09:01:51.110+0000] {processor.py:208} INFO - Processing /home/airflow/.local/lib/python3.12/site-packages/airflow/example_dags/example_external_task_marker_dag.py took 0.059 seconds
[2024-12-01T09:02:21.146+0000] {processor.py:186} INFO - Started process (PID=1408) to work on /home/airflow/.local/lib/python3.12/site-packages/airflow/example_dags/example_external_task_marker_dag.py
[2024-12-01T09:02:21.147+0000] {processor.py:914} INFO - Processing file /home/airflow/.local/lib/python3.12/site-packages/airflow/example_dags/example_external_task_marker_dag.py for tasks to queue
[2024-12-01T09:02:21.148+0000] {logging_mixin.py:190} INFO - [2024-12-01T09:02:21.148+0000] {dagbag.py:588} INFO - Filling up the DagBag from /home/airflow/.local/lib/python3.12/site-packages/airflow/example_dags/example_external_task_marker_dag.py
[2024-12-01T09:02:21.152+0000] {processor.py:925} INFO - DAG(s) 'example_external_task_marker_child', 'example_external_task_marker_parent' retrieved from /home/airflow/.local/lib/python3.12/site-packages/airflow/example_dags/example_external_task_marker_dag.py
[2024-12-01T09:02:21.166+0000] {logging_mixin.py:190} INFO - [2024-12-01T09:02:21.166+0000] {dag.py:3239} INFO - Sync 2 DAGs
[2024-12-01T09:02:21.174+0000] {logging_mixin.py:190} INFO - [2024-12-01T09:02:21.174+0000] {dag.py:4180} INFO - Setting next_dagrun for example_external_task_marker_child to None, run_after=None
[2024-12-01T09:02:21.176+0000] {logging_mixin.py:190} INFO - [2024-12-01T09:02:21.176+0000] {dag.py:4180} INFO - Setting next_dagrun for example_external_task_marker_parent to None, run_after=None
[2024-12-01T09:02:21.185+0000] {processor.py:208} INFO - Processing /home/airflow/.local/lib/python3.12/site-packages/airflow/example_dags/example_external_task_marker_dag.py took 0.043 seconds
[2024-12-01T09:02:52.216+0000] {processor.py:186} INFO - Started process (PID=1472) to work on /home/airflow/.local/lib/python3.12/site-packages/airflow/example_dags/example_external_task_marker_dag.py
[2024-12-01T09:02:52.216+0000] {processor.py:914} INFO - Processing file /home/airflow/.local/lib/python3.12/site-packages/airflow/example_dags/example_external_task_marker_dag.py for tasks to queue
[2024-12-01T09:02:52.217+0000] {logging_mixin.py:190} INFO - [2024-12-01T09:02:52.217+0000] {dagbag.py:588} INFO - Filling up the DagBag from /home/airflow/.local/lib/python3.12/site-packages/airflow/example_dags/example_external_task_marker_dag.py
[2024-12-01T09:02:52.222+0000] {processor.py:925} INFO - DAG(s) 'example_external_task_marker_child', 'example_external_task_marker_parent' retrieved from /home/airflow/.local/lib/python3.12/site-packages/airflow/example_dags/example_external_task_marker_dag.py
[2024-12-01T09:02:52.239+0000] {logging_mixin.py:190} INFO - [2024-12-01T09:02:52.239+0000] {dag.py:3239} INFO - Sync 2 DAGs
[2024-12-01T09:02:52.249+0000] {logging_mixin.py:190} INFO - [2024-12-01T09:02:52.249+0000] {dag.py:4180} INFO - Setting next_dagrun for example_external_task_marker_child to None, run_after=None
[2024-12-01T09:02:52.252+0000] {logging_mixin.py:190} INFO - [2024-12-01T09:02:52.252+0000] {dag.py:4180} INFO - Setting next_dagrun for example_external_task_marker_parent to None, run_after=None
[2024-12-01T09:02:52.265+0000] {processor.py:208} INFO - Processing /home/airflow/.local/lib/python3.12/site-packages/airflow/example_dags/example_external_task_marker_dag.py took 0.053 seconds
[2024-12-01T09:03:22.746+0000] {processor.py:186} INFO - Started process (PID=1535) to work on /home/airflow/.local/lib/python3.12/site-packages/airflow/example_dags/example_external_task_marker_dag.py
[2024-12-01T09:03:22.747+0000] {processor.py:914} INFO - Processing file /home/airflow/.local/lib/python3.12/site-packages/airflow/example_dags/example_external_task_marker_dag.py for tasks to queue
[2024-12-01T09:03:22.748+0000] {logging_mixin.py:190} INFO - [2024-12-01T09:03:22.748+0000] {dagbag.py:588} INFO - Filling up the DagBag from /home/airflow/.local/lib/python3.12/site-packages/airflow/example_dags/example_external_task_marker_dag.py
[2024-12-01T09:03:22.753+0000] {processor.py:925} INFO - DAG(s) 'example_external_task_marker_parent', 'example_external_task_marker_child' retrieved from /home/airflow/.local/lib/python3.12/site-packages/airflow/example_dags/example_external_task_marker_dag.py
[2024-12-01T09:03:22.775+0000] {logging_mixin.py:190} INFO - [2024-12-01T09:03:22.775+0000] {dag.py:3239} INFO - Sync 2 DAGs
[2024-12-01T09:03:22.789+0000] {logging_mixin.py:190} INFO - [2024-12-01T09:03:22.788+0000] {dag.py:4180} INFO - Setting next_dagrun for example_external_task_marker_child to None, run_after=None
[2024-12-01T09:03:22.792+0000] {logging_mixin.py:190} INFO - [2024-12-01T09:03:22.792+0000] {dag.py:4180} INFO - Setting next_dagrun for example_external_task_marker_parent to None, run_after=None
[2024-12-01T09:03:22.806+0000] {processor.py:208} INFO - Processing /home/airflow/.local/lib/python3.12/site-packages/airflow/example_dags/example_external_task_marker_dag.py took 0.065 seconds
[2024-12-01T09:03:53.183+0000] {processor.py:186} INFO - Started process (PID=1598) to work on /home/airflow/.local/lib/python3.12/site-packages/airflow/example_dags/example_external_task_marker_dag.py
[2024-12-01T09:03:53.184+0000] {processor.py:914} INFO - Processing file /home/airflow/.local/lib/python3.12/site-packages/airflow/example_dags/example_external_task_marker_dag.py for tasks to queue
[2024-12-01T09:03:53.185+0000] {logging_mixin.py:190} INFO - [2024-12-01T09:03:53.184+0000] {dagbag.py:588} INFO - Filling up the DagBag from /home/airflow/.local/lib/python3.12/site-packages/airflow/example_dags/example_external_task_marker_dag.py
[2024-12-01T09:03:53.189+0000] {processor.py:925} INFO - DAG(s) 'example_external_task_marker_child', 'example_external_task_marker_parent' retrieved from /home/airflow/.local/lib/python3.12/site-packages/airflow/example_dags/example_external_task_marker_dag.py
[2024-12-01T09:03:53.202+0000] {logging_mixin.py:190} INFO - [2024-12-01T09:03:53.202+0000] {dag.py:3239} INFO - Sync 2 DAGs
[2024-12-01T09:03:53.210+0000] {logging_mixin.py:190} INFO - [2024-12-01T09:03:53.209+0000] {dag.py:4180} INFO - Setting next_dagrun for example_external_task_marker_child to None, run_after=None
[2024-12-01T09:03:53.212+0000] {logging_mixin.py:190} INFO - [2024-12-01T09:03:53.211+0000] {dag.py:4180} INFO - Setting next_dagrun for example_external_task_marker_parent to None, run_after=None
[2024-12-01T09:03:53.224+0000] {processor.py:208} INFO - Processing /home/airflow/.local/lib/python3.12/site-packages/airflow/example_dags/example_external_task_marker_dag.py took 0.044 seconds
[2024-12-01T09:04:23.396+0000] {processor.py:186} INFO - Started process (PID=1661) to work on /home/airflow/.local/lib/python3.12/site-packages/airflow/example_dags/example_external_task_marker_dag.py
[2024-12-01T09:04:23.396+0000] {processor.py:914} INFO - Processing file /home/airflow/.local/lib/python3.12/site-packages/airflow/example_dags/example_external_task_marker_dag.py for tasks to queue
[2024-12-01T09:04:23.398+0000] {logging_mixin.py:190} INFO - [2024-12-01T09:04:23.398+0000] {dagbag.py:588} INFO - Filling up the DagBag from /home/airflow/.local/lib/python3.12/site-packages/airflow/example_dags/example_external_task_marker_dag.py
[2024-12-01T09:04:23.404+0000] {processor.py:925} INFO - DAG(s) 'example_external_task_marker_child', 'example_external_task_marker_parent' retrieved from /home/airflow/.local/lib/python3.12/site-packages/airflow/example_dags/example_external_task_marker_dag.py
[2024-12-01T09:04:23.423+0000] {logging_mixin.py:190} INFO - [2024-12-01T09:04:23.423+0000] {dag.py:3239} INFO - Sync 2 DAGs
[2024-12-01T09:04:23.432+0000] {logging_mixin.py:190} INFO - [2024-12-01T09:04:23.432+0000] {dag.py:4180} INFO - Setting next_dagrun for example_external_task_marker_child to None, run_after=None
[2024-12-01T09:04:23.434+0000] {logging_mixin.py:190} INFO - [2024-12-01T09:04:23.434+0000] {dag.py:4180} INFO - Setting next_dagrun for example_external_task_marker_parent to None, run_after=None
[2024-12-01T09:04:23.443+0000] {processor.py:208} INFO - Processing /home/airflow/.local/lib/python3.12/site-packages/airflow/example_dags/example_external_task_marker_dag.py took 0.051 seconds
[2024-12-01T09:04:53.892+0000] {processor.py:186} INFO - Started process (PID=1724) to work on /home/airflow/.local/lib/python3.12/site-packages/airflow/example_dags/example_external_task_marker_dag.py
[2024-12-01T09:04:53.893+0000] {processor.py:914} INFO - Processing file /home/airflow/.local/lib/python3.12/site-packages/airflow/example_dags/example_external_task_marker_dag.py for tasks to queue
[2024-12-01T09:04:53.894+0000] {logging_mixin.py:190} INFO - [2024-12-01T09:04:53.894+0000] {dagbag.py:588} INFO - Filling up the DagBag from /home/airflow/.local/lib/python3.12/site-packages/airflow/example_dags/example_external_task_marker_dag.py
[2024-12-01T09:04:53.898+0000] {processor.py:925} INFO - DAG(s) 'example_external_task_marker_parent', 'example_external_task_marker_child' retrieved from /home/airflow/.local/lib/python3.12/site-packages/airflow/example_dags/example_external_task_marker_dag.py
[2024-12-01T09:04:53.915+0000] {logging_mixin.py:190} INFO - [2024-12-01T09:04:53.915+0000] {dag.py:3239} INFO - Sync 2 DAGs
[2024-12-01T09:04:53.924+0000] {logging_mixin.py:190} INFO - [2024-12-01T09:04:53.924+0000] {dag.py:4180} INFO - Setting next_dagrun for example_external_task_marker_child to None, run_after=None
[2024-12-01T09:04:53.927+0000] {logging_mixin.py:190} INFO - [2024-12-01T09:04:53.927+0000] {dag.py:4180} INFO - Setting next_dagrun for example_external_task_marker_parent to None, run_after=None
[2024-12-01T09:04:53.938+0000] {processor.py:208} INFO - Processing /home/airflow/.local/lib/python3.12/site-packages/airflow/example_dags/example_external_task_marker_dag.py took 0.049 seconds
[2024-12-01T09:05:24.609+0000] {processor.py:186} INFO - Started process (PID=1787) to work on /home/airflow/.local/lib/python3.12/site-packages/airflow/example_dags/example_external_task_marker_dag.py
[2024-12-01T09:05:24.610+0000] {processor.py:914} INFO - Processing file /home/airflow/.local/lib/python3.12/site-packages/airflow/example_dags/example_external_task_marker_dag.py for tasks to queue
[2024-12-01T09:05:24.612+0000] {logging_mixin.py:190} INFO - [2024-12-01T09:05:24.611+0000] {dagbag.py:588} INFO - Filling up the DagBag from /home/airflow/.local/lib/python3.12/site-packages/airflow/example_dags/example_external_task_marker_dag.py
[2024-12-01T09:05:24.617+0000] {processor.py:925} INFO - DAG(s) 'example_external_task_marker_parent', 'example_external_task_marker_child' retrieved from /home/airflow/.local/lib/python3.12/site-packages/airflow/example_dags/example_external_task_marker_dag.py
[2024-12-01T09:05:24.632+0000] {logging_mixin.py:190} INFO - [2024-12-01T09:05:24.632+0000] {dag.py:3239} INFO - Sync 2 DAGs
[2024-12-01T09:05:24.641+0000] {logging_mixin.py:190} INFO - [2024-12-01T09:05:24.641+0000] {dag.py:4180} INFO - Setting next_dagrun for example_external_task_marker_child to None, run_after=None
[2024-12-01T09:05:24.644+0000] {logging_mixin.py:190} INFO - [2024-12-01T09:05:24.644+0000] {dag.py:4180} INFO - Setting next_dagrun for example_external_task_marker_parent to None, run_after=None
[2024-12-01T09:05:24.656+0000] {processor.py:208} INFO - Processing /home/airflow/.local/lib/python3.12/site-packages/airflow/example_dags/example_external_task_marker_dag.py took 0.051 seconds
[2024-12-01T09:05:54.817+0000] {processor.py:186} INFO - Started process (PID=1850) to work on /home/airflow/.local/lib/python3.12/site-packages/airflow/example_dags/example_external_task_marker_dag.py
[2024-12-01T09:05:54.817+0000] {processor.py:914} INFO - Processing file /home/airflow/.local/lib/python3.12/site-packages/airflow/example_dags/example_external_task_marker_dag.py for tasks to queue
[2024-12-01T09:05:54.819+0000] {logging_mixin.py:190} INFO - [2024-12-01T09:05:54.819+0000] {dagbag.py:588} INFO - Filling up the DagBag from /home/airflow/.local/lib/python3.12/site-packages/airflow/example_dags/example_external_task_marker_dag.py
[2024-12-01T09:05:54.824+0000] {processor.py:925} INFO - DAG(s) 'example_external_task_marker_child', 'example_external_task_marker_parent' retrieved from /home/airflow/.local/lib/python3.12/site-packages/airflow/example_dags/example_external_task_marker_dag.py
[2024-12-01T09:05:54.841+0000] {logging_mixin.py:190} INFO - [2024-12-01T09:05:54.840+0000] {dag.py:3239} INFO - Sync 2 DAGs
[2024-12-01T09:05:54.850+0000] {logging_mixin.py:190} INFO - [2024-12-01T09:05:54.849+0000] {dag.py:4180} INFO - Setting next_dagrun for example_external_task_marker_child to None, run_after=None
[2024-12-01T09:05:54.852+0000] {logging_mixin.py:190} INFO - [2024-12-01T09:05:54.852+0000] {dag.py:4180} INFO - Setting next_dagrun for example_external_task_marker_parent to None, run_after=None
[2024-12-01T09:05:54.862+0000] {processor.py:208} INFO - Processing /home/airflow/.local/lib/python3.12/site-packages/airflow/example_dags/example_external_task_marker_dag.py took 0.051 seconds
[2024-12-01T09:06:25.658+0000] {processor.py:186} INFO - Started process (PID=1913) to work on /home/airflow/.local/lib/python3.12/site-packages/airflow/example_dags/example_external_task_marker_dag.py
[2024-12-01T09:06:25.659+0000] {processor.py:914} INFO - Processing file /home/airflow/.local/lib/python3.12/site-packages/airflow/example_dags/example_external_task_marker_dag.py for tasks to queue
[2024-12-01T09:06:25.661+0000] {logging_mixin.py:190} INFO - [2024-12-01T09:06:25.660+0000] {dagbag.py:588} INFO - Filling up the DagBag from /home/airflow/.local/lib/python3.12/site-packages/airflow/example_dags/example_external_task_marker_dag.py
[2024-12-01T09:06:25.665+0000] {processor.py:925} INFO - DAG(s) 'example_external_task_marker_parent', 'example_external_task_marker_child' retrieved from /home/airflow/.local/lib/python3.12/site-packages/airflow/example_dags/example_external_task_marker_dag.py
[2024-12-01T09:06:25.682+0000] {logging_mixin.py:190} INFO - [2024-12-01T09:06:25.682+0000] {dag.py:3239} INFO - Sync 2 DAGs
[2024-12-01T09:06:25.694+0000] {logging_mixin.py:190} INFO - [2024-12-01T09:06:25.694+0000] {dag.py:4180} INFO - Setting next_dagrun for example_external_task_marker_child to None, run_after=None
[2024-12-01T09:06:25.696+0000] {logging_mixin.py:190} INFO - [2024-12-01T09:06:25.696+0000] {dag.py:4180} INFO - Setting next_dagrun for example_external_task_marker_parent to None, run_after=None
[2024-12-01T09:06:25.707+0000] {processor.py:208} INFO - Processing /home/airflow/.local/lib/python3.12/site-packages/airflow/example_dags/example_external_task_marker_dag.py took 0.053 seconds
[2024-12-01T09:06:56.146+0000] {processor.py:186} INFO - Started process (PID=1976) to work on /home/airflow/.local/lib/python3.12/site-packages/airflow/example_dags/example_external_task_marker_dag.py
[2024-12-01T09:06:56.147+0000] {processor.py:914} INFO - Processing file /home/airflow/.local/lib/python3.12/site-packages/airflow/example_dags/example_external_task_marker_dag.py for tasks to queue
[2024-12-01T09:06:56.148+0000] {logging_mixin.py:190} INFO - [2024-12-01T09:06:56.148+0000] {dagbag.py:588} INFO - Filling up the DagBag from /home/airflow/.local/lib/python3.12/site-packages/airflow/example_dags/example_external_task_marker_dag.py
[2024-12-01T09:06:56.153+0000] {processor.py:925} INFO - DAG(s) 'example_external_task_marker_child', 'example_external_task_marker_parent' retrieved from /home/airflow/.local/lib/python3.12/site-packages/airflow/example_dags/example_external_task_marker_dag.py
[2024-12-01T09:06:56.174+0000] {logging_mixin.py:190} INFO - [2024-12-01T09:06:56.174+0000] {dag.py:3239} INFO - Sync 2 DAGs
[2024-12-01T09:06:56.185+0000] {logging_mixin.py:190} INFO - [2024-12-01T09:06:56.185+0000] {dag.py:4180} INFO - Setting next_dagrun for example_external_task_marker_child to None, run_after=None
[2024-12-01T09:06:56.189+0000] {logging_mixin.py:190} INFO - [2024-12-01T09:06:56.188+0000] {dag.py:4180} INFO - Setting next_dagrun for example_external_task_marker_parent to None, run_after=None
[2024-12-01T09:06:56.201+0000] {processor.py:208} INFO - Processing /home/airflow/.local/lib/python3.12/site-packages/airflow/example_dags/example_external_task_marker_dag.py took 0.060 seconds
[2024-12-01T09:07:26.452+0000] {processor.py:186} INFO - Started process (PID=2039) to work on /home/airflow/.local/lib/python3.12/site-packages/airflow/example_dags/example_external_task_marker_dag.py
[2024-12-01T09:07:26.453+0000] {processor.py:914} INFO - Processing file /home/airflow/.local/lib/python3.12/site-packages/airflow/example_dags/example_external_task_marker_dag.py for tasks to queue
[2024-12-01T09:07:26.454+0000] {logging_mixin.py:190} INFO - [2024-12-01T09:07:26.454+0000] {dagbag.py:588} INFO - Filling up the DagBag from /home/airflow/.local/lib/python3.12/site-packages/airflow/example_dags/example_external_task_marker_dag.py
[2024-12-01T09:07:26.458+0000] {processor.py:925} INFO - DAG(s) 'example_external_task_marker_parent', 'example_external_task_marker_child' retrieved from /home/airflow/.local/lib/python3.12/site-packages/airflow/example_dags/example_external_task_marker_dag.py
[2024-12-01T09:07:26.475+0000] {logging_mixin.py:190} INFO - [2024-12-01T09:07:26.474+0000] {dag.py:3239} INFO - Sync 2 DAGs
[2024-12-01T09:07:26.486+0000] {logging_mixin.py:190} INFO - [2024-12-01T09:07:26.486+0000] {dag.py:4180} INFO - Setting next_dagrun for example_external_task_marker_child to None, run_after=None
[2024-12-01T09:07:26.489+0000] {logging_mixin.py:190} INFO - [2024-12-01T09:07:26.489+0000] {dag.py:4180} INFO - Setting next_dagrun for example_external_task_marker_parent to None, run_after=None
[2024-12-01T09:07:26.501+0000] {processor.py:208} INFO - Processing /home/airflow/.local/lib/python3.12/site-packages/airflow/example_dags/example_external_task_marker_dag.py took 0.053 seconds
[2024-12-01T09:07:57.001+0000] {processor.py:186} INFO - Started process (PID=2102) to work on /home/airflow/.local/lib/python3.12/site-packages/airflow/example_dags/example_external_task_marker_dag.py
[2024-12-01T09:07:57.002+0000] {processor.py:914} INFO - Processing file /home/airflow/.local/lib/python3.12/site-packages/airflow/example_dags/example_external_task_marker_dag.py for tasks to queue
[2024-12-01T09:07:57.004+0000] {logging_mixin.py:190} INFO - [2024-12-01T09:07:57.004+0000] {dagbag.py:588} INFO - Filling up the DagBag from /home/airflow/.local/lib/python3.12/site-packages/airflow/example_dags/example_external_task_marker_dag.py
[2024-12-01T09:07:57.011+0000] {processor.py:925} INFO - DAG(s) 'example_external_task_marker_parent', 'example_external_task_marker_child' retrieved from /home/airflow/.local/lib/python3.12/site-packages/airflow/example_dags/example_external_task_marker_dag.py
[2024-12-01T09:07:57.031+0000] {logging_mixin.py:190} INFO - [2024-12-01T09:07:57.030+0000] {dag.py:3239} INFO - Sync 2 DAGs
[2024-12-01T09:07:57.040+0000] {logging_mixin.py:190} INFO - [2024-12-01T09:07:57.040+0000] {dag.py:4180} INFO - Setting next_dagrun for example_external_task_marker_child to None, run_after=None
[2024-12-01T09:07:57.042+0000] {logging_mixin.py:190} INFO - [2024-12-01T09:07:57.042+0000] {dag.py:4180} INFO - Setting next_dagrun for example_external_task_marker_parent to None, run_after=None
[2024-12-01T09:07:57.055+0000] {processor.py:208} INFO - Processing /home/airflow/.local/lib/python3.12/site-packages/airflow/example_dags/example_external_task_marker_dag.py took 0.061 seconds
[2024-12-01T09:08:27.679+0000] {processor.py:186} INFO - Started process (PID=2165) to work on /home/airflow/.local/lib/python3.12/site-packages/airflow/example_dags/example_external_task_marker_dag.py
[2024-12-01T09:08:27.680+0000] {processor.py:914} INFO - Processing file /home/airflow/.local/lib/python3.12/site-packages/airflow/example_dags/example_external_task_marker_dag.py for tasks to queue
[2024-12-01T09:08:27.681+0000] {logging_mixin.py:190} INFO - [2024-12-01T09:08:27.680+0000] {dagbag.py:588} INFO - Filling up the DagBag from /home/airflow/.local/lib/python3.12/site-packages/airflow/example_dags/example_external_task_marker_dag.py
[2024-12-01T09:08:27.685+0000] {processor.py:925} INFO - DAG(s) 'example_external_task_marker_parent', 'example_external_task_marker_child' retrieved from /home/airflow/.local/lib/python3.12/site-packages/airflow/example_dags/example_external_task_marker_dag.py
[2024-12-01T09:08:27.700+0000] {logging_mixin.py:190} INFO - [2024-12-01T09:08:27.699+0000] {dag.py:3239} INFO - Sync 2 DAGs
[2024-12-01T09:08:27.707+0000] {logging_mixin.py:190} INFO - [2024-12-01T09:08:27.707+0000] {dag.py:4180} INFO - Setting next_dagrun for example_external_task_marker_child to None, run_after=None
[2024-12-01T09:08:27.709+0000] {logging_mixin.py:190} INFO - [2024-12-01T09:08:27.709+0000] {dag.py:4180} INFO - Setting next_dagrun for example_external_task_marker_parent to None, run_after=None
[2024-12-01T09:08:27.719+0000] {processor.py:208} INFO - Processing /home/airflow/.local/lib/python3.12/site-packages/airflow/example_dags/example_external_task_marker_dag.py took 0.044 seconds
[2024-12-01T09:08:58.545+0000] {processor.py:186} INFO - Started process (PID=2228) to work on /home/airflow/.local/lib/python3.12/site-packages/airflow/example_dags/example_external_task_marker_dag.py
[2024-12-01T09:08:58.546+0000] {processor.py:914} INFO - Processing file /home/airflow/.local/lib/python3.12/site-packages/airflow/example_dags/example_external_task_marker_dag.py for tasks to queue
[2024-12-01T09:08:58.547+0000] {logging_mixin.py:190} INFO - [2024-12-01T09:08:58.547+0000] {dagbag.py:588} INFO - Filling up the DagBag from /home/airflow/.local/lib/python3.12/site-packages/airflow/example_dags/example_external_task_marker_dag.py
[2024-12-01T09:08:58.552+0000] {processor.py:925} INFO - DAG(s) 'example_external_task_marker_child', 'example_external_task_marker_parent' retrieved from /home/airflow/.local/lib/python3.12/site-packages/airflow/example_dags/example_external_task_marker_dag.py
[2024-12-01T09:08:58.566+0000] {logging_mixin.py:190} INFO - [2024-12-01T09:08:58.566+0000] {dag.py:3239} INFO - Sync 2 DAGs
[2024-12-01T09:08:58.574+0000] {logging_mixin.py:190} INFO - [2024-12-01T09:08:58.574+0000] {dag.py:4180} INFO - Setting next_dagrun for example_external_task_marker_child to None, run_after=None
[2024-12-01T09:08:58.576+0000] {logging_mixin.py:190} INFO - [2024-12-01T09:08:58.576+0000] {dag.py:4180} INFO - Setting next_dagrun for example_external_task_marker_parent to None, run_after=None
[2024-12-01T09:08:58.585+0000] {processor.py:208} INFO - Processing /home/airflow/.local/lib/python3.12/site-packages/airflow/example_dags/example_external_task_marker_dag.py took 0.043 seconds
[2024-12-01T09:09:28.970+0000] {processor.py:186} INFO - Started process (PID=2290) to work on /home/airflow/.local/lib/python3.12/site-packages/airflow/example_dags/example_external_task_marker_dag.py
[2024-12-01T09:09:28.970+0000] {processor.py:914} INFO - Processing file /home/airflow/.local/lib/python3.12/site-packages/airflow/example_dags/example_external_task_marker_dag.py for tasks to queue
[2024-12-01T09:09:28.972+0000] {logging_mixin.py:190} INFO - [2024-12-01T09:09:28.971+0000] {dagbag.py:588} INFO - Filling up the DagBag from /home/airflow/.local/lib/python3.12/site-packages/airflow/example_dags/example_external_task_marker_dag.py
[2024-12-01T09:09:28.978+0000] {processor.py:925} INFO - DAG(s) 'example_external_task_marker_child', 'example_external_task_marker_parent' retrieved from /home/airflow/.local/lib/python3.12/site-packages/airflow/example_dags/example_external_task_marker_dag.py
[2024-12-01T09:09:28.991+0000] {logging_mixin.py:190} INFO - [2024-12-01T09:09:28.991+0000] {dag.py:3239} INFO - Sync 2 DAGs
[2024-12-01T09:09:28.998+0000] {logging_mixin.py:190} INFO - [2024-12-01T09:09:28.998+0000] {dag.py:4180} INFO - Setting next_dagrun for example_external_task_marker_child to None, run_after=None
[2024-12-01T09:09:29.000+0000] {logging_mixin.py:190} INFO - [2024-12-01T09:09:29.000+0000] {dag.py:4180} INFO - Setting next_dagrun for example_external_task_marker_parent to None, run_after=None
[2024-12-01T09:09:29.007+0000] {processor.py:208} INFO - Processing /home/airflow/.local/lib/python3.12/site-packages/airflow/example_dags/example_external_task_marker_dag.py took 0.042 seconds
[2024-12-01T09:09:59.101+0000] {processor.py:186} INFO - Started process (PID=2353) to work on /home/airflow/.local/lib/python3.12/site-packages/airflow/example_dags/example_external_task_marker_dag.py
[2024-12-01T09:09:59.101+0000] {processor.py:914} INFO - Processing file /home/airflow/.local/lib/python3.12/site-packages/airflow/example_dags/example_external_task_marker_dag.py for tasks to queue
[2024-12-01T09:09:59.103+0000] {logging_mixin.py:190} INFO - [2024-12-01T09:09:59.102+0000] {dagbag.py:588} INFO - Filling up the DagBag from /home/airflow/.local/lib/python3.12/site-packages/airflow/example_dags/example_external_task_marker_dag.py
[2024-12-01T09:09:59.107+0000] {processor.py:925} INFO - DAG(s) 'example_external_task_marker_parent', 'example_external_task_marker_child' retrieved from /home/airflow/.local/lib/python3.12/site-packages/airflow/example_dags/example_external_task_marker_dag.py
[2024-12-01T09:09:59.125+0000] {logging_mixin.py:190} INFO - [2024-12-01T09:09:59.125+0000] {dag.py:3239} INFO - Sync 2 DAGs
[2024-12-01T09:09:59.134+0000] {logging_mixin.py:190} INFO - [2024-12-01T09:09:59.133+0000] {dag.py:4180} INFO - Setting next_dagrun for example_external_task_marker_child to None, run_after=None
[2024-12-01T09:09:59.137+0000] {logging_mixin.py:190} INFO - [2024-12-01T09:09:59.137+0000] {dag.py:4180} INFO - Setting next_dagrun for example_external_task_marker_parent to None, run_after=None
[2024-12-01T09:09:59.149+0000] {processor.py:208} INFO - Processing /home/airflow/.local/lib/python3.12/site-packages/airflow/example_dags/example_external_task_marker_dag.py took 0.051 seconds
[2024-12-01T09:10:29.622+0000] {processor.py:186} INFO - Started process (PID=2416) to work on /home/airflow/.local/lib/python3.12/site-packages/airflow/example_dags/example_external_task_marker_dag.py
[2024-12-01T09:10:29.622+0000] {processor.py:914} INFO - Processing file /home/airflow/.local/lib/python3.12/site-packages/airflow/example_dags/example_external_task_marker_dag.py for tasks to queue
[2024-12-01T09:10:29.623+0000] {logging_mixin.py:190} INFO - [2024-12-01T09:10:29.623+0000] {dagbag.py:588} INFO - Filling up the DagBag from /home/airflow/.local/lib/python3.12/site-packages/airflow/example_dags/example_external_task_marker_dag.py
[2024-12-01T09:10:29.628+0000] {processor.py:925} INFO - DAG(s) 'example_external_task_marker_child', 'example_external_task_marker_parent' retrieved from /home/airflow/.local/lib/python3.12/site-packages/airflow/example_dags/example_external_task_marker_dag.py
[2024-12-01T09:10:29.646+0000] {logging_mixin.py:190} INFO - [2024-12-01T09:10:29.645+0000] {dag.py:3239} INFO - Sync 2 DAGs
[2024-12-01T09:10:29.657+0000] {logging_mixin.py:190} INFO - [2024-12-01T09:10:29.657+0000] {dag.py:4180} INFO - Setting next_dagrun for example_external_task_marker_child to None, run_after=None
[2024-12-01T09:10:29.659+0000] {logging_mixin.py:190} INFO - [2024-12-01T09:10:29.659+0000] {dag.py:4180} INFO - Setting next_dagrun for example_external_task_marker_parent to None, run_after=None
[2024-12-01T09:10:29.670+0000] {processor.py:208} INFO - Processing /home/airflow/.local/lib/python3.12/site-packages/airflow/example_dags/example_external_task_marker_dag.py took 0.051 seconds
[2024-12-01T09:10:59.854+0000] {processor.py:186} INFO - Started process (PID=2479) to work on /home/airflow/.local/lib/python3.12/site-packages/airflow/example_dags/example_external_task_marker_dag.py
[2024-12-01T09:10:59.854+0000] {processor.py:914} INFO - Processing file /home/airflow/.local/lib/python3.12/site-packages/airflow/example_dags/example_external_task_marker_dag.py for tasks to queue
[2024-12-01T09:10:59.855+0000] {logging_mixin.py:190} INFO - [2024-12-01T09:10:59.855+0000] {dagbag.py:588} INFO - Filling up the DagBag from /home/airflow/.local/lib/python3.12/site-packages/airflow/example_dags/example_external_task_marker_dag.py
[2024-12-01T09:10:59.859+0000] {processor.py:925} INFO - DAG(s) 'example_external_task_marker_parent', 'example_external_task_marker_child' retrieved from /home/airflow/.local/lib/python3.12/site-packages/airflow/example_dags/example_external_task_marker_dag.py
[2024-12-01T09:10:59.878+0000] {logging_mixin.py:190} INFO - [2024-12-01T09:10:59.878+0000] {dag.py:3239} INFO - Sync 2 DAGs
[2024-12-01T09:10:59.886+0000] {logging_mixin.py:190} INFO - [2024-12-01T09:10:59.886+0000] {dag.py:4180} INFO - Setting next_dagrun for example_external_task_marker_child to None, run_after=None
[2024-12-01T09:10:59.888+0000] {logging_mixin.py:190} INFO - [2024-12-01T09:10:59.888+0000] {dag.py:4180} INFO - Setting next_dagrun for example_external_task_marker_parent to None, run_after=None
[2024-12-01T09:10:59.898+0000] {processor.py:208} INFO - Processing /home/airflow/.local/lib/python3.12/site-packages/airflow/example_dags/example_external_task_marker_dag.py took 0.049 seconds
[2024-12-01T09:11:30.283+0000] {processor.py:186} INFO - Started process (PID=2542) to work on /home/airflow/.local/lib/python3.12/site-packages/airflow/example_dags/example_external_task_marker_dag.py
[2024-12-01T09:11:30.283+0000] {processor.py:914} INFO - Processing file /home/airflow/.local/lib/python3.12/site-packages/airflow/example_dags/example_external_task_marker_dag.py for tasks to queue
[2024-12-01T09:11:30.284+0000] {logging_mixin.py:190} INFO - [2024-12-01T09:11:30.284+0000] {dagbag.py:588} INFO - Filling up the DagBag from /home/airflow/.local/lib/python3.12/site-packages/airflow/example_dags/example_external_task_marker_dag.py
[2024-12-01T09:11:30.289+0000] {processor.py:925} INFO - DAG(s) 'example_external_task_marker_child', 'example_external_task_marker_parent' retrieved from /home/airflow/.local/lib/python3.12/site-packages/airflow/example_dags/example_external_task_marker_dag.py
[2024-12-01T09:11:30.302+0000] {logging_mixin.py:190} INFO - [2024-12-01T09:11:30.302+0000] {dag.py:3239} INFO - Sync 2 DAGs
[2024-12-01T09:11:30.310+0000] {logging_mixin.py:190} INFO - [2024-12-01T09:11:30.310+0000] {dag.py:4180} INFO - Setting next_dagrun for example_external_task_marker_child to None, run_after=None
[2024-12-01T09:11:30.312+0000] {logging_mixin.py:190} INFO - [2024-12-01T09:11:30.312+0000] {dag.py:4180} INFO - Setting next_dagrun for example_external_task_marker_parent to None, run_after=None
[2024-12-01T09:11:30.320+0000] {processor.py:208} INFO - Processing /home/airflow/.local/lib/python3.12/site-packages/airflow/example_dags/example_external_task_marker_dag.py took 0.041 seconds
