[2024-12-01T08:51:42.482+0000] {processor.py:186} INFO - Started process (PID=112) to work on /home/airflow/.local/lib/python3.12/site-packages/airflow/example_dags/example_short_circuit_decorator.py
[2024-12-01T08:51:42.483+0000] {processor.py:914} INFO - Processing file /home/airflow/.local/lib/python3.12/site-packages/airflow/example_dags/example_short_circuit_decorator.py for tasks to queue
[2024-12-01T08:51:42.485+0000] {logging_mixin.py:190} INFO - [2024-12-01T08:51:42.484+0000] {dagbag.py:588} INFO - Filling up the DagBag from /home/airflow/.local/lib/python3.12/site-packages/airflow/example_dags/example_short_circuit_decorator.py
[2024-12-01T08:51:42.491+0000] {processor.py:925} INFO - DAG(s) 'example_short_circuit_decorator' retrieved from /home/airflow/.local/lib/python3.12/site-packages/airflow/example_dags/example_short_circuit_decorator.py
[2024-12-01T08:51:42.557+0000] {logging_mixin.py:190} INFO - [2024-12-01T08:51:42.556+0000] {override.py:1911} INFO - Created Permission View: can edit on DAG:example_short_circuit_decorator
[2024-12-01T08:51:42.562+0000] {logging_mixin.py:190} INFO - [2024-12-01T08:51:42.561+0000] {override.py:1911} INFO - Created Permission View: can read on DAG:example_short_circuit_decorator
[2024-12-01T08:51:42.565+0000] {logging_mixin.py:190} INFO - [2024-12-01T08:51:42.565+0000] {override.py:1911} INFO - Created Permission View: can delete on DAG:example_short_circuit_decorator
[2024-12-01T08:51:42.569+0000] {logging_mixin.py:190} INFO - [2024-12-01T08:51:42.569+0000] {override.py:1911} INFO - Created Permission View: can create on DAG Run:example_short_circuit_decorator
[2024-12-01T08:51:42.573+0000] {logging_mixin.py:190} INFO - [2024-12-01T08:51:42.573+0000] {override.py:1911} INFO - Created Permission View: menu access on DAG Run:example_short_circuit_decorator
[2024-12-01T08:51:42.577+0000] {logging_mixin.py:190} INFO - [2024-12-01T08:51:42.577+0000] {override.py:1911} INFO - Created Permission View: can read on DAG Run:example_short_circuit_decorator
[2024-12-01T08:51:42.581+0000] {logging_mixin.py:190} INFO - [2024-12-01T08:51:42.581+0000] {override.py:1911} INFO - Created Permission View: can delete on DAG Run:example_short_circuit_decorator
[2024-12-01T08:51:42.582+0000] {logging_mixin.py:190} INFO - [2024-12-01T08:51:42.582+0000] {dag.py:3239} INFO - Sync 1 DAGs
[2024-12-01T08:51:42.591+0000] {logging_mixin.py:190} INFO - [2024-12-01T08:51:42.590+0000] {dag.py:3262} INFO - Creating ORM DAG for example_short_circuit_decorator
[2024-12-01T08:51:42.591+0000] {logging_mixin.py:190} INFO - [2024-12-01T08:51:42.591+0000] {dag.py:4180} INFO - Setting next_dagrun for example_short_circuit_decorator to None, run_after=None
[2024-12-01T08:51:42.603+0000] {processor.py:208} INFO - Processing /home/airflow/.local/lib/python3.12/site-packages/airflow/example_dags/example_short_circuit_decorator.py took 0.126 seconds
[2024-12-01T08:52:13.000+0000] {processor.py:186} INFO - Started process (PID=174) to work on /home/airflow/.local/lib/python3.12/site-packages/airflow/example_dags/example_short_circuit_decorator.py
[2024-12-01T08:52:13.000+0000] {processor.py:914} INFO - Processing file /home/airflow/.local/lib/python3.12/site-packages/airflow/example_dags/example_short_circuit_decorator.py for tasks to queue
[2024-12-01T08:52:13.002+0000] {logging_mixin.py:190} INFO - [2024-12-01T08:52:13.001+0000] {dagbag.py:588} INFO - Filling up the DagBag from /home/airflow/.local/lib/python3.12/site-packages/airflow/example_dags/example_short_circuit_decorator.py
[2024-12-01T08:52:13.007+0000] {processor.py:925} INFO - DAG(s) 'example_short_circuit_decorator' retrieved from /home/airflow/.local/lib/python3.12/site-packages/airflow/example_dags/example_short_circuit_decorator.py
[2024-12-01T08:52:13.021+0000] {logging_mixin.py:190} INFO - [2024-12-01T08:52:13.021+0000] {dag.py:3239} INFO - Sync 1 DAGs
[2024-12-01T08:52:13.031+0000] {logging_mixin.py:190} INFO - [2024-12-01T08:52:13.031+0000] {dag.py:4180} INFO - Setting next_dagrun for example_short_circuit_decorator to None, run_after=None
[2024-12-01T08:52:13.044+0000] {processor.py:208} INFO - Processing /home/airflow/.local/lib/python3.12/site-packages/airflow/example_dags/example_short_circuit_decorator.py took 0.048 seconds
[2024-12-01T08:52:43.467+0000] {processor.py:186} INFO - Started process (PID=237) to work on /home/airflow/.local/lib/python3.12/site-packages/airflow/example_dags/example_short_circuit_decorator.py
[2024-12-01T08:52:43.467+0000] {processor.py:914} INFO - Processing file /home/airflow/.local/lib/python3.12/site-packages/airflow/example_dags/example_short_circuit_decorator.py for tasks to queue
[2024-12-01T08:52:43.468+0000] {logging_mixin.py:190} INFO - [2024-12-01T08:52:43.468+0000] {dagbag.py:588} INFO - Filling up the DagBag from /home/airflow/.local/lib/python3.12/site-packages/airflow/example_dags/example_short_circuit_decorator.py
[2024-12-01T08:52:43.474+0000] {processor.py:925} INFO - DAG(s) 'example_short_circuit_decorator' retrieved from /home/airflow/.local/lib/python3.12/site-packages/airflow/example_dags/example_short_circuit_decorator.py
[2024-12-01T08:52:43.491+0000] {logging_mixin.py:190} INFO - [2024-12-01T08:52:43.490+0000] {dag.py:3239} INFO - Sync 1 DAGs
[2024-12-01T08:52:43.501+0000] {logging_mixin.py:190} INFO - [2024-12-01T08:52:43.501+0000] {dag.py:4180} INFO - Setting next_dagrun for example_short_circuit_decorator to None, run_after=None
[2024-12-01T08:52:43.516+0000] {processor.py:208} INFO - Processing /home/airflow/.local/lib/python3.12/site-packages/airflow/example_dags/example_short_circuit_decorator.py took 0.052 seconds
[2024-12-01T08:53:13.650+0000] {processor.py:186} INFO - Started process (PID=300) to work on /home/airflow/.local/lib/python3.12/site-packages/airflow/example_dags/example_short_circuit_decorator.py
[2024-12-01T08:53:13.651+0000] {processor.py:914} INFO - Processing file /home/airflow/.local/lib/python3.12/site-packages/airflow/example_dags/example_short_circuit_decorator.py for tasks to queue
[2024-12-01T08:53:13.653+0000] {logging_mixin.py:190} INFO - [2024-12-01T08:53:13.652+0000] {dagbag.py:588} INFO - Filling up the DagBag from /home/airflow/.local/lib/python3.12/site-packages/airflow/example_dags/example_short_circuit_decorator.py
[2024-12-01T08:53:13.660+0000] {processor.py:925} INFO - DAG(s) 'example_short_circuit_decorator' retrieved from /home/airflow/.local/lib/python3.12/site-packages/airflow/example_dags/example_short_circuit_decorator.py
[2024-12-01T08:53:13.674+0000] {logging_mixin.py:190} INFO - [2024-12-01T08:53:13.673+0000] {dag.py:3239} INFO - Sync 1 DAGs
[2024-12-01T08:53:13.681+0000] {logging_mixin.py:190} INFO - [2024-12-01T08:53:13.681+0000] {dag.py:4180} INFO - Setting next_dagrun for example_short_circuit_decorator to None, run_after=None
[2024-12-01T08:53:13.691+0000] {processor.py:208} INFO - Processing /home/airflow/.local/lib/python3.12/site-packages/airflow/example_dags/example_short_circuit_decorator.py took 0.046 seconds
[2024-12-01T08:53:44.629+0000] {processor.py:186} INFO - Started process (PID=362) to work on /home/airflow/.local/lib/python3.12/site-packages/airflow/example_dags/example_short_circuit_decorator.py
[2024-12-01T08:53:44.630+0000] {processor.py:914} INFO - Processing file /home/airflow/.local/lib/python3.12/site-packages/airflow/example_dags/example_short_circuit_decorator.py for tasks to queue
[2024-12-01T08:53:44.631+0000] {logging_mixin.py:190} INFO - [2024-12-01T08:53:44.631+0000] {dagbag.py:588} INFO - Filling up the DagBag from /home/airflow/.local/lib/python3.12/site-packages/airflow/example_dags/example_short_circuit_decorator.py
[2024-12-01T08:53:44.636+0000] {processor.py:925} INFO - DAG(s) 'example_short_circuit_decorator' retrieved from /home/airflow/.local/lib/python3.12/site-packages/airflow/example_dags/example_short_circuit_decorator.py
[2024-12-01T08:53:44.649+0000] {logging_mixin.py:190} INFO - [2024-12-01T08:53:44.649+0000] {dag.py:3239} INFO - Sync 1 DAGs
[2024-12-01T08:53:44.656+0000] {logging_mixin.py:190} INFO - [2024-12-01T08:53:44.656+0000] {dag.py:4180} INFO - Setting next_dagrun for example_short_circuit_decorator to None, run_after=None
[2024-12-01T08:53:44.665+0000] {processor.py:208} INFO - Processing /home/airflow/.local/lib/python3.12/site-packages/airflow/example_dags/example_short_circuit_decorator.py took 0.040 seconds
[2024-12-01T08:54:16.410+0000] {processor.py:186} INFO - Started process (PID=426) to work on /home/airflow/.local/lib/python3.12/site-packages/airflow/example_dags/example_short_circuit_decorator.py
[2024-12-01T08:54:16.411+0000] {processor.py:914} INFO - Processing file /home/airflow/.local/lib/python3.12/site-packages/airflow/example_dags/example_short_circuit_decorator.py for tasks to queue
[2024-12-01T08:54:16.412+0000] {logging_mixin.py:190} INFO - [2024-12-01T08:54:16.412+0000] {dagbag.py:588} INFO - Filling up the DagBag from /home/airflow/.local/lib/python3.12/site-packages/airflow/example_dags/example_short_circuit_decorator.py
[2024-12-01T08:54:16.417+0000] {processor.py:925} INFO - DAG(s) 'example_short_circuit_decorator' retrieved from /home/airflow/.local/lib/python3.12/site-packages/airflow/example_dags/example_short_circuit_decorator.py
[2024-12-01T08:54:16.433+0000] {logging_mixin.py:190} INFO - [2024-12-01T08:54:16.433+0000] {dag.py:3239} INFO - Sync 1 DAGs
[2024-12-01T08:54:16.444+0000] {logging_mixin.py:190} INFO - [2024-12-01T08:54:16.444+0000] {dag.py:4180} INFO - Setting next_dagrun for example_short_circuit_decorator to None, run_after=None
[2024-12-01T08:54:16.453+0000] {processor.py:208} INFO - Processing /home/airflow/.local/lib/python3.12/site-packages/airflow/example_dags/example_short_circuit_decorator.py took 0.047 seconds
[2024-12-01T08:54:47.595+0000] {processor.py:186} INFO - Started process (PID=489) to work on /home/airflow/.local/lib/python3.12/site-packages/airflow/example_dags/example_short_circuit_decorator.py
[2024-12-01T08:54:47.595+0000] {processor.py:914} INFO - Processing file /home/airflow/.local/lib/python3.12/site-packages/airflow/example_dags/example_short_circuit_decorator.py for tasks to queue
[2024-12-01T08:54:47.596+0000] {logging_mixin.py:190} INFO - [2024-12-01T08:54:47.596+0000] {dagbag.py:588} INFO - Filling up the DagBag from /home/airflow/.local/lib/python3.12/site-packages/airflow/example_dags/example_short_circuit_decorator.py
[2024-12-01T08:54:47.601+0000] {processor.py:925} INFO - DAG(s) 'example_short_circuit_decorator' retrieved from /home/airflow/.local/lib/python3.12/site-packages/airflow/example_dags/example_short_circuit_decorator.py
[2024-12-01T08:54:47.613+0000] {logging_mixin.py:190} INFO - [2024-12-01T08:54:47.613+0000] {dag.py:3239} INFO - Sync 1 DAGs
[2024-12-01T08:54:47.621+0000] {logging_mixin.py:190} INFO - [2024-12-01T08:54:47.621+0000] {dag.py:4180} INFO - Setting next_dagrun for example_short_circuit_decorator to None, run_after=None
[2024-12-01T08:54:47.632+0000] {processor.py:208} INFO - Processing /home/airflow/.local/lib/python3.12/site-packages/airflow/example_dags/example_short_circuit_decorator.py took 0.040 seconds
[2024-12-01T08:55:18.709+0000] {processor.py:186} INFO - Started process (PID=552) to work on /home/airflow/.local/lib/python3.12/site-packages/airflow/example_dags/example_short_circuit_decorator.py
[2024-12-01T08:55:18.710+0000] {processor.py:914} INFO - Processing file /home/airflow/.local/lib/python3.12/site-packages/airflow/example_dags/example_short_circuit_decorator.py for tasks to queue
[2024-12-01T08:55:18.712+0000] {logging_mixin.py:190} INFO - [2024-12-01T08:55:18.712+0000] {dagbag.py:588} INFO - Filling up the DagBag from /home/airflow/.local/lib/python3.12/site-packages/airflow/example_dags/example_short_circuit_decorator.py
[2024-12-01T08:55:18.720+0000] {processor.py:925} INFO - DAG(s) 'example_short_circuit_decorator' retrieved from /home/airflow/.local/lib/python3.12/site-packages/airflow/example_dags/example_short_circuit_decorator.py
[2024-12-01T08:55:18.740+0000] {logging_mixin.py:190} INFO - [2024-12-01T08:55:18.740+0000] {dag.py:3239} INFO - Sync 1 DAGs
[2024-12-01T08:55:18.752+0000] {logging_mixin.py:190} INFO - [2024-12-01T08:55:18.752+0000] {dag.py:4180} INFO - Setting next_dagrun for example_short_circuit_decorator to None, run_after=None
[2024-12-01T08:55:18.769+0000] {processor.py:208} INFO - Processing /home/airflow/.local/lib/python3.12/site-packages/airflow/example_dags/example_short_circuit_decorator.py took 0.062 seconds
[2024-12-01T08:55:50.105+0000] {processor.py:186} INFO - Started process (PID=615) to work on /home/airflow/.local/lib/python3.12/site-packages/airflow/example_dags/example_short_circuit_decorator.py
[2024-12-01T08:55:50.105+0000] {processor.py:914} INFO - Processing file /home/airflow/.local/lib/python3.12/site-packages/airflow/example_dags/example_short_circuit_decorator.py for tasks to queue
[2024-12-01T08:55:50.107+0000] {logging_mixin.py:190} INFO - [2024-12-01T08:55:50.107+0000] {dagbag.py:588} INFO - Filling up the DagBag from /home/airflow/.local/lib/python3.12/site-packages/airflow/example_dags/example_short_circuit_decorator.py
[2024-12-01T08:55:50.113+0000] {processor.py:925} INFO - DAG(s) 'example_short_circuit_decorator' retrieved from /home/airflow/.local/lib/python3.12/site-packages/airflow/example_dags/example_short_circuit_decorator.py
[2024-12-01T08:55:50.130+0000] {logging_mixin.py:190} INFO - [2024-12-01T08:55:50.130+0000] {dag.py:3239} INFO - Sync 1 DAGs
[2024-12-01T08:55:50.140+0000] {logging_mixin.py:190} INFO - [2024-12-01T08:55:50.140+0000] {dag.py:4180} INFO - Setting next_dagrun for example_short_circuit_decorator to None, run_after=None
[2024-12-01T08:55:50.158+0000] {processor.py:208} INFO - Processing /home/airflow/.local/lib/python3.12/site-packages/airflow/example_dags/example_short_circuit_decorator.py took 0.056 seconds
[2024-12-01T08:56:20.946+0000] {processor.py:186} INFO - Started process (PID=678) to work on /home/airflow/.local/lib/python3.12/site-packages/airflow/example_dags/example_short_circuit_decorator.py
[2024-12-01T08:56:20.947+0000] {processor.py:914} INFO - Processing file /home/airflow/.local/lib/python3.12/site-packages/airflow/example_dags/example_short_circuit_decorator.py for tasks to queue
[2024-12-01T08:56:20.948+0000] {logging_mixin.py:190} INFO - [2024-12-01T08:56:20.948+0000] {dagbag.py:588} INFO - Filling up the DagBag from /home/airflow/.local/lib/python3.12/site-packages/airflow/example_dags/example_short_circuit_decorator.py
[2024-12-01T08:56:20.953+0000] {processor.py:925} INFO - DAG(s) 'example_short_circuit_decorator' retrieved from /home/airflow/.local/lib/python3.12/site-packages/airflow/example_dags/example_short_circuit_decorator.py
[2024-12-01T08:56:20.969+0000] {logging_mixin.py:190} INFO - [2024-12-01T08:56:20.968+0000] {dag.py:3239} INFO - Sync 1 DAGs
[2024-12-01T08:56:20.976+0000] {logging_mixin.py:190} INFO - [2024-12-01T08:56:20.976+0000] {dag.py:4180} INFO - Setting next_dagrun for example_short_circuit_decorator to None, run_after=None
[2024-12-01T08:56:20.989+0000] {processor.py:208} INFO - Processing /home/airflow/.local/lib/python3.12/site-packages/airflow/example_dags/example_short_circuit_decorator.py took 0.048 seconds
[2024-12-01T08:56:51.688+0000] {processor.py:186} INFO - Started process (PID=741) to work on /home/airflow/.local/lib/python3.12/site-packages/airflow/example_dags/example_short_circuit_decorator.py
[2024-12-01T08:56:51.688+0000] {processor.py:914} INFO - Processing file /home/airflow/.local/lib/python3.12/site-packages/airflow/example_dags/example_short_circuit_decorator.py for tasks to queue
[2024-12-01T08:56:51.689+0000] {logging_mixin.py:190} INFO - [2024-12-01T08:56:51.689+0000] {dagbag.py:588} INFO - Filling up the DagBag from /home/airflow/.local/lib/python3.12/site-packages/airflow/example_dags/example_short_circuit_decorator.py
[2024-12-01T08:56:51.695+0000] {processor.py:925} INFO - DAG(s) 'example_short_circuit_decorator' retrieved from /home/airflow/.local/lib/python3.12/site-packages/airflow/example_dags/example_short_circuit_decorator.py
[2024-12-01T08:56:51.711+0000] {logging_mixin.py:190} INFO - [2024-12-01T08:56:51.711+0000] {dag.py:3239} INFO - Sync 1 DAGs
[2024-12-01T08:56:51.722+0000] {logging_mixin.py:190} INFO - [2024-12-01T08:56:51.722+0000] {dag.py:4180} INFO - Setting next_dagrun for example_short_circuit_decorator to None, run_after=None
[2024-12-01T08:56:51.734+0000] {processor.py:208} INFO - Processing /home/airflow/.local/lib/python3.12/site-packages/airflow/example_dags/example_short_circuit_decorator.py took 0.050 seconds
[2024-12-01T08:57:22.485+0000] {processor.py:186} INFO - Started process (PID=804) to work on /home/airflow/.local/lib/python3.12/site-packages/airflow/example_dags/example_short_circuit_decorator.py
[2024-12-01T08:57:22.486+0000] {processor.py:914} INFO - Processing file /home/airflow/.local/lib/python3.12/site-packages/airflow/example_dags/example_short_circuit_decorator.py for tasks to queue
[2024-12-01T08:57:22.487+0000] {logging_mixin.py:190} INFO - [2024-12-01T08:57:22.487+0000] {dagbag.py:588} INFO - Filling up the DagBag from /home/airflow/.local/lib/python3.12/site-packages/airflow/example_dags/example_short_circuit_decorator.py
[2024-12-01T08:57:22.492+0000] {processor.py:925} INFO - DAG(s) 'example_short_circuit_decorator' retrieved from /home/airflow/.local/lib/python3.12/site-packages/airflow/example_dags/example_short_circuit_decorator.py
[2024-12-01T08:57:22.506+0000] {logging_mixin.py:190} INFO - [2024-12-01T08:57:22.506+0000] {dag.py:3239} INFO - Sync 1 DAGs
[2024-12-01T08:57:22.514+0000] {logging_mixin.py:190} INFO - [2024-12-01T08:57:22.514+0000] {dag.py:4180} INFO - Setting next_dagrun for example_short_circuit_decorator to None, run_after=None
[2024-12-01T08:57:22.526+0000] {processor.py:208} INFO - Processing /home/airflow/.local/lib/python3.12/site-packages/airflow/example_dags/example_short_circuit_decorator.py took 0.044 seconds
[2024-12-01T08:57:53.290+0000] {processor.py:186} INFO - Started process (PID=867) to work on /home/airflow/.local/lib/python3.12/site-packages/airflow/example_dags/example_short_circuit_decorator.py
[2024-12-01T08:57:53.290+0000] {processor.py:914} INFO - Processing file /home/airflow/.local/lib/python3.12/site-packages/airflow/example_dags/example_short_circuit_decorator.py for tasks to queue
[2024-12-01T08:57:53.292+0000] {logging_mixin.py:190} INFO - [2024-12-01T08:57:53.292+0000] {dagbag.py:588} INFO - Filling up the DagBag from /home/airflow/.local/lib/python3.12/site-packages/airflow/example_dags/example_short_circuit_decorator.py
[2024-12-01T08:57:53.298+0000] {processor.py:925} INFO - DAG(s) 'example_short_circuit_decorator' retrieved from /home/airflow/.local/lib/python3.12/site-packages/airflow/example_dags/example_short_circuit_decorator.py
[2024-12-01T08:57:53.310+0000] {logging_mixin.py:190} INFO - [2024-12-01T08:57:53.310+0000] {dag.py:3239} INFO - Sync 1 DAGs
[2024-12-01T08:57:53.317+0000] {logging_mixin.py:190} INFO - [2024-12-01T08:57:53.317+0000] {dag.py:4180} INFO - Setting next_dagrun for example_short_circuit_decorator to None, run_after=None
[2024-12-01T08:57:53.327+0000] {processor.py:208} INFO - Processing /home/airflow/.local/lib/python3.12/site-packages/airflow/example_dags/example_short_circuit_decorator.py took 0.041 seconds
[2024-12-01T08:58:24.113+0000] {processor.py:186} INFO - Started process (PID=930) to work on /home/airflow/.local/lib/python3.12/site-packages/airflow/example_dags/example_short_circuit_decorator.py
[2024-12-01T08:58:24.113+0000] {processor.py:914} INFO - Processing file /home/airflow/.local/lib/python3.12/site-packages/airflow/example_dags/example_short_circuit_decorator.py for tasks to queue
[2024-12-01T08:58:24.115+0000] {logging_mixin.py:190} INFO - [2024-12-01T08:58:24.114+0000] {dagbag.py:588} INFO - Filling up the DagBag from /home/airflow/.local/lib/python3.12/site-packages/airflow/example_dags/example_short_circuit_decorator.py
[2024-12-01T08:58:24.120+0000] {processor.py:925} INFO - DAG(s) 'example_short_circuit_decorator' retrieved from /home/airflow/.local/lib/python3.12/site-packages/airflow/example_dags/example_short_circuit_decorator.py
[2024-12-01T08:58:24.132+0000] {logging_mixin.py:190} INFO - [2024-12-01T08:58:24.132+0000] {dag.py:3239} INFO - Sync 1 DAGs
[2024-12-01T08:58:24.139+0000] {logging_mixin.py:190} INFO - [2024-12-01T08:58:24.139+0000] {dag.py:4180} INFO - Setting next_dagrun for example_short_circuit_decorator to None, run_after=None
[2024-12-01T08:58:24.149+0000] {processor.py:208} INFO - Processing /home/airflow/.local/lib/python3.12/site-packages/airflow/example_dags/example_short_circuit_decorator.py took 0.040 seconds
[2024-12-01T08:58:54.936+0000] {processor.py:186} INFO - Started process (PID=993) to work on /home/airflow/.local/lib/python3.12/site-packages/airflow/example_dags/example_short_circuit_decorator.py
[2024-12-01T08:58:54.937+0000] {processor.py:914} INFO - Processing file /home/airflow/.local/lib/python3.12/site-packages/airflow/example_dags/example_short_circuit_decorator.py for tasks to queue
[2024-12-01T08:58:54.939+0000] {logging_mixin.py:190} INFO - [2024-12-01T08:58:54.939+0000] {dagbag.py:588} INFO - Filling up the DagBag from /home/airflow/.local/lib/python3.12/site-packages/airflow/example_dags/example_short_circuit_decorator.py
[2024-12-01T08:58:54.946+0000] {processor.py:925} INFO - DAG(s) 'example_short_circuit_decorator' retrieved from /home/airflow/.local/lib/python3.12/site-packages/airflow/example_dags/example_short_circuit_decorator.py
[2024-12-01T08:58:54.961+0000] {logging_mixin.py:190} INFO - [2024-12-01T08:58:54.960+0000] {dag.py:3239} INFO - Sync 1 DAGs
[2024-12-01T08:58:54.968+0000] {logging_mixin.py:190} INFO - [2024-12-01T08:58:54.968+0000] {dag.py:4180} INFO - Setting next_dagrun for example_short_circuit_decorator to None, run_after=None
[2024-12-01T08:58:54.978+0000] {processor.py:208} INFO - Processing /home/airflow/.local/lib/python3.12/site-packages/airflow/example_dags/example_short_circuit_decorator.py took 0.046 seconds
[2024-12-01T08:59:25.750+0000] {processor.py:186} INFO - Started process (PID=1056) to work on /home/airflow/.local/lib/python3.12/site-packages/airflow/example_dags/example_short_circuit_decorator.py
[2024-12-01T08:59:25.751+0000] {processor.py:914} INFO - Processing file /home/airflow/.local/lib/python3.12/site-packages/airflow/example_dags/example_short_circuit_decorator.py for tasks to queue
[2024-12-01T08:59:25.752+0000] {logging_mixin.py:190} INFO - [2024-12-01T08:59:25.752+0000] {dagbag.py:588} INFO - Filling up the DagBag from /home/airflow/.local/lib/python3.12/site-packages/airflow/example_dags/example_short_circuit_decorator.py
[2024-12-01T08:59:25.757+0000] {processor.py:925} INFO - DAG(s) 'example_short_circuit_decorator' retrieved from /home/airflow/.local/lib/python3.12/site-packages/airflow/example_dags/example_short_circuit_decorator.py
[2024-12-01T08:59:25.771+0000] {logging_mixin.py:190} INFO - [2024-12-01T08:59:25.771+0000] {dag.py:3239} INFO - Sync 1 DAGs
[2024-12-01T08:59:25.784+0000] {logging_mixin.py:190} INFO - [2024-12-01T08:59:25.783+0000] {dag.py:4180} INFO - Setting next_dagrun for example_short_circuit_decorator to None, run_after=None
[2024-12-01T08:59:25.798+0000] {processor.py:208} INFO - Processing /home/airflow/.local/lib/python3.12/site-packages/airflow/example_dags/example_short_circuit_decorator.py took 0.051 seconds
[2024-12-01T08:59:56.616+0000] {processor.py:186} INFO - Started process (PID=1119) to work on /home/airflow/.local/lib/python3.12/site-packages/airflow/example_dags/example_short_circuit_decorator.py
[2024-12-01T08:59:56.617+0000] {processor.py:914} INFO - Processing file /home/airflow/.local/lib/python3.12/site-packages/airflow/example_dags/example_short_circuit_decorator.py for tasks to queue
[2024-12-01T08:59:56.619+0000] {logging_mixin.py:190} INFO - [2024-12-01T08:59:56.619+0000] {dagbag.py:588} INFO - Filling up the DagBag from /home/airflow/.local/lib/python3.12/site-packages/airflow/example_dags/example_short_circuit_decorator.py
[2024-12-01T08:59:56.625+0000] {processor.py:925} INFO - DAG(s) 'example_short_circuit_decorator' retrieved from /home/airflow/.local/lib/python3.12/site-packages/airflow/example_dags/example_short_circuit_decorator.py
[2024-12-01T08:59:56.642+0000] {logging_mixin.py:190} INFO - [2024-12-01T08:59:56.642+0000] {dag.py:3239} INFO - Sync 1 DAGs
[2024-12-01T08:59:56.652+0000] {logging_mixin.py:190} INFO - [2024-12-01T08:59:56.651+0000] {dag.py:4180} INFO - Setting next_dagrun for example_short_circuit_decorator to None, run_after=None
[2024-12-01T08:59:56.664+0000] {processor.py:208} INFO - Processing /home/airflow/.local/lib/python3.12/site-packages/airflow/example_dags/example_short_circuit_decorator.py took 0.052 seconds
[2024-12-01T09:00:27.384+0000] {processor.py:186} INFO - Started process (PID=1182) to work on /home/airflow/.local/lib/python3.12/site-packages/airflow/example_dags/example_short_circuit_decorator.py
[2024-12-01T09:00:27.384+0000] {processor.py:914} INFO - Processing file /home/airflow/.local/lib/python3.12/site-packages/airflow/example_dags/example_short_circuit_decorator.py for tasks to queue
[2024-12-01T09:00:27.386+0000] {logging_mixin.py:190} INFO - [2024-12-01T09:00:27.386+0000] {dagbag.py:588} INFO - Filling up the DagBag from /home/airflow/.local/lib/python3.12/site-packages/airflow/example_dags/example_short_circuit_decorator.py
[2024-12-01T09:00:27.391+0000] {processor.py:925} INFO - DAG(s) 'example_short_circuit_decorator' retrieved from /home/airflow/.local/lib/python3.12/site-packages/airflow/example_dags/example_short_circuit_decorator.py
[2024-12-01T09:00:27.405+0000] {logging_mixin.py:190} INFO - [2024-12-01T09:00:27.405+0000] {dag.py:3239} INFO - Sync 1 DAGs
[2024-12-01T09:00:27.416+0000] {logging_mixin.py:190} INFO - [2024-12-01T09:00:27.416+0000] {dag.py:4180} INFO - Setting next_dagrun for example_short_circuit_decorator to None, run_after=None
[2024-12-01T09:00:27.428+0000] {processor.py:208} INFO - Processing /home/airflow/.local/lib/python3.12/site-packages/airflow/example_dags/example_short_circuit_decorator.py took 0.048 seconds
[2024-12-01T09:00:58.398+0000] {processor.py:186} INFO - Started process (PID=1245) to work on /home/airflow/.local/lib/python3.12/site-packages/airflow/example_dags/example_short_circuit_decorator.py
[2024-12-01T09:00:58.400+0000] {processor.py:914} INFO - Processing file /home/airflow/.local/lib/python3.12/site-packages/airflow/example_dags/example_short_circuit_decorator.py for tasks to queue
[2024-12-01T09:00:58.403+0000] {logging_mixin.py:190} INFO - [2024-12-01T09:00:58.402+0000] {dagbag.py:588} INFO - Filling up the DagBag from /home/airflow/.local/lib/python3.12/site-packages/airflow/example_dags/example_short_circuit_decorator.py
[2024-12-01T09:00:58.410+0000] {processor.py:925} INFO - DAG(s) 'example_short_circuit_decorator' retrieved from /home/airflow/.local/lib/python3.12/site-packages/airflow/example_dags/example_short_circuit_decorator.py
[2024-12-01T09:00:58.426+0000] {logging_mixin.py:190} INFO - [2024-12-01T09:00:58.426+0000] {dag.py:3239} INFO - Sync 1 DAGs
[2024-12-01T09:00:58.436+0000] {logging_mixin.py:190} INFO - [2024-12-01T09:00:58.435+0000] {dag.py:4180} INFO - Setting next_dagrun for example_short_circuit_decorator to None, run_after=None
[2024-12-01T09:00:58.451+0000] {processor.py:208} INFO - Processing /home/airflow/.local/lib/python3.12/site-packages/airflow/example_dags/example_short_circuit_decorator.py took 0.058 seconds
[2024-12-01T09:01:28.853+0000] {processor.py:186} INFO - Started process (PID=1308) to work on /home/airflow/.local/lib/python3.12/site-packages/airflow/example_dags/example_short_circuit_decorator.py
[2024-12-01T09:01:28.853+0000] {processor.py:914} INFO - Processing file /home/airflow/.local/lib/python3.12/site-packages/airflow/example_dags/example_short_circuit_decorator.py for tasks to queue
[2024-12-01T09:01:28.855+0000] {logging_mixin.py:190} INFO - [2024-12-01T09:01:28.855+0000] {dagbag.py:588} INFO - Filling up the DagBag from /home/airflow/.local/lib/python3.12/site-packages/airflow/example_dags/example_short_circuit_decorator.py
[2024-12-01T09:01:28.860+0000] {processor.py:925} INFO - DAG(s) 'example_short_circuit_decorator' retrieved from /home/airflow/.local/lib/python3.12/site-packages/airflow/example_dags/example_short_circuit_decorator.py
[2024-12-01T09:01:28.876+0000] {logging_mixin.py:190} INFO - [2024-12-01T09:01:28.876+0000] {dag.py:3239} INFO - Sync 1 DAGs
[2024-12-01T09:01:28.884+0000] {logging_mixin.py:190} INFO - [2024-12-01T09:01:28.884+0000] {dag.py:4180} INFO - Setting next_dagrun for example_short_circuit_decorator to None, run_after=None
[2024-12-01T09:01:28.893+0000] {processor.py:208} INFO - Processing /home/airflow/.local/lib/python3.12/site-packages/airflow/example_dags/example_short_circuit_decorator.py took 0.044 seconds
[2024-12-01T09:02:00.075+0000] {processor.py:186} INFO - Started process (PID=1372) to work on /home/airflow/.local/lib/python3.12/site-packages/airflow/example_dags/example_short_circuit_decorator.py
[2024-12-01T09:02:00.075+0000] {processor.py:914} INFO - Processing file /home/airflow/.local/lib/python3.12/site-packages/airflow/example_dags/example_short_circuit_decorator.py for tasks to queue
[2024-12-01T09:02:00.077+0000] {logging_mixin.py:190} INFO - [2024-12-01T09:02:00.076+0000] {dagbag.py:588} INFO - Filling up the DagBag from /home/airflow/.local/lib/python3.12/site-packages/airflow/example_dags/example_short_circuit_decorator.py
[2024-12-01T09:02:00.083+0000] {processor.py:925} INFO - DAG(s) 'example_short_circuit_decorator' retrieved from /home/airflow/.local/lib/python3.12/site-packages/airflow/example_dags/example_short_circuit_decorator.py
[2024-12-01T09:02:00.098+0000] {logging_mixin.py:190} INFO - [2024-12-01T09:02:00.098+0000] {dag.py:3239} INFO - Sync 1 DAGs
[2024-12-01T09:02:00.105+0000] {logging_mixin.py:190} INFO - [2024-12-01T09:02:00.105+0000] {dag.py:4180} INFO - Setting next_dagrun for example_short_circuit_decorator to None, run_after=None
[2024-12-01T09:02:00.116+0000] {processor.py:208} INFO - Processing /home/airflow/.local/lib/python3.12/site-packages/airflow/example_dags/example_short_circuit_decorator.py took 0.046 seconds
[2024-12-01T09:02:30.902+0000] {processor.py:186} INFO - Started process (PID=1435) to work on /home/airflow/.local/lib/python3.12/site-packages/airflow/example_dags/example_short_circuit_decorator.py
[2024-12-01T09:02:30.903+0000] {processor.py:914} INFO - Processing file /home/airflow/.local/lib/python3.12/site-packages/airflow/example_dags/example_short_circuit_decorator.py for tasks to queue
[2024-12-01T09:02:30.905+0000] {logging_mixin.py:190} INFO - [2024-12-01T09:02:30.905+0000] {dagbag.py:588} INFO - Filling up the DagBag from /home/airflow/.local/lib/python3.12/site-packages/airflow/example_dags/example_short_circuit_decorator.py
[2024-12-01T09:02:30.911+0000] {processor.py:925} INFO - DAG(s) 'example_short_circuit_decorator' retrieved from /home/airflow/.local/lib/python3.12/site-packages/airflow/example_dags/example_short_circuit_decorator.py
[2024-12-01T09:02:30.928+0000] {logging_mixin.py:190} INFO - [2024-12-01T09:02:30.928+0000] {dag.py:3239} INFO - Sync 1 DAGs
[2024-12-01T09:02:30.938+0000] {logging_mixin.py:190} INFO - [2024-12-01T09:02:30.938+0000] {dag.py:4180} INFO - Setting next_dagrun for example_short_circuit_decorator to None, run_after=None
[2024-12-01T09:02:30.953+0000] {processor.py:208} INFO - Processing /home/airflow/.local/lib/python3.12/site-packages/airflow/example_dags/example_short_circuit_decorator.py took 0.054 seconds
[2024-12-01T09:03:01.443+0000] {processor.py:186} INFO - Started process (PID=1498) to work on /home/airflow/.local/lib/python3.12/site-packages/airflow/example_dags/example_short_circuit_decorator.py
[2024-12-01T09:03:01.444+0000] {processor.py:914} INFO - Processing file /home/airflow/.local/lib/python3.12/site-packages/airflow/example_dags/example_short_circuit_decorator.py for tasks to queue
[2024-12-01T09:03:01.446+0000] {logging_mixin.py:190} INFO - [2024-12-01T09:03:01.445+0000] {dagbag.py:588} INFO - Filling up the DagBag from /home/airflow/.local/lib/python3.12/site-packages/airflow/example_dags/example_short_circuit_decorator.py
[2024-12-01T09:03:01.451+0000] {processor.py:925} INFO - DAG(s) 'example_short_circuit_decorator' retrieved from /home/airflow/.local/lib/python3.12/site-packages/airflow/example_dags/example_short_circuit_decorator.py
[2024-12-01T09:03:01.467+0000] {logging_mixin.py:190} INFO - [2024-12-01T09:03:01.467+0000] {dag.py:3239} INFO - Sync 1 DAGs
[2024-12-01T09:03:01.474+0000] {logging_mixin.py:190} INFO - [2024-12-01T09:03:01.474+0000] {dag.py:4180} INFO - Setting next_dagrun for example_short_circuit_decorator to None, run_after=None
[2024-12-01T09:03:01.484+0000] {processor.py:208} INFO - Processing /home/airflow/.local/lib/python3.12/site-packages/airflow/example_dags/example_short_circuit_decorator.py took 0.044 seconds
[2024-12-01T09:03:32.045+0000] {processor.py:186} INFO - Started process (PID=1561) to work on /home/airflow/.local/lib/python3.12/site-packages/airflow/example_dags/example_short_circuit_decorator.py
[2024-12-01T09:03:32.045+0000] {processor.py:914} INFO - Processing file /home/airflow/.local/lib/python3.12/site-packages/airflow/example_dags/example_short_circuit_decorator.py for tasks to queue
[2024-12-01T09:03:32.047+0000] {logging_mixin.py:190} INFO - [2024-12-01T09:03:32.047+0000] {dagbag.py:588} INFO - Filling up the DagBag from /home/airflow/.local/lib/python3.12/site-packages/airflow/example_dags/example_short_circuit_decorator.py
[2024-12-01T09:03:32.053+0000] {processor.py:925} INFO - DAG(s) 'example_short_circuit_decorator' retrieved from /home/airflow/.local/lib/python3.12/site-packages/airflow/example_dags/example_short_circuit_decorator.py
[2024-12-01T09:03:32.070+0000] {logging_mixin.py:190} INFO - [2024-12-01T09:03:32.070+0000] {dag.py:3239} INFO - Sync 1 DAGs
[2024-12-01T09:03:32.080+0000] {logging_mixin.py:190} INFO - [2024-12-01T09:03:32.080+0000] {dag.py:4180} INFO - Setting next_dagrun for example_short_circuit_decorator to None, run_after=None
[2024-12-01T09:03:32.089+0000] {processor.py:208} INFO - Processing /home/airflow/.local/lib/python3.12/site-packages/airflow/example_dags/example_short_circuit_decorator.py took 0.048 seconds
[2024-12-01T09:04:03.052+0000] {processor.py:186} INFO - Started process (PID=1624) to work on /home/airflow/.local/lib/python3.12/site-packages/airflow/example_dags/example_short_circuit_decorator.py
[2024-12-01T09:04:03.052+0000] {processor.py:914} INFO - Processing file /home/airflow/.local/lib/python3.12/site-packages/airflow/example_dags/example_short_circuit_decorator.py for tasks to queue
[2024-12-01T09:04:03.054+0000] {logging_mixin.py:190} INFO - [2024-12-01T09:04:03.054+0000] {dagbag.py:588} INFO - Filling up the DagBag from /home/airflow/.local/lib/python3.12/site-packages/airflow/example_dags/example_short_circuit_decorator.py
[2024-12-01T09:04:03.060+0000] {processor.py:925} INFO - DAG(s) 'example_short_circuit_decorator' retrieved from /home/airflow/.local/lib/python3.12/site-packages/airflow/example_dags/example_short_circuit_decorator.py
[2024-12-01T09:04:03.076+0000] {logging_mixin.py:190} INFO - [2024-12-01T09:04:03.076+0000] {dag.py:3239} INFO - Sync 1 DAGs
[2024-12-01T09:04:03.084+0000] {logging_mixin.py:190} INFO - [2024-12-01T09:04:03.084+0000] {dag.py:4180} INFO - Setting next_dagrun for example_short_circuit_decorator to None, run_after=None
[2024-12-01T09:04:03.098+0000] {processor.py:208} INFO - Processing /home/airflow/.local/lib/python3.12/site-packages/airflow/example_dags/example_short_circuit_decorator.py took 0.051 seconds
[2024-12-01T09:04:33.670+0000] {processor.py:186} INFO - Started process (PID=1687) to work on /home/airflow/.local/lib/python3.12/site-packages/airflow/example_dags/example_short_circuit_decorator.py
[2024-12-01T09:04:33.671+0000] {processor.py:914} INFO - Processing file /home/airflow/.local/lib/python3.12/site-packages/airflow/example_dags/example_short_circuit_decorator.py for tasks to queue
[2024-12-01T09:04:33.672+0000] {logging_mixin.py:190} INFO - [2024-12-01T09:04:33.672+0000] {dagbag.py:588} INFO - Filling up the DagBag from /home/airflow/.local/lib/python3.12/site-packages/airflow/example_dags/example_short_circuit_decorator.py
[2024-12-01T09:04:33.678+0000] {processor.py:925} INFO - DAG(s) 'example_short_circuit_decorator' retrieved from /home/airflow/.local/lib/python3.12/site-packages/airflow/example_dags/example_short_circuit_decorator.py
[2024-12-01T09:04:33.695+0000] {logging_mixin.py:190} INFO - [2024-12-01T09:04:33.694+0000] {dag.py:3239} INFO - Sync 1 DAGs
[2024-12-01T09:04:33.706+0000] {logging_mixin.py:190} INFO - [2024-12-01T09:04:33.706+0000] {dag.py:4180} INFO - Setting next_dagrun for example_short_circuit_decorator to None, run_after=None
[2024-12-01T09:04:33.719+0000] {processor.py:208} INFO - Processing /home/airflow/.local/lib/python3.12/site-packages/airflow/example_dags/example_short_circuit_decorator.py took 0.052 seconds
[2024-12-01T09:05:04.287+0000] {processor.py:186} INFO - Started process (PID=1750) to work on /home/airflow/.local/lib/python3.12/site-packages/airflow/example_dags/example_short_circuit_decorator.py
[2024-12-01T09:05:04.288+0000] {processor.py:914} INFO - Processing file /home/airflow/.local/lib/python3.12/site-packages/airflow/example_dags/example_short_circuit_decorator.py for tasks to queue
[2024-12-01T09:05:04.289+0000] {logging_mixin.py:190} INFO - [2024-12-01T09:05:04.289+0000] {dagbag.py:588} INFO - Filling up the DagBag from /home/airflow/.local/lib/python3.12/site-packages/airflow/example_dags/example_short_circuit_decorator.py
[2024-12-01T09:05:04.296+0000] {processor.py:925} INFO - DAG(s) 'example_short_circuit_decorator' retrieved from /home/airflow/.local/lib/python3.12/site-packages/airflow/example_dags/example_short_circuit_decorator.py
[2024-12-01T09:05:04.311+0000] {logging_mixin.py:190} INFO - [2024-12-01T09:05:04.311+0000] {dag.py:3239} INFO - Sync 1 DAGs
[2024-12-01T09:05:04.320+0000] {logging_mixin.py:190} INFO - [2024-12-01T09:05:04.319+0000] {dag.py:4180} INFO - Setting next_dagrun for example_short_circuit_decorator to None, run_after=None
[2024-12-01T09:05:04.329+0000] {processor.py:208} INFO - Processing /home/airflow/.local/lib/python3.12/site-packages/airflow/example_dags/example_short_circuit_decorator.py took 0.047 seconds
[2024-12-01T09:05:35.400+0000] {processor.py:186} INFO - Started process (PID=1813) to work on /home/airflow/.local/lib/python3.12/site-packages/airflow/example_dags/example_short_circuit_decorator.py
[2024-12-01T09:05:35.401+0000] {processor.py:914} INFO - Processing file /home/airflow/.local/lib/python3.12/site-packages/airflow/example_dags/example_short_circuit_decorator.py for tasks to queue
[2024-12-01T09:05:35.402+0000] {logging_mixin.py:190} INFO - [2024-12-01T09:05:35.402+0000] {dagbag.py:588} INFO - Filling up the DagBag from /home/airflow/.local/lib/python3.12/site-packages/airflow/example_dags/example_short_circuit_decorator.py
[2024-12-01T09:05:35.409+0000] {processor.py:925} INFO - DAG(s) 'example_short_circuit_decorator' retrieved from /home/airflow/.local/lib/python3.12/site-packages/airflow/example_dags/example_short_circuit_decorator.py
[2024-12-01T09:05:35.422+0000] {logging_mixin.py:190} INFO - [2024-12-01T09:05:35.422+0000] {dag.py:3239} INFO - Sync 1 DAGs
[2024-12-01T09:05:35.429+0000] {logging_mixin.py:190} INFO - [2024-12-01T09:05:35.429+0000] {dag.py:4180} INFO - Setting next_dagrun for example_short_circuit_decorator to None, run_after=None
[2024-12-01T09:05:35.440+0000] {processor.py:208} INFO - Processing /home/airflow/.local/lib/python3.12/site-packages/airflow/example_dags/example_short_circuit_decorator.py took 0.045 seconds
[2024-12-01T09:06:06.356+0000] {processor.py:186} INFO - Started process (PID=1876) to work on /home/airflow/.local/lib/python3.12/site-packages/airflow/example_dags/example_short_circuit_decorator.py
[2024-12-01T09:06:06.357+0000] {processor.py:914} INFO - Processing file /home/airflow/.local/lib/python3.12/site-packages/airflow/example_dags/example_short_circuit_decorator.py for tasks to queue
[2024-12-01T09:06:06.358+0000] {logging_mixin.py:190} INFO - [2024-12-01T09:06:06.358+0000] {dagbag.py:588} INFO - Filling up the DagBag from /home/airflow/.local/lib/python3.12/site-packages/airflow/example_dags/example_short_circuit_decorator.py
[2024-12-01T09:06:06.364+0000] {processor.py:925} INFO - DAG(s) 'example_short_circuit_decorator' retrieved from /home/airflow/.local/lib/python3.12/site-packages/airflow/example_dags/example_short_circuit_decorator.py
[2024-12-01T09:06:06.378+0000] {logging_mixin.py:190} INFO - [2024-12-01T09:06:06.378+0000] {dag.py:3239} INFO - Sync 1 DAGs
[2024-12-01T09:06:06.386+0000] {logging_mixin.py:190} INFO - [2024-12-01T09:06:06.386+0000] {dag.py:4180} INFO - Setting next_dagrun for example_short_circuit_decorator to None, run_after=None
[2024-12-01T09:06:06.397+0000] {processor.py:208} INFO - Processing /home/airflow/.local/lib/python3.12/site-packages/airflow/example_dags/example_short_circuit_decorator.py took 0.046 seconds
[2024-12-01T09:06:36.720+0000] {processor.py:186} INFO - Started process (PID=1939) to work on /home/airflow/.local/lib/python3.12/site-packages/airflow/example_dags/example_short_circuit_decorator.py
[2024-12-01T09:06:36.721+0000] {processor.py:914} INFO - Processing file /home/airflow/.local/lib/python3.12/site-packages/airflow/example_dags/example_short_circuit_decorator.py for tasks to queue
[2024-12-01T09:06:36.722+0000] {logging_mixin.py:190} INFO - [2024-12-01T09:06:36.722+0000] {dagbag.py:588} INFO - Filling up the DagBag from /home/airflow/.local/lib/python3.12/site-packages/airflow/example_dags/example_short_circuit_decorator.py
[2024-12-01T09:06:36.727+0000] {processor.py:925} INFO - DAG(s) 'example_short_circuit_decorator' retrieved from /home/airflow/.local/lib/python3.12/site-packages/airflow/example_dags/example_short_circuit_decorator.py
[2024-12-01T09:06:36.745+0000] {logging_mixin.py:190} INFO - [2024-12-01T09:06:36.744+0000] {dag.py:3239} INFO - Sync 1 DAGs
[2024-12-01T09:06:36.754+0000] {logging_mixin.py:190} INFO - [2024-12-01T09:06:36.754+0000] {dag.py:4180} INFO - Setting next_dagrun for example_short_circuit_decorator to None, run_after=None
[2024-12-01T09:06:36.767+0000] {processor.py:208} INFO - Processing /home/airflow/.local/lib/python3.12/site-packages/airflow/example_dags/example_short_circuit_decorator.py took 0.051 seconds
[2024-12-01T09:07:07.248+0000] {processor.py:186} INFO - Started process (PID=2002) to work on /home/airflow/.local/lib/python3.12/site-packages/airflow/example_dags/example_short_circuit_decorator.py
[2024-12-01T09:07:07.249+0000] {processor.py:914} INFO - Processing file /home/airflow/.local/lib/python3.12/site-packages/airflow/example_dags/example_short_circuit_decorator.py for tasks to queue
[2024-12-01T09:07:07.250+0000] {logging_mixin.py:190} INFO - [2024-12-01T09:07:07.250+0000] {dagbag.py:588} INFO - Filling up the DagBag from /home/airflow/.local/lib/python3.12/site-packages/airflow/example_dags/example_short_circuit_decorator.py
[2024-12-01T09:07:07.256+0000] {processor.py:925} INFO - DAG(s) 'example_short_circuit_decorator' retrieved from /home/airflow/.local/lib/python3.12/site-packages/airflow/example_dags/example_short_circuit_decorator.py
[2024-12-01T09:07:07.271+0000] {logging_mixin.py:190} INFO - [2024-12-01T09:07:07.271+0000] {dag.py:3239} INFO - Sync 1 DAGs
[2024-12-01T09:07:07.281+0000] {logging_mixin.py:190} INFO - [2024-12-01T09:07:07.281+0000] {dag.py:4180} INFO - Setting next_dagrun for example_short_circuit_decorator to None, run_after=None
[2024-12-01T09:07:07.296+0000] {processor.py:208} INFO - Processing /home/airflow/.local/lib/python3.12/site-packages/airflow/example_dags/example_short_circuit_decorator.py took 0.053 seconds
[2024-12-01T09:07:37.703+0000] {processor.py:186} INFO - Started process (PID=2065) to work on /home/airflow/.local/lib/python3.12/site-packages/airflow/example_dags/example_short_circuit_decorator.py
[2024-12-01T09:07:37.704+0000] {processor.py:914} INFO - Processing file /home/airflow/.local/lib/python3.12/site-packages/airflow/example_dags/example_short_circuit_decorator.py for tasks to queue
[2024-12-01T09:07:37.705+0000] {logging_mixin.py:190} INFO - [2024-12-01T09:07:37.705+0000] {dagbag.py:588} INFO - Filling up the DagBag from /home/airflow/.local/lib/python3.12/site-packages/airflow/example_dags/example_short_circuit_decorator.py
[2024-12-01T09:07:37.710+0000] {processor.py:925} INFO - DAG(s) 'example_short_circuit_decorator' retrieved from /home/airflow/.local/lib/python3.12/site-packages/airflow/example_dags/example_short_circuit_decorator.py
[2024-12-01T09:07:37.727+0000] {logging_mixin.py:190} INFO - [2024-12-01T09:07:37.726+0000] {dag.py:3239} INFO - Sync 1 DAGs
[2024-12-01T09:07:37.735+0000] {logging_mixin.py:190} INFO - [2024-12-01T09:07:37.735+0000] {dag.py:4180} INFO - Setting next_dagrun for example_short_circuit_decorator to None, run_after=None
[2024-12-01T09:07:37.746+0000] {processor.py:208} INFO - Processing /home/airflow/.local/lib/python3.12/site-packages/airflow/example_dags/example_short_circuit_decorator.py took 0.046 seconds
[2024-12-01T09:08:08.412+0000] {processor.py:186} INFO - Started process (PID=2128) to work on /home/airflow/.local/lib/python3.12/site-packages/airflow/example_dags/example_short_circuit_decorator.py
[2024-12-01T09:08:08.413+0000] {processor.py:914} INFO - Processing file /home/airflow/.local/lib/python3.12/site-packages/airflow/example_dags/example_short_circuit_decorator.py for tasks to queue
[2024-12-01T09:08:08.414+0000] {logging_mixin.py:190} INFO - [2024-12-01T09:08:08.414+0000] {dagbag.py:588} INFO - Filling up the DagBag from /home/airflow/.local/lib/python3.12/site-packages/airflow/example_dags/example_short_circuit_decorator.py
[2024-12-01T09:08:08.419+0000] {processor.py:925} INFO - DAG(s) 'example_short_circuit_decorator' retrieved from /home/airflow/.local/lib/python3.12/site-packages/airflow/example_dags/example_short_circuit_decorator.py
[2024-12-01T09:08:08.435+0000] {logging_mixin.py:190} INFO - [2024-12-01T09:08:08.435+0000] {dag.py:3239} INFO - Sync 1 DAGs
[2024-12-01T09:08:08.443+0000] {logging_mixin.py:190} INFO - [2024-12-01T09:08:08.443+0000] {dag.py:4180} INFO - Setting next_dagrun for example_short_circuit_decorator to None, run_after=None
[2024-12-01T09:08:08.452+0000] {processor.py:208} INFO - Processing /home/airflow/.local/lib/python3.12/site-packages/airflow/example_dags/example_short_circuit_decorator.py took 0.044 seconds
[2024-12-01T09:08:39.261+0000] {processor.py:186} INFO - Started process (PID=2191) to work on /home/airflow/.local/lib/python3.12/site-packages/airflow/example_dags/example_short_circuit_decorator.py
[2024-12-01T09:08:39.262+0000] {processor.py:914} INFO - Processing file /home/airflow/.local/lib/python3.12/site-packages/airflow/example_dags/example_short_circuit_decorator.py for tasks to queue
[2024-12-01T09:08:39.263+0000] {logging_mixin.py:190} INFO - [2024-12-01T09:08:39.263+0000] {dagbag.py:588} INFO - Filling up the DagBag from /home/airflow/.local/lib/python3.12/site-packages/airflow/example_dags/example_short_circuit_decorator.py
[2024-12-01T09:08:39.268+0000] {processor.py:925} INFO - DAG(s) 'example_short_circuit_decorator' retrieved from /home/airflow/.local/lib/python3.12/site-packages/airflow/example_dags/example_short_circuit_decorator.py
[2024-12-01T09:08:39.281+0000] {logging_mixin.py:190} INFO - [2024-12-01T09:08:39.281+0000] {dag.py:3239} INFO - Sync 1 DAGs
[2024-12-01T09:08:39.292+0000] {logging_mixin.py:190} INFO - [2024-12-01T09:08:39.292+0000] {dag.py:4180} INFO - Setting next_dagrun for example_short_circuit_decorator to None, run_after=None
[2024-12-01T09:08:39.305+0000] {processor.py:208} INFO - Processing /home/airflow/.local/lib/python3.12/site-packages/airflow/example_dags/example_short_circuit_decorator.py took 0.047 seconds
[2024-12-01T09:09:09.682+0000] {processor.py:186} INFO - Started process (PID=2254) to work on /home/airflow/.local/lib/python3.12/site-packages/airflow/example_dags/example_short_circuit_decorator.py
[2024-12-01T09:09:09.682+0000] {processor.py:914} INFO - Processing file /home/airflow/.local/lib/python3.12/site-packages/airflow/example_dags/example_short_circuit_decorator.py for tasks to queue
[2024-12-01T09:09:09.683+0000] {logging_mixin.py:190} INFO - [2024-12-01T09:09:09.683+0000] {dagbag.py:588} INFO - Filling up the DagBag from /home/airflow/.local/lib/python3.12/site-packages/airflow/example_dags/example_short_circuit_decorator.py
[2024-12-01T09:09:09.688+0000] {processor.py:925} INFO - DAG(s) 'example_short_circuit_decorator' retrieved from /home/airflow/.local/lib/python3.12/site-packages/airflow/example_dags/example_short_circuit_decorator.py
[2024-12-01T09:09:09.703+0000] {logging_mixin.py:190} INFO - [2024-12-01T09:09:09.702+0000] {dag.py:3239} INFO - Sync 1 DAGs
[2024-12-01T09:09:09.712+0000] {logging_mixin.py:190} INFO - [2024-12-01T09:09:09.712+0000] {dag.py:4180} INFO - Setting next_dagrun for example_short_circuit_decorator to None, run_after=None
[2024-12-01T09:09:09.724+0000] {processor.py:208} INFO - Processing /home/airflow/.local/lib/python3.12/site-packages/airflow/example_dags/example_short_circuit_decorator.py took 0.046 seconds
[2024-12-01T09:09:40.731+0000] {processor.py:186} INFO - Started process (PID=2316) to work on /home/airflow/.local/lib/python3.12/site-packages/airflow/example_dags/example_short_circuit_decorator.py
[2024-12-01T09:09:40.732+0000] {processor.py:914} INFO - Processing file /home/airflow/.local/lib/python3.12/site-packages/airflow/example_dags/example_short_circuit_decorator.py for tasks to queue
[2024-12-01T09:09:40.734+0000] {logging_mixin.py:190} INFO - [2024-12-01T09:09:40.733+0000] {dagbag.py:588} INFO - Filling up the DagBag from /home/airflow/.local/lib/python3.12/site-packages/airflow/example_dags/example_short_circuit_decorator.py
[2024-12-01T09:09:40.738+0000] {processor.py:925} INFO - DAG(s) 'example_short_circuit_decorator' retrieved from /home/airflow/.local/lib/python3.12/site-packages/airflow/example_dags/example_short_circuit_decorator.py
[2024-12-01T09:09:40.754+0000] {logging_mixin.py:190} INFO - [2024-12-01T09:09:40.754+0000] {dag.py:3239} INFO - Sync 1 DAGs
[2024-12-01T09:09:40.764+0000] {logging_mixin.py:190} INFO - [2024-12-01T09:09:40.764+0000] {dag.py:4180} INFO - Setting next_dagrun for example_short_circuit_decorator to None, run_after=None
[2024-12-01T09:09:40.774+0000] {processor.py:208} INFO - Processing /home/airflow/.local/lib/python3.12/site-packages/airflow/example_dags/example_short_circuit_decorator.py took 0.048 seconds
