[2024-12-01T08:51:41.121+0000] {processor.py:186} INFO - Started process (PID=103) to work on /home/airflow/.local/lib/python3.12/site-packages/airflow/example_dags/example_dataset_alias.py
[2024-12-01T08:51:41.122+0000] {processor.py:914} INFO - Processing file /home/airflow/.local/lib/python3.12/site-packages/airflow/example_dags/example_dataset_alias.py for tasks to queue
[2024-12-01T08:51:41.123+0000] {logging_mixin.py:190} INFO - [2024-12-01T08:51:41.123+0000] {dagbag.py:588} INFO - Filling up the DagBag from /home/airflow/.local/lib/python3.12/site-packages/airflow/example_dags/example_dataset_alias.py
[2024-12-01T08:51:41.504+0000] {processor.py:925} INFO - DAG(s) 'dataset_s3_bucket_producer', 'dataset_s3_bucket_consumer', 'dataset_alias_example_alias_producer', 'dataset_alias_example_alias_consumer' retrieved from /home/airflow/.local/lib/python3.12/site-packages/airflow/example_dags/example_dataset_alias.py
[2024-12-01T08:51:41.557+0000] {logging_mixin.py:190} INFO - [2024-12-01T08:51:41.557+0000] {override.py:1911} INFO - Created Permission View: can edit on DAG:dataset_s3_bucket_producer
[2024-12-01T08:51:41.565+0000] {logging_mixin.py:190} INFO - [2024-12-01T08:51:41.564+0000] {override.py:1911} INFO - Created Permission View: can read on DAG:dataset_s3_bucket_producer
[2024-12-01T08:51:41.569+0000] {logging_mixin.py:190} INFO - [2024-12-01T08:51:41.569+0000] {override.py:1911} INFO - Created Permission View: can delete on DAG:dataset_s3_bucket_producer
[2024-12-01T08:51:41.574+0000] {logging_mixin.py:190} INFO - [2024-12-01T08:51:41.574+0000] {override.py:1911} INFO - Created Permission View: can create on DAG Run:dataset_s3_bucket_producer
[2024-12-01T08:51:41.578+0000] {logging_mixin.py:190} INFO - [2024-12-01T08:51:41.578+0000] {override.py:1911} INFO - Created Permission View: menu access on DAG Run:dataset_s3_bucket_producer
[2024-12-01T08:51:41.581+0000] {logging_mixin.py:190} INFO - [2024-12-01T08:51:41.581+0000] {override.py:1911} INFO - Created Permission View: can read on DAG Run:dataset_s3_bucket_producer
[2024-12-01T08:51:41.583+0000] {logging_mixin.py:190} INFO - [2024-12-01T08:51:41.583+0000] {override.py:1911} INFO - Created Permission View: can delete on DAG Run:dataset_s3_bucket_producer
[2024-12-01T08:51:41.589+0000] {logging_mixin.py:190} INFO - [2024-12-01T08:51:41.588+0000] {override.py:1911} INFO - Created Permission View: can edit on DAG:dataset_s3_bucket_consumer
[2024-12-01T08:51:41.594+0000] {logging_mixin.py:190} INFO - [2024-12-01T08:51:41.594+0000] {override.py:1911} INFO - Created Permission View: can read on DAG:dataset_s3_bucket_consumer
[2024-12-01T08:51:41.599+0000] {logging_mixin.py:190} INFO - [2024-12-01T08:51:41.599+0000] {override.py:1911} INFO - Created Permission View: can delete on DAG:dataset_s3_bucket_consumer
[2024-12-01T08:51:41.603+0000] {logging_mixin.py:190} INFO - [2024-12-01T08:51:41.603+0000] {override.py:1911} INFO - Created Permission View: can create on DAG Run:dataset_s3_bucket_consumer
[2024-12-01T08:51:41.606+0000] {logging_mixin.py:190} INFO - [2024-12-01T08:51:41.605+0000] {override.py:1911} INFO - Created Permission View: menu access on DAG Run:dataset_s3_bucket_consumer
[2024-12-01T08:51:41.608+0000] {logging_mixin.py:190} INFO - [2024-12-01T08:51:41.608+0000] {override.py:1911} INFO - Created Permission View: can read on DAG Run:dataset_s3_bucket_consumer
[2024-12-01T08:51:41.611+0000] {logging_mixin.py:190} INFO - [2024-12-01T08:51:41.611+0000] {override.py:1911} INFO - Created Permission View: can delete on DAG Run:dataset_s3_bucket_consumer
[2024-12-01T08:51:41.618+0000] {logging_mixin.py:190} INFO - [2024-12-01T08:51:41.618+0000] {override.py:1911} INFO - Created Permission View: can edit on DAG:dataset_alias_example_alias_producer
[2024-12-01T08:51:41.621+0000] {logging_mixin.py:190} INFO - [2024-12-01T08:51:41.621+0000] {override.py:1911} INFO - Created Permission View: can read on DAG:dataset_alias_example_alias_producer
[2024-12-01T08:51:41.625+0000] {logging_mixin.py:190} INFO - [2024-12-01T08:51:41.625+0000] {override.py:1911} INFO - Created Permission View: can delete on DAG:dataset_alias_example_alias_producer
[2024-12-01T08:51:41.628+0000] {logging_mixin.py:190} INFO - [2024-12-01T08:51:41.628+0000] {override.py:1911} INFO - Created Permission View: can create on DAG Run:dataset_alias_example_alias_producer
[2024-12-01T08:51:41.631+0000] {logging_mixin.py:190} INFO - [2024-12-01T08:51:41.631+0000] {override.py:1911} INFO - Created Permission View: menu access on DAG Run:dataset_alias_example_alias_producer
[2024-12-01T08:51:41.635+0000] {logging_mixin.py:190} INFO - [2024-12-01T08:51:41.635+0000] {override.py:1911} INFO - Created Permission View: can read on DAG Run:dataset_alias_example_alias_producer
[2024-12-01T08:51:41.638+0000] {logging_mixin.py:190} INFO - [2024-12-01T08:51:41.638+0000] {override.py:1911} INFO - Created Permission View: can delete on DAG Run:dataset_alias_example_alias_producer
[2024-12-01T08:51:41.645+0000] {logging_mixin.py:190} INFO - [2024-12-01T08:51:41.645+0000] {override.py:1911} INFO - Created Permission View: can edit on DAG:dataset_alias_example_alias_consumer
[2024-12-01T08:51:41.651+0000] {logging_mixin.py:190} INFO - [2024-12-01T08:51:41.650+0000] {override.py:1911} INFO - Created Permission View: can read on DAG:dataset_alias_example_alias_consumer
[2024-12-01T08:51:41.656+0000] {logging_mixin.py:190} INFO - [2024-12-01T08:51:41.655+0000] {override.py:1911} INFO - Created Permission View: can delete on DAG:dataset_alias_example_alias_consumer
[2024-12-01T08:51:41.660+0000] {logging_mixin.py:190} INFO - [2024-12-01T08:51:41.660+0000] {override.py:1911} INFO - Created Permission View: can create on DAG Run:dataset_alias_example_alias_consumer
[2024-12-01T08:51:41.665+0000] {logging_mixin.py:190} INFO - [2024-12-01T08:51:41.665+0000] {override.py:1911} INFO - Created Permission View: menu access on DAG Run:dataset_alias_example_alias_consumer
[2024-12-01T08:51:41.670+0000] {logging_mixin.py:190} INFO - [2024-12-01T08:51:41.670+0000] {override.py:1911} INFO - Created Permission View: can read on DAG Run:dataset_alias_example_alias_consumer
[2024-12-01T08:51:41.674+0000] {logging_mixin.py:190} INFO - [2024-12-01T08:51:41.674+0000] {override.py:1911} INFO - Created Permission View: can delete on DAG Run:dataset_alias_example_alias_consumer
[2024-12-01T08:51:41.675+0000] {logging_mixin.py:190} INFO - [2024-12-01T08:51:41.675+0000] {dag.py:3239} INFO - Sync 4 DAGs
[2024-12-01T08:51:41.684+0000] {logging_mixin.py:190} INFO - [2024-12-01T08:51:41.684+0000] {dag.py:3262} INFO - Creating ORM DAG for dataset_s3_bucket_consumer
[2024-12-01T08:51:41.685+0000] {logging_mixin.py:190} INFO - [2024-12-01T08:51:41.685+0000] {dag.py:3262} INFO - Creating ORM DAG for dataset_s3_bucket_producer
[2024-12-01T08:51:41.686+0000] {logging_mixin.py:190} INFO - [2024-12-01T08:51:41.686+0000] {dag.py:3262} INFO - Creating ORM DAG for dataset_alias_example_alias_producer
[2024-12-01T08:51:41.686+0000] {logging_mixin.py:190} INFO - [2024-12-01T08:51:41.686+0000] {dag.py:3262} INFO - Creating ORM DAG for dataset_alias_example_alias_consumer
[2024-12-01T08:51:41.694+0000] {logging_mixin.py:190} INFO - [2024-12-01T08:51:41.694+0000] {dag.py:4180} INFO - Setting next_dagrun for dataset_alias_example_alias_consumer to None, run_after=None
[2024-12-01T08:51:41.695+0000] {logging_mixin.py:190} INFO - [2024-12-01T08:51:41.695+0000] {dag.py:4180} INFO - Setting next_dagrun for dataset_alias_example_alias_producer to None, run_after=None
[2024-12-01T08:51:41.695+0000] {logging_mixin.py:190} INFO - [2024-12-01T08:51:41.695+0000] {dag.py:4180} INFO - Setting next_dagrun for dataset_s3_bucket_consumer to None, run_after=None
[2024-12-01T08:51:41.696+0000] {logging_mixin.py:190} INFO - [2024-12-01T08:51:41.696+0000] {dag.py:4180} INFO - Setting next_dagrun for dataset_s3_bucket_producer to None, run_after=None
[2024-12-01T08:51:41.714+0000] {processor.py:208} INFO - Processing /home/airflow/.local/lib/python3.12/site-packages/airflow/example_dags/example_dataset_alias.py took 0.596 seconds
[2024-12-01T08:52:11.993+0000] {processor.py:186} INFO - Started process (PID=165) to work on /home/airflow/.local/lib/python3.12/site-packages/airflow/example_dags/example_dataset_alias.py
[2024-12-01T08:52:11.994+0000] {processor.py:914} INFO - Processing file /home/airflow/.local/lib/python3.12/site-packages/airflow/example_dags/example_dataset_alias.py for tasks to queue
[2024-12-01T08:52:11.995+0000] {logging_mixin.py:190} INFO - [2024-12-01T08:52:11.994+0000] {dagbag.py:588} INFO - Filling up the DagBag from /home/airflow/.local/lib/python3.12/site-packages/airflow/example_dags/example_dataset_alias.py
[2024-12-01T08:52:12.330+0000] {processor.py:925} INFO - DAG(s) 'dataset_s3_bucket_consumer', 'dataset_alias_example_alias_producer', 'dataset_alias_example_alias_consumer', 'dataset_s3_bucket_producer' retrieved from /home/airflow/.local/lib/python3.12/site-packages/airflow/example_dags/example_dataset_alias.py
[2024-12-01T08:52:12.343+0000] {logging_mixin.py:190} INFO - [2024-12-01T08:52:12.342+0000] {dag.py:3239} INFO - Sync 4 DAGs
[2024-12-01T08:52:12.355+0000] {logging_mixin.py:190} INFO - [2024-12-01T08:52:12.355+0000] {dag.py:4180} INFO - Setting next_dagrun for dataset_alias_example_alias_consumer to None, run_after=None
[2024-12-01T08:52:12.356+0000] {logging_mixin.py:190} INFO - [2024-12-01T08:52:12.356+0000] {dag.py:4180} INFO - Setting next_dagrun for dataset_alias_example_alias_producer to None, run_after=None
[2024-12-01T08:52:12.357+0000] {logging_mixin.py:190} INFO - [2024-12-01T08:52:12.357+0000] {dag.py:4180} INFO - Setting next_dagrun for dataset_s3_bucket_consumer to None, run_after=None
[2024-12-01T08:52:12.358+0000] {logging_mixin.py:190} INFO - [2024-12-01T08:52:12.358+0000] {dag.py:4180} INFO - Setting next_dagrun for dataset_s3_bucket_producer to None, run_after=None
[2024-12-01T08:52:12.370+0000] {processor.py:208} INFO - Processing /home/airflow/.local/lib/python3.12/site-packages/airflow/example_dags/example_dataset_alias.py took 0.381 seconds
[2024-12-01T08:52:42.613+0000] {processor.py:186} INFO - Started process (PID=232) to work on /home/airflow/.local/lib/python3.12/site-packages/airflow/example_dags/example_dataset_alias.py
[2024-12-01T08:52:42.613+0000] {processor.py:914} INFO - Processing file /home/airflow/.local/lib/python3.12/site-packages/airflow/example_dags/example_dataset_alias.py for tasks to queue
[2024-12-01T08:52:42.614+0000] {logging_mixin.py:190} INFO - [2024-12-01T08:52:42.614+0000] {dagbag.py:588} INFO - Filling up the DagBag from /home/airflow/.local/lib/python3.12/site-packages/airflow/example_dags/example_dataset_alias.py
[2024-12-01T08:52:42.979+0000] {processor.py:925} INFO - DAG(s) 'dataset_alias_example_alias_producer', 'dataset_s3_bucket_producer', 'dataset_alias_example_alias_consumer', 'dataset_s3_bucket_consumer' retrieved from /home/airflow/.local/lib/python3.12/site-packages/airflow/example_dags/example_dataset_alias.py
[2024-12-01T08:52:42.995+0000] {logging_mixin.py:190} INFO - [2024-12-01T08:52:42.994+0000] {dag.py:3239} INFO - Sync 4 DAGs
[2024-12-01T08:52:43.007+0000] {logging_mixin.py:190} INFO - [2024-12-01T08:52:43.007+0000] {dag.py:4180} INFO - Setting next_dagrun for dataset_alias_example_alias_consumer to None, run_after=None
[2024-12-01T08:52:43.008+0000] {logging_mixin.py:190} INFO - [2024-12-01T08:52:43.008+0000] {dag.py:4180} INFO - Setting next_dagrun for dataset_alias_example_alias_producer to None, run_after=None
[2024-12-01T08:52:43.009+0000] {logging_mixin.py:190} INFO - [2024-12-01T08:52:43.009+0000] {dag.py:4180} INFO - Setting next_dagrun for dataset_s3_bucket_consumer to None, run_after=None
[2024-12-01T08:52:43.010+0000] {logging_mixin.py:190} INFO - [2024-12-01T08:52:43.010+0000] {dag.py:4180} INFO - Setting next_dagrun for dataset_s3_bucket_producer to None, run_after=None
[2024-12-01T08:52:43.032+0000] {processor.py:208} INFO - Processing /home/airflow/.local/lib/python3.12/site-packages/airflow/example_dags/example_dataset_alias.py took 0.423 seconds
[2024-12-01T08:53:13.133+0000] {processor.py:186} INFO - Started process (PID=296) to work on /home/airflow/.local/lib/python3.12/site-packages/airflow/example_dags/example_dataset_alias.py
[2024-12-01T08:53:13.134+0000] {processor.py:914} INFO - Processing file /home/airflow/.local/lib/python3.12/site-packages/airflow/example_dags/example_dataset_alias.py for tasks to queue
[2024-12-01T08:53:13.135+0000] {logging_mixin.py:190} INFO - [2024-12-01T08:53:13.135+0000] {dagbag.py:588} INFO - Filling up the DagBag from /home/airflow/.local/lib/python3.12/site-packages/airflow/example_dags/example_dataset_alias.py
[2024-12-01T08:53:13.481+0000] {processor.py:925} INFO - DAG(s) 'dataset_s3_bucket_producer', 'dataset_alias_example_alias_producer', 'dataset_alias_example_alias_consumer', 'dataset_s3_bucket_consumer' retrieved from /home/airflow/.local/lib/python3.12/site-packages/airflow/example_dags/example_dataset_alias.py
[2024-12-01T08:53:13.499+0000] {logging_mixin.py:190} INFO - [2024-12-01T08:53:13.498+0000] {dag.py:3239} INFO - Sync 4 DAGs
[2024-12-01T08:53:13.511+0000] {logging_mixin.py:190} INFO - [2024-12-01T08:53:13.511+0000] {dag.py:4180} INFO - Setting next_dagrun for dataset_alias_example_alias_consumer to None, run_after=None
[2024-12-01T08:53:13.512+0000] {logging_mixin.py:190} INFO - [2024-12-01T08:53:13.512+0000] {dag.py:4180} INFO - Setting next_dagrun for dataset_alias_example_alias_producer to None, run_after=None
[2024-12-01T08:53:13.513+0000] {logging_mixin.py:190} INFO - [2024-12-01T08:53:13.513+0000] {dag.py:4180} INFO - Setting next_dagrun for dataset_s3_bucket_consumer to None, run_after=None
[2024-12-01T08:53:13.514+0000] {logging_mixin.py:190} INFO - [2024-12-01T08:53:13.513+0000] {dag.py:4180} INFO - Setting next_dagrun for dataset_s3_bucket_producer to None, run_after=None
[2024-12-01T08:53:13.548+0000] {processor.py:208} INFO - Processing /home/airflow/.local/lib/python3.12/site-packages/airflow/example_dags/example_dataset_alias.py took 0.420 seconds
[2024-12-01T08:53:44.365+0000] {processor.py:186} INFO - Started process (PID=357) to work on /home/airflow/.local/lib/python3.12/site-packages/airflow/example_dags/example_dataset_alias.py
[2024-12-01T08:53:44.365+0000] {processor.py:914} INFO - Processing file /home/airflow/.local/lib/python3.12/site-packages/airflow/example_dags/example_dataset_alias.py for tasks to queue
[2024-12-01T08:53:44.366+0000] {logging_mixin.py:190} INFO - [2024-12-01T08:53:44.366+0000] {dagbag.py:588} INFO - Filling up the DagBag from /home/airflow/.local/lib/python3.12/site-packages/airflow/example_dags/example_dataset_alias.py
[2024-12-01T08:53:44.692+0000] {processor.py:925} INFO - DAG(s) 'dataset_alias_example_alias_consumer', 'dataset_alias_example_alias_producer', 'dataset_s3_bucket_producer', 'dataset_s3_bucket_consumer' retrieved from /home/airflow/.local/lib/python3.12/site-packages/airflow/example_dags/example_dataset_alias.py
[2024-12-01T08:53:44.703+0000] {logging_mixin.py:190} INFO - [2024-12-01T08:53:44.703+0000] {dag.py:3239} INFO - Sync 4 DAGs
[2024-12-01T08:53:44.714+0000] {logging_mixin.py:190} INFO - [2024-12-01T08:53:44.714+0000] {dag.py:4180} INFO - Setting next_dagrun for dataset_alias_example_alias_consumer to None, run_after=None
[2024-12-01T08:53:44.715+0000] {logging_mixin.py:190} INFO - [2024-12-01T08:53:44.715+0000] {dag.py:4180} INFO - Setting next_dagrun for dataset_alias_example_alias_producer to None, run_after=None
[2024-12-01T08:53:44.716+0000] {logging_mixin.py:190} INFO - [2024-12-01T08:53:44.716+0000] {dag.py:4180} INFO - Setting next_dagrun for dataset_s3_bucket_consumer to None, run_after=None
[2024-12-01T08:53:44.717+0000] {logging_mixin.py:190} INFO - [2024-12-01T08:53:44.717+0000] {dag.py:4180} INFO - Setting next_dagrun for dataset_s3_bucket_producer to None, run_after=None
[2024-12-01T08:53:44.729+0000] {processor.py:208} INFO - Processing /home/airflow/.local/lib/python3.12/site-packages/airflow/example_dags/example_dataset_alias.py took 0.367 seconds
[2024-12-01T08:54:15.728+0000] {processor.py:186} INFO - Started process (PID=420) to work on /home/airflow/.local/lib/python3.12/site-packages/airflow/example_dags/example_dataset_alias.py
[2024-12-01T08:54:15.728+0000] {processor.py:914} INFO - Processing file /home/airflow/.local/lib/python3.12/site-packages/airflow/example_dags/example_dataset_alias.py for tasks to queue
[2024-12-01T08:54:15.729+0000] {logging_mixin.py:190} INFO - [2024-12-01T08:54:15.729+0000] {dagbag.py:588} INFO - Filling up the DagBag from /home/airflow/.local/lib/python3.12/site-packages/airflow/example_dags/example_dataset_alias.py
[2024-12-01T08:54:16.133+0000] {processor.py:925} INFO - DAG(s) 'dataset_alias_example_alias_consumer', 'dataset_s3_bucket_producer', 'dataset_alias_example_alias_producer', 'dataset_s3_bucket_consumer' retrieved from /home/airflow/.local/lib/python3.12/site-packages/airflow/example_dags/example_dataset_alias.py
[2024-12-01T08:54:16.148+0000] {logging_mixin.py:190} INFO - [2024-12-01T08:54:16.148+0000] {dag.py:3239} INFO - Sync 4 DAGs
[2024-12-01T08:54:16.162+0000] {logging_mixin.py:190} INFO - [2024-12-01T08:54:16.162+0000] {dag.py:4180} INFO - Setting next_dagrun for dataset_alias_example_alias_consumer to None, run_after=None
[2024-12-01T08:54:16.163+0000] {logging_mixin.py:190} INFO - [2024-12-01T08:54:16.163+0000] {dag.py:4180} INFO - Setting next_dagrun for dataset_alias_example_alias_producer to None, run_after=None
[2024-12-01T08:54:16.164+0000] {logging_mixin.py:190} INFO - [2024-12-01T08:54:16.164+0000] {dag.py:4180} INFO - Setting next_dagrun for dataset_s3_bucket_consumer to None, run_after=None
[2024-12-01T08:54:16.165+0000] {logging_mixin.py:190} INFO - [2024-12-01T08:54:16.165+0000] {dag.py:4180} INFO - Setting next_dagrun for dataset_s3_bucket_producer to None, run_after=None
[2024-12-01T08:54:16.189+0000] {processor.py:208} INFO - Processing /home/airflow/.local/lib/python3.12/site-packages/airflow/example_dags/example_dataset_alias.py took 0.465 seconds
[2024-12-01T08:54:47.028+0000] {processor.py:186} INFO - Started process (PID=483) to work on /home/airflow/.local/lib/python3.12/site-packages/airflow/example_dags/example_dataset_alias.py
[2024-12-01T08:54:47.029+0000] {processor.py:914} INFO - Processing file /home/airflow/.local/lib/python3.12/site-packages/airflow/example_dags/example_dataset_alias.py for tasks to queue
[2024-12-01T08:54:47.031+0000] {logging_mixin.py:190} INFO - [2024-12-01T08:54:47.030+0000] {dagbag.py:588} INFO - Filling up the DagBag from /home/airflow/.local/lib/python3.12/site-packages/airflow/example_dags/example_dataset_alias.py
[2024-12-01T08:54:47.393+0000] {processor.py:925} INFO - DAG(s) 'dataset_s3_bucket_producer', 'dataset_alias_example_alias_producer', 'dataset_alias_example_alias_consumer', 'dataset_s3_bucket_consumer' retrieved from /home/airflow/.local/lib/python3.12/site-packages/airflow/example_dags/example_dataset_alias.py
[2024-12-01T08:54:47.411+0000] {logging_mixin.py:190} INFO - [2024-12-01T08:54:47.411+0000] {dag.py:3239} INFO - Sync 4 DAGs
[2024-12-01T08:54:47.431+0000] {logging_mixin.py:190} INFO - [2024-12-01T08:54:47.431+0000] {dag.py:4180} INFO - Setting next_dagrun for dataset_alias_example_alias_consumer to None, run_after=None
[2024-12-01T08:54:47.432+0000] {logging_mixin.py:190} INFO - [2024-12-01T08:54:47.432+0000] {dag.py:4180} INFO - Setting next_dagrun for dataset_alias_example_alias_producer to None, run_after=None
[2024-12-01T08:54:47.433+0000] {logging_mixin.py:190} INFO - [2024-12-01T08:54:47.433+0000] {dag.py:4180} INFO - Setting next_dagrun for dataset_s3_bucket_consumer to None, run_after=None
[2024-12-01T08:54:47.434+0000] {logging_mixin.py:190} INFO - [2024-12-01T08:54:47.434+0000] {dag.py:4180} INFO - Setting next_dagrun for dataset_s3_bucket_producer to None, run_after=None
[2024-12-01T08:54:47.448+0000] {processor.py:208} INFO - Processing /home/airflow/.local/lib/python3.12/site-packages/airflow/example_dags/example_dataset_alias.py took 0.424 seconds
[2024-12-01T08:55:18.031+0000] {processor.py:186} INFO - Started process (PID=546) to work on /home/airflow/.local/lib/python3.12/site-packages/airflow/example_dags/example_dataset_alias.py
[2024-12-01T08:55:18.032+0000] {processor.py:914} INFO - Processing file /home/airflow/.local/lib/python3.12/site-packages/airflow/example_dags/example_dataset_alias.py for tasks to queue
[2024-12-01T08:55:18.034+0000] {logging_mixin.py:190} INFO - [2024-12-01T08:55:18.033+0000] {dagbag.py:588} INFO - Filling up the DagBag from /home/airflow/.local/lib/python3.12/site-packages/airflow/example_dags/example_dataset_alias.py
[2024-12-01T08:55:18.476+0000] {processor.py:925} INFO - DAG(s) 'dataset_alias_example_alias_consumer', 'dataset_alias_example_alias_producer', 'dataset_s3_bucket_producer', 'dataset_s3_bucket_consumer' retrieved from /home/airflow/.local/lib/python3.12/site-packages/airflow/example_dags/example_dataset_alias.py
[2024-12-01T08:55:18.496+0000] {logging_mixin.py:190} INFO - [2024-12-01T08:55:18.496+0000] {dag.py:3239} INFO - Sync 4 DAGs
[2024-12-01T08:55:18.515+0000] {logging_mixin.py:190} INFO - [2024-12-01T08:55:18.514+0000] {dag.py:4180} INFO - Setting next_dagrun for dataset_alias_example_alias_consumer to None, run_after=None
[2024-12-01T08:55:18.516+0000] {logging_mixin.py:190} INFO - [2024-12-01T08:55:18.516+0000] {dag.py:4180} INFO - Setting next_dagrun for dataset_alias_example_alias_producer to None, run_after=None
[2024-12-01T08:55:18.519+0000] {logging_mixin.py:190} INFO - [2024-12-01T08:55:18.519+0000] {dag.py:4180} INFO - Setting next_dagrun for dataset_s3_bucket_consumer to None, run_after=None
[2024-12-01T08:55:18.521+0000] {logging_mixin.py:190} INFO - [2024-12-01T08:55:18.520+0000] {dag.py:4180} INFO - Setting next_dagrun for dataset_s3_bucket_producer to None, run_after=None
[2024-12-01T08:55:18.539+0000] {processor.py:208} INFO - Processing /home/airflow/.local/lib/python3.12/site-packages/airflow/example_dags/example_dataset_alias.py took 0.511 seconds
[2024-12-01T08:55:49.458+0000] {processor.py:186} INFO - Started process (PID=609) to work on /home/airflow/.local/lib/python3.12/site-packages/airflow/example_dags/example_dataset_alias.py
[2024-12-01T08:55:49.458+0000] {processor.py:914} INFO - Processing file /home/airflow/.local/lib/python3.12/site-packages/airflow/example_dags/example_dataset_alias.py for tasks to queue
[2024-12-01T08:55:49.460+0000] {logging_mixin.py:190} INFO - [2024-12-01T08:55:49.460+0000] {dagbag.py:588} INFO - Filling up the DagBag from /home/airflow/.local/lib/python3.12/site-packages/airflow/example_dags/example_dataset_alias.py
[2024-12-01T08:55:49.900+0000] {processor.py:925} INFO - DAG(s) 'dataset_s3_bucket_consumer', 'dataset_alias_example_alias_producer', 'dataset_s3_bucket_producer', 'dataset_alias_example_alias_consumer' retrieved from /home/airflow/.local/lib/python3.12/site-packages/airflow/example_dags/example_dataset_alias.py
[2024-12-01T08:55:49.920+0000] {logging_mixin.py:190} INFO - [2024-12-01T08:55:49.919+0000] {dag.py:3239} INFO - Sync 4 DAGs
[2024-12-01T08:55:49.938+0000] {logging_mixin.py:190} INFO - [2024-12-01T08:55:49.938+0000] {dag.py:4180} INFO - Setting next_dagrun for dataset_alias_example_alias_consumer to None, run_after=None
[2024-12-01T08:55:49.940+0000] {logging_mixin.py:190} INFO - [2024-12-01T08:55:49.940+0000] {dag.py:4180} INFO - Setting next_dagrun for dataset_alias_example_alias_producer to None, run_after=None
[2024-12-01T08:55:49.941+0000] {logging_mixin.py:190} INFO - [2024-12-01T08:55:49.941+0000] {dag.py:4180} INFO - Setting next_dagrun for dataset_s3_bucket_consumer to None, run_after=None
[2024-12-01T08:55:49.942+0000] {logging_mixin.py:190} INFO - [2024-12-01T08:55:49.942+0000] {dag.py:4180} INFO - Setting next_dagrun for dataset_s3_bucket_producer to None, run_after=None
[2024-12-01T08:55:49.961+0000] {processor.py:208} INFO - Processing /home/airflow/.local/lib/python3.12/site-packages/airflow/example_dags/example_dataset_alias.py took 0.507 seconds
[2024-12-01T08:56:20.412+0000] {processor.py:186} INFO - Started process (PID=672) to work on /home/airflow/.local/lib/python3.12/site-packages/airflow/example_dags/example_dataset_alias.py
[2024-12-01T08:56:20.422+0000] {processor.py:914} INFO - Processing file /home/airflow/.local/lib/python3.12/site-packages/airflow/example_dags/example_dataset_alias.py for tasks to queue
[2024-12-01T08:56:20.423+0000] {logging_mixin.py:190} INFO - [2024-12-01T08:56:20.423+0000] {dagbag.py:588} INFO - Filling up the DagBag from /home/airflow/.local/lib/python3.12/site-packages/airflow/example_dags/example_dataset_alias.py
[2024-12-01T08:56:20.765+0000] {processor.py:925} INFO - DAG(s) 'dataset_s3_bucket_producer', 'dataset_s3_bucket_consumer', 'dataset_alias_example_alias_consumer', 'dataset_alias_example_alias_producer' retrieved from /home/airflow/.local/lib/python3.12/site-packages/airflow/example_dags/example_dataset_alias.py
[2024-12-01T08:56:20.777+0000] {logging_mixin.py:190} INFO - [2024-12-01T08:56:20.776+0000] {dag.py:3239} INFO - Sync 4 DAGs
[2024-12-01T08:56:20.789+0000] {logging_mixin.py:190} INFO - [2024-12-01T08:56:20.789+0000] {dag.py:4180} INFO - Setting next_dagrun for dataset_alias_example_alias_consumer to None, run_after=None
[2024-12-01T08:56:20.790+0000] {logging_mixin.py:190} INFO - [2024-12-01T08:56:20.790+0000] {dag.py:4180} INFO - Setting next_dagrun for dataset_alias_example_alias_producer to None, run_after=None
[2024-12-01T08:56:20.791+0000] {logging_mixin.py:190} INFO - [2024-12-01T08:56:20.791+0000] {dag.py:4180} INFO - Setting next_dagrun for dataset_s3_bucket_consumer to None, run_after=None
[2024-12-01T08:56:20.792+0000] {logging_mixin.py:190} INFO - [2024-12-01T08:56:20.792+0000] {dag.py:4180} INFO - Setting next_dagrun for dataset_s3_bucket_producer to None, run_after=None
[2024-12-01T08:56:20.804+0000] {processor.py:208} INFO - Processing /home/airflow/.local/lib/python3.12/site-packages/airflow/example_dags/example_dataset_alias.py took 0.397 seconds
[2024-12-01T08:56:51.140+0000] {processor.py:186} INFO - Started process (PID=735) to work on /home/airflow/.local/lib/python3.12/site-packages/airflow/example_dags/example_dataset_alias.py
[2024-12-01T08:56:51.141+0000] {processor.py:914} INFO - Processing file /home/airflow/.local/lib/python3.12/site-packages/airflow/example_dags/example_dataset_alias.py for tasks to queue
[2024-12-01T08:56:51.142+0000] {logging_mixin.py:190} INFO - [2024-12-01T08:56:51.142+0000] {dagbag.py:588} INFO - Filling up the DagBag from /home/airflow/.local/lib/python3.12/site-packages/airflow/example_dags/example_dataset_alias.py
[2024-12-01T08:56:51.475+0000] {processor.py:925} INFO - DAG(s) 'dataset_alias_example_alias_producer', 'dataset_s3_bucket_consumer', 'dataset_alias_example_alias_consumer', 'dataset_s3_bucket_producer' retrieved from /home/airflow/.local/lib/python3.12/site-packages/airflow/example_dags/example_dataset_alias.py
[2024-12-01T08:56:51.491+0000] {logging_mixin.py:190} INFO - [2024-12-01T08:56:51.491+0000] {dag.py:3239} INFO - Sync 4 DAGs
[2024-12-01T08:56:51.508+0000] {logging_mixin.py:190} INFO - [2024-12-01T08:56:51.508+0000] {dag.py:4180} INFO - Setting next_dagrun for dataset_alias_example_alias_consumer to None, run_after=None
[2024-12-01T08:56:51.510+0000] {logging_mixin.py:190} INFO - [2024-12-01T08:56:51.510+0000] {dag.py:4180} INFO - Setting next_dagrun for dataset_alias_example_alias_producer to None, run_after=None
[2024-12-01T08:56:51.511+0000] {logging_mixin.py:190} INFO - [2024-12-01T08:56:51.511+0000] {dag.py:4180} INFO - Setting next_dagrun for dataset_s3_bucket_consumer to None, run_after=None
[2024-12-01T08:56:51.512+0000] {logging_mixin.py:190} INFO - [2024-12-01T08:56:51.512+0000] {dag.py:4180} INFO - Setting next_dagrun for dataset_s3_bucket_producer to None, run_after=None
[2024-12-01T08:56:51.538+0000] {processor.py:208} INFO - Processing /home/airflow/.local/lib/python3.12/site-packages/airflow/example_dags/example_dataset_alias.py took 0.401 seconds
[2024-12-01T08:57:21.932+0000] {processor.py:186} INFO - Started process (PID=798) to work on /home/airflow/.local/lib/python3.12/site-packages/airflow/example_dags/example_dataset_alias.py
[2024-12-01T08:57:21.942+0000] {processor.py:914} INFO - Processing file /home/airflow/.local/lib/python3.12/site-packages/airflow/example_dags/example_dataset_alias.py for tasks to queue
[2024-12-01T08:57:21.943+0000] {logging_mixin.py:190} INFO - [2024-12-01T08:57:21.943+0000] {dagbag.py:588} INFO - Filling up the DagBag from /home/airflow/.local/lib/python3.12/site-packages/airflow/example_dags/example_dataset_alias.py
[2024-12-01T08:57:22.264+0000] {processor.py:925} INFO - DAG(s) 'dataset_s3_bucket_consumer', 'dataset_s3_bucket_producer', 'dataset_alias_example_alias_producer', 'dataset_alias_example_alias_consumer' retrieved from /home/airflow/.local/lib/python3.12/site-packages/airflow/example_dags/example_dataset_alias.py
[2024-12-01T08:57:22.274+0000] {logging_mixin.py:190} INFO - [2024-12-01T08:57:22.273+0000] {dag.py:3239} INFO - Sync 4 DAGs
[2024-12-01T08:57:22.286+0000] {logging_mixin.py:190} INFO - [2024-12-01T08:57:22.285+0000] {dag.py:4180} INFO - Setting next_dagrun for dataset_alias_example_alias_consumer to None, run_after=None
[2024-12-01T08:57:22.287+0000] {logging_mixin.py:190} INFO - [2024-12-01T08:57:22.287+0000] {dag.py:4180} INFO - Setting next_dagrun for dataset_alias_example_alias_producer to None, run_after=None
[2024-12-01T08:57:22.288+0000] {logging_mixin.py:190} INFO - [2024-12-01T08:57:22.287+0000] {dag.py:4180} INFO - Setting next_dagrun for dataset_s3_bucket_consumer to None, run_after=None
[2024-12-01T08:57:22.288+0000] {logging_mixin.py:190} INFO - [2024-12-01T08:57:22.288+0000] {dag.py:4180} INFO - Setting next_dagrun for dataset_s3_bucket_producer to None, run_after=None
[2024-12-01T08:57:22.310+0000] {processor.py:208} INFO - Processing /home/airflow/.local/lib/python3.12/site-packages/airflow/example_dags/example_dataset_alias.py took 0.381 seconds
[2024-12-01T08:57:52.691+0000] {processor.py:186} INFO - Started process (PID=861) to work on /home/airflow/.local/lib/python3.12/site-packages/airflow/example_dags/example_dataset_alias.py
[2024-12-01T08:57:52.692+0000] {processor.py:914} INFO - Processing file /home/airflow/.local/lib/python3.12/site-packages/airflow/example_dags/example_dataset_alias.py for tasks to queue
[2024-12-01T08:57:52.694+0000] {logging_mixin.py:190} INFO - [2024-12-01T08:57:52.693+0000] {dagbag.py:588} INFO - Filling up the DagBag from /home/airflow/.local/lib/python3.12/site-packages/airflow/example_dags/example_dataset_alias.py
[2024-12-01T08:57:53.022+0000] {processor.py:925} INFO - DAG(s) 'dataset_s3_bucket_consumer', 'dataset_alias_example_alias_producer', 'dataset_s3_bucket_producer', 'dataset_alias_example_alias_consumer' retrieved from /home/airflow/.local/lib/python3.12/site-packages/airflow/example_dags/example_dataset_alias.py
[2024-12-01T08:57:53.033+0000] {logging_mixin.py:190} INFO - [2024-12-01T08:57:53.032+0000] {dag.py:3239} INFO - Sync 4 DAGs
[2024-12-01T08:57:53.045+0000] {logging_mixin.py:190} INFO - [2024-12-01T08:57:53.045+0000] {dag.py:4180} INFO - Setting next_dagrun for dataset_alias_example_alias_consumer to None, run_after=None
[2024-12-01T08:57:53.046+0000] {logging_mixin.py:190} INFO - [2024-12-01T08:57:53.046+0000] {dag.py:4180} INFO - Setting next_dagrun for dataset_alias_example_alias_producer to None, run_after=None
[2024-12-01T08:57:53.047+0000] {logging_mixin.py:190} INFO - [2024-12-01T08:57:53.047+0000] {dag.py:4180} INFO - Setting next_dagrun for dataset_s3_bucket_consumer to None, run_after=None
[2024-12-01T08:57:53.048+0000] {logging_mixin.py:190} INFO - [2024-12-01T08:57:53.048+0000] {dag.py:4180} INFO - Setting next_dagrun for dataset_s3_bucket_producer to None, run_after=None
[2024-12-01T08:57:53.071+0000] {processor.py:208} INFO - Processing /home/airflow/.local/lib/python3.12/site-packages/airflow/example_dags/example_dataset_alias.py took 0.385 seconds
[2024-12-01T08:58:23.565+0000] {processor.py:186} INFO - Started process (PID=924) to work on /home/airflow/.local/lib/python3.12/site-packages/airflow/example_dags/example_dataset_alias.py
[2024-12-01T08:58:23.575+0000] {processor.py:914} INFO - Processing file /home/airflow/.local/lib/python3.12/site-packages/airflow/example_dags/example_dataset_alias.py for tasks to queue
[2024-12-01T08:58:23.577+0000] {logging_mixin.py:190} INFO - [2024-12-01T08:58:23.577+0000] {dagbag.py:588} INFO - Filling up the DagBag from /home/airflow/.local/lib/python3.12/site-packages/airflow/example_dags/example_dataset_alias.py
[2024-12-01T08:58:23.908+0000] {processor.py:925} INFO - DAG(s) 'dataset_alias_example_alias_consumer', 'dataset_s3_bucket_producer', 'dataset_alias_example_alias_producer', 'dataset_s3_bucket_consumer' retrieved from /home/airflow/.local/lib/python3.12/site-packages/airflow/example_dags/example_dataset_alias.py
[2024-12-01T08:58:23.918+0000] {logging_mixin.py:190} INFO - [2024-12-01T08:58:23.918+0000] {dag.py:3239} INFO - Sync 4 DAGs
[2024-12-01T08:58:23.930+0000] {logging_mixin.py:190} INFO - [2024-12-01T08:58:23.930+0000] {dag.py:4180} INFO - Setting next_dagrun for dataset_alias_example_alias_consumer to None, run_after=None
[2024-12-01T08:58:23.931+0000] {logging_mixin.py:190} INFO - [2024-12-01T08:58:23.931+0000] {dag.py:4180} INFO - Setting next_dagrun for dataset_alias_example_alias_producer to None, run_after=None
[2024-12-01T08:58:23.932+0000] {logging_mixin.py:190} INFO - [2024-12-01T08:58:23.932+0000] {dag.py:4180} INFO - Setting next_dagrun for dataset_s3_bucket_consumer to None, run_after=None
[2024-12-01T08:58:23.933+0000] {logging_mixin.py:190} INFO - [2024-12-01T08:58:23.933+0000] {dag.py:4180} INFO - Setting next_dagrun for dataset_s3_bucket_producer to None, run_after=None
[2024-12-01T08:58:23.952+0000] {processor.py:208} INFO - Processing /home/airflow/.local/lib/python3.12/site-packages/airflow/example_dags/example_dataset_alias.py took 0.392 seconds
[2024-12-01T08:58:54.412+0000] {processor.py:186} INFO - Started process (PID=987) to work on /home/airflow/.local/lib/python3.12/site-packages/airflow/example_dags/example_dataset_alias.py
[2024-12-01T08:58:54.413+0000] {processor.py:914} INFO - Processing file /home/airflow/.local/lib/python3.12/site-packages/airflow/example_dags/example_dataset_alias.py for tasks to queue
[2024-12-01T08:58:54.415+0000] {logging_mixin.py:190} INFO - [2024-12-01T08:58:54.414+0000] {dagbag.py:588} INFO - Filling up the DagBag from /home/airflow/.local/lib/python3.12/site-packages/airflow/example_dags/example_dataset_alias.py
[2024-12-01T08:58:54.759+0000] {processor.py:925} INFO - DAG(s) 'dataset_alias_example_alias_producer', 'dataset_alias_example_alias_consumer', 'dataset_s3_bucket_producer', 'dataset_s3_bucket_consumer' retrieved from /home/airflow/.local/lib/python3.12/site-packages/airflow/example_dags/example_dataset_alias.py
[2024-12-01T08:58:54.774+0000] {logging_mixin.py:190} INFO - [2024-12-01T08:58:54.774+0000] {dag.py:3239} INFO - Sync 4 DAGs
[2024-12-01T08:58:54.790+0000] {logging_mixin.py:190} INFO - [2024-12-01T08:58:54.790+0000] {dag.py:4180} INFO - Setting next_dagrun for dataset_alias_example_alias_consumer to None, run_after=None
[2024-12-01T08:58:54.792+0000] {logging_mixin.py:190} INFO - [2024-12-01T08:58:54.791+0000] {dag.py:4180} INFO - Setting next_dagrun for dataset_alias_example_alias_producer to None, run_after=None
[2024-12-01T08:58:54.793+0000] {logging_mixin.py:190} INFO - [2024-12-01T08:58:54.793+0000] {dag.py:4180} INFO - Setting next_dagrun for dataset_s3_bucket_consumer to None, run_after=None
[2024-12-01T08:58:54.794+0000] {logging_mixin.py:190} INFO - [2024-12-01T08:58:54.794+0000] {dag.py:4180} INFO - Setting next_dagrun for dataset_s3_bucket_producer to None, run_after=None
[2024-12-01T08:58:54.809+0000] {processor.py:208} INFO - Processing /home/airflow/.local/lib/python3.12/site-packages/airflow/example_dags/example_dataset_alias.py took 0.401 seconds
[2024-12-01T08:59:25.221+0000] {processor.py:186} INFO - Started process (PID=1050) to work on /home/airflow/.local/lib/python3.12/site-packages/airflow/example_dags/example_dataset_alias.py
[2024-12-01T08:59:25.231+0000] {processor.py:914} INFO - Processing file /home/airflow/.local/lib/python3.12/site-packages/airflow/example_dags/example_dataset_alias.py for tasks to queue
[2024-12-01T08:59:25.233+0000] {logging_mixin.py:190} INFO - [2024-12-01T08:59:25.233+0000] {dagbag.py:588} INFO - Filling up the DagBag from /home/airflow/.local/lib/python3.12/site-packages/airflow/example_dags/example_dataset_alias.py
[2024-12-01T08:59:25.558+0000] {processor.py:925} INFO - DAG(s) 'dataset_alias_example_alias_consumer', 'dataset_s3_bucket_consumer', 'dataset_s3_bucket_producer', 'dataset_alias_example_alias_producer' retrieved from /home/airflow/.local/lib/python3.12/site-packages/airflow/example_dags/example_dataset_alias.py
[2024-12-01T08:59:25.574+0000] {logging_mixin.py:190} INFO - [2024-12-01T08:59:25.573+0000] {dag.py:3239} INFO - Sync 4 DAGs
[2024-12-01T08:59:25.590+0000] {logging_mixin.py:190} INFO - [2024-12-01T08:59:25.590+0000] {dag.py:4180} INFO - Setting next_dagrun for dataset_alias_example_alias_consumer to None, run_after=None
[2024-12-01T08:59:25.592+0000] {logging_mixin.py:190} INFO - [2024-12-01T08:59:25.592+0000] {dag.py:4180} INFO - Setting next_dagrun for dataset_alias_example_alias_producer to None, run_after=None
[2024-12-01T08:59:25.593+0000] {logging_mixin.py:190} INFO - [2024-12-01T08:59:25.593+0000] {dag.py:4180} INFO - Setting next_dagrun for dataset_s3_bucket_consumer to None, run_after=None
[2024-12-01T08:59:25.594+0000] {logging_mixin.py:190} INFO - [2024-12-01T08:59:25.594+0000] {dag.py:4180} INFO - Setting next_dagrun for dataset_s3_bucket_producer to None, run_after=None
[2024-12-01T08:59:25.610+0000] {processor.py:208} INFO - Processing /home/airflow/.local/lib/python3.12/site-packages/airflow/example_dags/example_dataset_alias.py took 0.394 seconds
[2024-12-01T08:59:55.994+0000] {processor.py:186} INFO - Started process (PID=1113) to work on /home/airflow/.local/lib/python3.12/site-packages/airflow/example_dags/example_dataset_alias.py
[2024-12-01T08:59:56.004+0000] {processor.py:914} INFO - Processing file /home/airflow/.local/lib/python3.12/site-packages/airflow/example_dags/example_dataset_alias.py for tasks to queue
[2024-12-01T08:59:56.006+0000] {logging_mixin.py:190} INFO - [2024-12-01T08:59:56.005+0000] {dagbag.py:588} INFO - Filling up the DagBag from /home/airflow/.local/lib/python3.12/site-packages/airflow/example_dags/example_dataset_alias.py
[2024-12-01T08:59:56.334+0000] {processor.py:925} INFO - DAG(s) 'dataset_s3_bucket_consumer', 'dataset_alias_example_alias_producer', 'dataset_s3_bucket_producer', 'dataset_alias_example_alias_consumer' retrieved from /home/airflow/.local/lib/python3.12/site-packages/airflow/example_dags/example_dataset_alias.py
[2024-12-01T08:59:56.351+0000] {logging_mixin.py:190} INFO - [2024-12-01T08:59:56.351+0000] {dag.py:3239} INFO - Sync 4 DAGs
[2024-12-01T08:59:56.369+0000] {logging_mixin.py:190} INFO - [2024-12-01T08:59:56.369+0000] {dag.py:4180} INFO - Setting next_dagrun for dataset_alias_example_alias_consumer to None, run_after=None
[2024-12-01T08:59:56.370+0000] {logging_mixin.py:190} INFO - [2024-12-01T08:59:56.370+0000] {dag.py:4180} INFO - Setting next_dagrun for dataset_alias_example_alias_producer to None, run_after=None
[2024-12-01T08:59:56.371+0000] {logging_mixin.py:190} INFO - [2024-12-01T08:59:56.371+0000] {dag.py:4180} INFO - Setting next_dagrun for dataset_s3_bucket_consumer to None, run_after=None
[2024-12-01T08:59:56.372+0000] {logging_mixin.py:190} INFO - [2024-12-01T08:59:56.372+0000] {dag.py:4180} INFO - Setting next_dagrun for dataset_s3_bucket_producer to None, run_after=None
[2024-12-01T08:59:56.388+0000] {processor.py:208} INFO - Processing /home/airflow/.local/lib/python3.12/site-packages/airflow/example_dags/example_dataset_alias.py took 0.398 seconds
[2024-12-01T09:00:26.865+0000] {processor.py:186} INFO - Started process (PID=1176) to work on /home/airflow/.local/lib/python3.12/site-packages/airflow/example_dags/example_dataset_alias.py
[2024-12-01T09:00:26.875+0000] {processor.py:914} INFO - Processing file /home/airflow/.local/lib/python3.12/site-packages/airflow/example_dags/example_dataset_alias.py for tasks to queue
[2024-12-01T09:00:26.876+0000] {logging_mixin.py:190} INFO - [2024-12-01T09:00:26.876+0000] {dagbag.py:588} INFO - Filling up the DagBag from /home/airflow/.local/lib/python3.12/site-packages/airflow/example_dags/example_dataset_alias.py
[2024-12-01T09:00:27.195+0000] {processor.py:925} INFO - DAG(s) 'dataset_alias_example_alias_producer', 'dataset_alias_example_alias_consumer', 'dataset_s3_bucket_consumer', 'dataset_s3_bucket_producer' retrieved from /home/airflow/.local/lib/python3.12/site-packages/airflow/example_dags/example_dataset_alias.py
[2024-12-01T09:00:27.205+0000] {logging_mixin.py:190} INFO - [2024-12-01T09:00:27.204+0000] {dag.py:3239} INFO - Sync 4 DAGs
[2024-12-01T09:00:27.216+0000] {logging_mixin.py:190} INFO - [2024-12-01T09:00:27.216+0000] {dag.py:4180} INFO - Setting next_dagrun for dataset_alias_example_alias_consumer to None, run_after=None
[2024-12-01T09:00:27.217+0000] {logging_mixin.py:190} INFO - [2024-12-01T09:00:27.217+0000] {dag.py:4180} INFO - Setting next_dagrun for dataset_alias_example_alias_producer to None, run_after=None
[2024-12-01T09:00:27.218+0000] {logging_mixin.py:190} INFO - [2024-12-01T09:00:27.218+0000] {dag.py:4180} INFO - Setting next_dagrun for dataset_s3_bucket_consumer to None, run_after=None
[2024-12-01T09:00:27.219+0000] {logging_mixin.py:190} INFO - [2024-12-01T09:00:27.219+0000] {dag.py:4180} INFO - Setting next_dagrun for dataset_s3_bucket_producer to None, run_after=None
[2024-12-01T09:00:27.232+0000] {processor.py:208} INFO - Processing /home/airflow/.local/lib/python3.12/site-packages/airflow/example_dags/example_dataset_alias.py took 0.370 seconds
[2024-12-01T09:00:57.665+0000] {processor.py:186} INFO - Started process (PID=1239) to work on /home/airflow/.local/lib/python3.12/site-packages/airflow/example_dags/example_dataset_alias.py
[2024-12-01T09:00:57.675+0000] {processor.py:914} INFO - Processing file /home/airflow/.local/lib/python3.12/site-packages/airflow/example_dags/example_dataset_alias.py for tasks to queue
[2024-12-01T09:00:57.678+0000] {logging_mixin.py:190} INFO - [2024-12-01T09:00:57.678+0000] {dagbag.py:588} INFO - Filling up the DagBag from /home/airflow/.local/lib/python3.12/site-packages/airflow/example_dags/example_dataset_alias.py
[2024-12-01T09:00:58.055+0000] {processor.py:925} INFO - DAG(s) 'dataset_s3_bucket_producer', 'dataset_alias_example_alias_producer', 'dataset_alias_example_alias_consumer', 'dataset_s3_bucket_consumer' retrieved from /home/airflow/.local/lib/python3.12/site-packages/airflow/example_dags/example_dataset_alias.py
[2024-12-01T09:00:58.079+0000] {logging_mixin.py:190} INFO - [2024-12-01T09:00:58.078+0000] {dag.py:3239} INFO - Sync 4 DAGs
[2024-12-01T09:00:58.092+0000] {logging_mixin.py:190} INFO - [2024-12-01T09:00:58.092+0000] {dag.py:4180} INFO - Setting next_dagrun for dataset_alias_example_alias_consumer to None, run_after=None
[2024-12-01T09:00:58.094+0000] {logging_mixin.py:190} INFO - [2024-12-01T09:00:58.094+0000] {dag.py:4180} INFO - Setting next_dagrun for dataset_alias_example_alias_producer to None, run_after=None
[2024-12-01T09:00:58.095+0000] {logging_mixin.py:190} INFO - [2024-12-01T09:00:58.094+0000] {dag.py:4180} INFO - Setting next_dagrun for dataset_s3_bucket_consumer to None, run_after=None
[2024-12-01T09:00:58.095+0000] {logging_mixin.py:190} INFO - [2024-12-01T09:00:58.095+0000] {dag.py:4180} INFO - Setting next_dagrun for dataset_s3_bucket_producer to None, run_after=None
[2024-12-01T09:00:58.111+0000] {processor.py:208} INFO - Processing /home/airflow/.local/lib/python3.12/site-packages/airflow/example_dags/example_dataset_alias.py took 0.450 seconds
[2024-12-01T09:01:28.235+0000] {processor.py:186} INFO - Started process (PID=1302) to work on /home/airflow/.local/lib/python3.12/site-packages/airflow/example_dags/example_dataset_alias.py
[2024-12-01T09:01:28.236+0000] {processor.py:914} INFO - Processing file /home/airflow/.local/lib/python3.12/site-packages/airflow/example_dags/example_dataset_alias.py for tasks to queue
[2024-12-01T09:01:28.237+0000] {logging_mixin.py:190} INFO - [2024-12-01T09:01:28.237+0000] {dagbag.py:588} INFO - Filling up the DagBag from /home/airflow/.local/lib/python3.12/site-packages/airflow/example_dags/example_dataset_alias.py
[2024-12-01T09:01:28.569+0000] {processor.py:925} INFO - DAG(s) 'dataset_alias_example_alias_producer', 'dataset_alias_example_alias_consumer', 'dataset_s3_bucket_producer', 'dataset_s3_bucket_consumer' retrieved from /home/airflow/.local/lib/python3.12/site-packages/airflow/example_dags/example_dataset_alias.py
[2024-12-01T09:01:28.586+0000] {logging_mixin.py:190} INFO - [2024-12-01T09:01:28.585+0000] {dag.py:3239} INFO - Sync 4 DAGs
[2024-12-01T09:01:28.605+0000] {logging_mixin.py:190} INFO - [2024-12-01T09:01:28.604+0000] {dag.py:4180} INFO - Setting next_dagrun for dataset_alias_example_alias_consumer to None, run_after=None
[2024-12-01T09:01:28.606+0000] {logging_mixin.py:190} INFO - [2024-12-01T09:01:28.606+0000] {dag.py:4180} INFO - Setting next_dagrun for dataset_alias_example_alias_producer to None, run_after=None
[2024-12-01T09:01:28.608+0000] {logging_mixin.py:190} INFO - [2024-12-01T09:01:28.607+0000] {dag.py:4180} INFO - Setting next_dagrun for dataset_s3_bucket_consumer to None, run_after=None
[2024-12-01T09:01:28.609+0000] {logging_mixin.py:190} INFO - [2024-12-01T09:01:28.608+0000] {dag.py:4180} INFO - Setting next_dagrun for dataset_s3_bucket_producer to None, run_after=None
[2024-12-01T09:01:28.629+0000] {processor.py:208} INFO - Processing /home/airflow/.local/lib/python3.12/site-packages/airflow/example_dags/example_dataset_alias.py took 0.397 seconds
[2024-12-01T09:01:59.338+0000] {processor.py:186} INFO - Started process (PID=1366) to work on /home/airflow/.local/lib/python3.12/site-packages/airflow/example_dags/example_dataset_alias.py
[2024-12-01T09:01:59.348+0000] {processor.py:914} INFO - Processing file /home/airflow/.local/lib/python3.12/site-packages/airflow/example_dags/example_dataset_alias.py for tasks to queue
[2024-12-01T09:01:59.349+0000] {logging_mixin.py:190} INFO - [2024-12-01T09:01:59.349+0000] {dagbag.py:588} INFO - Filling up the DagBag from /home/airflow/.local/lib/python3.12/site-packages/airflow/example_dags/example_dataset_alias.py
[2024-12-01T09:01:59.711+0000] {processor.py:925} INFO - DAG(s) 'dataset_s3_bucket_producer', 'dataset_alias_example_alias_producer', 'dataset_alias_example_alias_consumer', 'dataset_s3_bucket_consumer' retrieved from /home/airflow/.local/lib/python3.12/site-packages/airflow/example_dags/example_dataset_alias.py
[2024-12-01T09:01:59.734+0000] {logging_mixin.py:190} INFO - [2024-12-01T09:01:59.732+0000] {dag.py:3239} INFO - Sync 4 DAGs
[2024-12-01T09:01:59.751+0000] {logging_mixin.py:190} INFO - [2024-12-01T09:01:59.751+0000] {dag.py:4180} INFO - Setting next_dagrun for dataset_alias_example_alias_consumer to None, run_after=None
[2024-12-01T09:01:59.753+0000] {logging_mixin.py:190} INFO - [2024-12-01T09:01:59.753+0000] {dag.py:4180} INFO - Setting next_dagrun for dataset_alias_example_alias_producer to None, run_after=None
[2024-12-01T09:01:59.755+0000] {logging_mixin.py:190} INFO - [2024-12-01T09:01:59.754+0000] {dag.py:4180} INFO - Setting next_dagrun for dataset_s3_bucket_consumer to None, run_after=None
[2024-12-01T09:01:59.756+0000] {logging_mixin.py:190} INFO - [2024-12-01T09:01:59.756+0000] {dag.py:4180} INFO - Setting next_dagrun for dataset_s3_bucket_producer to None, run_after=None
[2024-12-01T09:01:59.776+0000] {processor.py:208} INFO - Processing /home/airflow/.local/lib/python3.12/site-packages/airflow/example_dags/example_dataset_alias.py took 0.442 seconds
[2024-12-01T09:02:30.268+0000] {processor.py:186} INFO - Started process (PID=1429) to work on /home/airflow/.local/lib/python3.12/site-packages/airflow/example_dags/example_dataset_alias.py
[2024-12-01T09:02:30.269+0000] {processor.py:914} INFO - Processing file /home/airflow/.local/lib/python3.12/site-packages/airflow/example_dags/example_dataset_alias.py for tasks to queue
[2024-12-01T09:02:30.271+0000] {logging_mixin.py:190} INFO - [2024-12-01T09:02:30.271+0000] {dagbag.py:588} INFO - Filling up the DagBag from /home/airflow/.local/lib/python3.12/site-packages/airflow/example_dags/example_dataset_alias.py
[2024-12-01T09:02:30.672+0000] {processor.py:925} INFO - DAG(s) 'dataset_s3_bucket_producer', 'dataset_alias_example_alias_producer', 'dataset_s3_bucket_consumer', 'dataset_alias_example_alias_consumer' retrieved from /home/airflow/.local/lib/python3.12/site-packages/airflow/example_dags/example_dataset_alias.py
[2024-12-01T09:02:30.685+0000] {logging_mixin.py:190} INFO - [2024-12-01T09:02:30.684+0000] {dag.py:3239} INFO - Sync 4 DAGs
[2024-12-01T09:02:30.700+0000] {logging_mixin.py:190} INFO - [2024-12-01T09:02:30.700+0000] {dag.py:4180} INFO - Setting next_dagrun for dataset_alias_example_alias_consumer to None, run_after=None
[2024-12-01T09:02:30.701+0000] {logging_mixin.py:190} INFO - [2024-12-01T09:02:30.701+0000] {dag.py:4180} INFO - Setting next_dagrun for dataset_alias_example_alias_producer to None, run_after=None
[2024-12-01T09:02:30.702+0000] {logging_mixin.py:190} INFO - [2024-12-01T09:02:30.702+0000] {dag.py:4180} INFO - Setting next_dagrun for dataset_s3_bucket_consumer to None, run_after=None
[2024-12-01T09:02:30.703+0000] {logging_mixin.py:190} INFO - [2024-12-01T09:02:30.703+0000] {dag.py:4180} INFO - Setting next_dagrun for dataset_s3_bucket_producer to None, run_after=None
[2024-12-01T09:02:30.722+0000] {processor.py:208} INFO - Processing /home/airflow/.local/lib/python3.12/site-packages/airflow/example_dags/example_dataset_alias.py took 0.458 seconds
[2024-12-01T09:03:00.776+0000] {processor.py:186} INFO - Started process (PID=1492) to work on /home/airflow/.local/lib/python3.12/site-packages/airflow/example_dags/example_dataset_alias.py
[2024-12-01T09:03:00.786+0000] {processor.py:914} INFO - Processing file /home/airflow/.local/lib/python3.12/site-packages/airflow/example_dags/example_dataset_alias.py for tasks to queue
[2024-12-01T09:03:00.788+0000] {logging_mixin.py:190} INFO - [2024-12-01T09:03:00.788+0000] {dagbag.py:588} INFO - Filling up the DagBag from /home/airflow/.local/lib/python3.12/site-packages/airflow/example_dags/example_dataset_alias.py
[2024-12-01T09:03:01.148+0000] {processor.py:925} INFO - DAG(s) 'dataset_alias_example_alias_producer', 'dataset_s3_bucket_producer', 'dataset_s3_bucket_consumer', 'dataset_alias_example_alias_consumer' retrieved from /home/airflow/.local/lib/python3.12/site-packages/airflow/example_dags/example_dataset_alias.py
[2024-12-01T09:03:01.159+0000] {logging_mixin.py:190} INFO - [2024-12-01T09:03:01.159+0000] {dag.py:3239} INFO - Sync 4 DAGs
[2024-12-01T09:03:01.172+0000] {logging_mixin.py:190} INFO - [2024-12-01T09:03:01.172+0000] {dag.py:4180} INFO - Setting next_dagrun for dataset_alias_example_alias_consumer to None, run_after=None
[2024-12-01T09:03:01.174+0000] {logging_mixin.py:190} INFO - [2024-12-01T09:03:01.174+0000] {dag.py:4180} INFO - Setting next_dagrun for dataset_alias_example_alias_producer to None, run_after=None
[2024-12-01T09:03:01.175+0000] {logging_mixin.py:190} INFO - [2024-12-01T09:03:01.175+0000] {dag.py:4180} INFO - Setting next_dagrun for dataset_s3_bucket_consumer to None, run_after=None
[2024-12-01T09:03:01.176+0000] {logging_mixin.py:190} INFO - [2024-12-01T09:03:01.176+0000] {dag.py:4180} INFO - Setting next_dagrun for dataset_s3_bucket_producer to None, run_after=None
[2024-12-01T09:03:01.189+0000] {processor.py:208} INFO - Processing /home/airflow/.local/lib/python3.12/site-packages/airflow/example_dags/example_dataset_alias.py took 0.418 seconds
[2024-12-01T09:03:31.405+0000] {processor.py:186} INFO - Started process (PID=1555) to work on /home/airflow/.local/lib/python3.12/site-packages/airflow/example_dags/example_dataset_alias.py
[2024-12-01T09:03:31.406+0000] {processor.py:914} INFO - Processing file /home/airflow/.local/lib/python3.12/site-packages/airflow/example_dags/example_dataset_alias.py for tasks to queue
[2024-12-01T09:03:31.408+0000] {logging_mixin.py:190} INFO - [2024-12-01T09:03:31.408+0000] {dagbag.py:588} INFO - Filling up the DagBag from /home/airflow/.local/lib/python3.12/site-packages/airflow/example_dags/example_dataset_alias.py
[2024-12-01T09:03:31.767+0000] {processor.py:925} INFO - DAG(s) 'dataset_alias_example_alias_consumer', 'dataset_s3_bucket_consumer', 'dataset_s3_bucket_producer', 'dataset_alias_example_alias_producer' retrieved from /home/airflow/.local/lib/python3.12/site-packages/airflow/example_dags/example_dataset_alias.py
[2024-12-01T09:03:31.779+0000] {logging_mixin.py:190} INFO - [2024-12-01T09:03:31.779+0000] {dag.py:3239} INFO - Sync 4 DAGs
[2024-12-01T09:03:31.790+0000] {logging_mixin.py:190} INFO - [2024-12-01T09:03:31.790+0000] {dag.py:4180} INFO - Setting next_dagrun for dataset_alias_example_alias_consumer to None, run_after=None
[2024-12-01T09:03:31.792+0000] {logging_mixin.py:190} INFO - [2024-12-01T09:03:31.791+0000] {dag.py:4180} INFO - Setting next_dagrun for dataset_alias_example_alias_producer to None, run_after=None
[2024-12-01T09:03:31.793+0000] {logging_mixin.py:190} INFO - [2024-12-01T09:03:31.793+0000] {dag.py:4180} INFO - Setting next_dagrun for dataset_s3_bucket_consumer to None, run_after=None
[2024-12-01T09:03:31.794+0000] {logging_mixin.py:190} INFO - [2024-12-01T09:03:31.794+0000] {dag.py:4180} INFO - Setting next_dagrun for dataset_s3_bucket_producer to None, run_after=None
[2024-12-01T09:03:31.816+0000] {processor.py:208} INFO - Processing /home/airflow/.local/lib/python3.12/site-packages/airflow/example_dags/example_dataset_alias.py took 0.416 seconds
[2024-12-01T09:04:02.276+0000] {processor.py:186} INFO - Started process (PID=1618) to work on /home/airflow/.local/lib/python3.12/site-packages/airflow/example_dags/example_dataset_alias.py
[2024-12-01T09:04:02.286+0000] {processor.py:914} INFO - Processing file /home/airflow/.local/lib/python3.12/site-packages/airflow/example_dags/example_dataset_alias.py for tasks to queue
[2024-12-01T09:04:02.288+0000] {logging_mixin.py:190} INFO - [2024-12-01T09:04:02.287+0000] {dagbag.py:588} INFO - Filling up the DagBag from /home/airflow/.local/lib/python3.12/site-packages/airflow/example_dags/example_dataset_alias.py
[2024-12-01T09:04:02.720+0000] {processor.py:925} INFO - DAG(s) 'dataset_alias_example_alias_consumer', 'dataset_s3_bucket_consumer', 'dataset_s3_bucket_producer', 'dataset_alias_example_alias_producer' retrieved from /home/airflow/.local/lib/python3.12/site-packages/airflow/example_dags/example_dataset_alias.py
[2024-12-01T09:04:02.732+0000] {logging_mixin.py:190} INFO - [2024-12-01T09:04:02.732+0000] {dag.py:3239} INFO - Sync 4 DAGs
[2024-12-01T09:04:02.746+0000] {logging_mixin.py:190} INFO - [2024-12-01T09:04:02.746+0000] {dag.py:4180} INFO - Setting next_dagrun for dataset_alias_example_alias_consumer to None, run_after=None
[2024-12-01T09:04:02.748+0000] {logging_mixin.py:190} INFO - [2024-12-01T09:04:02.748+0000] {dag.py:4180} INFO - Setting next_dagrun for dataset_alias_example_alias_producer to None, run_after=None
[2024-12-01T09:04:02.749+0000] {logging_mixin.py:190} INFO - [2024-12-01T09:04:02.749+0000] {dag.py:4180} INFO - Setting next_dagrun for dataset_s3_bucket_consumer to None, run_after=None
[2024-12-01T09:04:02.750+0000] {logging_mixin.py:190} INFO - [2024-12-01T09:04:02.750+0000] {dag.py:4180} INFO - Setting next_dagrun for dataset_s3_bucket_producer to None, run_after=None
[2024-12-01T09:04:02.776+0000] {processor.py:208} INFO - Processing /home/airflow/.local/lib/python3.12/site-packages/airflow/example_dags/example_dataset_alias.py took 0.505 seconds
[2024-12-01T09:04:32.987+0000] {processor.py:186} INFO - Started process (PID=1681) to work on /home/airflow/.local/lib/python3.12/site-packages/airflow/example_dags/example_dataset_alias.py
[2024-12-01T09:04:32.997+0000] {processor.py:914} INFO - Processing file /home/airflow/.local/lib/python3.12/site-packages/airflow/example_dags/example_dataset_alias.py for tasks to queue
[2024-12-01T09:04:32.998+0000] {logging_mixin.py:190} INFO - [2024-12-01T09:04:32.998+0000] {dagbag.py:588} INFO - Filling up the DagBag from /home/airflow/.local/lib/python3.12/site-packages/airflow/example_dags/example_dataset_alias.py
[2024-12-01T09:04:33.369+0000] {processor.py:925} INFO - DAG(s) 'dataset_alias_example_alias_consumer', 'dataset_alias_example_alias_producer', 'dataset_s3_bucket_consumer', 'dataset_s3_bucket_producer' retrieved from /home/airflow/.local/lib/python3.12/site-packages/airflow/example_dags/example_dataset_alias.py
[2024-12-01T09:04:33.382+0000] {logging_mixin.py:190} INFO - [2024-12-01T09:04:33.382+0000] {dag.py:3239} INFO - Sync 4 DAGs
[2024-12-01T09:04:33.397+0000] {logging_mixin.py:190} INFO - [2024-12-01T09:04:33.397+0000] {dag.py:4180} INFO - Setting next_dagrun for dataset_alias_example_alias_consumer to None, run_after=None
[2024-12-01T09:04:33.399+0000] {logging_mixin.py:190} INFO - [2024-12-01T09:04:33.399+0000] {dag.py:4180} INFO - Setting next_dagrun for dataset_alias_example_alias_producer to None, run_after=None
[2024-12-01T09:04:33.400+0000] {logging_mixin.py:190} INFO - [2024-12-01T09:04:33.400+0000] {dag.py:4180} INFO - Setting next_dagrun for dataset_s3_bucket_consumer to None, run_after=None
[2024-12-01T09:04:33.401+0000] {logging_mixin.py:190} INFO - [2024-12-01T09:04:33.401+0000] {dag.py:4180} INFO - Setting next_dagrun for dataset_s3_bucket_producer to None, run_after=None
[2024-12-01T09:04:33.417+0000] {processor.py:208} INFO - Processing /home/airflow/.local/lib/python3.12/site-packages/airflow/example_dags/example_dataset_alias.py took 0.434 seconds
[2024-12-01T09:05:03.565+0000] {processor.py:186} INFO - Started process (PID=1744) to work on /home/airflow/.local/lib/python3.12/site-packages/airflow/example_dags/example_dataset_alias.py
[2024-12-01T09:05:03.566+0000] {processor.py:914} INFO - Processing file /home/airflow/.local/lib/python3.12/site-packages/airflow/example_dags/example_dataset_alias.py for tasks to queue
[2024-12-01T09:05:03.567+0000] {logging_mixin.py:190} INFO - [2024-12-01T09:05:03.567+0000] {dagbag.py:588} INFO - Filling up the DagBag from /home/airflow/.local/lib/python3.12/site-packages/airflow/example_dags/example_dataset_alias.py
[2024-12-01T09:05:03.991+0000] {processor.py:925} INFO - DAG(s) 'dataset_s3_bucket_consumer', 'dataset_alias_example_alias_producer', 'dataset_alias_example_alias_consumer', 'dataset_s3_bucket_producer' retrieved from /home/airflow/.local/lib/python3.12/site-packages/airflow/example_dags/example_dataset_alias.py
[2024-12-01T09:05:04.005+0000] {logging_mixin.py:190} INFO - [2024-12-01T09:05:04.005+0000] {dag.py:3239} INFO - Sync 4 DAGs
[2024-12-01T09:05:04.018+0000] {logging_mixin.py:190} INFO - [2024-12-01T09:05:04.018+0000] {dag.py:4180} INFO - Setting next_dagrun for dataset_alias_example_alias_consumer to None, run_after=None
[2024-12-01T09:05:04.020+0000] {logging_mixin.py:190} INFO - [2024-12-01T09:05:04.020+0000] {dag.py:4180} INFO - Setting next_dagrun for dataset_alias_example_alias_producer to None, run_after=None
[2024-12-01T09:05:04.021+0000] {logging_mixin.py:190} INFO - [2024-12-01T09:05:04.021+0000] {dag.py:4180} INFO - Setting next_dagrun for dataset_s3_bucket_consumer to None, run_after=None
[2024-12-01T09:05:04.022+0000] {logging_mixin.py:190} INFO - [2024-12-01T09:05:04.022+0000] {dag.py:4180} INFO - Setting next_dagrun for dataset_s3_bucket_producer to None, run_after=None
[2024-12-01T09:05:04.039+0000] {processor.py:208} INFO - Processing /home/airflow/.local/lib/python3.12/site-packages/airflow/example_dags/example_dataset_alias.py took 0.480 seconds
[2024-12-01T09:05:34.834+0000] {processor.py:186} INFO - Started process (PID=1807) to work on /home/airflow/.local/lib/python3.12/site-packages/airflow/example_dags/example_dataset_alias.py
[2024-12-01T09:05:34.835+0000] {processor.py:914} INFO - Processing file /home/airflow/.local/lib/python3.12/site-packages/airflow/example_dags/example_dataset_alias.py for tasks to queue
[2024-12-01T09:05:34.836+0000] {logging_mixin.py:190} INFO - [2024-12-01T09:05:34.836+0000] {dagbag.py:588} INFO - Filling up the DagBag from /home/airflow/.local/lib/python3.12/site-packages/airflow/example_dags/example_dataset_alias.py
[2024-12-01T09:05:35.181+0000] {processor.py:925} INFO - DAG(s) 'dataset_s3_bucket_producer', 'dataset_s3_bucket_consumer', 'dataset_alias_example_alias_consumer', 'dataset_alias_example_alias_producer' retrieved from /home/airflow/.local/lib/python3.12/site-packages/airflow/example_dags/example_dataset_alias.py
[2024-12-01T09:05:35.193+0000] {logging_mixin.py:190} INFO - [2024-12-01T09:05:35.192+0000] {dag.py:3239} INFO - Sync 4 DAGs
[2024-12-01T09:05:35.204+0000] {logging_mixin.py:190} INFO - [2024-12-01T09:05:35.204+0000] {dag.py:4180} INFO - Setting next_dagrun for dataset_alias_example_alias_consumer to None, run_after=None
[2024-12-01T09:05:35.206+0000] {logging_mixin.py:190} INFO - [2024-12-01T09:05:35.206+0000] {dag.py:4180} INFO - Setting next_dagrun for dataset_alias_example_alias_producer to None, run_after=None
[2024-12-01T09:05:35.206+0000] {logging_mixin.py:190} INFO - [2024-12-01T09:05:35.206+0000] {dag.py:4180} INFO - Setting next_dagrun for dataset_s3_bucket_consumer to None, run_after=None
[2024-12-01T09:05:35.207+0000] {logging_mixin.py:190} INFO - [2024-12-01T09:05:35.207+0000] {dag.py:4180} INFO - Setting next_dagrun for dataset_s3_bucket_producer to None, run_after=None
[2024-12-01T09:05:35.228+0000] {processor.py:208} INFO - Processing /home/airflow/.local/lib/python3.12/site-packages/airflow/example_dags/example_dataset_alias.py took 0.398 seconds
[2024-12-01T09:06:05.634+0000] {processor.py:186} INFO - Started process (PID=1870) to work on /home/airflow/.local/lib/python3.12/site-packages/airflow/example_dags/example_dataset_alias.py
[2024-12-01T09:06:05.644+0000] {processor.py:914} INFO - Processing file /home/airflow/.local/lib/python3.12/site-packages/airflow/example_dags/example_dataset_alias.py for tasks to queue
[2024-12-01T09:06:05.646+0000] {logging_mixin.py:190} INFO - [2024-12-01T09:06:05.646+0000] {dagbag.py:588} INFO - Filling up the DagBag from /home/airflow/.local/lib/python3.12/site-packages/airflow/example_dags/example_dataset_alias.py
[2024-12-01T09:06:06.072+0000] {processor.py:925} INFO - DAG(s) 'dataset_alias_example_alias_producer', 'dataset_alias_example_alias_consumer', 'dataset_s3_bucket_producer', 'dataset_s3_bucket_consumer' retrieved from /home/airflow/.local/lib/python3.12/site-packages/airflow/example_dags/example_dataset_alias.py
[2024-12-01T09:06:06.090+0000] {logging_mixin.py:190} INFO - [2024-12-01T09:06:06.090+0000] {dag.py:3239} INFO - Sync 4 DAGs
[2024-12-01T09:06:06.102+0000] {logging_mixin.py:190} INFO - [2024-12-01T09:06:06.102+0000] {dag.py:4180} INFO - Setting next_dagrun for dataset_alias_example_alias_consumer to None, run_after=None
[2024-12-01T09:06:06.104+0000] {logging_mixin.py:190} INFO - [2024-12-01T09:06:06.104+0000] {dag.py:4180} INFO - Setting next_dagrun for dataset_alias_example_alias_producer to None, run_after=None
[2024-12-01T09:06:06.105+0000] {logging_mixin.py:190} INFO - [2024-12-01T09:06:06.105+0000] {dag.py:4180} INFO - Setting next_dagrun for dataset_s3_bucket_consumer to None, run_after=None
[2024-12-01T09:06:06.106+0000] {logging_mixin.py:190} INFO - [2024-12-01T09:06:06.106+0000] {dag.py:4180} INFO - Setting next_dagrun for dataset_s3_bucket_producer to None, run_after=None
[2024-12-01T09:06:06.128+0000] {processor.py:208} INFO - Processing /home/airflow/.local/lib/python3.12/site-packages/airflow/example_dags/example_dataset_alias.py took 0.499 seconds
[2024-12-01T09:06:36.174+0000] {processor.py:186} INFO - Started process (PID=1933) to work on /home/airflow/.local/lib/python3.12/site-packages/airflow/example_dags/example_dataset_alias.py
[2024-12-01T09:06:36.185+0000] {processor.py:914} INFO - Processing file /home/airflow/.local/lib/python3.12/site-packages/airflow/example_dags/example_dataset_alias.py for tasks to queue
[2024-12-01T09:06:36.187+0000] {logging_mixin.py:190} INFO - [2024-12-01T09:06:36.187+0000] {dagbag.py:588} INFO - Filling up the DagBag from /home/airflow/.local/lib/python3.12/site-packages/airflow/example_dags/example_dataset_alias.py
[2024-12-01T09:06:36.527+0000] {processor.py:925} INFO - DAG(s) 'dataset_alias_example_alias_consumer', 'dataset_s3_bucket_producer', 'dataset_s3_bucket_consumer', 'dataset_alias_example_alias_producer' retrieved from /home/airflow/.local/lib/python3.12/site-packages/airflow/example_dags/example_dataset_alias.py
[2024-12-01T09:06:36.543+0000] {logging_mixin.py:190} INFO - [2024-12-01T09:06:36.543+0000] {dag.py:3239} INFO - Sync 4 DAGs
[2024-12-01T09:06:36.559+0000] {logging_mixin.py:190} INFO - [2024-12-01T09:06:36.559+0000] {dag.py:4180} INFO - Setting next_dagrun for dataset_alias_example_alias_consumer to None, run_after=None
[2024-12-01T09:06:36.561+0000] {logging_mixin.py:190} INFO - [2024-12-01T09:06:36.561+0000] {dag.py:4180} INFO - Setting next_dagrun for dataset_alias_example_alias_producer to None, run_after=None
[2024-12-01T09:06:36.562+0000] {logging_mixin.py:190} INFO - [2024-12-01T09:06:36.561+0000] {dag.py:4180} INFO - Setting next_dagrun for dataset_s3_bucket_consumer to None, run_after=None
[2024-12-01T09:06:36.563+0000] {logging_mixin.py:190} INFO - [2024-12-01T09:06:36.563+0000] {dag.py:4180} INFO - Setting next_dagrun for dataset_s3_bucket_producer to None, run_after=None
[2024-12-01T09:06:36.577+0000] {processor.py:208} INFO - Processing /home/airflow/.local/lib/python3.12/site-packages/airflow/example_dags/example_dataset_alias.py took 0.408 seconds
[2024-12-01T09:07:06.728+0000] {processor.py:186} INFO - Started process (PID=1996) to work on /home/airflow/.local/lib/python3.12/site-packages/airflow/example_dags/example_dataset_alias.py
[2024-12-01T09:07:06.739+0000] {processor.py:914} INFO - Processing file /home/airflow/.local/lib/python3.12/site-packages/airflow/example_dags/example_dataset_alias.py for tasks to queue
[2024-12-01T09:07:06.741+0000] {logging_mixin.py:190} INFO - [2024-12-01T09:07:06.741+0000] {dagbag.py:588} INFO - Filling up the DagBag from /home/airflow/.local/lib/python3.12/site-packages/airflow/example_dags/example_dataset_alias.py
[2024-12-01T09:07:07.092+0000] {processor.py:925} INFO - DAG(s) 'dataset_alias_example_alias_consumer', 'dataset_s3_bucket_producer', 'dataset_s3_bucket_consumer', 'dataset_alias_example_alias_producer' retrieved from /home/airflow/.local/lib/python3.12/site-packages/airflow/example_dags/example_dataset_alias.py
[2024-12-01T09:07:07.102+0000] {logging_mixin.py:190} INFO - [2024-12-01T09:07:07.102+0000] {dag.py:3239} INFO - Sync 4 DAGs
[2024-12-01T09:07:07.114+0000] {logging_mixin.py:190} INFO - [2024-12-01T09:07:07.114+0000] {dag.py:4180} INFO - Setting next_dagrun for dataset_alias_example_alias_consumer to None, run_after=None
[2024-12-01T09:07:07.116+0000] {logging_mixin.py:190} INFO - [2024-12-01T09:07:07.115+0000] {dag.py:4180} INFO - Setting next_dagrun for dataset_alias_example_alias_producer to None, run_after=None
[2024-12-01T09:07:07.116+0000] {logging_mixin.py:190} INFO - [2024-12-01T09:07:07.116+0000] {dag.py:4180} INFO - Setting next_dagrun for dataset_s3_bucket_consumer to None, run_after=None
[2024-12-01T09:07:07.117+0000] {logging_mixin.py:190} INFO - [2024-12-01T09:07:07.117+0000] {dag.py:4180} INFO - Setting next_dagrun for dataset_s3_bucket_producer to None, run_after=None
[2024-12-01T09:07:07.127+0000] {processor.py:208} INFO - Processing /home/airflow/.local/lib/python3.12/site-packages/airflow/example_dags/example_dataset_alias.py took 0.404 seconds
[2024-12-01T09:07:37.190+0000] {processor.py:186} INFO - Started process (PID=2059) to work on /home/airflow/.local/lib/python3.12/site-packages/airflow/example_dags/example_dataset_alias.py
[2024-12-01T09:07:37.191+0000] {processor.py:914} INFO - Processing file /home/airflow/.local/lib/python3.12/site-packages/airflow/example_dags/example_dataset_alias.py for tasks to queue
[2024-12-01T09:07:37.192+0000] {logging_mixin.py:190} INFO - [2024-12-01T09:07:37.192+0000] {dagbag.py:588} INFO - Filling up the DagBag from /home/airflow/.local/lib/python3.12/site-packages/airflow/example_dags/example_dataset_alias.py
[2024-12-01T09:07:37.527+0000] {processor.py:925} INFO - DAG(s) 'dataset_alias_example_alias_producer', 'dataset_s3_bucket_producer', 'dataset_s3_bucket_consumer', 'dataset_alias_example_alias_consumer' retrieved from /home/airflow/.local/lib/python3.12/site-packages/airflow/example_dags/example_dataset_alias.py
[2024-12-01T09:07:37.538+0000] {logging_mixin.py:190} INFO - [2024-12-01T09:07:37.538+0000] {dag.py:3239} INFO - Sync 4 DAGs
[2024-12-01T09:07:37.550+0000] {logging_mixin.py:190} INFO - [2024-12-01T09:07:37.550+0000] {dag.py:4180} INFO - Setting next_dagrun for dataset_alias_example_alias_consumer to None, run_after=None
[2024-12-01T09:07:37.552+0000] {logging_mixin.py:190} INFO - [2024-12-01T09:07:37.551+0000] {dag.py:4180} INFO - Setting next_dagrun for dataset_alias_example_alias_producer to None, run_after=None
[2024-12-01T09:07:37.552+0000] {logging_mixin.py:190} INFO - [2024-12-01T09:07:37.552+0000] {dag.py:4180} INFO - Setting next_dagrun for dataset_s3_bucket_consumer to None, run_after=None
[2024-12-01T09:07:37.553+0000] {logging_mixin.py:190} INFO - [2024-12-01T09:07:37.553+0000] {dag.py:4180} INFO - Setting next_dagrun for dataset_s3_bucket_producer to None, run_after=None
[2024-12-01T09:07:37.570+0000] {processor.py:208} INFO - Processing /home/airflow/.local/lib/python3.12/site-packages/airflow/example_dags/example_dataset_alias.py took 0.383 seconds
[2024-12-01T09:08:07.805+0000] {processor.py:186} INFO - Started process (PID=2122) to work on /home/airflow/.local/lib/python3.12/site-packages/airflow/example_dags/example_dataset_alias.py
[2024-12-01T09:08:07.815+0000] {processor.py:914} INFO - Processing file /home/airflow/.local/lib/python3.12/site-packages/airflow/example_dags/example_dataset_alias.py for tasks to queue
[2024-12-01T09:08:07.817+0000] {logging_mixin.py:190} INFO - [2024-12-01T09:08:07.817+0000] {dagbag.py:588} INFO - Filling up the DagBag from /home/airflow/.local/lib/python3.12/site-packages/airflow/example_dags/example_dataset_alias.py
[2024-12-01T09:08:08.153+0000] {processor.py:925} INFO - DAG(s) 'dataset_s3_bucket_consumer', 'dataset_s3_bucket_producer', 'dataset_alias_example_alias_consumer', 'dataset_alias_example_alias_producer' retrieved from /home/airflow/.local/lib/python3.12/site-packages/airflow/example_dags/example_dataset_alias.py
[2024-12-01T09:08:08.169+0000] {logging_mixin.py:190} INFO - [2024-12-01T09:08:08.169+0000] {dag.py:3239} INFO - Sync 4 DAGs
[2024-12-01T09:08:08.185+0000] {logging_mixin.py:190} INFO - [2024-12-01T09:08:08.185+0000] {dag.py:4180} INFO - Setting next_dagrun for dataset_alias_example_alias_consumer to None, run_after=None
[2024-12-01T09:08:08.186+0000] {logging_mixin.py:190} INFO - [2024-12-01T09:08:08.186+0000] {dag.py:4180} INFO - Setting next_dagrun for dataset_alias_example_alias_producer to None, run_after=None
[2024-12-01T09:08:08.188+0000] {logging_mixin.py:190} INFO - [2024-12-01T09:08:08.188+0000] {dag.py:4180} INFO - Setting next_dagrun for dataset_s3_bucket_consumer to None, run_after=None
[2024-12-01T09:08:08.188+0000] {logging_mixin.py:190} INFO - [2024-12-01T09:08:08.188+0000] {dag.py:4180} INFO - Setting next_dagrun for dataset_s3_bucket_producer to None, run_after=None
[2024-12-01T09:08:08.200+0000] {processor.py:208} INFO - Processing /home/airflow/.local/lib/python3.12/site-packages/airflow/example_dags/example_dataset_alias.py took 0.400 seconds
[2024-12-01T09:08:38.712+0000] {processor.py:186} INFO - Started process (PID=2185) to work on /home/airflow/.local/lib/python3.12/site-packages/airflow/example_dags/example_dataset_alias.py
[2024-12-01T09:08:38.723+0000] {processor.py:914} INFO - Processing file /home/airflow/.local/lib/python3.12/site-packages/airflow/example_dags/example_dataset_alias.py for tasks to queue
[2024-12-01T09:08:38.725+0000] {logging_mixin.py:190} INFO - [2024-12-01T09:08:38.724+0000] {dagbag.py:588} INFO - Filling up the DagBag from /home/airflow/.local/lib/python3.12/site-packages/airflow/example_dags/example_dataset_alias.py
[2024-12-01T09:08:39.060+0000] {processor.py:925} INFO - DAG(s) 'dataset_alias_example_alias_producer', 'dataset_alias_example_alias_consumer', 'dataset_s3_bucket_producer', 'dataset_s3_bucket_consumer' retrieved from /home/airflow/.local/lib/python3.12/site-packages/airflow/example_dags/example_dataset_alias.py
[2024-12-01T09:08:39.070+0000] {logging_mixin.py:190} INFO - [2024-12-01T09:08:39.070+0000] {dag.py:3239} INFO - Sync 4 DAGs
[2024-12-01T09:08:39.082+0000] {logging_mixin.py:190} INFO - [2024-12-01T09:08:39.082+0000] {dag.py:4180} INFO - Setting next_dagrun for dataset_alias_example_alias_consumer to None, run_after=None
[2024-12-01T09:08:39.083+0000] {logging_mixin.py:190} INFO - [2024-12-01T09:08:39.083+0000] {dag.py:4180} INFO - Setting next_dagrun for dataset_alias_example_alias_producer to None, run_after=None
[2024-12-01T09:08:39.084+0000] {logging_mixin.py:190} INFO - [2024-12-01T09:08:39.084+0000] {dag.py:4180} INFO - Setting next_dagrun for dataset_s3_bucket_consumer to None, run_after=None
[2024-12-01T09:08:39.085+0000] {logging_mixin.py:190} INFO - [2024-12-01T09:08:39.085+0000] {dag.py:4180} INFO - Setting next_dagrun for dataset_s3_bucket_producer to None, run_after=None
[2024-12-01T09:08:39.105+0000] {processor.py:208} INFO - Processing /home/airflow/.local/lib/python3.12/site-packages/airflow/example_dags/example_dataset_alias.py took 0.397 seconds
[2024-12-01T09:09:09.161+0000] {processor.py:186} INFO - Started process (PID=2248) to work on /home/airflow/.local/lib/python3.12/site-packages/airflow/example_dags/example_dataset_alias.py
[2024-12-01T09:09:09.171+0000] {processor.py:914} INFO - Processing file /home/airflow/.local/lib/python3.12/site-packages/airflow/example_dags/example_dataset_alias.py for tasks to queue
[2024-12-01T09:09:09.173+0000] {logging_mixin.py:190} INFO - [2024-12-01T09:09:09.173+0000] {dagbag.py:588} INFO - Filling up the DagBag from /home/airflow/.local/lib/python3.12/site-packages/airflow/example_dags/example_dataset_alias.py
[2024-12-01T09:09:09.508+0000] {processor.py:925} INFO - DAG(s) 'dataset_s3_bucket_producer', 'dataset_s3_bucket_consumer', 'dataset_alias_example_alias_consumer', 'dataset_alias_example_alias_producer' retrieved from /home/airflow/.local/lib/python3.12/site-packages/airflow/example_dags/example_dataset_alias.py
[2024-12-01T09:09:09.522+0000] {logging_mixin.py:190} INFO - [2024-12-01T09:09:09.522+0000] {dag.py:3239} INFO - Sync 4 DAGs
[2024-12-01T09:09:09.533+0000] {logging_mixin.py:190} INFO - [2024-12-01T09:09:09.533+0000] {dag.py:4180} INFO - Setting next_dagrun for dataset_alias_example_alias_consumer to None, run_after=None
[2024-12-01T09:09:09.534+0000] {logging_mixin.py:190} INFO - [2024-12-01T09:09:09.534+0000] {dag.py:4180} INFO - Setting next_dagrun for dataset_alias_example_alias_producer to None, run_after=None
[2024-12-01T09:09:09.535+0000] {logging_mixin.py:190} INFO - [2024-12-01T09:09:09.535+0000] {dag.py:4180} INFO - Setting next_dagrun for dataset_s3_bucket_consumer to None, run_after=None
[2024-12-01T09:09:09.536+0000] {logging_mixin.py:190} INFO - [2024-12-01T09:09:09.536+0000] {dag.py:4180} INFO - Setting next_dagrun for dataset_s3_bucket_producer to None, run_after=None
[2024-12-01T09:09:09.548+0000] {processor.py:208} INFO - Processing /home/airflow/.local/lib/python3.12/site-packages/airflow/example_dags/example_dataset_alias.py took 0.391 seconds
[2024-12-01T09:09:40.127+0000] {processor.py:186} INFO - Started process (PID=2310) to work on /home/airflow/.local/lib/python3.12/site-packages/airflow/example_dags/example_dataset_alias.py
[2024-12-01T09:09:40.138+0000] {processor.py:914} INFO - Processing file /home/airflow/.local/lib/python3.12/site-packages/airflow/example_dags/example_dataset_alias.py for tasks to queue
[2024-12-01T09:09:40.139+0000] {logging_mixin.py:190} INFO - [2024-12-01T09:09:40.139+0000] {dagbag.py:588} INFO - Filling up the DagBag from /home/airflow/.local/lib/python3.12/site-packages/airflow/example_dags/example_dataset_alias.py
[2024-12-01T09:09:40.517+0000] {processor.py:925} INFO - DAG(s) 'dataset_alias_example_alias_consumer', 'dataset_s3_bucket_consumer', 'dataset_s3_bucket_producer', 'dataset_alias_example_alias_producer' retrieved from /home/airflow/.local/lib/python3.12/site-packages/airflow/example_dags/example_dataset_alias.py
[2024-12-01T09:09:40.528+0000] {logging_mixin.py:190} INFO - [2024-12-01T09:09:40.527+0000] {dag.py:3239} INFO - Sync 4 DAGs
[2024-12-01T09:09:40.539+0000] {logging_mixin.py:190} INFO - [2024-12-01T09:09:40.539+0000] {dag.py:4180} INFO - Setting next_dagrun for dataset_alias_example_alias_consumer to None, run_after=None
[2024-12-01T09:09:40.541+0000] {logging_mixin.py:190} INFO - [2024-12-01T09:09:40.541+0000] {dag.py:4180} INFO - Setting next_dagrun for dataset_alias_example_alias_producer to None, run_after=None
[2024-12-01T09:09:40.542+0000] {logging_mixin.py:190} INFO - [2024-12-01T09:09:40.542+0000] {dag.py:4180} INFO - Setting next_dagrun for dataset_s3_bucket_consumer to None, run_after=None
[2024-12-01T09:09:40.542+0000] {logging_mixin.py:190} INFO - [2024-12-01T09:09:40.542+0000] {dag.py:4180} INFO - Setting next_dagrun for dataset_s3_bucket_producer to None, run_after=None
[2024-12-01T09:09:40.565+0000] {processor.py:208} INFO - Processing /home/airflow/.local/lib/python3.12/site-packages/airflow/example_dags/example_dataset_alias.py took 0.442 seconds
[2024-12-01T09:10:10.835+0000] {processor.py:186} INFO - Started process (PID=2373) to work on /home/airflow/.local/lib/python3.12/site-packages/airflow/example_dags/example_dataset_alias.py
[2024-12-01T09:10:10.836+0000] {processor.py:914} INFO - Processing file /home/airflow/.local/lib/python3.12/site-packages/airflow/example_dags/example_dataset_alias.py for tasks to queue
[2024-12-01T09:10:10.838+0000] {logging_mixin.py:190} INFO - [2024-12-01T09:10:10.837+0000] {dagbag.py:588} INFO - Filling up the DagBag from /home/airflow/.local/lib/python3.12/site-packages/airflow/example_dags/example_dataset_alias.py
[2024-12-01T09:10:11.244+0000] {processor.py:925} INFO - DAG(s) 'dataset_alias_example_alias_producer', 'dataset_alias_example_alias_consumer', 'dataset_s3_bucket_consumer', 'dataset_s3_bucket_producer' retrieved from /home/airflow/.local/lib/python3.12/site-packages/airflow/example_dags/example_dataset_alias.py
[2024-12-01T09:10:11.263+0000] {logging_mixin.py:190} INFO - [2024-12-01T09:10:11.263+0000] {dag.py:3239} INFO - Sync 4 DAGs
[2024-12-01T09:10:11.281+0000] {logging_mixin.py:190} INFO - [2024-12-01T09:10:11.281+0000] {dag.py:4180} INFO - Setting next_dagrun for dataset_alias_example_alias_consumer to None, run_after=None
[2024-12-01T09:10:11.284+0000] {logging_mixin.py:190} INFO - [2024-12-01T09:10:11.284+0000] {dag.py:4180} INFO - Setting next_dagrun for dataset_alias_example_alias_producer to None, run_after=None
[2024-12-01T09:10:11.285+0000] {logging_mixin.py:190} INFO - [2024-12-01T09:10:11.285+0000] {dag.py:4180} INFO - Setting next_dagrun for dataset_s3_bucket_consumer to None, run_after=None
[2024-12-01T09:10:11.286+0000] {logging_mixin.py:190} INFO - [2024-12-01T09:10:11.286+0000] {dag.py:4180} INFO - Setting next_dagrun for dataset_s3_bucket_producer to None, run_after=None
[2024-12-01T09:10:11.306+0000] {processor.py:208} INFO - Processing /home/airflow/.local/lib/python3.12/site-packages/airflow/example_dags/example_dataset_alias.py took 0.475 seconds
[2024-12-01T09:10:41.811+0000] {processor.py:186} INFO - Started process (PID=2436) to work on /home/airflow/.local/lib/python3.12/site-packages/airflow/example_dags/example_dataset_alias.py
[2024-12-01T09:10:41.815+0000] {processor.py:914} INFO - Processing file /home/airflow/.local/lib/python3.12/site-packages/airflow/example_dags/example_dataset_alias.py for tasks to queue
[2024-12-01T09:10:41.817+0000] {logging_mixin.py:190} INFO - [2024-12-01T09:10:41.816+0000] {dagbag.py:588} INFO - Filling up the DagBag from /home/airflow/.local/lib/python3.12/site-packages/airflow/example_dags/example_dataset_alias.py
[2024-12-01T09:10:42.222+0000] {processor.py:925} INFO - DAG(s) 'dataset_alias_example_alias_producer', 'dataset_alias_example_alias_consumer', 'dataset_s3_bucket_consumer', 'dataset_s3_bucket_producer' retrieved from /home/airflow/.local/lib/python3.12/site-packages/airflow/example_dags/example_dataset_alias.py
[2024-12-01T09:10:42.238+0000] {logging_mixin.py:190} INFO - [2024-12-01T09:10:42.238+0000] {dag.py:3239} INFO - Sync 4 DAGs
[2024-12-01T09:10:42.255+0000] {logging_mixin.py:190} INFO - [2024-12-01T09:10:42.255+0000] {dag.py:4180} INFO - Setting next_dagrun for dataset_alias_example_alias_consumer to None, run_after=None
[2024-12-01T09:10:42.258+0000] {logging_mixin.py:190} INFO - [2024-12-01T09:10:42.257+0000] {dag.py:4180} INFO - Setting next_dagrun for dataset_alias_example_alias_producer to None, run_after=None
[2024-12-01T09:10:42.259+0000] {logging_mixin.py:190} INFO - [2024-12-01T09:10:42.259+0000] {dag.py:4180} INFO - Setting next_dagrun for dataset_s3_bucket_consumer to None, run_after=None
[2024-12-01T09:10:42.260+0000] {logging_mixin.py:190} INFO - [2024-12-01T09:10:42.260+0000] {dag.py:4180} INFO - Setting next_dagrun for dataset_s3_bucket_producer to None, run_after=None
[2024-12-01T09:10:42.277+0000] {processor.py:208} INFO - Processing /home/airflow/.local/lib/python3.12/site-packages/airflow/example_dags/example_dataset_alias.py took 0.470 seconds
[2024-12-01T09:11:13.065+0000] {processor.py:186} INFO - Started process (PID=2505) to work on /home/airflow/.local/lib/python3.12/site-packages/airflow/example_dags/example_dataset_alias.py
[2024-12-01T09:11:13.072+0000] {processor.py:914} INFO - Processing file /home/airflow/.local/lib/python3.12/site-packages/airflow/example_dags/example_dataset_alias.py for tasks to queue
[2024-12-01T09:11:13.081+0000] {logging_mixin.py:190} INFO - [2024-12-01T09:11:13.079+0000] {dagbag.py:588} INFO - Filling up the DagBag from /home/airflow/.local/lib/python3.12/site-packages/airflow/example_dags/example_dataset_alias.py
[2024-12-01T09:11:13.413+0000] {processor.py:925} INFO - DAG(s) 'dataset_alias_example_alias_producer', 'dataset_s3_bucket_producer', 'dataset_alias_example_alias_consumer', 'dataset_s3_bucket_consumer' retrieved from /home/airflow/.local/lib/python3.12/site-packages/airflow/example_dags/example_dataset_alias.py
[2024-12-01T09:11:13.429+0000] {logging_mixin.py:190} INFO - [2024-12-01T09:11:13.428+0000] {dag.py:3239} INFO - Sync 4 DAGs
[2024-12-01T09:11:13.471+0000] {logging_mixin.py:190} INFO - [2024-12-01T09:11:13.470+0000] {dag.py:4180} INFO - Setting next_dagrun for dataset_alias_example_alias_consumer to None, run_after=None
[2024-12-01T09:11:13.472+0000] {logging_mixin.py:190} INFO - [2024-12-01T09:11:13.472+0000] {dag.py:4180} INFO - Setting next_dagrun for dataset_alias_example_alias_producer to None, run_after=None
[2024-12-01T09:11:13.474+0000] {logging_mixin.py:190} INFO - [2024-12-01T09:11:13.473+0000] {dag.py:4180} INFO - Setting next_dagrun for dataset_s3_bucket_consumer to None, run_after=None
[2024-12-01T09:11:13.475+0000] {logging_mixin.py:190} INFO - [2024-12-01T09:11:13.474+0000] {dag.py:4180} INFO - Setting next_dagrun for dataset_s3_bucket_producer to None, run_after=None
[2024-12-01T09:11:13.500+0000] {processor.py:208} INFO - Processing /home/airflow/.local/lib/python3.12/site-packages/airflow/example_dags/example_dataset_alias.py took 0.437 seconds
[2024-12-01T09:11:43.551+0000] {processor.py:186} INFO - Started process (PID=2568) to work on /home/airflow/.local/lib/python3.12/site-packages/airflow/example_dags/example_dataset_alias.py
[2024-12-01T09:11:43.552+0000] {processor.py:914} INFO - Processing file /home/airflow/.local/lib/python3.12/site-packages/airflow/example_dags/example_dataset_alias.py for tasks to queue
[2024-12-01T09:11:43.553+0000] {logging_mixin.py:190} INFO - [2024-12-01T09:11:43.553+0000] {dagbag.py:588} INFO - Filling up the DagBag from /home/airflow/.local/lib/python3.12/site-packages/airflow/example_dags/example_dataset_alias.py
[2024-12-01T09:11:43.963+0000] {processor.py:925} INFO - DAG(s) 'dataset_s3_bucket_consumer', 'dataset_alias_example_alias_producer', 'dataset_alias_example_alias_consumer', 'dataset_s3_bucket_producer' retrieved from /home/airflow/.local/lib/python3.12/site-packages/airflow/example_dags/example_dataset_alias.py
[2024-12-01T09:11:43.984+0000] {logging_mixin.py:190} INFO - [2024-12-01T09:11:43.983+0000] {dag.py:3239} INFO - Sync 4 DAGs
[2024-12-01T09:11:44.000+0000] {logging_mixin.py:190} INFO - [2024-12-01T09:11:43.999+0000] {dag.py:4180} INFO - Setting next_dagrun for dataset_alias_example_alias_consumer to None, run_after=None
[2024-12-01T09:11:44.001+0000] {logging_mixin.py:190} INFO - [2024-12-01T09:11:44.001+0000] {dag.py:4180} INFO - Setting next_dagrun for dataset_alias_example_alias_producer to None, run_after=None
[2024-12-01T09:11:44.002+0000] {logging_mixin.py:190} INFO - [2024-12-01T09:11:44.002+0000] {dag.py:4180} INFO - Setting next_dagrun for dataset_s3_bucket_consumer to None, run_after=None
[2024-12-01T09:11:44.003+0000] {logging_mixin.py:190} INFO - [2024-12-01T09:11:44.003+0000] {dag.py:4180} INFO - Setting next_dagrun for dataset_s3_bucket_producer to None, run_after=None
[2024-12-01T09:11:44.019+0000] {processor.py:208} INFO - Processing /home/airflow/.local/lib/python3.12/site-packages/airflow/example_dags/example_dataset_alias.py took 0.473 seconds
