[2024-12-01T08:51:40.965+0000] {processor.py:186} INFO - Started process (PID=101) to work on /home/airflow/.local/lib/python3.12/site-packages/airflow/example_dags/example_dataset_alias_with_no_taskflow.py
[2024-12-01T08:51:40.965+0000] {processor.py:914} INFO - Processing file /home/airflow/.local/lib/python3.12/site-packages/airflow/example_dags/example_dataset_alias_with_no_taskflow.py for tasks to queue
[2024-12-01T08:51:40.966+0000] {logging_mixin.py:190} INFO - [2024-12-01T08:51:40.966+0000] {dagbag.py:588} INFO - Filling up the DagBag from /home/airflow/.local/lib/python3.12/site-packages/airflow/example_dags/example_dataset_alias_with_no_taskflow.py
[2024-12-01T08:51:41.339+0000] {processor.py:925} INFO - DAG(s) 'dataset_s3_bucket_producer_with_no_taskflow', 'dataset_s3_bucket_consumer_with_no_taskflow', 'dataset_alias_example_alias_consumer_with_no_taskflow', 'dataset_alias_example_alias_producer_with_no_taskflow' retrieved from /home/airflow/.local/lib/python3.12/site-packages/airflow/example_dags/example_dataset_alias_with_no_taskflow.py
[2024-12-01T08:51:41.397+0000] {logging_mixin.py:190} INFO - [2024-12-01T08:51:41.396+0000] {override.py:1911} INFO - Created Permission View: can edit on DAG:dataset_s3_bucket_producer_with_no_taskflow
[2024-12-01T08:51:41.405+0000] {logging_mixin.py:190} INFO - [2024-12-01T08:51:41.405+0000] {override.py:1911} INFO - Created Permission View: can read on DAG:dataset_s3_bucket_producer_with_no_taskflow
[2024-12-01T08:51:41.413+0000] {logging_mixin.py:190} INFO - [2024-12-01T08:51:41.413+0000] {override.py:1911} INFO - Created Permission View: can delete on DAG:dataset_s3_bucket_producer_with_no_taskflow
[2024-12-01T08:51:41.417+0000] {logging_mixin.py:190} INFO - [2024-12-01T08:51:41.417+0000] {override.py:1911} INFO - Created Permission View: can create on DAG Run:dataset_s3_bucket_producer_with_no_taskflow
[2024-12-01T08:51:41.422+0000] {logging_mixin.py:190} INFO - [2024-12-01T08:51:41.422+0000] {override.py:1911} INFO - Created Permission View: menu access on DAG Run:dataset_s3_bucket_producer_with_no_taskflow
[2024-12-01T08:51:41.425+0000] {logging_mixin.py:190} INFO - [2024-12-01T08:51:41.425+0000] {override.py:1911} INFO - Created Permission View: can read on DAG Run:dataset_s3_bucket_producer_with_no_taskflow
[2024-12-01T08:51:41.428+0000] {logging_mixin.py:190} INFO - [2024-12-01T08:51:41.428+0000] {override.py:1911} INFO - Created Permission View: can delete on DAG Run:dataset_s3_bucket_producer_with_no_taskflow
[2024-12-01T08:51:41.433+0000] {logging_mixin.py:190} INFO - [2024-12-01T08:51:41.433+0000] {override.py:1911} INFO - Created Permission View: can edit on DAG:dataset_s3_bucket_consumer_with_no_taskflow
[2024-12-01T08:51:41.436+0000] {logging_mixin.py:190} INFO - [2024-12-01T08:51:41.436+0000] {override.py:1911} INFO - Created Permission View: can read on DAG:dataset_s3_bucket_consumer_with_no_taskflow
[2024-12-01T08:51:41.439+0000] {logging_mixin.py:190} INFO - [2024-12-01T08:51:41.438+0000] {override.py:1911} INFO - Created Permission View: can delete on DAG:dataset_s3_bucket_consumer_with_no_taskflow
[2024-12-01T08:51:41.441+0000] {logging_mixin.py:190} INFO - [2024-12-01T08:51:41.441+0000] {override.py:1911} INFO - Created Permission View: can create on DAG Run:dataset_s3_bucket_consumer_with_no_taskflow
[2024-12-01T08:51:41.444+0000] {logging_mixin.py:190} INFO - [2024-12-01T08:51:41.444+0000] {override.py:1911} INFO - Created Permission View: menu access on DAG Run:dataset_s3_bucket_consumer_with_no_taskflow
[2024-12-01T08:51:41.447+0000] {logging_mixin.py:190} INFO - [2024-12-01T08:51:41.447+0000] {override.py:1911} INFO - Created Permission View: can read on DAG Run:dataset_s3_bucket_consumer_with_no_taskflow
[2024-12-01T08:51:41.449+0000] {logging_mixin.py:190} INFO - [2024-12-01T08:51:41.449+0000] {override.py:1911} INFO - Created Permission View: can delete on DAG Run:dataset_s3_bucket_consumer_with_no_taskflow
[2024-12-01T08:51:41.456+0000] {logging_mixin.py:190} INFO - [2024-12-01T08:51:41.456+0000] {override.py:1911} INFO - Created Permission View: can edit on DAG:dataset_alias_example_alias_consumer_with_no_taskflow
[2024-12-01T08:51:41.459+0000] {logging_mixin.py:190} INFO - [2024-12-01T08:51:41.459+0000] {override.py:1911} INFO - Created Permission View: can read on DAG:dataset_alias_example_alias_consumer_with_no_taskflow
[2024-12-01T08:51:41.462+0000] {logging_mixin.py:190} INFO - [2024-12-01T08:51:41.462+0000] {override.py:1911} INFO - Created Permission View: can delete on DAG:dataset_alias_example_alias_consumer_with_no_taskflow
[2024-12-01T08:51:41.466+0000] {logging_mixin.py:190} INFO - [2024-12-01T08:51:41.466+0000] {override.py:1911} INFO - Created Permission View: can create on DAG Run:dataset_alias_example_alias_consumer_with_no_taskflow
[2024-12-01T08:51:41.471+0000] {logging_mixin.py:190} INFO - [2024-12-01T08:51:41.471+0000] {override.py:1911} INFO - Created Permission View: menu access on DAG Run:dataset_alias_example_alias_consumer_with_no_taskflow
[2024-12-01T08:51:41.475+0000] {logging_mixin.py:190} INFO - [2024-12-01T08:51:41.475+0000] {override.py:1911} INFO - Created Permission View: can read on DAG Run:dataset_alias_example_alias_consumer_with_no_taskflow
[2024-12-01T08:51:41.479+0000] {logging_mixin.py:190} INFO - [2024-12-01T08:51:41.479+0000] {override.py:1911} INFO - Created Permission View: can delete on DAG Run:dataset_alias_example_alias_consumer_with_no_taskflow
[2024-12-01T08:51:41.489+0000] {logging_mixin.py:190} INFO - [2024-12-01T08:51:41.489+0000] {override.py:1911} INFO - Created Permission View: can edit on DAG:dataset_alias_example_alias_producer_with_no_taskflow
[2024-12-01T08:51:41.494+0000] {logging_mixin.py:190} INFO - [2024-12-01T08:51:41.494+0000] {override.py:1911} INFO - Created Permission View: can read on DAG:dataset_alias_example_alias_producer_with_no_taskflow
[2024-12-01T08:51:41.499+0000] {logging_mixin.py:190} INFO - [2024-12-01T08:51:41.498+0000] {override.py:1911} INFO - Created Permission View: can delete on DAG:dataset_alias_example_alias_producer_with_no_taskflow
[2024-12-01T08:51:41.503+0000] {logging_mixin.py:190} INFO - [2024-12-01T08:51:41.503+0000] {override.py:1911} INFO - Created Permission View: can create on DAG Run:dataset_alias_example_alias_producer_with_no_taskflow
[2024-12-01T08:51:41.507+0000] {logging_mixin.py:190} INFO - [2024-12-01T08:51:41.507+0000] {override.py:1911} INFO - Created Permission View: menu access on DAG Run:dataset_alias_example_alias_producer_with_no_taskflow
[2024-12-01T08:51:41.511+0000] {logging_mixin.py:190} INFO - [2024-12-01T08:51:41.511+0000] {override.py:1911} INFO - Created Permission View: can read on DAG Run:dataset_alias_example_alias_producer_with_no_taskflow
[2024-12-01T08:51:41.515+0000] {logging_mixin.py:190} INFO - [2024-12-01T08:51:41.515+0000] {override.py:1911} INFO - Created Permission View: can delete on DAG Run:dataset_alias_example_alias_producer_with_no_taskflow
[2024-12-01T08:51:41.515+0000] {logging_mixin.py:190} INFO - [2024-12-01T08:51:41.515+0000] {dag.py:3239} INFO - Sync 4 DAGs
[2024-12-01T08:51:41.523+0000] {logging_mixin.py:190} INFO - [2024-12-01T08:51:41.523+0000] {dag.py:3262} INFO - Creating ORM DAG for dataset_alias_example_alias_consumer_with_no_taskflow
[2024-12-01T08:51:41.524+0000] {logging_mixin.py:190} INFO - [2024-12-01T08:51:41.524+0000] {dag.py:3262} INFO - Creating ORM DAG for dataset_s3_bucket_consumer_with_no_taskflow
[2024-12-01T08:51:41.524+0000] {logging_mixin.py:190} INFO - [2024-12-01T08:51:41.524+0000] {dag.py:3262} INFO - Creating ORM DAG for dataset_s3_bucket_producer_with_no_taskflow
[2024-12-01T08:51:41.524+0000] {logging_mixin.py:190} INFO - [2024-12-01T08:51:41.524+0000] {dag.py:3262} INFO - Creating ORM DAG for dataset_alias_example_alias_producer_with_no_taskflow
[2024-12-01T08:51:41.531+0000] {logging_mixin.py:190} INFO - [2024-12-01T08:51:41.531+0000] {dag.py:4180} INFO - Setting next_dagrun for dataset_alias_example_alias_consumer_with_no_taskflow to None, run_after=None
[2024-12-01T08:51:41.531+0000] {logging_mixin.py:190} INFO - [2024-12-01T08:51:41.531+0000] {dag.py:4180} INFO - Setting next_dagrun for dataset_alias_example_alias_producer_with_no_taskflow to None, run_after=None
[2024-12-01T08:51:41.532+0000] {logging_mixin.py:190} INFO - [2024-12-01T08:51:41.531+0000] {dag.py:4180} INFO - Setting next_dagrun for dataset_s3_bucket_consumer_with_no_taskflow to None, run_after=None
[2024-12-01T08:51:41.532+0000] {logging_mixin.py:190} INFO - [2024-12-01T08:51:41.532+0000] {dag.py:4180} INFO - Setting next_dagrun for dataset_s3_bucket_producer_with_no_taskflow to None, run_after=None
[2024-12-01T08:51:41.549+0000] {processor.py:208} INFO - Processing /home/airflow/.local/lib/python3.12/site-packages/airflow/example_dags/example_dataset_alias_with_no_taskflow.py took 0.587 seconds
[2024-12-01T08:52:11.577+0000] {processor.py:186} INFO - Started process (PID=164) to work on /home/airflow/.local/lib/python3.12/site-packages/airflow/example_dags/example_dataset_alias_with_no_taskflow.py
[2024-12-01T08:52:11.577+0000] {processor.py:914} INFO - Processing file /home/airflow/.local/lib/python3.12/site-packages/airflow/example_dags/example_dataset_alias_with_no_taskflow.py for tasks to queue
[2024-12-01T08:52:11.578+0000] {logging_mixin.py:190} INFO - [2024-12-01T08:52:11.578+0000] {dagbag.py:588} INFO - Filling up the DagBag from /home/airflow/.local/lib/python3.12/site-packages/airflow/example_dags/example_dataset_alias_with_no_taskflow.py
[2024-12-01T08:52:11.920+0000] {processor.py:925} INFO - DAG(s) 'dataset_s3_bucket_producer_with_no_taskflow', 'dataset_s3_bucket_consumer_with_no_taskflow', 'dataset_alias_example_alias_producer_with_no_taskflow', 'dataset_alias_example_alias_consumer_with_no_taskflow' retrieved from /home/airflow/.local/lib/python3.12/site-packages/airflow/example_dags/example_dataset_alias_with_no_taskflow.py
[2024-12-01T08:52:11.932+0000] {logging_mixin.py:190} INFO - [2024-12-01T08:52:11.932+0000] {dag.py:3239} INFO - Sync 4 DAGs
[2024-12-01T08:52:11.944+0000] {logging_mixin.py:190} INFO - [2024-12-01T08:52:11.944+0000] {dag.py:4180} INFO - Setting next_dagrun for dataset_alias_example_alias_consumer_with_no_taskflow to None, run_after=None
[2024-12-01T08:52:11.945+0000] {logging_mixin.py:190} INFO - [2024-12-01T08:52:11.945+0000] {dag.py:4180} INFO - Setting next_dagrun for dataset_alias_example_alias_producer_with_no_taskflow to None, run_after=None
[2024-12-01T08:52:11.946+0000] {logging_mixin.py:190} INFO - [2024-12-01T08:52:11.946+0000] {dag.py:4180} INFO - Setting next_dagrun for dataset_s3_bucket_consumer_with_no_taskflow to None, run_after=None
[2024-12-01T08:52:11.947+0000] {logging_mixin.py:190} INFO - [2024-12-01T08:52:11.947+0000] {dag.py:4180} INFO - Setting next_dagrun for dataset_s3_bucket_producer_with_no_taskflow to None, run_after=None
[2024-12-01T08:52:11.970+0000] {processor.py:208} INFO - Processing /home/airflow/.local/lib/python3.12/site-packages/airflow/example_dags/example_dataset_alias_with_no_taskflow.py took 0.397 seconds
[2024-12-01T08:52:42.309+0000] {processor.py:186} INFO - Started process (PID=227) to work on /home/airflow/.local/lib/python3.12/site-packages/airflow/example_dags/example_dataset_alias_with_no_taskflow.py
[2024-12-01T08:52:42.310+0000] {processor.py:914} INFO - Processing file /home/airflow/.local/lib/python3.12/site-packages/airflow/example_dags/example_dataset_alias_with_no_taskflow.py for tasks to queue
[2024-12-01T08:52:42.312+0000] {logging_mixin.py:190} INFO - [2024-12-01T08:52:42.311+0000] {dagbag.py:588} INFO - Filling up the DagBag from /home/airflow/.local/lib/python3.12/site-packages/airflow/example_dags/example_dataset_alias_with_no_taskflow.py
[2024-12-01T08:52:42.680+0000] {processor.py:925} INFO - DAG(s) 'dataset_alias_example_alias_producer_with_no_taskflow', 'dataset_s3_bucket_consumer_with_no_taskflow', 'dataset_alias_example_alias_consumer_with_no_taskflow', 'dataset_s3_bucket_producer_with_no_taskflow' retrieved from /home/airflow/.local/lib/python3.12/site-packages/airflow/example_dags/example_dataset_alias_with_no_taskflow.py
[2024-12-01T08:52:42.693+0000] {logging_mixin.py:190} INFO - [2024-12-01T08:52:42.692+0000] {dag.py:3239} INFO - Sync 4 DAGs
[2024-12-01T08:52:42.707+0000] {logging_mixin.py:190} INFO - [2024-12-01T08:52:42.706+0000] {dag.py:4180} INFO - Setting next_dagrun for dataset_alias_example_alias_consumer_with_no_taskflow to None, run_after=None
[2024-12-01T08:52:42.708+0000] {logging_mixin.py:190} INFO - [2024-12-01T08:52:42.708+0000] {dag.py:4180} INFO - Setting next_dagrun for dataset_alias_example_alias_producer_with_no_taskflow to None, run_after=None
[2024-12-01T08:52:42.709+0000] {logging_mixin.py:190} INFO - [2024-12-01T08:52:42.709+0000] {dag.py:4180} INFO - Setting next_dagrun for dataset_s3_bucket_consumer_with_no_taskflow to None, run_after=None
[2024-12-01T08:52:42.710+0000] {logging_mixin.py:190} INFO - [2024-12-01T08:52:42.710+0000] {dag.py:4180} INFO - Setting next_dagrun for dataset_s3_bucket_producer_with_no_taskflow to None, run_after=None
[2024-12-01T08:52:42.725+0000] {processor.py:208} INFO - Processing /home/airflow/.local/lib/python3.12/site-packages/airflow/example_dags/example_dataset_alias_with_no_taskflow.py took 0.421 seconds
[2024-12-01T08:53:12.846+0000] {processor.py:186} INFO - Started process (PID=293) to work on /home/airflow/.local/lib/python3.12/site-packages/airflow/example_dags/example_dataset_alias_with_no_taskflow.py
[2024-12-01T08:53:12.847+0000] {processor.py:914} INFO - Processing file /home/airflow/.local/lib/python3.12/site-packages/airflow/example_dags/example_dataset_alias_with_no_taskflow.py for tasks to queue
[2024-12-01T08:53:12.848+0000] {logging_mixin.py:190} INFO - [2024-12-01T08:53:12.848+0000] {dagbag.py:588} INFO - Filling up the DagBag from /home/airflow/.local/lib/python3.12/site-packages/airflow/example_dags/example_dataset_alias_with_no_taskflow.py
[2024-12-01T08:53:13.207+0000] {processor.py:925} INFO - DAG(s) 'dataset_s3_bucket_producer_with_no_taskflow', 'dataset_alias_example_alias_producer_with_no_taskflow', 'dataset_alias_example_alias_consumer_with_no_taskflow', 'dataset_s3_bucket_consumer_with_no_taskflow' retrieved from /home/airflow/.local/lib/python3.12/site-packages/airflow/example_dags/example_dataset_alias_with_no_taskflow.py
[2024-12-01T08:53:13.223+0000] {logging_mixin.py:190} INFO - [2024-12-01T08:53:13.222+0000] {dag.py:3239} INFO - Sync 4 DAGs
[2024-12-01T08:53:13.237+0000] {logging_mixin.py:190} INFO - [2024-12-01T08:53:13.237+0000] {dag.py:4180} INFO - Setting next_dagrun for dataset_alias_example_alias_consumer_with_no_taskflow to None, run_after=None
[2024-12-01T08:53:13.239+0000] {logging_mixin.py:190} INFO - [2024-12-01T08:53:13.239+0000] {dag.py:4180} INFO - Setting next_dagrun for dataset_alias_example_alias_producer_with_no_taskflow to None, run_after=None
[2024-12-01T08:53:13.240+0000] {logging_mixin.py:190} INFO - [2024-12-01T08:53:13.240+0000] {dag.py:4180} INFO - Setting next_dagrun for dataset_s3_bucket_consumer_with_no_taskflow to None, run_after=None
[2024-12-01T08:53:13.241+0000] {logging_mixin.py:190} INFO - [2024-12-01T08:53:13.241+0000] {dag.py:4180} INFO - Setting next_dagrun for dataset_s3_bucket_producer_with_no_taskflow to None, run_after=None
[2024-12-01T08:53:13.257+0000] {processor.py:208} INFO - Processing /home/airflow/.local/lib/python3.12/site-packages/airflow/example_dags/example_dataset_alias_with_no_taskflow.py took 0.414 seconds
[2024-12-01T08:53:43.932+0000] {processor.py:186} INFO - Started process (PID=356) to work on /home/airflow/.local/lib/python3.12/site-packages/airflow/example_dags/example_dataset_alias_with_no_taskflow.py
[2024-12-01T08:53:43.940+0000] {processor.py:914} INFO - Processing file /home/airflow/.local/lib/python3.12/site-packages/airflow/example_dags/example_dataset_alias_with_no_taskflow.py for tasks to queue
[2024-12-01T08:53:43.942+0000] {logging_mixin.py:190} INFO - [2024-12-01T08:53:43.942+0000] {dagbag.py:588} INFO - Filling up the DagBag from /home/airflow/.local/lib/python3.12/site-packages/airflow/example_dags/example_dataset_alias_with_no_taskflow.py
[2024-12-01T08:53:44.302+0000] {processor.py:925} INFO - DAG(s) 'dataset_s3_bucket_producer_with_no_taskflow', 'dataset_alias_example_alias_producer_with_no_taskflow', 'dataset_alias_example_alias_consumer_with_no_taskflow', 'dataset_s3_bucket_consumer_with_no_taskflow' retrieved from /home/airflow/.local/lib/python3.12/site-packages/airflow/example_dags/example_dataset_alias_with_no_taskflow.py
[2024-12-01T08:53:44.320+0000] {logging_mixin.py:190} INFO - [2024-12-01T08:53:44.319+0000] {dag.py:3239} INFO - Sync 4 DAGs
[2024-12-01T08:53:44.337+0000] {logging_mixin.py:190} INFO - [2024-12-01T08:53:44.337+0000] {dag.py:4180} INFO - Setting next_dagrun for dataset_alias_example_alias_consumer_with_no_taskflow to None, run_after=None
[2024-12-01T08:53:44.339+0000] {logging_mixin.py:190} INFO - [2024-12-01T08:53:44.339+0000] {dag.py:4180} INFO - Setting next_dagrun for dataset_alias_example_alias_producer_with_no_taskflow to None, run_after=None
[2024-12-01T08:53:44.340+0000] {logging_mixin.py:190} INFO - [2024-12-01T08:53:44.340+0000] {dag.py:4180} INFO - Setting next_dagrun for dataset_s3_bucket_consumer_with_no_taskflow to None, run_after=None
[2024-12-01T08:53:44.342+0000] {logging_mixin.py:190} INFO - [2024-12-01T08:53:44.341+0000] {dag.py:4180} INFO - Setting next_dagrun for dataset_s3_bucket_producer_with_no_taskflow to None, run_after=None
[2024-12-01T08:53:44.354+0000] {processor.py:208} INFO - Processing /home/airflow/.local/lib/python3.12/site-packages/airflow/example_dags/example_dataset_alias_with_no_taskflow.py took 0.426 seconds
[2024-12-01T08:54:15.230+0000] {processor.py:186} INFO - Started process (PID=419) to work on /home/airflow/.local/lib/python3.12/site-packages/airflow/example_dags/example_dataset_alias_with_no_taskflow.py
[2024-12-01T08:54:15.236+0000] {processor.py:914} INFO - Processing file /home/airflow/.local/lib/python3.12/site-packages/airflow/example_dags/example_dataset_alias_with_no_taskflow.py for tasks to queue
[2024-12-01T08:54:15.238+0000] {logging_mixin.py:190} INFO - [2024-12-01T08:54:15.238+0000] {dagbag.py:588} INFO - Filling up the DagBag from /home/airflow/.local/lib/python3.12/site-packages/airflow/example_dags/example_dataset_alias_with_no_taskflow.py
[2024-12-01T08:54:15.661+0000] {processor.py:925} INFO - DAG(s) 'dataset_alias_example_alias_consumer_with_no_taskflow', 'dataset_alias_example_alias_producer_with_no_taskflow', 'dataset_s3_bucket_consumer_with_no_taskflow', 'dataset_s3_bucket_producer_with_no_taskflow' retrieved from /home/airflow/.local/lib/python3.12/site-packages/airflow/example_dags/example_dataset_alias_with_no_taskflow.py
[2024-12-01T08:54:15.681+0000] {logging_mixin.py:190} INFO - [2024-12-01T08:54:15.681+0000] {dag.py:3239} INFO - Sync 4 DAGs
[2024-12-01T08:54:15.697+0000] {logging_mixin.py:190} INFO - [2024-12-01T08:54:15.697+0000] {dag.py:4180} INFO - Setting next_dagrun for dataset_alias_example_alias_consumer_with_no_taskflow to None, run_after=None
[2024-12-01T08:54:15.699+0000] {logging_mixin.py:190} INFO - [2024-12-01T08:54:15.699+0000] {dag.py:4180} INFO - Setting next_dagrun for dataset_alias_example_alias_producer_with_no_taskflow to None, run_after=None
[2024-12-01T08:54:15.700+0000] {logging_mixin.py:190} INFO - [2024-12-01T08:54:15.700+0000] {dag.py:4180} INFO - Setting next_dagrun for dataset_s3_bucket_consumer_with_no_taskflow to None, run_after=None
[2024-12-01T08:54:15.701+0000] {logging_mixin.py:190} INFO - [2024-12-01T08:54:15.701+0000] {dag.py:4180} INFO - Setting next_dagrun for dataset_s3_bucket_producer_with_no_taskflow to None, run_after=None
[2024-12-01T08:54:15.718+0000] {processor.py:208} INFO - Processing /home/airflow/.local/lib/python3.12/site-packages/airflow/example_dags/example_dataset_alias_with_no_taskflow.py took 0.491 seconds
[2024-12-01T08:54:46.510+0000] {processor.py:186} INFO - Started process (PID=482) to work on /home/airflow/.local/lib/python3.12/site-packages/airflow/example_dags/example_dataset_alias_with_no_taskflow.py
[2024-12-01T08:54:46.511+0000] {processor.py:914} INFO - Processing file /home/airflow/.local/lib/python3.12/site-packages/airflow/example_dags/example_dataset_alias_with_no_taskflow.py for tasks to queue
[2024-12-01T08:54:46.513+0000] {logging_mixin.py:190} INFO - [2024-12-01T08:54:46.512+0000] {dagbag.py:588} INFO - Filling up the DagBag from /home/airflow/.local/lib/python3.12/site-packages/airflow/example_dags/example_dataset_alias_with_no_taskflow.py
[2024-12-01T08:54:46.969+0000] {processor.py:925} INFO - DAG(s) 'dataset_s3_bucket_consumer_with_no_taskflow', 'dataset_alias_example_alias_producer_with_no_taskflow', 'dataset_s3_bucket_producer_with_no_taskflow', 'dataset_alias_example_alias_consumer_with_no_taskflow' retrieved from /home/airflow/.local/lib/python3.12/site-packages/airflow/example_dags/example_dataset_alias_with_no_taskflow.py
[2024-12-01T08:54:46.988+0000] {logging_mixin.py:190} INFO - [2024-12-01T08:54:46.987+0000] {dag.py:3239} INFO - Sync 4 DAGs
[2024-12-01T08:54:47.005+0000] {logging_mixin.py:190} INFO - [2024-12-01T08:54:47.005+0000] {dag.py:4180} INFO - Setting next_dagrun for dataset_alias_example_alias_consumer_with_no_taskflow to None, run_after=None
[2024-12-01T08:54:47.007+0000] {logging_mixin.py:190} INFO - [2024-12-01T08:54:47.007+0000] {dag.py:4180} INFO - Setting next_dagrun for dataset_alias_example_alias_producer_with_no_taskflow to None, run_after=None
[2024-12-01T08:54:47.008+0000] {logging_mixin.py:190} INFO - [2024-12-01T08:54:47.008+0000] {dag.py:4180} INFO - Setting next_dagrun for dataset_s3_bucket_consumer_with_no_taskflow to None, run_after=None
[2024-12-01T08:54:47.009+0000] {logging_mixin.py:190} INFO - [2024-12-01T08:54:47.009+0000] {dag.py:4180} INFO - Setting next_dagrun for dataset_s3_bucket_producer_with_no_taskflow to None, run_after=None
[2024-12-01T08:54:47.022+0000] {processor.py:208} INFO - Processing /home/airflow/.local/lib/python3.12/site-packages/airflow/example_dags/example_dataset_alias_with_no_taskflow.py took 0.516 seconds
[2024-12-01T08:55:17.578+0000] {processor.py:186} INFO - Started process (PID=545) to work on /home/airflow/.local/lib/python3.12/site-packages/airflow/example_dags/example_dataset_alias_with_no_taskflow.py
[2024-12-01T08:55:17.584+0000] {processor.py:914} INFO - Processing file /home/airflow/.local/lib/python3.12/site-packages/airflow/example_dags/example_dataset_alias_with_no_taskflow.py for tasks to queue
[2024-12-01T08:55:17.585+0000] {logging_mixin.py:190} INFO - [2024-12-01T08:55:17.585+0000] {dagbag.py:588} INFO - Filling up the DagBag from /home/airflow/.local/lib/python3.12/site-packages/airflow/example_dags/example_dataset_alias_with_no_taskflow.py
[2024-12-01T08:55:17.973+0000] {processor.py:925} INFO - DAG(s) 'dataset_s3_bucket_producer_with_no_taskflow', 'dataset_s3_bucket_consumer_with_no_taskflow', 'dataset_alias_example_alias_consumer_with_no_taskflow', 'dataset_alias_example_alias_producer_with_no_taskflow' retrieved from /home/airflow/.local/lib/python3.12/site-packages/airflow/example_dags/example_dataset_alias_with_no_taskflow.py
[2024-12-01T08:55:17.990+0000] {logging_mixin.py:190} INFO - [2024-12-01T08:55:17.989+0000] {dag.py:3239} INFO - Sync 4 DAGs
[2024-12-01T08:55:18.004+0000] {logging_mixin.py:190} INFO - [2024-12-01T08:55:18.004+0000] {dag.py:4180} INFO - Setting next_dagrun for dataset_alias_example_alias_consumer_with_no_taskflow to None, run_after=None
[2024-12-01T08:55:18.006+0000] {logging_mixin.py:190} INFO - [2024-12-01T08:55:18.005+0000] {dag.py:4180} INFO - Setting next_dagrun for dataset_alias_example_alias_producer_with_no_taskflow to None, run_after=None
[2024-12-01T08:55:18.008+0000] {logging_mixin.py:190} INFO - [2024-12-01T08:55:18.007+0000] {dag.py:4180} INFO - Setting next_dagrun for dataset_s3_bucket_consumer_with_no_taskflow to None, run_after=None
[2024-12-01T08:55:18.008+0000] {logging_mixin.py:190} INFO - [2024-12-01T08:55:18.008+0000] {dag.py:4180} INFO - Setting next_dagrun for dataset_s3_bucket_producer_with_no_taskflow to None, run_after=None
[2024-12-01T08:55:18.023+0000] {processor.py:208} INFO - Processing /home/airflow/.local/lib/python3.12/site-packages/airflow/example_dags/example_dataset_alias_with_no_taskflow.py took 0.449 seconds
[2024-12-01T08:55:48.056+0000] {processor.py:186} INFO - Started process (PID=608) to work on /home/airflow/.local/lib/python3.12/site-packages/airflow/example_dags/example_dataset_alias_with_no_taskflow.py
[2024-12-01T08:55:48.063+0000] {processor.py:914} INFO - Processing file /home/airflow/.local/lib/python3.12/site-packages/airflow/example_dags/example_dataset_alias_with_no_taskflow.py for tasks to queue
[2024-12-01T08:55:48.065+0000] {logging_mixin.py:190} INFO - [2024-12-01T08:55:48.065+0000] {dagbag.py:588} INFO - Filling up the DagBag from /home/airflow/.local/lib/python3.12/site-packages/airflow/example_dags/example_dataset_alias_with_no_taskflow.py
[2024-12-01T08:55:48.394+0000] {processor.py:925} INFO - DAG(s) 'dataset_alias_example_alias_consumer_with_no_taskflow', 'dataset_s3_bucket_consumer_with_no_taskflow', 'dataset_s3_bucket_producer_with_no_taskflow', 'dataset_alias_example_alias_producer_with_no_taskflow' retrieved from /home/airflow/.local/lib/python3.12/site-packages/airflow/example_dags/example_dataset_alias_with_no_taskflow.py
[2024-12-01T08:55:48.412+0000] {logging_mixin.py:190} INFO - [2024-12-01T08:55:48.411+0000] {dag.py:3239} INFO - Sync 4 DAGs
[2024-12-01T08:55:48.427+0000] {logging_mixin.py:190} INFO - [2024-12-01T08:55:48.426+0000] {dag.py:4180} INFO - Setting next_dagrun for dataset_alias_example_alias_consumer_with_no_taskflow to None, run_after=None
[2024-12-01T08:55:48.428+0000] {logging_mixin.py:190} INFO - [2024-12-01T08:55:48.428+0000] {dag.py:4180} INFO - Setting next_dagrun for dataset_alias_example_alias_producer_with_no_taskflow to None, run_after=None
[2024-12-01T08:55:48.429+0000] {logging_mixin.py:190} INFO - [2024-12-01T08:55:48.429+0000] {dag.py:4180} INFO - Setting next_dagrun for dataset_s3_bucket_consumer_with_no_taskflow to None, run_after=None
[2024-12-01T08:55:48.430+0000] {logging_mixin.py:190} INFO - [2024-12-01T08:55:48.429+0000] {dag.py:4180} INFO - Setting next_dagrun for dataset_s3_bucket_producer_with_no_taskflow to None, run_after=None
[2024-12-01T08:55:48.442+0000] {processor.py:208} INFO - Processing /home/airflow/.local/lib/python3.12/site-packages/airflow/example_dags/example_dataset_alias_with_no_taskflow.py took 0.391 seconds
[2024-12-01T08:56:19.017+0000] {processor.py:186} INFO - Started process (PID=671) to work on /home/airflow/.local/lib/python3.12/site-packages/airflow/example_dags/example_dataset_alias_with_no_taskflow.py
[2024-12-01T08:56:19.025+0000] {processor.py:914} INFO - Processing file /home/airflow/.local/lib/python3.12/site-packages/airflow/example_dags/example_dataset_alias_with_no_taskflow.py for tasks to queue
[2024-12-01T08:56:19.026+0000] {logging_mixin.py:190} INFO - [2024-12-01T08:56:19.026+0000] {dagbag.py:588} INFO - Filling up the DagBag from /home/airflow/.local/lib/python3.12/site-packages/airflow/example_dags/example_dataset_alias_with_no_taskflow.py
[2024-12-01T08:56:19.350+0000] {processor.py:925} INFO - DAG(s) 'dataset_alias_example_alias_producer_with_no_taskflow', 'dataset_s3_bucket_consumer_with_no_taskflow', 'dataset_s3_bucket_producer_with_no_taskflow', 'dataset_alias_example_alias_consumer_with_no_taskflow' retrieved from /home/airflow/.local/lib/python3.12/site-packages/airflow/example_dags/example_dataset_alias_with_no_taskflow.py
[2024-12-01T08:56:19.361+0000] {logging_mixin.py:190} INFO - [2024-12-01T08:56:19.361+0000] {dag.py:3239} INFO - Sync 4 DAGs
[2024-12-01T08:56:19.373+0000] {logging_mixin.py:190} INFO - [2024-12-01T08:56:19.373+0000] {dag.py:4180} INFO - Setting next_dagrun for dataset_alias_example_alias_consumer_with_no_taskflow to None, run_after=None
[2024-12-01T08:56:19.374+0000] {logging_mixin.py:190} INFO - [2024-12-01T08:56:19.374+0000] {dag.py:4180} INFO - Setting next_dagrun for dataset_alias_example_alias_producer_with_no_taskflow to None, run_after=None
[2024-12-01T08:56:19.375+0000] {logging_mixin.py:190} INFO - [2024-12-01T08:56:19.375+0000] {dag.py:4180} INFO - Setting next_dagrun for dataset_s3_bucket_consumer_with_no_taskflow to None, run_after=None
[2024-12-01T08:56:19.376+0000] {logging_mixin.py:190} INFO - [2024-12-01T08:56:19.376+0000] {dag.py:4180} INFO - Setting next_dagrun for dataset_s3_bucket_producer_with_no_taskflow to None, run_after=None
[2024-12-01T08:56:19.387+0000] {processor.py:208} INFO - Processing /home/airflow/.local/lib/python3.12/site-packages/airflow/example_dags/example_dataset_alias_with_no_taskflow.py took 0.373 seconds
[2024-12-01T08:56:49.761+0000] {processor.py:186} INFO - Started process (PID=734) to work on /home/airflow/.local/lib/python3.12/site-packages/airflow/example_dags/example_dataset_alias_with_no_taskflow.py
[2024-12-01T08:56:49.767+0000] {processor.py:914} INFO - Processing file /home/airflow/.local/lib/python3.12/site-packages/airflow/example_dags/example_dataset_alias_with_no_taskflow.py for tasks to queue
[2024-12-01T08:56:49.769+0000] {logging_mixin.py:190} INFO - [2024-12-01T08:56:49.769+0000] {dagbag.py:588} INFO - Filling up the DagBag from /home/airflow/.local/lib/python3.12/site-packages/airflow/example_dags/example_dataset_alias_with_no_taskflow.py
[2024-12-01T08:56:50.099+0000] {processor.py:925} INFO - DAG(s) 'dataset_alias_example_alias_producer_with_no_taskflow', 'dataset_s3_bucket_producer_with_no_taskflow', 'dataset_s3_bucket_consumer_with_no_taskflow', 'dataset_alias_example_alias_consumer_with_no_taskflow' retrieved from /home/airflow/.local/lib/python3.12/site-packages/airflow/example_dags/example_dataset_alias_with_no_taskflow.py
[2024-12-01T08:56:50.109+0000] {logging_mixin.py:190} INFO - [2024-12-01T08:56:50.109+0000] {dag.py:3239} INFO - Sync 4 DAGs
[2024-12-01T08:56:50.121+0000] {logging_mixin.py:190} INFO - [2024-12-01T08:56:50.121+0000] {dag.py:4180} INFO - Setting next_dagrun for dataset_alias_example_alias_consumer_with_no_taskflow to None, run_after=None
[2024-12-01T08:56:50.122+0000] {logging_mixin.py:190} INFO - [2024-12-01T08:56:50.122+0000] {dag.py:4180} INFO - Setting next_dagrun for dataset_alias_example_alias_producer_with_no_taskflow to None, run_after=None
[2024-12-01T08:56:50.123+0000] {logging_mixin.py:190} INFO - [2024-12-01T08:56:50.123+0000] {dag.py:4180} INFO - Setting next_dagrun for dataset_s3_bucket_consumer_with_no_taskflow to None, run_after=None
[2024-12-01T08:56:50.124+0000] {logging_mixin.py:190} INFO - [2024-12-01T08:56:50.124+0000] {dag.py:4180} INFO - Setting next_dagrun for dataset_s3_bucket_producer_with_no_taskflow to None, run_after=None
[2024-12-01T08:56:50.135+0000] {processor.py:208} INFO - Processing /home/airflow/.local/lib/python3.12/site-packages/airflow/example_dags/example_dataset_alias_with_no_taskflow.py took 0.379 seconds
[2024-12-01T08:57:20.557+0000] {processor.py:186} INFO - Started process (PID=797) to work on /home/airflow/.local/lib/python3.12/site-packages/airflow/example_dags/example_dataset_alias_with_no_taskflow.py
[2024-12-01T08:57:20.563+0000] {processor.py:914} INFO - Processing file /home/airflow/.local/lib/python3.12/site-packages/airflow/example_dags/example_dataset_alias_with_no_taskflow.py for tasks to queue
[2024-12-01T08:57:20.564+0000] {logging_mixin.py:190} INFO - [2024-12-01T08:57:20.564+0000] {dagbag.py:588} INFO - Filling up the DagBag from /home/airflow/.local/lib/python3.12/site-packages/airflow/example_dags/example_dataset_alias_with_no_taskflow.py
[2024-12-01T08:57:20.934+0000] {processor.py:925} INFO - DAG(s) 'dataset_alias_example_alias_consumer_with_no_taskflow', 'dataset_alias_example_alias_producer_with_no_taskflow', 'dataset_s3_bucket_producer_with_no_taskflow', 'dataset_s3_bucket_consumer_with_no_taskflow' retrieved from /home/airflow/.local/lib/python3.12/site-packages/airflow/example_dags/example_dataset_alias_with_no_taskflow.py
[2024-12-01T08:57:20.945+0000] {logging_mixin.py:190} INFO - [2024-12-01T08:57:20.945+0000] {dag.py:3239} INFO - Sync 4 DAGs
[2024-12-01T08:57:20.958+0000] {logging_mixin.py:190} INFO - [2024-12-01T08:57:20.958+0000] {dag.py:4180} INFO - Setting next_dagrun for dataset_alias_example_alias_consumer_with_no_taskflow to None, run_after=None
[2024-12-01T08:57:20.959+0000] {logging_mixin.py:190} INFO - [2024-12-01T08:57:20.959+0000] {dag.py:4180} INFO - Setting next_dagrun for dataset_alias_example_alias_producer_with_no_taskflow to None, run_after=None
[2024-12-01T08:57:20.960+0000] {logging_mixin.py:190} INFO - [2024-12-01T08:57:20.960+0000] {dag.py:4180} INFO - Setting next_dagrun for dataset_s3_bucket_consumer_with_no_taskflow to None, run_after=None
[2024-12-01T08:57:20.961+0000] {logging_mixin.py:190} INFO - [2024-12-01T08:57:20.961+0000] {dag.py:4180} INFO - Setting next_dagrun for dataset_s3_bucket_producer_with_no_taskflow to None, run_after=None
[2024-12-01T08:57:20.977+0000] {processor.py:208} INFO - Processing /home/airflow/.local/lib/python3.12/site-packages/airflow/example_dags/example_dataset_alias_with_no_taskflow.py took 0.424 seconds
[2024-12-01T08:57:51.278+0000] {processor.py:186} INFO - Started process (PID=860) to work on /home/airflow/.local/lib/python3.12/site-packages/airflow/example_dags/example_dataset_alias_with_no_taskflow.py
[2024-12-01T08:57:51.287+0000] {processor.py:914} INFO - Processing file /home/airflow/.local/lib/python3.12/site-packages/airflow/example_dags/example_dataset_alias_with_no_taskflow.py for tasks to queue
[2024-12-01T08:57:51.288+0000] {logging_mixin.py:190} INFO - [2024-12-01T08:57:51.288+0000] {dagbag.py:588} INFO - Filling up the DagBag from /home/airflow/.local/lib/python3.12/site-packages/airflow/example_dags/example_dataset_alias_with_no_taskflow.py
[2024-12-01T08:57:51.607+0000] {processor.py:925} INFO - DAG(s) 'dataset_alias_example_alias_producer_with_no_taskflow', 'dataset_alias_example_alias_consumer_with_no_taskflow', 'dataset_s3_bucket_producer_with_no_taskflow', 'dataset_s3_bucket_consumer_with_no_taskflow' retrieved from /home/airflow/.local/lib/python3.12/site-packages/airflow/example_dags/example_dataset_alias_with_no_taskflow.py
[2024-12-01T08:57:51.616+0000] {logging_mixin.py:190} INFO - [2024-12-01T08:57:51.616+0000] {dag.py:3239} INFO - Sync 4 DAGs
[2024-12-01T08:57:51.628+0000] {logging_mixin.py:190} INFO - [2024-12-01T08:57:51.628+0000] {dag.py:4180} INFO - Setting next_dagrun for dataset_alias_example_alias_consumer_with_no_taskflow to None, run_after=None
[2024-12-01T08:57:51.630+0000] {logging_mixin.py:190} INFO - [2024-12-01T08:57:51.629+0000] {dag.py:4180} INFO - Setting next_dagrun for dataset_alias_example_alias_producer_with_no_taskflow to None, run_after=None
[2024-12-01T08:57:51.630+0000] {logging_mixin.py:190} INFO - [2024-12-01T08:57:51.630+0000] {dag.py:4180} INFO - Setting next_dagrun for dataset_s3_bucket_consumer_with_no_taskflow to None, run_after=None
[2024-12-01T08:57:51.631+0000] {logging_mixin.py:190} INFO - [2024-12-01T08:57:51.631+0000] {dag.py:4180} INFO - Setting next_dagrun for dataset_s3_bucket_producer_with_no_taskflow to None, run_after=None
[2024-12-01T08:57:51.655+0000] {processor.py:208} INFO - Processing /home/airflow/.local/lib/python3.12/site-packages/airflow/example_dags/example_dataset_alias_with_no_taskflow.py took 0.379 seconds
[2024-12-01T08:58:22.154+0000] {processor.py:186} INFO - Started process (PID=923) to work on /home/airflow/.local/lib/python3.12/site-packages/airflow/example_dags/example_dataset_alias_with_no_taskflow.py
[2024-12-01T08:58:22.162+0000] {processor.py:914} INFO - Processing file /home/airflow/.local/lib/python3.12/site-packages/airflow/example_dags/example_dataset_alias_with_no_taskflow.py for tasks to queue
[2024-12-01T08:58:22.164+0000] {logging_mixin.py:190} INFO - [2024-12-01T08:58:22.163+0000] {dagbag.py:588} INFO - Filling up the DagBag from /home/airflow/.local/lib/python3.12/site-packages/airflow/example_dags/example_dataset_alias_with_no_taskflow.py
[2024-12-01T08:58:22.485+0000] {processor.py:925} INFO - DAG(s) 'dataset_s3_bucket_consumer_with_no_taskflow', 'dataset_alias_example_alias_consumer_with_no_taskflow', 'dataset_s3_bucket_producer_with_no_taskflow', 'dataset_alias_example_alias_producer_with_no_taskflow' retrieved from /home/airflow/.local/lib/python3.12/site-packages/airflow/example_dags/example_dataset_alias_with_no_taskflow.py
[2024-12-01T08:58:22.496+0000] {logging_mixin.py:190} INFO - [2024-12-01T08:58:22.496+0000] {dag.py:3239} INFO - Sync 4 DAGs
[2024-12-01T08:58:22.508+0000] {logging_mixin.py:190} INFO - [2024-12-01T08:58:22.508+0000] {dag.py:4180} INFO - Setting next_dagrun for dataset_alias_example_alias_consumer_with_no_taskflow to None, run_after=None
[2024-12-01T08:58:22.509+0000] {logging_mixin.py:190} INFO - [2024-12-01T08:58:22.509+0000] {dag.py:4180} INFO - Setting next_dagrun for dataset_alias_example_alias_producer_with_no_taskflow to None, run_after=None
[2024-12-01T08:58:22.510+0000] {logging_mixin.py:190} INFO - [2024-12-01T08:58:22.510+0000] {dag.py:4180} INFO - Setting next_dagrun for dataset_s3_bucket_consumer_with_no_taskflow to None, run_after=None
[2024-12-01T08:58:22.510+0000] {logging_mixin.py:190} INFO - [2024-12-01T08:58:22.510+0000] {dag.py:4180} INFO - Setting next_dagrun for dataset_s3_bucket_producer_with_no_taskflow to None, run_after=None
[2024-12-01T08:58:22.532+0000] {processor.py:208} INFO - Processing /home/airflow/.local/lib/python3.12/site-packages/airflow/example_dags/example_dataset_alias_with_no_taskflow.py took 0.381 seconds
[2024-12-01T08:58:53.013+0000] {processor.py:186} INFO - Started process (PID=986) to work on /home/airflow/.local/lib/python3.12/site-packages/airflow/example_dags/example_dataset_alias_with_no_taskflow.py
[2024-12-01T08:58:53.019+0000] {processor.py:914} INFO - Processing file /home/airflow/.local/lib/python3.12/site-packages/airflow/example_dags/example_dataset_alias_with_no_taskflow.py for tasks to queue
[2024-12-01T08:58:53.021+0000] {logging_mixin.py:190} INFO - [2024-12-01T08:58:53.021+0000] {dagbag.py:588} INFO - Filling up the DagBag from /home/airflow/.local/lib/python3.12/site-packages/airflow/example_dags/example_dataset_alias_with_no_taskflow.py
[2024-12-01T08:58:53.342+0000] {processor.py:925} INFO - DAG(s) 'dataset_alias_example_alias_consumer_with_no_taskflow', 'dataset_s3_bucket_producer_with_no_taskflow', 'dataset_alias_example_alias_producer_with_no_taskflow', 'dataset_s3_bucket_consumer_with_no_taskflow' retrieved from /home/airflow/.local/lib/python3.12/site-packages/airflow/example_dags/example_dataset_alias_with_no_taskflow.py
[2024-12-01T08:58:53.352+0000] {logging_mixin.py:190} INFO - [2024-12-01T08:58:53.351+0000] {dag.py:3239} INFO - Sync 4 DAGs
[2024-12-01T08:58:53.363+0000] {logging_mixin.py:190} INFO - [2024-12-01T08:58:53.363+0000] {dag.py:4180} INFO - Setting next_dagrun for dataset_alias_example_alias_consumer_with_no_taskflow to None, run_after=None
[2024-12-01T08:58:53.364+0000] {logging_mixin.py:190} INFO - [2024-12-01T08:58:53.364+0000] {dag.py:4180} INFO - Setting next_dagrun for dataset_alias_example_alias_producer_with_no_taskflow to None, run_after=None
[2024-12-01T08:58:53.365+0000] {logging_mixin.py:190} INFO - [2024-12-01T08:58:53.365+0000] {dag.py:4180} INFO - Setting next_dagrun for dataset_s3_bucket_consumer_with_no_taskflow to None, run_after=None
[2024-12-01T08:58:53.365+0000] {logging_mixin.py:190} INFO - [2024-12-01T08:58:53.365+0000] {dag.py:4180} INFO - Setting next_dagrun for dataset_s3_bucket_producer_with_no_taskflow to None, run_after=None
[2024-12-01T08:58:53.377+0000] {processor.py:208} INFO - Processing /home/airflow/.local/lib/python3.12/site-packages/airflow/example_dags/example_dataset_alias_with_no_taskflow.py took 0.368 seconds
[2024-12-01T08:59:23.807+0000] {processor.py:186} INFO - Started process (PID=1049) to work on /home/airflow/.local/lib/python3.12/site-packages/airflow/example_dags/example_dataset_alias_with_no_taskflow.py
[2024-12-01T08:59:23.814+0000] {processor.py:914} INFO - Processing file /home/airflow/.local/lib/python3.12/site-packages/airflow/example_dags/example_dataset_alias_with_no_taskflow.py for tasks to queue
[2024-12-01T08:59:23.816+0000] {logging_mixin.py:190} INFO - [2024-12-01T08:59:23.816+0000] {dagbag.py:588} INFO - Filling up the DagBag from /home/airflow/.local/lib/python3.12/site-packages/airflow/example_dags/example_dataset_alias_with_no_taskflow.py
[2024-12-01T08:59:24.138+0000] {processor.py:925} INFO - DAG(s) 'dataset_s3_bucket_consumer_with_no_taskflow', 'dataset_s3_bucket_producer_with_no_taskflow', 'dataset_alias_example_alias_consumer_with_no_taskflow', 'dataset_alias_example_alias_producer_with_no_taskflow' retrieved from /home/airflow/.local/lib/python3.12/site-packages/airflow/example_dags/example_dataset_alias_with_no_taskflow.py
[2024-12-01T08:59:24.154+0000] {logging_mixin.py:190} INFO - [2024-12-01T08:59:24.153+0000] {dag.py:3239} INFO - Sync 4 DAGs
[2024-12-01T08:59:24.172+0000] {logging_mixin.py:190} INFO - [2024-12-01T08:59:24.172+0000] {dag.py:4180} INFO - Setting next_dagrun for dataset_alias_example_alias_consumer_with_no_taskflow to None, run_after=None
[2024-12-01T08:59:24.175+0000] {logging_mixin.py:190} INFO - [2024-12-01T08:59:24.174+0000] {dag.py:4180} INFO - Setting next_dagrun for dataset_alias_example_alias_producer_with_no_taskflow to None, run_after=None
[2024-12-01T08:59:24.176+0000] {logging_mixin.py:190} INFO - [2024-12-01T08:59:24.176+0000] {dag.py:4180} INFO - Setting next_dagrun for dataset_s3_bucket_consumer_with_no_taskflow to None, run_after=None
[2024-12-01T08:59:24.177+0000] {logging_mixin.py:190} INFO - [2024-12-01T08:59:24.177+0000] {dag.py:4180} INFO - Setting next_dagrun for dataset_s3_bucket_producer_with_no_taskflow to None, run_after=None
[2024-12-01T08:59:24.194+0000] {processor.py:208} INFO - Processing /home/airflow/.local/lib/python3.12/site-packages/airflow/example_dags/example_dataset_alias_with_no_taskflow.py took 0.391 seconds
[2024-12-01T08:59:54.640+0000] {processor.py:186} INFO - Started process (PID=1112) to work on /home/airflow/.local/lib/python3.12/site-packages/airflow/example_dags/example_dataset_alias_with_no_taskflow.py
[2024-12-01T08:59:54.640+0000] {processor.py:914} INFO - Processing file /home/airflow/.local/lib/python3.12/site-packages/airflow/example_dags/example_dataset_alias_with_no_taskflow.py for tasks to queue
[2024-12-01T08:59:54.641+0000] {logging_mixin.py:190} INFO - [2024-12-01T08:59:54.641+0000] {dagbag.py:588} INFO - Filling up the DagBag from /home/airflow/.local/lib/python3.12/site-packages/airflow/example_dags/example_dataset_alias_with_no_taskflow.py
[2024-12-01T08:59:54.967+0000] {processor.py:925} INFO - DAG(s) 'dataset_alias_example_alias_consumer_with_no_taskflow', 'dataset_s3_bucket_consumer_with_no_taskflow', 'dataset_s3_bucket_producer_with_no_taskflow', 'dataset_alias_example_alias_producer_with_no_taskflow' retrieved from /home/airflow/.local/lib/python3.12/site-packages/airflow/example_dags/example_dataset_alias_with_no_taskflow.py
[2024-12-01T08:59:54.979+0000] {logging_mixin.py:190} INFO - [2024-12-01T08:59:54.979+0000] {dag.py:3239} INFO - Sync 4 DAGs
[2024-12-01T08:59:54.990+0000] {logging_mixin.py:190} INFO - [2024-12-01T08:59:54.990+0000] {dag.py:4180} INFO - Setting next_dagrun for dataset_alias_example_alias_consumer_with_no_taskflow to None, run_after=None
[2024-12-01T08:59:54.992+0000] {logging_mixin.py:190} INFO - [2024-12-01T08:59:54.992+0000] {dag.py:4180} INFO - Setting next_dagrun for dataset_alias_example_alias_producer_with_no_taskflow to None, run_after=None
[2024-12-01T08:59:54.993+0000] {logging_mixin.py:190} INFO - [2024-12-01T08:59:54.992+0000] {dag.py:4180} INFO - Setting next_dagrun for dataset_s3_bucket_consumer_with_no_taskflow to None, run_after=None
[2024-12-01T08:59:54.993+0000] {logging_mixin.py:190} INFO - [2024-12-01T08:59:54.993+0000] {dag.py:4180} INFO - Setting next_dagrun for dataset_s3_bucket_producer_with_no_taskflow to None, run_after=None
[2024-12-01T08:59:55.005+0000] {processor.py:208} INFO - Processing /home/airflow/.local/lib/python3.12/site-packages/airflow/example_dags/example_dataset_alias_with_no_taskflow.py took 0.368 seconds
[2024-12-01T09:00:25.462+0000] {processor.py:186} INFO - Started process (PID=1175) to work on /home/airflow/.local/lib/python3.12/site-packages/airflow/example_dags/example_dataset_alias_with_no_taskflow.py
[2024-12-01T09:00:25.465+0000] {processor.py:914} INFO - Processing file /home/airflow/.local/lib/python3.12/site-packages/airflow/example_dags/example_dataset_alias_with_no_taskflow.py for tasks to queue
[2024-12-01T09:00:25.467+0000] {logging_mixin.py:190} INFO - [2024-12-01T09:00:25.467+0000] {dagbag.py:588} INFO - Filling up the DagBag from /home/airflow/.local/lib/python3.12/site-packages/airflow/example_dags/example_dataset_alias_with_no_taskflow.py
[2024-12-01T09:00:25.845+0000] {processor.py:925} INFO - DAG(s) 'dataset_alias_example_alias_producer_with_no_taskflow', 'dataset_s3_bucket_consumer_with_no_taskflow', 'dataset_s3_bucket_producer_with_no_taskflow', 'dataset_alias_example_alias_consumer_with_no_taskflow' retrieved from /home/airflow/.local/lib/python3.12/site-packages/airflow/example_dags/example_dataset_alias_with_no_taskflow.py
[2024-12-01T09:00:25.855+0000] {logging_mixin.py:190} INFO - [2024-12-01T09:00:25.855+0000] {dag.py:3239} INFO - Sync 4 DAGs
[2024-12-01T09:00:25.868+0000] {logging_mixin.py:190} INFO - [2024-12-01T09:00:25.868+0000] {dag.py:4180} INFO - Setting next_dagrun for dataset_alias_example_alias_consumer_with_no_taskflow to None, run_after=None
[2024-12-01T09:00:25.869+0000] {logging_mixin.py:190} INFO - [2024-12-01T09:00:25.869+0000] {dag.py:4180} INFO - Setting next_dagrun for dataset_alias_example_alias_producer_with_no_taskflow to None, run_after=None
[2024-12-01T09:00:25.870+0000] {logging_mixin.py:190} INFO - [2024-12-01T09:00:25.870+0000] {dag.py:4180} INFO - Setting next_dagrun for dataset_s3_bucket_consumer_with_no_taskflow to None, run_after=None
[2024-12-01T09:00:25.871+0000] {logging_mixin.py:190} INFO - [2024-12-01T09:00:25.871+0000] {dag.py:4180} INFO - Setting next_dagrun for dataset_s3_bucket_producer_with_no_taskflow to None, run_after=None
[2024-12-01T09:00:25.890+0000] {processor.py:208} INFO - Processing /home/airflow/.local/lib/python3.12/site-packages/airflow/example_dags/example_dataset_alias_with_no_taskflow.py took 0.434 seconds
[2024-12-01T09:00:56.156+0000] {processor.py:186} INFO - Started process (PID=1238) to work on /home/airflow/.local/lib/python3.12/site-packages/airflow/example_dags/example_dataset_alias_with_no_taskflow.py
[2024-12-01T09:00:56.163+0000] {processor.py:914} INFO - Processing file /home/airflow/.local/lib/python3.12/site-packages/airflow/example_dags/example_dataset_alias_with_no_taskflow.py for tasks to queue
[2024-12-01T09:00:56.173+0000] {logging_mixin.py:190} INFO - [2024-12-01T09:00:56.173+0000] {dagbag.py:588} INFO - Filling up the DagBag from /home/airflow/.local/lib/python3.12/site-packages/airflow/example_dags/example_dataset_alias_with_no_taskflow.py
[2024-12-01T09:00:56.592+0000] {processor.py:925} INFO - DAG(s) 'dataset_s3_bucket_producer_with_no_taskflow', 'dataset_alias_example_alias_consumer_with_no_taskflow', 'dataset_alias_example_alias_producer_with_no_taskflow', 'dataset_s3_bucket_consumer_with_no_taskflow' retrieved from /home/airflow/.local/lib/python3.12/site-packages/airflow/example_dags/example_dataset_alias_with_no_taskflow.py
[2024-12-01T09:00:56.612+0000] {logging_mixin.py:190} INFO - [2024-12-01T09:00:56.612+0000] {dag.py:3239} INFO - Sync 4 DAGs
[2024-12-01T09:00:56.627+0000] {logging_mixin.py:190} INFO - [2024-12-01T09:00:56.627+0000] {dag.py:4180} INFO - Setting next_dagrun for dataset_alias_example_alias_consumer_with_no_taskflow to None, run_after=None
[2024-12-01T09:00:56.629+0000] {logging_mixin.py:190} INFO - [2024-12-01T09:00:56.629+0000] {dag.py:4180} INFO - Setting next_dagrun for dataset_alias_example_alias_producer_with_no_taskflow to None, run_after=None
[2024-12-01T09:00:56.630+0000] {logging_mixin.py:190} INFO - [2024-12-01T09:00:56.630+0000] {dag.py:4180} INFO - Setting next_dagrun for dataset_s3_bucket_consumer_with_no_taskflow to None, run_after=None
[2024-12-01T09:00:56.632+0000] {logging_mixin.py:190} INFO - [2024-12-01T09:00:56.631+0000] {dag.py:4180} INFO - Setting next_dagrun for dataset_s3_bucket_producer_with_no_taskflow to None, run_after=None
[2024-12-01T09:00:56.649+0000] {processor.py:208} INFO - Processing /home/airflow/.local/lib/python3.12/site-packages/airflow/example_dags/example_dataset_alias_with_no_taskflow.py took 0.496 seconds
[2024-12-01T09:01:26.781+0000] {processor.py:186} INFO - Started process (PID=1301) to work on /home/airflow/.local/lib/python3.12/site-packages/airflow/example_dags/example_dataset_alias_with_no_taskflow.py
[2024-12-01T09:01:26.781+0000] {processor.py:914} INFO - Processing file /home/airflow/.local/lib/python3.12/site-packages/airflow/example_dags/example_dataset_alias_with_no_taskflow.py for tasks to queue
[2024-12-01T09:01:26.782+0000] {logging_mixin.py:190} INFO - [2024-12-01T09:01:26.782+0000] {dagbag.py:588} INFO - Filling up the DagBag from /home/airflow/.local/lib/python3.12/site-packages/airflow/example_dags/example_dataset_alias_with_no_taskflow.py
[2024-12-01T09:01:27.164+0000] {processor.py:925} INFO - DAG(s) 'dataset_alias_example_alias_producer_with_no_taskflow', 'dataset_s3_bucket_consumer_with_no_taskflow', 'dataset_s3_bucket_producer_with_no_taskflow', 'dataset_alias_example_alias_consumer_with_no_taskflow' retrieved from /home/airflow/.local/lib/python3.12/site-packages/airflow/example_dags/example_dataset_alias_with_no_taskflow.py
[2024-12-01T09:01:27.179+0000] {logging_mixin.py:190} INFO - [2024-12-01T09:01:27.179+0000] {dag.py:3239} INFO - Sync 4 DAGs
[2024-12-01T09:01:27.199+0000] {logging_mixin.py:190} INFO - [2024-12-01T09:01:27.199+0000] {dag.py:4180} INFO - Setting next_dagrun for dataset_alias_example_alias_consumer_with_no_taskflow to None, run_after=None
[2024-12-01T09:01:27.201+0000] {logging_mixin.py:190} INFO - [2024-12-01T09:01:27.201+0000] {dag.py:4180} INFO - Setting next_dagrun for dataset_alias_example_alias_producer_with_no_taskflow to None, run_after=None
[2024-12-01T09:01:27.202+0000] {logging_mixin.py:190} INFO - [2024-12-01T09:01:27.202+0000] {dag.py:4180} INFO - Setting next_dagrun for dataset_s3_bucket_consumer_with_no_taskflow to None, run_after=None
[2024-12-01T09:01:27.203+0000] {logging_mixin.py:190} INFO - [2024-12-01T09:01:27.203+0000] {dag.py:4180} INFO - Setting next_dagrun for dataset_s3_bucket_producer_with_no_taskflow to None, run_after=None
[2024-12-01T09:01:27.218+0000] {processor.py:208} INFO - Processing /home/airflow/.local/lib/python3.12/site-packages/airflow/example_dags/example_dataset_alias_with_no_taskflow.py took 0.443 seconds
[2024-12-01T09:01:57.876+0000] {processor.py:186} INFO - Started process (PID=1365) to work on /home/airflow/.local/lib/python3.12/site-packages/airflow/example_dags/example_dataset_alias_with_no_taskflow.py
[2024-12-01T09:01:57.883+0000] {processor.py:914} INFO - Processing file /home/airflow/.local/lib/python3.12/site-packages/airflow/example_dags/example_dataset_alias_with_no_taskflow.py for tasks to queue
[2024-12-01T09:01:57.884+0000] {logging_mixin.py:190} INFO - [2024-12-01T09:01:57.884+0000] {dagbag.py:588} INFO - Filling up the DagBag from /home/airflow/.local/lib/python3.12/site-packages/airflow/example_dags/example_dataset_alias_with_no_taskflow.py
[2024-12-01T09:01:58.251+0000] {processor.py:925} INFO - DAG(s) 'dataset_alias_example_alias_producer_with_no_taskflow', 'dataset_alias_example_alias_consumer_with_no_taskflow', 'dataset_s3_bucket_producer_with_no_taskflow', 'dataset_s3_bucket_consumer_with_no_taskflow' retrieved from /home/airflow/.local/lib/python3.12/site-packages/airflow/example_dags/example_dataset_alias_with_no_taskflow.py
[2024-12-01T09:01:58.267+0000] {logging_mixin.py:190} INFO - [2024-12-01T09:01:58.267+0000] {dag.py:3239} INFO - Sync 4 DAGs
[2024-12-01T09:01:58.286+0000] {logging_mixin.py:190} INFO - [2024-12-01T09:01:58.286+0000] {dag.py:4180} INFO - Setting next_dagrun for dataset_alias_example_alias_consumer_with_no_taskflow to None, run_after=None
[2024-12-01T09:01:58.288+0000] {logging_mixin.py:190} INFO - [2024-12-01T09:01:58.288+0000] {dag.py:4180} INFO - Setting next_dagrun for dataset_alias_example_alias_producer_with_no_taskflow to None, run_after=None
[2024-12-01T09:01:58.289+0000] {logging_mixin.py:190} INFO - [2024-12-01T09:01:58.289+0000] {dag.py:4180} INFO - Setting next_dagrun for dataset_s3_bucket_consumer_with_no_taskflow to None, run_after=None
[2024-12-01T09:01:58.290+0000] {logging_mixin.py:190} INFO - [2024-12-01T09:01:58.290+0000] {dag.py:4180} INFO - Setting next_dagrun for dataset_s3_bucket_producer_with_no_taskflow to None, run_after=None
[2024-12-01T09:01:58.305+0000] {processor.py:208} INFO - Processing /home/airflow/.local/lib/python3.12/site-packages/airflow/example_dags/example_dataset_alias_with_no_taskflow.py took 0.432 seconds
[2024-12-01T09:02:28.440+0000] {processor.py:186} INFO - Started process (PID=1428) to work on /home/airflow/.local/lib/python3.12/site-packages/airflow/example_dags/example_dataset_alias_with_no_taskflow.py
[2024-12-01T09:02:28.441+0000] {processor.py:914} INFO - Processing file /home/airflow/.local/lib/python3.12/site-packages/airflow/example_dags/example_dataset_alias_with_no_taskflow.py for tasks to queue
[2024-12-01T09:02:28.444+0000] {logging_mixin.py:190} INFO - [2024-12-01T09:02:28.443+0000] {dagbag.py:588} INFO - Filling up the DagBag from /home/airflow/.local/lib/python3.12/site-packages/airflow/example_dags/example_dataset_alias_with_no_taskflow.py
[2024-12-01T09:02:29.206+0000] {processor.py:925} INFO - DAG(s) 'dataset_alias_example_alias_consumer_with_no_taskflow', 'dataset_s3_bucket_consumer_with_no_taskflow', 'dataset_alias_example_alias_producer_with_no_taskflow', 'dataset_s3_bucket_producer_with_no_taskflow' retrieved from /home/airflow/.local/lib/python3.12/site-packages/airflow/example_dags/example_dataset_alias_with_no_taskflow.py
[2024-12-01T09:02:29.221+0000] {logging_mixin.py:190} INFO - [2024-12-01T09:02:29.221+0000] {dag.py:3239} INFO - Sync 4 DAGs
[2024-12-01T09:02:29.239+0000] {logging_mixin.py:190} INFO - [2024-12-01T09:02:29.239+0000] {dag.py:4180} INFO - Setting next_dagrun for dataset_alias_example_alias_consumer_with_no_taskflow to None, run_after=None
[2024-12-01T09:02:29.241+0000] {logging_mixin.py:190} INFO - [2024-12-01T09:02:29.241+0000] {dag.py:4180} INFO - Setting next_dagrun for dataset_alias_example_alias_producer_with_no_taskflow to None, run_after=None
[2024-12-01T09:02:29.242+0000] {logging_mixin.py:190} INFO - [2024-12-01T09:02:29.242+0000] {dag.py:4180} INFO - Setting next_dagrun for dataset_s3_bucket_consumer_with_no_taskflow to None, run_after=None
[2024-12-01T09:02:29.243+0000] {logging_mixin.py:190} INFO - [2024-12-01T09:02:29.243+0000] {dag.py:4180} INFO - Setting next_dagrun for dataset_s3_bucket_producer_with_no_taskflow to None, run_after=None
[2024-12-01T09:02:29.258+0000] {processor.py:208} INFO - Processing /home/airflow/.local/lib/python3.12/site-packages/airflow/example_dags/example_dataset_alias_with_no_taskflow.py took 0.825 seconds
[2024-12-01T09:02:59.327+0000] {processor.py:186} INFO - Started process (PID=1491) to work on /home/airflow/.local/lib/python3.12/site-packages/airflow/example_dags/example_dataset_alias_with_no_taskflow.py
[2024-12-01T09:02:59.333+0000] {processor.py:914} INFO - Processing file /home/airflow/.local/lib/python3.12/site-packages/airflow/example_dags/example_dataset_alias_with_no_taskflow.py for tasks to queue
[2024-12-01T09:02:59.335+0000] {logging_mixin.py:190} INFO - [2024-12-01T09:02:59.335+0000] {dagbag.py:588} INFO - Filling up the DagBag from /home/airflow/.local/lib/python3.12/site-packages/airflow/example_dags/example_dataset_alias_with_no_taskflow.py
[2024-12-01T09:02:59.701+0000] {processor.py:925} INFO - DAG(s) 'dataset_alias_example_alias_producer_with_no_taskflow', 'dataset_s3_bucket_producer_with_no_taskflow', 'dataset_s3_bucket_consumer_with_no_taskflow', 'dataset_alias_example_alias_consumer_with_no_taskflow' retrieved from /home/airflow/.local/lib/python3.12/site-packages/airflow/example_dags/example_dataset_alias_with_no_taskflow.py
[2024-12-01T09:02:59.712+0000] {logging_mixin.py:190} INFO - [2024-12-01T09:02:59.711+0000] {dag.py:3239} INFO - Sync 4 DAGs
[2024-12-01T09:02:59.725+0000] {logging_mixin.py:190} INFO - [2024-12-01T09:02:59.725+0000] {dag.py:4180} INFO - Setting next_dagrun for dataset_alias_example_alias_consumer_with_no_taskflow to None, run_after=None
[2024-12-01T09:02:59.726+0000] {logging_mixin.py:190} INFO - [2024-12-01T09:02:59.726+0000] {dag.py:4180} INFO - Setting next_dagrun for dataset_alias_example_alias_producer_with_no_taskflow to None, run_after=None
[2024-12-01T09:02:59.727+0000] {logging_mixin.py:190} INFO - [2024-12-01T09:02:59.727+0000] {dag.py:4180} INFO - Setting next_dagrun for dataset_s3_bucket_consumer_with_no_taskflow to None, run_after=None
[2024-12-01T09:02:59.728+0000] {logging_mixin.py:190} INFO - [2024-12-01T09:02:59.728+0000] {dag.py:4180} INFO - Setting next_dagrun for dataset_s3_bucket_producer_with_no_taskflow to None, run_after=None
[2024-12-01T09:02:59.739+0000] {processor.py:208} INFO - Processing /home/airflow/.local/lib/python3.12/site-packages/airflow/example_dags/example_dataset_alias_with_no_taskflow.py took 0.416 seconds
[2024-12-01T09:03:29.950+0000] {processor.py:186} INFO - Started process (PID=1554) to work on /home/airflow/.local/lib/python3.12/site-packages/airflow/example_dags/example_dataset_alias_with_no_taskflow.py
[2024-12-01T09:03:29.955+0000] {processor.py:914} INFO - Processing file /home/airflow/.local/lib/python3.12/site-packages/airflow/example_dags/example_dataset_alias_with_no_taskflow.py for tasks to queue
[2024-12-01T09:03:29.956+0000] {logging_mixin.py:190} INFO - [2024-12-01T09:03:29.956+0000] {dagbag.py:588} INFO - Filling up the DagBag from /home/airflow/.local/lib/python3.12/site-packages/airflow/example_dags/example_dataset_alias_with_no_taskflow.py
[2024-12-01T09:03:30.316+0000] {processor.py:925} INFO - DAG(s) 'dataset_s3_bucket_consumer_with_no_taskflow', 'dataset_s3_bucket_producer_with_no_taskflow', 'dataset_alias_example_alias_consumer_with_no_taskflow', 'dataset_alias_example_alias_producer_with_no_taskflow' retrieved from /home/airflow/.local/lib/python3.12/site-packages/airflow/example_dags/example_dataset_alias_with_no_taskflow.py
[2024-12-01T09:03:30.335+0000] {logging_mixin.py:190} INFO - [2024-12-01T09:03:30.335+0000] {dag.py:3239} INFO - Sync 4 DAGs
[2024-12-01T09:03:30.353+0000] {logging_mixin.py:190} INFO - [2024-12-01T09:03:30.353+0000] {dag.py:4180} INFO - Setting next_dagrun for dataset_alias_example_alias_consumer_with_no_taskflow to None, run_after=None
[2024-12-01T09:03:30.355+0000] {logging_mixin.py:190} INFO - [2024-12-01T09:03:30.355+0000] {dag.py:4180} INFO - Setting next_dagrun for dataset_alias_example_alias_producer_with_no_taskflow to None, run_after=None
[2024-12-01T09:03:30.358+0000] {logging_mixin.py:190} INFO - [2024-12-01T09:03:30.358+0000] {dag.py:4180} INFO - Setting next_dagrun for dataset_s3_bucket_consumer_with_no_taskflow to None, run_after=None
[2024-12-01T09:03:30.359+0000] {logging_mixin.py:190} INFO - [2024-12-01T09:03:30.359+0000] {dag.py:4180} INFO - Setting next_dagrun for dataset_s3_bucket_producer_with_no_taskflow to None, run_after=None
[2024-12-01T09:03:30.377+0000] {processor.py:208} INFO - Processing /home/airflow/.local/lib/python3.12/site-packages/airflow/example_dags/example_dataset_alias_with_no_taskflow.py took 0.431 seconds
[2024-12-01T09:04:00.826+0000] {processor.py:186} INFO - Started process (PID=1617) to work on /home/airflow/.local/lib/python3.12/site-packages/airflow/example_dags/example_dataset_alias_with_no_taskflow.py
[2024-12-01T09:04:00.826+0000] {processor.py:914} INFO - Processing file /home/airflow/.local/lib/python3.12/site-packages/airflow/example_dags/example_dataset_alias_with_no_taskflow.py for tasks to queue
[2024-12-01T09:04:00.827+0000] {logging_mixin.py:190} INFO - [2024-12-01T09:04:00.827+0000] {dagbag.py:588} INFO - Filling up the DagBag from /home/airflow/.local/lib/python3.12/site-packages/airflow/example_dags/example_dataset_alias_with_no_taskflow.py
[2024-12-01T09:04:01.192+0000] {processor.py:925} INFO - DAG(s) 'dataset_alias_example_alias_consumer_with_no_taskflow', 'dataset_s3_bucket_producer_with_no_taskflow', 'dataset_alias_example_alias_producer_with_no_taskflow', 'dataset_s3_bucket_consumer_with_no_taskflow' retrieved from /home/airflow/.local/lib/python3.12/site-packages/airflow/example_dags/example_dataset_alias_with_no_taskflow.py
[2024-12-01T09:04:01.209+0000] {logging_mixin.py:190} INFO - [2024-12-01T09:04:01.208+0000] {dag.py:3239} INFO - Sync 4 DAGs
[2024-12-01T09:04:01.225+0000] {logging_mixin.py:190} INFO - [2024-12-01T09:04:01.224+0000] {dag.py:4180} INFO - Setting next_dagrun for dataset_alias_example_alias_consumer_with_no_taskflow to None, run_after=None
[2024-12-01T09:04:01.226+0000] {logging_mixin.py:190} INFO - [2024-12-01T09:04:01.226+0000] {dag.py:4180} INFO - Setting next_dagrun for dataset_alias_example_alias_producer_with_no_taskflow to None, run_after=None
[2024-12-01T09:04:01.227+0000] {logging_mixin.py:190} INFO - [2024-12-01T09:04:01.227+0000] {dag.py:4180} INFO - Setting next_dagrun for dataset_s3_bucket_consumer_with_no_taskflow to None, run_after=None
[2024-12-01T09:04:01.228+0000] {logging_mixin.py:190} INFO - [2024-12-01T09:04:01.228+0000] {dag.py:4180} INFO - Setting next_dagrun for dataset_s3_bucket_producer_with_no_taskflow to None, run_after=None
[2024-12-01T09:04:01.244+0000] {processor.py:208} INFO - Processing /home/airflow/.local/lib/python3.12/site-packages/airflow/example_dags/example_dataset_alias_with_no_taskflow.py took 0.422 seconds
[2024-12-01T09:04:31.546+0000] {processor.py:186} INFO - Started process (PID=1680) to work on /home/airflow/.local/lib/python3.12/site-packages/airflow/example_dags/example_dataset_alias_with_no_taskflow.py
[2024-12-01T09:04:31.547+0000] {processor.py:914} INFO - Processing file /home/airflow/.local/lib/python3.12/site-packages/airflow/example_dags/example_dataset_alias_with_no_taskflow.py for tasks to queue
[2024-12-01T09:04:31.548+0000] {logging_mixin.py:190} INFO - [2024-12-01T09:04:31.548+0000] {dagbag.py:588} INFO - Filling up the DagBag from /home/airflow/.local/lib/python3.12/site-packages/airflow/example_dags/example_dataset_alias_with_no_taskflow.py
[2024-12-01T09:04:31.912+0000] {processor.py:925} INFO - DAG(s) 'dataset_s3_bucket_producer_with_no_taskflow', 'dataset_alias_example_alias_producer_with_no_taskflow', 'dataset_s3_bucket_consumer_with_no_taskflow', 'dataset_alias_example_alias_consumer_with_no_taskflow' retrieved from /home/airflow/.local/lib/python3.12/site-packages/airflow/example_dags/example_dataset_alias_with_no_taskflow.py
[2024-12-01T09:04:31.923+0000] {logging_mixin.py:190} INFO - [2024-12-01T09:04:31.923+0000] {dag.py:3239} INFO - Sync 4 DAGs
[2024-12-01T09:04:31.936+0000] {logging_mixin.py:190} INFO - [2024-12-01T09:04:31.935+0000] {dag.py:4180} INFO - Setting next_dagrun for dataset_alias_example_alias_consumer_with_no_taskflow to None, run_after=None
[2024-12-01T09:04:31.938+0000] {logging_mixin.py:190} INFO - [2024-12-01T09:04:31.938+0000] {dag.py:4180} INFO - Setting next_dagrun for dataset_alias_example_alias_producer_with_no_taskflow to None, run_after=None
[2024-12-01T09:04:31.939+0000] {logging_mixin.py:190} INFO - [2024-12-01T09:04:31.939+0000] {dag.py:4180} INFO - Setting next_dagrun for dataset_s3_bucket_consumer_with_no_taskflow to None, run_after=None
[2024-12-01T09:04:31.940+0000] {logging_mixin.py:190} INFO - [2024-12-01T09:04:31.940+0000] {dag.py:4180} INFO - Setting next_dagrun for dataset_s3_bucket_producer_with_no_taskflow to None, run_after=None
[2024-12-01T09:04:31.956+0000] {processor.py:208} INFO - Processing /home/airflow/.local/lib/python3.12/site-packages/airflow/example_dags/example_dataset_alias_with_no_taskflow.py took 0.414 seconds
[2024-12-01T09:05:02.543+0000] {processor.py:186} INFO - Started process (PID=1743) to work on /home/airflow/.local/lib/python3.12/site-packages/airflow/example_dags/example_dataset_alias_with_no_taskflow.py
[2024-12-01T09:05:02.549+0000] {processor.py:914} INFO - Processing file /home/airflow/.local/lib/python3.12/site-packages/airflow/example_dags/example_dataset_alias_with_no_taskflow.py for tasks to queue
[2024-12-01T09:05:02.550+0000] {logging_mixin.py:190} INFO - [2024-12-01T09:05:02.550+0000] {dagbag.py:588} INFO - Filling up the DagBag from /home/airflow/.local/lib/python3.12/site-packages/airflow/example_dags/example_dataset_alias_with_no_taskflow.py
[2024-12-01T09:05:02.892+0000] {processor.py:925} INFO - DAG(s) 'dataset_s3_bucket_consumer_with_no_taskflow', 'dataset_alias_example_alias_consumer_with_no_taskflow', 'dataset_s3_bucket_producer_with_no_taskflow', 'dataset_alias_example_alias_producer_with_no_taskflow' retrieved from /home/airflow/.local/lib/python3.12/site-packages/airflow/example_dags/example_dataset_alias_with_no_taskflow.py
[2024-12-01T09:05:02.905+0000] {logging_mixin.py:190} INFO - [2024-12-01T09:05:02.905+0000] {dag.py:3239} INFO - Sync 4 DAGs
[2024-12-01T09:05:02.917+0000] {logging_mixin.py:190} INFO - [2024-12-01T09:05:02.916+0000] {dag.py:4180} INFO - Setting next_dagrun for dataset_alias_example_alias_consumer_with_no_taskflow to None, run_after=None
[2024-12-01T09:05:02.918+0000] {logging_mixin.py:190} INFO - [2024-12-01T09:05:02.918+0000] {dag.py:4180} INFO - Setting next_dagrun for dataset_alias_example_alias_producer_with_no_taskflow to None, run_after=None
[2024-12-01T09:05:02.919+0000] {logging_mixin.py:190} INFO - [2024-12-01T09:05:02.919+0000] {dag.py:4180} INFO - Setting next_dagrun for dataset_s3_bucket_consumer_with_no_taskflow to None, run_after=None
[2024-12-01T09:05:02.919+0000] {logging_mixin.py:190} INFO - [2024-12-01T09:05:02.919+0000] {dag.py:4180} INFO - Setting next_dagrun for dataset_s3_bucket_producer_with_no_taskflow to None, run_after=None
[2024-12-01T09:05:02.930+0000] {processor.py:208} INFO - Processing /home/airflow/.local/lib/python3.12/site-packages/airflow/example_dags/example_dataset_alias_with_no_taskflow.py took 0.390 seconds
[2024-12-01T09:05:33.343+0000] {processor.py:186} INFO - Started process (PID=1806) to work on /home/airflow/.local/lib/python3.12/site-packages/airflow/example_dags/example_dataset_alias_with_no_taskflow.py
[2024-12-01T09:05:33.349+0000] {processor.py:914} INFO - Processing file /home/airflow/.local/lib/python3.12/site-packages/airflow/example_dags/example_dataset_alias_with_no_taskflow.py for tasks to queue
[2024-12-01T09:05:33.351+0000] {logging_mixin.py:190} INFO - [2024-12-01T09:05:33.350+0000] {dagbag.py:588} INFO - Filling up the DagBag from /home/airflow/.local/lib/python3.12/site-packages/airflow/example_dags/example_dataset_alias_with_no_taskflow.py
[2024-12-01T09:05:33.749+0000] {processor.py:925} INFO - DAG(s) 'dataset_alias_example_alias_producer_with_no_taskflow', 'dataset_s3_bucket_producer_with_no_taskflow', 'dataset_alias_example_alias_consumer_with_no_taskflow', 'dataset_s3_bucket_consumer_with_no_taskflow' retrieved from /home/airflow/.local/lib/python3.12/site-packages/airflow/example_dags/example_dataset_alias_with_no_taskflow.py
[2024-12-01T09:05:33.768+0000] {logging_mixin.py:190} INFO - [2024-12-01T09:05:33.768+0000] {dag.py:3239} INFO - Sync 4 DAGs
[2024-12-01T09:05:33.786+0000] {logging_mixin.py:190} INFO - [2024-12-01T09:05:33.785+0000] {dag.py:4180} INFO - Setting next_dagrun for dataset_alias_example_alias_consumer_with_no_taskflow to None, run_after=None
[2024-12-01T09:05:33.788+0000] {logging_mixin.py:190} INFO - [2024-12-01T09:05:33.787+0000] {dag.py:4180} INFO - Setting next_dagrun for dataset_alias_example_alias_producer_with_no_taskflow to None, run_after=None
[2024-12-01T09:05:33.788+0000] {logging_mixin.py:190} INFO - [2024-12-01T09:05:33.788+0000] {dag.py:4180} INFO - Setting next_dagrun for dataset_s3_bucket_consumer_with_no_taskflow to None, run_after=None
[2024-12-01T09:05:33.789+0000] {logging_mixin.py:190} INFO - [2024-12-01T09:05:33.789+0000] {dag.py:4180} INFO - Setting next_dagrun for dataset_s3_bucket_producer_with_no_taskflow to None, run_after=None
[2024-12-01T09:05:33.803+0000] {processor.py:208} INFO - Processing /home/airflow/.local/lib/python3.12/site-packages/airflow/example_dags/example_dataset_alias_with_no_taskflow.py took 0.463 seconds
[2024-12-01T09:06:04.206+0000] {processor.py:186} INFO - Started process (PID=1869) to work on /home/airflow/.local/lib/python3.12/site-packages/airflow/example_dags/example_dataset_alias_with_no_taskflow.py
[2024-12-01T09:06:04.210+0000] {processor.py:914} INFO - Processing file /home/airflow/.local/lib/python3.12/site-packages/airflow/example_dags/example_dataset_alias_with_no_taskflow.py for tasks to queue
[2024-12-01T09:06:04.212+0000] {logging_mixin.py:190} INFO - [2024-12-01T09:06:04.211+0000] {dagbag.py:588} INFO - Filling up the DagBag from /home/airflow/.local/lib/python3.12/site-packages/airflow/example_dags/example_dataset_alias_with_no_taskflow.py
[2024-12-01T09:06:04.552+0000] {processor.py:925} INFO - DAG(s) 'dataset_alias_example_alias_producer_with_no_taskflow', 'dataset_s3_bucket_producer_with_no_taskflow', 'dataset_s3_bucket_consumer_with_no_taskflow', 'dataset_alias_example_alias_consumer_with_no_taskflow' retrieved from /home/airflow/.local/lib/python3.12/site-packages/airflow/example_dags/example_dataset_alias_with_no_taskflow.py
[2024-12-01T09:06:04.572+0000] {logging_mixin.py:190} INFO - [2024-12-01T09:06:04.572+0000] {dag.py:3239} INFO - Sync 4 DAGs
[2024-12-01T09:06:04.585+0000] {logging_mixin.py:190} INFO - [2024-12-01T09:06:04.584+0000] {dag.py:4180} INFO - Setting next_dagrun for dataset_alias_example_alias_consumer_with_no_taskflow to None, run_after=None
[2024-12-01T09:06:04.586+0000] {logging_mixin.py:190} INFO - [2024-12-01T09:06:04.586+0000] {dag.py:4180} INFO - Setting next_dagrun for dataset_alias_example_alias_producer_with_no_taskflow to None, run_after=None
[2024-12-01T09:06:04.587+0000] {logging_mixin.py:190} INFO - [2024-12-01T09:06:04.587+0000] {dag.py:4180} INFO - Setting next_dagrun for dataset_s3_bucket_consumer_with_no_taskflow to None, run_after=None
[2024-12-01T09:06:04.588+0000] {logging_mixin.py:190} INFO - [2024-12-01T09:06:04.588+0000] {dag.py:4180} INFO - Setting next_dagrun for dataset_s3_bucket_producer_with_no_taskflow to None, run_after=None
[2024-12-01T09:06:04.599+0000] {processor.py:208} INFO - Processing /home/airflow/.local/lib/python3.12/site-packages/airflow/example_dags/example_dataset_alias_with_no_taskflow.py took 0.398 seconds
[2024-12-01T09:06:34.745+0000] {processor.py:186} INFO - Started process (PID=1932) to work on /home/airflow/.local/lib/python3.12/site-packages/airflow/example_dags/example_dataset_alias_with_no_taskflow.py
[2024-12-01T09:06:34.752+0000] {processor.py:914} INFO - Processing file /home/airflow/.local/lib/python3.12/site-packages/airflow/example_dags/example_dataset_alias_with_no_taskflow.py for tasks to queue
[2024-12-01T09:06:34.754+0000] {logging_mixin.py:190} INFO - [2024-12-01T09:06:34.753+0000] {dagbag.py:588} INFO - Filling up the DagBag from /home/airflow/.local/lib/python3.12/site-packages/airflow/example_dags/example_dataset_alias_with_no_taskflow.py
[2024-12-01T09:06:35.087+0000] {processor.py:925} INFO - DAG(s) 'dataset_alias_example_alias_producer_with_no_taskflow', 'dataset_s3_bucket_consumer_with_no_taskflow', 'dataset_alias_example_alias_consumer_with_no_taskflow', 'dataset_s3_bucket_producer_with_no_taskflow' retrieved from /home/airflow/.local/lib/python3.12/site-packages/airflow/example_dags/example_dataset_alias_with_no_taskflow.py
[2024-12-01T09:06:35.098+0000] {logging_mixin.py:190} INFO - [2024-12-01T09:06:35.098+0000] {dag.py:3239} INFO - Sync 4 DAGs
[2024-12-01T09:06:35.112+0000] {logging_mixin.py:190} INFO - [2024-12-01T09:06:35.111+0000] {dag.py:4180} INFO - Setting next_dagrun for dataset_alias_example_alias_consumer_with_no_taskflow to None, run_after=None
[2024-12-01T09:06:35.113+0000] {logging_mixin.py:190} INFO - [2024-12-01T09:06:35.113+0000] {dag.py:4180} INFO - Setting next_dagrun for dataset_alias_example_alias_producer_with_no_taskflow to None, run_after=None
[2024-12-01T09:06:35.114+0000] {logging_mixin.py:190} INFO - [2024-12-01T09:06:35.114+0000] {dag.py:4180} INFO - Setting next_dagrun for dataset_s3_bucket_consumer_with_no_taskflow to None, run_after=None
[2024-12-01T09:06:35.115+0000] {logging_mixin.py:190} INFO - [2024-12-01T09:06:35.115+0000] {dag.py:4180} INFO - Setting next_dagrun for dataset_s3_bucket_producer_with_no_taskflow to None, run_after=None
[2024-12-01T09:06:35.135+0000] {processor.py:208} INFO - Processing /home/airflow/.local/lib/python3.12/site-packages/airflow/example_dags/example_dataset_alias_with_no_taskflow.py took 0.394 seconds
[2024-12-01T09:07:05.312+0000] {processor.py:186} INFO - Started process (PID=1995) to work on /home/airflow/.local/lib/python3.12/site-packages/airflow/example_dags/example_dataset_alias_with_no_taskflow.py
[2024-12-01T09:07:05.319+0000] {processor.py:914} INFO - Processing file /home/airflow/.local/lib/python3.12/site-packages/airflow/example_dags/example_dataset_alias_with_no_taskflow.py for tasks to queue
[2024-12-01T09:07:05.321+0000] {logging_mixin.py:190} INFO - [2024-12-01T09:07:05.321+0000] {dagbag.py:588} INFO - Filling up the DagBag from /home/airflow/.local/lib/python3.12/site-packages/airflow/example_dags/example_dataset_alias_with_no_taskflow.py
[2024-12-01T09:07:05.648+0000] {processor.py:925} INFO - DAG(s) 'dataset_alias_example_alias_consumer_with_no_taskflow', 'dataset_alias_example_alias_producer_with_no_taskflow', 'dataset_s3_bucket_consumer_with_no_taskflow', 'dataset_s3_bucket_producer_with_no_taskflow' retrieved from /home/airflow/.local/lib/python3.12/site-packages/airflow/example_dags/example_dataset_alias_with_no_taskflow.py
[2024-12-01T09:07:05.659+0000] {logging_mixin.py:190} INFO - [2024-12-01T09:07:05.659+0000] {dag.py:3239} INFO - Sync 4 DAGs
[2024-12-01T09:07:05.671+0000] {logging_mixin.py:190} INFO - [2024-12-01T09:07:05.671+0000] {dag.py:4180} INFO - Setting next_dagrun for dataset_alias_example_alias_consumer_with_no_taskflow to None, run_after=None
[2024-12-01T09:07:05.672+0000] {logging_mixin.py:190} INFO - [2024-12-01T09:07:05.672+0000] {dag.py:4180} INFO - Setting next_dagrun for dataset_alias_example_alias_producer_with_no_taskflow to None, run_after=None
[2024-12-01T09:07:05.673+0000] {logging_mixin.py:190} INFO - [2024-12-01T09:07:05.673+0000] {dag.py:4180} INFO - Setting next_dagrun for dataset_s3_bucket_consumer_with_no_taskflow to None, run_after=None
[2024-12-01T09:07:05.674+0000] {logging_mixin.py:190} INFO - [2024-12-01T09:07:05.674+0000] {dag.py:4180} INFO - Setting next_dagrun for dataset_s3_bucket_producer_with_no_taskflow to None, run_after=None
[2024-12-01T09:07:05.694+0000] {processor.py:208} INFO - Processing /home/airflow/.local/lib/python3.12/site-packages/airflow/example_dags/example_dataset_alias_with_no_taskflow.py took 0.386 seconds
[2024-12-01T09:07:36.172+0000] {processor.py:186} INFO - Started process (PID=2058) to work on /home/airflow/.local/lib/python3.12/site-packages/airflow/example_dags/example_dataset_alias_with_no_taskflow.py
[2024-12-01T09:07:36.179+0000] {processor.py:914} INFO - Processing file /home/airflow/.local/lib/python3.12/site-packages/airflow/example_dags/example_dataset_alias_with_no_taskflow.py for tasks to queue
[2024-12-01T09:07:36.182+0000] {logging_mixin.py:190} INFO - [2024-12-01T09:07:36.181+0000] {dagbag.py:588} INFO - Filling up the DagBag from /home/airflow/.local/lib/python3.12/site-packages/airflow/example_dags/example_dataset_alias_with_no_taskflow.py
[2024-12-01T09:07:36.513+0000] {processor.py:925} INFO - DAG(s) 'dataset_alias_example_alias_consumer_with_no_taskflow', 'dataset_s3_bucket_producer_with_no_taskflow', 'dataset_alias_example_alias_producer_with_no_taskflow', 'dataset_s3_bucket_consumer_with_no_taskflow' retrieved from /home/airflow/.local/lib/python3.12/site-packages/airflow/example_dags/example_dataset_alias_with_no_taskflow.py
[2024-12-01T09:07:36.528+0000] {logging_mixin.py:190} INFO - [2024-12-01T09:07:36.528+0000] {dag.py:3239} INFO - Sync 4 DAGs
[2024-12-01T09:07:36.540+0000] {logging_mixin.py:190} INFO - [2024-12-01T09:07:36.540+0000] {dag.py:4180} INFO - Setting next_dagrun for dataset_alias_example_alias_consumer_with_no_taskflow to None, run_after=None
[2024-12-01T09:07:36.541+0000] {logging_mixin.py:190} INFO - [2024-12-01T09:07:36.541+0000] {dag.py:4180} INFO - Setting next_dagrun for dataset_alias_example_alias_producer_with_no_taskflow to None, run_after=None
[2024-12-01T09:07:36.542+0000] {logging_mixin.py:190} INFO - [2024-12-01T09:07:36.542+0000] {dag.py:4180} INFO - Setting next_dagrun for dataset_s3_bucket_consumer_with_no_taskflow to None, run_after=None
[2024-12-01T09:07:36.543+0000] {logging_mixin.py:190} INFO - [2024-12-01T09:07:36.543+0000] {dag.py:4180} INFO - Setting next_dagrun for dataset_s3_bucket_producer_with_no_taskflow to None, run_after=None
[2024-12-01T09:07:36.561+0000] {processor.py:208} INFO - Processing /home/airflow/.local/lib/python3.12/site-packages/airflow/example_dags/example_dataset_alias_with_no_taskflow.py took 0.393 seconds
[2024-12-01T09:08:06.785+0000] {processor.py:186} INFO - Started process (PID=2121) to work on /home/airflow/.local/lib/python3.12/site-packages/airflow/example_dags/example_dataset_alias_with_no_taskflow.py
[2024-12-01T09:08:06.790+0000] {processor.py:914} INFO - Processing file /home/airflow/.local/lib/python3.12/site-packages/airflow/example_dags/example_dataset_alias_with_no_taskflow.py for tasks to queue
[2024-12-01T09:08:06.792+0000] {logging_mixin.py:190} INFO - [2024-12-01T09:08:06.792+0000] {dagbag.py:588} INFO - Filling up the DagBag from /home/airflow/.local/lib/python3.12/site-packages/airflow/example_dags/example_dataset_alias_with_no_taskflow.py
[2024-12-01T09:08:07.124+0000] {processor.py:925} INFO - DAG(s) 'dataset_s3_bucket_consumer_with_no_taskflow', 'dataset_s3_bucket_producer_with_no_taskflow', 'dataset_alias_example_alias_consumer_with_no_taskflow', 'dataset_alias_example_alias_producer_with_no_taskflow' retrieved from /home/airflow/.local/lib/python3.12/site-packages/airflow/example_dags/example_dataset_alias_with_no_taskflow.py
[2024-12-01T09:08:07.135+0000] {logging_mixin.py:190} INFO - [2024-12-01T09:08:07.134+0000] {dag.py:3239} INFO - Sync 4 DAGs
[2024-12-01T09:08:07.146+0000] {logging_mixin.py:190} INFO - [2024-12-01T09:08:07.145+0000] {dag.py:4180} INFO - Setting next_dagrun for dataset_alias_example_alias_consumer_with_no_taskflow to None, run_after=None
[2024-12-01T09:08:07.147+0000] {logging_mixin.py:190} INFO - [2024-12-01T09:08:07.147+0000] {dag.py:4180} INFO - Setting next_dagrun for dataset_alias_example_alias_producer_with_no_taskflow to None, run_after=None
[2024-12-01T09:08:07.148+0000] {logging_mixin.py:190} INFO - [2024-12-01T09:08:07.148+0000] {dag.py:4180} INFO - Setting next_dagrun for dataset_s3_bucket_consumer_with_no_taskflow to None, run_after=None
[2024-12-01T09:08:07.149+0000] {logging_mixin.py:190} INFO - [2024-12-01T09:08:07.149+0000] {dag.py:4180} INFO - Setting next_dagrun for dataset_s3_bucket_producer_with_no_taskflow to None, run_after=None
[2024-12-01T09:08:07.161+0000] {processor.py:208} INFO - Processing /home/airflow/.local/lib/python3.12/site-packages/airflow/example_dags/example_dataset_alias_with_no_taskflow.py took 0.380 seconds
[2024-12-01T09:08:37.341+0000] {processor.py:186} INFO - Started process (PID=2184) to work on /home/airflow/.local/lib/python3.12/site-packages/airflow/example_dags/example_dataset_alias_with_no_taskflow.py
[2024-12-01T09:08:37.347+0000] {processor.py:914} INFO - Processing file /home/airflow/.local/lib/python3.12/site-packages/airflow/example_dags/example_dataset_alias_with_no_taskflow.py for tasks to queue
[2024-12-01T09:08:37.349+0000] {logging_mixin.py:190} INFO - [2024-12-01T09:08:37.348+0000] {dagbag.py:588} INFO - Filling up the DagBag from /home/airflow/.local/lib/python3.12/site-packages/airflow/example_dags/example_dataset_alias_with_no_taskflow.py
[2024-12-01T09:08:37.668+0000] {processor.py:925} INFO - DAG(s) 'dataset_alias_example_alias_consumer_with_no_taskflow', 'dataset_alias_example_alias_producer_with_no_taskflow', 'dataset_s3_bucket_consumer_with_no_taskflow', 'dataset_s3_bucket_producer_with_no_taskflow' retrieved from /home/airflow/.local/lib/python3.12/site-packages/airflow/example_dags/example_dataset_alias_with_no_taskflow.py
[2024-12-01T09:08:37.678+0000] {logging_mixin.py:190} INFO - [2024-12-01T09:08:37.678+0000] {dag.py:3239} INFO - Sync 4 DAGs
[2024-12-01T09:08:37.690+0000] {logging_mixin.py:190} INFO - [2024-12-01T09:08:37.690+0000] {dag.py:4180} INFO - Setting next_dagrun for dataset_alias_example_alias_consumer_with_no_taskflow to None, run_after=None
[2024-12-01T09:08:37.691+0000] {logging_mixin.py:190} INFO - [2024-12-01T09:08:37.691+0000] {dag.py:4180} INFO - Setting next_dagrun for dataset_alias_example_alias_producer_with_no_taskflow to None, run_after=None
[2024-12-01T09:08:37.692+0000] {logging_mixin.py:190} INFO - [2024-12-01T09:08:37.692+0000] {dag.py:4180} INFO - Setting next_dagrun for dataset_s3_bucket_consumer_with_no_taskflow to None, run_after=None
[2024-12-01T09:08:37.693+0000] {logging_mixin.py:190} INFO - [2024-12-01T09:08:37.693+0000] {dag.py:4180} INFO - Setting next_dagrun for dataset_s3_bucket_producer_with_no_taskflow to None, run_after=None
[2024-12-01T09:08:37.714+0000] {processor.py:208} INFO - Processing /home/airflow/.local/lib/python3.12/site-packages/airflow/example_dags/example_dataset_alias_with_no_taskflow.py took 0.376 seconds
[2024-12-01T09:09:07.746+0000] {processor.py:186} INFO - Started process (PID=2247) to work on /home/airflow/.local/lib/python3.12/site-packages/airflow/example_dags/example_dataset_alias_with_no_taskflow.py
[2024-12-01T09:09:07.747+0000] {processor.py:914} INFO - Processing file /home/airflow/.local/lib/python3.12/site-packages/airflow/example_dags/example_dataset_alias_with_no_taskflow.py for tasks to queue
[2024-12-01T09:09:07.748+0000] {logging_mixin.py:190} INFO - [2024-12-01T09:09:07.748+0000] {dagbag.py:588} INFO - Filling up the DagBag from /home/airflow/.local/lib/python3.12/site-packages/airflow/example_dags/example_dataset_alias_with_no_taskflow.py
[2024-12-01T09:09:08.088+0000] {processor.py:925} INFO - DAG(s) 'dataset_alias_example_alias_consumer_with_no_taskflow', 'dataset_s3_bucket_consumer_with_no_taskflow', 'dataset_s3_bucket_producer_with_no_taskflow', 'dataset_alias_example_alias_producer_with_no_taskflow' retrieved from /home/airflow/.local/lib/python3.12/site-packages/airflow/example_dags/example_dataset_alias_with_no_taskflow.py
[2024-12-01T09:09:08.100+0000] {logging_mixin.py:190} INFO - [2024-12-01T09:09:08.099+0000] {dag.py:3239} INFO - Sync 4 DAGs
[2024-12-01T09:09:08.112+0000] {logging_mixin.py:190} INFO - [2024-12-01T09:09:08.112+0000] {dag.py:4180} INFO - Setting next_dagrun for dataset_alias_example_alias_consumer_with_no_taskflow to None, run_after=None
[2024-12-01T09:09:08.113+0000] {logging_mixin.py:190} INFO - [2024-12-01T09:09:08.113+0000] {dag.py:4180} INFO - Setting next_dagrun for dataset_alias_example_alias_producer_with_no_taskflow to None, run_after=None
[2024-12-01T09:09:08.114+0000] {logging_mixin.py:190} INFO - [2024-12-01T09:09:08.114+0000] {dag.py:4180} INFO - Setting next_dagrun for dataset_s3_bucket_consumer_with_no_taskflow to None, run_after=None
[2024-12-01T09:09:08.115+0000] {logging_mixin.py:190} INFO - [2024-12-01T09:09:08.115+0000] {dag.py:4180} INFO - Setting next_dagrun for dataset_s3_bucket_producer_with_no_taskflow to None, run_after=None
[2024-12-01T09:09:08.127+0000] {processor.py:208} INFO - Processing /home/airflow/.local/lib/python3.12/site-packages/airflow/example_dags/example_dataset_alias_with_no_taskflow.py took 0.385 seconds
[2024-12-01T09:09:39.078+0000] {processor.py:186} INFO - Started process (PID=2309) to work on /home/airflow/.local/lib/python3.12/site-packages/airflow/example_dags/example_dataset_alias_with_no_taskflow.py
[2024-12-01T09:09:39.078+0000] {processor.py:914} INFO - Processing file /home/airflow/.local/lib/python3.12/site-packages/airflow/example_dags/example_dataset_alias_with_no_taskflow.py for tasks to queue
[2024-12-01T09:09:39.079+0000] {logging_mixin.py:190} INFO - [2024-12-01T09:09:39.079+0000] {dagbag.py:588} INFO - Filling up the DagBag from /home/airflow/.local/lib/python3.12/site-packages/airflow/example_dags/example_dataset_alias_with_no_taskflow.py
[2024-12-01T09:09:39.456+0000] {processor.py:925} INFO - DAG(s) 'dataset_alias_example_alias_consumer_with_no_taskflow', 'dataset_s3_bucket_consumer_with_no_taskflow', 'dataset_alias_example_alias_producer_with_no_taskflow', 'dataset_s3_bucket_producer_with_no_taskflow' retrieved from /home/airflow/.local/lib/python3.12/site-packages/airflow/example_dags/example_dataset_alias_with_no_taskflow.py
[2024-12-01T09:09:39.468+0000] {logging_mixin.py:190} INFO - [2024-12-01T09:09:39.468+0000] {dag.py:3239} INFO - Sync 4 DAGs
[2024-12-01T09:09:39.480+0000] {logging_mixin.py:190} INFO - [2024-12-01T09:09:39.480+0000] {dag.py:4180} INFO - Setting next_dagrun for dataset_alias_example_alias_consumer_with_no_taskflow to None, run_after=None
[2024-12-01T09:09:39.482+0000] {logging_mixin.py:190} INFO - [2024-12-01T09:09:39.481+0000] {dag.py:4180} INFO - Setting next_dagrun for dataset_alias_example_alias_producer_with_no_taskflow to None, run_after=None
[2024-12-01T09:09:39.482+0000] {logging_mixin.py:190} INFO - [2024-12-01T09:09:39.482+0000] {dag.py:4180} INFO - Setting next_dagrun for dataset_s3_bucket_consumer_with_no_taskflow to None, run_after=None
[2024-12-01T09:09:39.483+0000] {logging_mixin.py:190} INFO - [2024-12-01T09:09:39.483+0000] {dag.py:4180} INFO - Setting next_dagrun for dataset_s3_bucket_producer_with_no_taskflow to None, run_after=None
[2024-12-01T09:09:39.496+0000] {processor.py:208} INFO - Processing /home/airflow/.local/lib/python3.12/site-packages/airflow/example_dags/example_dataset_alias_with_no_taskflow.py took 0.422 seconds
