[2024-12-01T08:51:38.365+0000] {processor.py:186} INFO - Started process (PID=75) to work on /home/airflow/.local/lib/python3.12/site-packages/airflow/example_dags/example_branch_operator.py
[2024-12-01T08:51:38.366+0000] {processor.py:914} INFO - Processing file /home/airflow/.local/lib/python3.12/site-packages/airflow/example_dags/example_branch_operator.py for tasks to queue
[2024-12-01T08:51:38.367+0000] {logging_mixin.py:190} INFO - [2024-12-01T08:51:38.367+0000] {dagbag.py:588} INFO - Filling up the DagBag from /home/airflow/.local/lib/python3.12/site-packages/airflow/example_dags/example_branch_operator.py
[2024-12-01T08:51:38.382+0000] {processor.py:925} INFO - DAG(s) 'example_branch_operator' retrieved from /home/airflow/.local/lib/python3.12/site-packages/airflow/example_dags/example_branch_operator.py
[2024-12-01T08:51:38.479+0000] {logging_mixin.py:190} INFO - [2024-12-01T08:51:38.478+0000] {override.py:1911} INFO - Created Permission View: can edit on DAG:example_branch_operator
[2024-12-01T08:51:38.484+0000] {logging_mixin.py:190} INFO - [2024-12-01T08:51:38.484+0000] {override.py:1911} INFO - Created Permission View: can read on DAG:example_branch_operator
[2024-12-01T08:51:38.488+0000] {logging_mixin.py:190} INFO - [2024-12-01T08:51:38.488+0000] {override.py:1911} INFO - Created Permission View: can delete on DAG:example_branch_operator
[2024-12-01T08:51:38.492+0000] {logging_mixin.py:190} INFO - [2024-12-01T08:51:38.492+0000] {override.py:1911} INFO - Created Permission View: can create on DAG Run:example_branch_operator
[2024-12-01T08:51:38.495+0000] {logging_mixin.py:190} INFO - [2024-12-01T08:51:38.495+0000] {override.py:1911} INFO - Created Permission View: menu access on DAG Run:example_branch_operator
[2024-12-01T08:51:38.499+0000] {logging_mixin.py:190} INFO - [2024-12-01T08:51:38.498+0000] {override.py:1911} INFO - Created Permission View: can read on DAG Run:example_branch_operator
[2024-12-01T08:51:38.502+0000] {logging_mixin.py:190} INFO - [2024-12-01T08:51:38.502+0000] {override.py:1911} INFO - Created Permission View: can delete on DAG Run:example_branch_operator
[2024-12-01T08:51:38.502+0000] {logging_mixin.py:190} INFO - [2024-12-01T08:51:38.502+0000] {dag.py:3239} INFO - Sync 1 DAGs
[2024-12-01T08:51:38.510+0000] {logging_mixin.py:190} INFO - [2024-12-01T08:51:38.510+0000] {dag.py:3262} INFO - Creating ORM DAG for example_branch_operator
[2024-12-01T08:51:38.517+0000] {logging_mixin.py:190} INFO - [2024-12-01T08:51:38.517+0000] {dag.py:4180} INFO - Setting next_dagrun for example_branch_operator to 2024-11-30 00:00:00+00:00, run_after=2024-12-01 00:00:00+00:00
[2024-12-01T08:51:38.529+0000] {processor.py:208} INFO - Processing /home/airflow/.local/lib/python3.12/site-packages/airflow/example_dags/example_branch_operator.py took 0.169 seconds
[2024-12-01T08:52:09.182+0000] {processor.py:186} INFO - Started process (PID=137) to work on /home/airflow/.local/lib/python3.12/site-packages/airflow/example_dags/example_branch_operator.py
[2024-12-01T08:52:09.183+0000] {processor.py:914} INFO - Processing file /home/airflow/.local/lib/python3.12/site-packages/airflow/example_dags/example_branch_operator.py for tasks to queue
[2024-12-01T08:52:09.184+0000] {logging_mixin.py:190} INFO - [2024-12-01T08:52:09.184+0000] {dagbag.py:588} INFO - Filling up the DagBag from /home/airflow/.local/lib/python3.12/site-packages/airflow/example_dags/example_branch_operator.py
[2024-12-01T08:52:09.195+0000] {processor.py:925} INFO - DAG(s) 'example_branch_operator' retrieved from /home/airflow/.local/lib/python3.12/site-packages/airflow/example_dags/example_branch_operator.py
[2024-12-01T08:52:09.214+0000] {logging_mixin.py:190} INFO - [2024-12-01T08:52:09.214+0000] {dag.py:3239} INFO - Sync 1 DAGs
[2024-12-01T08:52:09.231+0000] {logging_mixin.py:190} INFO - [2024-12-01T08:52:09.231+0000] {dag.py:4180} INFO - Setting next_dagrun for example_branch_operator to 2024-11-30 00:00:00+00:00, run_after=2024-12-01 00:00:00+00:00
[2024-12-01T08:52:09.245+0000] {processor.py:208} INFO - Processing /home/airflow/.local/lib/python3.12/site-packages/airflow/example_dags/example_branch_operator.py took 0.067 seconds
[2024-12-01T08:52:40.205+0000] {processor.py:186} INFO - Started process (PID=200) to work on /home/airflow/.local/lib/python3.12/site-packages/airflow/example_dags/example_branch_operator.py
[2024-12-01T08:52:40.205+0000] {processor.py:914} INFO - Processing file /home/airflow/.local/lib/python3.12/site-packages/airflow/example_dags/example_branch_operator.py for tasks to queue
[2024-12-01T08:52:40.207+0000] {logging_mixin.py:190} INFO - [2024-12-01T08:52:40.206+0000] {dagbag.py:588} INFO - Filling up the DagBag from /home/airflow/.local/lib/python3.12/site-packages/airflow/example_dags/example_branch_operator.py
[2024-12-01T08:52:40.218+0000] {processor.py:925} INFO - DAG(s) 'example_branch_operator' retrieved from /home/airflow/.local/lib/python3.12/site-packages/airflow/example_dags/example_branch_operator.py
[2024-12-01T08:52:40.241+0000] {logging_mixin.py:190} INFO - [2024-12-01T08:52:40.241+0000] {dag.py:3239} INFO - Sync 1 DAGs
[2024-12-01T08:52:40.263+0000] {logging_mixin.py:190} INFO - [2024-12-01T08:52:40.263+0000] {dag.py:4180} INFO - Setting next_dagrun for example_branch_operator to 2024-11-30 00:00:00+00:00, run_after=2024-12-01 00:00:00+00:00
[2024-12-01T08:52:40.281+0000] {processor.py:208} INFO - Processing /home/airflow/.local/lib/python3.12/site-packages/airflow/example_dags/example_branch_operator.py took 0.080 seconds
[2024-12-01T08:53:10.481+0000] {processor.py:186} INFO - Started process (PID=262) to work on /home/airflow/.local/lib/python3.12/site-packages/airflow/example_dags/example_branch_operator.py
[2024-12-01T08:53:10.482+0000] {processor.py:914} INFO - Processing file /home/airflow/.local/lib/python3.12/site-packages/airflow/example_dags/example_branch_operator.py for tasks to queue
[2024-12-01T08:53:10.484+0000] {logging_mixin.py:190} INFO - [2024-12-01T08:53:10.484+0000] {dagbag.py:588} INFO - Filling up the DagBag from /home/airflow/.local/lib/python3.12/site-packages/airflow/example_dags/example_branch_operator.py
[2024-12-01T08:53:10.493+0000] {processor.py:925} INFO - DAG(s) 'example_branch_operator' retrieved from /home/airflow/.local/lib/python3.12/site-packages/airflow/example_dags/example_branch_operator.py
[2024-12-01T08:53:10.512+0000] {logging_mixin.py:190} INFO - [2024-12-01T08:53:10.512+0000] {dag.py:3239} INFO - Sync 1 DAGs
[2024-12-01T08:53:10.529+0000] {logging_mixin.py:190} INFO - [2024-12-01T08:53:10.529+0000] {dag.py:4180} INFO - Setting next_dagrun for example_branch_operator to 2024-11-30 00:00:00+00:00, run_after=2024-12-01 00:00:00+00:00
[2024-12-01T08:53:10.545+0000] {processor.py:208} INFO - Processing /home/airflow/.local/lib/python3.12/site-packages/airflow/example_dags/example_branch_operator.py took 0.067 seconds
[2024-12-01T08:53:40.852+0000] {processor.py:186} INFO - Started process (PID=325) to work on /home/airflow/.local/lib/python3.12/site-packages/airflow/example_dags/example_branch_operator.py
[2024-12-01T08:53:40.853+0000] {processor.py:914} INFO - Processing file /home/airflow/.local/lib/python3.12/site-packages/airflow/example_dags/example_branch_operator.py for tasks to queue
[2024-12-01T08:53:40.854+0000] {logging_mixin.py:190} INFO - [2024-12-01T08:53:40.854+0000] {dagbag.py:588} INFO - Filling up the DagBag from /home/airflow/.local/lib/python3.12/site-packages/airflow/example_dags/example_branch_operator.py
[2024-12-01T08:53:40.863+0000] {processor.py:925} INFO - DAG(s) 'example_branch_operator' retrieved from /home/airflow/.local/lib/python3.12/site-packages/airflow/example_dags/example_branch_operator.py
[2024-12-01T08:53:40.886+0000] {logging_mixin.py:190} INFO - [2024-12-01T08:53:40.886+0000] {dag.py:3239} INFO - Sync 1 DAGs
[2024-12-01T08:53:40.905+0000] {logging_mixin.py:190} INFO - [2024-12-01T08:53:40.904+0000] {dag.py:4180} INFO - Setting next_dagrun for example_branch_operator to 2024-11-30 00:00:00+00:00, run_after=2024-12-01 00:00:00+00:00
[2024-12-01T08:53:40.917+0000] {processor.py:208} INFO - Processing /home/airflow/.local/lib/python3.12/site-packages/airflow/example_dags/example_branch_operator.py took 0.069 seconds
[2024-12-01T08:54:10.971+0000] {processor.py:186} INFO - Started process (PID=388) to work on /home/airflow/.local/lib/python3.12/site-packages/airflow/example_dags/example_branch_operator.py
[2024-12-01T08:54:10.971+0000] {processor.py:914} INFO - Processing file /home/airflow/.local/lib/python3.12/site-packages/airflow/example_dags/example_branch_operator.py for tasks to queue
[2024-12-01T08:54:10.972+0000] {logging_mixin.py:190} INFO - [2024-12-01T08:54:10.972+0000] {dagbag.py:588} INFO - Filling up the DagBag from /home/airflow/.local/lib/python3.12/site-packages/airflow/example_dags/example_branch_operator.py
[2024-12-01T08:54:10.981+0000] {processor.py:925} INFO - DAG(s) 'example_branch_operator' retrieved from /home/airflow/.local/lib/python3.12/site-packages/airflow/example_dags/example_branch_operator.py
[2024-12-01T08:54:11.014+0000] {logging_mixin.py:190} INFO - [2024-12-01T08:54:11.014+0000] {dag.py:3239} INFO - Sync 1 DAGs
[2024-12-01T08:54:11.033+0000] {logging_mixin.py:190} INFO - [2024-12-01T08:54:11.033+0000] {dag.py:4180} INFO - Setting next_dagrun for example_branch_operator to 2024-11-30 00:00:00+00:00, run_after=2024-12-01 00:00:00+00:00
[2024-12-01T08:54:11.046+0000] {processor.py:208} INFO - Processing /home/airflow/.local/lib/python3.12/site-packages/airflow/example_dags/example_branch_operator.py took 0.078 seconds
[2024-12-01T08:54:41.301+0000] {processor.py:186} INFO - Started process (PID=457) to work on /home/airflow/.local/lib/python3.12/site-packages/airflow/example_dags/example_branch_operator.py
[2024-12-01T08:54:41.302+0000] {processor.py:914} INFO - Processing file /home/airflow/.local/lib/python3.12/site-packages/airflow/example_dags/example_branch_operator.py for tasks to queue
[2024-12-01T08:54:41.304+0000] {logging_mixin.py:190} INFO - [2024-12-01T08:54:41.303+0000] {dagbag.py:588} INFO - Filling up the DagBag from /home/airflow/.local/lib/python3.12/site-packages/airflow/example_dags/example_branch_operator.py
[2024-12-01T08:54:41.313+0000] {processor.py:925} INFO - DAG(s) 'example_branch_operator' retrieved from /home/airflow/.local/lib/python3.12/site-packages/airflow/example_dags/example_branch_operator.py
[2024-12-01T08:54:41.332+0000] {logging_mixin.py:190} INFO - [2024-12-01T08:54:41.332+0000] {dag.py:3239} INFO - Sync 1 DAGs
[2024-12-01T08:54:41.350+0000] {logging_mixin.py:190} INFO - [2024-12-01T08:54:41.350+0000] {dag.py:4180} INFO - Setting next_dagrun for example_branch_operator to 2024-11-30 00:00:00+00:00, run_after=2024-12-01 00:00:00+00:00
[2024-12-01T08:54:41.365+0000] {processor.py:208} INFO - Processing /home/airflow/.local/lib/python3.12/site-packages/airflow/example_dags/example_branch_operator.py took 0.068 seconds
[2024-12-01T08:55:11.560+0000] {processor.py:186} INFO - Started process (PID=520) to work on /home/airflow/.local/lib/python3.12/site-packages/airflow/example_dags/example_branch_operator.py
[2024-12-01T08:55:11.561+0000] {processor.py:914} INFO - Processing file /home/airflow/.local/lib/python3.12/site-packages/airflow/example_dags/example_branch_operator.py for tasks to queue
[2024-12-01T08:55:11.562+0000] {logging_mixin.py:190} INFO - [2024-12-01T08:55:11.562+0000] {dagbag.py:588} INFO - Filling up the DagBag from /home/airflow/.local/lib/python3.12/site-packages/airflow/example_dags/example_branch_operator.py
[2024-12-01T08:55:11.570+0000] {processor.py:925} INFO - DAG(s) 'example_branch_operator' retrieved from /home/airflow/.local/lib/python3.12/site-packages/airflow/example_dags/example_branch_operator.py
[2024-12-01T08:55:11.588+0000] {logging_mixin.py:190} INFO - [2024-12-01T08:55:11.588+0000] {dag.py:3239} INFO - Sync 1 DAGs
[2024-12-01T08:55:11.600+0000] {logging_mixin.py:190} INFO - [2024-12-01T08:55:11.600+0000] {dag.py:4180} INFO - Setting next_dagrun for example_branch_operator to 2024-11-30 00:00:00+00:00, run_after=2024-12-01 00:00:00+00:00
[2024-12-01T08:55:11.611+0000] {processor.py:208} INFO - Processing /home/airflow/.local/lib/python3.12/site-packages/airflow/example_dags/example_branch_operator.py took 0.054 seconds
[2024-12-01T08:55:41.815+0000] {processor.py:186} INFO - Started process (PID=583) to work on /home/airflow/.local/lib/python3.12/site-packages/airflow/example_dags/example_branch_operator.py
[2024-12-01T08:55:41.816+0000] {processor.py:914} INFO - Processing file /home/airflow/.local/lib/python3.12/site-packages/airflow/example_dags/example_branch_operator.py for tasks to queue
[2024-12-01T08:55:41.817+0000] {logging_mixin.py:190} INFO - [2024-12-01T08:55:41.817+0000] {dagbag.py:588} INFO - Filling up the DagBag from /home/airflow/.local/lib/python3.12/site-packages/airflow/example_dags/example_branch_operator.py
[2024-12-01T08:55:41.829+0000] {processor.py:925} INFO - DAG(s) 'example_branch_operator' retrieved from /home/airflow/.local/lib/python3.12/site-packages/airflow/example_dags/example_branch_operator.py
[2024-12-01T08:55:41.847+0000] {logging_mixin.py:190} INFO - [2024-12-01T08:55:41.847+0000] {dag.py:3239} INFO - Sync 1 DAGs
[2024-12-01T08:55:41.861+0000] {logging_mixin.py:190} INFO - [2024-12-01T08:55:41.861+0000] {dag.py:4180} INFO - Setting next_dagrun for example_branch_operator to 2024-11-30 00:00:00+00:00, run_after=2024-12-01 00:00:00+00:00
[2024-12-01T08:55:41.874+0000] {processor.py:208} INFO - Processing /home/airflow/.local/lib/python3.12/site-packages/airflow/example_dags/example_branch_operator.py took 0.062 seconds
[2024-12-01T08:56:12.083+0000] {processor.py:186} INFO - Started process (PID=646) to work on /home/airflow/.local/lib/python3.12/site-packages/airflow/example_dags/example_branch_operator.py
[2024-12-01T08:56:12.083+0000] {processor.py:914} INFO - Processing file /home/airflow/.local/lib/python3.12/site-packages/airflow/example_dags/example_branch_operator.py for tasks to queue
[2024-12-01T08:56:12.084+0000] {logging_mixin.py:190} INFO - [2024-12-01T08:56:12.084+0000] {dagbag.py:588} INFO - Filling up the DagBag from /home/airflow/.local/lib/python3.12/site-packages/airflow/example_dags/example_branch_operator.py
[2024-12-01T08:56:12.093+0000] {processor.py:925} INFO - DAG(s) 'example_branch_operator' retrieved from /home/airflow/.local/lib/python3.12/site-packages/airflow/example_dags/example_branch_operator.py
[2024-12-01T08:56:12.110+0000] {logging_mixin.py:190} INFO - [2024-12-01T08:56:12.109+0000] {dag.py:3239} INFO - Sync 1 DAGs
[2024-12-01T08:56:12.121+0000] {logging_mixin.py:190} INFO - [2024-12-01T08:56:12.121+0000] {dag.py:4180} INFO - Setting next_dagrun for example_branch_operator to 2024-11-30 00:00:00+00:00, run_after=2024-12-01 00:00:00+00:00
[2024-12-01T08:56:12.133+0000] {processor.py:208} INFO - Processing /home/airflow/.local/lib/python3.12/site-packages/airflow/example_dags/example_branch_operator.py took 0.053 seconds
[2024-12-01T08:56:42.925+0000] {processor.py:186} INFO - Started process (PID=709) to work on /home/airflow/.local/lib/python3.12/site-packages/airflow/example_dags/example_branch_operator.py
[2024-12-01T08:56:42.926+0000] {processor.py:914} INFO - Processing file /home/airflow/.local/lib/python3.12/site-packages/airflow/example_dags/example_branch_operator.py for tasks to queue
[2024-12-01T08:56:42.927+0000] {logging_mixin.py:190} INFO - [2024-12-01T08:56:42.927+0000] {dagbag.py:588} INFO - Filling up the DagBag from /home/airflow/.local/lib/python3.12/site-packages/airflow/example_dags/example_branch_operator.py
[2024-12-01T08:56:42.938+0000] {processor.py:925} INFO - DAG(s) 'example_branch_operator' retrieved from /home/airflow/.local/lib/python3.12/site-packages/airflow/example_dags/example_branch_operator.py
[2024-12-01T08:56:42.957+0000] {logging_mixin.py:190} INFO - [2024-12-01T08:56:42.957+0000] {dag.py:3239} INFO - Sync 1 DAGs
[2024-12-01T08:56:42.975+0000] {logging_mixin.py:190} INFO - [2024-12-01T08:56:42.975+0000] {dag.py:4180} INFO - Setting next_dagrun for example_branch_operator to 2024-11-30 00:00:00+00:00, run_after=2024-12-01 00:00:00+00:00
[2024-12-01T08:56:43.002+0000] {processor.py:208} INFO - Processing /home/airflow/.local/lib/python3.12/site-packages/airflow/example_dags/example_branch_operator.py took 0.080 seconds
[2024-12-01T08:57:13.700+0000] {processor.py:186} INFO - Started process (PID=772) to work on /home/airflow/.local/lib/python3.12/site-packages/airflow/example_dags/example_branch_operator.py
[2024-12-01T08:57:13.700+0000] {processor.py:914} INFO - Processing file /home/airflow/.local/lib/python3.12/site-packages/airflow/example_dags/example_branch_operator.py for tasks to queue
[2024-12-01T08:57:13.701+0000] {logging_mixin.py:190} INFO - [2024-12-01T08:57:13.701+0000] {dagbag.py:588} INFO - Filling up the DagBag from /home/airflow/.local/lib/python3.12/site-packages/airflow/example_dags/example_branch_operator.py
[2024-12-01T08:57:13.710+0000] {processor.py:925} INFO - DAG(s) 'example_branch_operator' retrieved from /home/airflow/.local/lib/python3.12/site-packages/airflow/example_dags/example_branch_operator.py
[2024-12-01T08:57:13.732+0000] {logging_mixin.py:190} INFO - [2024-12-01T08:57:13.731+0000] {dag.py:3239} INFO - Sync 1 DAGs
[2024-12-01T08:57:13.749+0000] {logging_mixin.py:190} INFO - [2024-12-01T08:57:13.749+0000] {dag.py:4180} INFO - Setting next_dagrun for example_branch_operator to 2024-11-30 00:00:00+00:00, run_after=2024-12-01 00:00:00+00:00
[2024-12-01T08:57:13.762+0000] {processor.py:208} INFO - Processing /home/airflow/.local/lib/python3.12/site-packages/airflow/example_dags/example_branch_operator.py took 0.066 seconds
[2024-12-01T08:57:44.431+0000] {processor.py:186} INFO - Started process (PID=835) to work on /home/airflow/.local/lib/python3.12/site-packages/airflow/example_dags/example_branch_operator.py
[2024-12-01T08:57:44.431+0000] {processor.py:914} INFO - Processing file /home/airflow/.local/lib/python3.12/site-packages/airflow/example_dags/example_branch_operator.py for tasks to queue
[2024-12-01T08:57:44.432+0000] {logging_mixin.py:190} INFO - [2024-12-01T08:57:44.432+0000] {dagbag.py:588} INFO - Filling up the DagBag from /home/airflow/.local/lib/python3.12/site-packages/airflow/example_dags/example_branch_operator.py
[2024-12-01T08:57:44.441+0000] {processor.py:925} INFO - DAG(s) 'example_branch_operator' retrieved from /home/airflow/.local/lib/python3.12/site-packages/airflow/example_dags/example_branch_operator.py
[2024-12-01T08:57:44.458+0000] {logging_mixin.py:190} INFO - [2024-12-01T08:57:44.458+0000] {dag.py:3239} INFO - Sync 1 DAGs
[2024-12-01T08:57:44.470+0000] {logging_mixin.py:190} INFO - [2024-12-01T08:57:44.470+0000] {dag.py:4180} INFO - Setting next_dagrun for example_branch_operator to 2024-11-30 00:00:00+00:00, run_after=2024-12-01 00:00:00+00:00
[2024-12-01T08:57:44.481+0000] {processor.py:208} INFO - Processing /home/airflow/.local/lib/python3.12/site-packages/airflow/example_dags/example_branch_operator.py took 0.054 seconds
[2024-12-01T08:58:15.260+0000] {processor.py:186} INFO - Started process (PID=898) to work on /home/airflow/.local/lib/python3.12/site-packages/airflow/example_dags/example_branch_operator.py
[2024-12-01T08:58:15.260+0000] {processor.py:914} INFO - Processing file /home/airflow/.local/lib/python3.12/site-packages/airflow/example_dags/example_branch_operator.py for tasks to queue
[2024-12-01T08:58:15.261+0000] {logging_mixin.py:190} INFO - [2024-12-01T08:58:15.261+0000] {dagbag.py:588} INFO - Filling up the DagBag from /home/airflow/.local/lib/python3.12/site-packages/airflow/example_dags/example_branch_operator.py
[2024-12-01T08:58:15.270+0000] {processor.py:925} INFO - DAG(s) 'example_branch_operator' retrieved from /home/airflow/.local/lib/python3.12/site-packages/airflow/example_dags/example_branch_operator.py
[2024-12-01T08:58:15.288+0000] {logging_mixin.py:190} INFO - [2024-12-01T08:58:15.288+0000] {dag.py:3239} INFO - Sync 1 DAGs
[2024-12-01T08:58:15.308+0000] {logging_mixin.py:190} INFO - [2024-12-01T08:58:15.307+0000] {dag.py:4180} INFO - Setting next_dagrun for example_branch_operator to 2024-11-30 00:00:00+00:00, run_after=2024-12-01 00:00:00+00:00
[2024-12-01T08:58:15.321+0000] {processor.py:208} INFO - Processing /home/airflow/.local/lib/python3.12/site-packages/airflow/example_dags/example_branch_operator.py took 0.064 seconds
[2024-12-01T08:58:46.061+0000] {processor.py:186} INFO - Started process (PID=961) to work on /home/airflow/.local/lib/python3.12/site-packages/airflow/example_dags/example_branch_operator.py
[2024-12-01T08:58:46.062+0000] {processor.py:914} INFO - Processing file /home/airflow/.local/lib/python3.12/site-packages/airflow/example_dags/example_branch_operator.py for tasks to queue
[2024-12-01T08:58:46.063+0000] {logging_mixin.py:190} INFO - [2024-12-01T08:58:46.063+0000] {dagbag.py:588} INFO - Filling up the DagBag from /home/airflow/.local/lib/python3.12/site-packages/airflow/example_dags/example_branch_operator.py
[2024-12-01T08:58:46.071+0000] {processor.py:925} INFO - DAG(s) 'example_branch_operator' retrieved from /home/airflow/.local/lib/python3.12/site-packages/airflow/example_dags/example_branch_operator.py
[2024-12-01T08:58:46.093+0000] {logging_mixin.py:190} INFO - [2024-12-01T08:58:46.093+0000] {dag.py:3239} INFO - Sync 1 DAGs
[2024-12-01T08:58:46.106+0000] {logging_mixin.py:190} INFO - [2024-12-01T08:58:46.106+0000] {dag.py:4180} INFO - Setting next_dagrun for example_branch_operator to 2024-11-30 00:00:00+00:00, run_after=2024-12-01 00:00:00+00:00
[2024-12-01T08:58:46.114+0000] {processor.py:208} INFO - Processing /home/airflow/.local/lib/python3.12/site-packages/airflow/example_dags/example_branch_operator.py took 0.057 seconds
[2024-12-01T08:59:16.907+0000] {processor.py:186} INFO - Started process (PID=1024) to work on /home/airflow/.local/lib/python3.12/site-packages/airflow/example_dags/example_branch_operator.py
[2024-12-01T08:59:16.908+0000] {processor.py:914} INFO - Processing file /home/airflow/.local/lib/python3.12/site-packages/airflow/example_dags/example_branch_operator.py for tasks to queue
[2024-12-01T08:59:16.909+0000] {logging_mixin.py:190} INFO - [2024-12-01T08:59:16.909+0000] {dagbag.py:588} INFO - Filling up the DagBag from /home/airflow/.local/lib/python3.12/site-packages/airflow/example_dags/example_branch_operator.py
[2024-12-01T08:59:16.919+0000] {processor.py:925} INFO - DAG(s) 'example_branch_operator' retrieved from /home/airflow/.local/lib/python3.12/site-packages/airflow/example_dags/example_branch_operator.py
[2024-12-01T08:59:16.940+0000] {logging_mixin.py:190} INFO - [2024-12-01T08:59:16.939+0000] {dag.py:3239} INFO - Sync 1 DAGs
[2024-12-01T08:59:16.957+0000] {logging_mixin.py:190} INFO - [2024-12-01T08:59:16.957+0000] {dag.py:4180} INFO - Setting next_dagrun for example_branch_operator to 2024-11-30 00:00:00+00:00, run_after=2024-12-01 00:00:00+00:00
[2024-12-01T08:59:16.972+0000] {processor.py:208} INFO - Processing /home/airflow/.local/lib/python3.12/site-packages/airflow/example_dags/example_branch_operator.py took 0.068 seconds
[2024-12-01T08:59:47.756+0000] {processor.py:186} INFO - Started process (PID=1087) to work on /home/airflow/.local/lib/python3.12/site-packages/airflow/example_dags/example_branch_operator.py
[2024-12-01T08:59:47.756+0000] {processor.py:914} INFO - Processing file /home/airflow/.local/lib/python3.12/site-packages/airflow/example_dags/example_branch_operator.py for tasks to queue
[2024-12-01T08:59:47.757+0000] {logging_mixin.py:190} INFO - [2024-12-01T08:59:47.757+0000] {dagbag.py:588} INFO - Filling up the DagBag from /home/airflow/.local/lib/python3.12/site-packages/airflow/example_dags/example_branch_operator.py
[2024-12-01T08:59:47.766+0000] {processor.py:925} INFO - DAG(s) 'example_branch_operator' retrieved from /home/airflow/.local/lib/python3.12/site-packages/airflow/example_dags/example_branch_operator.py
[2024-12-01T08:59:47.787+0000] {logging_mixin.py:190} INFO - [2024-12-01T08:59:47.787+0000] {dag.py:3239} INFO - Sync 1 DAGs
[2024-12-01T08:59:47.805+0000] {logging_mixin.py:190} INFO - [2024-12-01T08:59:47.804+0000] {dag.py:4180} INFO - Setting next_dagrun for example_branch_operator to 2024-11-30 00:00:00+00:00, run_after=2024-12-01 00:00:00+00:00
[2024-12-01T08:59:47.817+0000] {processor.py:208} INFO - Processing /home/airflow/.local/lib/python3.12/site-packages/airflow/example_dags/example_branch_operator.py took 0.065 seconds
[2024-12-01T09:00:18.594+0000] {processor.py:186} INFO - Started process (PID=1150) to work on /home/airflow/.local/lib/python3.12/site-packages/airflow/example_dags/example_branch_operator.py
[2024-12-01T09:00:18.595+0000] {processor.py:914} INFO - Processing file /home/airflow/.local/lib/python3.12/site-packages/airflow/example_dags/example_branch_operator.py for tasks to queue
[2024-12-01T09:00:18.596+0000] {logging_mixin.py:190} INFO - [2024-12-01T09:00:18.596+0000] {dagbag.py:588} INFO - Filling up the DagBag from /home/airflow/.local/lib/python3.12/site-packages/airflow/example_dags/example_branch_operator.py
[2024-12-01T09:00:18.605+0000] {processor.py:925} INFO - DAG(s) 'example_branch_operator' retrieved from /home/airflow/.local/lib/python3.12/site-packages/airflow/example_dags/example_branch_operator.py
[2024-12-01T09:00:18.622+0000] {logging_mixin.py:190} INFO - [2024-12-01T09:00:18.622+0000] {dag.py:3239} INFO - Sync 1 DAGs
[2024-12-01T09:00:18.638+0000] {logging_mixin.py:190} INFO - [2024-12-01T09:00:18.638+0000] {dag.py:4180} INFO - Setting next_dagrun for example_branch_operator to 2024-11-30 00:00:00+00:00, run_after=2024-12-01 00:00:00+00:00
[2024-12-01T09:00:18.648+0000] {processor.py:208} INFO - Processing /home/airflow/.local/lib/python3.12/site-packages/airflow/example_dags/example_branch_operator.py took 0.058 seconds
[2024-12-01T09:00:49.229+0000] {processor.py:186} INFO - Started process (PID=1213) to work on /home/airflow/.local/lib/python3.12/site-packages/airflow/example_dags/example_branch_operator.py
[2024-12-01T09:00:49.230+0000] {processor.py:914} INFO - Processing file /home/airflow/.local/lib/python3.12/site-packages/airflow/example_dags/example_branch_operator.py for tasks to queue
[2024-12-01T09:00:49.231+0000] {logging_mixin.py:190} INFO - [2024-12-01T09:00:49.231+0000] {dagbag.py:588} INFO - Filling up the DagBag from /home/airflow/.local/lib/python3.12/site-packages/airflow/example_dags/example_branch_operator.py
[2024-12-01T09:00:49.242+0000] {processor.py:925} INFO - DAG(s) 'example_branch_operator' retrieved from /home/airflow/.local/lib/python3.12/site-packages/airflow/example_dags/example_branch_operator.py
[2024-12-01T09:00:49.264+0000] {logging_mixin.py:190} INFO - [2024-12-01T09:00:49.264+0000] {dag.py:3239} INFO - Sync 1 DAGs
[2024-12-01T09:00:49.282+0000] {logging_mixin.py:190} INFO - [2024-12-01T09:00:49.282+0000] {dag.py:4180} INFO - Setting next_dagrun for example_branch_operator to 2024-11-30 00:00:00+00:00, run_after=2024-12-01 00:00:00+00:00
[2024-12-01T09:00:49.296+0000] {processor.py:208} INFO - Processing /home/airflow/.local/lib/python3.12/site-packages/airflow/example_dags/example_branch_operator.py took 0.070 seconds
[2024-12-01T09:01:19.529+0000] {processor.py:186} INFO - Started process (PID=1276) to work on /home/airflow/.local/lib/python3.12/site-packages/airflow/example_dags/example_branch_operator.py
[2024-12-01T09:01:19.529+0000] {processor.py:914} INFO - Processing file /home/airflow/.local/lib/python3.12/site-packages/airflow/example_dags/example_branch_operator.py for tasks to queue
[2024-12-01T09:01:19.530+0000] {logging_mixin.py:190} INFO - [2024-12-01T09:01:19.530+0000] {dagbag.py:588} INFO - Filling up the DagBag from /home/airflow/.local/lib/python3.12/site-packages/airflow/example_dags/example_branch_operator.py
[2024-12-01T09:01:19.539+0000] {processor.py:925} INFO - DAG(s) 'example_branch_operator' retrieved from /home/airflow/.local/lib/python3.12/site-packages/airflow/example_dags/example_branch_operator.py
[2024-12-01T09:01:19.554+0000] {logging_mixin.py:190} INFO - [2024-12-01T09:01:19.554+0000] {dag.py:3239} INFO - Sync 1 DAGs
[2024-12-01T09:01:19.566+0000] {logging_mixin.py:190} INFO - [2024-12-01T09:01:19.566+0000] {dag.py:4180} INFO - Setting next_dagrun for example_branch_operator to 2024-11-30 00:00:00+00:00, run_after=2024-12-01 00:00:00+00:00
[2024-12-01T09:01:19.584+0000] {processor.py:208} INFO - Processing /home/airflow/.local/lib/python3.12/site-packages/airflow/example_dags/example_branch_operator.py took 0.058 seconds
[2024-12-01T09:01:49.857+0000] {processor.py:186} INFO - Started process (PID=1340) to work on /home/airflow/.local/lib/python3.12/site-packages/airflow/example_dags/example_branch_operator.py
[2024-12-01T09:01:49.857+0000] {processor.py:914} INFO - Processing file /home/airflow/.local/lib/python3.12/site-packages/airflow/example_dags/example_branch_operator.py for tasks to queue
[2024-12-01T09:01:49.858+0000] {logging_mixin.py:190} INFO - [2024-12-01T09:01:49.858+0000] {dagbag.py:588} INFO - Filling up the DagBag from /home/airflow/.local/lib/python3.12/site-packages/airflow/example_dags/example_branch_operator.py
[2024-12-01T09:01:49.869+0000] {processor.py:925} INFO - DAG(s) 'example_branch_operator' retrieved from /home/airflow/.local/lib/python3.12/site-packages/airflow/example_dags/example_branch_operator.py
[2024-12-01T09:01:49.887+0000] {logging_mixin.py:190} INFO - [2024-12-01T09:01:49.887+0000] {dag.py:3239} INFO - Sync 1 DAGs
[2024-12-01T09:01:49.905+0000] {logging_mixin.py:190} INFO - [2024-12-01T09:01:49.905+0000] {dag.py:4180} INFO - Setting next_dagrun for example_branch_operator to 2024-11-30 00:00:00+00:00, run_after=2024-12-01 00:00:00+00:00
[2024-12-01T09:01:49.918+0000] {processor.py:208} INFO - Processing /home/airflow/.local/lib/python3.12/site-packages/airflow/example_dags/example_branch_operator.py took 0.065 seconds
[2024-12-01T09:02:19.982+0000] {processor.py:186} INFO - Started process (PID=1403) to work on /home/airflow/.local/lib/python3.12/site-packages/airflow/example_dags/example_branch_operator.py
[2024-12-01T09:02:19.982+0000] {processor.py:914} INFO - Processing file /home/airflow/.local/lib/python3.12/site-packages/airflow/example_dags/example_branch_operator.py for tasks to queue
[2024-12-01T09:02:19.983+0000] {logging_mixin.py:190} INFO - [2024-12-01T09:02:19.983+0000] {dagbag.py:588} INFO - Filling up the DagBag from /home/airflow/.local/lib/python3.12/site-packages/airflow/example_dags/example_branch_operator.py
[2024-12-01T09:02:19.993+0000] {processor.py:925} INFO - DAG(s) 'example_branch_operator' retrieved from /home/airflow/.local/lib/python3.12/site-packages/airflow/example_dags/example_branch_operator.py
[2024-12-01T09:02:20.015+0000] {logging_mixin.py:190} INFO - [2024-12-01T09:02:20.015+0000] {dag.py:3239} INFO - Sync 1 DAGs
[2024-12-01T09:02:20.028+0000] {logging_mixin.py:190} INFO - [2024-12-01T09:02:20.028+0000] {dag.py:4180} INFO - Setting next_dagrun for example_branch_operator to 2024-11-30 00:00:00+00:00, run_after=2024-12-01 00:00:00+00:00
[2024-12-01T09:02:20.040+0000] {processor.py:208} INFO - Processing /home/airflow/.local/lib/python3.12/site-packages/airflow/example_dags/example_branch_operator.py took 0.062 seconds
[2024-12-01T09:02:50.903+0000] {processor.py:186} INFO - Started process (PID=1466) to work on /home/airflow/.local/lib/python3.12/site-packages/airflow/example_dags/example_branch_operator.py
[2024-12-01T09:02:50.904+0000] {processor.py:914} INFO - Processing file /home/airflow/.local/lib/python3.12/site-packages/airflow/example_dags/example_branch_operator.py for tasks to queue
[2024-12-01T09:02:50.905+0000] {logging_mixin.py:190} INFO - [2024-12-01T09:02:50.905+0000] {dagbag.py:588} INFO - Filling up the DagBag from /home/airflow/.local/lib/python3.12/site-packages/airflow/example_dags/example_branch_operator.py
[2024-12-01T09:02:50.917+0000] {processor.py:925} INFO - DAG(s) 'example_branch_operator' retrieved from /home/airflow/.local/lib/python3.12/site-packages/airflow/example_dags/example_branch_operator.py
[2024-12-01T09:02:50.944+0000] {logging_mixin.py:190} INFO - [2024-12-01T09:02:50.943+0000] {dag.py:3239} INFO - Sync 1 DAGs
[2024-12-01T09:02:50.974+0000] {logging_mixin.py:190} INFO - [2024-12-01T09:02:50.974+0000] {dag.py:4180} INFO - Setting next_dagrun for example_branch_operator to 2024-11-30 00:00:00+00:00, run_after=2024-12-01 00:00:00+00:00
[2024-12-01T09:02:51.022+0000] {processor.py:208} INFO - Processing /home/airflow/.local/lib/python3.12/site-packages/airflow/example_dags/example_branch_operator.py took 0.123 seconds
[2024-12-01T09:03:21.471+0000] {processor.py:186} INFO - Started process (PID=1529) to work on /home/airflow/.local/lib/python3.12/site-packages/airflow/example_dags/example_branch_operator.py
[2024-12-01T09:03:21.472+0000] {processor.py:914} INFO - Processing file /home/airflow/.local/lib/python3.12/site-packages/airflow/example_dags/example_branch_operator.py for tasks to queue
[2024-12-01T09:03:21.473+0000] {logging_mixin.py:190} INFO - [2024-12-01T09:03:21.473+0000] {dagbag.py:588} INFO - Filling up the DagBag from /home/airflow/.local/lib/python3.12/site-packages/airflow/example_dags/example_branch_operator.py
[2024-12-01T09:03:21.486+0000] {processor.py:925} INFO - DAG(s) 'example_branch_operator' retrieved from /home/airflow/.local/lib/python3.12/site-packages/airflow/example_dags/example_branch_operator.py
[2024-12-01T09:03:21.507+0000] {logging_mixin.py:190} INFO - [2024-12-01T09:03:21.507+0000] {dag.py:3239} INFO - Sync 1 DAGs
[2024-12-01T09:03:21.526+0000] {logging_mixin.py:190} INFO - [2024-12-01T09:03:21.525+0000] {dag.py:4180} INFO - Setting next_dagrun for example_branch_operator to 2024-11-30 00:00:00+00:00, run_after=2024-12-01 00:00:00+00:00
[2024-12-01T09:03:21.540+0000] {processor.py:208} INFO - Processing /home/airflow/.local/lib/python3.12/site-packages/airflow/example_dags/example_branch_operator.py took 0.074 seconds
[2024-12-01T09:03:52.012+0000] {processor.py:186} INFO - Started process (PID=1592) to work on /home/airflow/.local/lib/python3.12/site-packages/airflow/example_dags/example_branch_operator.py
[2024-12-01T09:03:52.013+0000] {processor.py:914} INFO - Processing file /home/airflow/.local/lib/python3.12/site-packages/airflow/example_dags/example_branch_operator.py for tasks to queue
[2024-12-01T09:03:52.014+0000] {logging_mixin.py:190} INFO - [2024-12-01T09:03:52.014+0000] {dagbag.py:588} INFO - Filling up the DagBag from /home/airflow/.local/lib/python3.12/site-packages/airflow/example_dags/example_branch_operator.py
[2024-12-01T09:03:52.025+0000] {processor.py:925} INFO - DAG(s) 'example_branch_operator' retrieved from /home/airflow/.local/lib/python3.12/site-packages/airflow/example_dags/example_branch_operator.py
[2024-12-01T09:03:52.046+0000] {logging_mixin.py:190} INFO - [2024-12-01T09:03:52.046+0000] {dag.py:3239} INFO - Sync 1 DAGs
[2024-12-01T09:03:52.065+0000] {logging_mixin.py:190} INFO - [2024-12-01T09:03:52.065+0000] {dag.py:4180} INFO - Setting next_dagrun for example_branch_operator to 2024-11-30 00:00:00+00:00, run_after=2024-12-01 00:00:00+00:00
[2024-12-01T09:03:52.077+0000] {processor.py:208} INFO - Processing /home/airflow/.local/lib/python3.12/site-packages/airflow/example_dags/example_branch_operator.py took 0.069 seconds
[2024-12-01T09:04:22.159+0000] {processor.py:186} INFO - Started process (PID=1655) to work on /home/airflow/.local/lib/python3.12/site-packages/airflow/example_dags/example_branch_operator.py
[2024-12-01T09:04:22.159+0000] {processor.py:914} INFO - Processing file /home/airflow/.local/lib/python3.12/site-packages/airflow/example_dags/example_branch_operator.py for tasks to queue
[2024-12-01T09:04:22.161+0000] {logging_mixin.py:190} INFO - [2024-12-01T09:04:22.161+0000] {dagbag.py:588} INFO - Filling up the DagBag from /home/airflow/.local/lib/python3.12/site-packages/airflow/example_dags/example_branch_operator.py
[2024-12-01T09:04:22.171+0000] {processor.py:925} INFO - DAG(s) 'example_branch_operator' retrieved from /home/airflow/.local/lib/python3.12/site-packages/airflow/example_dags/example_branch_operator.py
[2024-12-01T09:04:22.190+0000] {logging_mixin.py:190} INFO - [2024-12-01T09:04:22.189+0000] {dag.py:3239} INFO - Sync 1 DAGs
[2024-12-01T09:04:22.206+0000] {logging_mixin.py:190} INFO - [2024-12-01T09:04:22.206+0000] {dag.py:4180} INFO - Setting next_dagrun for example_branch_operator to 2024-11-30 00:00:00+00:00, run_after=2024-12-01 00:00:00+00:00
[2024-12-01T09:04:22.222+0000] {processor.py:208} INFO - Processing /home/airflow/.local/lib/python3.12/site-packages/airflow/example_dags/example_branch_operator.py took 0.068 seconds
[2024-12-01T09:04:52.676+0000] {processor.py:186} INFO - Started process (PID=1718) to work on /home/airflow/.local/lib/python3.12/site-packages/airflow/example_dags/example_branch_operator.py
[2024-12-01T09:04:52.677+0000] {processor.py:914} INFO - Processing file /home/airflow/.local/lib/python3.12/site-packages/airflow/example_dags/example_branch_operator.py for tasks to queue
[2024-12-01T09:04:52.678+0000] {logging_mixin.py:190} INFO - [2024-12-01T09:04:52.677+0000] {dagbag.py:588} INFO - Filling up the DagBag from /home/airflow/.local/lib/python3.12/site-packages/airflow/example_dags/example_branch_operator.py
[2024-12-01T09:04:52.687+0000] {processor.py:925} INFO - DAG(s) 'example_branch_operator' retrieved from /home/airflow/.local/lib/python3.12/site-packages/airflow/example_dags/example_branch_operator.py
[2024-12-01T09:04:52.704+0000] {logging_mixin.py:190} INFO - [2024-12-01T09:04:52.704+0000] {dag.py:3239} INFO - Sync 1 DAGs
[2024-12-01T09:04:52.718+0000] {logging_mixin.py:190} INFO - [2024-12-01T09:04:52.717+0000] {dag.py:4180} INFO - Setting next_dagrun for example_branch_operator to 2024-11-30 00:00:00+00:00, run_after=2024-12-01 00:00:00+00:00
[2024-12-01T09:04:52.729+0000] {processor.py:208} INFO - Processing /home/airflow/.local/lib/python3.12/site-packages/airflow/example_dags/example_branch_operator.py took 0.056 seconds
[2024-12-01T09:05:23.380+0000] {processor.py:186} INFO - Started process (PID=1781) to work on /home/airflow/.local/lib/python3.12/site-packages/airflow/example_dags/example_branch_operator.py
[2024-12-01T09:05:23.381+0000] {processor.py:914} INFO - Processing file /home/airflow/.local/lib/python3.12/site-packages/airflow/example_dags/example_branch_operator.py for tasks to queue
[2024-12-01T09:05:23.383+0000] {logging_mixin.py:190} INFO - [2024-12-01T09:05:23.383+0000] {dagbag.py:588} INFO - Filling up the DagBag from /home/airflow/.local/lib/python3.12/site-packages/airflow/example_dags/example_branch_operator.py
[2024-12-01T09:05:23.395+0000] {processor.py:925} INFO - DAG(s) 'example_branch_operator' retrieved from /home/airflow/.local/lib/python3.12/site-packages/airflow/example_dags/example_branch_operator.py
[2024-12-01T09:05:23.415+0000] {logging_mixin.py:190} INFO - [2024-12-01T09:05:23.414+0000] {dag.py:3239} INFO - Sync 1 DAGs
[2024-12-01T09:05:23.433+0000] {logging_mixin.py:190} INFO - [2024-12-01T09:05:23.433+0000] {dag.py:4180} INFO - Setting next_dagrun for example_branch_operator to 2024-11-30 00:00:00+00:00, run_after=2024-12-01 00:00:00+00:00
[2024-12-01T09:05:23.445+0000] {processor.py:208} INFO - Processing /home/airflow/.local/lib/python3.12/site-packages/airflow/example_dags/example_branch_operator.py took 0.069 seconds
[2024-12-01T09:05:54.397+0000] {processor.py:186} INFO - Started process (PID=1844) to work on /home/airflow/.local/lib/python3.12/site-packages/airflow/example_dags/example_branch_operator.py
[2024-12-01T09:05:54.398+0000] {processor.py:914} INFO - Processing file /home/airflow/.local/lib/python3.12/site-packages/airflow/example_dags/example_branch_operator.py for tasks to queue
[2024-12-01T09:05:54.399+0000] {logging_mixin.py:190} INFO - [2024-12-01T09:05:54.399+0000] {dagbag.py:588} INFO - Filling up the DagBag from /home/airflow/.local/lib/python3.12/site-packages/airflow/example_dags/example_branch_operator.py
[2024-12-01T09:05:54.410+0000] {processor.py:925} INFO - DAG(s) 'example_branch_operator' retrieved from /home/airflow/.local/lib/python3.12/site-packages/airflow/example_dags/example_branch_operator.py
[2024-12-01T09:05:54.430+0000] {logging_mixin.py:190} INFO - [2024-12-01T09:05:54.430+0000] {dag.py:3239} INFO - Sync 1 DAGs
[2024-12-01T09:05:54.448+0000] {logging_mixin.py:190} INFO - [2024-12-01T09:05:54.448+0000] {dag.py:4180} INFO - Setting next_dagrun for example_branch_operator to 2024-11-30 00:00:00+00:00, run_after=2024-12-01 00:00:00+00:00
[2024-12-01T09:05:54.459+0000] {processor.py:208} INFO - Processing /home/airflow/.local/lib/python3.12/site-packages/airflow/example_dags/example_branch_operator.py took 0.067 seconds
[2024-12-01T09:06:25.442+0000] {processor.py:186} INFO - Started process (PID=1907) to work on /home/airflow/.local/lib/python3.12/site-packages/airflow/example_dags/example_branch_operator.py
[2024-12-01T09:06:25.443+0000] {processor.py:914} INFO - Processing file /home/airflow/.local/lib/python3.12/site-packages/airflow/example_dags/example_branch_operator.py for tasks to queue
[2024-12-01T09:06:25.445+0000] {logging_mixin.py:190} INFO - [2024-12-01T09:06:25.444+0000] {dagbag.py:588} INFO - Filling up the DagBag from /home/airflow/.local/lib/python3.12/site-packages/airflow/example_dags/example_branch_operator.py
[2024-12-01T09:06:25.456+0000] {processor.py:925} INFO - DAG(s) 'example_branch_operator' retrieved from /home/airflow/.local/lib/python3.12/site-packages/airflow/example_dags/example_branch_operator.py
[2024-12-01T09:06:25.475+0000] {logging_mixin.py:190} INFO - [2024-12-01T09:06:25.475+0000] {dag.py:3239} INFO - Sync 1 DAGs
[2024-12-01T09:06:25.495+0000] {logging_mixin.py:190} INFO - [2024-12-01T09:06:25.495+0000] {dag.py:4180} INFO - Setting next_dagrun for example_branch_operator to 2024-11-30 00:00:00+00:00, run_after=2024-12-01 00:00:00+00:00
[2024-12-01T09:06:25.508+0000] {processor.py:208} INFO - Processing /home/airflow/.local/lib/python3.12/site-packages/airflow/example_dags/example_branch_operator.py took 0.070 seconds
[2024-12-01T09:06:55.896+0000] {processor.py:186} INFO - Started process (PID=1970) to work on /home/airflow/.local/lib/python3.12/site-packages/airflow/example_dags/example_branch_operator.py
[2024-12-01T09:06:55.896+0000] {processor.py:914} INFO - Processing file /home/airflow/.local/lib/python3.12/site-packages/airflow/example_dags/example_branch_operator.py for tasks to queue
[2024-12-01T09:06:55.899+0000] {logging_mixin.py:190} INFO - [2024-12-01T09:06:55.898+0000] {dagbag.py:588} INFO - Filling up the DagBag from /home/airflow/.local/lib/python3.12/site-packages/airflow/example_dags/example_branch_operator.py
[2024-12-01T09:06:55.914+0000] {processor.py:925} INFO - DAG(s) 'example_branch_operator' retrieved from /home/airflow/.local/lib/python3.12/site-packages/airflow/example_dags/example_branch_operator.py
[2024-12-01T09:06:55.939+0000] {logging_mixin.py:190} INFO - [2024-12-01T09:06:55.939+0000] {dag.py:3239} INFO - Sync 1 DAGs
[2024-12-01T09:06:55.959+0000] {logging_mixin.py:190} INFO - [2024-12-01T09:06:55.959+0000] {dag.py:4180} INFO - Setting next_dagrun for example_branch_operator to 2024-11-30 00:00:00+00:00, run_after=2024-12-01 00:00:00+00:00
[2024-12-01T09:06:55.974+0000] {processor.py:208} INFO - Processing /home/airflow/.local/lib/python3.12/site-packages/airflow/example_dags/example_branch_operator.py took 0.083 seconds
[2024-12-01T09:07:26.243+0000] {processor.py:186} INFO - Started process (PID=2033) to work on /home/airflow/.local/lib/python3.12/site-packages/airflow/example_dags/example_branch_operator.py
[2024-12-01T09:07:26.244+0000] {processor.py:914} INFO - Processing file /home/airflow/.local/lib/python3.12/site-packages/airflow/example_dags/example_branch_operator.py for tasks to queue
[2024-12-01T09:07:26.245+0000] {logging_mixin.py:190} INFO - [2024-12-01T09:07:26.245+0000] {dagbag.py:588} INFO - Filling up the DagBag from /home/airflow/.local/lib/python3.12/site-packages/airflow/example_dags/example_branch_operator.py
[2024-12-01T09:07:26.254+0000] {processor.py:925} INFO - DAG(s) 'example_branch_operator' retrieved from /home/airflow/.local/lib/python3.12/site-packages/airflow/example_dags/example_branch_operator.py
[2024-12-01T09:07:26.272+0000] {logging_mixin.py:190} INFO - [2024-12-01T09:07:26.272+0000] {dag.py:3239} INFO - Sync 1 DAGs
[2024-12-01T09:07:26.289+0000] {logging_mixin.py:190} INFO - [2024-12-01T09:07:26.289+0000] {dag.py:4180} INFO - Setting next_dagrun for example_branch_operator to 2024-11-30 00:00:00+00:00, run_after=2024-12-01 00:00:00+00:00
[2024-12-01T09:07:26.304+0000] {processor.py:208} INFO - Processing /home/airflow/.local/lib/python3.12/site-packages/airflow/example_dags/example_branch_operator.py took 0.065 seconds
[2024-12-01T09:07:56.745+0000] {processor.py:186} INFO - Started process (PID=2096) to work on /home/airflow/.local/lib/python3.12/site-packages/airflow/example_dags/example_branch_operator.py
[2024-12-01T09:07:56.746+0000] {processor.py:914} INFO - Processing file /home/airflow/.local/lib/python3.12/site-packages/airflow/example_dags/example_branch_operator.py for tasks to queue
[2024-12-01T09:07:56.748+0000] {logging_mixin.py:190} INFO - [2024-12-01T09:07:56.747+0000] {dagbag.py:588} INFO - Filling up the DagBag from /home/airflow/.local/lib/python3.12/site-packages/airflow/example_dags/example_branch_operator.py
[2024-12-01T09:07:56.759+0000] {processor.py:925} INFO - DAG(s) 'example_branch_operator' retrieved from /home/airflow/.local/lib/python3.12/site-packages/airflow/example_dags/example_branch_operator.py
[2024-12-01T09:07:56.781+0000] {logging_mixin.py:190} INFO - [2024-12-01T09:07:56.780+0000] {dag.py:3239} INFO - Sync 1 DAGs
[2024-12-01T09:07:56.799+0000] {logging_mixin.py:190} INFO - [2024-12-01T09:07:56.799+0000] {dag.py:4180} INFO - Setting next_dagrun for example_branch_operator to 2024-11-30 00:00:00+00:00, run_after=2024-12-01 00:00:00+00:00
[2024-12-01T09:07:56.811+0000] {processor.py:208} INFO - Processing /home/airflow/.local/lib/python3.12/site-packages/airflow/example_dags/example_branch_operator.py took 0.071 seconds
[2024-12-01T09:08:27.462+0000] {processor.py:186} INFO - Started process (PID=2159) to work on /home/airflow/.local/lib/python3.12/site-packages/airflow/example_dags/example_branch_operator.py
[2024-12-01T09:08:27.463+0000] {processor.py:914} INFO - Processing file /home/airflow/.local/lib/python3.12/site-packages/airflow/example_dags/example_branch_operator.py for tasks to queue
[2024-12-01T09:08:27.464+0000] {logging_mixin.py:190} INFO - [2024-12-01T09:08:27.464+0000] {dagbag.py:588} INFO - Filling up the DagBag from /home/airflow/.local/lib/python3.12/site-packages/airflow/example_dags/example_branch_operator.py
[2024-12-01T09:08:27.475+0000] {processor.py:925} INFO - DAG(s) 'example_branch_operator' retrieved from /home/airflow/.local/lib/python3.12/site-packages/airflow/example_dags/example_branch_operator.py
[2024-12-01T09:08:27.495+0000] {logging_mixin.py:190} INFO - [2024-12-01T09:08:27.495+0000] {dag.py:3239} INFO - Sync 1 DAGs
[2024-12-01T09:08:27.513+0000] {logging_mixin.py:190} INFO - [2024-12-01T09:08:27.513+0000] {dag.py:4180} INFO - Setting next_dagrun for example_branch_operator to 2024-11-30 00:00:00+00:00, run_after=2024-12-01 00:00:00+00:00
[2024-12-01T09:08:27.526+0000] {processor.py:208} INFO - Processing /home/airflow/.local/lib/python3.12/site-packages/airflow/example_dags/example_branch_operator.py took 0.069 seconds
[2024-12-01T09:08:58.331+0000] {processor.py:186} INFO - Started process (PID=2222) to work on /home/airflow/.local/lib/python3.12/site-packages/airflow/example_dags/example_branch_operator.py
[2024-12-01T09:08:58.332+0000] {processor.py:914} INFO - Processing file /home/airflow/.local/lib/python3.12/site-packages/airflow/example_dags/example_branch_operator.py for tasks to queue
[2024-12-01T09:08:58.333+0000] {logging_mixin.py:190} INFO - [2024-12-01T09:08:58.333+0000] {dagbag.py:588} INFO - Filling up the DagBag from /home/airflow/.local/lib/python3.12/site-packages/airflow/example_dags/example_branch_operator.py
[2024-12-01T09:08:58.344+0000] {processor.py:925} INFO - DAG(s) 'example_branch_operator' retrieved from /home/airflow/.local/lib/python3.12/site-packages/airflow/example_dags/example_branch_operator.py
[2024-12-01T09:08:58.361+0000] {logging_mixin.py:190} INFO - [2024-12-01T09:08:58.361+0000] {dag.py:3239} INFO - Sync 1 DAGs
[2024-12-01T09:08:58.373+0000] {logging_mixin.py:190} INFO - [2024-12-01T09:08:58.373+0000] {dag.py:4180} INFO - Setting next_dagrun for example_branch_operator to 2024-11-30 00:00:00+00:00, run_after=2024-12-01 00:00:00+00:00
[2024-12-01T09:08:58.386+0000] {processor.py:208} INFO - Processing /home/airflow/.local/lib/python3.12/site-packages/airflow/example_dags/example_branch_operator.py took 0.058 seconds
[2024-12-01T09:09:28.677+0000] {processor.py:186} INFO - Started process (PID=2284) to work on /home/airflow/.local/lib/python3.12/site-packages/airflow/example_dags/example_branch_operator.py
[2024-12-01T09:09:28.677+0000] {processor.py:914} INFO - Processing file /home/airflow/.local/lib/python3.12/site-packages/airflow/example_dags/example_branch_operator.py for tasks to queue
[2024-12-01T09:09:28.678+0000] {logging_mixin.py:190} INFO - [2024-12-01T09:09:28.678+0000] {dagbag.py:588} INFO - Filling up the DagBag from /home/airflow/.local/lib/python3.12/site-packages/airflow/example_dags/example_branch_operator.py
[2024-12-01T09:09:28.688+0000] {processor.py:925} INFO - DAG(s) 'example_branch_operator' retrieved from /home/airflow/.local/lib/python3.12/site-packages/airflow/example_dags/example_branch_operator.py
[2024-12-01T09:09:28.704+0000] {logging_mixin.py:190} INFO - [2024-12-01T09:09:28.703+0000] {dag.py:3239} INFO - Sync 1 DAGs
[2024-12-01T09:09:28.718+0000] {logging_mixin.py:190} INFO - [2024-12-01T09:09:28.718+0000] {dag.py:4180} INFO - Setting next_dagrun for example_branch_operator to 2024-11-30 00:00:00+00:00, run_after=2024-12-01 00:00:00+00:00
[2024-12-01T09:09:28.732+0000] {processor.py:208} INFO - Processing /home/airflow/.local/lib/python3.12/site-packages/airflow/example_dags/example_branch_operator.py took 0.059 seconds
