[2024-12-01T08:51:43.057+0000] {processor.py:186} INFO - Started process (PID=118) to work on /home/airflow/.local/lib/python3.12/site-packages/airflow/example_dags/example_sensor_decorator.py
[2024-12-01T08:51:43.058+0000] {processor.py:914} INFO - Processing file /home/airflow/.local/lib/python3.12/site-packages/airflow/example_dags/example_sensor_decorator.py for tasks to queue
[2024-12-01T08:51:43.059+0000] {logging_mixin.py:190} INFO - [2024-12-01T08:51:43.059+0000] {dagbag.py:588} INFO - Filling up the DagBag from /home/airflow/.local/lib/python3.12/site-packages/airflow/example_dags/example_sensor_decorator.py
[2024-12-01T08:51:43.064+0000] {processor.py:925} INFO - DAG(s) 'example_sensor_decorator' retrieved from /home/airflow/.local/lib/python3.12/site-packages/airflow/example_dags/example_sensor_decorator.py
[2024-12-01T08:51:43.140+0000] {logging_mixin.py:190} INFO - [2024-12-01T08:51:43.140+0000] {override.py:1911} INFO - Created Permission View: can edit on DAG:example_sensor_decorator
[2024-12-01T08:51:43.147+0000] {logging_mixin.py:190} INFO - [2024-12-01T08:51:43.147+0000] {override.py:1911} INFO - Created Permission View: can read on DAG:example_sensor_decorator
[2024-12-01T08:51:43.152+0000] {logging_mixin.py:190} INFO - [2024-12-01T08:51:43.151+0000] {override.py:1911} INFO - Created Permission View: can delete on DAG:example_sensor_decorator
[2024-12-01T08:51:43.156+0000] {logging_mixin.py:190} INFO - [2024-12-01T08:51:43.156+0000] {override.py:1911} INFO - Created Permission View: can create on DAG Run:example_sensor_decorator
[2024-12-01T08:51:43.160+0000] {logging_mixin.py:190} INFO - [2024-12-01T08:51:43.160+0000] {override.py:1911} INFO - Created Permission View: menu access on DAG Run:example_sensor_decorator
[2024-12-01T08:51:43.164+0000] {logging_mixin.py:190} INFO - [2024-12-01T08:51:43.163+0000] {override.py:1911} INFO - Created Permission View: can read on DAG Run:example_sensor_decorator
[2024-12-01T08:51:43.166+0000] {logging_mixin.py:190} INFO - [2024-12-01T08:51:43.166+0000] {override.py:1911} INFO - Created Permission View: can delete on DAG Run:example_sensor_decorator
[2024-12-01T08:51:43.166+0000] {logging_mixin.py:190} INFO - [2024-12-01T08:51:43.166+0000] {dag.py:3239} INFO - Sync 1 DAGs
[2024-12-01T08:51:43.174+0000] {logging_mixin.py:190} INFO - [2024-12-01T08:51:43.174+0000] {dag.py:3262} INFO - Creating ORM DAG for example_sensor_decorator
[2024-12-01T08:51:43.174+0000] {logging_mixin.py:190} INFO - [2024-12-01T08:51:43.174+0000] {dag.py:4180} INFO - Setting next_dagrun for example_sensor_decorator to None, run_after=None
[2024-12-01T08:51:43.185+0000] {processor.py:208} INFO - Processing /home/airflow/.local/lib/python3.12/site-packages/airflow/example_dags/example_sensor_decorator.py took 0.132 seconds
[2024-12-01T08:52:13.203+0000] {processor.py:186} INFO - Started process (PID=179) to work on /home/airflow/.local/lib/python3.12/site-packages/airflow/example_dags/example_sensor_decorator.py
[2024-12-01T08:52:13.204+0000] {processor.py:914} INFO - Processing file /home/airflow/.local/lib/python3.12/site-packages/airflow/example_dags/example_sensor_decorator.py for tasks to queue
[2024-12-01T08:52:13.205+0000] {logging_mixin.py:190} INFO - [2024-12-01T08:52:13.205+0000] {dagbag.py:588} INFO - Filling up the DagBag from /home/airflow/.local/lib/python3.12/site-packages/airflow/example_dags/example_sensor_decorator.py
[2024-12-01T08:52:13.209+0000] {processor.py:925} INFO - DAG(s) 'example_sensor_decorator' retrieved from /home/airflow/.local/lib/python3.12/site-packages/airflow/example_dags/example_sensor_decorator.py
[2024-12-01T08:52:13.224+0000] {logging_mixin.py:190} INFO - [2024-12-01T08:52:13.224+0000] {dag.py:3239} INFO - Sync 1 DAGs
[2024-12-01T08:52:13.235+0000] {logging_mixin.py:190} INFO - [2024-12-01T08:52:13.235+0000] {dag.py:4180} INFO - Setting next_dagrun for example_sensor_decorator to None, run_after=None
[2024-12-01T08:52:13.249+0000] {processor.py:208} INFO - Processing /home/airflow/.local/lib/python3.12/site-packages/airflow/example_dags/example_sensor_decorator.py took 0.049 seconds
[2024-12-01T08:52:43.675+0000] {processor.py:186} INFO - Started process (PID=243) to work on /home/airflow/.local/lib/python3.12/site-packages/airflow/example_dags/example_sensor_decorator.py
[2024-12-01T08:52:43.676+0000] {processor.py:914} INFO - Processing file /home/airflow/.local/lib/python3.12/site-packages/airflow/example_dags/example_sensor_decorator.py for tasks to queue
[2024-12-01T08:52:43.677+0000] {logging_mixin.py:190} INFO - [2024-12-01T08:52:43.677+0000] {dagbag.py:588} INFO - Filling up the DagBag from /home/airflow/.local/lib/python3.12/site-packages/airflow/example_dags/example_sensor_decorator.py
[2024-12-01T08:52:43.684+0000] {processor.py:925} INFO - DAG(s) 'example_sensor_decorator' retrieved from /home/airflow/.local/lib/python3.12/site-packages/airflow/example_dags/example_sensor_decorator.py
[2024-12-01T08:52:43.695+0000] {logging_mixin.py:190} INFO - [2024-12-01T08:52:43.695+0000] {dag.py:3239} INFO - Sync 1 DAGs
[2024-12-01T08:52:43.702+0000] {logging_mixin.py:190} INFO - [2024-12-01T08:52:43.702+0000] {dag.py:4180} INFO - Setting next_dagrun for example_sensor_decorator to None, run_after=None
[2024-12-01T08:52:43.712+0000] {processor.py:208} INFO - Processing /home/airflow/.local/lib/python3.12/site-packages/airflow/example_dags/example_sensor_decorator.py took 0.041 seconds
[2024-12-01T08:53:14.023+0000] {processor.py:186} INFO - Started process (PID=306) to work on /home/airflow/.local/lib/python3.12/site-packages/airflow/example_dags/example_sensor_decorator.py
[2024-12-01T08:53:14.023+0000] {processor.py:914} INFO - Processing file /home/airflow/.local/lib/python3.12/site-packages/airflow/example_dags/example_sensor_decorator.py for tasks to queue
[2024-12-01T08:53:14.024+0000] {logging_mixin.py:190} INFO - [2024-12-01T08:53:14.024+0000] {dagbag.py:588} INFO - Filling up the DagBag from /home/airflow/.local/lib/python3.12/site-packages/airflow/example_dags/example_sensor_decorator.py
[2024-12-01T08:53:14.029+0000] {processor.py:925} INFO - DAG(s) 'example_sensor_decorator' retrieved from /home/airflow/.local/lib/python3.12/site-packages/airflow/example_dags/example_sensor_decorator.py
[2024-12-01T08:53:14.043+0000] {logging_mixin.py:190} INFO - [2024-12-01T08:53:14.043+0000] {dag.py:3239} INFO - Sync 1 DAGs
[2024-12-01T08:53:14.053+0000] {logging_mixin.py:190} INFO - [2024-12-01T08:53:14.053+0000] {dag.py:4180} INFO - Setting next_dagrun for example_sensor_decorator to None, run_after=None
[2024-12-01T08:53:14.068+0000] {processor.py:208} INFO - Processing /home/airflow/.local/lib/python3.12/site-packages/airflow/example_dags/example_sensor_decorator.py took 0.049 seconds
[2024-12-01T08:53:44.917+0000] {processor.py:186} INFO - Started process (PID=369) to work on /home/airflow/.local/lib/python3.12/site-packages/airflow/example_dags/example_sensor_decorator.py
[2024-12-01T08:53:44.917+0000] {processor.py:914} INFO - Processing file /home/airflow/.local/lib/python3.12/site-packages/airflow/example_dags/example_sensor_decorator.py for tasks to queue
[2024-12-01T08:53:44.919+0000] {logging_mixin.py:190} INFO - [2024-12-01T08:53:44.918+0000] {dagbag.py:588} INFO - Filling up the DagBag from /home/airflow/.local/lib/python3.12/site-packages/airflow/example_dags/example_sensor_decorator.py
[2024-12-01T08:53:44.923+0000] {processor.py:925} INFO - DAG(s) 'example_sensor_decorator' retrieved from /home/airflow/.local/lib/python3.12/site-packages/airflow/example_dags/example_sensor_decorator.py
[2024-12-01T08:53:44.938+0000] {logging_mixin.py:190} INFO - [2024-12-01T08:53:44.937+0000] {dag.py:3239} INFO - Sync 1 DAGs
[2024-12-01T08:53:44.948+0000] {logging_mixin.py:190} INFO - [2024-12-01T08:53:44.948+0000] {dag.py:4180} INFO - Setting next_dagrun for example_sensor_decorator to None, run_after=None
[2024-12-01T08:53:44.959+0000] {processor.py:208} INFO - Processing /home/airflow/.local/lib/python3.12/site-packages/airflow/example_dags/example_sensor_decorator.py took 0.047 seconds
[2024-12-01T08:54:16.584+0000] {processor.py:186} INFO - Started process (PID=432) to work on /home/airflow/.local/lib/python3.12/site-packages/airflow/example_dags/example_sensor_decorator.py
[2024-12-01T08:54:16.585+0000] {processor.py:914} INFO - Processing file /home/airflow/.local/lib/python3.12/site-packages/airflow/example_dags/example_sensor_decorator.py for tasks to queue
[2024-12-01T08:54:16.586+0000] {logging_mixin.py:190} INFO - [2024-12-01T08:54:16.586+0000] {dagbag.py:588} INFO - Filling up the DagBag from /home/airflow/.local/lib/python3.12/site-packages/airflow/example_dags/example_sensor_decorator.py
[2024-12-01T08:54:16.590+0000] {processor.py:925} INFO - DAG(s) 'example_sensor_decorator' retrieved from /home/airflow/.local/lib/python3.12/site-packages/airflow/example_dags/example_sensor_decorator.py
[2024-12-01T08:54:16.605+0000] {logging_mixin.py:190} INFO - [2024-12-01T08:54:16.605+0000] {dag.py:3239} INFO - Sync 1 DAGs
[2024-12-01T08:54:16.614+0000] {logging_mixin.py:190} INFO - [2024-12-01T08:54:16.613+0000] {dag.py:4180} INFO - Setting next_dagrun for example_sensor_decorator to None, run_after=None
[2024-12-01T08:54:16.624+0000] {processor.py:208} INFO - Processing /home/airflow/.local/lib/python3.12/site-packages/airflow/example_dags/example_sensor_decorator.py took 0.045 seconds
[2024-12-01T08:54:47.829+0000] {processor.py:186} INFO - Started process (PID=495) to work on /home/airflow/.local/lib/python3.12/site-packages/airflow/example_dags/example_sensor_decorator.py
[2024-12-01T08:54:47.830+0000] {processor.py:914} INFO - Processing file /home/airflow/.local/lib/python3.12/site-packages/airflow/example_dags/example_sensor_decorator.py for tasks to queue
[2024-12-01T08:54:47.831+0000] {logging_mixin.py:190} INFO - [2024-12-01T08:54:47.831+0000] {dagbag.py:588} INFO - Filling up the DagBag from /home/airflow/.local/lib/python3.12/site-packages/airflow/example_dags/example_sensor_decorator.py
[2024-12-01T08:54:47.836+0000] {processor.py:925} INFO - DAG(s) 'example_sensor_decorator' retrieved from /home/airflow/.local/lib/python3.12/site-packages/airflow/example_dags/example_sensor_decorator.py
[2024-12-01T08:54:47.847+0000] {logging_mixin.py:190} INFO - [2024-12-01T08:54:47.847+0000] {dag.py:3239} INFO - Sync 1 DAGs
[2024-12-01T08:54:47.855+0000] {logging_mixin.py:190} INFO - [2024-12-01T08:54:47.854+0000] {dag.py:4180} INFO - Setting next_dagrun for example_sensor_decorator to None, run_after=None
[2024-12-01T08:54:47.863+0000] {processor.py:208} INFO - Processing /home/airflow/.local/lib/python3.12/site-packages/airflow/example_dags/example_sensor_decorator.py took 0.037 seconds
[2024-12-01T08:55:18.972+0000] {processor.py:186} INFO - Started process (PID=558) to work on /home/airflow/.local/lib/python3.12/site-packages/airflow/example_dags/example_sensor_decorator.py
[2024-12-01T08:55:18.973+0000] {processor.py:914} INFO - Processing file /home/airflow/.local/lib/python3.12/site-packages/airflow/example_dags/example_sensor_decorator.py for tasks to queue
[2024-12-01T08:55:18.974+0000] {logging_mixin.py:190} INFO - [2024-12-01T08:55:18.973+0000] {dagbag.py:588} INFO - Filling up the DagBag from /home/airflow/.local/lib/python3.12/site-packages/airflow/example_dags/example_sensor_decorator.py
[2024-12-01T08:55:18.978+0000] {processor.py:925} INFO - DAG(s) 'example_sensor_decorator' retrieved from /home/airflow/.local/lib/python3.12/site-packages/airflow/example_dags/example_sensor_decorator.py
[2024-12-01T08:55:18.989+0000] {logging_mixin.py:190} INFO - [2024-12-01T08:55:18.989+0000] {dag.py:3239} INFO - Sync 1 DAGs
[2024-12-01T08:55:18.998+0000] {logging_mixin.py:190} INFO - [2024-12-01T08:55:18.997+0000] {dag.py:4180} INFO - Setting next_dagrun for example_sensor_decorator to None, run_after=None
[2024-12-01T08:55:19.009+0000] {processor.py:208} INFO - Processing /home/airflow/.local/lib/python3.12/site-packages/airflow/example_dags/example_sensor_decorator.py took 0.041 seconds
[2024-12-01T08:55:50.305+0000] {processor.py:186} INFO - Started process (PID=621) to work on /home/airflow/.local/lib/python3.12/site-packages/airflow/example_dags/example_sensor_decorator.py
[2024-12-01T08:55:50.306+0000] {processor.py:914} INFO - Processing file /home/airflow/.local/lib/python3.12/site-packages/airflow/example_dags/example_sensor_decorator.py for tasks to queue
[2024-12-01T08:55:50.308+0000] {logging_mixin.py:190} INFO - [2024-12-01T08:55:50.307+0000] {dagbag.py:588} INFO - Filling up the DagBag from /home/airflow/.local/lib/python3.12/site-packages/airflow/example_dags/example_sensor_decorator.py
[2024-12-01T08:55:50.313+0000] {processor.py:925} INFO - DAG(s) 'example_sensor_decorator' retrieved from /home/airflow/.local/lib/python3.12/site-packages/airflow/example_dags/example_sensor_decorator.py
[2024-12-01T08:55:50.328+0000] {logging_mixin.py:190} INFO - [2024-12-01T08:55:50.327+0000] {dag.py:3239} INFO - Sync 1 DAGs
[2024-12-01T08:55:50.338+0000] {logging_mixin.py:190} INFO - [2024-12-01T08:55:50.337+0000] {dag.py:4180} INFO - Setting next_dagrun for example_sensor_decorator to None, run_after=None
[2024-12-01T08:55:50.355+0000] {processor.py:208} INFO - Processing /home/airflow/.local/lib/python3.12/site-packages/airflow/example_dags/example_sensor_decorator.py took 0.054 seconds
[2024-12-01T08:56:21.140+0000] {processor.py:186} INFO - Started process (PID=684) to work on /home/airflow/.local/lib/python3.12/site-packages/airflow/example_dags/example_sensor_decorator.py
[2024-12-01T08:56:21.140+0000] {processor.py:914} INFO - Processing file /home/airflow/.local/lib/python3.12/site-packages/airflow/example_dags/example_sensor_decorator.py for tasks to queue
[2024-12-01T08:56:21.141+0000] {logging_mixin.py:190} INFO - [2024-12-01T08:56:21.141+0000] {dagbag.py:588} INFO - Filling up the DagBag from /home/airflow/.local/lib/python3.12/site-packages/airflow/example_dags/example_sensor_decorator.py
[2024-12-01T08:56:21.146+0000] {processor.py:925} INFO - DAG(s) 'example_sensor_decorator' retrieved from /home/airflow/.local/lib/python3.12/site-packages/airflow/example_dags/example_sensor_decorator.py
[2024-12-01T08:56:21.158+0000] {logging_mixin.py:190} INFO - [2024-12-01T08:56:21.158+0000] {dag.py:3239} INFO - Sync 1 DAGs
[2024-12-01T08:56:21.166+0000] {logging_mixin.py:190} INFO - [2024-12-01T08:56:21.166+0000] {dag.py:4180} INFO - Setting next_dagrun for example_sensor_decorator to None, run_after=None
[2024-12-01T08:56:21.179+0000] {processor.py:208} INFO - Processing /home/airflow/.local/lib/python3.12/site-packages/airflow/example_dags/example_sensor_decorator.py took 0.043 seconds
[2024-12-01T08:56:51.916+0000] {processor.py:186} INFO - Started process (PID=747) to work on /home/airflow/.local/lib/python3.12/site-packages/airflow/example_dags/example_sensor_decorator.py
[2024-12-01T08:56:51.916+0000] {processor.py:914} INFO - Processing file /home/airflow/.local/lib/python3.12/site-packages/airflow/example_dags/example_sensor_decorator.py for tasks to queue
[2024-12-01T08:56:51.918+0000] {logging_mixin.py:190} INFO - [2024-12-01T08:56:51.917+0000] {dagbag.py:588} INFO - Filling up the DagBag from /home/airflow/.local/lib/python3.12/site-packages/airflow/example_dags/example_sensor_decorator.py
[2024-12-01T08:56:51.922+0000] {processor.py:925} INFO - DAG(s) 'example_sensor_decorator' retrieved from /home/airflow/.local/lib/python3.12/site-packages/airflow/example_dags/example_sensor_decorator.py
[2024-12-01T08:56:51.937+0000] {logging_mixin.py:190} INFO - [2024-12-01T08:56:51.937+0000] {dag.py:3239} INFO - Sync 1 DAGs
[2024-12-01T08:56:51.948+0000] {logging_mixin.py:190} INFO - [2024-12-01T08:56:51.948+0000] {dag.py:4180} INFO - Setting next_dagrun for example_sensor_decorator to None, run_after=None
[2024-12-01T08:56:51.962+0000] {processor.py:208} INFO - Processing /home/airflow/.local/lib/python3.12/site-packages/airflow/example_dags/example_sensor_decorator.py took 0.051 seconds
[2024-12-01T08:57:22.670+0000] {processor.py:186} INFO - Started process (PID=810) to work on /home/airflow/.local/lib/python3.12/site-packages/airflow/example_dags/example_sensor_decorator.py
[2024-12-01T08:57:22.671+0000] {processor.py:914} INFO - Processing file /home/airflow/.local/lib/python3.12/site-packages/airflow/example_dags/example_sensor_decorator.py for tasks to queue
[2024-12-01T08:57:22.672+0000] {logging_mixin.py:190} INFO - [2024-12-01T08:57:22.672+0000] {dagbag.py:588} INFO - Filling up the DagBag from /home/airflow/.local/lib/python3.12/site-packages/airflow/example_dags/example_sensor_decorator.py
[2024-12-01T08:57:22.677+0000] {processor.py:925} INFO - DAG(s) 'example_sensor_decorator' retrieved from /home/airflow/.local/lib/python3.12/site-packages/airflow/example_dags/example_sensor_decorator.py
[2024-12-01T08:57:22.690+0000] {logging_mixin.py:190} INFO - [2024-12-01T08:57:22.690+0000] {dag.py:3239} INFO - Sync 1 DAGs
[2024-12-01T08:57:22.702+0000] {logging_mixin.py:190} INFO - [2024-12-01T08:57:22.702+0000] {dag.py:4180} INFO - Setting next_dagrun for example_sensor_decorator to None, run_after=None
[2024-12-01T08:57:22.716+0000] {processor.py:208} INFO - Processing /home/airflow/.local/lib/python3.12/site-packages/airflow/example_dags/example_sensor_decorator.py took 0.050 seconds
[2024-12-01T08:57:53.510+0000] {processor.py:186} INFO - Started process (PID=873) to work on /home/airflow/.local/lib/python3.12/site-packages/airflow/example_dags/example_sensor_decorator.py
[2024-12-01T08:57:53.510+0000] {processor.py:914} INFO - Processing file /home/airflow/.local/lib/python3.12/site-packages/airflow/example_dags/example_sensor_decorator.py for tasks to queue
[2024-12-01T08:57:53.511+0000] {logging_mixin.py:190} INFO - [2024-12-01T08:57:53.511+0000] {dagbag.py:588} INFO - Filling up the DagBag from /home/airflow/.local/lib/python3.12/site-packages/airflow/example_dags/example_sensor_decorator.py
[2024-12-01T08:57:53.515+0000] {processor.py:925} INFO - DAG(s) 'example_sensor_decorator' retrieved from /home/airflow/.local/lib/python3.12/site-packages/airflow/example_dags/example_sensor_decorator.py
[2024-12-01T08:57:53.526+0000] {logging_mixin.py:190} INFO - [2024-12-01T08:57:53.526+0000] {dag.py:3239} INFO - Sync 1 DAGs
[2024-12-01T08:57:53.534+0000] {logging_mixin.py:190} INFO - [2024-12-01T08:57:53.533+0000] {dag.py:4180} INFO - Setting next_dagrun for example_sensor_decorator to None, run_after=None
[2024-12-01T08:57:53.544+0000] {processor.py:208} INFO - Processing /home/airflow/.local/lib/python3.12/site-packages/airflow/example_dags/example_sensor_decorator.py took 0.037 seconds
[2024-12-01T08:58:24.306+0000] {processor.py:186} INFO - Started process (PID=936) to work on /home/airflow/.local/lib/python3.12/site-packages/airflow/example_dags/example_sensor_decorator.py
[2024-12-01T08:58:24.306+0000] {processor.py:914} INFO - Processing file /home/airflow/.local/lib/python3.12/site-packages/airflow/example_dags/example_sensor_decorator.py for tasks to queue
[2024-12-01T08:58:24.308+0000] {logging_mixin.py:190} INFO - [2024-12-01T08:58:24.308+0000] {dagbag.py:588} INFO - Filling up the DagBag from /home/airflow/.local/lib/python3.12/site-packages/airflow/example_dags/example_sensor_decorator.py
[2024-12-01T08:58:24.314+0000] {processor.py:925} INFO - DAG(s) 'example_sensor_decorator' retrieved from /home/airflow/.local/lib/python3.12/site-packages/airflow/example_dags/example_sensor_decorator.py
[2024-12-01T08:58:24.328+0000] {logging_mixin.py:190} INFO - [2024-12-01T08:58:24.327+0000] {dag.py:3239} INFO - Sync 1 DAGs
[2024-12-01T08:58:24.336+0000] {logging_mixin.py:190} INFO - [2024-12-01T08:58:24.336+0000] {dag.py:4180} INFO - Setting next_dagrun for example_sensor_decorator to None, run_after=None
[2024-12-01T08:58:24.348+0000] {processor.py:208} INFO - Processing /home/airflow/.local/lib/python3.12/site-packages/airflow/example_dags/example_sensor_decorator.py took 0.047 seconds
[2024-12-01T08:58:55.100+0000] {processor.py:186} INFO - Started process (PID=999) to work on /home/airflow/.local/lib/python3.12/site-packages/airflow/example_dags/example_sensor_decorator.py
[2024-12-01T08:58:55.101+0000] {processor.py:914} INFO - Processing file /home/airflow/.local/lib/python3.12/site-packages/airflow/example_dags/example_sensor_decorator.py for tasks to queue
[2024-12-01T08:58:55.102+0000] {logging_mixin.py:190} INFO - [2024-12-01T08:58:55.101+0000] {dagbag.py:588} INFO - Filling up the DagBag from /home/airflow/.local/lib/python3.12/site-packages/airflow/example_dags/example_sensor_decorator.py
[2024-12-01T08:58:55.106+0000] {processor.py:925} INFO - DAG(s) 'example_sensor_decorator' retrieved from /home/airflow/.local/lib/python3.12/site-packages/airflow/example_dags/example_sensor_decorator.py
[2024-12-01T08:58:55.119+0000] {logging_mixin.py:190} INFO - [2024-12-01T08:58:55.119+0000] {dag.py:3239} INFO - Sync 1 DAGs
[2024-12-01T08:58:55.130+0000] {logging_mixin.py:190} INFO - [2024-12-01T08:58:55.130+0000] {dag.py:4180} INFO - Setting next_dagrun for example_sensor_decorator to None, run_after=None
[2024-12-01T08:58:55.142+0000] {processor.py:208} INFO - Processing /home/airflow/.local/lib/python3.12/site-packages/airflow/example_dags/example_sensor_decorator.py took 0.045 seconds
[2024-12-01T08:59:25.950+0000] {processor.py:186} INFO - Started process (PID=1062) to work on /home/airflow/.local/lib/python3.12/site-packages/airflow/example_dags/example_sensor_decorator.py
[2024-12-01T08:59:25.951+0000] {processor.py:914} INFO - Processing file /home/airflow/.local/lib/python3.12/site-packages/airflow/example_dags/example_sensor_decorator.py for tasks to queue
[2024-12-01T08:59:25.952+0000] {logging_mixin.py:190} INFO - [2024-12-01T08:59:25.952+0000] {dagbag.py:588} INFO - Filling up the DagBag from /home/airflow/.local/lib/python3.12/site-packages/airflow/example_dags/example_sensor_decorator.py
[2024-12-01T08:59:25.959+0000] {processor.py:925} INFO - DAG(s) 'example_sensor_decorator' retrieved from /home/airflow/.local/lib/python3.12/site-packages/airflow/example_dags/example_sensor_decorator.py
[2024-12-01T08:59:25.973+0000] {logging_mixin.py:190} INFO - [2024-12-01T08:59:25.973+0000] {dag.py:3239} INFO - Sync 1 DAGs
[2024-12-01T08:59:25.983+0000] {logging_mixin.py:190} INFO - [2024-12-01T08:59:25.983+0000] {dag.py:4180} INFO - Setting next_dagrun for example_sensor_decorator to None, run_after=None
[2024-12-01T08:59:25.992+0000] {processor.py:208} INFO - Processing /home/airflow/.local/lib/python3.12/site-packages/airflow/example_dags/example_sensor_decorator.py took 0.046 seconds
[2024-12-01T08:59:56.844+0000] {processor.py:186} INFO - Started process (PID=1125) to work on /home/airflow/.local/lib/python3.12/site-packages/airflow/example_dags/example_sensor_decorator.py
[2024-12-01T08:59:56.845+0000] {processor.py:914} INFO - Processing file /home/airflow/.local/lib/python3.12/site-packages/airflow/example_dags/example_sensor_decorator.py for tasks to queue
[2024-12-01T08:59:56.846+0000] {logging_mixin.py:190} INFO - [2024-12-01T08:59:56.846+0000] {dagbag.py:588} INFO - Filling up the DagBag from /home/airflow/.local/lib/python3.12/site-packages/airflow/example_dags/example_sensor_decorator.py
[2024-12-01T08:59:56.850+0000] {processor.py:925} INFO - DAG(s) 'example_sensor_decorator' retrieved from /home/airflow/.local/lib/python3.12/site-packages/airflow/example_dags/example_sensor_decorator.py
[2024-12-01T08:59:56.862+0000] {logging_mixin.py:190} INFO - [2024-12-01T08:59:56.861+0000] {dag.py:3239} INFO - Sync 1 DAGs
[2024-12-01T08:59:56.869+0000] {logging_mixin.py:190} INFO - [2024-12-01T08:59:56.869+0000] {dag.py:4180} INFO - Setting next_dagrun for example_sensor_decorator to None, run_after=None
[2024-12-01T08:59:56.881+0000] {processor.py:208} INFO - Processing /home/airflow/.local/lib/python3.12/site-packages/airflow/example_dags/example_sensor_decorator.py took 0.041 seconds
[2024-12-01T09:00:27.567+0000] {processor.py:186} INFO - Started process (PID=1188) to work on /home/airflow/.local/lib/python3.12/site-packages/airflow/example_dags/example_sensor_decorator.py
[2024-12-01T09:00:27.567+0000] {processor.py:914} INFO - Processing file /home/airflow/.local/lib/python3.12/site-packages/airflow/example_dags/example_sensor_decorator.py for tasks to queue
[2024-12-01T09:00:27.569+0000] {logging_mixin.py:190} INFO - [2024-12-01T09:00:27.568+0000] {dagbag.py:588} INFO - Filling up the DagBag from /home/airflow/.local/lib/python3.12/site-packages/airflow/example_dags/example_sensor_decorator.py
[2024-12-01T09:00:27.573+0000] {processor.py:925} INFO - DAG(s) 'example_sensor_decorator' retrieved from /home/airflow/.local/lib/python3.12/site-packages/airflow/example_dags/example_sensor_decorator.py
[2024-12-01T09:00:27.586+0000] {logging_mixin.py:190} INFO - [2024-12-01T09:00:27.585+0000] {dag.py:3239} INFO - Sync 1 DAGs
[2024-12-01T09:00:27.594+0000] {logging_mixin.py:190} INFO - [2024-12-01T09:00:27.594+0000] {dag.py:4180} INFO - Setting next_dagrun for example_sensor_decorator to None, run_after=None
[2024-12-01T09:00:27.603+0000] {processor.py:208} INFO - Processing /home/airflow/.local/lib/python3.12/site-packages/airflow/example_dags/example_sensor_decorator.py took 0.040 seconds
[2024-12-01T09:00:58.701+0000] {processor.py:186} INFO - Started process (PID=1251) to work on /home/airflow/.local/lib/python3.12/site-packages/airflow/example_dags/example_sensor_decorator.py
[2024-12-01T09:00:58.701+0000] {processor.py:914} INFO - Processing file /home/airflow/.local/lib/python3.12/site-packages/airflow/example_dags/example_sensor_decorator.py for tasks to queue
[2024-12-01T09:00:58.703+0000] {logging_mixin.py:190} INFO - [2024-12-01T09:00:58.703+0000] {dagbag.py:588} INFO - Filling up the DagBag from /home/airflow/.local/lib/python3.12/site-packages/airflow/example_dags/example_sensor_decorator.py
[2024-12-01T09:00:58.709+0000] {processor.py:925} INFO - DAG(s) 'example_sensor_decorator' retrieved from /home/airflow/.local/lib/python3.12/site-packages/airflow/example_dags/example_sensor_decorator.py
[2024-12-01T09:00:58.726+0000] {logging_mixin.py:190} INFO - [2024-12-01T09:00:58.726+0000] {dag.py:3239} INFO - Sync 1 DAGs
[2024-12-01T09:00:58.735+0000] {logging_mixin.py:190} INFO - [2024-12-01T09:00:58.735+0000] {dag.py:4180} INFO - Setting next_dagrun for example_sensor_decorator to None, run_after=None
[2024-12-01T09:00:58.747+0000] {processor.py:208} INFO - Processing /home/airflow/.local/lib/python3.12/site-packages/airflow/example_dags/example_sensor_decorator.py took 0.051 seconds
[2024-12-01T09:01:29.024+0000] {processor.py:186} INFO - Started process (PID=1314) to work on /home/airflow/.local/lib/python3.12/site-packages/airflow/example_dags/example_sensor_decorator.py
[2024-12-01T09:01:29.024+0000] {processor.py:914} INFO - Processing file /home/airflow/.local/lib/python3.12/site-packages/airflow/example_dags/example_sensor_decorator.py for tasks to queue
[2024-12-01T09:01:29.025+0000] {logging_mixin.py:190} INFO - [2024-12-01T09:01:29.025+0000] {dagbag.py:588} INFO - Filling up the DagBag from /home/airflow/.local/lib/python3.12/site-packages/airflow/example_dags/example_sensor_decorator.py
[2024-12-01T09:01:29.029+0000] {processor.py:925} INFO - DAG(s) 'example_sensor_decorator' retrieved from /home/airflow/.local/lib/python3.12/site-packages/airflow/example_dags/example_sensor_decorator.py
[2024-12-01T09:01:29.042+0000] {logging_mixin.py:190} INFO - [2024-12-01T09:01:29.042+0000] {dag.py:3239} INFO - Sync 1 DAGs
[2024-12-01T09:01:29.052+0000] {logging_mixin.py:190} INFO - [2024-12-01T09:01:29.052+0000] {dag.py:4180} INFO - Setting next_dagrun for example_sensor_decorator to None, run_after=None
[2024-12-01T09:01:29.063+0000] {processor.py:208} INFO - Processing /home/airflow/.local/lib/python3.12/site-packages/airflow/example_dags/example_sensor_decorator.py took 0.043 seconds
[2024-12-01T09:02:00.296+0000] {processor.py:186} INFO - Started process (PID=1378) to work on /home/airflow/.local/lib/python3.12/site-packages/airflow/example_dags/example_sensor_decorator.py
[2024-12-01T09:02:00.297+0000] {processor.py:914} INFO - Processing file /home/airflow/.local/lib/python3.12/site-packages/airflow/example_dags/example_sensor_decorator.py for tasks to queue
[2024-12-01T09:02:00.298+0000] {logging_mixin.py:190} INFO - [2024-12-01T09:02:00.298+0000] {dagbag.py:588} INFO - Filling up the DagBag from /home/airflow/.local/lib/python3.12/site-packages/airflow/example_dags/example_sensor_decorator.py
[2024-12-01T09:02:00.303+0000] {processor.py:925} INFO - DAG(s) 'example_sensor_decorator' retrieved from /home/airflow/.local/lib/python3.12/site-packages/airflow/example_dags/example_sensor_decorator.py
[2024-12-01T09:02:00.319+0000] {logging_mixin.py:190} INFO - [2024-12-01T09:02:00.319+0000] {dag.py:3239} INFO - Sync 1 DAGs
[2024-12-01T09:02:00.329+0000] {logging_mixin.py:190} INFO - [2024-12-01T09:02:00.328+0000] {dag.py:4180} INFO - Setting next_dagrun for example_sensor_decorator to None, run_after=None
[2024-12-01T09:02:00.340+0000] {processor.py:208} INFO - Processing /home/airflow/.local/lib/python3.12/site-packages/airflow/example_dags/example_sensor_decorator.py took 0.048 seconds
[2024-12-01T09:02:31.109+0000] {processor.py:186} INFO - Started process (PID=1441) to work on /home/airflow/.local/lib/python3.12/site-packages/airflow/example_dags/example_sensor_decorator.py
[2024-12-01T09:02:31.110+0000] {processor.py:914} INFO - Processing file /home/airflow/.local/lib/python3.12/site-packages/airflow/example_dags/example_sensor_decorator.py for tasks to queue
[2024-12-01T09:02:31.111+0000] {logging_mixin.py:190} INFO - [2024-12-01T09:02:31.111+0000] {dagbag.py:588} INFO - Filling up the DagBag from /home/airflow/.local/lib/python3.12/site-packages/airflow/example_dags/example_sensor_decorator.py
[2024-12-01T09:02:31.116+0000] {processor.py:925} INFO - DAG(s) 'example_sensor_decorator' retrieved from /home/airflow/.local/lib/python3.12/site-packages/airflow/example_dags/example_sensor_decorator.py
[2024-12-01T09:02:31.133+0000] {logging_mixin.py:190} INFO - [2024-12-01T09:02:31.133+0000] {dag.py:3239} INFO - Sync 1 DAGs
[2024-12-01T09:02:31.144+0000] {logging_mixin.py:190} INFO - [2024-12-01T09:02:31.144+0000] {dag.py:4180} INFO - Setting next_dagrun for example_sensor_decorator to None, run_after=None
[2024-12-01T09:02:31.162+0000] {processor.py:208} INFO - Processing /home/airflow/.local/lib/python3.12/site-packages/airflow/example_dags/example_sensor_decorator.py took 0.056 seconds
[2024-12-01T09:03:01.693+0000] {processor.py:186} INFO - Started process (PID=1504) to work on /home/airflow/.local/lib/python3.12/site-packages/airflow/example_dags/example_sensor_decorator.py
[2024-12-01T09:03:01.694+0000] {processor.py:914} INFO - Processing file /home/airflow/.local/lib/python3.12/site-packages/airflow/example_dags/example_sensor_decorator.py for tasks to queue
[2024-12-01T09:03:01.695+0000] {logging_mixin.py:190} INFO - [2024-12-01T09:03:01.695+0000] {dagbag.py:588} INFO - Filling up the DagBag from /home/airflow/.local/lib/python3.12/site-packages/airflow/example_dags/example_sensor_decorator.py
[2024-12-01T09:03:01.700+0000] {processor.py:925} INFO - DAG(s) 'example_sensor_decorator' retrieved from /home/airflow/.local/lib/python3.12/site-packages/airflow/example_dags/example_sensor_decorator.py
[2024-12-01T09:03:01.713+0000] {logging_mixin.py:190} INFO - [2024-12-01T09:03:01.712+0000] {dag.py:3239} INFO - Sync 1 DAGs
[2024-12-01T09:03:01.720+0000] {logging_mixin.py:190} INFO - [2024-12-01T09:03:01.720+0000] {dag.py:4180} INFO - Setting next_dagrun for example_sensor_decorator to None, run_after=None
[2024-12-01T09:03:01.731+0000] {processor.py:208} INFO - Processing /home/airflow/.local/lib/python3.12/site-packages/airflow/example_dags/example_sensor_decorator.py took 0.043 seconds
[2024-12-01T09:03:32.238+0000] {processor.py:186} INFO - Started process (PID=1567) to work on /home/airflow/.local/lib/python3.12/site-packages/airflow/example_dags/example_sensor_decorator.py
[2024-12-01T09:03:32.239+0000] {processor.py:914} INFO - Processing file /home/airflow/.local/lib/python3.12/site-packages/airflow/example_dags/example_sensor_decorator.py for tasks to queue
[2024-12-01T09:03:32.240+0000] {logging_mixin.py:190} INFO - [2024-12-01T09:03:32.240+0000] {dagbag.py:588} INFO - Filling up the DagBag from /home/airflow/.local/lib/python3.12/site-packages/airflow/example_dags/example_sensor_decorator.py
[2024-12-01T09:03:32.244+0000] {processor.py:925} INFO - DAG(s) 'example_sensor_decorator' retrieved from /home/airflow/.local/lib/python3.12/site-packages/airflow/example_dags/example_sensor_decorator.py
[2024-12-01T09:03:32.256+0000] {logging_mixin.py:190} INFO - [2024-12-01T09:03:32.256+0000] {dag.py:3239} INFO - Sync 1 DAGs
[2024-12-01T09:03:32.265+0000] {logging_mixin.py:190} INFO - [2024-12-01T09:03:32.264+0000] {dag.py:4180} INFO - Setting next_dagrun for example_sensor_decorator to None, run_after=None
[2024-12-01T09:03:32.279+0000] {processor.py:208} INFO - Processing /home/airflow/.local/lib/python3.12/site-packages/airflow/example_dags/example_sensor_decorator.py took 0.045 seconds
[2024-12-01T09:04:03.255+0000] {processor.py:186} INFO - Started process (PID=1630) to work on /home/airflow/.local/lib/python3.12/site-packages/airflow/example_dags/example_sensor_decorator.py
[2024-12-01T09:04:03.256+0000] {processor.py:914} INFO - Processing file /home/airflow/.local/lib/python3.12/site-packages/airflow/example_dags/example_sensor_decorator.py for tasks to queue
[2024-12-01T09:04:03.257+0000] {logging_mixin.py:190} INFO - [2024-12-01T09:04:03.257+0000] {dagbag.py:588} INFO - Filling up the DagBag from /home/airflow/.local/lib/python3.12/site-packages/airflow/example_dags/example_sensor_decorator.py
[2024-12-01T09:04:03.262+0000] {processor.py:925} INFO - DAG(s) 'example_sensor_decorator' retrieved from /home/airflow/.local/lib/python3.12/site-packages/airflow/example_dags/example_sensor_decorator.py
[2024-12-01T09:04:03.279+0000] {logging_mixin.py:190} INFO - [2024-12-01T09:04:03.279+0000] {dag.py:3239} INFO - Sync 1 DAGs
[2024-12-01T09:04:03.287+0000] {logging_mixin.py:190} INFO - [2024-12-01T09:04:03.287+0000] {dag.py:4180} INFO - Setting next_dagrun for example_sensor_decorator to None, run_after=None
[2024-12-01T09:04:03.300+0000] {processor.py:208} INFO - Processing /home/airflow/.local/lib/python3.12/site-packages/airflow/example_dags/example_sensor_decorator.py took 0.049 seconds
[2024-12-01T09:04:33.908+0000] {processor.py:186} INFO - Started process (PID=1693) to work on /home/airflow/.local/lib/python3.12/site-packages/airflow/example_dags/example_sensor_decorator.py
[2024-12-01T09:04:33.908+0000] {processor.py:914} INFO - Processing file /home/airflow/.local/lib/python3.12/site-packages/airflow/example_dags/example_sensor_decorator.py for tasks to queue
[2024-12-01T09:04:33.909+0000] {logging_mixin.py:190} INFO - [2024-12-01T09:04:33.909+0000] {dagbag.py:588} INFO - Filling up the DagBag from /home/airflow/.local/lib/python3.12/site-packages/airflow/example_dags/example_sensor_decorator.py
[2024-12-01T09:04:33.914+0000] {processor.py:925} INFO - DAG(s) 'example_sensor_decorator' retrieved from /home/airflow/.local/lib/python3.12/site-packages/airflow/example_dags/example_sensor_decorator.py
[2024-12-01T09:04:33.930+0000] {logging_mixin.py:190} INFO - [2024-12-01T09:04:33.930+0000] {dag.py:3239} INFO - Sync 1 DAGs
[2024-12-01T09:04:33.937+0000] {logging_mixin.py:190} INFO - [2024-12-01T09:04:33.937+0000] {dag.py:4180} INFO - Setting next_dagrun for example_sensor_decorator to None, run_after=None
[2024-12-01T09:04:33.949+0000] {processor.py:208} INFO - Processing /home/airflow/.local/lib/python3.12/site-packages/airflow/example_dags/example_sensor_decorator.py took 0.045 seconds
[2024-12-01T09:05:04.479+0000] {processor.py:186} INFO - Started process (PID=1756) to work on /home/airflow/.local/lib/python3.12/site-packages/airflow/example_dags/example_sensor_decorator.py
[2024-12-01T09:05:04.480+0000] {processor.py:914} INFO - Processing file /home/airflow/.local/lib/python3.12/site-packages/airflow/example_dags/example_sensor_decorator.py for tasks to queue
[2024-12-01T09:05:04.481+0000] {logging_mixin.py:190} INFO - [2024-12-01T09:05:04.481+0000] {dagbag.py:588} INFO - Filling up the DagBag from /home/airflow/.local/lib/python3.12/site-packages/airflow/example_dags/example_sensor_decorator.py
[2024-12-01T09:05:04.486+0000] {processor.py:925} INFO - DAG(s) 'example_sensor_decorator' retrieved from /home/airflow/.local/lib/python3.12/site-packages/airflow/example_dags/example_sensor_decorator.py
[2024-12-01T09:05:04.500+0000] {logging_mixin.py:190} INFO - [2024-12-01T09:05:04.500+0000] {dag.py:3239} INFO - Sync 1 DAGs
[2024-12-01T09:05:04.512+0000] {logging_mixin.py:190} INFO - [2024-12-01T09:05:04.511+0000] {dag.py:4180} INFO - Setting next_dagrun for example_sensor_decorator to None, run_after=None
[2024-12-01T09:05:04.524+0000] {processor.py:208} INFO - Processing /home/airflow/.local/lib/python3.12/site-packages/airflow/example_dags/example_sensor_decorator.py took 0.048 seconds
[2024-12-01T09:05:35.620+0000] {processor.py:186} INFO - Started process (PID=1819) to work on /home/airflow/.local/lib/python3.12/site-packages/airflow/example_dags/example_sensor_decorator.py
[2024-12-01T09:05:35.621+0000] {processor.py:914} INFO - Processing file /home/airflow/.local/lib/python3.12/site-packages/airflow/example_dags/example_sensor_decorator.py for tasks to queue
[2024-12-01T09:05:35.622+0000] {logging_mixin.py:190} INFO - [2024-12-01T09:05:35.622+0000] {dagbag.py:588} INFO - Filling up the DagBag from /home/airflow/.local/lib/python3.12/site-packages/airflow/example_dags/example_sensor_decorator.py
[2024-12-01T09:05:35.626+0000] {processor.py:925} INFO - DAG(s) 'example_sensor_decorator' retrieved from /home/airflow/.local/lib/python3.12/site-packages/airflow/example_dags/example_sensor_decorator.py
[2024-12-01T09:05:35.640+0000] {logging_mixin.py:190} INFO - [2024-12-01T09:05:35.639+0000] {dag.py:3239} INFO - Sync 1 DAGs
[2024-12-01T09:05:35.647+0000] {logging_mixin.py:190} INFO - [2024-12-01T09:05:35.647+0000] {dag.py:4180} INFO - Setting next_dagrun for example_sensor_decorator to None, run_after=None
[2024-12-01T09:05:35.659+0000] {processor.py:208} INFO - Processing /home/airflow/.local/lib/python3.12/site-packages/airflow/example_dags/example_sensor_decorator.py took 0.042 seconds
[2024-12-01T09:06:06.617+0000] {processor.py:186} INFO - Started process (PID=1882) to work on /home/airflow/.local/lib/python3.12/site-packages/airflow/example_dags/example_sensor_decorator.py
[2024-12-01T09:06:06.618+0000] {processor.py:914} INFO - Processing file /home/airflow/.local/lib/python3.12/site-packages/airflow/example_dags/example_sensor_decorator.py for tasks to queue
[2024-12-01T09:06:06.620+0000] {logging_mixin.py:190} INFO - [2024-12-01T09:06:06.619+0000] {dagbag.py:588} INFO - Filling up the DagBag from /home/airflow/.local/lib/python3.12/site-packages/airflow/example_dags/example_sensor_decorator.py
[2024-12-01T09:06:06.626+0000] {processor.py:925} INFO - DAG(s) 'example_sensor_decorator' retrieved from /home/airflow/.local/lib/python3.12/site-packages/airflow/example_dags/example_sensor_decorator.py
[2024-12-01T09:06:06.640+0000] {logging_mixin.py:190} INFO - [2024-12-01T09:06:06.639+0000] {dag.py:3239} INFO - Sync 1 DAGs
[2024-12-01T09:06:06.647+0000] {logging_mixin.py:190} INFO - [2024-12-01T09:06:06.647+0000] {dag.py:4180} INFO - Setting next_dagrun for example_sensor_decorator to None, run_after=None
[2024-12-01T09:06:06.659+0000] {processor.py:208} INFO - Processing /home/airflow/.local/lib/python3.12/site-packages/airflow/example_dags/example_sensor_decorator.py took 0.046 seconds
[2024-12-01T09:06:36.923+0000] {processor.py:186} INFO - Started process (PID=1945) to work on /home/airflow/.local/lib/python3.12/site-packages/airflow/example_dags/example_sensor_decorator.py
[2024-12-01T09:06:36.923+0000] {processor.py:914} INFO - Processing file /home/airflow/.local/lib/python3.12/site-packages/airflow/example_dags/example_sensor_decorator.py for tasks to queue
[2024-12-01T09:06:36.924+0000] {logging_mixin.py:190} INFO - [2024-12-01T09:06:36.924+0000] {dagbag.py:588} INFO - Filling up the DagBag from /home/airflow/.local/lib/python3.12/site-packages/airflow/example_dags/example_sensor_decorator.py
[2024-12-01T09:06:36.928+0000] {processor.py:925} INFO - DAG(s) 'example_sensor_decorator' retrieved from /home/airflow/.local/lib/python3.12/site-packages/airflow/example_dags/example_sensor_decorator.py
[2024-12-01T09:06:36.943+0000] {logging_mixin.py:190} INFO - [2024-12-01T09:06:36.943+0000] {dag.py:3239} INFO - Sync 1 DAGs
[2024-12-01T09:06:36.952+0000] {logging_mixin.py:190} INFO - [2024-12-01T09:06:36.952+0000] {dag.py:4180} INFO - Setting next_dagrun for example_sensor_decorator to None, run_after=None
[2024-12-01T09:06:36.968+0000] {processor.py:208} INFO - Processing /home/airflow/.local/lib/python3.12/site-packages/airflow/example_dags/example_sensor_decorator.py took 0.049 seconds
[2024-12-01T09:07:07.423+0000] {processor.py:186} INFO - Started process (PID=2008) to work on /home/airflow/.local/lib/python3.12/site-packages/airflow/example_dags/example_sensor_decorator.py
[2024-12-01T09:07:07.424+0000] {processor.py:914} INFO - Processing file /home/airflow/.local/lib/python3.12/site-packages/airflow/example_dags/example_sensor_decorator.py for tasks to queue
[2024-12-01T09:07:07.425+0000] {logging_mixin.py:190} INFO - [2024-12-01T09:07:07.425+0000] {dagbag.py:588} INFO - Filling up the DagBag from /home/airflow/.local/lib/python3.12/site-packages/airflow/example_dags/example_sensor_decorator.py
[2024-12-01T09:07:07.429+0000] {processor.py:925} INFO - DAG(s) 'example_sensor_decorator' retrieved from /home/airflow/.local/lib/python3.12/site-packages/airflow/example_dags/example_sensor_decorator.py
[2024-12-01T09:07:07.442+0000] {logging_mixin.py:190} INFO - [2024-12-01T09:07:07.442+0000] {dag.py:3239} INFO - Sync 1 DAGs
[2024-12-01T09:07:07.450+0000] {logging_mixin.py:190} INFO - [2024-12-01T09:07:07.450+0000] {dag.py:4180} INFO - Setting next_dagrun for example_sensor_decorator to None, run_after=None
[2024-12-01T09:07:07.462+0000] {processor.py:208} INFO - Processing /home/airflow/.local/lib/python3.12/site-packages/airflow/example_dags/example_sensor_decorator.py took 0.042 seconds
[2024-12-01T09:07:37.872+0000] {processor.py:186} INFO - Started process (PID=2071) to work on /home/airflow/.local/lib/python3.12/site-packages/airflow/example_dags/example_sensor_decorator.py
[2024-12-01T09:07:37.873+0000] {processor.py:914} INFO - Processing file /home/airflow/.local/lib/python3.12/site-packages/airflow/example_dags/example_sensor_decorator.py for tasks to queue
[2024-12-01T09:07:37.874+0000] {logging_mixin.py:190} INFO - [2024-12-01T09:07:37.874+0000] {dagbag.py:588} INFO - Filling up the DagBag from /home/airflow/.local/lib/python3.12/site-packages/airflow/example_dags/example_sensor_decorator.py
[2024-12-01T09:07:37.878+0000] {processor.py:925} INFO - DAG(s) 'example_sensor_decorator' retrieved from /home/airflow/.local/lib/python3.12/site-packages/airflow/example_dags/example_sensor_decorator.py
[2024-12-01T09:07:37.888+0000] {logging_mixin.py:190} INFO - [2024-12-01T09:07:37.888+0000] {dag.py:3239} INFO - Sync 1 DAGs
[2024-12-01T09:07:37.896+0000] {logging_mixin.py:190} INFO - [2024-12-01T09:07:37.896+0000] {dag.py:4180} INFO - Setting next_dagrun for example_sensor_decorator to None, run_after=None
[2024-12-01T09:07:37.907+0000] {processor.py:208} INFO - Processing /home/airflow/.local/lib/python3.12/site-packages/airflow/example_dags/example_sensor_decorator.py took 0.038 seconds
[2024-12-01T09:08:08.644+0000] {processor.py:186} INFO - Started process (PID=2134) to work on /home/airflow/.local/lib/python3.12/site-packages/airflow/example_dags/example_sensor_decorator.py
[2024-12-01T09:08:08.645+0000] {processor.py:914} INFO - Processing file /home/airflow/.local/lib/python3.12/site-packages/airflow/example_dags/example_sensor_decorator.py for tasks to queue
[2024-12-01T09:08:08.647+0000] {logging_mixin.py:190} INFO - [2024-12-01T09:08:08.647+0000] {dagbag.py:588} INFO - Filling up the DagBag from /home/airflow/.local/lib/python3.12/site-packages/airflow/example_dags/example_sensor_decorator.py
[2024-12-01T09:08:08.653+0000] {processor.py:925} INFO - DAG(s) 'example_sensor_decorator' retrieved from /home/airflow/.local/lib/python3.12/site-packages/airflow/example_dags/example_sensor_decorator.py
[2024-12-01T09:08:08.668+0000] {logging_mixin.py:190} INFO - [2024-12-01T09:08:08.668+0000] {dag.py:3239} INFO - Sync 1 DAGs
[2024-12-01T09:08:08.679+0000] {logging_mixin.py:190} INFO - [2024-12-01T09:08:08.679+0000] {dag.py:4180} INFO - Setting next_dagrun for example_sensor_decorator to None, run_after=None
[2024-12-01T09:08:08.694+0000] {processor.py:208} INFO - Processing /home/airflow/.local/lib/python3.12/site-packages/airflow/example_dags/example_sensor_decorator.py took 0.054 seconds
[2024-12-01T09:08:39.487+0000] {processor.py:186} INFO - Started process (PID=2197) to work on /home/airflow/.local/lib/python3.12/site-packages/airflow/example_dags/example_sensor_decorator.py
[2024-12-01T09:08:39.487+0000] {processor.py:914} INFO - Processing file /home/airflow/.local/lib/python3.12/site-packages/airflow/example_dags/example_sensor_decorator.py for tasks to queue
[2024-12-01T09:08:39.489+0000] {logging_mixin.py:190} INFO - [2024-12-01T09:08:39.488+0000] {dagbag.py:588} INFO - Filling up the DagBag from /home/airflow/.local/lib/python3.12/site-packages/airflow/example_dags/example_sensor_decorator.py
[2024-12-01T09:08:39.493+0000] {processor.py:925} INFO - DAG(s) 'example_sensor_decorator' retrieved from /home/airflow/.local/lib/python3.12/site-packages/airflow/example_dags/example_sensor_decorator.py
[2024-12-01T09:08:39.505+0000] {logging_mixin.py:190} INFO - [2024-12-01T09:08:39.505+0000] {dag.py:3239} INFO - Sync 1 DAGs
[2024-12-01T09:08:39.513+0000] {logging_mixin.py:190} INFO - [2024-12-01T09:08:39.512+0000] {dag.py:4180} INFO - Setting next_dagrun for example_sensor_decorator to None, run_after=None
[2024-12-01T09:08:39.523+0000] {processor.py:208} INFO - Processing /home/airflow/.local/lib/python3.12/site-packages/airflow/example_dags/example_sensor_decorator.py took 0.041 seconds
[2024-12-01T09:09:09.905+0000] {processor.py:186} INFO - Started process (PID=2260) to work on /home/airflow/.local/lib/python3.12/site-packages/airflow/example_dags/example_sensor_decorator.py
[2024-12-01T09:09:09.905+0000] {processor.py:914} INFO - Processing file /home/airflow/.local/lib/python3.12/site-packages/airflow/example_dags/example_sensor_decorator.py for tasks to queue
[2024-12-01T09:09:09.908+0000] {logging_mixin.py:190} INFO - [2024-12-01T09:09:09.907+0000] {dagbag.py:588} INFO - Filling up the DagBag from /home/airflow/.local/lib/python3.12/site-packages/airflow/example_dags/example_sensor_decorator.py
[2024-12-01T09:09:09.912+0000] {processor.py:925} INFO - DAG(s) 'example_sensor_decorator' retrieved from /home/airflow/.local/lib/python3.12/site-packages/airflow/example_dags/example_sensor_decorator.py
[2024-12-01T09:09:09.927+0000] {logging_mixin.py:190} INFO - [2024-12-01T09:09:09.926+0000] {dag.py:3239} INFO - Sync 1 DAGs
[2024-12-01T09:09:09.934+0000] {logging_mixin.py:190} INFO - [2024-12-01T09:09:09.934+0000] {dag.py:4180} INFO - Setting next_dagrun for example_sensor_decorator to None, run_after=None
[2024-12-01T09:09:09.944+0000] {processor.py:208} INFO - Processing /home/airflow/.local/lib/python3.12/site-packages/airflow/example_dags/example_sensor_decorator.py took 0.044 seconds
[2024-12-01T09:09:40.980+0000] {processor.py:186} INFO - Started process (PID=2322) to work on /home/airflow/.local/lib/python3.12/site-packages/airflow/example_dags/example_sensor_decorator.py
[2024-12-01T09:09:40.981+0000] {processor.py:914} INFO - Processing file /home/airflow/.local/lib/python3.12/site-packages/airflow/example_dags/example_sensor_decorator.py for tasks to queue
[2024-12-01T09:09:40.982+0000] {logging_mixin.py:190} INFO - [2024-12-01T09:09:40.982+0000] {dagbag.py:588} INFO - Filling up the DagBag from /home/airflow/.local/lib/python3.12/site-packages/airflow/example_dags/example_sensor_decorator.py
[2024-12-01T09:09:40.989+0000] {processor.py:925} INFO - DAG(s) 'example_sensor_decorator' retrieved from /home/airflow/.local/lib/python3.12/site-packages/airflow/example_dags/example_sensor_decorator.py
[2024-12-01T09:09:41.004+0000] {logging_mixin.py:190} INFO - [2024-12-01T09:09:41.003+0000] {dag.py:3239} INFO - Sync 1 DAGs
[2024-12-01T09:09:41.013+0000] {logging_mixin.py:190} INFO - [2024-12-01T09:09:41.013+0000] {dag.py:4180} INFO - Setting next_dagrun for example_sensor_decorator to None, run_after=None
[2024-12-01T09:09:41.027+0000] {processor.py:208} INFO - Processing /home/airflow/.local/lib/python3.12/site-packages/airflow/example_dags/example_sensor_decorator.py took 0.051 seconds
[2024-12-01T09:10:11.661+0000] {processor.py:186} INFO - Started process (PID=2385) to work on /home/airflow/.local/lib/python3.12/site-packages/airflow/example_dags/example_sensor_decorator.py
[2024-12-01T09:10:11.661+0000] {processor.py:914} INFO - Processing file /home/airflow/.local/lib/python3.12/site-packages/airflow/example_dags/example_sensor_decorator.py for tasks to queue
[2024-12-01T09:10:11.662+0000] {logging_mixin.py:190} INFO - [2024-12-01T09:10:11.662+0000] {dagbag.py:588} INFO - Filling up the DagBag from /home/airflow/.local/lib/python3.12/site-packages/airflow/example_dags/example_sensor_decorator.py
[2024-12-01T09:10:11.667+0000] {processor.py:925} INFO - DAG(s) 'example_sensor_decorator' retrieved from /home/airflow/.local/lib/python3.12/site-packages/airflow/example_dags/example_sensor_decorator.py
[2024-12-01T09:10:11.679+0000] {logging_mixin.py:190} INFO - [2024-12-01T09:10:11.679+0000] {dag.py:3239} INFO - Sync 1 DAGs
[2024-12-01T09:10:11.687+0000] {logging_mixin.py:190} INFO - [2024-12-01T09:10:11.687+0000] {dag.py:4180} INFO - Setting next_dagrun for example_sensor_decorator to None, run_after=None
[2024-12-01T09:10:11.699+0000] {processor.py:208} INFO - Processing /home/airflow/.local/lib/python3.12/site-packages/airflow/example_dags/example_sensor_decorator.py took 0.041 seconds
[2024-12-01T09:10:42.889+0000] {processor.py:186} INFO - Started process (PID=2448) to work on /home/airflow/.local/lib/python3.12/site-packages/airflow/example_dags/example_sensor_decorator.py
[2024-12-01T09:10:42.890+0000] {processor.py:914} INFO - Processing file /home/airflow/.local/lib/python3.12/site-packages/airflow/example_dags/example_sensor_decorator.py for tasks to queue
[2024-12-01T09:10:42.891+0000] {logging_mixin.py:190} INFO - [2024-12-01T09:10:42.891+0000] {dagbag.py:588} INFO - Filling up the DagBag from /home/airflow/.local/lib/python3.12/site-packages/airflow/example_dags/example_sensor_decorator.py
[2024-12-01T09:10:42.896+0000] {processor.py:925} INFO - DAG(s) 'example_sensor_decorator' retrieved from /home/airflow/.local/lib/python3.12/site-packages/airflow/example_dags/example_sensor_decorator.py
[2024-12-01T09:10:42.911+0000] {logging_mixin.py:190} INFO - [2024-12-01T09:10:42.911+0000] {dag.py:3239} INFO - Sync 1 DAGs
[2024-12-01T09:10:42.920+0000] {logging_mixin.py:190} INFO - [2024-12-01T09:10:42.920+0000] {dag.py:4180} INFO - Setting next_dagrun for example_sensor_decorator to None, run_after=None
[2024-12-01T09:10:42.932+0000] {processor.py:208} INFO - Processing /home/airflow/.local/lib/python3.12/site-packages/airflow/example_dags/example_sensor_decorator.py took 0.046 seconds
[2024-12-01T09:11:14.278+0000] {processor.py:186} INFO - Started process (PID=2517) to work on /home/airflow/.local/lib/python3.12/site-packages/airflow/example_dags/example_sensor_decorator.py
[2024-12-01T09:11:14.279+0000] {processor.py:914} INFO - Processing file /home/airflow/.local/lib/python3.12/site-packages/airflow/example_dags/example_sensor_decorator.py for tasks to queue
[2024-12-01T09:11:14.281+0000] {logging_mixin.py:190} INFO - [2024-12-01T09:11:14.280+0000] {dagbag.py:588} INFO - Filling up the DagBag from /home/airflow/.local/lib/python3.12/site-packages/airflow/example_dags/example_sensor_decorator.py
[2024-12-01T09:11:14.286+0000] {processor.py:925} INFO - DAG(s) 'example_sensor_decorator' retrieved from /home/airflow/.local/lib/python3.12/site-packages/airflow/example_dags/example_sensor_decorator.py
[2024-12-01T09:11:14.301+0000] {logging_mixin.py:190} INFO - [2024-12-01T09:11:14.301+0000] {dag.py:3239} INFO - Sync 1 DAGs
[2024-12-01T09:11:14.311+0000] {logging_mixin.py:190} INFO - [2024-12-01T09:11:14.311+0000] {dag.py:4180} INFO - Setting next_dagrun for example_sensor_decorator to None, run_after=None
[2024-12-01T09:11:14.326+0000] {processor.py:208} INFO - Processing /home/airflow/.local/lib/python3.12/site-packages/airflow/example_dags/example_sensor_decorator.py took 0.052 seconds
[2024-12-01T09:11:44.558+0000] {processor.py:186} INFO - Started process (PID=2580) to work on /home/airflow/.local/lib/python3.12/site-packages/airflow/example_dags/example_sensor_decorator.py
[2024-12-01T09:11:44.559+0000] {processor.py:914} INFO - Processing file /home/airflow/.local/lib/python3.12/site-packages/airflow/example_dags/example_sensor_decorator.py for tasks to queue
[2024-12-01T09:11:44.560+0000] {logging_mixin.py:190} INFO - [2024-12-01T09:11:44.560+0000] {dagbag.py:588} INFO - Filling up the DagBag from /home/airflow/.local/lib/python3.12/site-packages/airflow/example_dags/example_sensor_decorator.py
[2024-12-01T09:11:44.565+0000] {processor.py:925} INFO - DAG(s) 'example_sensor_decorator' retrieved from /home/airflow/.local/lib/python3.12/site-packages/airflow/example_dags/example_sensor_decorator.py
[2024-12-01T09:11:44.579+0000] {logging_mixin.py:190} INFO - [2024-12-01T09:11:44.579+0000] {dag.py:3239} INFO - Sync 1 DAGs
[2024-12-01T09:11:44.588+0000] {logging_mixin.py:190} INFO - [2024-12-01T09:11:44.587+0000] {dag.py:4180} INFO - Setting next_dagrun for example_sensor_decorator to None, run_after=None
[2024-12-01T09:11:44.603+0000] {processor.py:208} INFO - Processing /home/airflow/.local/lib/python3.12/site-packages/airflow/example_dags/example_sensor_decorator.py took 0.050 seconds
