[2024-12-01T08:51:40.160+0000] {processor.py:186} INFO - Started process (PID=90) to work on /home/airflow/.local/lib/python3.12/site-packages/airflow/example_dags/example_inlet_event_extra.py
[2024-12-01T08:51:40.161+0000] {processor.py:914} INFO - Processing file /home/airflow/.local/lib/python3.12/site-packages/airflow/example_dags/example_inlet_event_extra.py for tasks to queue
[2024-12-01T08:51:40.162+0000] {logging_mixin.py:190} INFO - [2024-12-01T08:51:40.162+0000] {dagbag.py:588} INFO - Filling up the DagBag from /home/airflow/.local/lib/python3.12/site-packages/airflow/example_dags/example_inlet_event_extra.py
[2024-12-01T08:51:40.491+0000] {processor.py:925} INFO - DAG(s) 'read_dataset_event', 'read_dataset_event_from_classic' retrieved from /home/airflow/.local/lib/python3.12/site-packages/airflow/example_dags/example_inlet_event_extra.py
[2024-12-01T08:51:40.558+0000] {logging_mixin.py:190} INFO - [2024-12-01T08:51:40.558+0000] {override.py:1911} INFO - Created Permission View: can edit on DAG:read_dataset_event
[2024-12-01T08:51:40.566+0000] {logging_mixin.py:190} INFO - [2024-12-01T08:51:40.565+0000] {override.py:1911} INFO - Created Permission View: can read on DAG:read_dataset_event
[2024-12-01T08:51:40.570+0000] {logging_mixin.py:190} INFO - [2024-12-01T08:51:40.570+0000] {override.py:1911} INFO - Created Permission View: can delete on DAG:read_dataset_event
[2024-12-01T08:51:40.574+0000] {logging_mixin.py:190} INFO - [2024-12-01T08:51:40.574+0000] {override.py:1911} INFO - Created Permission View: can create on DAG Run:read_dataset_event
[2024-12-01T08:51:40.578+0000] {logging_mixin.py:190} INFO - [2024-12-01T08:51:40.578+0000] {override.py:1911} INFO - Created Permission View: menu access on DAG Run:read_dataset_event
[2024-12-01T08:51:40.582+0000] {logging_mixin.py:190} INFO - [2024-12-01T08:51:40.582+0000] {override.py:1911} INFO - Created Permission View: can read on DAG Run:read_dataset_event
[2024-12-01T08:51:40.586+0000] {logging_mixin.py:190} INFO - [2024-12-01T08:51:40.586+0000] {override.py:1911} INFO - Created Permission View: can delete on DAG Run:read_dataset_event
[2024-12-01T08:51:40.594+0000] {logging_mixin.py:190} INFO - [2024-12-01T08:51:40.594+0000] {override.py:1911} INFO - Created Permission View: can edit on DAG:read_dataset_event_from_classic
[2024-12-01T08:51:40.598+0000] {logging_mixin.py:190} INFO - [2024-12-01T08:51:40.598+0000] {override.py:1911} INFO - Created Permission View: can read on DAG:read_dataset_event_from_classic
[2024-12-01T08:51:40.602+0000] {logging_mixin.py:190} INFO - [2024-12-01T08:51:40.601+0000] {override.py:1911} INFO - Created Permission View: can delete on DAG:read_dataset_event_from_classic
[2024-12-01T08:51:40.606+0000] {logging_mixin.py:190} INFO - [2024-12-01T08:51:40.606+0000] {override.py:1911} INFO - Created Permission View: can create on DAG Run:read_dataset_event_from_classic
[2024-12-01T08:51:40.610+0000] {logging_mixin.py:190} INFO - [2024-12-01T08:51:40.610+0000] {override.py:1911} INFO - Created Permission View: menu access on DAG Run:read_dataset_event_from_classic
[2024-12-01T08:51:40.615+0000] {logging_mixin.py:190} INFO - [2024-12-01T08:51:40.614+0000] {override.py:1911} INFO - Created Permission View: can read on DAG Run:read_dataset_event_from_classic
[2024-12-01T08:51:40.619+0000] {logging_mixin.py:190} INFO - [2024-12-01T08:51:40.619+0000] {override.py:1911} INFO - Created Permission View: can delete on DAG Run:read_dataset_event_from_classic
[2024-12-01T08:51:40.620+0000] {logging_mixin.py:190} INFO - [2024-12-01T08:51:40.620+0000] {dag.py:3239} INFO - Sync 2 DAGs
[2024-12-01T08:51:40.629+0000] {logging_mixin.py:190} INFO - [2024-12-01T08:51:40.628+0000] {dag.py:3262} INFO - Creating ORM DAG for read_dataset_event
[2024-12-01T08:51:40.629+0000] {logging_mixin.py:190} INFO - [2024-12-01T08:51:40.629+0000] {dag.py:3262} INFO - Creating ORM DAG for read_dataset_event_from_classic
[2024-12-01T08:51:40.638+0000] {logging_mixin.py:190} INFO - [2024-12-01T08:51:40.638+0000] {dag.py:4180} INFO - Setting next_dagrun for read_dataset_event to 2024-11-30 00:00:00+00:00, run_after=2024-12-01 00:00:00+00:00
[2024-12-01T08:51:40.639+0000] {logging_mixin.py:190} INFO - [2024-12-01T08:51:40.639+0000] {dag.py:4180} INFO - Setting next_dagrun for read_dataset_event_from_classic to 2024-11-30 00:00:00+00:00, run_after=2024-12-01 00:00:00+00:00
[2024-12-01T08:51:40.653+0000] {processor.py:208} INFO - Processing /home/airflow/.local/lib/python3.12/site-packages/airflow/example_dags/example_inlet_event_extra.py took 0.497 seconds
[2024-12-01T08:52:11.003+0000] {processor.py:186} INFO - Started process (PID=158) to work on /home/airflow/.local/lib/python3.12/site-packages/airflow/example_dags/example_inlet_event_extra.py
[2024-12-01T08:52:11.004+0000] {processor.py:914} INFO - Processing file /home/airflow/.local/lib/python3.12/site-packages/airflow/example_dags/example_inlet_event_extra.py for tasks to queue
[2024-12-01T08:52:11.005+0000] {logging_mixin.py:190} INFO - [2024-12-01T08:52:11.005+0000] {dagbag.py:588} INFO - Filling up the DagBag from /home/airflow/.local/lib/python3.12/site-packages/airflow/example_dags/example_inlet_event_extra.py
[2024-12-01T08:52:11.338+0000] {processor.py:925} INFO - DAG(s) 'read_dataset_event', 'read_dataset_event_from_classic' retrieved from /home/airflow/.local/lib/python3.12/site-packages/airflow/example_dags/example_inlet_event_extra.py
[2024-12-01T08:52:11.351+0000] {logging_mixin.py:190} INFO - [2024-12-01T08:52:11.351+0000] {dag.py:3239} INFO - Sync 2 DAGs
[2024-12-01T08:52:11.364+0000] {logging_mixin.py:190} INFO - [2024-12-01T08:52:11.364+0000] {dag.py:4180} INFO - Setting next_dagrun for read_dataset_event to 2024-11-30 00:00:00+00:00, run_after=2024-12-01 00:00:00+00:00
[2024-12-01T08:52:11.367+0000] {logging_mixin.py:190} INFO - [2024-12-01T08:52:11.367+0000] {dag.py:4180} INFO - Setting next_dagrun for read_dataset_event_from_classic to 2024-11-30 00:00:00+00:00, run_after=2024-12-01 00:00:00+00:00
[2024-12-01T08:52:11.377+0000] {processor.py:208} INFO - Processing /home/airflow/.local/lib/python3.12/site-packages/airflow/example_dags/example_inlet_event_extra.py took 0.378 seconds
[2024-12-01T08:52:41.905+0000] {processor.py:186} INFO - Started process (PID=221) to work on /home/airflow/.local/lib/python3.12/site-packages/airflow/example_dags/example_inlet_event_extra.py
[2024-12-01T08:52:41.906+0000] {processor.py:914} INFO - Processing file /home/airflow/.local/lib/python3.12/site-packages/airflow/example_dags/example_inlet_event_extra.py for tasks to queue
[2024-12-01T08:52:41.907+0000] {logging_mixin.py:190} INFO - [2024-12-01T08:52:41.907+0000] {dagbag.py:588} INFO - Filling up the DagBag from /home/airflow/.local/lib/python3.12/site-packages/airflow/example_dags/example_inlet_event_extra.py
[2024-12-01T08:52:42.250+0000] {processor.py:925} INFO - DAG(s) 'read_dataset_event', 'read_dataset_event_from_classic' retrieved from /home/airflow/.local/lib/python3.12/site-packages/airflow/example_dags/example_inlet_event_extra.py
[2024-12-01T08:52:42.266+0000] {logging_mixin.py:190} INFO - [2024-12-01T08:52:42.265+0000] {dag.py:3239} INFO - Sync 2 DAGs
[2024-12-01T08:52:42.284+0000] {logging_mixin.py:190} INFO - [2024-12-01T08:52:42.284+0000] {dag.py:4180} INFO - Setting next_dagrun for read_dataset_event to 2024-11-30 00:00:00+00:00, run_after=2024-12-01 00:00:00+00:00
[2024-12-01T08:52:42.288+0000] {logging_mixin.py:190} INFO - [2024-12-01T08:52:42.288+0000] {dag.py:4180} INFO - Setting next_dagrun for read_dataset_event_from_classic to 2024-11-30 00:00:00+00:00, run_after=2024-12-01 00:00:00+00:00
[2024-12-01T08:52:42.301+0000] {processor.py:208} INFO - Processing /home/airflow/.local/lib/python3.12/site-packages/airflow/example_dags/example_inlet_event_extra.py took 0.399 seconds
[2024-12-01T08:53:12.568+0000] {processor.py:186} INFO - Started process (PID=288) to work on /home/airflow/.local/lib/python3.12/site-packages/airflow/example_dags/example_inlet_event_extra.py
[2024-12-01T08:53:12.569+0000] {processor.py:914} INFO - Processing file /home/airflow/.local/lib/python3.12/site-packages/airflow/example_dags/example_inlet_event_extra.py for tasks to queue
[2024-12-01T08:53:12.570+0000] {logging_mixin.py:190} INFO - [2024-12-01T08:53:12.570+0000] {dagbag.py:588} INFO - Filling up the DagBag from /home/airflow/.local/lib/python3.12/site-packages/airflow/example_dags/example_inlet_event_extra.py
[2024-12-01T08:53:12.914+0000] {processor.py:925} INFO - DAG(s) 'read_dataset_event', 'read_dataset_event_from_classic' retrieved from /home/airflow/.local/lib/python3.12/site-packages/airflow/example_dags/example_inlet_event_extra.py
[2024-12-01T08:53:12.938+0000] {logging_mixin.py:190} INFO - [2024-12-01T08:53:12.937+0000] {dag.py:3239} INFO - Sync 2 DAGs
[2024-12-01T08:53:12.958+0000] {logging_mixin.py:190} INFO - [2024-12-01T08:53:12.958+0000] {dag.py:4180} INFO - Setting next_dagrun for read_dataset_event to 2024-11-30 00:00:00+00:00, run_after=2024-12-01 00:00:00+00:00
[2024-12-01T08:53:12.964+0000] {logging_mixin.py:190} INFO - [2024-12-01T08:53:12.963+0000] {dag.py:4180} INFO - Setting next_dagrun for read_dataset_event_from_classic to 2024-11-30 00:00:00+00:00, run_after=2024-12-01 00:00:00+00:00
[2024-12-01T08:53:12.978+0000] {processor.py:208} INFO - Processing /home/airflow/.local/lib/python3.12/site-packages/airflow/example_dags/example_inlet_event_extra.py took 0.413 seconds
[2024-12-01T08:53:43.929+0000] {processor.py:186} INFO - Started process (PID=355) to work on /home/airflow/.local/lib/python3.12/site-packages/airflow/example_dags/example_inlet_event_extra.py
[2024-12-01T08:53:43.940+0000] {processor.py:914} INFO - Processing file /home/airflow/.local/lib/python3.12/site-packages/airflow/example_dags/example_inlet_event_extra.py for tasks to queue
[2024-12-01T08:53:43.942+0000] {logging_mixin.py:190} INFO - [2024-12-01T08:53:43.942+0000] {dagbag.py:588} INFO - Filling up the DagBag from /home/airflow/.local/lib/python3.12/site-packages/airflow/example_dags/example_inlet_event_extra.py
[2024-12-01T08:53:44.289+0000] {processor.py:925} INFO - DAG(s) 'read_dataset_event_from_classic', 'read_dataset_event' retrieved from /home/airflow/.local/lib/python3.12/site-packages/airflow/example_dags/example_inlet_event_extra.py
[2024-12-01T08:53:44.304+0000] {logging_mixin.py:190} INFO - [2024-12-01T08:53:44.304+0000] {dag.py:3239} INFO - Sync 2 DAGs
[2024-12-01T08:53:44.323+0000] {logging_mixin.py:190} INFO - [2024-12-01T08:53:44.323+0000] {dag.py:4180} INFO - Setting next_dagrun for read_dataset_event to 2024-11-30 00:00:00+00:00, run_after=2024-12-01 00:00:00+00:00
[2024-12-01T08:53:44.327+0000] {logging_mixin.py:190} INFO - [2024-12-01T08:53:44.327+0000] {dag.py:4180} INFO - Setting next_dagrun for read_dataset_event_from_classic to 2024-11-30 00:00:00+00:00, run_after=2024-12-01 00:00:00+00:00
[2024-12-01T08:53:44.348+0000] {processor.py:208} INFO - Processing /home/airflow/.local/lib/python3.12/site-packages/airflow/example_dags/example_inlet_event_extra.py took 0.423 seconds
[2024-12-01T08:54:15.226+0000] {processor.py:186} INFO - Started process (PID=418) to work on /home/airflow/.local/lib/python3.12/site-packages/airflow/example_dags/example_inlet_event_extra.py
[2024-12-01T08:54:15.236+0000] {processor.py:914} INFO - Processing file /home/airflow/.local/lib/python3.12/site-packages/airflow/example_dags/example_inlet_event_extra.py for tasks to queue
[2024-12-01T08:54:15.238+0000] {logging_mixin.py:190} INFO - [2024-12-01T08:54:15.238+0000] {dagbag.py:588} INFO - Filling up the DagBag from /home/airflow/.local/lib/python3.12/site-packages/airflow/example_dags/example_inlet_event_extra.py
[2024-12-01T08:54:15.647+0000] {processor.py:925} INFO - DAG(s) 'read_dataset_event_from_classic', 'read_dataset_event' retrieved from /home/airflow/.local/lib/python3.12/site-packages/airflow/example_dags/example_inlet_event_extra.py
[2024-12-01T08:54:15.664+0000] {logging_mixin.py:190} INFO - [2024-12-01T08:54:15.664+0000] {dag.py:3239} INFO - Sync 2 DAGs
[2024-12-01T08:54:15.683+0000] {logging_mixin.py:190} INFO - [2024-12-01T08:54:15.683+0000] {dag.py:4180} INFO - Setting next_dagrun for read_dataset_event to 2024-11-30 00:00:00+00:00, run_after=2024-12-01 00:00:00+00:00
[2024-12-01T08:54:15.687+0000] {logging_mixin.py:190} INFO - [2024-12-01T08:54:15.687+0000] {dag.py:4180} INFO - Setting next_dagrun for read_dataset_event_from_classic to 2024-11-30 00:00:00+00:00, run_after=2024-12-01 00:00:00+00:00
[2024-12-01T08:54:15.709+0000] {processor.py:208} INFO - Processing /home/airflow/.local/lib/python3.12/site-packages/airflow/example_dags/example_inlet_event_extra.py took 0.486 seconds
[2024-12-01T08:54:46.507+0000] {processor.py:186} INFO - Started process (PID=481) to work on /home/airflow/.local/lib/python3.12/site-packages/airflow/example_dags/example_inlet_event_extra.py
[2024-12-01T08:54:46.510+0000] {processor.py:914} INFO - Processing file /home/airflow/.local/lib/python3.12/site-packages/airflow/example_dags/example_inlet_event_extra.py for tasks to queue
[2024-12-01T08:54:46.512+0000] {logging_mixin.py:190} INFO - [2024-12-01T08:54:46.512+0000] {dagbag.py:588} INFO - Filling up the DagBag from /home/airflow/.local/lib/python3.12/site-packages/airflow/example_dags/example_inlet_event_extra.py
[2024-12-01T08:54:46.955+0000] {processor.py:925} INFO - DAG(s) 'read_dataset_event_from_classic', 'read_dataset_event' retrieved from /home/airflow/.local/lib/python3.12/site-packages/airflow/example_dags/example_inlet_event_extra.py
[2024-12-01T08:54:46.968+0000] {logging_mixin.py:190} INFO - [2024-12-01T08:54:46.968+0000] {dag.py:3239} INFO - Sync 2 DAGs
[2024-12-01T08:54:46.985+0000] {logging_mixin.py:190} INFO - [2024-12-01T08:54:46.985+0000] {dag.py:4180} INFO - Setting next_dagrun for read_dataset_event to 2024-11-30 00:00:00+00:00, run_after=2024-12-01 00:00:00+00:00
[2024-12-01T08:54:46.988+0000] {logging_mixin.py:190} INFO - [2024-12-01T08:54:46.988+0000] {dag.py:4180} INFO - Setting next_dagrun for read_dataset_event_from_classic to 2024-11-30 00:00:00+00:00, run_after=2024-12-01 00:00:00+00:00
[2024-12-01T08:54:47.007+0000] {processor.py:208} INFO - Processing /home/airflow/.local/lib/python3.12/site-packages/airflow/example_dags/example_inlet_event_extra.py took 0.505 seconds
[2024-12-01T08:55:17.574+0000] {processor.py:186} INFO - Started process (PID=544) to work on /home/airflow/.local/lib/python3.12/site-packages/airflow/example_dags/example_inlet_event_extra.py
[2024-12-01T08:55:17.584+0000] {processor.py:914} INFO - Processing file /home/airflow/.local/lib/python3.12/site-packages/airflow/example_dags/example_inlet_event_extra.py for tasks to queue
[2024-12-01T08:55:17.585+0000] {logging_mixin.py:190} INFO - [2024-12-01T08:55:17.585+0000] {dagbag.py:588} INFO - Filling up the DagBag from /home/airflow/.local/lib/python3.12/site-packages/airflow/example_dags/example_inlet_event_extra.py
[2024-12-01T08:55:17.964+0000] {processor.py:925} INFO - DAG(s) 'read_dataset_event_from_classic', 'read_dataset_event' retrieved from /home/airflow/.local/lib/python3.12/site-packages/airflow/example_dags/example_inlet_event_extra.py
[2024-12-01T08:55:17.981+0000] {logging_mixin.py:190} INFO - [2024-12-01T08:55:17.980+0000] {dag.py:3239} INFO - Sync 2 DAGs
[2024-12-01T08:55:18.000+0000] {logging_mixin.py:190} INFO - [2024-12-01T08:55:17.999+0000] {dag.py:4180} INFO - Setting next_dagrun for read_dataset_event to 2024-11-30 00:00:00+00:00, run_after=2024-12-01 00:00:00+00:00
[2024-12-01T08:55:18.003+0000] {logging_mixin.py:190} INFO - [2024-12-01T08:55:18.003+0000] {dag.py:4180} INFO - Setting next_dagrun for read_dataset_event_from_classic to 2024-11-30 00:00:00+00:00, run_after=2024-12-01 00:00:00+00:00
[2024-12-01T08:55:18.013+0000] {processor.py:208} INFO - Processing /home/airflow/.local/lib/python3.12/site-packages/airflow/example_dags/example_inlet_event_extra.py took 0.443 seconds
[2024-12-01T08:55:48.053+0000] {processor.py:186} INFO - Started process (PID=607) to work on /home/airflow/.local/lib/python3.12/site-packages/airflow/example_dags/example_inlet_event_extra.py
[2024-12-01T08:55:48.063+0000] {processor.py:914} INFO - Processing file /home/airflow/.local/lib/python3.12/site-packages/airflow/example_dags/example_inlet_event_extra.py for tasks to queue
[2024-12-01T08:55:48.065+0000] {logging_mixin.py:190} INFO - [2024-12-01T08:55:48.065+0000] {dagbag.py:588} INFO - Filling up the DagBag from /home/airflow/.local/lib/python3.12/site-packages/airflow/example_dags/example_inlet_event_extra.py
[2024-12-01T08:55:48.382+0000] {processor.py:925} INFO - DAG(s) 'read_dataset_event', 'read_dataset_event_from_classic' retrieved from /home/airflow/.local/lib/python3.12/site-packages/airflow/example_dags/example_inlet_event_extra.py
[2024-12-01T08:55:48.396+0000] {logging_mixin.py:190} INFO - [2024-12-01T08:55:48.396+0000] {dag.py:3239} INFO - Sync 2 DAGs
[2024-12-01T08:55:48.415+0000] {logging_mixin.py:190} INFO - [2024-12-01T08:55:48.414+0000] {dag.py:4180} INFO - Setting next_dagrun for read_dataset_event to 2024-11-30 00:00:00+00:00, run_after=2024-12-01 00:00:00+00:00
[2024-12-01T08:55:48.419+0000] {logging_mixin.py:190} INFO - [2024-12-01T08:55:48.418+0000] {dag.py:4180} INFO - Setting next_dagrun for read_dataset_event_from_classic to 2024-11-30 00:00:00+00:00, run_after=2024-12-01 00:00:00+00:00
[2024-12-01T08:55:48.430+0000] {processor.py:208} INFO - Processing /home/airflow/.local/lib/python3.12/site-packages/airflow/example_dags/example_inlet_event_extra.py took 0.381 seconds
[2024-12-01T08:56:19.015+0000] {processor.py:186} INFO - Started process (PID=670) to work on /home/airflow/.local/lib/python3.12/site-packages/airflow/example_dags/example_inlet_event_extra.py
[2024-12-01T08:56:19.025+0000] {processor.py:914} INFO - Processing file /home/airflow/.local/lib/python3.12/site-packages/airflow/example_dags/example_inlet_event_extra.py for tasks to queue
[2024-12-01T08:56:19.027+0000] {logging_mixin.py:190} INFO - [2024-12-01T08:56:19.027+0000] {dagbag.py:588} INFO - Filling up the DagBag from /home/airflow/.local/lib/python3.12/site-packages/airflow/example_dags/example_inlet_event_extra.py
[2024-12-01T08:56:19.340+0000] {processor.py:925} INFO - DAG(s) 'read_dataset_event', 'read_dataset_event_from_classic' retrieved from /home/airflow/.local/lib/python3.12/site-packages/airflow/example_dags/example_inlet_event_extra.py
[2024-12-01T08:56:19.352+0000] {logging_mixin.py:190} INFO - [2024-12-01T08:56:19.352+0000] {dag.py:3239} INFO - Sync 2 DAGs
[2024-12-01T08:56:19.364+0000] {logging_mixin.py:190} INFO - [2024-12-01T08:56:19.364+0000] {dag.py:4180} INFO - Setting next_dagrun for read_dataset_event to 2024-11-30 00:00:00+00:00, run_after=2024-12-01 00:00:00+00:00
[2024-12-01T08:56:19.367+0000] {logging_mixin.py:190} INFO - [2024-12-01T08:56:19.367+0000] {dag.py:4180} INFO - Setting next_dagrun for read_dataset_event_from_classic to 2024-11-30 00:00:00+00:00, run_after=2024-12-01 00:00:00+00:00
[2024-12-01T08:56:19.376+0000] {processor.py:208} INFO - Processing /home/airflow/.local/lib/python3.12/site-packages/airflow/example_dags/example_inlet_event_extra.py took 0.365 seconds
[2024-12-01T08:56:49.757+0000] {processor.py:186} INFO - Started process (PID=733) to work on /home/airflow/.local/lib/python3.12/site-packages/airflow/example_dags/example_inlet_event_extra.py
[2024-12-01T08:56:49.767+0000] {processor.py:914} INFO - Processing file /home/airflow/.local/lib/python3.12/site-packages/airflow/example_dags/example_inlet_event_extra.py for tasks to queue
[2024-12-01T08:56:49.769+0000] {logging_mixin.py:190} INFO - [2024-12-01T08:56:49.769+0000] {dagbag.py:588} INFO - Filling up the DagBag from /home/airflow/.local/lib/python3.12/site-packages/airflow/example_dags/example_inlet_event_extra.py
[2024-12-01T08:56:50.092+0000] {processor.py:925} INFO - DAG(s) 'read_dataset_event', 'read_dataset_event_from_classic' retrieved from /home/airflow/.local/lib/python3.12/site-packages/airflow/example_dags/example_inlet_event_extra.py
[2024-12-01T08:56:50.108+0000] {logging_mixin.py:190} INFO - [2024-12-01T08:56:50.108+0000] {dag.py:3239} INFO - Sync 2 DAGs
[2024-12-01T08:56:50.122+0000] {logging_mixin.py:190} INFO - [2024-12-01T08:56:50.122+0000] {dag.py:4180} INFO - Setting next_dagrun for read_dataset_event to 2024-11-30 00:00:00+00:00, run_after=2024-12-01 00:00:00+00:00
[2024-12-01T08:56:50.125+0000] {logging_mixin.py:190} INFO - [2024-12-01T08:56:50.125+0000] {dag.py:4180} INFO - Setting next_dagrun for read_dataset_event_from_classic to 2024-11-30 00:00:00+00:00, run_after=2024-12-01 00:00:00+00:00
[2024-12-01T08:56:50.134+0000] {processor.py:208} INFO - Processing /home/airflow/.local/lib/python3.12/site-packages/airflow/example_dags/example_inlet_event_extra.py took 0.381 seconds
[2024-12-01T08:57:20.553+0000] {processor.py:186} INFO - Started process (PID=796) to work on /home/airflow/.local/lib/python3.12/site-packages/airflow/example_dags/example_inlet_event_extra.py
[2024-12-01T08:57:20.563+0000] {processor.py:914} INFO - Processing file /home/airflow/.local/lib/python3.12/site-packages/airflow/example_dags/example_inlet_event_extra.py for tasks to queue
[2024-12-01T08:57:20.564+0000] {logging_mixin.py:190} INFO - [2024-12-01T08:57:20.564+0000] {dagbag.py:588} INFO - Filling up the DagBag from /home/airflow/.local/lib/python3.12/site-packages/airflow/example_dags/example_inlet_event_extra.py
[2024-12-01T08:57:20.925+0000] {processor.py:925} INFO - DAG(s) 'read_dataset_event', 'read_dataset_event_from_classic' retrieved from /home/airflow/.local/lib/python3.12/site-packages/airflow/example_dags/example_inlet_event_extra.py
[2024-12-01T08:57:20.940+0000] {logging_mixin.py:190} INFO - [2024-12-01T08:57:20.939+0000] {dag.py:3239} INFO - Sync 2 DAGs
[2024-12-01T08:57:20.956+0000] {logging_mixin.py:190} INFO - [2024-12-01T08:57:20.955+0000] {dag.py:4180} INFO - Setting next_dagrun for read_dataset_event to 2024-11-30 00:00:00+00:00, run_after=2024-12-01 00:00:00+00:00
[2024-12-01T08:57:20.958+0000] {logging_mixin.py:190} INFO - [2024-12-01T08:57:20.958+0000] {dag.py:4180} INFO - Setting next_dagrun for read_dataset_event_from_classic to 2024-11-30 00:00:00+00:00, run_after=2024-12-01 00:00:00+00:00
[2024-12-01T08:57:20.977+0000] {processor.py:208} INFO - Processing /home/airflow/.local/lib/python3.12/site-packages/airflow/example_dags/example_inlet_event_extra.py took 0.428 seconds
[2024-12-01T08:57:51.277+0000] {processor.py:186} INFO - Started process (PID=859) to work on /home/airflow/.local/lib/python3.12/site-packages/airflow/example_dags/example_inlet_event_extra.py
[2024-12-01T08:57:51.287+0000] {processor.py:914} INFO - Processing file /home/airflow/.local/lib/python3.12/site-packages/airflow/example_dags/example_inlet_event_extra.py for tasks to queue
[2024-12-01T08:57:51.288+0000] {logging_mixin.py:190} INFO - [2024-12-01T08:57:51.288+0000] {dagbag.py:588} INFO - Filling up the DagBag from /home/airflow/.local/lib/python3.12/site-packages/airflow/example_dags/example_inlet_event_extra.py
[2024-12-01T08:57:51.599+0000] {processor.py:925} INFO - DAG(s) 'read_dataset_event', 'read_dataset_event_from_classic' retrieved from /home/airflow/.local/lib/python3.12/site-packages/airflow/example_dags/example_inlet_event_extra.py
[2024-12-01T08:57:51.613+0000] {logging_mixin.py:190} INFO - [2024-12-01T08:57:51.613+0000] {dag.py:3239} INFO - Sync 2 DAGs
[2024-12-01T08:57:51.629+0000] {logging_mixin.py:190} INFO - [2024-12-01T08:57:51.629+0000] {dag.py:4180} INFO - Setting next_dagrun for read_dataset_event to 2024-11-30 00:00:00+00:00, run_after=2024-12-01 00:00:00+00:00
[2024-12-01T08:57:51.633+0000] {logging_mixin.py:190} INFO - [2024-12-01T08:57:51.632+0000] {dag.py:4180} INFO - Setting next_dagrun for read_dataset_event_from_classic to 2024-11-30 00:00:00+00:00, run_after=2024-12-01 00:00:00+00:00
[2024-12-01T08:57:51.655+0000] {processor.py:208} INFO - Processing /home/airflow/.local/lib/python3.12/site-packages/airflow/example_dags/example_inlet_event_extra.py took 0.382 seconds
[2024-12-01T08:58:22.152+0000] {processor.py:186} INFO - Started process (PID=922) to work on /home/airflow/.local/lib/python3.12/site-packages/airflow/example_dags/example_inlet_event_extra.py
[2024-12-01T08:58:22.162+0000] {processor.py:914} INFO - Processing file /home/airflow/.local/lib/python3.12/site-packages/airflow/example_dags/example_inlet_event_extra.py for tasks to queue
[2024-12-01T08:58:22.164+0000] {logging_mixin.py:190} INFO - [2024-12-01T08:58:22.164+0000] {dagbag.py:588} INFO - Filling up the DagBag from /home/airflow/.local/lib/python3.12/site-packages/airflow/example_dags/example_inlet_event_extra.py
[2024-12-01T08:58:22.475+0000] {processor.py:925} INFO - DAG(s) 'read_dataset_event', 'read_dataset_event_from_classic' retrieved from /home/airflow/.local/lib/python3.12/site-packages/airflow/example_dags/example_inlet_event_extra.py
[2024-12-01T08:58:22.490+0000] {logging_mixin.py:190} INFO - [2024-12-01T08:58:22.490+0000] {dag.py:3239} INFO - Sync 2 DAGs
[2024-12-01T08:58:22.511+0000] {logging_mixin.py:190} INFO - [2024-12-01T08:58:22.511+0000] {dag.py:4180} INFO - Setting next_dagrun for read_dataset_event to 2024-11-30 00:00:00+00:00, run_after=2024-12-01 00:00:00+00:00
[2024-12-01T08:58:22.514+0000] {logging_mixin.py:190} INFO - [2024-12-01T08:58:22.514+0000] {dag.py:4180} INFO - Setting next_dagrun for read_dataset_event_from_classic to 2024-11-30 00:00:00+00:00, run_after=2024-12-01 00:00:00+00:00
[2024-12-01T08:58:22.534+0000] {processor.py:208} INFO - Processing /home/airflow/.local/lib/python3.12/site-packages/airflow/example_dags/example_inlet_event_extra.py took 0.385 seconds
[2024-12-01T08:58:53.009+0000] {processor.py:186} INFO - Started process (PID=985) to work on /home/airflow/.local/lib/python3.12/site-packages/airflow/example_dags/example_inlet_event_extra.py
[2024-12-01T08:58:53.019+0000] {processor.py:914} INFO - Processing file /home/airflow/.local/lib/python3.12/site-packages/airflow/example_dags/example_inlet_event_extra.py for tasks to queue
[2024-12-01T08:58:53.022+0000] {logging_mixin.py:190} INFO - [2024-12-01T08:58:53.022+0000] {dagbag.py:588} INFO - Filling up the DagBag from /home/airflow/.local/lib/python3.12/site-packages/airflow/example_dags/example_inlet_event_extra.py
[2024-12-01T08:58:53.335+0000] {processor.py:925} INFO - DAG(s) 'read_dataset_event', 'read_dataset_event_from_classic' retrieved from /home/airflow/.local/lib/python3.12/site-packages/airflow/example_dags/example_inlet_event_extra.py
[2024-12-01T08:58:53.350+0000] {logging_mixin.py:190} INFO - [2024-12-01T08:58:53.350+0000] {dag.py:3239} INFO - Sync 2 DAGs
[2024-12-01T08:58:53.370+0000] {logging_mixin.py:190} INFO - [2024-12-01T08:58:53.370+0000] {dag.py:4180} INFO - Setting next_dagrun for read_dataset_event to 2024-11-30 00:00:00+00:00, run_after=2024-12-01 00:00:00+00:00
[2024-12-01T08:58:53.374+0000] {logging_mixin.py:190} INFO - [2024-12-01T08:58:53.374+0000] {dag.py:4180} INFO - Setting next_dagrun for read_dataset_event_from_classic to 2024-11-30 00:00:00+00:00, run_after=2024-12-01 00:00:00+00:00
[2024-12-01T08:58:53.384+0000] {processor.py:208} INFO - Processing /home/airflow/.local/lib/python3.12/site-packages/airflow/example_dags/example_inlet_event_extra.py took 0.379 seconds
[2024-12-01T08:59:23.804+0000] {processor.py:186} INFO - Started process (PID=1048) to work on /home/airflow/.local/lib/python3.12/site-packages/airflow/example_dags/example_inlet_event_extra.py
[2024-12-01T08:59:23.814+0000] {processor.py:914} INFO - Processing file /home/airflow/.local/lib/python3.12/site-packages/airflow/example_dags/example_inlet_event_extra.py for tasks to queue
[2024-12-01T08:59:23.817+0000] {logging_mixin.py:190} INFO - [2024-12-01T08:59:23.816+0000] {dagbag.py:588} INFO - Filling up the DagBag from /home/airflow/.local/lib/python3.12/site-packages/airflow/example_dags/example_inlet_event_extra.py
[2024-12-01T08:59:24.126+0000] {processor.py:925} INFO - DAG(s) 'read_dataset_event', 'read_dataset_event_from_classic' retrieved from /home/airflow/.local/lib/python3.12/site-packages/airflow/example_dags/example_inlet_event_extra.py
[2024-12-01T08:59:24.140+0000] {logging_mixin.py:190} INFO - [2024-12-01T08:59:24.140+0000] {dag.py:3239} INFO - Sync 2 DAGs
[2024-12-01T08:59:24.159+0000] {logging_mixin.py:190} INFO - [2024-12-01T08:59:24.158+0000] {dag.py:4180} INFO - Setting next_dagrun for read_dataset_event to 2024-11-30 00:00:00+00:00, run_after=2024-12-01 00:00:00+00:00
[2024-12-01T08:59:24.163+0000] {logging_mixin.py:190} INFO - [2024-12-01T08:59:24.162+0000] {dag.py:4180} INFO - Setting next_dagrun for read_dataset_event_from_classic to 2024-11-30 00:00:00+00:00, run_after=2024-12-01 00:00:00+00:00
[2024-12-01T08:59:24.184+0000] {processor.py:208} INFO - Processing /home/airflow/.local/lib/python3.12/site-packages/airflow/example_dags/example_inlet_event_extra.py took 0.384 seconds
[2024-12-01T08:59:54.638+0000] {processor.py:186} INFO - Started process (PID=1111) to work on /home/airflow/.local/lib/python3.12/site-packages/airflow/example_dags/example_inlet_event_extra.py
[2024-12-01T08:59:54.639+0000] {processor.py:914} INFO - Processing file /home/airflow/.local/lib/python3.12/site-packages/airflow/example_dags/example_inlet_event_extra.py for tasks to queue
[2024-12-01T08:59:54.640+0000] {logging_mixin.py:190} INFO - [2024-12-01T08:59:54.640+0000] {dagbag.py:588} INFO - Filling up the DagBag from /home/airflow/.local/lib/python3.12/site-packages/airflow/example_dags/example_inlet_event_extra.py
[2024-12-01T08:59:54.959+0000] {processor.py:925} INFO - DAG(s) 'read_dataset_event', 'read_dataset_event_from_classic' retrieved from /home/airflow/.local/lib/python3.12/site-packages/airflow/example_dags/example_inlet_event_extra.py
[2024-12-01T08:59:54.970+0000] {logging_mixin.py:190} INFO - [2024-12-01T08:59:54.970+0000] {dag.py:3239} INFO - Sync 2 DAGs
[2024-12-01T08:59:54.982+0000] {logging_mixin.py:190} INFO - [2024-12-01T08:59:54.982+0000] {dag.py:4180} INFO - Setting next_dagrun for read_dataset_event to 2024-11-30 00:00:00+00:00, run_after=2024-12-01 00:00:00+00:00
[2024-12-01T08:59:54.984+0000] {logging_mixin.py:190} INFO - [2024-12-01T08:59:54.984+0000] {dag.py:4180} INFO - Setting next_dagrun for read_dataset_event_from_classic to 2024-11-30 00:00:00+00:00, run_after=2024-12-01 00:00:00+00:00
[2024-12-01T08:59:55.003+0000] {processor.py:208} INFO - Processing /home/airflow/.local/lib/python3.12/site-packages/airflow/example_dags/example_inlet_event_extra.py took 0.369 seconds
[2024-12-01T09:00:25.457+0000] {processor.py:186} INFO - Started process (PID=1174) to work on /home/airflow/.local/lib/python3.12/site-packages/airflow/example_dags/example_inlet_event_extra.py
[2024-12-01T09:00:25.465+0000] {processor.py:914} INFO - Processing file /home/airflow/.local/lib/python3.12/site-packages/airflow/example_dags/example_inlet_event_extra.py for tasks to queue
[2024-12-01T09:00:25.467+0000] {logging_mixin.py:190} INFO - [2024-12-01T09:00:25.467+0000] {dagbag.py:588} INFO - Filling up the DagBag from /home/airflow/.local/lib/python3.12/site-packages/airflow/example_dags/example_inlet_event_extra.py
[2024-12-01T09:00:25.834+0000] {processor.py:925} INFO - DAG(s) 'read_dataset_event_from_classic', 'read_dataset_event' retrieved from /home/airflow/.local/lib/python3.12/site-packages/airflow/example_dags/example_inlet_event_extra.py
[2024-12-01T09:00:25.852+0000] {logging_mixin.py:190} INFO - [2024-12-01T09:00:25.851+0000] {dag.py:3239} INFO - Sync 2 DAGs
[2024-12-01T09:00:25.868+0000] {logging_mixin.py:190} INFO - [2024-12-01T09:00:25.868+0000] {dag.py:4180} INFO - Setting next_dagrun for read_dataset_event to 2024-11-30 00:00:00+00:00, run_after=2024-12-01 00:00:00+00:00
[2024-12-01T09:00:25.871+0000] {logging_mixin.py:190} INFO - [2024-12-01T09:00:25.871+0000] {dag.py:4180} INFO - Setting next_dagrun for read_dataset_event_from_classic to 2024-11-30 00:00:00+00:00, run_after=2024-12-01 00:00:00+00:00
[2024-12-01T09:00:25.891+0000] {processor.py:208} INFO - Processing /home/airflow/.local/lib/python3.12/site-packages/airflow/example_dags/example_inlet_event_extra.py took 0.439 seconds
[2024-12-01T09:00:56.152+0000] {processor.py:186} INFO - Started process (PID=1237) to work on /home/airflow/.local/lib/python3.12/site-packages/airflow/example_dags/example_inlet_event_extra.py
[2024-12-01T09:00:56.163+0000] {processor.py:914} INFO - Processing file /home/airflow/.local/lib/python3.12/site-packages/airflow/example_dags/example_inlet_event_extra.py for tasks to queue
[2024-12-01T09:00:56.173+0000] {logging_mixin.py:190} INFO - [2024-12-01T09:00:56.172+0000] {dagbag.py:588} INFO - Filling up the DagBag from /home/airflow/.local/lib/python3.12/site-packages/airflow/example_dags/example_inlet_event_extra.py
[2024-12-01T09:00:56.573+0000] {processor.py:925} INFO - DAG(s) 'read_dataset_event_from_classic', 'read_dataset_event' retrieved from /home/airflow/.local/lib/python3.12/site-packages/airflow/example_dags/example_inlet_event_extra.py
[2024-12-01T09:00:56.593+0000] {logging_mixin.py:190} INFO - [2024-12-01T09:00:56.592+0000] {dag.py:3239} INFO - Sync 2 DAGs
[2024-12-01T09:00:56.608+0000] {logging_mixin.py:190} INFO - [2024-12-01T09:00:56.608+0000] {dag.py:4180} INFO - Setting next_dagrun for read_dataset_event to 2024-11-30 00:00:00+00:00, run_after=2024-12-01 00:00:00+00:00
[2024-12-01T09:00:56.611+0000] {logging_mixin.py:190} INFO - [2024-12-01T09:00:56.611+0000] {dag.py:4180} INFO - Setting next_dagrun for read_dataset_event_from_classic to 2024-11-30 00:00:00+00:00, run_after=2024-12-01 00:00:00+00:00
[2024-12-01T09:00:56.630+0000] {processor.py:208} INFO - Processing /home/airflow/.local/lib/python3.12/site-packages/airflow/example_dags/example_inlet_event_extra.py took 0.481 seconds
[2024-12-01T09:01:26.776+0000] {processor.py:186} INFO - Started process (PID=1300) to work on /home/airflow/.local/lib/python3.12/site-packages/airflow/example_dags/example_inlet_event_extra.py
[2024-12-01T09:01:26.776+0000] {processor.py:914} INFO - Processing file /home/airflow/.local/lib/python3.12/site-packages/airflow/example_dags/example_inlet_event_extra.py for tasks to queue
[2024-12-01T09:01:26.778+0000] {logging_mixin.py:190} INFO - [2024-12-01T09:01:26.778+0000] {dagbag.py:588} INFO - Filling up the DagBag from /home/airflow/.local/lib/python3.12/site-packages/airflow/example_dags/example_inlet_event_extra.py
[2024-12-01T09:01:27.152+0000] {processor.py:925} INFO - DAG(s) 'read_dataset_event', 'read_dataset_event_from_classic' retrieved from /home/airflow/.local/lib/python3.12/site-packages/airflow/example_dags/example_inlet_event_extra.py
[2024-12-01T09:01:27.165+0000] {logging_mixin.py:190} INFO - [2024-12-01T09:01:27.165+0000] {dag.py:3239} INFO - Sync 2 DAGs
[2024-12-01T09:01:27.179+0000] {logging_mixin.py:190} INFO - [2024-12-01T09:01:27.179+0000] {dag.py:4180} INFO - Setting next_dagrun for read_dataset_event to 2024-11-30 00:00:00+00:00, run_after=2024-12-01 00:00:00+00:00
[2024-12-01T09:01:27.181+0000] {logging_mixin.py:190} INFO - [2024-12-01T09:01:27.181+0000] {dag.py:4180} INFO - Setting next_dagrun for read_dataset_event_from_classic to 2024-11-30 00:00:00+00:00, run_after=2024-12-01 00:00:00+00:00
[2024-12-01T09:01:27.201+0000] {processor.py:208} INFO - Processing /home/airflow/.local/lib/python3.12/site-packages/airflow/example_dags/example_inlet_event_extra.py took 0.429 seconds
[2024-12-01T09:01:57.873+0000] {processor.py:186} INFO - Started process (PID=1364) to work on /home/airflow/.local/lib/python3.12/site-packages/airflow/example_dags/example_inlet_event_extra.py
[2024-12-01T09:01:57.883+0000] {processor.py:914} INFO - Processing file /home/airflow/.local/lib/python3.12/site-packages/airflow/example_dags/example_inlet_event_extra.py for tasks to queue
[2024-12-01T09:01:57.884+0000] {logging_mixin.py:190} INFO - [2024-12-01T09:01:57.884+0000] {dagbag.py:588} INFO - Filling up the DagBag from /home/airflow/.local/lib/python3.12/site-packages/airflow/example_dags/example_inlet_event_extra.py
[2024-12-01T09:01:58.239+0000] {processor.py:925} INFO - DAG(s) 'read_dataset_event', 'read_dataset_event_from_classic' retrieved from /home/airflow/.local/lib/python3.12/site-packages/airflow/example_dags/example_inlet_event_extra.py
[2024-12-01T09:01:58.255+0000] {logging_mixin.py:190} INFO - [2024-12-01T09:01:58.254+0000] {dag.py:3239} INFO - Sync 2 DAGs
[2024-12-01T09:01:58.276+0000] {logging_mixin.py:190} INFO - [2024-12-01T09:01:58.276+0000] {dag.py:4180} INFO - Setting next_dagrun for read_dataset_event to 2024-11-30 00:00:00+00:00, run_after=2024-12-01 00:00:00+00:00
[2024-12-01T09:01:58.279+0000] {logging_mixin.py:190} INFO - [2024-12-01T09:01:58.279+0000] {dag.py:4180} INFO - Setting next_dagrun for read_dataset_event_from_classic to 2024-11-30 00:00:00+00:00, run_after=2024-12-01 00:00:00+00:00
[2024-12-01T09:01:58.301+0000] {processor.py:208} INFO - Processing /home/airflow/.local/lib/python3.12/site-packages/airflow/example_dags/example_inlet_event_extra.py took 0.432 seconds
[2024-12-01T09:02:28.430+0000] {processor.py:186} INFO - Started process (PID=1427) to work on /home/airflow/.local/lib/python3.12/site-packages/airflow/example_dags/example_inlet_event_extra.py
[2024-12-01T09:02:28.431+0000] {processor.py:914} INFO - Processing file /home/airflow/.local/lib/python3.12/site-packages/airflow/example_dags/example_inlet_event_extra.py for tasks to queue
[2024-12-01T09:02:28.434+0000] {logging_mixin.py:190} INFO - [2024-12-01T09:02:28.433+0000] {dagbag.py:588} INFO - Filling up the DagBag from /home/airflow/.local/lib/python3.12/site-packages/airflow/example_dags/example_inlet_event_extra.py
[2024-12-01T09:02:29.172+0000] {processor.py:925} INFO - DAG(s) 'read_dataset_event', 'read_dataset_event_from_classic' retrieved from /home/airflow/.local/lib/python3.12/site-packages/airflow/example_dags/example_inlet_event_extra.py
[2024-12-01T09:02:29.195+0000] {logging_mixin.py:190} INFO - [2024-12-01T09:02:29.195+0000] {dag.py:3239} INFO - Sync 2 DAGs
[2024-12-01T09:02:29.214+0000] {logging_mixin.py:190} INFO - [2024-12-01T09:02:29.213+0000] {dag.py:4180} INFO - Setting next_dagrun for read_dataset_event to 2024-11-30 00:00:00+00:00, run_after=2024-12-01 00:00:00+00:00
[2024-12-01T09:02:29.218+0000] {logging_mixin.py:190} INFO - [2024-12-01T09:02:29.218+0000] {dag.py:4180} INFO - Setting next_dagrun for read_dataset_event_from_classic to 2024-11-30 00:00:00+00:00, run_after=2024-12-01 00:00:00+00:00
[2024-12-01T09:02:29.230+0000] {processor.py:208} INFO - Processing /home/airflow/.local/lib/python3.12/site-packages/airflow/example_dags/example_inlet_event_extra.py took 0.805 seconds
[2024-12-01T09:02:59.323+0000] {processor.py:186} INFO - Started process (PID=1490) to work on /home/airflow/.local/lib/python3.12/site-packages/airflow/example_dags/example_inlet_event_extra.py
[2024-12-01T09:02:59.334+0000] {processor.py:914} INFO - Processing file /home/airflow/.local/lib/python3.12/site-packages/airflow/example_dags/example_inlet_event_extra.py for tasks to queue
[2024-12-01T09:02:59.336+0000] {logging_mixin.py:190} INFO - [2024-12-01T09:02:59.335+0000] {dagbag.py:588} INFO - Filling up the DagBag from /home/airflow/.local/lib/python3.12/site-packages/airflow/example_dags/example_inlet_event_extra.py
[2024-12-01T09:02:59.691+0000] {processor.py:925} INFO - DAG(s) 'read_dataset_event_from_classic', 'read_dataset_event' retrieved from /home/airflow/.local/lib/python3.12/site-packages/airflow/example_dags/example_inlet_event_extra.py
[2024-12-01T09:02:59.705+0000] {logging_mixin.py:190} INFO - [2024-12-01T09:02:59.705+0000] {dag.py:3239} INFO - Sync 2 DAGs
[2024-12-01T09:02:59.724+0000] {logging_mixin.py:190} INFO - [2024-12-01T09:02:59.724+0000] {dag.py:4180} INFO - Setting next_dagrun for read_dataset_event to 2024-11-30 00:00:00+00:00, run_after=2024-12-01 00:00:00+00:00
[2024-12-01T09:02:59.727+0000] {logging_mixin.py:190} INFO - [2024-12-01T09:02:59.727+0000] {dag.py:4180} INFO - Setting next_dagrun for read_dataset_event_from_classic to 2024-11-30 00:00:00+00:00, run_after=2024-12-01 00:00:00+00:00
[2024-12-01T09:02:59.738+0000] {processor.py:208} INFO - Processing /home/airflow/.local/lib/python3.12/site-packages/airflow/example_dags/example_inlet_event_extra.py took 0.419 seconds
[2024-12-01T09:03:29.945+0000] {processor.py:186} INFO - Started process (PID=1553) to work on /home/airflow/.local/lib/python3.12/site-packages/airflow/example_dags/example_inlet_event_extra.py
[2024-12-01T09:03:29.955+0000] {processor.py:914} INFO - Processing file /home/airflow/.local/lib/python3.12/site-packages/airflow/example_dags/example_inlet_event_extra.py for tasks to queue
[2024-12-01T09:03:29.956+0000] {logging_mixin.py:190} INFO - [2024-12-01T09:03:29.956+0000] {dagbag.py:588} INFO - Filling up the DagBag from /home/airflow/.local/lib/python3.12/site-packages/airflow/example_dags/example_inlet_event_extra.py
[2024-12-01T09:03:30.305+0000] {processor.py:925} INFO - DAG(s) 'read_dataset_event', 'read_dataset_event_from_classic' retrieved from /home/airflow/.local/lib/python3.12/site-packages/airflow/example_dags/example_inlet_event_extra.py
[2024-12-01T09:03:30.320+0000] {logging_mixin.py:190} INFO - [2024-12-01T09:03:30.320+0000] {dag.py:3239} INFO - Sync 2 DAGs
[2024-12-01T09:03:30.340+0000] {logging_mixin.py:190} INFO - [2024-12-01T09:03:30.339+0000] {dag.py:4180} INFO - Setting next_dagrun for read_dataset_event to 2024-11-30 00:00:00+00:00, run_after=2024-12-01 00:00:00+00:00
[2024-12-01T09:03:30.344+0000] {logging_mixin.py:190} INFO - [2024-12-01T09:03:30.344+0000] {dag.py:4180} INFO - Setting next_dagrun for read_dataset_event_from_classic to 2024-11-30 00:00:00+00:00, run_after=2024-12-01 00:00:00+00:00
[2024-12-01T09:03:30.366+0000] {processor.py:208} INFO - Processing /home/airflow/.local/lib/python3.12/site-packages/airflow/example_dags/example_inlet_event_extra.py took 0.424 seconds
[2024-12-01T09:04:00.821+0000] {processor.py:186} INFO - Started process (PID=1616) to work on /home/airflow/.local/lib/python3.12/site-packages/airflow/example_dags/example_inlet_event_extra.py
[2024-12-01T09:04:00.821+0000] {processor.py:914} INFO - Processing file /home/airflow/.local/lib/python3.12/site-packages/airflow/example_dags/example_inlet_event_extra.py for tasks to queue
[2024-12-01T09:04:00.823+0000] {logging_mixin.py:190} INFO - [2024-12-01T09:04:00.822+0000] {dagbag.py:588} INFO - Filling up the DagBag from /home/airflow/.local/lib/python3.12/site-packages/airflow/example_dags/example_inlet_event_extra.py
[2024-12-01T09:04:01.174+0000] {processor.py:925} INFO - DAG(s) 'read_dataset_event', 'read_dataset_event_from_classic' retrieved from /home/airflow/.local/lib/python3.12/site-packages/airflow/example_dags/example_inlet_event_extra.py
[2024-12-01T09:04:01.193+0000] {logging_mixin.py:190} INFO - [2024-12-01T09:04:01.193+0000] {dag.py:3239} INFO - Sync 2 DAGs
[2024-12-01T09:04:01.207+0000] {logging_mixin.py:190} INFO - [2024-12-01T09:04:01.206+0000] {dag.py:4180} INFO - Setting next_dagrun for read_dataset_event to 2024-11-30 00:00:00+00:00, run_after=2024-12-01 00:00:00+00:00
[2024-12-01T09:04:01.209+0000] {logging_mixin.py:190} INFO - [2024-12-01T09:04:01.209+0000] {dag.py:4180} INFO - Setting next_dagrun for read_dataset_event_from_classic to 2024-11-30 00:00:00+00:00, run_after=2024-12-01 00:00:00+00:00
[2024-12-01T09:04:01.230+0000] {processor.py:208} INFO - Processing /home/airflow/.local/lib/python3.12/site-packages/airflow/example_dags/example_inlet_event_extra.py took 0.412 seconds
[2024-12-01T09:04:31.542+0000] {processor.py:186} INFO - Started process (PID=1679) to work on /home/airflow/.local/lib/python3.12/site-packages/airflow/example_dags/example_inlet_event_extra.py
[2024-12-01T09:04:31.543+0000] {processor.py:914} INFO - Processing file /home/airflow/.local/lib/python3.12/site-packages/airflow/example_dags/example_inlet_event_extra.py for tasks to queue
[2024-12-01T09:04:31.545+0000] {logging_mixin.py:190} INFO - [2024-12-01T09:04:31.545+0000] {dagbag.py:588} INFO - Filling up the DagBag from /home/airflow/.local/lib/python3.12/site-packages/airflow/example_dags/example_inlet_event_extra.py
[2024-12-01T09:04:31.904+0000] {processor.py:925} INFO - DAG(s) 'read_dataset_event_from_classic', 'read_dataset_event' retrieved from /home/airflow/.local/lib/python3.12/site-packages/airflow/example_dags/example_inlet_event_extra.py
[2024-12-01T09:04:31.915+0000] {logging_mixin.py:190} INFO - [2024-12-01T09:04:31.915+0000] {dag.py:3239} INFO - Sync 2 DAGs
[2024-12-01T09:04:31.928+0000] {logging_mixin.py:190} INFO - [2024-12-01T09:04:31.928+0000] {dag.py:4180} INFO - Setting next_dagrun for read_dataset_event to 2024-11-30 00:00:00+00:00, run_after=2024-12-01 00:00:00+00:00
[2024-12-01T09:04:31.931+0000] {logging_mixin.py:190} INFO - [2024-12-01T09:04:31.931+0000] {dag.py:4180} INFO - Setting next_dagrun for read_dataset_event_from_classic to 2024-11-30 00:00:00+00:00, run_after=2024-12-01 00:00:00+00:00
[2024-12-01T09:04:31.952+0000] {processor.py:208} INFO - Processing /home/airflow/.local/lib/python3.12/site-packages/airflow/example_dags/example_inlet_event_extra.py took 0.414 seconds
[2024-12-01T09:05:02.539+0000] {processor.py:186} INFO - Started process (PID=1742) to work on /home/airflow/.local/lib/python3.12/site-packages/airflow/example_dags/example_inlet_event_extra.py
[2024-12-01T09:05:02.549+0000] {processor.py:914} INFO - Processing file /home/airflow/.local/lib/python3.12/site-packages/airflow/example_dags/example_inlet_event_extra.py for tasks to queue
[2024-12-01T09:05:02.551+0000] {logging_mixin.py:190} INFO - [2024-12-01T09:05:02.550+0000] {dagbag.py:588} INFO - Filling up the DagBag from /home/airflow/.local/lib/python3.12/site-packages/airflow/example_dags/example_inlet_event_extra.py
[2024-12-01T09:05:02.883+0000] {processor.py:925} INFO - DAG(s) 'read_dataset_event_from_classic', 'read_dataset_event' retrieved from /home/airflow/.local/lib/python3.12/site-packages/airflow/example_dags/example_inlet_event_extra.py
[2024-12-01T09:05:02.894+0000] {logging_mixin.py:190} INFO - [2024-12-01T09:05:02.894+0000] {dag.py:3239} INFO - Sync 2 DAGs
[2024-12-01T09:05:02.907+0000] {logging_mixin.py:190} INFO - [2024-12-01T09:05:02.907+0000] {dag.py:4180} INFO - Setting next_dagrun for read_dataset_event to 2024-11-30 00:00:00+00:00, run_after=2024-12-01 00:00:00+00:00
[2024-12-01T09:05:02.910+0000] {logging_mixin.py:190} INFO - [2024-12-01T09:05:02.910+0000] {dag.py:4180} INFO - Setting next_dagrun for read_dataset_event_from_classic to 2024-11-30 00:00:00+00:00, run_after=2024-12-01 00:00:00+00:00
[2024-12-01T09:05:02.929+0000] {processor.py:208} INFO - Processing /home/airflow/.local/lib/python3.12/site-packages/airflow/example_dags/example_inlet_event_extra.py took 0.393 seconds
[2024-12-01T09:05:33.339+0000] {processor.py:186} INFO - Started process (PID=1805) to work on /home/airflow/.local/lib/python3.12/site-packages/airflow/example_dags/example_inlet_event_extra.py
[2024-12-01T09:05:33.349+0000] {processor.py:914} INFO - Processing file /home/airflow/.local/lib/python3.12/site-packages/airflow/example_dags/example_inlet_event_extra.py for tasks to queue
[2024-12-01T09:05:33.351+0000] {logging_mixin.py:190} INFO - [2024-12-01T09:05:33.350+0000] {dagbag.py:588} INFO - Filling up the DagBag from /home/airflow/.local/lib/python3.12/site-packages/airflow/example_dags/example_inlet_event_extra.py
[2024-12-01T09:05:33.737+0000] {processor.py:925} INFO - DAG(s) 'read_dataset_event', 'read_dataset_event_from_classic' retrieved from /home/airflow/.local/lib/python3.12/site-packages/airflow/example_dags/example_inlet_event_extra.py
[2024-12-01T09:05:33.753+0000] {logging_mixin.py:190} INFO - [2024-12-01T09:05:33.753+0000] {dag.py:3239} INFO - Sync 2 DAGs
[2024-12-01T09:05:33.774+0000] {logging_mixin.py:190} INFO - [2024-12-01T09:05:33.774+0000] {dag.py:4180} INFO - Setting next_dagrun for read_dataset_event to 2024-11-30 00:00:00+00:00, run_after=2024-12-01 00:00:00+00:00
[2024-12-01T09:05:33.777+0000] {logging_mixin.py:190} INFO - [2024-12-01T09:05:33.777+0000] {dag.py:4180} INFO - Setting next_dagrun for read_dataset_event_from_classic to 2024-11-30 00:00:00+00:00, run_after=2024-12-01 00:00:00+00:00
[2024-12-01T09:05:33.798+0000] {processor.py:208} INFO - Processing /home/airflow/.local/lib/python3.12/site-packages/airflow/example_dags/example_inlet_event_extra.py took 0.463 seconds
[2024-12-01T09:06:04.200+0000] {processor.py:186} INFO - Started process (PID=1868) to work on /home/airflow/.local/lib/python3.12/site-packages/airflow/example_dags/example_inlet_event_extra.py
[2024-12-01T09:06:04.210+0000] {processor.py:914} INFO - Processing file /home/airflow/.local/lib/python3.12/site-packages/airflow/example_dags/example_inlet_event_extra.py for tasks to queue
[2024-12-01T09:06:04.211+0000] {logging_mixin.py:190} INFO - [2024-12-01T09:06:04.211+0000] {dagbag.py:588} INFO - Filling up the DagBag from /home/airflow/.local/lib/python3.12/site-packages/airflow/example_dags/example_inlet_event_extra.py
[2024-12-01T09:06:04.539+0000] {processor.py:925} INFO - DAG(s) 'read_dataset_event_from_classic', 'read_dataset_event' retrieved from /home/airflow/.local/lib/python3.12/site-packages/airflow/example_dags/example_inlet_event_extra.py
[2024-12-01T09:06:04.554+0000] {logging_mixin.py:190} INFO - [2024-12-01T09:06:04.554+0000] {dag.py:3239} INFO - Sync 2 DAGs
[2024-12-01T09:06:04.575+0000] {logging_mixin.py:190} INFO - [2024-12-01T09:06:04.575+0000] {dag.py:4180} INFO - Setting next_dagrun for read_dataset_event to 2024-11-30 00:00:00+00:00, run_after=2024-12-01 00:00:00+00:00
[2024-12-01T09:06:04.578+0000] {logging_mixin.py:190} INFO - [2024-12-01T09:06:04.578+0000] {dag.py:4180} INFO - Setting next_dagrun for read_dataset_event_from_classic to 2024-11-30 00:00:00+00:00, run_after=2024-12-01 00:00:00+00:00
[2024-12-01T09:06:04.600+0000] {processor.py:208} INFO - Processing /home/airflow/.local/lib/python3.12/site-packages/airflow/example_dags/example_inlet_event_extra.py took 0.403 seconds
[2024-12-01T09:06:34.742+0000] {processor.py:186} INFO - Started process (PID=1931) to work on /home/airflow/.local/lib/python3.12/site-packages/airflow/example_dags/example_inlet_event_extra.py
[2024-12-01T09:06:34.752+0000] {processor.py:914} INFO - Processing file /home/airflow/.local/lib/python3.12/site-packages/airflow/example_dags/example_inlet_event_extra.py for tasks to queue
[2024-12-01T09:06:34.754+0000] {logging_mixin.py:190} INFO - [2024-12-01T09:06:34.753+0000] {dagbag.py:588} INFO - Filling up the DagBag from /home/airflow/.local/lib/python3.12/site-packages/airflow/example_dags/example_inlet_event_extra.py
[2024-12-01T09:06:35.078+0000] {processor.py:925} INFO - DAG(s) 'read_dataset_event_from_classic', 'read_dataset_event' retrieved from /home/airflow/.local/lib/python3.12/site-packages/airflow/example_dags/example_inlet_event_extra.py
[2024-12-01T09:06:35.092+0000] {logging_mixin.py:190} INFO - [2024-12-01T09:06:35.092+0000] {dag.py:3239} INFO - Sync 2 DAGs
[2024-12-01T09:06:35.111+0000] {logging_mixin.py:190} INFO - [2024-12-01T09:06:35.111+0000] {dag.py:4180} INFO - Setting next_dagrun for read_dataset_event to 2024-11-30 00:00:00+00:00, run_after=2024-12-01 00:00:00+00:00
[2024-12-01T09:06:35.115+0000] {logging_mixin.py:190} INFO - [2024-12-01T09:06:35.114+0000] {dag.py:4180} INFO - Setting next_dagrun for read_dataset_event_from_classic to 2024-11-30 00:00:00+00:00, run_after=2024-12-01 00:00:00+00:00
[2024-12-01T09:06:35.136+0000] {processor.py:208} INFO - Processing /home/airflow/.local/lib/python3.12/site-packages/airflow/example_dags/example_inlet_event_extra.py took 0.399 seconds
[2024-12-01T09:07:05.309+0000] {processor.py:186} INFO - Started process (PID=1994) to work on /home/airflow/.local/lib/python3.12/site-packages/airflow/example_dags/example_inlet_event_extra.py
[2024-12-01T09:07:05.319+0000] {processor.py:914} INFO - Processing file /home/airflow/.local/lib/python3.12/site-packages/airflow/example_dags/example_inlet_event_extra.py for tasks to queue
[2024-12-01T09:07:05.322+0000] {logging_mixin.py:190} INFO - [2024-12-01T09:07:05.321+0000] {dagbag.py:588} INFO - Filling up the DagBag from /home/airflow/.local/lib/python3.12/site-packages/airflow/example_dags/example_inlet_event_extra.py
[2024-12-01T09:07:05.641+0000] {processor.py:925} INFO - DAG(s) 'read_dataset_event', 'read_dataset_event_from_classic' retrieved from /home/airflow/.local/lib/python3.12/site-packages/airflow/example_dags/example_inlet_event_extra.py
[2024-12-01T09:07:05.655+0000] {logging_mixin.py:190} INFO - [2024-12-01T09:07:05.655+0000] {dag.py:3239} INFO - Sync 2 DAGs
[2024-12-01T09:07:05.671+0000] {logging_mixin.py:190} INFO - [2024-12-01T09:07:05.671+0000] {dag.py:4180} INFO - Setting next_dagrun for read_dataset_event to 2024-11-30 00:00:00+00:00, run_after=2024-12-01 00:00:00+00:00
[2024-12-01T09:07:05.674+0000] {logging_mixin.py:190} INFO - [2024-12-01T09:07:05.674+0000] {dag.py:4180} INFO - Setting next_dagrun for read_dataset_event_from_classic to 2024-11-30 00:00:00+00:00, run_after=2024-12-01 00:00:00+00:00
[2024-12-01T09:07:05.694+0000] {processor.py:208} INFO - Processing /home/airflow/.local/lib/python3.12/site-packages/airflow/example_dags/example_inlet_event_extra.py took 0.389 seconds
[2024-12-01T09:07:36.169+0000] {processor.py:186} INFO - Started process (PID=2057) to work on /home/airflow/.local/lib/python3.12/site-packages/airflow/example_dags/example_inlet_event_extra.py
[2024-12-01T09:07:36.179+0000] {processor.py:914} INFO - Processing file /home/airflow/.local/lib/python3.12/site-packages/airflow/example_dags/example_inlet_event_extra.py for tasks to queue
[2024-12-01T09:07:36.182+0000] {logging_mixin.py:190} INFO - [2024-12-01T09:07:36.181+0000] {dagbag.py:588} INFO - Filling up the DagBag from /home/airflow/.local/lib/python3.12/site-packages/airflow/example_dags/example_inlet_event_extra.py
[2024-12-01T09:07:36.501+0000] {processor.py:925} INFO - DAG(s) 'read_dataset_event', 'read_dataset_event_from_classic' retrieved from /home/airflow/.local/lib/python3.12/site-packages/airflow/example_dags/example_inlet_event_extra.py
[2024-12-01T09:07:36.515+0000] {logging_mixin.py:190} INFO - [2024-12-01T09:07:36.515+0000] {dag.py:3239} INFO - Sync 2 DAGs
[2024-12-01T09:07:36.534+0000] {logging_mixin.py:190} INFO - [2024-12-01T09:07:36.534+0000] {dag.py:4180} INFO - Setting next_dagrun for read_dataset_event to 2024-11-30 00:00:00+00:00, run_after=2024-12-01 00:00:00+00:00
[2024-12-01T09:07:36.538+0000] {logging_mixin.py:190} INFO - [2024-12-01T09:07:36.537+0000] {dag.py:4180} INFO - Setting next_dagrun for read_dataset_event_from_classic to 2024-11-30 00:00:00+00:00, run_after=2024-12-01 00:00:00+00:00
[2024-12-01T09:07:36.561+0000] {processor.py:208} INFO - Processing /home/airflow/.local/lib/python3.12/site-packages/airflow/example_dags/example_inlet_event_extra.py took 0.395 seconds
[2024-12-01T09:08:06.780+0000] {processor.py:186} INFO - Started process (PID=2120) to work on /home/airflow/.local/lib/python3.12/site-packages/airflow/example_dags/example_inlet_event_extra.py
[2024-12-01T09:08:06.791+0000] {processor.py:914} INFO - Processing file /home/airflow/.local/lib/python3.12/site-packages/airflow/example_dags/example_inlet_event_extra.py for tasks to queue
[2024-12-01T09:08:06.792+0000] {logging_mixin.py:190} INFO - [2024-12-01T09:08:06.792+0000] {dagbag.py:588} INFO - Filling up the DagBag from /home/airflow/.local/lib/python3.12/site-packages/airflow/example_dags/example_inlet_event_extra.py
[2024-12-01T09:08:07.115+0000] {processor.py:925} INFO - DAG(s) 'read_dataset_event', 'read_dataset_event_from_classic' retrieved from /home/airflow/.local/lib/python3.12/site-packages/airflow/example_dags/example_inlet_event_extra.py
[2024-12-01T09:08:07.131+0000] {logging_mixin.py:190} INFO - [2024-12-01T09:08:07.131+0000] {dag.py:3239} INFO - Sync 2 DAGs
[2024-12-01T09:08:07.148+0000] {logging_mixin.py:190} INFO - [2024-12-01T09:08:07.148+0000] {dag.py:4180} INFO - Setting next_dagrun for read_dataset_event to 2024-11-30 00:00:00+00:00, run_after=2024-12-01 00:00:00+00:00
[2024-12-01T09:08:07.152+0000] {logging_mixin.py:190} INFO - [2024-12-01T09:08:07.152+0000] {dag.py:4180} INFO - Setting next_dagrun for read_dataset_event_from_classic to 2024-11-30 00:00:00+00:00, run_after=2024-12-01 00:00:00+00:00
[2024-12-01T09:08:07.162+0000] {processor.py:208} INFO - Processing /home/airflow/.local/lib/python3.12/site-packages/airflow/example_dags/example_inlet_event_extra.py took 0.387 seconds
[2024-12-01T09:08:37.337+0000] {processor.py:186} INFO - Started process (PID=2183) to work on /home/airflow/.local/lib/python3.12/site-packages/airflow/example_dags/example_inlet_event_extra.py
[2024-12-01T09:08:37.347+0000] {processor.py:914} INFO - Processing file /home/airflow/.local/lib/python3.12/site-packages/airflow/example_dags/example_inlet_event_extra.py for tasks to queue
[2024-12-01T09:08:37.349+0000] {logging_mixin.py:190} INFO - [2024-12-01T09:08:37.348+0000] {dagbag.py:588} INFO - Filling up the DagBag from /home/airflow/.local/lib/python3.12/site-packages/airflow/example_dags/example_inlet_event_extra.py
[2024-12-01T09:08:37.661+0000] {processor.py:925} INFO - DAG(s) 'read_dataset_event', 'read_dataset_event_from_classic' retrieved from /home/airflow/.local/lib/python3.12/site-packages/airflow/example_dags/example_inlet_event_extra.py
[2024-12-01T09:08:37.676+0000] {logging_mixin.py:190} INFO - [2024-12-01T09:08:37.676+0000] {dag.py:3239} INFO - Sync 2 DAGs
[2024-12-01T09:08:37.692+0000] {logging_mixin.py:190} INFO - [2024-12-01T09:08:37.692+0000] {dag.py:4180} INFO - Setting next_dagrun for read_dataset_event to 2024-11-30 00:00:00+00:00, run_after=2024-12-01 00:00:00+00:00
[2024-12-01T09:08:37.695+0000] {logging_mixin.py:190} INFO - [2024-12-01T09:08:37.694+0000] {dag.py:4180} INFO - Setting next_dagrun for read_dataset_event_from_classic to 2024-11-30 00:00:00+00:00, run_after=2024-12-01 00:00:00+00:00
[2024-12-01T09:08:37.713+0000] {processor.py:208} INFO - Processing /home/airflow/.local/lib/python3.12/site-packages/airflow/example_dags/example_inlet_event_extra.py took 0.379 seconds
[2024-12-01T09:09:07.743+0000] {processor.py:186} INFO - Started process (PID=2246) to work on /home/airflow/.local/lib/python3.12/site-packages/airflow/example_dags/example_inlet_event_extra.py
[2024-12-01T09:09:07.743+0000] {processor.py:914} INFO - Processing file /home/airflow/.local/lib/python3.12/site-packages/airflow/example_dags/example_inlet_event_extra.py for tasks to queue
[2024-12-01T09:09:07.745+0000] {logging_mixin.py:190} INFO - [2024-12-01T09:09:07.745+0000] {dagbag.py:588} INFO - Filling up the DagBag from /home/airflow/.local/lib/python3.12/site-packages/airflow/example_dags/example_inlet_event_extra.py
[2024-12-01T09:09:08.079+0000] {processor.py:925} INFO - DAG(s) 'read_dataset_event', 'read_dataset_event_from_classic' retrieved from /home/airflow/.local/lib/python3.12/site-packages/airflow/example_dags/example_inlet_event_extra.py
[2024-12-01T09:09:08.090+0000] {logging_mixin.py:190} INFO - [2024-12-01T09:09:08.090+0000] {dag.py:3239} INFO - Sync 2 DAGs
[2024-12-01T09:09:08.103+0000] {logging_mixin.py:190} INFO - [2024-12-01T09:09:08.103+0000] {dag.py:4180} INFO - Setting next_dagrun for read_dataset_event to 2024-11-30 00:00:00+00:00, run_after=2024-12-01 00:00:00+00:00
[2024-12-01T09:09:08.106+0000] {logging_mixin.py:190} INFO - [2024-12-01T09:09:08.105+0000] {dag.py:4180} INFO - Setting next_dagrun for read_dataset_event_from_classic to 2024-11-30 00:00:00+00:00, run_after=2024-12-01 00:00:00+00:00
[2024-12-01T09:09:08.124+0000] {processor.py:208} INFO - Processing /home/airflow/.local/lib/python3.12/site-packages/airflow/example_dags/example_inlet_event_extra.py took 0.387 seconds
[2024-12-01T09:09:38.620+0000] {processor.py:186} INFO - Started process (PID=2308) to work on /home/airflow/.local/lib/python3.12/site-packages/airflow/example_dags/example_inlet_event_extra.py
[2024-12-01T09:09:38.627+0000] {processor.py:914} INFO - Processing file /home/airflow/.local/lib/python3.12/site-packages/airflow/example_dags/example_inlet_event_extra.py for tasks to queue
[2024-12-01T09:09:38.628+0000] {logging_mixin.py:190} INFO - [2024-12-01T09:09:38.628+0000] {dagbag.py:588} INFO - Filling up the DagBag from /home/airflow/.local/lib/python3.12/site-packages/airflow/example_dags/example_inlet_event_extra.py
[2024-12-01T09:09:39.005+0000] {processor.py:925} INFO - DAG(s) 'read_dataset_event_from_classic', 'read_dataset_event' retrieved from /home/airflow/.local/lib/python3.12/site-packages/airflow/example_dags/example_inlet_event_extra.py
[2024-12-01T09:09:39.018+0000] {logging_mixin.py:190} INFO - [2024-12-01T09:09:39.018+0000] {dag.py:3239} INFO - Sync 2 DAGs
[2024-12-01T09:09:39.033+0000] {logging_mixin.py:190} INFO - [2024-12-01T09:09:39.033+0000] {dag.py:4180} INFO - Setting next_dagrun for read_dataset_event to 2024-11-30 00:00:00+00:00, run_after=2024-12-01 00:00:00+00:00
[2024-12-01T09:09:39.036+0000] {logging_mixin.py:190} INFO - [2024-12-01T09:09:39.036+0000] {dag.py:4180} INFO - Setting next_dagrun for read_dataset_event_from_classic to 2024-11-30 00:00:00+00:00, run_after=2024-12-01 00:00:00+00:00
[2024-12-01T09:09:39.057+0000] {processor.py:208} INFO - Processing /home/airflow/.local/lib/python3.12/site-packages/airflow/example_dags/example_inlet_event_extra.py took 0.440 seconds
