[2024-12-01T08:51:42.157+0000] {processor.py:186} INFO - Started process (PID=109) to work on /home/airflow/.local/lib/python3.12/site-packages/airflow/example_dags/example_branch_labels.py
[2024-12-01T08:51:42.157+0000] {processor.py:914} INFO - Processing file /home/airflow/.local/lib/python3.12/site-packages/airflow/example_dags/example_branch_labels.py for tasks to queue
[2024-12-01T08:51:42.158+0000] {logging_mixin.py:190} INFO - [2024-12-01T08:51:42.158+0000] {dagbag.py:588} INFO - Filling up the DagBag from /home/airflow/.local/lib/python3.12/site-packages/airflow/example_dags/example_branch_labels.py
[2024-12-01T08:51:42.164+0000] {processor.py:925} INFO - DAG(s) 'example_branch_labels' retrieved from /home/airflow/.local/lib/python3.12/site-packages/airflow/example_dags/example_branch_labels.py
[2024-12-01T08:51:42.225+0000] {logging_mixin.py:190} INFO - [2024-12-01T08:51:42.225+0000] {override.py:1911} INFO - Created Permission View: can edit on DAG:example_branch_labels
[2024-12-01T08:51:42.235+0000] {logging_mixin.py:190} INFO - [2024-12-01T08:51:42.234+0000] {override.py:1911} INFO - Created Permission View: can read on DAG:example_branch_labels
[2024-12-01T08:51:42.241+0000] {logging_mixin.py:190} INFO - [2024-12-01T08:51:42.241+0000] {override.py:1911} INFO - Created Permission View: can delete on DAG:example_branch_labels
[2024-12-01T08:51:42.247+0000] {logging_mixin.py:190} INFO - [2024-12-01T08:51:42.246+0000] {override.py:1911} INFO - Created Permission View: can create on DAG Run:example_branch_labels
[2024-12-01T08:51:42.252+0000] {logging_mixin.py:190} INFO - [2024-12-01T08:51:42.252+0000] {override.py:1911} INFO - Created Permission View: menu access on DAG Run:example_branch_labels
[2024-12-01T08:51:42.257+0000] {logging_mixin.py:190} INFO - [2024-12-01T08:51:42.256+0000] {override.py:1911} INFO - Created Permission View: can read on DAG Run:example_branch_labels
[2024-12-01T08:51:42.260+0000] {logging_mixin.py:190} INFO - [2024-12-01T08:51:42.260+0000] {override.py:1911} INFO - Created Permission View: can delete on DAG Run:example_branch_labels
[2024-12-01T08:51:42.260+0000] {logging_mixin.py:190} INFO - [2024-12-01T08:51:42.260+0000] {dag.py:3239} INFO - Sync 1 DAGs
[2024-12-01T08:51:42.269+0000] {logging_mixin.py:190} INFO - [2024-12-01T08:51:42.269+0000] {dag.py:3262} INFO - Creating ORM DAG for example_branch_labels
[2024-12-01T08:51:42.277+0000] {logging_mixin.py:190} INFO - [2024-12-01T08:51:42.276+0000] {dag.py:4180} INFO - Setting next_dagrun for example_branch_labels to 2024-11-30 00:00:00+00:00, run_after=2024-12-01 00:00:00+00:00
[2024-12-01T08:51:42.286+0000] {processor.py:208} INFO - Processing /home/airflow/.local/lib/python3.12/site-packages/airflow/example_dags/example_branch_labels.py took 0.133 seconds
[2024-12-01T08:52:12.387+0000] {processor.py:186} INFO - Started process (PID=170) to work on /home/airflow/.local/lib/python3.12/site-packages/airflow/example_dags/example_branch_labels.py
[2024-12-01T08:52:12.388+0000] {processor.py:914} INFO - Processing file /home/airflow/.local/lib/python3.12/site-packages/airflow/example_dags/example_branch_labels.py for tasks to queue
[2024-12-01T08:52:12.389+0000] {logging_mixin.py:190} INFO - [2024-12-01T08:52:12.389+0000] {dagbag.py:588} INFO - Filling up the DagBag from /home/airflow/.local/lib/python3.12/site-packages/airflow/example_dags/example_branch_labels.py
[2024-12-01T08:52:12.394+0000] {processor.py:925} INFO - DAG(s) 'example_branch_labels' retrieved from /home/airflow/.local/lib/python3.12/site-packages/airflow/example_dags/example_branch_labels.py
[2024-12-01T08:52:12.411+0000] {logging_mixin.py:190} INFO - [2024-12-01T08:52:12.410+0000] {dag.py:3239} INFO - Sync 1 DAGs
[2024-12-01T08:52:12.429+0000] {logging_mixin.py:190} INFO - [2024-12-01T08:52:12.429+0000] {dag.py:4180} INFO - Setting next_dagrun for example_branch_labels to 2024-11-30 00:00:00+00:00, run_after=2024-12-01 00:00:00+00:00
[2024-12-01T08:52:12.443+0000] {processor.py:208} INFO - Processing /home/airflow/.local/lib/python3.12/site-packages/airflow/example_dags/example_branch_labels.py took 0.059 seconds
[2024-12-01T08:52:42.750+0000] {processor.py:186} INFO - Started process (PID=233) to work on /home/airflow/.local/lib/python3.12/site-packages/airflow/example_dags/example_branch_labels.py
[2024-12-01T08:52:42.751+0000] {processor.py:914} INFO - Processing file /home/airflow/.local/lib/python3.12/site-packages/airflow/example_dags/example_branch_labels.py for tasks to queue
[2024-12-01T08:52:42.753+0000] {logging_mixin.py:190} INFO - [2024-12-01T08:52:42.752+0000] {dagbag.py:588} INFO - Filling up the DagBag from /home/airflow/.local/lib/python3.12/site-packages/airflow/example_dags/example_branch_labels.py
[2024-12-01T08:52:42.761+0000] {processor.py:925} INFO - DAG(s) 'example_branch_labels' retrieved from /home/airflow/.local/lib/python3.12/site-packages/airflow/example_dags/example_branch_labels.py
[2024-12-01T08:52:42.775+0000] {logging_mixin.py:190} INFO - [2024-12-01T08:52:42.775+0000] {dag.py:3239} INFO - Sync 1 DAGs
[2024-12-01T08:52:42.789+0000] {logging_mixin.py:190} INFO - [2024-12-01T08:52:42.788+0000] {dag.py:4180} INFO - Setting next_dagrun for example_branch_labels to 2024-11-30 00:00:00+00:00, run_after=2024-12-01 00:00:00+00:00
[2024-12-01T08:52:42.800+0000] {processor.py:208} INFO - Processing /home/airflow/.local/lib/python3.12/site-packages/airflow/example_dags/example_branch_labels.py took 0.055 seconds
[2024-12-01T08:53:13.068+0000] {processor.py:186} INFO - Started process (PID=295) to work on /home/airflow/.local/lib/python3.12/site-packages/airflow/example_dags/example_branch_labels.py
[2024-12-01T08:53:13.068+0000] {processor.py:914} INFO - Processing file /home/airflow/.local/lib/python3.12/site-packages/airflow/example_dags/example_branch_labels.py for tasks to queue
[2024-12-01T08:53:13.069+0000] {logging_mixin.py:190} INFO - [2024-12-01T08:53:13.069+0000] {dagbag.py:588} INFO - Filling up the DagBag from /home/airflow/.local/lib/python3.12/site-packages/airflow/example_dags/example_branch_labels.py
[2024-12-01T08:53:13.075+0000] {processor.py:925} INFO - DAG(s) 'example_branch_labels' retrieved from /home/airflow/.local/lib/python3.12/site-packages/airflow/example_dags/example_branch_labels.py
[2024-12-01T08:53:13.091+0000] {logging_mixin.py:190} INFO - [2024-12-01T08:53:13.091+0000] {dag.py:3239} INFO - Sync 1 DAGs
[2024-12-01T08:53:13.106+0000] {logging_mixin.py:190} INFO - [2024-12-01T08:53:13.106+0000] {dag.py:4180} INFO - Setting next_dagrun for example_branch_labels to 2024-11-30 00:00:00+00:00, run_after=2024-12-01 00:00:00+00:00
[2024-12-01T08:53:13.117+0000] {processor.py:208} INFO - Processing /home/airflow/.local/lib/python3.12/site-packages/airflow/example_dags/example_branch_labels.py took 0.053 seconds
[2024-12-01T08:53:44.437+0000] {processor.py:186} INFO - Started process (PID=359) to work on /home/airflow/.local/lib/python3.12/site-packages/airflow/example_dags/example_branch_labels.py
[2024-12-01T08:53:44.438+0000] {processor.py:914} INFO - Processing file /home/airflow/.local/lib/python3.12/site-packages/airflow/example_dags/example_branch_labels.py for tasks to queue
[2024-12-01T08:53:44.439+0000] {logging_mixin.py:190} INFO - [2024-12-01T08:53:44.439+0000] {dagbag.py:588} INFO - Filling up the DagBag from /home/airflow/.local/lib/python3.12/site-packages/airflow/example_dags/example_branch_labels.py
[2024-12-01T08:53:44.444+0000] {processor.py:925} INFO - DAG(s) 'example_branch_labels' retrieved from /home/airflow/.local/lib/python3.12/site-packages/airflow/example_dags/example_branch_labels.py
[2024-12-01T08:53:44.459+0000] {logging_mixin.py:190} INFO - [2024-12-01T08:53:44.459+0000] {dag.py:3239} INFO - Sync 1 DAGs
[2024-12-01T08:53:44.473+0000] {logging_mixin.py:190} INFO - [2024-12-01T08:53:44.473+0000] {dag.py:4180} INFO - Setting next_dagrun for example_branch_labels to 2024-11-30 00:00:00+00:00, run_after=2024-12-01 00:00:00+00:00
[2024-12-01T08:53:44.483+0000] {processor.py:208} INFO - Processing /home/airflow/.local/lib/python3.12/site-packages/airflow/example_dags/example_branch_labels.py took 0.048 seconds
[2024-12-01T08:54:16.271+0000] {processor.py:186} INFO - Started process (PID=423) to work on /home/airflow/.local/lib/python3.12/site-packages/airflow/example_dags/example_branch_labels.py
[2024-12-01T08:54:16.272+0000] {processor.py:914} INFO - Processing file /home/airflow/.local/lib/python3.12/site-packages/airflow/example_dags/example_branch_labels.py for tasks to queue
[2024-12-01T08:54:16.273+0000] {logging_mixin.py:190} INFO - [2024-12-01T08:54:16.273+0000] {dagbag.py:588} INFO - Filling up the DagBag from /home/airflow/.local/lib/python3.12/site-packages/airflow/example_dags/example_branch_labels.py
[2024-12-01T08:54:16.278+0000] {processor.py:925} INFO - DAG(s) 'example_branch_labels' retrieved from /home/airflow/.local/lib/python3.12/site-packages/airflow/example_dags/example_branch_labels.py
[2024-12-01T08:54:16.292+0000] {logging_mixin.py:190} INFO - [2024-12-01T08:54:16.292+0000] {dag.py:3239} INFO - Sync 1 DAGs
[2024-12-01T08:54:16.304+0000] {logging_mixin.py:190} INFO - [2024-12-01T08:54:16.304+0000] {dag.py:4180} INFO - Setting next_dagrun for example_branch_labels to 2024-11-30 00:00:00+00:00, run_after=2024-12-01 00:00:00+00:00
[2024-12-01T08:54:16.315+0000] {processor.py:208} INFO - Processing /home/airflow/.local/lib/python3.12/site-packages/airflow/example_dags/example_branch_labels.py took 0.048 seconds
[2024-12-01T08:54:47.526+0000] {processor.py:186} INFO - Started process (PID=486) to work on /home/airflow/.local/lib/python3.12/site-packages/airflow/example_dags/example_branch_labels.py
[2024-12-01T08:54:47.527+0000] {processor.py:914} INFO - Processing file /home/airflow/.local/lib/python3.12/site-packages/airflow/example_dags/example_branch_labels.py for tasks to queue
[2024-12-01T08:54:47.529+0000] {logging_mixin.py:190} INFO - [2024-12-01T08:54:47.529+0000] {dagbag.py:588} INFO - Filling up the DagBag from /home/airflow/.local/lib/python3.12/site-packages/airflow/example_dags/example_branch_labels.py
[2024-12-01T08:54:47.534+0000] {processor.py:925} INFO - DAG(s) 'example_branch_labels' retrieved from /home/airflow/.local/lib/python3.12/site-packages/airflow/example_dags/example_branch_labels.py
[2024-12-01T08:54:47.547+0000] {logging_mixin.py:190} INFO - [2024-12-01T08:54:47.547+0000] {dag.py:3239} INFO - Sync 1 DAGs
[2024-12-01T08:54:47.563+0000] {logging_mixin.py:190} INFO - [2024-12-01T08:54:47.563+0000] {dag.py:4180} INFO - Setting next_dagrun for example_branch_labels to 2024-11-30 00:00:00+00:00, run_after=2024-12-01 00:00:00+00:00
[2024-12-01T08:54:47.576+0000] {processor.py:208} INFO - Processing /home/airflow/.local/lib/python3.12/site-packages/airflow/example_dags/example_branch_labels.py took 0.054 seconds
[2024-12-01T08:55:18.640+0000] {processor.py:186} INFO - Started process (PID=549) to work on /home/airflow/.local/lib/python3.12/site-packages/airflow/example_dags/example_branch_labels.py
[2024-12-01T08:55:18.641+0000] {processor.py:914} INFO - Processing file /home/airflow/.local/lib/python3.12/site-packages/airflow/example_dags/example_branch_labels.py for tasks to queue
[2024-12-01T08:55:18.644+0000] {logging_mixin.py:190} INFO - [2024-12-01T08:55:18.643+0000] {dagbag.py:588} INFO - Filling up the DagBag from /home/airflow/.local/lib/python3.12/site-packages/airflow/example_dags/example_branch_labels.py
[2024-12-01T08:55:18.652+0000] {processor.py:925} INFO - DAG(s) 'example_branch_labels' retrieved from /home/airflow/.local/lib/python3.12/site-packages/airflow/example_dags/example_branch_labels.py
[2024-12-01T08:55:18.665+0000] {logging_mixin.py:190} INFO - [2024-12-01T08:55:18.665+0000] {dag.py:3239} INFO - Sync 1 DAGs
[2024-12-01T08:55:18.679+0000] {logging_mixin.py:190} INFO - [2024-12-01T08:55:18.679+0000] {dag.py:4180} INFO - Setting next_dagrun for example_branch_labels to 2024-11-30 00:00:00+00:00, run_after=2024-12-01 00:00:00+00:00
[2024-12-01T08:55:18.692+0000] {processor.py:208} INFO - Processing /home/airflow/.local/lib/python3.12/site-packages/airflow/example_dags/example_branch_labels.py took 0.056 seconds
[2024-12-01T08:55:49.988+0000] {processor.py:186} INFO - Started process (PID=612) to work on /home/airflow/.local/lib/python3.12/site-packages/airflow/example_dags/example_branch_labels.py
[2024-12-01T08:55:49.989+0000] {processor.py:914} INFO - Processing file /home/airflow/.local/lib/python3.12/site-packages/airflow/example_dags/example_branch_labels.py for tasks to queue
[2024-12-01T08:55:49.990+0000] {logging_mixin.py:190} INFO - [2024-12-01T08:55:49.990+0000] {dagbag.py:588} INFO - Filling up the DagBag from /home/airflow/.local/lib/python3.12/site-packages/airflow/example_dags/example_branch_labels.py
[2024-12-01T08:55:49.996+0000] {processor.py:925} INFO - DAG(s) 'example_branch_labels' retrieved from /home/airflow/.local/lib/python3.12/site-packages/airflow/example_dags/example_branch_labels.py
[2024-12-01T08:55:50.011+0000] {logging_mixin.py:190} INFO - [2024-12-01T08:55:50.011+0000] {dag.py:3239} INFO - Sync 1 DAGs
[2024-12-01T08:55:50.026+0000] {logging_mixin.py:190} INFO - [2024-12-01T08:55:50.025+0000] {dag.py:4180} INFO - Setting next_dagrun for example_branch_labels to 2024-11-30 00:00:00+00:00, run_after=2024-12-01 00:00:00+00:00
[2024-12-01T08:55:50.040+0000] {processor.py:208} INFO - Processing /home/airflow/.local/lib/python3.12/site-packages/airflow/example_dags/example_branch_labels.py took 0.057 seconds
[2024-12-01T08:56:20.833+0000] {processor.py:186} INFO - Started process (PID=675) to work on /home/airflow/.local/lib/python3.12/site-packages/airflow/example_dags/example_branch_labels.py
[2024-12-01T08:56:20.834+0000] {processor.py:914} INFO - Processing file /home/airflow/.local/lib/python3.12/site-packages/airflow/example_dags/example_branch_labels.py for tasks to queue
[2024-12-01T08:56:20.836+0000] {logging_mixin.py:190} INFO - [2024-12-01T08:56:20.836+0000] {dagbag.py:588} INFO - Filling up the DagBag from /home/airflow/.local/lib/python3.12/site-packages/airflow/example_dags/example_branch_labels.py
[2024-12-01T08:56:20.843+0000] {processor.py:925} INFO - DAG(s) 'example_branch_labels' retrieved from /home/airflow/.local/lib/python3.12/site-packages/airflow/example_dags/example_branch_labels.py
[2024-12-01T08:56:20.857+0000] {logging_mixin.py:190} INFO - [2024-12-01T08:56:20.856+0000] {dag.py:3239} INFO - Sync 1 DAGs
[2024-12-01T08:56:20.870+0000] {logging_mixin.py:190} INFO - [2024-12-01T08:56:20.869+0000] {dag.py:4180} INFO - Setting next_dagrun for example_branch_labels to 2024-11-30 00:00:00+00:00, run_after=2024-12-01 00:00:00+00:00
[2024-12-01T08:56:20.879+0000] {processor.py:208} INFO - Processing /home/airflow/.local/lib/python3.12/site-packages/airflow/example_dags/example_branch_labels.py took 0.049 seconds
[2024-12-01T08:56:51.623+0000] {processor.py:186} INFO - Started process (PID=738) to work on /home/airflow/.local/lib/python3.12/site-packages/airflow/example_dags/example_branch_labels.py
[2024-12-01T08:56:51.623+0000] {processor.py:914} INFO - Processing file /home/airflow/.local/lib/python3.12/site-packages/airflow/example_dags/example_branch_labels.py for tasks to queue
[2024-12-01T08:56:51.625+0000] {logging_mixin.py:190} INFO - [2024-12-01T08:56:51.625+0000] {dagbag.py:588} INFO - Filling up the DagBag from /home/airflow/.local/lib/python3.12/site-packages/airflow/example_dags/example_branch_labels.py
[2024-12-01T08:56:51.630+0000] {processor.py:925} INFO - DAG(s) 'example_branch_labels' retrieved from /home/airflow/.local/lib/python3.12/site-packages/airflow/example_dags/example_branch_labels.py
[2024-12-01T08:56:51.645+0000] {logging_mixin.py:190} INFO - [2024-12-01T08:56:51.645+0000] {dag.py:3239} INFO - Sync 1 DAGs
[2024-12-01T08:56:51.660+0000] {logging_mixin.py:190} INFO - [2024-12-01T08:56:51.660+0000] {dag.py:4180} INFO - Setting next_dagrun for example_branch_labels to 2024-11-30 00:00:00+00:00, run_after=2024-12-01 00:00:00+00:00
[2024-12-01T08:56:51.673+0000] {processor.py:208} INFO - Processing /home/airflow/.local/lib/python3.12/site-packages/airflow/example_dags/example_branch_labels.py took 0.054 seconds
[2024-12-01T08:57:22.406+0000] {processor.py:186} INFO - Started process (PID=801) to work on /home/airflow/.local/lib/python3.12/site-packages/airflow/example_dags/example_branch_labels.py
[2024-12-01T08:57:22.406+0000] {processor.py:914} INFO - Processing file /home/airflow/.local/lib/python3.12/site-packages/airflow/example_dags/example_branch_labels.py for tasks to queue
[2024-12-01T08:57:22.408+0000] {logging_mixin.py:190} INFO - [2024-12-01T08:57:22.408+0000] {dagbag.py:588} INFO - Filling up the DagBag from /home/airflow/.local/lib/python3.12/site-packages/airflow/example_dags/example_branch_labels.py
[2024-12-01T08:57:22.414+0000] {processor.py:925} INFO - DAG(s) 'example_branch_labels' retrieved from /home/airflow/.local/lib/python3.12/site-packages/airflow/example_dags/example_branch_labels.py
[2024-12-01T08:57:22.431+0000] {logging_mixin.py:190} INFO - [2024-12-01T08:57:22.431+0000] {dag.py:3239} INFO - Sync 1 DAGs
[2024-12-01T08:57:22.450+0000] {logging_mixin.py:190} INFO - [2024-12-01T08:57:22.450+0000] {dag.py:4180} INFO - Setting next_dagrun for example_branch_labels to 2024-11-30 00:00:00+00:00, run_after=2024-12-01 00:00:00+00:00
[2024-12-01T08:57:22.463+0000] {processor.py:208} INFO - Processing /home/airflow/.local/lib/python3.12/site-packages/airflow/example_dags/example_branch_labels.py took 0.062 seconds
[2024-12-01T08:57:53.147+0000] {processor.py:186} INFO - Started process (PID=864) to work on /home/airflow/.local/lib/python3.12/site-packages/airflow/example_dags/example_branch_labels.py
[2024-12-01T08:57:53.148+0000] {processor.py:914} INFO - Processing file /home/airflow/.local/lib/python3.12/site-packages/airflow/example_dags/example_branch_labels.py for tasks to queue
[2024-12-01T08:57:53.149+0000] {logging_mixin.py:190} INFO - [2024-12-01T08:57:53.149+0000] {dagbag.py:588} INFO - Filling up the DagBag from /home/airflow/.local/lib/python3.12/site-packages/airflow/example_dags/example_branch_labels.py
[2024-12-01T08:57:53.153+0000] {processor.py:925} INFO - DAG(s) 'example_branch_labels' retrieved from /home/airflow/.local/lib/python3.12/site-packages/airflow/example_dags/example_branch_labels.py
[2024-12-01T08:57:53.165+0000] {logging_mixin.py:190} INFO - [2024-12-01T08:57:53.164+0000] {dag.py:3239} INFO - Sync 1 DAGs
[2024-12-01T08:57:53.177+0000] {logging_mixin.py:190} INFO - [2024-12-01T08:57:53.177+0000] {dag.py:4180} INFO - Setting next_dagrun for example_branch_labels to 2024-11-30 00:00:00+00:00, run_after=2024-12-01 00:00:00+00:00
[2024-12-01T08:57:53.186+0000] {processor.py:208} INFO - Processing /home/airflow/.local/lib/python3.12/site-packages/airflow/example_dags/example_branch_labels.py took 0.042 seconds
[2024-12-01T08:58:24.041+0000] {processor.py:186} INFO - Started process (PID=927) to work on /home/airflow/.local/lib/python3.12/site-packages/airflow/example_dags/example_branch_labels.py
[2024-12-01T08:58:24.042+0000] {processor.py:914} INFO - Processing file /home/airflow/.local/lib/python3.12/site-packages/airflow/example_dags/example_branch_labels.py for tasks to queue
[2024-12-01T08:58:24.043+0000] {logging_mixin.py:190} INFO - [2024-12-01T08:58:24.043+0000] {dagbag.py:588} INFO - Filling up the DagBag from /home/airflow/.local/lib/python3.12/site-packages/airflow/example_dags/example_branch_labels.py
[2024-12-01T08:58:24.048+0000] {processor.py:925} INFO - DAG(s) 'example_branch_labels' retrieved from /home/airflow/.local/lib/python3.12/site-packages/airflow/example_dags/example_branch_labels.py
[2024-12-01T08:58:24.066+0000] {logging_mixin.py:190} INFO - [2024-12-01T08:58:24.066+0000] {dag.py:3239} INFO - Sync 1 DAGs
[2024-12-01T08:58:24.085+0000] {logging_mixin.py:190} INFO - [2024-12-01T08:58:24.085+0000] {dag.py:4180} INFO - Setting next_dagrun for example_branch_labels to 2024-11-30 00:00:00+00:00, run_after=2024-12-01 00:00:00+00:00
[2024-12-01T08:58:24.097+0000] {processor.py:208} INFO - Processing /home/airflow/.local/lib/python3.12/site-packages/airflow/example_dags/example_branch_labels.py took 0.059 seconds
[2024-12-01T08:58:54.830+0000] {processor.py:186} INFO - Started process (PID=990) to work on /home/airflow/.local/lib/python3.12/site-packages/airflow/example_dags/example_branch_labels.py
[2024-12-01T08:58:54.831+0000] {processor.py:914} INFO - Processing file /home/airflow/.local/lib/python3.12/site-packages/airflow/example_dags/example_branch_labels.py for tasks to queue
[2024-12-01T08:58:54.832+0000] {logging_mixin.py:190} INFO - [2024-12-01T08:58:54.832+0000] {dagbag.py:588} INFO - Filling up the DagBag from /home/airflow/.local/lib/python3.12/site-packages/airflow/example_dags/example_branch_labels.py
[2024-12-01T08:58:54.837+0000] {processor.py:925} INFO - DAG(s) 'example_branch_labels' retrieved from /home/airflow/.local/lib/python3.12/site-packages/airflow/example_dags/example_branch_labels.py
[2024-12-01T08:58:54.852+0000] {logging_mixin.py:190} INFO - [2024-12-01T08:58:54.852+0000] {dag.py:3239} INFO - Sync 1 DAGs
[2024-12-01T08:58:54.865+0000] {logging_mixin.py:190} INFO - [2024-12-01T08:58:54.865+0000] {dag.py:4180} INFO - Setting next_dagrun for example_branch_labels to 2024-11-30 00:00:00+00:00, run_after=2024-12-01 00:00:00+00:00
[2024-12-01T08:58:54.875+0000] {processor.py:208} INFO - Processing /home/airflow/.local/lib/python3.12/site-packages/airflow/example_dags/example_branch_labels.py took 0.049 seconds
[2024-12-01T08:59:25.632+0000] {processor.py:186} INFO - Started process (PID=1053) to work on /home/airflow/.local/lib/python3.12/site-packages/airflow/example_dags/example_branch_labels.py
[2024-12-01T08:59:25.632+0000] {processor.py:914} INFO - Processing file /home/airflow/.local/lib/python3.12/site-packages/airflow/example_dags/example_branch_labels.py for tasks to queue
[2024-12-01T08:59:25.634+0000] {logging_mixin.py:190} INFO - [2024-12-01T08:59:25.634+0000] {dagbag.py:588} INFO - Filling up the DagBag from /home/airflow/.local/lib/python3.12/site-packages/airflow/example_dags/example_branch_labels.py
[2024-12-01T08:59:25.638+0000] {processor.py:925} INFO - DAG(s) 'example_branch_labels' retrieved from /home/airflow/.local/lib/python3.12/site-packages/airflow/example_dags/example_branch_labels.py
[2024-12-01T08:59:25.652+0000] {logging_mixin.py:190} INFO - [2024-12-01T08:59:25.652+0000] {dag.py:3239} INFO - Sync 1 DAGs
[2024-12-01T08:59:25.664+0000] {logging_mixin.py:190} INFO - [2024-12-01T08:59:25.664+0000] {dag.py:4180} INFO - Setting next_dagrun for example_branch_labels to 2024-11-30 00:00:00+00:00, run_after=2024-12-01 00:00:00+00:00
[2024-12-01T08:59:25.674+0000] {processor.py:208} INFO - Processing /home/airflow/.local/lib/python3.12/site-packages/airflow/example_dags/example_branch_labels.py took 0.045 seconds
[2024-12-01T08:59:56.464+0000] {processor.py:186} INFO - Started process (PID=1116) to work on /home/airflow/.local/lib/python3.12/site-packages/airflow/example_dags/example_branch_labels.py
[2024-12-01T08:59:56.464+0000] {processor.py:914} INFO - Processing file /home/airflow/.local/lib/python3.12/site-packages/airflow/example_dags/example_branch_labels.py for tasks to queue
[2024-12-01T08:59:56.466+0000] {logging_mixin.py:190} INFO - [2024-12-01T08:59:56.466+0000] {dagbag.py:588} INFO - Filling up the DagBag from /home/airflow/.local/lib/python3.12/site-packages/airflow/example_dags/example_branch_labels.py
[2024-12-01T08:59:56.474+0000] {processor.py:925} INFO - DAG(s) 'example_branch_labels' retrieved from /home/airflow/.local/lib/python3.12/site-packages/airflow/example_dags/example_branch_labels.py
[2024-12-01T08:59:56.497+0000] {logging_mixin.py:190} INFO - [2024-12-01T08:59:56.497+0000] {dag.py:3239} INFO - Sync 1 DAGs
[2024-12-01T08:59:56.509+0000] {logging_mixin.py:190} INFO - [2024-12-01T08:59:56.509+0000] {dag.py:4180} INFO - Setting next_dagrun for example_branch_labels to 2024-11-30 00:00:00+00:00, run_after=2024-12-01 00:00:00+00:00
[2024-12-01T08:59:56.519+0000] {processor.py:208} INFO - Processing /home/airflow/.local/lib/python3.12/site-packages/airflow/example_dags/example_branch_labels.py took 0.060 seconds
[2024-12-01T09:00:27.265+0000] {processor.py:186} INFO - Started process (PID=1179) to work on /home/airflow/.local/lib/python3.12/site-packages/airflow/example_dags/example_branch_labels.py
[2024-12-01T09:00:27.266+0000] {processor.py:914} INFO - Processing file /home/airflow/.local/lib/python3.12/site-packages/airflow/example_dags/example_branch_labels.py for tasks to queue
[2024-12-01T09:00:27.267+0000] {logging_mixin.py:190} INFO - [2024-12-01T09:00:27.267+0000] {dagbag.py:588} INFO - Filling up the DagBag from /home/airflow/.local/lib/python3.12/site-packages/airflow/example_dags/example_branch_labels.py
[2024-12-01T09:00:27.272+0000] {processor.py:925} INFO - DAG(s) 'example_branch_labels' retrieved from /home/airflow/.local/lib/python3.12/site-packages/airflow/example_dags/example_branch_labels.py
[2024-12-01T09:00:27.288+0000] {logging_mixin.py:190} INFO - [2024-12-01T09:00:27.288+0000] {dag.py:3239} INFO - Sync 1 DAGs
[2024-12-01T09:00:27.307+0000] {logging_mixin.py:190} INFO - [2024-12-01T09:00:27.307+0000] {dag.py:4180} INFO - Setting next_dagrun for example_branch_labels to 2024-11-30 00:00:00+00:00, run_after=2024-12-01 00:00:00+00:00
[2024-12-01T09:00:27.320+0000] {processor.py:208} INFO - Processing /home/airflow/.local/lib/python3.12/site-packages/airflow/example_dags/example_branch_labels.py took 0.057 seconds
[2024-12-01T09:00:58.214+0000] {processor.py:186} INFO - Started process (PID=1242) to work on /home/airflow/.local/lib/python3.12/site-packages/airflow/example_dags/example_branch_labels.py
[2024-12-01T09:00:58.215+0000] {processor.py:914} INFO - Processing file /home/airflow/.local/lib/python3.12/site-packages/airflow/example_dags/example_branch_labels.py for tasks to queue
[2024-12-01T09:00:58.217+0000] {logging_mixin.py:190} INFO - [2024-12-01T09:00:58.216+0000] {dagbag.py:588} INFO - Filling up the DagBag from /home/airflow/.local/lib/python3.12/site-packages/airflow/example_dags/example_branch_labels.py
[2024-12-01T09:00:58.223+0000] {processor.py:925} INFO - DAG(s) 'example_branch_labels' retrieved from /home/airflow/.local/lib/python3.12/site-packages/airflow/example_dags/example_branch_labels.py
[2024-12-01T09:00:58.245+0000] {logging_mixin.py:190} INFO - [2024-12-01T09:00:58.244+0000] {dag.py:3239} INFO - Sync 1 DAGs
[2024-12-01T09:00:58.264+0000] {logging_mixin.py:190} INFO - [2024-12-01T09:00:58.264+0000] {dag.py:4180} INFO - Setting next_dagrun for example_branch_labels to 2024-11-30 00:00:00+00:00, run_after=2024-12-01 00:00:00+00:00
[2024-12-01T09:00:58.279+0000] {processor.py:208} INFO - Processing /home/airflow/.local/lib/python3.12/site-packages/airflow/example_dags/example_branch_labels.py took 0.069 seconds
[2024-12-01T09:01:28.715+0000] {processor.py:186} INFO - Started process (PID=1305) to work on /home/airflow/.local/lib/python3.12/site-packages/airflow/example_dags/example_branch_labels.py
[2024-12-01T09:01:28.716+0000] {processor.py:914} INFO - Processing file /home/airflow/.local/lib/python3.12/site-packages/airflow/example_dags/example_branch_labels.py for tasks to queue
[2024-12-01T09:01:28.717+0000] {logging_mixin.py:190} INFO - [2024-12-01T09:01:28.717+0000] {dagbag.py:588} INFO - Filling up the DagBag from /home/airflow/.local/lib/python3.12/site-packages/airflow/example_dags/example_branch_labels.py
[2024-12-01T09:01:28.722+0000] {processor.py:925} INFO - DAG(s) 'example_branch_labels' retrieved from /home/airflow/.local/lib/python3.12/site-packages/airflow/example_dags/example_branch_labels.py
[2024-12-01T09:01:28.738+0000] {logging_mixin.py:190} INFO - [2024-12-01T09:01:28.737+0000] {dag.py:3239} INFO - Sync 1 DAGs
[2024-12-01T09:01:28.755+0000] {logging_mixin.py:190} INFO - [2024-12-01T09:01:28.755+0000] {dag.py:4180} INFO - Setting next_dagrun for example_branch_labels to 2024-11-30 00:00:00+00:00, run_after=2024-12-01 00:00:00+00:00
[2024-12-01T09:01:28.769+0000] {processor.py:208} INFO - Processing /home/airflow/.local/lib/python3.12/site-packages/airflow/example_dags/example_branch_labels.py took 0.057 seconds
[2024-12-01T09:01:59.888+0000] {processor.py:186} INFO - Started process (PID=1369) to work on /home/airflow/.local/lib/python3.12/site-packages/airflow/example_dags/example_branch_labels.py
[2024-12-01T09:01:59.889+0000] {processor.py:914} INFO - Processing file /home/airflow/.local/lib/python3.12/site-packages/airflow/example_dags/example_branch_labels.py for tasks to queue
[2024-12-01T09:01:59.890+0000] {logging_mixin.py:190} INFO - [2024-12-01T09:01:59.890+0000] {dagbag.py:588} INFO - Filling up the DagBag from /home/airflow/.local/lib/python3.12/site-packages/airflow/example_dags/example_branch_labels.py
[2024-12-01T09:01:59.896+0000] {processor.py:925} INFO - DAG(s) 'example_branch_labels' retrieved from /home/airflow/.local/lib/python3.12/site-packages/airflow/example_dags/example_branch_labels.py
[2024-12-01T09:01:59.915+0000] {logging_mixin.py:190} INFO - [2024-12-01T09:01:59.915+0000] {dag.py:3239} INFO - Sync 1 DAGs
[2024-12-01T09:01:59.937+0000] {logging_mixin.py:190} INFO - [2024-12-01T09:01:59.937+0000] {dag.py:4180} INFO - Setting next_dagrun for example_branch_labels to 2024-11-30 00:00:00+00:00, run_after=2024-12-01 00:00:00+00:00
[2024-12-01T09:01:59.948+0000] {processor.py:208} INFO - Processing /home/airflow/.local/lib/python3.12/site-packages/airflow/example_dags/example_branch_labels.py took 0.063 seconds
[2024-12-01T09:02:30.829+0000] {processor.py:186} INFO - Started process (PID=1432) to work on /home/airflow/.local/lib/python3.12/site-packages/airflow/example_dags/example_branch_labels.py
[2024-12-01T09:02:30.830+0000] {processor.py:914} INFO - Processing file /home/airflow/.local/lib/python3.12/site-packages/airflow/example_dags/example_branch_labels.py for tasks to queue
[2024-12-01T09:02:30.831+0000] {logging_mixin.py:190} INFO - [2024-12-01T09:02:30.831+0000] {dagbag.py:588} INFO - Filling up the DagBag from /home/airflow/.local/lib/python3.12/site-packages/airflow/example_dags/example_branch_labels.py
[2024-12-01T09:02:30.837+0000] {processor.py:925} INFO - DAG(s) 'example_branch_labels' retrieved from /home/airflow/.local/lib/python3.12/site-packages/airflow/example_dags/example_branch_labels.py
[2024-12-01T09:02:30.852+0000] {logging_mixin.py:190} INFO - [2024-12-01T09:02:30.852+0000] {dag.py:3239} INFO - Sync 1 DAGs
[2024-12-01T09:02:30.870+0000] {logging_mixin.py:190} INFO - [2024-12-01T09:02:30.870+0000] {dag.py:4180} INFO - Setting next_dagrun for example_branch_labels to 2024-11-30 00:00:00+00:00, run_after=2024-12-01 00:00:00+00:00
[2024-12-01T09:02:30.883+0000] {processor.py:208} INFO - Processing /home/airflow/.local/lib/python3.12/site-packages/airflow/example_dags/example_branch_labels.py took 0.058 seconds
[2024-12-01T09:03:01.283+0000] {processor.py:186} INFO - Started process (PID=1495) to work on /home/airflow/.local/lib/python3.12/site-packages/airflow/example_dags/example_branch_labels.py
[2024-12-01T09:03:01.284+0000] {processor.py:914} INFO - Processing file /home/airflow/.local/lib/python3.12/site-packages/airflow/example_dags/example_branch_labels.py for tasks to queue
[2024-12-01T09:03:01.285+0000] {logging_mixin.py:190} INFO - [2024-12-01T09:03:01.285+0000] {dagbag.py:588} INFO - Filling up the DagBag from /home/airflow/.local/lib/python3.12/site-packages/airflow/example_dags/example_branch_labels.py
[2024-12-01T09:03:01.290+0000] {processor.py:925} INFO - DAG(s) 'example_branch_labels' retrieved from /home/airflow/.local/lib/python3.12/site-packages/airflow/example_dags/example_branch_labels.py
[2024-12-01T09:03:01.306+0000] {logging_mixin.py:190} INFO - [2024-12-01T09:03:01.306+0000] {dag.py:3239} INFO - Sync 1 DAGs
[2024-12-01T09:03:01.326+0000] {logging_mixin.py:190} INFO - [2024-12-01T09:03:01.325+0000] {dag.py:4180} INFO - Setting next_dagrun for example_branch_labels to 2024-11-30 00:00:00+00:00, run_after=2024-12-01 00:00:00+00:00
[2024-12-01T09:03:01.340+0000] {processor.py:208} INFO - Processing /home/airflow/.local/lib/python3.12/site-packages/airflow/example_dags/example_branch_labels.py took 0.061 seconds
[2024-12-01T09:03:31.897+0000] {processor.py:186} INFO - Started process (PID=1558) to work on /home/airflow/.local/lib/python3.12/site-packages/airflow/example_dags/example_branch_labels.py
[2024-12-01T09:03:31.897+0000] {processor.py:914} INFO - Processing file /home/airflow/.local/lib/python3.12/site-packages/airflow/example_dags/example_branch_labels.py for tasks to queue
[2024-12-01T09:03:31.899+0000] {logging_mixin.py:190} INFO - [2024-12-01T09:03:31.898+0000] {dagbag.py:588} INFO - Filling up the DagBag from /home/airflow/.local/lib/python3.12/site-packages/airflow/example_dags/example_branch_labels.py
[2024-12-01T09:03:31.904+0000] {processor.py:925} INFO - DAG(s) 'example_branch_labels' retrieved from /home/airflow/.local/lib/python3.12/site-packages/airflow/example_dags/example_branch_labels.py
[2024-12-01T09:03:31.917+0000] {logging_mixin.py:190} INFO - [2024-12-01T09:03:31.917+0000] {dag.py:3239} INFO - Sync 1 DAGs
[2024-12-01T09:03:31.931+0000] {logging_mixin.py:190} INFO - [2024-12-01T09:03:31.930+0000] {dag.py:4180} INFO - Setting next_dagrun for example_branch_labels to 2024-11-30 00:00:00+00:00, run_after=2024-12-01 00:00:00+00:00
[2024-12-01T09:03:31.939+0000] {processor.py:208} INFO - Processing /home/airflow/.local/lib/python3.12/site-packages/airflow/example_dags/example_branch_labels.py took 0.046 seconds
[2024-12-01T09:04:02.882+0000] {processor.py:186} INFO - Started process (PID=1621) to work on /home/airflow/.local/lib/python3.12/site-packages/airflow/example_dags/example_branch_labels.py
[2024-12-01T09:04:02.883+0000] {processor.py:914} INFO - Processing file /home/airflow/.local/lib/python3.12/site-packages/airflow/example_dags/example_branch_labels.py for tasks to queue
[2024-12-01T09:04:02.884+0000] {logging_mixin.py:190} INFO - [2024-12-01T09:04:02.884+0000] {dagbag.py:588} INFO - Filling up the DagBag from /home/airflow/.local/lib/python3.12/site-packages/airflow/example_dags/example_branch_labels.py
[2024-12-01T09:04:02.891+0000] {processor.py:925} INFO - DAG(s) 'example_branch_labels' retrieved from /home/airflow/.local/lib/python3.12/site-packages/airflow/example_dags/example_branch_labels.py
[2024-12-01T09:04:02.905+0000] {logging_mixin.py:190} INFO - [2024-12-01T09:04:02.905+0000] {dag.py:3239} INFO - Sync 1 DAGs
[2024-12-01T09:04:02.919+0000] {logging_mixin.py:190} INFO - [2024-12-01T09:04:02.919+0000] {dag.py:4180} INFO - Setting next_dagrun for example_branch_labels to 2024-11-30 00:00:00+00:00, run_after=2024-12-01 00:00:00+00:00
[2024-12-01T09:04:02.933+0000] {processor.py:208} INFO - Processing /home/airflow/.local/lib/python3.12/site-packages/airflow/example_dags/example_branch_labels.py took 0.056 seconds
[2024-12-01T09:04:33.520+0000] {processor.py:186} INFO - Started process (PID=1684) to work on /home/airflow/.local/lib/python3.12/site-packages/airflow/example_dags/example_branch_labels.py
[2024-12-01T09:04:33.521+0000] {processor.py:914} INFO - Processing file /home/airflow/.local/lib/python3.12/site-packages/airflow/example_dags/example_branch_labels.py for tasks to queue
[2024-12-01T09:04:33.522+0000] {logging_mixin.py:190} INFO - [2024-12-01T09:04:33.522+0000] {dagbag.py:588} INFO - Filling up the DagBag from /home/airflow/.local/lib/python3.12/site-packages/airflow/example_dags/example_branch_labels.py
[2024-12-01T09:04:33.528+0000] {processor.py:925} INFO - DAG(s) 'example_branch_labels' retrieved from /home/airflow/.local/lib/python3.12/site-packages/airflow/example_dags/example_branch_labels.py
[2024-12-01T09:04:33.540+0000] {logging_mixin.py:190} INFO - [2024-12-01T09:04:33.540+0000] {dag.py:3239} INFO - Sync 1 DAGs
[2024-12-01T09:04:33.553+0000] {logging_mixin.py:190} INFO - [2024-12-01T09:04:33.553+0000] {dag.py:4180} INFO - Setting next_dagrun for example_branch_labels to 2024-11-30 00:00:00+00:00, run_after=2024-12-01 00:00:00+00:00
[2024-12-01T09:04:33.567+0000] {processor.py:208} INFO - Processing /home/airflow/.local/lib/python3.12/site-packages/airflow/example_dags/example_branch_labels.py took 0.050 seconds
[2024-12-01T09:05:04.132+0000] {processor.py:186} INFO - Started process (PID=1747) to work on /home/airflow/.local/lib/python3.12/site-packages/airflow/example_dags/example_branch_labels.py
[2024-12-01T09:05:04.133+0000] {processor.py:914} INFO - Processing file /home/airflow/.local/lib/python3.12/site-packages/airflow/example_dags/example_branch_labels.py for tasks to queue
[2024-12-01T09:05:04.135+0000] {logging_mixin.py:190} INFO - [2024-12-01T09:05:04.135+0000] {dagbag.py:588} INFO - Filling up the DagBag from /home/airflow/.local/lib/python3.12/site-packages/airflow/example_dags/example_branch_labels.py
[2024-12-01T09:05:04.141+0000] {processor.py:925} INFO - DAG(s) 'example_branch_labels' retrieved from /home/airflow/.local/lib/python3.12/site-packages/airflow/example_dags/example_branch_labels.py
[2024-12-01T09:05:04.157+0000] {logging_mixin.py:190} INFO - [2024-12-01T09:05:04.157+0000] {dag.py:3239} INFO - Sync 1 DAGs
[2024-12-01T09:05:04.171+0000] {logging_mixin.py:190} INFO - [2024-12-01T09:05:04.171+0000] {dag.py:4180} INFO - Setting next_dagrun for example_branch_labels to 2024-11-30 00:00:00+00:00, run_after=2024-12-01 00:00:00+00:00
[2024-12-01T09:05:04.182+0000] {processor.py:208} INFO - Processing /home/airflow/.local/lib/python3.12/site-packages/airflow/example_dags/example_branch_labels.py took 0.054 seconds
[2024-12-01T09:05:35.311+0000] {processor.py:186} INFO - Started process (PID=1810) to work on /home/airflow/.local/lib/python3.12/site-packages/airflow/example_dags/example_branch_labels.py
[2024-12-01T09:05:35.312+0000] {processor.py:914} INFO - Processing file /home/airflow/.local/lib/python3.12/site-packages/airflow/example_dags/example_branch_labels.py for tasks to queue
[2024-12-01T09:05:35.324+0000] {logging_mixin.py:190} INFO - [2024-12-01T09:05:35.322+0000] {dagbag.py:588} INFO - Filling up the DagBag from /home/airflow/.local/lib/python3.12/site-packages/airflow/example_dags/example_branch_labels.py
[2024-12-01T09:05:35.332+0000] {processor.py:925} INFO - DAG(s) 'example_branch_labels' retrieved from /home/airflow/.local/lib/python3.12/site-packages/airflow/example_dags/example_branch_labels.py
[2024-12-01T09:05:35.348+0000] {logging_mixin.py:190} INFO - [2024-12-01T09:05:35.348+0000] {dag.py:3239} INFO - Sync 1 DAGs
[2024-12-01T09:05:35.365+0000] {logging_mixin.py:190} INFO - [2024-12-01T09:05:35.365+0000] {dag.py:4180} INFO - Setting next_dagrun for example_branch_labels to 2024-11-30 00:00:00+00:00, run_after=2024-12-01 00:00:00+00:00
[2024-12-01T09:05:35.380+0000] {processor.py:208} INFO - Processing /home/airflow/.local/lib/python3.12/site-packages/airflow/example_dags/example_branch_labels.py took 0.072 seconds
[2024-12-01T09:06:06.217+0000] {processor.py:186} INFO - Started process (PID=1873) to work on /home/airflow/.local/lib/python3.12/site-packages/airflow/example_dags/example_branch_labels.py
[2024-12-01T09:06:06.218+0000] {processor.py:914} INFO - Processing file /home/airflow/.local/lib/python3.12/site-packages/airflow/example_dags/example_branch_labels.py for tasks to queue
[2024-12-01T09:06:06.219+0000] {logging_mixin.py:190} INFO - [2024-12-01T09:06:06.219+0000] {dagbag.py:588} INFO - Filling up the DagBag from /home/airflow/.local/lib/python3.12/site-packages/airflow/example_dags/example_branch_labels.py
[2024-12-01T09:06:06.224+0000] {processor.py:925} INFO - DAG(s) 'example_branch_labels' retrieved from /home/airflow/.local/lib/python3.12/site-packages/airflow/example_dags/example_branch_labels.py
[2024-12-01T09:06:06.243+0000] {logging_mixin.py:190} INFO - [2024-12-01T09:06:06.243+0000] {dag.py:3239} INFO - Sync 1 DAGs
[2024-12-01T09:06:06.262+0000] {logging_mixin.py:190} INFO - [2024-12-01T09:06:06.262+0000] {dag.py:4180} INFO - Setting next_dagrun for example_branch_labels to 2024-11-30 00:00:00+00:00, run_after=2024-12-01 00:00:00+00:00
[2024-12-01T09:06:06.274+0000] {processor.py:208} INFO - Processing /home/airflow/.local/lib/python3.12/site-packages/airflow/example_dags/example_branch_labels.py took 0.061 seconds
[2024-12-01T09:06:36.653+0000] {processor.py:186} INFO - Started process (PID=1936) to work on /home/airflow/.local/lib/python3.12/site-packages/airflow/example_dags/example_branch_labels.py
[2024-12-01T09:06:36.654+0000] {processor.py:914} INFO - Processing file /home/airflow/.local/lib/python3.12/site-packages/airflow/example_dags/example_branch_labels.py for tasks to queue
[2024-12-01T09:06:36.656+0000] {logging_mixin.py:190} INFO - [2024-12-01T09:06:36.655+0000] {dagbag.py:588} INFO - Filling up the DagBag from /home/airflow/.local/lib/python3.12/site-packages/airflow/example_dags/example_branch_labels.py
[2024-12-01T09:06:36.661+0000] {processor.py:925} INFO - DAG(s) 'example_branch_labels' retrieved from /home/airflow/.local/lib/python3.12/site-packages/airflow/example_dags/example_branch_labels.py
[2024-12-01T09:06:36.676+0000] {logging_mixin.py:190} INFO - [2024-12-01T09:06:36.675+0000] {dag.py:3239} INFO - Sync 1 DAGs
[2024-12-01T09:06:36.690+0000] {logging_mixin.py:190} INFO - [2024-12-01T09:06:36.690+0000] {dag.py:4180} INFO - Setting next_dagrun for example_branch_labels to 2024-11-30 00:00:00+00:00, run_after=2024-12-01 00:00:00+00:00
[2024-12-01T09:06:36.700+0000] {processor.py:208} INFO - Processing /home/airflow/.local/lib/python3.12/site-packages/airflow/example_dags/example_branch_labels.py took 0.051 seconds
[2024-12-01T09:07:07.145+0000] {processor.py:186} INFO - Started process (PID=1999) to work on /home/airflow/.local/lib/python3.12/site-packages/airflow/example_dags/example_branch_labels.py
[2024-12-01T09:07:07.145+0000] {processor.py:914} INFO - Processing file /home/airflow/.local/lib/python3.12/site-packages/airflow/example_dags/example_branch_labels.py for tasks to queue
[2024-12-01T09:07:07.146+0000] {logging_mixin.py:190} INFO - [2024-12-01T09:07:07.146+0000] {dagbag.py:588} INFO - Filling up the DagBag from /home/airflow/.local/lib/python3.12/site-packages/airflow/example_dags/example_branch_labels.py
[2024-12-01T09:07:07.151+0000] {processor.py:925} INFO - DAG(s) 'example_branch_labels' retrieved from /home/airflow/.local/lib/python3.12/site-packages/airflow/example_dags/example_branch_labels.py
[2024-12-01T09:07:07.165+0000] {logging_mixin.py:190} INFO - [2024-12-01T09:07:07.165+0000] {dag.py:3239} INFO - Sync 1 DAGs
[2024-12-01T09:07:07.180+0000] {logging_mixin.py:190} INFO - [2024-12-01T09:07:07.179+0000] {dag.py:4180} INFO - Setting next_dagrun for example_branch_labels to 2024-11-30 00:00:00+00:00, run_after=2024-12-01 00:00:00+00:00
[2024-12-01T09:07:07.192+0000] {processor.py:208} INFO - Processing /home/airflow/.local/lib/python3.12/site-packages/airflow/example_dags/example_branch_labels.py took 0.050 seconds
[2024-12-01T09:07:37.591+0000] {processor.py:186} INFO - Started process (PID=2062) to work on /home/airflow/.local/lib/python3.12/site-packages/airflow/example_dags/example_branch_labels.py
[2024-12-01T09:07:37.591+0000] {processor.py:914} INFO - Processing file /home/airflow/.local/lib/python3.12/site-packages/airflow/example_dags/example_branch_labels.py for tasks to queue
[2024-12-01T09:07:37.592+0000] {logging_mixin.py:190} INFO - [2024-12-01T09:07:37.592+0000] {dagbag.py:588} INFO - Filling up the DagBag from /home/airflow/.local/lib/python3.12/site-packages/airflow/example_dags/example_branch_labels.py
[2024-12-01T09:07:37.597+0000] {processor.py:925} INFO - DAG(s) 'example_branch_labels' retrieved from /home/airflow/.local/lib/python3.12/site-packages/airflow/example_dags/example_branch_labels.py
[2024-12-01T09:07:37.612+0000] {logging_mixin.py:190} INFO - [2024-12-01T09:07:37.611+0000] {dag.py:3239} INFO - Sync 1 DAGs
[2024-12-01T09:07:37.624+0000] {logging_mixin.py:190} INFO - [2024-12-01T09:07:37.624+0000] {dag.py:4180} INFO - Setting next_dagrun for example_branch_labels to 2024-11-30 00:00:00+00:00, run_after=2024-12-01 00:00:00+00:00
[2024-12-01T09:07:37.635+0000] {processor.py:208} INFO - Processing /home/airflow/.local/lib/python3.12/site-packages/airflow/example_dags/example_branch_labels.py took 0.048 seconds
[2024-12-01T09:08:08.283+0000] {processor.py:186} INFO - Started process (PID=2125) to work on /home/airflow/.local/lib/python3.12/site-packages/airflow/example_dags/example_branch_labels.py
[2024-12-01T09:08:08.283+0000] {processor.py:914} INFO - Processing file /home/airflow/.local/lib/python3.12/site-packages/airflow/example_dags/example_branch_labels.py for tasks to queue
[2024-12-01T09:08:08.284+0000] {logging_mixin.py:190} INFO - [2024-12-01T09:08:08.284+0000] {dagbag.py:588} INFO - Filling up the DagBag from /home/airflow/.local/lib/python3.12/site-packages/airflow/example_dags/example_branch_labels.py
[2024-12-01T09:08:08.289+0000] {processor.py:925} INFO - DAG(s) 'example_branch_labels' retrieved from /home/airflow/.local/lib/python3.12/site-packages/airflow/example_dags/example_branch_labels.py
[2024-12-01T09:08:08.304+0000] {logging_mixin.py:190} INFO - [2024-12-01T09:08:08.304+0000] {dag.py:3239} INFO - Sync 1 DAGs
[2024-12-01T09:08:08.325+0000] {logging_mixin.py:190} INFO - [2024-12-01T09:08:08.324+0000] {dag.py:4180} INFO - Setting next_dagrun for example_branch_labels to 2024-11-30 00:00:00+00:00, run_after=2024-12-01 00:00:00+00:00
[2024-12-01T09:08:08.339+0000] {processor.py:208} INFO - Processing /home/airflow/.local/lib/python3.12/site-packages/airflow/example_dags/example_branch_labels.py took 0.059 seconds
[2024-12-01T09:08:39.190+0000] {processor.py:186} INFO - Started process (PID=2188) to work on /home/airflow/.local/lib/python3.12/site-packages/airflow/example_dags/example_branch_labels.py
[2024-12-01T09:08:39.190+0000] {processor.py:914} INFO - Processing file /home/airflow/.local/lib/python3.12/site-packages/airflow/example_dags/example_branch_labels.py for tasks to queue
[2024-12-01T09:08:39.192+0000] {logging_mixin.py:190} INFO - [2024-12-01T09:08:39.191+0000] {dagbag.py:588} INFO - Filling up the DagBag from /home/airflow/.local/lib/python3.12/site-packages/airflow/example_dags/example_branch_labels.py
[2024-12-01T09:08:39.197+0000] {processor.py:925} INFO - DAG(s) 'example_branch_labels' retrieved from /home/airflow/.local/lib/python3.12/site-packages/airflow/example_dags/example_branch_labels.py
[2024-12-01T09:08:39.212+0000] {logging_mixin.py:190} INFO - [2024-12-01T09:08:39.212+0000] {dag.py:3239} INFO - Sync 1 DAGs
[2024-12-01T09:08:39.228+0000] {logging_mixin.py:190} INFO - [2024-12-01T09:08:39.228+0000] {dag.py:4180} INFO - Setting next_dagrun for example_branch_labels to 2024-11-30 00:00:00+00:00, run_after=2024-12-01 00:00:00+00:00
[2024-12-01T09:08:39.244+0000] {processor.py:208} INFO - Processing /home/airflow/.local/lib/python3.12/site-packages/airflow/example_dags/example_branch_labels.py took 0.057 seconds
[2024-12-01T09:09:09.620+0000] {processor.py:186} INFO - Started process (PID=2251) to work on /home/airflow/.local/lib/python3.12/site-packages/airflow/example_dags/example_branch_labels.py
[2024-12-01T09:09:09.621+0000] {processor.py:914} INFO - Processing file /home/airflow/.local/lib/python3.12/site-packages/airflow/example_dags/example_branch_labels.py for tasks to queue
[2024-12-01T09:09:09.622+0000] {logging_mixin.py:190} INFO - [2024-12-01T09:09:09.622+0000] {dagbag.py:588} INFO - Filling up the DagBag from /home/airflow/.local/lib/python3.12/site-packages/airflow/example_dags/example_branch_labels.py
[2024-12-01T09:09:09.630+0000] {processor.py:925} INFO - DAG(s) 'example_branch_labels' retrieved from /home/airflow/.local/lib/python3.12/site-packages/airflow/example_dags/example_branch_labels.py
[2024-12-01T09:09:09.643+0000] {logging_mixin.py:190} INFO - [2024-12-01T09:09:09.643+0000] {dag.py:3239} INFO - Sync 1 DAGs
[2024-12-01T09:09:09.655+0000] {logging_mixin.py:190} INFO - [2024-12-01T09:09:09.655+0000] {dag.py:4180} INFO - Setting next_dagrun for example_branch_labels to 2024-11-30 00:00:00+00:00, run_after=2024-12-01 00:00:00+00:00
[2024-12-01T09:09:09.665+0000] {processor.py:208} INFO - Processing /home/airflow/.local/lib/python3.12/site-packages/airflow/example_dags/example_branch_labels.py took 0.049 seconds
[2024-12-01T09:09:40.658+0000] {processor.py:186} INFO - Started process (PID=2313) to work on /home/airflow/.local/lib/python3.12/site-packages/airflow/example_dags/example_branch_labels.py
[2024-12-01T09:09:40.659+0000] {processor.py:914} INFO - Processing file /home/airflow/.local/lib/python3.12/site-packages/airflow/example_dags/example_branch_labels.py for tasks to queue
[2024-12-01T09:09:40.660+0000] {logging_mixin.py:190} INFO - [2024-12-01T09:09:40.660+0000] {dagbag.py:588} INFO - Filling up the DagBag from /home/airflow/.local/lib/python3.12/site-packages/airflow/example_dags/example_branch_labels.py
[2024-12-01T09:09:40.665+0000] {processor.py:925} INFO - DAG(s) 'example_branch_labels' retrieved from /home/airflow/.local/lib/python3.12/site-packages/airflow/example_dags/example_branch_labels.py
[2024-12-01T09:09:40.680+0000] {logging_mixin.py:190} INFO - [2024-12-01T09:09:40.680+0000] {dag.py:3239} INFO - Sync 1 DAGs
[2024-12-01T09:09:40.697+0000] {logging_mixin.py:190} INFO - [2024-12-01T09:09:40.697+0000] {dag.py:4180} INFO - Setting next_dagrun for example_branch_labels to 2024-11-30 00:00:00+00:00, run_after=2024-12-01 00:00:00+00:00
[2024-12-01T09:09:40.712+0000] {processor.py:208} INFO - Processing /home/airflow/.local/lib/python3.12/site-packages/airflow/example_dags/example_branch_labels.py took 0.058 seconds
[2024-12-01T09:10:11.332+0000] {processor.py:186} INFO - Started process (PID=2376) to work on /home/airflow/.local/lib/python3.12/site-packages/airflow/example_dags/example_branch_labels.py
[2024-12-01T09:10:11.333+0000] {processor.py:914} INFO - Processing file /home/airflow/.local/lib/python3.12/site-packages/airflow/example_dags/example_branch_labels.py for tasks to queue
[2024-12-01T09:10:11.334+0000] {logging_mixin.py:190} INFO - [2024-12-01T09:10:11.334+0000] {dagbag.py:588} INFO - Filling up the DagBag from /home/airflow/.local/lib/python3.12/site-packages/airflow/example_dags/example_branch_labels.py
[2024-12-01T09:10:11.341+0000] {processor.py:925} INFO - DAG(s) 'example_branch_labels' retrieved from /home/airflow/.local/lib/python3.12/site-packages/airflow/example_dags/example_branch_labels.py
[2024-12-01T09:10:11.358+0000] {logging_mixin.py:190} INFO - [2024-12-01T09:10:11.358+0000] {dag.py:3239} INFO - Sync 1 DAGs
[2024-12-01T09:10:11.377+0000] {logging_mixin.py:190} INFO - [2024-12-01T09:10:11.377+0000] {dag.py:4180} INFO - Setting next_dagrun for example_branch_labels to 2024-11-30 00:00:00+00:00, run_after=2024-12-01 00:00:00+00:00
[2024-12-01T09:10:11.392+0000] {processor.py:208} INFO - Processing /home/airflow/.local/lib/python3.12/site-packages/airflow/example_dags/example_branch_labels.py took 0.066 seconds
[2024-12-01T09:10:42.394+0000] {processor.py:186} INFO - Started process (PID=2439) to work on /home/airflow/.local/lib/python3.12/site-packages/airflow/example_dags/example_branch_labels.py
[2024-12-01T09:10:42.395+0000] {processor.py:914} INFO - Processing file /home/airflow/.local/lib/python3.12/site-packages/airflow/example_dags/example_branch_labels.py for tasks to queue
[2024-12-01T09:10:42.396+0000] {logging_mixin.py:190} INFO - [2024-12-01T09:10:42.396+0000] {dagbag.py:588} INFO - Filling up the DagBag from /home/airflow/.local/lib/python3.12/site-packages/airflow/example_dags/example_branch_labels.py
[2024-12-01T09:10:42.403+0000] {processor.py:925} INFO - DAG(s) 'example_branch_labels' retrieved from /home/airflow/.local/lib/python3.12/site-packages/airflow/example_dags/example_branch_labels.py
[2024-12-01T09:10:42.418+0000] {logging_mixin.py:190} INFO - [2024-12-01T09:10:42.418+0000] {dag.py:3239} INFO - Sync 1 DAGs
[2024-12-01T09:10:42.435+0000] {logging_mixin.py:190} INFO - [2024-12-01T09:10:42.434+0000] {dag.py:4180} INFO - Setting next_dagrun for example_branch_labels to 2024-11-30 00:00:00+00:00, run_after=2024-12-01 00:00:00+00:00
[2024-12-01T09:10:42.448+0000] {processor.py:208} INFO - Processing /home/airflow/.local/lib/python3.12/site-packages/airflow/example_dags/example_branch_labels.py took 0.058 seconds
[2024-12-01T09:11:13.923+0000] {processor.py:186} INFO - Started process (PID=2508) to work on /home/airflow/.local/lib/python3.12/site-packages/airflow/example_dags/example_branch_labels.py
[2024-12-01T09:11:13.924+0000] {processor.py:914} INFO - Processing file /home/airflow/.local/lib/python3.12/site-packages/airflow/example_dags/example_branch_labels.py for tasks to queue
[2024-12-01T09:11:13.925+0000] {logging_mixin.py:190} INFO - [2024-12-01T09:11:13.925+0000] {dagbag.py:588} INFO - Filling up the DagBag from /home/airflow/.local/lib/python3.12/site-packages/airflow/example_dags/example_branch_labels.py
[2024-12-01T09:11:13.930+0000] {processor.py:925} INFO - DAG(s) 'example_branch_labels' retrieved from /home/airflow/.local/lib/python3.12/site-packages/airflow/example_dags/example_branch_labels.py
[2024-12-01T09:11:13.945+0000] {logging_mixin.py:190} INFO - [2024-12-01T09:11:13.945+0000] {dag.py:3239} INFO - Sync 1 DAGs
[2024-12-01T09:11:13.964+0000] {logging_mixin.py:190} INFO - [2024-12-01T09:11:13.964+0000] {dag.py:4180} INFO - Setting next_dagrun for example_branch_labels to 2024-11-30 00:00:00+00:00, run_after=2024-12-01 00:00:00+00:00
[2024-12-01T09:11:13.978+0000] {processor.py:208} INFO - Processing /home/airflow/.local/lib/python3.12/site-packages/airflow/example_dags/example_branch_labels.py took 0.057 seconds
[2024-12-01T09:11:44.109+0000] {processor.py:186} INFO - Started process (PID=2571) to work on /home/airflow/.local/lib/python3.12/site-packages/airflow/example_dags/example_branch_labels.py
[2024-12-01T09:11:44.109+0000] {processor.py:914} INFO - Processing file /home/airflow/.local/lib/python3.12/site-packages/airflow/example_dags/example_branch_labels.py for tasks to queue
[2024-12-01T09:11:44.111+0000] {logging_mixin.py:190} INFO - [2024-12-01T09:11:44.110+0000] {dagbag.py:588} INFO - Filling up the DagBag from /home/airflow/.local/lib/python3.12/site-packages/airflow/example_dags/example_branch_labels.py
[2024-12-01T09:11:44.116+0000] {processor.py:925} INFO - DAG(s) 'example_branch_labels' retrieved from /home/airflow/.local/lib/python3.12/site-packages/airflow/example_dags/example_branch_labels.py
[2024-12-01T09:11:44.129+0000] {logging_mixin.py:190} INFO - [2024-12-01T09:11:44.129+0000] {dag.py:3239} INFO - Sync 1 DAGs
[2024-12-01T09:11:44.147+0000] {logging_mixin.py:190} INFO - [2024-12-01T09:11:44.147+0000] {dag.py:4180} INFO - Setting next_dagrun for example_branch_labels to 2024-11-30 00:00:00+00:00, run_after=2024-12-01 00:00:00+00:00
[2024-12-01T09:11:44.162+0000] {processor.py:208} INFO - Processing /home/airflow/.local/lib/python3.12/site-packages/airflow/example_dags/example_branch_labels.py took 0.057 seconds
