[2024-12-01T08:51:37.108+0000] {processor.py:186} INFO - Started process (PID=67) to work on /home/airflow/.local/lib/python3.12/site-packages/airflow/example_dags/example_python_operator.py
[2024-12-01T08:51:37.108+0000] {processor.py:914} INFO - Processing file /home/airflow/.local/lib/python3.12/site-packages/airflow/example_dags/example_python_operator.py for tasks to queue
[2024-12-01T08:51:37.109+0000] {logging_mixin.py:190} INFO - [2024-12-01T08:51:37.109+0000] {dagbag.py:588} INFO - Filling up the DagBag from /home/airflow/.local/lib/python3.12/site-packages/airflow/example_dags/example_python_operator.py
[2024-12-01T08:51:37.121+0000] {processor.py:925} INFO - DAG(s) 'example_python_operator' retrieved from /home/airflow/.local/lib/python3.12/site-packages/airflow/example_dags/example_python_operator.py
[2024-12-01T08:51:37.275+0000] {logging_mixin.py:190} INFO - [2024-12-01T08:51:37.274+0000] {override.py:1911} INFO - Created Permission View: can edit on DAG:example_python_operator
[2024-12-01T08:51:37.282+0000] {logging_mixin.py:190} INFO - [2024-12-01T08:51:37.282+0000] {override.py:1911} INFO - Created Permission View: can read on DAG:example_python_operator
[2024-12-01T08:51:37.287+0000] {logging_mixin.py:190} INFO - [2024-12-01T08:51:37.287+0000] {override.py:1911} INFO - Created Permission View: can delete on DAG:example_python_operator
[2024-12-01T08:51:37.291+0000] {logging_mixin.py:190} INFO - [2024-12-01T08:51:37.291+0000] {override.py:1911} INFO - Created Permission View: can create on DAG Run:example_python_operator
[2024-12-01T08:51:37.294+0000] {logging_mixin.py:190} INFO - [2024-12-01T08:51:37.293+0000] {override.py:1911} INFO - Created Permission View: menu access on DAG Run:example_python_operator
[2024-12-01T08:51:37.298+0000] {logging_mixin.py:190} INFO - [2024-12-01T08:51:37.298+0000] {override.py:1911} INFO - Created Permission View: can read on DAG Run:example_python_operator
[2024-12-01T08:51:37.303+0000] {logging_mixin.py:190} INFO - [2024-12-01T08:51:37.303+0000] {override.py:1911} INFO - Created Permission View: can delete on DAG Run:example_python_operator
[2024-12-01T08:51:37.304+0000] {logging_mixin.py:190} INFO - [2024-12-01T08:51:37.303+0000] {dag.py:3239} INFO - Sync 1 DAGs
[2024-12-01T08:51:37.316+0000] {logging_mixin.py:190} INFO - [2024-12-01T08:51:37.316+0000] {dag.py:3262} INFO - Creating ORM DAG for example_python_operator
[2024-12-01T08:51:37.316+0000] {logging_mixin.py:190} INFO - [2024-12-01T08:51:37.316+0000] {dag.py:4180} INFO - Setting next_dagrun for example_python_operator to None, run_after=None
[2024-12-01T08:51:37.329+0000] {processor.py:208} INFO - Processing /home/airflow/.local/lib/python3.12/site-packages/airflow/example_dags/example_python_operator.py took 0.224 seconds
[2024-12-01T08:52:07.893+0000] {processor.py:186} INFO - Started process (PID=130) to work on /home/airflow/.local/lib/python3.12/site-packages/airflow/example_dags/example_python_operator.py
[2024-12-01T08:52:07.899+0000] {processor.py:914} INFO - Processing file /home/airflow/.local/lib/python3.12/site-packages/airflow/example_dags/example_python_operator.py for tasks to queue
[2024-12-01T08:52:07.901+0000] {logging_mixin.py:190} INFO - [2024-12-01T08:52:07.900+0000] {dagbag.py:588} INFO - Filling up the DagBag from /home/airflow/.local/lib/python3.12/site-packages/airflow/example_dags/example_python_operator.py
[2024-12-01T08:52:07.910+0000] {processor.py:925} INFO - DAG(s) 'example_python_operator' retrieved from /home/airflow/.local/lib/python3.12/site-packages/airflow/example_dags/example_python_operator.py
[2024-12-01T08:52:07.923+0000] {logging_mixin.py:190} INFO - [2024-12-01T08:52:07.923+0000] {dag.py:3239} INFO - Sync 1 DAGs
[2024-12-01T08:52:07.930+0000] {logging_mixin.py:190} INFO - [2024-12-01T08:52:07.930+0000] {dag.py:4180} INFO - Setting next_dagrun for example_python_operator to None, run_after=None
[2024-12-01T08:52:07.940+0000] {processor.py:208} INFO - Processing /home/airflow/.local/lib/python3.12/site-packages/airflow/example_dags/example_python_operator.py took 0.052 seconds
[2024-12-01T08:52:38.834+0000] {processor.py:186} INFO - Started process (PID=192) to work on /home/airflow/.local/lib/python3.12/site-packages/airflow/example_dags/example_python_operator.py
[2024-12-01T08:52:38.840+0000] {processor.py:914} INFO - Processing file /home/airflow/.local/lib/python3.12/site-packages/airflow/example_dags/example_python_operator.py for tasks to queue
[2024-12-01T08:52:38.842+0000] {logging_mixin.py:190} INFO - [2024-12-01T08:52:38.841+0000] {dagbag.py:588} INFO - Filling up the DagBag from /home/airflow/.local/lib/python3.12/site-packages/airflow/example_dags/example_python_operator.py
[2024-12-01T08:52:38.848+0000] {processor.py:925} INFO - DAG(s) 'example_python_operator' retrieved from /home/airflow/.local/lib/python3.12/site-packages/airflow/example_dags/example_python_operator.py
[2024-12-01T08:52:38.862+0000] {logging_mixin.py:190} INFO - [2024-12-01T08:52:38.862+0000] {dag.py:3239} INFO - Sync 1 DAGs
[2024-12-01T08:52:38.872+0000] {logging_mixin.py:190} INFO - [2024-12-01T08:52:38.871+0000] {dag.py:4180} INFO - Setting next_dagrun for example_python_operator to None, run_after=None
[2024-12-01T08:52:38.884+0000] {processor.py:208} INFO - Processing /home/airflow/.local/lib/python3.12/site-packages/airflow/example_dags/example_python_operator.py took 0.053 seconds
[2024-12-01T08:53:09.208+0000] {processor.py:186} INFO - Started process (PID=255) to work on /home/airflow/.local/lib/python3.12/site-packages/airflow/example_dags/example_python_operator.py
[2024-12-01T08:53:09.214+0000] {processor.py:914} INFO - Processing file /home/airflow/.local/lib/python3.12/site-packages/airflow/example_dags/example_python_operator.py for tasks to queue
[2024-12-01T08:53:09.216+0000] {logging_mixin.py:190} INFO - [2024-12-01T08:53:09.216+0000] {dagbag.py:588} INFO - Filling up the DagBag from /home/airflow/.local/lib/python3.12/site-packages/airflow/example_dags/example_python_operator.py
[2024-12-01T08:53:09.224+0000] {processor.py:925} INFO - DAG(s) 'example_python_operator' retrieved from /home/airflow/.local/lib/python3.12/site-packages/airflow/example_dags/example_python_operator.py
[2024-12-01T08:53:09.237+0000] {logging_mixin.py:190} INFO - [2024-12-01T08:53:09.237+0000] {dag.py:3239} INFO - Sync 1 DAGs
[2024-12-01T08:53:09.245+0000] {logging_mixin.py:190} INFO - [2024-12-01T08:53:09.245+0000] {dag.py:4180} INFO - Setting next_dagrun for example_python_operator to None, run_after=None
[2024-12-01T08:53:09.258+0000] {processor.py:208} INFO - Processing /home/airflow/.local/lib/python3.12/site-packages/airflow/example_dags/example_python_operator.py took 0.054 seconds
[2024-12-01T08:53:39.560+0000] {processor.py:186} INFO - Started process (PID=318) to work on /home/airflow/.local/lib/python3.12/site-packages/airflow/example_dags/example_python_operator.py
[2024-12-01T08:53:39.566+0000] {processor.py:914} INFO - Processing file /home/airflow/.local/lib/python3.12/site-packages/airflow/example_dags/example_python_operator.py for tasks to queue
[2024-12-01T08:53:39.568+0000] {logging_mixin.py:190} INFO - [2024-12-01T08:53:39.568+0000] {dagbag.py:588} INFO - Filling up the DagBag from /home/airflow/.local/lib/python3.12/site-packages/airflow/example_dags/example_python_operator.py
[2024-12-01T08:53:39.575+0000] {processor.py:925} INFO - DAG(s) 'example_python_operator' retrieved from /home/airflow/.local/lib/python3.12/site-packages/airflow/example_dags/example_python_operator.py
[2024-12-01T08:53:39.590+0000] {logging_mixin.py:190} INFO - [2024-12-01T08:53:39.589+0000] {dag.py:3239} INFO - Sync 1 DAGs
[2024-12-01T08:53:39.598+0000] {logging_mixin.py:190} INFO - [2024-12-01T08:53:39.598+0000] {dag.py:4180} INFO - Setting next_dagrun for example_python_operator to None, run_after=None
[2024-12-01T08:53:39.609+0000] {processor.py:208} INFO - Processing /home/airflow/.local/lib/python3.12/site-packages/airflow/example_dags/example_python_operator.py took 0.053 seconds
[2024-12-01T08:54:09.696+0000] {processor.py:186} INFO - Started process (PID=381) to work on /home/airflow/.local/lib/python3.12/site-packages/airflow/example_dags/example_python_operator.py
[2024-12-01T08:54:09.704+0000] {processor.py:914} INFO - Processing file /home/airflow/.local/lib/python3.12/site-packages/airflow/example_dags/example_python_operator.py for tasks to queue
[2024-12-01T08:54:09.705+0000] {logging_mixin.py:190} INFO - [2024-12-01T08:54:09.705+0000] {dagbag.py:588} INFO - Filling up the DagBag from /home/airflow/.local/lib/python3.12/site-packages/airflow/example_dags/example_python_operator.py
[2024-12-01T08:54:09.711+0000] {processor.py:925} INFO - DAG(s) 'example_python_operator' retrieved from /home/airflow/.local/lib/python3.12/site-packages/airflow/example_dags/example_python_operator.py
[2024-12-01T08:54:09.724+0000] {logging_mixin.py:190} INFO - [2024-12-01T08:54:09.724+0000] {dag.py:3239} INFO - Sync 1 DAGs
[2024-12-01T08:54:09.736+0000] {logging_mixin.py:190} INFO - [2024-12-01T08:54:09.735+0000] {dag.py:4180} INFO - Setting next_dagrun for example_python_operator to None, run_after=None
[2024-12-01T08:54:09.749+0000] {processor.py:208} INFO - Processing /home/airflow/.local/lib/python3.12/site-packages/airflow/example_dags/example_python_operator.py took 0.056 seconds
[2024-12-01T08:54:40.072+0000] {processor.py:186} INFO - Started process (PID=444) to work on /home/airflow/.local/lib/python3.12/site-packages/airflow/example_dags/example_python_operator.py
[2024-12-01T08:54:40.076+0000] {processor.py:914} INFO - Processing file /home/airflow/.local/lib/python3.12/site-packages/airflow/example_dags/example_python_operator.py for tasks to queue
[2024-12-01T08:54:40.077+0000] {logging_mixin.py:190} INFO - [2024-12-01T08:54:40.077+0000] {dagbag.py:588} INFO - Filling up the DagBag from /home/airflow/.local/lib/python3.12/site-packages/airflow/example_dags/example_python_operator.py
[2024-12-01T08:54:40.083+0000] {processor.py:925} INFO - DAG(s) 'example_python_operator' retrieved from /home/airflow/.local/lib/python3.12/site-packages/airflow/example_dags/example_python_operator.py
[2024-12-01T08:54:40.097+0000] {logging_mixin.py:190} INFO - [2024-12-01T08:54:40.097+0000] {dag.py:3239} INFO - Sync 1 DAGs
[2024-12-01T08:54:40.104+0000] {logging_mixin.py:190} INFO - [2024-12-01T08:54:40.104+0000] {dag.py:4180} INFO - Setting next_dagrun for example_python_operator to None, run_after=None
[2024-12-01T08:54:40.114+0000] {processor.py:208} INFO - Processing /home/airflow/.local/lib/python3.12/site-packages/airflow/example_dags/example_python_operator.py took 0.046 seconds
[2024-12-01T08:55:10.305+0000] {processor.py:186} INFO - Started process (PID=507) to work on /home/airflow/.local/lib/python3.12/site-packages/airflow/example_dags/example_python_operator.py
[2024-12-01T08:55:10.310+0000] {processor.py:914} INFO - Processing file /home/airflow/.local/lib/python3.12/site-packages/airflow/example_dags/example_python_operator.py for tasks to queue
[2024-12-01T08:55:10.311+0000] {logging_mixin.py:190} INFO - [2024-12-01T08:55:10.311+0000] {dagbag.py:588} INFO - Filling up the DagBag from /home/airflow/.local/lib/python3.12/site-packages/airflow/example_dags/example_python_operator.py
[2024-12-01T08:55:10.318+0000] {processor.py:925} INFO - DAG(s) 'example_python_operator' retrieved from /home/airflow/.local/lib/python3.12/site-packages/airflow/example_dags/example_python_operator.py
[2024-12-01T08:55:10.332+0000] {logging_mixin.py:190} INFO - [2024-12-01T08:55:10.331+0000] {dag.py:3239} INFO - Sync 1 DAGs
[2024-12-01T08:55:10.342+0000] {logging_mixin.py:190} INFO - [2024-12-01T08:55:10.342+0000] {dag.py:4180} INFO - Setting next_dagrun for example_python_operator to None, run_after=None
[2024-12-01T08:55:10.355+0000] {processor.py:208} INFO - Processing /home/airflow/.local/lib/python3.12/site-packages/airflow/example_dags/example_python_operator.py took 0.054 seconds
[2024-12-01T08:55:40.519+0000] {processor.py:186} INFO - Started process (PID=570) to work on /home/airflow/.local/lib/python3.12/site-packages/airflow/example_dags/example_python_operator.py
[2024-12-01T08:55:40.523+0000] {processor.py:914} INFO - Processing file /home/airflow/.local/lib/python3.12/site-packages/airflow/example_dags/example_python_operator.py for tasks to queue
[2024-12-01T08:55:40.524+0000] {logging_mixin.py:190} INFO - [2024-12-01T08:55:40.524+0000] {dagbag.py:588} INFO - Filling up the DagBag from /home/airflow/.local/lib/python3.12/site-packages/airflow/example_dags/example_python_operator.py
[2024-12-01T08:55:40.532+0000] {processor.py:925} INFO - DAG(s) 'example_python_operator' retrieved from /home/airflow/.local/lib/python3.12/site-packages/airflow/example_dags/example_python_operator.py
[2024-12-01T08:55:40.545+0000] {logging_mixin.py:190} INFO - [2024-12-01T08:55:40.544+0000] {dag.py:3239} INFO - Sync 1 DAGs
[2024-12-01T08:55:40.552+0000] {logging_mixin.py:190} INFO - [2024-12-01T08:55:40.552+0000] {dag.py:4180} INFO - Setting next_dagrun for example_python_operator to None, run_after=None
[2024-12-01T08:55:40.563+0000] {processor.py:208} INFO - Processing /home/airflow/.local/lib/python3.12/site-packages/airflow/example_dags/example_python_operator.py took 0.048 seconds
[2024-12-01T08:56:10.811+0000] {processor.py:186} INFO - Started process (PID=633) to work on /home/airflow/.local/lib/python3.12/site-packages/airflow/example_dags/example_python_operator.py
[2024-12-01T08:56:10.818+0000] {processor.py:914} INFO - Processing file /home/airflow/.local/lib/python3.12/site-packages/airflow/example_dags/example_python_operator.py for tasks to queue
[2024-12-01T08:56:10.820+0000] {logging_mixin.py:190} INFO - [2024-12-01T08:56:10.819+0000] {dagbag.py:588} INFO - Filling up the DagBag from /home/airflow/.local/lib/python3.12/site-packages/airflow/example_dags/example_python_operator.py
[2024-12-01T08:56:10.828+0000] {processor.py:925} INFO - DAG(s) 'example_python_operator' retrieved from /home/airflow/.local/lib/python3.12/site-packages/airflow/example_dags/example_python_operator.py
[2024-12-01T08:56:10.844+0000] {logging_mixin.py:190} INFO - [2024-12-01T08:56:10.844+0000] {dag.py:3239} INFO - Sync 1 DAGs
[2024-12-01T08:56:10.853+0000] {logging_mixin.py:190} INFO - [2024-12-01T08:56:10.852+0000] {dag.py:4180} INFO - Setting next_dagrun for example_python_operator to None, run_after=None
[2024-12-01T08:56:10.866+0000] {processor.py:208} INFO - Processing /home/airflow/.local/lib/python3.12/site-packages/airflow/example_dags/example_python_operator.py took 0.059 seconds
[2024-12-01T08:56:41.651+0000] {processor.py:186} INFO - Started process (PID=702) to work on /home/airflow/.local/lib/python3.12/site-packages/airflow/example_dags/example_python_operator.py
[2024-12-01T08:56:41.659+0000] {processor.py:914} INFO - Processing file /home/airflow/.local/lib/python3.12/site-packages/airflow/example_dags/example_python_operator.py for tasks to queue
[2024-12-01T08:56:41.661+0000] {logging_mixin.py:190} INFO - [2024-12-01T08:56:41.660+0000] {dagbag.py:588} INFO - Filling up the DagBag from /home/airflow/.local/lib/python3.12/site-packages/airflow/example_dags/example_python_operator.py
[2024-12-01T08:56:41.670+0000] {processor.py:925} INFO - DAG(s) 'example_python_operator' retrieved from /home/airflow/.local/lib/python3.12/site-packages/airflow/example_dags/example_python_operator.py
[2024-12-01T08:56:41.685+0000] {logging_mixin.py:190} INFO - [2024-12-01T08:56:41.685+0000] {dag.py:3239} INFO - Sync 1 DAGs
[2024-12-01T08:56:41.695+0000] {logging_mixin.py:190} INFO - [2024-12-01T08:56:41.695+0000] {dag.py:4180} INFO - Setting next_dagrun for example_python_operator to None, run_after=None
[2024-12-01T08:56:41.705+0000] {processor.py:208} INFO - Processing /home/airflow/.local/lib/python3.12/site-packages/airflow/example_dags/example_python_operator.py took 0.058 seconds
[2024-12-01T08:57:12.432+0000] {processor.py:186} INFO - Started process (PID=765) to work on /home/airflow/.local/lib/python3.12/site-packages/airflow/example_dags/example_python_operator.py
[2024-12-01T08:57:12.432+0000] {processor.py:914} INFO - Processing file /home/airflow/.local/lib/python3.12/site-packages/airflow/example_dags/example_python_operator.py for tasks to queue
[2024-12-01T08:57:12.433+0000] {logging_mixin.py:190} INFO - [2024-12-01T08:57:12.433+0000] {dagbag.py:588} INFO - Filling up the DagBag from /home/airflow/.local/lib/python3.12/site-packages/airflow/example_dags/example_python_operator.py
[2024-12-01T08:57:12.439+0000] {processor.py:925} INFO - DAG(s) 'example_python_operator' retrieved from /home/airflow/.local/lib/python3.12/site-packages/airflow/example_dags/example_python_operator.py
[2024-12-01T08:57:12.452+0000] {logging_mixin.py:190} INFO - [2024-12-01T08:57:12.452+0000] {dag.py:3239} INFO - Sync 1 DAGs
[2024-12-01T08:57:12.459+0000] {logging_mixin.py:190} INFO - [2024-12-01T08:57:12.459+0000] {dag.py:4180} INFO - Setting next_dagrun for example_python_operator to None, run_after=None
[2024-12-01T08:57:12.468+0000] {processor.py:208} INFO - Processing /home/airflow/.local/lib/python3.12/site-packages/airflow/example_dags/example_python_operator.py took 0.038 seconds
[2024-12-01T08:57:43.156+0000] {processor.py:186} INFO - Started process (PID=828) to work on /home/airflow/.local/lib/python3.12/site-packages/airflow/example_dags/example_python_operator.py
[2024-12-01T08:57:43.163+0000] {processor.py:914} INFO - Processing file /home/airflow/.local/lib/python3.12/site-packages/airflow/example_dags/example_python_operator.py for tasks to queue
[2024-12-01T08:57:43.164+0000] {logging_mixin.py:190} INFO - [2024-12-01T08:57:43.164+0000] {dagbag.py:588} INFO - Filling up the DagBag from /home/airflow/.local/lib/python3.12/site-packages/airflow/example_dags/example_python_operator.py
[2024-12-01T08:57:43.170+0000] {processor.py:925} INFO - DAG(s) 'example_python_operator' retrieved from /home/airflow/.local/lib/python3.12/site-packages/airflow/example_dags/example_python_operator.py
[2024-12-01T08:57:43.182+0000] {logging_mixin.py:190} INFO - [2024-12-01T08:57:43.182+0000] {dag.py:3239} INFO - Sync 1 DAGs
[2024-12-01T08:57:43.189+0000] {logging_mixin.py:190} INFO - [2024-12-01T08:57:43.189+0000] {dag.py:4180} INFO - Setting next_dagrun for example_python_operator to None, run_after=None
[2024-12-01T08:57:43.200+0000] {processor.py:208} INFO - Processing /home/airflow/.local/lib/python3.12/site-packages/airflow/example_dags/example_python_operator.py took 0.047 seconds
[2024-12-01T08:58:13.974+0000] {processor.py:186} INFO - Started process (PID=891) to work on /home/airflow/.local/lib/python3.12/site-packages/airflow/example_dags/example_python_operator.py
[2024-12-01T08:58:13.981+0000] {processor.py:914} INFO - Processing file /home/airflow/.local/lib/python3.12/site-packages/airflow/example_dags/example_python_operator.py for tasks to queue
[2024-12-01T08:58:13.982+0000] {logging_mixin.py:190} INFO - [2024-12-01T08:58:13.982+0000] {dagbag.py:588} INFO - Filling up the DagBag from /home/airflow/.local/lib/python3.12/site-packages/airflow/example_dags/example_python_operator.py
[2024-12-01T08:58:13.992+0000] {processor.py:925} INFO - DAG(s) 'example_python_operator' retrieved from /home/airflow/.local/lib/python3.12/site-packages/airflow/example_dags/example_python_operator.py
[2024-12-01T08:58:14.007+0000] {logging_mixin.py:190} INFO - [2024-12-01T08:58:14.007+0000] {dag.py:3239} INFO - Sync 1 DAGs
[2024-12-01T08:58:14.018+0000] {logging_mixin.py:190} INFO - [2024-12-01T08:58:14.018+0000] {dag.py:4180} INFO - Setting next_dagrun for example_python_operator to None, run_after=None
[2024-12-01T08:58:14.032+0000] {processor.py:208} INFO - Processing /home/airflow/.local/lib/python3.12/site-packages/airflow/example_dags/example_python_operator.py took 0.062 seconds
[2024-12-01T08:58:44.806+0000] {processor.py:186} INFO - Started process (PID=954) to work on /home/airflow/.local/lib/python3.12/site-packages/airflow/example_dags/example_python_operator.py
[2024-12-01T08:58:44.812+0000] {processor.py:914} INFO - Processing file /home/airflow/.local/lib/python3.12/site-packages/airflow/example_dags/example_python_operator.py for tasks to queue
[2024-12-01T08:58:44.814+0000] {logging_mixin.py:190} INFO - [2024-12-01T08:58:44.813+0000] {dagbag.py:588} INFO - Filling up the DagBag from /home/airflow/.local/lib/python3.12/site-packages/airflow/example_dags/example_python_operator.py
[2024-12-01T08:58:44.822+0000] {processor.py:925} INFO - DAG(s) 'example_python_operator' retrieved from /home/airflow/.local/lib/python3.12/site-packages/airflow/example_dags/example_python_operator.py
[2024-12-01T08:58:44.834+0000] {logging_mixin.py:190} INFO - [2024-12-01T08:58:44.834+0000] {dag.py:3239} INFO - Sync 1 DAGs
[2024-12-01T08:58:44.841+0000] {logging_mixin.py:190} INFO - [2024-12-01T08:58:44.841+0000] {dag.py:4180} INFO - Setting next_dagrun for example_python_operator to None, run_after=None
[2024-12-01T08:58:44.850+0000] {processor.py:208} INFO - Processing /home/airflow/.local/lib/python3.12/site-packages/airflow/example_dags/example_python_operator.py took 0.048 seconds
[2024-12-01T08:59:15.643+0000] {processor.py:186} INFO - Started process (PID=1017) to work on /home/airflow/.local/lib/python3.12/site-packages/airflow/example_dags/example_python_operator.py
[2024-12-01T08:59:15.649+0000] {processor.py:914} INFO - Processing file /home/airflow/.local/lib/python3.12/site-packages/airflow/example_dags/example_python_operator.py for tasks to queue
[2024-12-01T08:59:15.651+0000] {logging_mixin.py:190} INFO - [2024-12-01T08:59:15.650+0000] {dagbag.py:588} INFO - Filling up the DagBag from /home/airflow/.local/lib/python3.12/site-packages/airflow/example_dags/example_python_operator.py
[2024-12-01T08:59:15.657+0000] {processor.py:925} INFO - DAG(s) 'example_python_operator' retrieved from /home/airflow/.local/lib/python3.12/site-packages/airflow/example_dags/example_python_operator.py
[2024-12-01T08:59:15.671+0000] {logging_mixin.py:190} INFO - [2024-12-01T08:59:15.671+0000] {dag.py:3239} INFO - Sync 1 DAGs
[2024-12-01T08:59:15.680+0000] {logging_mixin.py:190} INFO - [2024-12-01T08:59:15.680+0000] {dag.py:4180} INFO - Setting next_dagrun for example_python_operator to None, run_after=None
[2024-12-01T08:59:15.693+0000] {processor.py:208} INFO - Processing /home/airflow/.local/lib/python3.12/site-packages/airflow/example_dags/example_python_operator.py took 0.055 seconds
[2024-12-01T08:59:46.466+0000] {processor.py:186} INFO - Started process (PID=1080) to work on /home/airflow/.local/lib/python3.12/site-packages/airflow/example_dags/example_python_operator.py
[2024-12-01T08:59:46.475+0000] {processor.py:914} INFO - Processing file /home/airflow/.local/lib/python3.12/site-packages/airflow/example_dags/example_python_operator.py for tasks to queue
[2024-12-01T08:59:46.476+0000] {logging_mixin.py:190} INFO - [2024-12-01T08:59:46.476+0000] {dagbag.py:588} INFO - Filling up the DagBag from /home/airflow/.local/lib/python3.12/site-packages/airflow/example_dags/example_python_operator.py
[2024-12-01T08:59:46.482+0000] {processor.py:925} INFO - DAG(s) 'example_python_operator' retrieved from /home/airflow/.local/lib/python3.12/site-packages/airflow/example_dags/example_python_operator.py
[2024-12-01T08:59:46.497+0000] {logging_mixin.py:190} INFO - [2024-12-01T08:59:46.497+0000] {dag.py:3239} INFO - Sync 1 DAGs
[2024-12-01T08:59:46.508+0000] {logging_mixin.py:190} INFO - [2024-12-01T08:59:46.508+0000] {dag.py:4180} INFO - Setting next_dagrun for example_python_operator to None, run_after=None
[2024-12-01T08:59:46.518+0000] {processor.py:208} INFO - Processing /home/airflow/.local/lib/python3.12/site-packages/airflow/example_dags/example_python_operator.py took 0.055 seconds
[2024-12-01T09:00:17.300+0000] {processor.py:186} INFO - Started process (PID=1143) to work on /home/airflow/.local/lib/python3.12/site-packages/airflow/example_dags/example_python_operator.py
[2024-12-01T09:00:17.300+0000] {processor.py:914} INFO - Processing file /home/airflow/.local/lib/python3.12/site-packages/airflow/example_dags/example_python_operator.py for tasks to queue
[2024-12-01T09:00:17.302+0000] {logging_mixin.py:190} INFO - [2024-12-01T09:00:17.302+0000] {dagbag.py:588} INFO - Filling up the DagBag from /home/airflow/.local/lib/python3.12/site-packages/airflow/example_dags/example_python_operator.py
[2024-12-01T09:00:17.309+0000] {processor.py:925} INFO - DAG(s) 'example_python_operator' retrieved from /home/airflow/.local/lib/python3.12/site-packages/airflow/example_dags/example_python_operator.py
[2024-12-01T09:00:17.324+0000] {logging_mixin.py:190} INFO - [2024-12-01T09:00:17.324+0000] {dag.py:3239} INFO - Sync 1 DAGs
[2024-12-01T09:00:17.335+0000] {logging_mixin.py:190} INFO - [2024-12-01T09:00:17.335+0000] {dag.py:4180} INFO - Setting next_dagrun for example_python_operator to None, run_after=None
[2024-12-01T09:00:17.348+0000] {processor.py:208} INFO - Processing /home/airflow/.local/lib/python3.12/site-packages/airflow/example_dags/example_python_operator.py took 0.052 seconds
[2024-12-01T09:00:48.011+0000] {processor.py:186} INFO - Started process (PID=1206) to work on /home/airflow/.local/lib/python3.12/site-packages/airflow/example_dags/example_python_operator.py
[2024-12-01T09:00:48.015+0000] {processor.py:914} INFO - Processing file /home/airflow/.local/lib/python3.12/site-packages/airflow/example_dags/example_python_operator.py for tasks to queue
[2024-12-01T09:00:48.016+0000] {logging_mixin.py:190} INFO - [2024-12-01T09:00:48.016+0000] {dagbag.py:588} INFO - Filling up the DagBag from /home/airflow/.local/lib/python3.12/site-packages/airflow/example_dags/example_python_operator.py
[2024-12-01T09:00:48.022+0000] {processor.py:925} INFO - DAG(s) 'example_python_operator' retrieved from /home/airflow/.local/lib/python3.12/site-packages/airflow/example_dags/example_python_operator.py
[2024-12-01T09:00:48.034+0000] {logging_mixin.py:190} INFO - [2024-12-01T09:00:48.034+0000] {dag.py:3239} INFO - Sync 1 DAGs
[2024-12-01T09:00:48.041+0000] {logging_mixin.py:190} INFO - [2024-12-01T09:00:48.041+0000] {dag.py:4180} INFO - Setting next_dagrun for example_python_operator to None, run_after=None
[2024-12-01T09:00:48.053+0000] {processor.py:208} INFO - Processing /home/airflow/.local/lib/python3.12/site-packages/airflow/example_dags/example_python_operator.py took 0.046 seconds
[2024-12-01T09:01:18.178+0000] {processor.py:186} INFO - Started process (PID=1269) to work on /home/airflow/.local/lib/python3.12/site-packages/airflow/example_dags/example_python_operator.py
[2024-12-01T09:01:18.179+0000] {processor.py:914} INFO - Processing file /home/airflow/.local/lib/python3.12/site-packages/airflow/example_dags/example_python_operator.py for tasks to queue
[2024-12-01T09:01:18.180+0000] {logging_mixin.py:190} INFO - [2024-12-01T09:01:18.180+0000] {dagbag.py:588} INFO - Filling up the DagBag from /home/airflow/.local/lib/python3.12/site-packages/airflow/example_dags/example_python_operator.py
[2024-12-01T09:01:18.188+0000] {processor.py:925} INFO - DAG(s) 'example_python_operator' retrieved from /home/airflow/.local/lib/python3.12/site-packages/airflow/example_dags/example_python_operator.py
[2024-12-01T09:01:18.205+0000] {logging_mixin.py:190} INFO - [2024-12-01T09:01:18.204+0000] {dag.py:3239} INFO - Sync 1 DAGs
[2024-12-01T09:01:18.216+0000] {logging_mixin.py:190} INFO - [2024-12-01T09:01:18.216+0000] {dag.py:4180} INFO - Setting next_dagrun for example_python_operator to None, run_after=None
[2024-12-01T09:01:18.226+0000] {processor.py:208} INFO - Processing /home/airflow/.local/lib/python3.12/site-packages/airflow/example_dags/example_python_operator.py took 0.052 seconds
[2024-12-01T09:01:48.575+0000] {processor.py:186} INFO - Started process (PID=1333) to work on /home/airflow/.local/lib/python3.12/site-packages/airflow/example_dags/example_python_operator.py
[2024-12-01T09:01:48.575+0000] {processor.py:914} INFO - Processing file /home/airflow/.local/lib/python3.12/site-packages/airflow/example_dags/example_python_operator.py for tasks to queue
[2024-12-01T09:01:48.576+0000] {logging_mixin.py:190} INFO - [2024-12-01T09:01:48.576+0000] {dagbag.py:588} INFO - Filling up the DagBag from /home/airflow/.local/lib/python3.12/site-packages/airflow/example_dags/example_python_operator.py
[2024-12-01T09:01:48.582+0000] {processor.py:925} INFO - DAG(s) 'example_python_operator' retrieved from /home/airflow/.local/lib/python3.12/site-packages/airflow/example_dags/example_python_operator.py
[2024-12-01T09:01:48.598+0000] {logging_mixin.py:190} INFO - [2024-12-01T09:01:48.598+0000] {dag.py:3239} INFO - Sync 1 DAGs
[2024-12-01T09:01:48.605+0000] {logging_mixin.py:190} INFO - [2024-12-01T09:01:48.605+0000] {dag.py:4180} INFO - Setting next_dagrun for example_python_operator to None, run_after=None
[2024-12-01T09:01:48.617+0000] {processor.py:208} INFO - Processing /home/airflow/.local/lib/python3.12/site-packages/airflow/example_dags/example_python_operator.py took 0.046 seconds
[2024-12-01T09:02:18.699+0000] {processor.py:186} INFO - Started process (PID=1396) to work on /home/airflow/.local/lib/python3.12/site-packages/airflow/example_dags/example_python_operator.py
[2024-12-01T09:02:18.702+0000] {processor.py:914} INFO - Processing file /home/airflow/.local/lib/python3.12/site-packages/airflow/example_dags/example_python_operator.py for tasks to queue
[2024-12-01T09:02:18.703+0000] {logging_mixin.py:190} INFO - [2024-12-01T09:02:18.703+0000] {dagbag.py:588} INFO - Filling up the DagBag from /home/airflow/.local/lib/python3.12/site-packages/airflow/example_dags/example_python_operator.py
[2024-12-01T09:02:18.710+0000] {processor.py:925} INFO - DAG(s) 'example_python_operator' retrieved from /home/airflow/.local/lib/python3.12/site-packages/airflow/example_dags/example_python_operator.py
[2024-12-01T09:02:18.725+0000] {logging_mixin.py:190} INFO - [2024-12-01T09:02:18.724+0000] {dag.py:3239} INFO - Sync 1 DAGs
[2024-12-01T09:02:18.732+0000] {logging_mixin.py:190} INFO - [2024-12-01T09:02:18.732+0000] {dag.py:4180} INFO - Setting next_dagrun for example_python_operator to None, run_after=None
[2024-12-01T09:02:18.745+0000] {processor.py:208} INFO - Processing /home/airflow/.local/lib/python3.12/site-packages/airflow/example_dags/example_python_operator.py took 0.050 seconds
[2024-12-01T09:02:49.568+0000] {processor.py:186} INFO - Started process (PID=1459) to work on /home/airflow/.local/lib/python3.12/site-packages/airflow/example_dags/example_python_operator.py
[2024-12-01T09:02:49.570+0000] {processor.py:914} INFO - Processing file /home/airflow/.local/lib/python3.12/site-packages/airflow/example_dags/example_python_operator.py for tasks to queue
[2024-12-01T09:02:49.572+0000] {logging_mixin.py:190} INFO - [2024-12-01T09:02:49.571+0000] {dagbag.py:588} INFO - Filling up the DagBag from /home/airflow/.local/lib/python3.12/site-packages/airflow/example_dags/example_python_operator.py
[2024-12-01T09:02:49.580+0000] {processor.py:925} INFO - DAG(s) 'example_python_operator' retrieved from /home/airflow/.local/lib/python3.12/site-packages/airflow/example_dags/example_python_operator.py
[2024-12-01T09:02:49.594+0000] {logging_mixin.py:190} INFO - [2024-12-01T09:02:49.594+0000] {dag.py:3239} INFO - Sync 1 DAGs
[2024-12-01T09:02:49.604+0000] {logging_mixin.py:190} INFO - [2024-12-01T09:02:49.604+0000] {dag.py:4180} INFO - Setting next_dagrun for example_python_operator to None, run_after=None
[2024-12-01T09:02:49.619+0000] {processor.py:208} INFO - Processing /home/airflow/.local/lib/python3.12/site-packages/airflow/example_dags/example_python_operator.py took 0.055 seconds
[2024-12-01T09:03:20.182+0000] {processor.py:186} INFO - Started process (PID=1522) to work on /home/airflow/.local/lib/python3.12/site-packages/airflow/example_dags/example_python_operator.py
[2024-12-01T09:03:20.188+0000] {processor.py:914} INFO - Processing file /home/airflow/.local/lib/python3.12/site-packages/airflow/example_dags/example_python_operator.py for tasks to queue
[2024-12-01T09:03:20.189+0000] {logging_mixin.py:190} INFO - [2024-12-01T09:03:20.189+0000] {dagbag.py:588} INFO - Filling up the DagBag from /home/airflow/.local/lib/python3.12/site-packages/airflow/example_dags/example_python_operator.py
[2024-12-01T09:03:20.196+0000] {processor.py:925} INFO - DAG(s) 'example_python_operator' retrieved from /home/airflow/.local/lib/python3.12/site-packages/airflow/example_dags/example_python_operator.py
[2024-12-01T09:03:20.210+0000] {logging_mixin.py:190} INFO - [2024-12-01T09:03:20.210+0000] {dag.py:3239} INFO - Sync 1 DAGs
[2024-12-01T09:03:20.222+0000] {logging_mixin.py:190} INFO - [2024-12-01T09:03:20.221+0000] {dag.py:4180} INFO - Setting next_dagrun for example_python_operator to None, run_after=None
[2024-12-01T09:03:20.233+0000] {processor.py:208} INFO - Processing /home/airflow/.local/lib/python3.12/site-packages/airflow/example_dags/example_python_operator.py took 0.054 seconds
[2024-12-01T09:03:50.722+0000] {processor.py:186} INFO - Started process (PID=1585) to work on /home/airflow/.local/lib/python3.12/site-packages/airflow/example_dags/example_python_operator.py
[2024-12-01T09:03:50.728+0000] {processor.py:914} INFO - Processing file /home/airflow/.local/lib/python3.12/site-packages/airflow/example_dags/example_python_operator.py for tasks to queue
[2024-12-01T09:03:50.730+0000] {logging_mixin.py:190} INFO - [2024-12-01T09:03:50.730+0000] {dagbag.py:588} INFO - Filling up the DagBag from /home/airflow/.local/lib/python3.12/site-packages/airflow/example_dags/example_python_operator.py
[2024-12-01T09:03:50.736+0000] {processor.py:925} INFO - DAG(s) 'example_python_operator' retrieved from /home/airflow/.local/lib/python3.12/site-packages/airflow/example_dags/example_python_operator.py
[2024-12-01T09:03:50.753+0000] {logging_mixin.py:190} INFO - [2024-12-01T09:03:50.752+0000] {dag.py:3239} INFO - Sync 1 DAGs
[2024-12-01T09:03:50.761+0000] {logging_mixin.py:190} INFO - [2024-12-01T09:03:50.761+0000] {dag.py:4180} INFO - Setting next_dagrun for example_python_operator to None, run_after=None
[2024-12-01T09:03:50.772+0000] {processor.py:208} INFO - Processing /home/airflow/.local/lib/python3.12/site-packages/airflow/example_dags/example_python_operator.py took 0.053 seconds
[2024-12-01T09:04:21.792+0000] {processor.py:186} INFO - Started process (PID=1648) to work on /home/airflow/.local/lib/python3.12/site-packages/airflow/example_dags/example_python_operator.py
[2024-12-01T09:04:21.796+0000] {processor.py:914} INFO - Processing file /home/airflow/.local/lib/python3.12/site-packages/airflow/example_dags/example_python_operator.py for tasks to queue
[2024-12-01T09:04:21.797+0000] {logging_mixin.py:190} INFO - [2024-12-01T09:04:21.797+0000] {dagbag.py:588} INFO - Filling up the DagBag from /home/airflow/.local/lib/python3.12/site-packages/airflow/example_dags/example_python_operator.py
[2024-12-01T09:04:21.804+0000] {processor.py:925} INFO - DAG(s) 'example_python_operator' retrieved from /home/airflow/.local/lib/python3.12/site-packages/airflow/example_dags/example_python_operator.py
[2024-12-01T09:04:21.821+0000] {logging_mixin.py:190} INFO - [2024-12-01T09:04:21.821+0000] {dag.py:3239} INFO - Sync 1 DAGs
[2024-12-01T09:04:21.833+0000] {logging_mixin.py:190} INFO - [2024-12-01T09:04:21.832+0000] {dag.py:4180} INFO - Setting next_dagrun for example_python_operator to None, run_after=None
[2024-12-01T09:04:21.846+0000] {processor.py:208} INFO - Processing /home/airflow/.local/lib/python3.12/site-packages/airflow/example_dags/example_python_operator.py took 0.057 seconds
[2024-12-01T09:04:52.386+0000] {processor.py:186} INFO - Started process (PID=1711) to work on /home/airflow/.local/lib/python3.12/site-packages/airflow/example_dags/example_python_operator.py
[2024-12-01T09:04:52.392+0000] {processor.py:914} INFO - Processing file /home/airflow/.local/lib/python3.12/site-packages/airflow/example_dags/example_python_operator.py for tasks to queue
[2024-12-01T09:04:52.393+0000] {logging_mixin.py:190} INFO - [2024-12-01T09:04:52.393+0000] {dagbag.py:588} INFO - Filling up the DagBag from /home/airflow/.local/lib/python3.12/site-packages/airflow/example_dags/example_python_operator.py
[2024-12-01T09:04:52.400+0000] {processor.py:925} INFO - DAG(s) 'example_python_operator' retrieved from /home/airflow/.local/lib/python3.12/site-packages/airflow/example_dags/example_python_operator.py
[2024-12-01T09:04:52.416+0000] {logging_mixin.py:190} INFO - [2024-12-01T09:04:52.416+0000] {dag.py:3239} INFO - Sync 1 DAGs
[2024-12-01T09:04:52.427+0000] {logging_mixin.py:190} INFO - [2024-12-01T09:04:52.427+0000] {dag.py:4180} INFO - Setting next_dagrun for example_python_operator to None, run_after=None
[2024-12-01T09:04:52.442+0000] {processor.py:208} INFO - Processing /home/airflow/.local/lib/python3.12/site-packages/airflow/example_dags/example_python_operator.py took 0.059 seconds
[2024-12-01T09:05:23.064+0000] {processor.py:186} INFO - Started process (PID=1774) to work on /home/airflow/.local/lib/python3.12/site-packages/airflow/example_dags/example_python_operator.py
[2024-12-01T09:05:23.069+0000] {processor.py:914} INFO - Processing file /home/airflow/.local/lib/python3.12/site-packages/airflow/example_dags/example_python_operator.py for tasks to queue
[2024-12-01T09:05:23.071+0000] {logging_mixin.py:190} INFO - [2024-12-01T09:05:23.070+0000] {dagbag.py:588} INFO - Filling up the DagBag from /home/airflow/.local/lib/python3.12/site-packages/airflow/example_dags/example_python_operator.py
[2024-12-01T09:05:23.078+0000] {processor.py:925} INFO - DAG(s) 'example_python_operator' retrieved from /home/airflow/.local/lib/python3.12/site-packages/airflow/example_dags/example_python_operator.py
[2024-12-01T09:05:23.095+0000] {logging_mixin.py:190} INFO - [2024-12-01T09:05:23.095+0000] {dag.py:3239} INFO - Sync 1 DAGs
[2024-12-01T09:05:23.106+0000] {logging_mixin.py:190} INFO - [2024-12-01T09:05:23.106+0000] {dag.py:4180} INFO - Setting next_dagrun for example_python_operator to None, run_after=None
[2024-12-01T09:05:23.120+0000] {processor.py:208} INFO - Processing /home/airflow/.local/lib/python3.12/site-packages/airflow/example_dags/example_python_operator.py took 0.060 seconds
[2024-12-01T09:05:54.065+0000] {processor.py:186} INFO - Started process (PID=1837) to work on /home/airflow/.local/lib/python3.12/site-packages/airflow/example_dags/example_python_operator.py
[2024-12-01T09:05:54.066+0000] {processor.py:914} INFO - Processing file /home/airflow/.local/lib/python3.12/site-packages/airflow/example_dags/example_python_operator.py for tasks to queue
[2024-12-01T09:05:54.067+0000] {logging_mixin.py:190} INFO - [2024-12-01T09:05:54.067+0000] {dagbag.py:588} INFO - Filling up the DagBag from /home/airflow/.local/lib/python3.12/site-packages/airflow/example_dags/example_python_operator.py
[2024-12-01T09:05:54.076+0000] {processor.py:925} INFO - DAG(s) 'example_python_operator' retrieved from /home/airflow/.local/lib/python3.12/site-packages/airflow/example_dags/example_python_operator.py
[2024-12-01T09:05:54.097+0000] {logging_mixin.py:190} INFO - [2024-12-01T09:05:54.097+0000] {dag.py:3239} INFO - Sync 1 DAGs
[2024-12-01T09:05:54.111+0000] {logging_mixin.py:190} INFO - [2024-12-01T09:05:54.110+0000] {dag.py:4180} INFO - Setting next_dagrun for example_python_operator to None, run_after=None
[2024-12-01T09:05:54.129+0000] {processor.py:208} INFO - Processing /home/airflow/.local/lib/python3.12/site-packages/airflow/example_dags/example_python_operator.py took 0.069 seconds
[2024-12-01T09:06:25.083+0000] {processor.py:186} INFO - Started process (PID=1900) to work on /home/airflow/.local/lib/python3.12/site-packages/airflow/example_dags/example_python_operator.py
[2024-12-01T09:06:25.089+0000] {processor.py:914} INFO - Processing file /home/airflow/.local/lib/python3.12/site-packages/airflow/example_dags/example_python_operator.py for tasks to queue
[2024-12-01T09:06:25.090+0000] {logging_mixin.py:190} INFO - [2024-12-01T09:06:25.090+0000] {dagbag.py:588} INFO - Filling up the DagBag from /home/airflow/.local/lib/python3.12/site-packages/airflow/example_dags/example_python_operator.py
[2024-12-01T09:06:25.097+0000] {processor.py:925} INFO - DAG(s) 'example_python_operator' retrieved from /home/airflow/.local/lib/python3.12/site-packages/airflow/example_dags/example_python_operator.py
[2024-12-01T09:06:25.108+0000] {logging_mixin.py:190} INFO - [2024-12-01T09:06:25.108+0000] {dag.py:3239} INFO - Sync 1 DAGs
[2024-12-01T09:06:25.116+0000] {logging_mixin.py:190} INFO - [2024-12-01T09:06:25.116+0000] {dag.py:4180} INFO - Setting next_dagrun for example_python_operator to None, run_after=None
[2024-12-01T09:06:25.126+0000] {processor.py:208} INFO - Processing /home/airflow/.local/lib/python3.12/site-packages/airflow/example_dags/example_python_operator.py took 0.046 seconds
[2024-12-01T09:06:55.450+0000] {processor.py:186} INFO - Started process (PID=1963) to work on /home/airflow/.local/lib/python3.12/site-packages/airflow/example_dags/example_python_operator.py
[2024-12-01T09:06:55.452+0000] {processor.py:914} INFO - Processing file /home/airflow/.local/lib/python3.12/site-packages/airflow/example_dags/example_python_operator.py for tasks to queue
[2024-12-01T09:06:55.454+0000] {logging_mixin.py:190} INFO - [2024-12-01T09:06:55.454+0000] {dagbag.py:588} INFO - Filling up the DagBag from /home/airflow/.local/lib/python3.12/site-packages/airflow/example_dags/example_python_operator.py
[2024-12-01T09:06:55.471+0000] {processor.py:925} INFO - DAG(s) 'example_python_operator' retrieved from /home/airflow/.local/lib/python3.12/site-packages/airflow/example_dags/example_python_operator.py
[2024-12-01T09:06:55.489+0000] {logging_mixin.py:190} INFO - [2024-12-01T09:06:55.489+0000] {dag.py:3239} INFO - Sync 1 DAGs
[2024-12-01T09:06:55.499+0000] {logging_mixin.py:190} INFO - [2024-12-01T09:06:55.499+0000] {dag.py:4180} INFO - Setting next_dagrun for example_python_operator to None, run_after=None
[2024-12-01T09:06:55.512+0000] {processor.py:208} INFO - Processing /home/airflow/.local/lib/python3.12/site-packages/airflow/example_dags/example_python_operator.py took 0.067 seconds
[2024-12-01T09:07:25.965+0000] {processor.py:186} INFO - Started process (PID=2026) to work on /home/airflow/.local/lib/python3.12/site-packages/airflow/example_dags/example_python_operator.py
[2024-12-01T09:07:25.968+0000] {processor.py:914} INFO - Processing file /home/airflow/.local/lib/python3.12/site-packages/airflow/example_dags/example_python_operator.py for tasks to queue
[2024-12-01T09:07:25.969+0000] {logging_mixin.py:190} INFO - [2024-12-01T09:07:25.969+0000] {dagbag.py:588} INFO - Filling up the DagBag from /home/airflow/.local/lib/python3.12/site-packages/airflow/example_dags/example_python_operator.py
[2024-12-01T09:07:25.976+0000] {processor.py:925} INFO - DAG(s) 'example_python_operator' retrieved from /home/airflow/.local/lib/python3.12/site-packages/airflow/example_dags/example_python_operator.py
[2024-12-01T09:07:25.992+0000] {logging_mixin.py:190} INFO - [2024-12-01T09:07:25.992+0000] {dag.py:3239} INFO - Sync 1 DAGs
[2024-12-01T09:07:26.002+0000] {logging_mixin.py:190} INFO - [2024-12-01T09:07:26.002+0000] {dag.py:4180} INFO - Setting next_dagrun for example_python_operator to None, run_after=None
[2024-12-01T09:07:26.012+0000] {processor.py:208} INFO - Processing /home/airflow/.local/lib/python3.12/site-packages/airflow/example_dags/example_python_operator.py took 0.049 seconds
[2024-12-01T09:07:56.276+0000] {processor.py:186} INFO - Started process (PID=2089) to work on /home/airflow/.local/lib/python3.12/site-packages/airflow/example_dags/example_python_operator.py
[2024-12-01T09:07:56.282+0000] {processor.py:914} INFO - Processing file /home/airflow/.local/lib/python3.12/site-packages/airflow/example_dags/example_python_operator.py for tasks to queue
[2024-12-01T09:07:56.283+0000] {logging_mixin.py:190} INFO - [2024-12-01T09:07:56.283+0000] {dagbag.py:588} INFO - Filling up the DagBag from /home/airflow/.local/lib/python3.12/site-packages/airflow/example_dags/example_python_operator.py
[2024-12-01T09:07:56.291+0000] {processor.py:925} INFO - DAG(s) 'example_python_operator' retrieved from /home/airflow/.local/lib/python3.12/site-packages/airflow/example_dags/example_python_operator.py
[2024-12-01T09:07:56.322+0000] {logging_mixin.py:190} INFO - [2024-12-01T09:07:56.321+0000] {dag.py:3239} INFO - Sync 1 DAGs
[2024-12-01T09:07:56.347+0000] {logging_mixin.py:190} INFO - [2024-12-01T09:07:56.346+0000] {dag.py:4180} INFO - Setting next_dagrun for example_python_operator to None, run_after=None
[2024-12-01T09:07:56.383+0000] {processor.py:208} INFO - Processing /home/airflow/.local/lib/python3.12/site-packages/airflow/example_dags/example_python_operator.py took 0.111 seconds
[2024-12-01T09:08:27.147+0000] {processor.py:186} INFO - Started process (PID=2152) to work on /home/airflow/.local/lib/python3.12/site-packages/airflow/example_dags/example_python_operator.py
[2024-12-01T09:08:27.147+0000] {processor.py:914} INFO - Processing file /home/airflow/.local/lib/python3.12/site-packages/airflow/example_dags/example_python_operator.py for tasks to queue
[2024-12-01T09:08:27.148+0000] {logging_mixin.py:190} INFO - [2024-12-01T09:08:27.148+0000] {dagbag.py:588} INFO - Filling up the DagBag from /home/airflow/.local/lib/python3.12/site-packages/airflow/example_dags/example_python_operator.py
[2024-12-01T09:08:27.154+0000] {processor.py:925} INFO - DAG(s) 'example_python_operator' retrieved from /home/airflow/.local/lib/python3.12/site-packages/airflow/example_dags/example_python_operator.py
[2024-12-01T09:08:27.169+0000] {logging_mixin.py:190} INFO - [2024-12-01T09:08:27.168+0000] {dag.py:3239} INFO - Sync 1 DAGs
[2024-12-01T09:08:27.179+0000] {logging_mixin.py:190} INFO - [2024-12-01T09:08:27.179+0000] {dag.py:4180} INFO - Setting next_dagrun for example_python_operator to None, run_after=None
[2024-12-01T09:08:27.190+0000] {processor.py:208} INFO - Processing /home/airflow/.local/lib/python3.12/site-packages/airflow/example_dags/example_python_operator.py took 0.047 seconds
[2024-12-01T09:08:57.937+0000] {processor.py:186} INFO - Started process (PID=2215) to work on /home/airflow/.local/lib/python3.12/site-packages/airflow/example_dags/example_python_operator.py
[2024-12-01T09:08:57.938+0000] {processor.py:914} INFO - Processing file /home/airflow/.local/lib/python3.12/site-packages/airflow/example_dags/example_python_operator.py for tasks to queue
[2024-12-01T09:08:57.939+0000] {logging_mixin.py:190} INFO - [2024-12-01T09:08:57.939+0000] {dagbag.py:588} INFO - Filling up the DagBag from /home/airflow/.local/lib/python3.12/site-packages/airflow/example_dags/example_python_operator.py
[2024-12-01T09:08:57.947+0000] {processor.py:925} INFO - DAG(s) 'example_python_operator' retrieved from /home/airflow/.local/lib/python3.12/site-packages/airflow/example_dags/example_python_operator.py
[2024-12-01T09:08:57.962+0000] {logging_mixin.py:190} INFO - [2024-12-01T09:08:57.962+0000] {dag.py:3239} INFO - Sync 1 DAGs
[2024-12-01T09:08:57.973+0000] {logging_mixin.py:190} INFO - [2024-12-01T09:08:57.973+0000] {dag.py:4180} INFO - Setting next_dagrun for example_python_operator to None, run_after=None
[2024-12-01T09:08:57.988+0000] {processor.py:208} INFO - Processing /home/airflow/.local/lib/python3.12/site-packages/airflow/example_dags/example_python_operator.py took 0.057 seconds
[2024-12-01T09:09:28.407+0000] {processor.py:186} INFO - Started process (PID=2277) to work on /home/airflow/.local/lib/python3.12/site-packages/airflow/example_dags/example_python_operator.py
[2024-12-01T09:09:28.415+0000] {processor.py:914} INFO - Processing file /home/airflow/.local/lib/python3.12/site-packages/airflow/example_dags/example_python_operator.py for tasks to queue
[2024-12-01T09:09:28.417+0000] {logging_mixin.py:190} INFO - [2024-12-01T09:09:28.417+0000] {dagbag.py:588} INFO - Filling up the DagBag from /home/airflow/.local/lib/python3.12/site-packages/airflow/example_dags/example_python_operator.py
[2024-12-01T09:09:28.426+0000] {processor.py:925} INFO - DAG(s) 'example_python_operator' retrieved from /home/airflow/.local/lib/python3.12/site-packages/airflow/example_dags/example_python_operator.py
[2024-12-01T09:09:28.440+0000] {logging_mixin.py:190} INFO - [2024-12-01T09:09:28.440+0000] {dag.py:3239} INFO - Sync 1 DAGs
[2024-12-01T09:09:28.446+0000] {logging_mixin.py:190} INFO - [2024-12-01T09:09:28.446+0000] {dag.py:4180} INFO - Setting next_dagrun for example_python_operator to None, run_after=None
[2024-12-01T09:09:28.456+0000] {processor.py:208} INFO - Processing /home/airflow/.local/lib/python3.12/site-packages/airflow/example_dags/example_python_operator.py took 0.053 seconds
