[2024-12-01T08:51:38.551+0000] {processor.py:186} INFO - Started process (PID=76) to work on /home/airflow/.local/lib/python3.12/site-packages/airflow/example_dags/example_latest_only_with_trigger.py
[2024-12-01T08:51:38.551+0000] {processor.py:914} INFO - Processing file /home/airflow/.local/lib/python3.12/site-packages/airflow/example_dags/example_latest_only_with_trigger.py for tasks to queue
[2024-12-01T08:51:38.553+0000] {logging_mixin.py:190} INFO - [2024-12-01T08:51:38.552+0000] {dagbag.py:588} INFO - Filling up the DagBag from /home/airflow/.local/lib/python3.12/site-packages/airflow/example_dags/example_latest_only_with_trigger.py
[2024-12-01T08:51:38.558+0000] {processor.py:925} INFO - DAG(s) 'latest_only_with_trigger' retrieved from /home/airflow/.local/lib/python3.12/site-packages/airflow/example_dags/example_latest_only_with_trigger.py
[2024-12-01T08:51:38.635+0000] {logging_mixin.py:190} INFO - [2024-12-01T08:51:38.635+0000] {override.py:1911} INFO - Created Permission View: can edit on DAG:latest_only_with_trigger
[2024-12-01T08:51:38.643+0000] {logging_mixin.py:190} INFO - [2024-12-01T08:51:38.642+0000] {override.py:1911} INFO - Created Permission View: can read on DAG:latest_only_with_trigger
[2024-12-01T08:51:38.647+0000] {logging_mixin.py:190} INFO - [2024-12-01T08:51:38.647+0000] {override.py:1911} INFO - Created Permission View: can delete on DAG:latest_only_with_trigger
[2024-12-01T08:51:38.650+0000] {logging_mixin.py:190} INFO - [2024-12-01T08:51:38.650+0000] {override.py:1911} INFO - Created Permission View: can create on DAG Run:latest_only_with_trigger
[2024-12-01T08:51:38.654+0000] {logging_mixin.py:190} INFO - [2024-12-01T08:51:38.653+0000] {override.py:1911} INFO - Created Permission View: menu access on DAG Run:latest_only_with_trigger
[2024-12-01T08:51:38.656+0000] {logging_mixin.py:190} INFO - [2024-12-01T08:51:38.656+0000] {override.py:1911} INFO - Created Permission View: can read on DAG Run:latest_only_with_trigger
[2024-12-01T08:51:38.659+0000] {logging_mixin.py:190} INFO - [2024-12-01T08:51:38.659+0000] {override.py:1911} INFO - Created Permission View: can delete on DAG Run:latest_only_with_trigger
[2024-12-01T08:51:38.659+0000] {logging_mixin.py:190} INFO - [2024-12-01T08:51:38.659+0000] {dag.py:3239} INFO - Sync 1 DAGs
[2024-12-01T08:51:38.668+0000] {logging_mixin.py:190} INFO - [2024-12-01T08:51:38.667+0000] {dag.py:3262} INFO - Creating ORM DAG for latest_only_with_trigger
[2024-12-01T08:51:38.674+0000] {logging_mixin.py:190} INFO - [2024-12-01T08:51:38.674+0000] {dag.py:4180} INFO - Setting next_dagrun for latest_only_with_trigger to 2024-12-01 04:00:00+00:00, run_after=2024-12-01 08:00:00+00:00
[2024-12-01T08:51:38.687+0000] {processor.py:208} INFO - Processing /home/airflow/.local/lib/python3.12/site-packages/airflow/example_dags/example_latest_only_with_trigger.py took 0.141 seconds
[2024-12-01T08:52:09.191+0000] {processor.py:186} INFO - Started process (PID=138) to work on /home/airflow/.local/lib/python3.12/site-packages/airflow/example_dags/example_latest_only_with_trigger.py
[2024-12-01T08:52:09.192+0000] {processor.py:914} INFO - Processing file /home/airflow/.local/lib/python3.12/site-packages/airflow/example_dags/example_latest_only_with_trigger.py for tasks to queue
[2024-12-01T08:52:09.193+0000] {logging_mixin.py:190} INFO - [2024-12-01T08:52:09.193+0000] {dagbag.py:588} INFO - Filling up the DagBag from /home/airflow/.local/lib/python3.12/site-packages/airflow/example_dags/example_latest_only_with_trigger.py
[2024-12-01T08:52:09.197+0000] {processor.py:925} INFO - DAG(s) 'latest_only_with_trigger' retrieved from /home/airflow/.local/lib/python3.12/site-packages/airflow/example_dags/example_latest_only_with_trigger.py
[2024-12-01T08:52:09.210+0000] {logging_mixin.py:190} INFO - [2024-12-01T08:52:09.210+0000] {dag.py:3239} INFO - Sync 1 DAGs
[2024-12-01T08:52:09.222+0000] {logging_mixin.py:190} INFO - [2024-12-01T08:52:09.222+0000] {dag.py:4180} INFO - Setting next_dagrun for latest_only_with_trigger to 2024-12-01 04:00:00+00:00, run_after=2024-12-01 08:00:00+00:00
[2024-12-01T08:52:09.231+0000] {processor.py:208} INFO - Processing /home/airflow/.local/lib/python3.12/site-packages/airflow/example_dags/example_latest_only_with_trigger.py took 0.044 seconds
[2024-12-01T08:52:40.302+0000] {processor.py:186} INFO - Started process (PID=201) to work on /home/airflow/.local/lib/python3.12/site-packages/airflow/example_dags/example_latest_only_with_trigger.py
[2024-12-01T08:52:40.302+0000] {processor.py:914} INFO - Processing file /home/airflow/.local/lib/python3.12/site-packages/airflow/example_dags/example_latest_only_with_trigger.py for tasks to queue
[2024-12-01T08:52:40.304+0000] {logging_mixin.py:190} INFO - [2024-12-01T08:52:40.304+0000] {dagbag.py:588} INFO - Filling up the DagBag from /home/airflow/.local/lib/python3.12/site-packages/airflow/example_dags/example_latest_only_with_trigger.py
[2024-12-01T08:52:40.309+0000] {processor.py:925} INFO - DAG(s) 'latest_only_with_trigger' retrieved from /home/airflow/.local/lib/python3.12/site-packages/airflow/example_dags/example_latest_only_with_trigger.py
[2024-12-01T08:52:40.325+0000] {logging_mixin.py:190} INFO - [2024-12-01T08:52:40.325+0000] {dag.py:3239} INFO - Sync 1 DAGs
[2024-12-01T08:52:40.340+0000] {logging_mixin.py:190} INFO - [2024-12-01T08:52:40.340+0000] {dag.py:4180} INFO - Setting next_dagrun for latest_only_with_trigger to 2024-12-01 04:00:00+00:00, run_after=2024-12-01 08:00:00+00:00
[2024-12-01T08:52:40.352+0000] {processor.py:208} INFO - Processing /home/airflow/.local/lib/python3.12/site-packages/airflow/example_dags/example_latest_only_with_trigger.py took 0.055 seconds
[2024-12-01T08:53:10.490+0000] {processor.py:186} INFO - Started process (PID=263) to work on /home/airflow/.local/lib/python3.12/site-packages/airflow/example_dags/example_latest_only_with_trigger.py
[2024-12-01T08:53:10.491+0000] {processor.py:914} INFO - Processing file /home/airflow/.local/lib/python3.12/site-packages/airflow/example_dags/example_latest_only_with_trigger.py for tasks to queue
[2024-12-01T08:53:10.492+0000] {logging_mixin.py:190} INFO - [2024-12-01T08:53:10.492+0000] {dagbag.py:588} INFO - Filling up the DagBag from /home/airflow/.local/lib/python3.12/site-packages/airflow/example_dags/example_latest_only_with_trigger.py
[2024-12-01T08:53:10.496+0000] {processor.py:925} INFO - DAG(s) 'latest_only_with_trigger' retrieved from /home/airflow/.local/lib/python3.12/site-packages/airflow/example_dags/example_latest_only_with_trigger.py
[2024-12-01T08:53:10.510+0000] {logging_mixin.py:190} INFO - [2024-12-01T08:53:10.510+0000] {dag.py:3239} INFO - Sync 1 DAGs
[2024-12-01T08:53:10.528+0000] {logging_mixin.py:190} INFO - [2024-12-01T08:53:10.528+0000] {dag.py:4180} INFO - Setting next_dagrun for latest_only_with_trigger to 2024-12-01 04:00:00+00:00, run_after=2024-12-01 08:00:00+00:00
[2024-12-01T08:53:10.540+0000] {processor.py:208} INFO - Processing /home/airflow/.local/lib/python3.12/site-packages/airflow/example_dags/example_latest_only_with_trigger.py took 0.053 seconds
[2024-12-01T08:53:40.863+0000] {processor.py:186} INFO - Started process (PID=326) to work on /home/airflow/.local/lib/python3.12/site-packages/airflow/example_dags/example_latest_only_with_trigger.py
[2024-12-01T08:53:40.864+0000] {processor.py:914} INFO - Processing file /home/airflow/.local/lib/python3.12/site-packages/airflow/example_dags/example_latest_only_with_trigger.py for tasks to queue
[2024-12-01T08:53:40.866+0000] {logging_mixin.py:190} INFO - [2024-12-01T08:53:40.865+0000] {dagbag.py:588} INFO - Filling up the DagBag from /home/airflow/.local/lib/python3.12/site-packages/airflow/example_dags/example_latest_only_with_trigger.py
[2024-12-01T08:53:40.871+0000] {processor.py:925} INFO - DAG(s) 'latest_only_with_trigger' retrieved from /home/airflow/.local/lib/python3.12/site-packages/airflow/example_dags/example_latest_only_with_trigger.py
[2024-12-01T08:53:40.886+0000] {logging_mixin.py:190} INFO - [2024-12-01T08:53:40.886+0000] {dag.py:3239} INFO - Sync 1 DAGs
[2024-12-01T08:53:40.904+0000] {logging_mixin.py:190} INFO - [2024-12-01T08:53:40.904+0000] {dag.py:4180} INFO - Setting next_dagrun for latest_only_with_trigger to 2024-12-01 04:00:00+00:00, run_after=2024-12-01 08:00:00+00:00
[2024-12-01T08:53:40.916+0000] {processor.py:208} INFO - Processing /home/airflow/.local/lib/python3.12/site-packages/airflow/example_dags/example_latest_only_with_trigger.py took 0.057 seconds
[2024-12-01T08:54:11.063+0000] {processor.py:186} INFO - Started process (PID=395) to work on /home/airflow/.local/lib/python3.12/site-packages/airflow/example_dags/example_latest_only_with_trigger.py
[2024-12-01T08:54:11.063+0000] {processor.py:914} INFO - Processing file /home/airflow/.local/lib/python3.12/site-packages/airflow/example_dags/example_latest_only_with_trigger.py for tasks to queue
[2024-12-01T08:54:11.065+0000] {logging_mixin.py:190} INFO - [2024-12-01T08:54:11.064+0000] {dagbag.py:588} INFO - Filling up the DagBag from /home/airflow/.local/lib/python3.12/site-packages/airflow/example_dags/example_latest_only_with_trigger.py
[2024-12-01T08:54:11.068+0000] {processor.py:925} INFO - DAG(s) 'latest_only_with_trigger' retrieved from /home/airflow/.local/lib/python3.12/site-packages/airflow/example_dags/example_latest_only_with_trigger.py
[2024-12-01T08:54:11.081+0000] {logging_mixin.py:190} INFO - [2024-12-01T08:54:11.081+0000] {dag.py:3239} INFO - Sync 1 DAGs
[2024-12-01T08:54:11.094+0000] {logging_mixin.py:190} INFO - [2024-12-01T08:54:11.093+0000] {dag.py:4180} INFO - Setting next_dagrun for latest_only_with_trigger to 2024-12-01 04:00:00+00:00, run_after=2024-12-01 08:00:00+00:00
[2024-12-01T08:54:11.103+0000] {processor.py:208} INFO - Processing /home/airflow/.local/lib/python3.12/site-packages/airflow/example_dags/example_latest_only_with_trigger.py took 0.044 seconds
[2024-12-01T08:54:41.380+0000] {processor.py:186} INFO - Started process (PID=458) to work on /home/airflow/.local/lib/python3.12/site-packages/airflow/example_dags/example_latest_only_with_trigger.py
[2024-12-01T08:54:41.380+0000] {processor.py:914} INFO - Processing file /home/airflow/.local/lib/python3.12/site-packages/airflow/example_dags/example_latest_only_with_trigger.py for tasks to queue
[2024-12-01T08:54:41.381+0000] {logging_mixin.py:190} INFO - [2024-12-01T08:54:41.381+0000] {dagbag.py:588} INFO - Filling up the DagBag from /home/airflow/.local/lib/python3.12/site-packages/airflow/example_dags/example_latest_only_with_trigger.py
[2024-12-01T08:54:41.385+0000] {processor.py:925} INFO - DAG(s) 'latest_only_with_trigger' retrieved from /home/airflow/.local/lib/python3.12/site-packages/airflow/example_dags/example_latest_only_with_trigger.py
[2024-12-01T08:54:41.396+0000] {logging_mixin.py:190} INFO - [2024-12-01T08:54:41.396+0000] {dag.py:3239} INFO - Sync 1 DAGs
[2024-12-01T08:54:41.408+0000] {logging_mixin.py:190} INFO - [2024-12-01T08:54:41.407+0000] {dag.py:4180} INFO - Setting next_dagrun for latest_only_with_trigger to 2024-12-01 04:00:00+00:00, run_after=2024-12-01 08:00:00+00:00
[2024-12-01T08:54:41.418+0000] {processor.py:208} INFO - Processing /home/airflow/.local/lib/python3.12/site-packages/airflow/example_dags/example_latest_only_with_trigger.py took 0.042 seconds
[2024-12-01T08:55:11.626+0000] {processor.py:186} INFO - Started process (PID=521) to work on /home/airflow/.local/lib/python3.12/site-packages/airflow/example_dags/example_latest_only_with_trigger.py
[2024-12-01T08:55:11.626+0000] {processor.py:914} INFO - Processing file /home/airflow/.local/lib/python3.12/site-packages/airflow/example_dags/example_latest_only_with_trigger.py for tasks to queue
[2024-12-01T08:55:11.627+0000] {logging_mixin.py:190} INFO - [2024-12-01T08:55:11.627+0000] {dagbag.py:588} INFO - Filling up the DagBag from /home/airflow/.local/lib/python3.12/site-packages/airflow/example_dags/example_latest_only_with_trigger.py
[2024-12-01T08:55:11.632+0000] {processor.py:925} INFO - DAG(s) 'latest_only_with_trigger' retrieved from /home/airflow/.local/lib/python3.12/site-packages/airflow/example_dags/example_latest_only_with_trigger.py
[2024-12-01T08:55:11.646+0000] {logging_mixin.py:190} INFO - [2024-12-01T08:55:11.646+0000] {dag.py:3239} INFO - Sync 1 DAGs
[2024-12-01T08:55:11.665+0000] {logging_mixin.py:190} INFO - [2024-12-01T08:55:11.664+0000] {dag.py:4180} INFO - Setting next_dagrun for latest_only_with_trigger to 2024-12-01 04:00:00+00:00, run_after=2024-12-01 08:00:00+00:00
[2024-12-01T08:55:11.675+0000] {processor.py:208} INFO - Processing /home/airflow/.local/lib/python3.12/site-packages/airflow/example_dags/example_latest_only_with_trigger.py took 0.052 seconds
[2024-12-01T08:55:41.826+0000] {processor.py:186} INFO - Started process (PID=584) to work on /home/airflow/.local/lib/python3.12/site-packages/airflow/example_dags/example_latest_only_with_trigger.py
[2024-12-01T08:55:41.827+0000] {processor.py:914} INFO - Processing file /home/airflow/.local/lib/python3.12/site-packages/airflow/example_dags/example_latest_only_with_trigger.py for tasks to queue
[2024-12-01T08:55:41.828+0000] {logging_mixin.py:190} INFO - [2024-12-01T08:55:41.828+0000] {dagbag.py:588} INFO - Filling up the DagBag from /home/airflow/.local/lib/python3.12/site-packages/airflow/example_dags/example_latest_only_with_trigger.py
[2024-12-01T08:55:41.833+0000] {processor.py:925} INFO - DAG(s) 'latest_only_with_trigger' retrieved from /home/airflow/.local/lib/python3.12/site-packages/airflow/example_dags/example_latest_only_with_trigger.py
[2024-12-01T08:55:41.847+0000] {logging_mixin.py:190} INFO - [2024-12-01T08:55:41.847+0000] {dag.py:3239} INFO - Sync 1 DAGs
[2024-12-01T08:55:41.863+0000] {logging_mixin.py:190} INFO - [2024-12-01T08:55:41.863+0000] {dag.py:4180} INFO - Setting next_dagrun for latest_only_with_trigger to 2024-12-01 04:00:00+00:00, run_after=2024-12-01 08:00:00+00:00
[2024-12-01T08:55:41.875+0000] {processor.py:208} INFO - Processing /home/airflow/.local/lib/python3.12/site-packages/airflow/example_dags/example_latest_only_with_trigger.py took 0.053 seconds
[2024-12-01T08:56:12.101+0000] {processor.py:186} INFO - Started process (PID=647) to work on /home/airflow/.local/lib/python3.12/site-packages/airflow/example_dags/example_latest_only_with_trigger.py
[2024-12-01T08:56:12.102+0000] {processor.py:914} INFO - Processing file /home/airflow/.local/lib/python3.12/site-packages/airflow/example_dags/example_latest_only_with_trigger.py for tasks to queue
[2024-12-01T08:56:12.103+0000] {logging_mixin.py:190} INFO - [2024-12-01T08:56:12.103+0000] {dagbag.py:588} INFO - Filling up the DagBag from /home/airflow/.local/lib/python3.12/site-packages/airflow/example_dags/example_latest_only_with_trigger.py
[2024-12-01T08:56:12.107+0000] {processor.py:925} INFO - DAG(s) 'latest_only_with_trigger' retrieved from /home/airflow/.local/lib/python3.12/site-packages/airflow/example_dags/example_latest_only_with_trigger.py
[2024-12-01T08:56:12.122+0000] {logging_mixin.py:190} INFO - [2024-12-01T08:56:12.121+0000] {dag.py:3239} INFO - Sync 1 DAGs
[2024-12-01T08:56:12.140+0000] {logging_mixin.py:190} INFO - [2024-12-01T08:56:12.139+0000] {dag.py:4180} INFO - Setting next_dagrun for latest_only_with_trigger to 2024-12-01 04:00:00+00:00, run_after=2024-12-01 08:00:00+00:00
[2024-12-01T08:56:12.153+0000] {processor.py:208} INFO - Processing /home/airflow/.local/lib/python3.12/site-packages/airflow/example_dags/example_latest_only_with_trigger.py took 0.055 seconds
[2024-12-01T08:56:42.940+0000] {processor.py:186} INFO - Started process (PID=710) to work on /home/airflow/.local/lib/python3.12/site-packages/airflow/example_dags/example_latest_only_with_trigger.py
[2024-12-01T08:56:42.940+0000] {processor.py:914} INFO - Processing file /home/airflow/.local/lib/python3.12/site-packages/airflow/example_dags/example_latest_only_with_trigger.py for tasks to queue
[2024-12-01T08:56:42.942+0000] {logging_mixin.py:190} INFO - [2024-12-01T08:56:42.942+0000] {dagbag.py:588} INFO - Filling up the DagBag from /home/airflow/.local/lib/python3.12/site-packages/airflow/example_dags/example_latest_only_with_trigger.py
[2024-12-01T08:56:42.946+0000] {processor.py:925} INFO - DAG(s) 'latest_only_with_trigger' retrieved from /home/airflow/.local/lib/python3.12/site-packages/airflow/example_dags/example_latest_only_with_trigger.py
[2024-12-01T08:56:42.960+0000] {logging_mixin.py:190} INFO - [2024-12-01T08:56:42.959+0000] {dag.py:3239} INFO - Sync 1 DAGs
[2024-12-01T08:56:42.978+0000] {logging_mixin.py:190} INFO - [2024-12-01T08:56:42.977+0000] {dag.py:4180} INFO - Setting next_dagrun for latest_only_with_trigger to 2024-12-01 04:00:00+00:00, run_after=2024-12-01 08:00:00+00:00
[2024-12-01T08:56:43.002+0000] {processor.py:208} INFO - Processing /home/airflow/.local/lib/python3.12/site-packages/airflow/example_dags/example_latest_only_with_trigger.py took 0.065 seconds
[2024-12-01T08:57:13.719+0000] {processor.py:186} INFO - Started process (PID=773) to work on /home/airflow/.local/lib/python3.12/site-packages/airflow/example_dags/example_latest_only_with_trigger.py
[2024-12-01T08:57:13.720+0000] {processor.py:914} INFO - Processing file /home/airflow/.local/lib/python3.12/site-packages/airflow/example_dags/example_latest_only_with_trigger.py for tasks to queue
[2024-12-01T08:57:13.722+0000] {logging_mixin.py:190} INFO - [2024-12-01T08:57:13.721+0000] {dagbag.py:588} INFO - Filling up the DagBag from /home/airflow/.local/lib/python3.12/site-packages/airflow/example_dags/example_latest_only_with_trigger.py
[2024-12-01T08:57:13.727+0000] {processor.py:925} INFO - DAG(s) 'latest_only_with_trigger' retrieved from /home/airflow/.local/lib/python3.12/site-packages/airflow/example_dags/example_latest_only_with_trigger.py
[2024-12-01T08:57:13.738+0000] {logging_mixin.py:190} INFO - [2024-12-01T08:57:13.738+0000] {dag.py:3239} INFO - Sync 1 DAGs
[2024-12-01T08:57:13.750+0000] {logging_mixin.py:190} INFO - [2024-12-01T08:57:13.750+0000] {dag.py:4180} INFO - Setting next_dagrun for latest_only_with_trigger to 2024-12-01 04:00:00+00:00, run_after=2024-12-01 08:00:00+00:00
[2024-12-01T08:57:13.761+0000] {processor.py:208} INFO - Processing /home/airflow/.local/lib/python3.12/site-packages/airflow/example_dags/example_latest_only_with_trigger.py took 0.045 seconds
[2024-12-01T08:57:44.440+0000] {processor.py:186} INFO - Started process (PID=836) to work on /home/airflow/.local/lib/python3.12/site-packages/airflow/example_dags/example_latest_only_with_trigger.py
[2024-12-01T08:57:44.441+0000] {processor.py:914} INFO - Processing file /home/airflow/.local/lib/python3.12/site-packages/airflow/example_dags/example_latest_only_with_trigger.py for tasks to queue
[2024-12-01T08:57:44.442+0000] {logging_mixin.py:190} INFO - [2024-12-01T08:57:44.442+0000] {dagbag.py:588} INFO - Filling up the DagBag from /home/airflow/.local/lib/python3.12/site-packages/airflow/example_dags/example_latest_only_with_trigger.py
[2024-12-01T08:57:44.446+0000] {processor.py:925} INFO - DAG(s) 'latest_only_with_trigger' retrieved from /home/airflow/.local/lib/python3.12/site-packages/airflow/example_dags/example_latest_only_with_trigger.py
[2024-12-01T08:57:44.456+0000] {logging_mixin.py:190} INFO - [2024-12-01T08:57:44.455+0000] {dag.py:3239} INFO - Sync 1 DAGs
[2024-12-01T08:57:44.468+0000] {logging_mixin.py:190} INFO - [2024-12-01T08:57:44.467+0000] {dag.py:4180} INFO - Setting next_dagrun for latest_only_with_trigger to 2024-12-01 04:00:00+00:00, run_after=2024-12-01 08:00:00+00:00
[2024-12-01T08:57:44.477+0000] {processor.py:208} INFO - Processing /home/airflow/.local/lib/python3.12/site-packages/airflow/example_dags/example_latest_only_with_trigger.py took 0.040 seconds
[2024-12-01T08:58:15.279+0000] {processor.py:186} INFO - Started process (PID=899) to work on /home/airflow/.local/lib/python3.12/site-packages/airflow/example_dags/example_latest_only_with_trigger.py
[2024-12-01T08:58:15.280+0000] {processor.py:914} INFO - Processing file /home/airflow/.local/lib/python3.12/site-packages/airflow/example_dags/example_latest_only_with_trigger.py for tasks to queue
[2024-12-01T08:58:15.281+0000] {logging_mixin.py:190} INFO - [2024-12-01T08:58:15.281+0000] {dagbag.py:588} INFO - Filling up the DagBag from /home/airflow/.local/lib/python3.12/site-packages/airflow/example_dags/example_latest_only_with_trigger.py
[2024-12-01T08:58:15.286+0000] {processor.py:925} INFO - DAG(s) 'latest_only_with_trigger' retrieved from /home/airflow/.local/lib/python3.12/site-packages/airflow/example_dags/example_latest_only_with_trigger.py
[2024-12-01T08:58:15.301+0000] {logging_mixin.py:190} INFO - [2024-12-01T08:58:15.301+0000] {dag.py:3239} INFO - Sync 1 DAGs
[2024-12-01T08:58:15.319+0000] {logging_mixin.py:190} INFO - [2024-12-01T08:58:15.319+0000] {dag.py:4180} INFO - Setting next_dagrun for latest_only_with_trigger to 2024-12-01 04:00:00+00:00, run_after=2024-12-01 08:00:00+00:00
[2024-12-01T08:58:15.332+0000] {processor.py:208} INFO - Processing /home/airflow/.local/lib/python3.12/site-packages/airflow/example_dags/example_latest_only_with_trigger.py took 0.057 seconds
[2024-12-01T08:58:46.129+0000] {processor.py:186} INFO - Started process (PID=962) to work on /home/airflow/.local/lib/python3.12/site-packages/airflow/example_dags/example_latest_only_with_trigger.py
[2024-12-01T08:58:46.130+0000] {processor.py:914} INFO - Processing file /home/airflow/.local/lib/python3.12/site-packages/airflow/example_dags/example_latest_only_with_trigger.py for tasks to queue
[2024-12-01T08:58:46.131+0000] {logging_mixin.py:190} INFO - [2024-12-01T08:58:46.131+0000] {dagbag.py:588} INFO - Filling up the DagBag from /home/airflow/.local/lib/python3.12/site-packages/airflow/example_dags/example_latest_only_with_trigger.py
[2024-12-01T08:58:46.135+0000] {processor.py:925} INFO - DAG(s) 'latest_only_with_trigger' retrieved from /home/airflow/.local/lib/python3.12/site-packages/airflow/example_dags/example_latest_only_with_trigger.py
[2024-12-01T08:58:46.152+0000] {logging_mixin.py:190} INFO - [2024-12-01T08:58:46.152+0000] {dag.py:3239} INFO - Sync 1 DAGs
[2024-12-01T08:58:46.170+0000] {logging_mixin.py:190} INFO - [2024-12-01T08:58:46.170+0000] {dag.py:4180} INFO - Setting next_dagrun for latest_only_with_trigger to 2024-12-01 04:00:00+00:00, run_after=2024-12-01 08:00:00+00:00
[2024-12-01T08:58:46.179+0000] {processor.py:208} INFO - Processing /home/airflow/.local/lib/python3.12/site-packages/airflow/example_dags/example_latest_only_with_trigger.py took 0.053 seconds
[2024-12-01T08:59:16.915+0000] {processor.py:186} INFO - Started process (PID=1025) to work on /home/airflow/.local/lib/python3.12/site-packages/airflow/example_dags/example_latest_only_with_trigger.py
[2024-12-01T08:59:16.915+0000] {processor.py:914} INFO - Processing file /home/airflow/.local/lib/python3.12/site-packages/airflow/example_dags/example_latest_only_with_trigger.py for tasks to queue
[2024-12-01T08:59:16.916+0000] {logging_mixin.py:190} INFO - [2024-12-01T08:59:16.916+0000] {dagbag.py:588} INFO - Filling up the DagBag from /home/airflow/.local/lib/python3.12/site-packages/airflow/example_dags/example_latest_only_with_trigger.py
[2024-12-01T08:59:16.920+0000] {processor.py:925} INFO - DAG(s) 'latest_only_with_trigger' retrieved from /home/airflow/.local/lib/python3.12/site-packages/airflow/example_dags/example_latest_only_with_trigger.py
[2024-12-01T08:59:16.934+0000] {logging_mixin.py:190} INFO - [2024-12-01T08:59:16.934+0000] {dag.py:3239} INFO - Sync 1 DAGs
[2024-12-01T08:59:16.952+0000] {logging_mixin.py:190} INFO - [2024-12-01T08:59:16.952+0000] {dag.py:4180} INFO - Setting next_dagrun for latest_only_with_trigger to 2024-12-01 04:00:00+00:00, run_after=2024-12-01 08:00:00+00:00
[2024-12-01T08:59:16.965+0000] {processor.py:208} INFO - Processing /home/airflow/.local/lib/python3.12/site-packages/airflow/example_dags/example_latest_only_with_trigger.py took 0.053 seconds
[2024-12-01T08:59:47.765+0000] {processor.py:186} INFO - Started process (PID=1088) to work on /home/airflow/.local/lib/python3.12/site-packages/airflow/example_dags/example_latest_only_with_trigger.py
[2024-12-01T08:59:47.765+0000] {processor.py:914} INFO - Processing file /home/airflow/.local/lib/python3.12/site-packages/airflow/example_dags/example_latest_only_with_trigger.py for tasks to queue
[2024-12-01T08:59:47.766+0000] {logging_mixin.py:190} INFO - [2024-12-01T08:59:47.766+0000] {dagbag.py:588} INFO - Filling up the DagBag from /home/airflow/.local/lib/python3.12/site-packages/airflow/example_dags/example_latest_only_with_trigger.py
[2024-12-01T08:59:47.770+0000] {processor.py:925} INFO - DAG(s) 'latest_only_with_trigger' retrieved from /home/airflow/.local/lib/python3.12/site-packages/airflow/example_dags/example_latest_only_with_trigger.py
[2024-12-01T08:59:47.784+0000] {logging_mixin.py:190} INFO - [2024-12-01T08:59:47.783+0000] {dag.py:3239} INFO - Sync 1 DAGs
[2024-12-01T08:59:47.802+0000] {logging_mixin.py:190} INFO - [2024-12-01T08:59:47.802+0000] {dag.py:4180} INFO - Setting next_dagrun for latest_only_with_trigger to 2024-12-01 04:00:00+00:00, run_after=2024-12-01 08:00:00+00:00
[2024-12-01T08:59:47.816+0000] {processor.py:208} INFO - Processing /home/airflow/.local/lib/python3.12/site-packages/airflow/example_dags/example_latest_only_with_trigger.py took 0.055 seconds
[2024-12-01T09:00:18.619+0000] {processor.py:186} INFO - Started process (PID=1151) to work on /home/airflow/.local/lib/python3.12/site-packages/airflow/example_dags/example_latest_only_with_trigger.py
[2024-12-01T09:00:18.619+0000] {processor.py:914} INFO - Processing file /home/airflow/.local/lib/python3.12/site-packages/airflow/example_dags/example_latest_only_with_trigger.py for tasks to queue
[2024-12-01T09:00:18.620+0000] {logging_mixin.py:190} INFO - [2024-12-01T09:00:18.620+0000] {dagbag.py:588} INFO - Filling up the DagBag from /home/airflow/.local/lib/python3.12/site-packages/airflow/example_dags/example_latest_only_with_trigger.py
[2024-12-01T09:00:18.624+0000] {processor.py:925} INFO - DAG(s) 'latest_only_with_trigger' retrieved from /home/airflow/.local/lib/python3.12/site-packages/airflow/example_dags/example_latest_only_with_trigger.py
[2024-12-01T09:00:18.636+0000] {logging_mixin.py:190} INFO - [2024-12-01T09:00:18.636+0000] {dag.py:3239} INFO - Sync 1 DAGs
[2024-12-01T09:00:18.648+0000] {logging_mixin.py:190} INFO - [2024-12-01T09:00:18.648+0000] {dag.py:4180} INFO - Setting next_dagrun for latest_only_with_trigger to 2024-12-01 04:00:00+00:00, run_after=2024-12-01 08:00:00+00:00
[2024-12-01T09:00:18.657+0000] {processor.py:208} INFO - Processing /home/airflow/.local/lib/python3.12/site-packages/airflow/example_dags/example_latest_only_with_trigger.py took 0.041 seconds
[2024-12-01T09:00:49.258+0000] {processor.py:186} INFO - Started process (PID=1214) to work on /home/airflow/.local/lib/python3.12/site-packages/airflow/example_dags/example_latest_only_with_trigger.py
[2024-12-01T09:00:49.258+0000] {processor.py:914} INFO - Processing file /home/airflow/.local/lib/python3.12/site-packages/airflow/example_dags/example_latest_only_with_trigger.py for tasks to queue
[2024-12-01T09:00:49.260+0000] {logging_mixin.py:190} INFO - [2024-12-01T09:00:49.260+0000] {dagbag.py:588} INFO - Filling up the DagBag from /home/airflow/.local/lib/python3.12/site-packages/airflow/example_dags/example_latest_only_with_trigger.py
[2024-12-01T09:00:49.266+0000] {processor.py:925} INFO - DAG(s) 'latest_only_with_trigger' retrieved from /home/airflow/.local/lib/python3.12/site-packages/airflow/example_dags/example_latest_only_with_trigger.py
[2024-12-01T09:00:49.282+0000] {logging_mixin.py:190} INFO - [2024-12-01T09:00:49.282+0000] {dag.py:3239} INFO - Sync 1 DAGs
[2024-12-01T09:00:49.301+0000] {logging_mixin.py:190} INFO - [2024-12-01T09:00:49.301+0000] {dag.py:4180} INFO - Setting next_dagrun for latest_only_with_trigger to 2024-12-01 04:00:00+00:00, run_after=2024-12-01 08:00:00+00:00
[2024-12-01T09:00:49.312+0000] {processor.py:208} INFO - Processing /home/airflow/.local/lib/python3.12/site-packages/airflow/example_dags/example_latest_only_with_trigger.py took 0.060 seconds
[2024-12-01T09:01:19.536+0000] {processor.py:186} INFO - Started process (PID=1277) to work on /home/airflow/.local/lib/python3.12/site-packages/airflow/example_dags/example_latest_only_with_trigger.py
[2024-12-01T09:01:19.537+0000] {processor.py:914} INFO - Processing file /home/airflow/.local/lib/python3.12/site-packages/airflow/example_dags/example_latest_only_with_trigger.py for tasks to queue
[2024-12-01T09:01:19.538+0000] {logging_mixin.py:190} INFO - [2024-12-01T09:01:19.537+0000] {dagbag.py:588} INFO - Filling up the DagBag from /home/airflow/.local/lib/python3.12/site-packages/airflow/example_dags/example_latest_only_with_trigger.py
[2024-12-01T09:01:19.542+0000] {processor.py:925} INFO - DAG(s) 'latest_only_with_trigger' retrieved from /home/airflow/.local/lib/python3.12/site-packages/airflow/example_dags/example_latest_only_with_trigger.py
[2024-12-01T09:01:19.555+0000] {logging_mixin.py:190} INFO - [2024-12-01T09:01:19.555+0000] {dag.py:3239} INFO - Sync 1 DAGs
[2024-12-01T09:01:19.570+0000] {logging_mixin.py:190} INFO - [2024-12-01T09:01:19.570+0000] {dag.py:4180} INFO - Setting next_dagrun for latest_only_with_trigger to 2024-12-01 04:00:00+00:00, run_after=2024-12-01 08:00:00+00:00
[2024-12-01T09:01:19.585+0000] {processor.py:208} INFO - Processing /home/airflow/.local/lib/python3.12/site-packages/airflow/example_dags/example_latest_only_with_trigger.py took 0.052 seconds
[2024-12-01T09:01:49.870+0000] {processor.py:186} INFO - Started process (PID=1341) to work on /home/airflow/.local/lib/python3.12/site-packages/airflow/example_dags/example_latest_only_with_trigger.py
[2024-12-01T09:01:49.871+0000] {processor.py:914} INFO - Processing file /home/airflow/.local/lib/python3.12/site-packages/airflow/example_dags/example_latest_only_with_trigger.py for tasks to queue
[2024-12-01T09:01:49.872+0000] {logging_mixin.py:190} INFO - [2024-12-01T09:01:49.872+0000] {dagbag.py:588} INFO - Filling up the DagBag from /home/airflow/.local/lib/python3.12/site-packages/airflow/example_dags/example_latest_only_with_trigger.py
[2024-12-01T09:01:49.876+0000] {processor.py:925} INFO - DAG(s) 'latest_only_with_trigger' retrieved from /home/airflow/.local/lib/python3.12/site-packages/airflow/example_dags/example_latest_only_with_trigger.py
[2024-12-01T09:01:49.887+0000] {logging_mixin.py:190} INFO - [2024-12-01T09:01:49.887+0000] {dag.py:3239} INFO - Sync 1 DAGs
[2024-12-01T09:01:49.903+0000] {logging_mixin.py:190} INFO - [2024-12-01T09:01:49.903+0000] {dag.py:4180} INFO - Setting next_dagrun for latest_only_with_trigger to 2024-12-01 04:00:00+00:00, run_after=2024-12-01 08:00:00+00:00
[2024-12-01T09:01:49.916+0000] {processor.py:208} INFO - Processing /home/airflow/.local/lib/python3.12/site-packages/airflow/example_dags/example_latest_only_with_trigger.py took 0.052 seconds
[2024-12-01T09:02:19.997+0000] {processor.py:186} INFO - Started process (PID=1404) to work on /home/airflow/.local/lib/python3.12/site-packages/airflow/example_dags/example_latest_only_with_trigger.py
[2024-12-01T09:02:19.998+0000] {processor.py:914} INFO - Processing file /home/airflow/.local/lib/python3.12/site-packages/airflow/example_dags/example_latest_only_with_trigger.py for tasks to queue
[2024-12-01T09:02:19.999+0000] {logging_mixin.py:190} INFO - [2024-12-01T09:02:19.998+0000] {dagbag.py:588} INFO - Filling up the DagBag from /home/airflow/.local/lib/python3.12/site-packages/airflow/example_dags/example_latest_only_with_trigger.py
[2024-12-01T09:02:20.003+0000] {processor.py:925} INFO - DAG(s) 'latest_only_with_trigger' retrieved from /home/airflow/.local/lib/python3.12/site-packages/airflow/example_dags/example_latest_only_with_trigger.py
[2024-12-01T09:02:20.018+0000] {logging_mixin.py:190} INFO - [2024-12-01T09:02:20.017+0000] {dag.py:3239} INFO - Sync 1 DAGs
[2024-12-01T09:02:20.034+0000] {logging_mixin.py:190} INFO - [2024-12-01T09:02:20.033+0000] {dag.py:4180} INFO - Setting next_dagrun for latest_only_with_trigger to 2024-12-01 04:00:00+00:00, run_after=2024-12-01 08:00:00+00:00
[2024-12-01T09:02:20.048+0000] {processor.py:208} INFO - Processing /home/airflow/.local/lib/python3.12/site-packages/airflow/example_dags/example_latest_only_with_trigger.py took 0.055 seconds
[2024-12-01T09:02:51.049+0000] {processor.py:186} INFO - Started process (PID=1467) to work on /home/airflow/.local/lib/python3.12/site-packages/airflow/example_dags/example_latest_only_with_trigger.py
[2024-12-01T09:02:51.050+0000] {processor.py:914} INFO - Processing file /home/airflow/.local/lib/python3.12/site-packages/airflow/example_dags/example_latest_only_with_trigger.py for tasks to queue
[2024-12-01T09:02:51.051+0000] {logging_mixin.py:190} INFO - [2024-12-01T09:02:51.051+0000] {dagbag.py:588} INFO - Filling up the DagBag from /home/airflow/.local/lib/python3.12/site-packages/airflow/example_dags/example_latest_only_with_trigger.py
[2024-12-01T09:02:51.057+0000] {processor.py:925} INFO - DAG(s) 'latest_only_with_trigger' retrieved from /home/airflow/.local/lib/python3.12/site-packages/airflow/example_dags/example_latest_only_with_trigger.py
[2024-12-01T09:02:51.073+0000] {logging_mixin.py:190} INFO - [2024-12-01T09:02:51.073+0000] {dag.py:3239} INFO - Sync 1 DAGs
[2024-12-01T09:02:51.088+0000] {logging_mixin.py:190} INFO - [2024-12-01T09:02:51.087+0000] {dag.py:4180} INFO - Setting next_dagrun for latest_only_with_trigger to 2024-12-01 04:00:00+00:00, run_after=2024-12-01 08:00:00+00:00
[2024-12-01T09:02:51.101+0000] {processor.py:208} INFO - Processing /home/airflow/.local/lib/python3.12/site-packages/airflow/example_dags/example_latest_only_with_trigger.py took 0.058 seconds
[2024-12-01T09:03:21.497+0000] {processor.py:186} INFO - Started process (PID=1530) to work on /home/airflow/.local/lib/python3.12/site-packages/airflow/example_dags/example_latest_only_with_trigger.py
[2024-12-01T09:03:21.498+0000] {processor.py:914} INFO - Processing file /home/airflow/.local/lib/python3.12/site-packages/airflow/example_dags/example_latest_only_with_trigger.py for tasks to queue
[2024-12-01T09:03:21.499+0000] {logging_mixin.py:190} INFO - [2024-12-01T09:03:21.499+0000] {dagbag.py:588} INFO - Filling up the DagBag from /home/airflow/.local/lib/python3.12/site-packages/airflow/example_dags/example_latest_only_with_trigger.py
[2024-12-01T09:03:21.505+0000] {processor.py:925} INFO - DAG(s) 'latest_only_with_trigger' retrieved from /home/airflow/.local/lib/python3.12/site-packages/airflow/example_dags/example_latest_only_with_trigger.py
[2024-12-01T09:03:21.521+0000] {logging_mixin.py:190} INFO - [2024-12-01T09:03:21.521+0000] {dag.py:3239} INFO - Sync 1 DAGs
[2024-12-01T09:03:21.539+0000] {logging_mixin.py:190} INFO - [2024-12-01T09:03:21.539+0000] {dag.py:4180} INFO - Setting next_dagrun for latest_only_with_trigger to 2024-12-01 04:00:00+00:00, run_after=2024-12-01 08:00:00+00:00
[2024-12-01T09:03:21.554+0000] {processor.py:208} INFO - Processing /home/airflow/.local/lib/python3.12/site-packages/airflow/example_dags/example_latest_only_with_trigger.py took 0.062 seconds
[2024-12-01T09:03:52.032+0000] {processor.py:186} INFO - Started process (PID=1593) to work on /home/airflow/.local/lib/python3.12/site-packages/airflow/example_dags/example_latest_only_with_trigger.py
[2024-12-01T09:03:52.033+0000] {processor.py:914} INFO - Processing file /home/airflow/.local/lib/python3.12/site-packages/airflow/example_dags/example_latest_only_with_trigger.py for tasks to queue
[2024-12-01T09:03:52.034+0000] {logging_mixin.py:190} INFO - [2024-12-01T09:03:52.034+0000] {dagbag.py:588} INFO - Filling up the DagBag from /home/airflow/.local/lib/python3.12/site-packages/airflow/example_dags/example_latest_only_with_trigger.py
[2024-12-01T09:03:52.039+0000] {processor.py:925} INFO - DAG(s) 'latest_only_with_trigger' retrieved from /home/airflow/.local/lib/python3.12/site-packages/airflow/example_dags/example_latest_only_with_trigger.py
[2024-12-01T09:03:52.055+0000] {logging_mixin.py:190} INFO - [2024-12-01T09:03:52.054+0000] {dag.py:3239} INFO - Sync 1 DAGs
[2024-12-01T09:03:52.068+0000] {logging_mixin.py:190} INFO - [2024-12-01T09:03:52.068+0000] {dag.py:4180} INFO - Setting next_dagrun for latest_only_with_trigger to 2024-12-01 04:00:00+00:00, run_after=2024-12-01 08:00:00+00:00
[2024-12-01T09:03:52.078+0000] {processor.py:208} INFO - Processing /home/airflow/.local/lib/python3.12/site-packages/airflow/example_dags/example_latest_only_with_trigger.py took 0.050 seconds
[2024-12-01T09:04:22.162+0000] {processor.py:186} INFO - Started process (PID=1656) to work on /home/airflow/.local/lib/python3.12/site-packages/airflow/example_dags/example_latest_only_with_trigger.py
[2024-12-01T09:04:22.163+0000] {processor.py:914} INFO - Processing file /home/airflow/.local/lib/python3.12/site-packages/airflow/example_dags/example_latest_only_with_trigger.py for tasks to queue
[2024-12-01T09:04:22.165+0000] {logging_mixin.py:190} INFO - [2024-12-01T09:04:22.164+0000] {dagbag.py:588} INFO - Filling up the DagBag from /home/airflow/.local/lib/python3.12/site-packages/airflow/example_dags/example_latest_only_with_trigger.py
[2024-12-01T09:04:22.168+0000] {processor.py:925} INFO - DAG(s) 'latest_only_with_trigger' retrieved from /home/airflow/.local/lib/python3.12/site-packages/airflow/example_dags/example_latest_only_with_trigger.py
[2024-12-01T09:04:22.184+0000] {logging_mixin.py:190} INFO - [2024-12-01T09:04:22.183+0000] {dag.py:3239} INFO - Sync 1 DAGs
[2024-12-01T09:04:22.199+0000] {logging_mixin.py:190} INFO - [2024-12-01T09:04:22.199+0000] {dag.py:4180} INFO - Setting next_dagrun for latest_only_with_trigger to 2024-12-01 04:00:00+00:00, run_after=2024-12-01 08:00:00+00:00
[2024-12-01T09:04:22.212+0000] {processor.py:208} INFO - Processing /home/airflow/.local/lib/python3.12/site-packages/airflow/example_dags/example_latest_only_with_trigger.py took 0.055 seconds
[2024-12-01T09:04:52.747+0000] {processor.py:186} INFO - Started process (PID=1719) to work on /home/airflow/.local/lib/python3.12/site-packages/airflow/example_dags/example_latest_only_with_trigger.py
[2024-12-01T09:04:52.748+0000] {processor.py:914} INFO - Processing file /home/airflow/.local/lib/python3.12/site-packages/airflow/example_dags/example_latest_only_with_trigger.py for tasks to queue
[2024-12-01T09:04:52.750+0000] {logging_mixin.py:190} INFO - [2024-12-01T09:04:52.749+0000] {dagbag.py:588} INFO - Filling up the DagBag from /home/airflow/.local/lib/python3.12/site-packages/airflow/example_dags/example_latest_only_with_trigger.py
[2024-12-01T09:04:52.755+0000] {processor.py:925} INFO - DAG(s) 'latest_only_with_trigger' retrieved from /home/airflow/.local/lib/python3.12/site-packages/airflow/example_dags/example_latest_only_with_trigger.py
[2024-12-01T09:04:52.770+0000] {logging_mixin.py:190} INFO - [2024-12-01T09:04:52.769+0000] {dag.py:3239} INFO - Sync 1 DAGs
[2024-12-01T09:04:52.785+0000] {logging_mixin.py:190} INFO - [2024-12-01T09:04:52.785+0000] {dag.py:4180} INFO - Setting next_dagrun for latest_only_with_trigger to 2024-12-01 04:00:00+00:00, run_after=2024-12-01 08:00:00+00:00
[2024-12-01T09:04:52.796+0000] {processor.py:208} INFO - Processing /home/airflow/.local/lib/python3.12/site-packages/airflow/example_dags/example_latest_only_with_trigger.py took 0.054 seconds
[2024-12-01T09:05:23.443+0000] {processor.py:186} INFO - Started process (PID=1782) to work on /home/airflow/.local/lib/python3.12/site-packages/airflow/example_dags/example_latest_only_with_trigger.py
[2024-12-01T09:05:23.443+0000] {processor.py:914} INFO - Processing file /home/airflow/.local/lib/python3.12/site-packages/airflow/example_dags/example_latest_only_with_trigger.py for tasks to queue
[2024-12-01T09:05:23.444+0000] {logging_mixin.py:190} INFO - [2024-12-01T09:05:23.444+0000] {dagbag.py:588} INFO - Filling up the DagBag from /home/airflow/.local/lib/python3.12/site-packages/airflow/example_dags/example_latest_only_with_trigger.py
[2024-12-01T09:05:23.449+0000] {processor.py:925} INFO - DAG(s) 'latest_only_with_trigger' retrieved from /home/airflow/.local/lib/python3.12/site-packages/airflow/example_dags/example_latest_only_with_trigger.py
[2024-12-01T09:05:23.462+0000] {logging_mixin.py:190} INFO - [2024-12-01T09:05:23.462+0000] {dag.py:3239} INFO - Sync 1 DAGs
[2024-12-01T09:05:23.476+0000] {logging_mixin.py:190} INFO - [2024-12-01T09:05:23.476+0000] {dag.py:4180} INFO - Setting next_dagrun for latest_only_with_trigger to 2024-12-01 04:00:00+00:00, run_after=2024-12-01 08:00:00+00:00
[2024-12-01T09:05:23.487+0000] {processor.py:208} INFO - Processing /home/airflow/.local/lib/python3.12/site-packages/airflow/example_dags/example_latest_only_with_trigger.py took 0.048 seconds
[2024-12-01T09:05:54.480+0000] {processor.py:186} INFO - Started process (PID=1845) to work on /home/airflow/.local/lib/python3.12/site-packages/airflow/example_dags/example_latest_only_with_trigger.py
[2024-12-01T09:05:54.481+0000] {processor.py:914} INFO - Processing file /home/airflow/.local/lib/python3.12/site-packages/airflow/example_dags/example_latest_only_with_trigger.py for tasks to queue
[2024-12-01T09:05:54.483+0000] {logging_mixin.py:190} INFO - [2024-12-01T09:05:54.483+0000] {dagbag.py:588} INFO - Filling up the DagBag from /home/airflow/.local/lib/python3.12/site-packages/airflow/example_dags/example_latest_only_with_trigger.py
[2024-12-01T09:05:54.489+0000] {processor.py:925} INFO - DAG(s) 'latest_only_with_trigger' retrieved from /home/airflow/.local/lib/python3.12/site-packages/airflow/example_dags/example_latest_only_with_trigger.py
[2024-12-01T09:05:54.504+0000] {logging_mixin.py:190} INFO - [2024-12-01T09:05:54.504+0000] {dag.py:3239} INFO - Sync 1 DAGs
[2024-12-01T09:05:54.519+0000] {logging_mixin.py:190} INFO - [2024-12-01T09:05:54.519+0000] {dag.py:4180} INFO - Setting next_dagrun for latest_only_with_trigger to 2024-12-01 04:00:00+00:00, run_after=2024-12-01 08:00:00+00:00
[2024-12-01T09:05:54.532+0000] {processor.py:208} INFO - Processing /home/airflow/.local/lib/python3.12/site-packages/airflow/example_dags/example_latest_only_with_trigger.py took 0.057 seconds
[2024-12-01T09:06:25.456+0000] {processor.py:186} INFO - Started process (PID=1908) to work on /home/airflow/.local/lib/python3.12/site-packages/airflow/example_dags/example_latest_only_with_trigger.py
[2024-12-01T09:06:25.457+0000] {processor.py:914} INFO - Processing file /home/airflow/.local/lib/python3.12/site-packages/airflow/example_dags/example_latest_only_with_trigger.py for tasks to queue
[2024-12-01T09:06:25.458+0000] {logging_mixin.py:190} INFO - [2024-12-01T09:06:25.458+0000] {dagbag.py:588} INFO - Filling up the DagBag from /home/airflow/.local/lib/python3.12/site-packages/airflow/example_dags/example_latest_only_with_trigger.py
[2024-12-01T09:06:25.462+0000] {processor.py:925} INFO - DAG(s) 'latest_only_with_trigger' retrieved from /home/airflow/.local/lib/python3.12/site-packages/airflow/example_dags/example_latest_only_with_trigger.py
[2024-12-01T09:06:25.475+0000] {logging_mixin.py:190} INFO - [2024-12-01T09:06:25.475+0000] {dag.py:3239} INFO - Sync 1 DAGs
[2024-12-01T09:06:25.487+0000] {logging_mixin.py:190} INFO - [2024-12-01T09:06:25.487+0000] {dag.py:4180} INFO - Setting next_dagrun for latest_only_with_trigger to 2024-12-01 04:00:00+00:00, run_after=2024-12-01 08:00:00+00:00
[2024-12-01T09:06:25.498+0000] {processor.py:208} INFO - Processing /home/airflow/.local/lib/python3.12/site-packages/airflow/example_dags/example_latest_only_with_trigger.py took 0.045 seconds
[2024-12-01T09:06:55.910+0000] {processor.py:186} INFO - Started process (PID=1971) to work on /home/airflow/.local/lib/python3.12/site-packages/airflow/example_dags/example_latest_only_with_trigger.py
[2024-12-01T09:06:55.911+0000] {processor.py:914} INFO - Processing file /home/airflow/.local/lib/python3.12/site-packages/airflow/example_dags/example_latest_only_with_trigger.py for tasks to queue
[2024-12-01T09:06:55.912+0000] {logging_mixin.py:190} INFO - [2024-12-01T09:06:55.912+0000] {dagbag.py:588} INFO - Filling up the DagBag from /home/airflow/.local/lib/python3.12/site-packages/airflow/example_dags/example_latest_only_with_trigger.py
[2024-12-01T09:06:55.917+0000] {processor.py:925} INFO - DAG(s) 'latest_only_with_trigger' retrieved from /home/airflow/.local/lib/python3.12/site-packages/airflow/example_dags/example_latest_only_with_trigger.py
[2024-12-01T09:06:55.939+0000] {logging_mixin.py:190} INFO - [2024-12-01T09:06:55.939+0000] {dag.py:3239} INFO - Sync 1 DAGs
[2024-12-01T09:06:55.958+0000] {logging_mixin.py:190} INFO - [2024-12-01T09:06:55.958+0000] {dag.py:4180} INFO - Setting next_dagrun for latest_only_with_trigger to 2024-12-01 04:00:00+00:00, run_after=2024-12-01 08:00:00+00:00
[2024-12-01T09:06:55.973+0000] {processor.py:208} INFO - Processing /home/airflow/.local/lib/python3.12/site-packages/airflow/example_dags/example_latest_only_with_trigger.py took 0.068 seconds
[2024-12-01T09:07:26.269+0000] {processor.py:186} INFO - Started process (PID=2034) to work on /home/airflow/.local/lib/python3.12/site-packages/airflow/example_dags/example_latest_only_with_trigger.py
[2024-12-01T09:07:26.270+0000] {processor.py:914} INFO - Processing file /home/airflow/.local/lib/python3.12/site-packages/airflow/example_dags/example_latest_only_with_trigger.py for tasks to queue
[2024-12-01T09:07:26.271+0000] {logging_mixin.py:190} INFO - [2024-12-01T09:07:26.271+0000] {dagbag.py:588} INFO - Filling up the DagBag from /home/airflow/.local/lib/python3.12/site-packages/airflow/example_dags/example_latest_only_with_trigger.py
[2024-12-01T09:07:26.275+0000] {processor.py:925} INFO - DAG(s) 'latest_only_with_trigger' retrieved from /home/airflow/.local/lib/python3.12/site-packages/airflow/example_dags/example_latest_only_with_trigger.py
[2024-12-01T09:07:26.290+0000] {logging_mixin.py:190} INFO - [2024-12-01T09:07:26.289+0000] {dag.py:3239} INFO - Sync 1 DAGs
[2024-12-01T09:07:26.308+0000] {logging_mixin.py:190} INFO - [2024-12-01T09:07:26.308+0000] {dag.py:4180} INFO - Setting next_dagrun for latest_only_with_trigger to 2024-12-01 04:00:00+00:00, run_after=2024-12-01 08:00:00+00:00
[2024-12-01T09:07:26.321+0000] {processor.py:208} INFO - Processing /home/airflow/.local/lib/python3.12/site-packages/airflow/example_dags/example_latest_only_with_trigger.py took 0.056 seconds
[2024-12-01T09:07:56.767+0000] {processor.py:186} INFO - Started process (PID=2097) to work on /home/airflow/.local/lib/python3.12/site-packages/airflow/example_dags/example_latest_only_with_trigger.py
[2024-12-01T09:07:56.768+0000] {processor.py:914} INFO - Processing file /home/airflow/.local/lib/python3.12/site-packages/airflow/example_dags/example_latest_only_with_trigger.py for tasks to queue
[2024-12-01T09:07:56.770+0000] {logging_mixin.py:190} INFO - [2024-12-01T09:07:56.769+0000] {dagbag.py:588} INFO - Filling up the DagBag from /home/airflow/.local/lib/python3.12/site-packages/airflow/example_dags/example_latest_only_with_trigger.py
[2024-12-01T09:07:56.775+0000] {processor.py:925} INFO - DAG(s) 'latest_only_with_trigger' retrieved from /home/airflow/.local/lib/python3.12/site-packages/airflow/example_dags/example_latest_only_with_trigger.py
[2024-12-01T09:07:56.794+0000] {logging_mixin.py:190} INFO - [2024-12-01T09:07:56.793+0000] {dag.py:3239} INFO - Sync 1 DAGs
[2024-12-01T09:07:56.809+0000] {logging_mixin.py:190} INFO - [2024-12-01T09:07:56.809+0000] {dag.py:4180} INFO - Setting next_dagrun for latest_only_with_trigger to 2024-12-01 04:00:00+00:00, run_after=2024-12-01 08:00:00+00:00
[2024-12-01T09:07:56.820+0000] {processor.py:208} INFO - Processing /home/airflow/.local/lib/python3.12/site-packages/airflow/example_dags/example_latest_only_with_trigger.py took 0.057 seconds
[2024-12-01T09:08:27.465+0000] {processor.py:186} INFO - Started process (PID=2160) to work on /home/airflow/.local/lib/python3.12/site-packages/airflow/example_dags/example_latest_only_with_trigger.py
[2024-12-01T09:08:27.466+0000] {processor.py:914} INFO - Processing file /home/airflow/.local/lib/python3.12/site-packages/airflow/example_dags/example_latest_only_with_trigger.py for tasks to queue
[2024-12-01T09:08:27.467+0000] {logging_mixin.py:190} INFO - [2024-12-01T09:08:27.467+0000] {dagbag.py:588} INFO - Filling up the DagBag from /home/airflow/.local/lib/python3.12/site-packages/airflow/example_dags/example_latest_only_with_trigger.py
[2024-12-01T09:08:27.473+0000] {processor.py:925} INFO - DAG(s) 'latest_only_with_trigger' retrieved from /home/airflow/.local/lib/python3.12/site-packages/airflow/example_dags/example_latest_only_with_trigger.py
[2024-12-01T09:08:27.489+0000] {logging_mixin.py:190} INFO - [2024-12-01T09:08:27.489+0000] {dag.py:3239} INFO - Sync 1 DAGs
[2024-12-01T09:08:27.505+0000] {logging_mixin.py:190} INFO - [2024-12-01T09:08:27.505+0000] {dag.py:4180} INFO - Setting next_dagrun for latest_only_with_trigger to 2024-12-01 04:00:00+00:00, run_after=2024-12-01 08:00:00+00:00
[2024-12-01T09:08:27.520+0000] {processor.py:208} INFO - Processing /home/airflow/.local/lib/python3.12/site-packages/airflow/example_dags/example_latest_only_with_trigger.py took 0.059 seconds
[2024-12-01T09:08:58.342+0000] {processor.py:186} INFO - Started process (PID=2223) to work on /home/airflow/.local/lib/python3.12/site-packages/airflow/example_dags/example_latest_only_with_trigger.py
[2024-12-01T09:08:58.343+0000] {processor.py:914} INFO - Processing file /home/airflow/.local/lib/python3.12/site-packages/airflow/example_dags/example_latest_only_with_trigger.py for tasks to queue
[2024-12-01T09:08:58.344+0000] {logging_mixin.py:190} INFO - [2024-12-01T09:08:58.344+0000] {dagbag.py:588} INFO - Filling up the DagBag from /home/airflow/.local/lib/python3.12/site-packages/airflow/example_dags/example_latest_only_with_trigger.py
[2024-12-01T09:08:58.348+0000] {processor.py:925} INFO - DAG(s) 'latest_only_with_trigger' retrieved from /home/airflow/.local/lib/python3.12/site-packages/airflow/example_dags/example_latest_only_with_trigger.py
[2024-12-01T09:08:58.360+0000] {logging_mixin.py:190} INFO - [2024-12-01T09:08:58.360+0000] {dag.py:3239} INFO - Sync 1 DAGs
[2024-12-01T09:08:58.373+0000] {logging_mixin.py:190} INFO - [2024-12-01T09:08:58.373+0000] {dag.py:4180} INFO - Setting next_dagrun for latest_only_with_trigger to 2024-12-01 04:00:00+00:00, run_after=2024-12-01 08:00:00+00:00
[2024-12-01T09:08:58.384+0000] {processor.py:208} INFO - Processing /home/airflow/.local/lib/python3.12/site-packages/airflow/example_dags/example_latest_only_with_trigger.py took 0.045 seconds
[2024-12-01T09:09:28.689+0000] {processor.py:186} INFO - Started process (PID=2285) to work on /home/airflow/.local/lib/python3.12/site-packages/airflow/example_dags/example_latest_only_with_trigger.py
[2024-12-01T09:09:28.690+0000] {processor.py:914} INFO - Processing file /home/airflow/.local/lib/python3.12/site-packages/airflow/example_dags/example_latest_only_with_trigger.py for tasks to queue
[2024-12-01T09:09:28.691+0000] {logging_mixin.py:190} INFO - [2024-12-01T09:09:28.691+0000] {dagbag.py:588} INFO - Filling up the DagBag from /home/airflow/.local/lib/python3.12/site-packages/airflow/example_dags/example_latest_only_with_trigger.py
[2024-12-01T09:09:28.695+0000] {processor.py:925} INFO - DAG(s) 'latest_only_with_trigger' retrieved from /home/airflow/.local/lib/python3.12/site-packages/airflow/example_dags/example_latest_only_with_trigger.py
[2024-12-01T09:09:28.709+0000] {logging_mixin.py:190} INFO - [2024-12-01T09:09:28.709+0000] {dag.py:3239} INFO - Sync 1 DAGs
[2024-12-01T09:09:28.725+0000] {logging_mixin.py:190} INFO - [2024-12-01T09:09:28.724+0000] {dag.py:4180} INFO - Setting next_dagrun for latest_only_with_trigger to 2024-12-01 04:00:00+00:00, run_after=2024-12-01 08:00:00+00:00
[2024-12-01T09:09:28.735+0000] {processor.py:208} INFO - Processing /home/airflow/.local/lib/python3.12/site-packages/airflow/example_dags/example_latest_only_with_trigger.py took 0.050 seconds
