[2024-12-01T08:51:42.916+0000] {processor.py:186} INFO - Started process (PID=116) to work on /home/airflow/.local/lib/python3.12/site-packages/airflow/example_dags/example_display_name.py
[2024-12-01T08:51:42.916+0000] {processor.py:914} INFO - Processing file /home/airflow/.local/lib/python3.12/site-packages/airflow/example_dags/example_display_name.py for tasks to queue
[2024-12-01T08:51:42.917+0000] {logging_mixin.py:190} INFO - [2024-12-01T08:51:42.917+0000] {dagbag.py:588} INFO - Filling up the DagBag from /home/airflow/.local/lib/python3.12/site-packages/airflow/example_dags/example_display_name.py
[2024-12-01T08:51:42.922+0000] {processor.py:925} INFO - DAG(s) 'example_display_name' retrieved from /home/airflow/.local/lib/python3.12/site-packages/airflow/example_dags/example_display_name.py
[2024-12-01T08:51:42.994+0000] {logging_mixin.py:190} INFO - [2024-12-01T08:51:42.994+0000] {override.py:1911} INFO - Created Permission View: can edit on DAG:example_display_name
[2024-12-01T08:51:43.001+0000] {logging_mixin.py:190} INFO - [2024-12-01T08:51:43.000+0000] {override.py:1911} INFO - Created Permission View: can read on DAG:example_display_name
[2024-12-01T08:51:43.004+0000] {logging_mixin.py:190} INFO - [2024-12-01T08:51:43.004+0000] {override.py:1911} INFO - Created Permission View: can delete on DAG:example_display_name
[2024-12-01T08:51:43.007+0000] {logging_mixin.py:190} INFO - [2024-12-01T08:51:43.007+0000] {override.py:1911} INFO - Created Permission View: can create on DAG Run:example_display_name
[2024-12-01T08:51:43.010+0000] {logging_mixin.py:190} INFO - [2024-12-01T08:51:43.010+0000] {override.py:1911} INFO - Created Permission View: menu access on DAG Run:example_display_name
[2024-12-01T08:51:43.013+0000] {logging_mixin.py:190} INFO - [2024-12-01T08:51:43.013+0000] {override.py:1911} INFO - Created Permission View: can read on DAG Run:example_display_name
[2024-12-01T08:51:43.015+0000] {logging_mixin.py:190} INFO - [2024-12-01T08:51:43.015+0000] {override.py:1911} INFO - Created Permission View: can delete on DAG Run:example_display_name
[2024-12-01T08:51:43.016+0000] {logging_mixin.py:190} INFO - [2024-12-01T08:51:43.015+0000] {dag.py:3239} INFO - Sync 1 DAGs
[2024-12-01T08:51:43.023+0000] {logging_mixin.py:190} INFO - [2024-12-01T08:51:43.023+0000] {dag.py:3262} INFO - Creating ORM DAG for example_display_name
[2024-12-01T08:51:43.024+0000] {logging_mixin.py:190} INFO - [2024-12-01T08:51:43.024+0000] {dag.py:4180} INFO - Setting next_dagrun for example_display_name to None, run_after=None
[2024-12-01T08:51:43.033+0000] {processor.py:208} INFO - Processing /home/airflow/.local/lib/python3.12/site-packages/airflow/example_dags/example_display_name.py took 0.120 seconds
[2024-12-01T08:52:13.137+0000] {processor.py:186} INFO - Started process (PID=178) to work on /home/airflow/.local/lib/python3.12/site-packages/airflow/example_dags/example_display_name.py
[2024-12-01T08:52:13.138+0000] {processor.py:914} INFO - Processing file /home/airflow/.local/lib/python3.12/site-packages/airflow/example_dags/example_display_name.py for tasks to queue
[2024-12-01T08:52:13.139+0000] {logging_mixin.py:190} INFO - [2024-12-01T08:52:13.139+0000] {dagbag.py:588} INFO - Filling up the DagBag from /home/airflow/.local/lib/python3.12/site-packages/airflow/example_dags/example_display_name.py
[2024-12-01T08:52:13.145+0000] {processor.py:925} INFO - DAG(s) 'example_display_name' retrieved from /home/airflow/.local/lib/python3.12/site-packages/airflow/example_dags/example_display_name.py
[2024-12-01T08:52:13.161+0000] {logging_mixin.py:190} INFO - [2024-12-01T08:52:13.161+0000] {dag.py:3239} INFO - Sync 1 DAGs
[2024-12-01T08:52:13.173+0000] {logging_mixin.py:190} INFO - [2024-12-01T08:52:13.173+0000] {dag.py:4180} INFO - Setting next_dagrun for example_display_name to None, run_after=None
[2024-12-01T08:52:13.187+0000] {processor.py:208} INFO - Processing /home/airflow/.local/lib/python3.12/site-packages/airflow/example_dags/example_display_name.py took 0.055 seconds
[2024-12-01T08:52:43.610+0000] {processor.py:186} INFO - Started process (PID=241) to work on /home/airflow/.local/lib/python3.12/site-packages/airflow/example_dags/example_display_name.py
[2024-12-01T08:52:43.611+0000] {processor.py:914} INFO - Processing file /home/airflow/.local/lib/python3.12/site-packages/airflow/example_dags/example_display_name.py for tasks to queue
[2024-12-01T08:52:43.612+0000] {logging_mixin.py:190} INFO - [2024-12-01T08:52:43.612+0000] {dagbag.py:588} INFO - Filling up the DagBag from /home/airflow/.local/lib/python3.12/site-packages/airflow/example_dags/example_display_name.py
[2024-12-01T08:52:43.616+0000] {processor.py:925} INFO - DAG(s) 'example_display_name' retrieved from /home/airflow/.local/lib/python3.12/site-packages/airflow/example_dags/example_display_name.py
[2024-12-01T08:52:43.630+0000] {logging_mixin.py:190} INFO - [2024-12-01T08:52:43.629+0000] {dag.py:3239} INFO - Sync 1 DAGs
[2024-12-01T08:52:43.641+0000] {logging_mixin.py:190} INFO - [2024-12-01T08:52:43.641+0000] {dag.py:4180} INFO - Setting next_dagrun for example_display_name to None, run_after=None
[2024-12-01T08:52:43.655+0000] {processor.py:208} INFO - Processing /home/airflow/.local/lib/python3.12/site-packages/airflow/example_dags/example_display_name.py took 0.049 seconds
[2024-12-01T08:53:13.901+0000] {processor.py:186} INFO - Started process (PID=304) to work on /home/airflow/.local/lib/python3.12/site-packages/airflow/example_dags/example_display_name.py
[2024-12-01T08:53:13.902+0000] {processor.py:914} INFO - Processing file /home/airflow/.local/lib/python3.12/site-packages/airflow/example_dags/example_display_name.py for tasks to queue
[2024-12-01T08:53:13.903+0000] {logging_mixin.py:190} INFO - [2024-12-01T08:53:13.903+0000] {dagbag.py:588} INFO - Filling up the DagBag from /home/airflow/.local/lib/python3.12/site-packages/airflow/example_dags/example_display_name.py
[2024-12-01T08:53:13.910+0000] {processor.py:925} INFO - DAG(s) 'example_display_name' retrieved from /home/airflow/.local/lib/python3.12/site-packages/airflow/example_dags/example_display_name.py
[2024-12-01T08:53:13.925+0000] {logging_mixin.py:190} INFO - [2024-12-01T08:53:13.925+0000] {dag.py:3239} INFO - Sync 1 DAGs
[2024-12-01T08:53:13.936+0000] {logging_mixin.py:190} INFO - [2024-12-01T08:53:13.935+0000] {dag.py:4180} INFO - Setting next_dagrun for example_display_name to None, run_after=None
[2024-12-01T08:53:13.950+0000] {processor.py:208} INFO - Processing /home/airflow/.local/lib/python3.12/site-packages/airflow/example_dags/example_display_name.py took 0.054 seconds
[2024-12-01T08:53:44.809+0000] {processor.py:186} INFO - Started process (PID=367) to work on /home/airflow/.local/lib/python3.12/site-packages/airflow/example_dags/example_display_name.py
[2024-12-01T08:53:44.809+0000] {processor.py:914} INFO - Processing file /home/airflow/.local/lib/python3.12/site-packages/airflow/example_dags/example_display_name.py for tasks to queue
[2024-12-01T08:53:44.810+0000] {logging_mixin.py:190} INFO - [2024-12-01T08:53:44.810+0000] {dagbag.py:588} INFO - Filling up the DagBag from /home/airflow/.local/lib/python3.12/site-packages/airflow/example_dags/example_display_name.py
[2024-12-01T08:53:44.814+0000] {processor.py:925} INFO - DAG(s) 'example_display_name' retrieved from /home/airflow/.local/lib/python3.12/site-packages/airflow/example_dags/example_display_name.py
[2024-12-01T08:53:44.826+0000] {logging_mixin.py:190} INFO - [2024-12-01T08:53:44.826+0000] {dag.py:3239} INFO - Sync 1 DAGs
[2024-12-01T08:53:44.833+0000] {logging_mixin.py:190} INFO - [2024-12-01T08:53:44.833+0000] {dag.py:4180} INFO - Setting next_dagrun for example_display_name to None, run_after=None
[2024-12-01T08:53:44.843+0000] {processor.py:208} INFO - Processing /home/airflow/.local/lib/python3.12/site-packages/airflow/example_dags/example_display_name.py took 0.038 seconds
[2024-12-01T08:54:16.523+0000] {processor.py:186} INFO - Started process (PID=430) to work on /home/airflow/.local/lib/python3.12/site-packages/airflow/example_dags/example_display_name.py
[2024-12-01T08:54:16.523+0000] {processor.py:914} INFO - Processing file /home/airflow/.local/lib/python3.12/site-packages/airflow/example_dags/example_display_name.py for tasks to queue
[2024-12-01T08:54:16.525+0000] {logging_mixin.py:190} INFO - [2024-12-01T08:54:16.524+0000] {dagbag.py:588} INFO - Filling up the DagBag from /home/airflow/.local/lib/python3.12/site-packages/airflow/example_dags/example_display_name.py
[2024-12-01T08:54:16.529+0000] {processor.py:925} INFO - DAG(s) 'example_display_name' retrieved from /home/airflow/.local/lib/python3.12/site-packages/airflow/example_dags/example_display_name.py
[2024-12-01T08:54:16.541+0000] {logging_mixin.py:190} INFO - [2024-12-01T08:54:16.541+0000] {dag.py:3239} INFO - Sync 1 DAGs
[2024-12-01T08:54:16.553+0000] {logging_mixin.py:190} INFO - [2024-12-01T08:54:16.553+0000] {dag.py:4180} INFO - Setting next_dagrun for example_display_name to None, run_after=None
[2024-12-01T08:54:16.565+0000] {processor.py:208} INFO - Processing /home/airflow/.local/lib/python3.12/site-packages/airflow/example_dags/example_display_name.py took 0.046 seconds
[2024-12-01T08:54:47.707+0000] {processor.py:186} INFO - Started process (PID=493) to work on /home/airflow/.local/lib/python3.12/site-packages/airflow/example_dags/example_display_name.py
[2024-12-01T08:54:47.708+0000] {processor.py:914} INFO - Processing file /home/airflow/.local/lib/python3.12/site-packages/airflow/example_dags/example_display_name.py for tasks to queue
[2024-12-01T08:54:47.709+0000] {logging_mixin.py:190} INFO - [2024-12-01T08:54:47.709+0000] {dagbag.py:588} INFO - Filling up the DagBag from /home/airflow/.local/lib/python3.12/site-packages/airflow/example_dags/example_display_name.py
[2024-12-01T08:54:47.713+0000] {processor.py:925} INFO - DAG(s) 'example_display_name' retrieved from /home/airflow/.local/lib/python3.12/site-packages/airflow/example_dags/example_display_name.py
[2024-12-01T08:54:47.727+0000] {logging_mixin.py:190} INFO - [2024-12-01T08:54:47.727+0000] {dag.py:3239} INFO - Sync 1 DAGs
[2024-12-01T08:54:47.738+0000] {logging_mixin.py:190} INFO - [2024-12-01T08:54:47.738+0000] {dag.py:4180} INFO - Setting next_dagrun for example_display_name to None, run_after=None
[2024-12-01T08:54:47.751+0000] {processor.py:208} INFO - Processing /home/airflow/.local/lib/python3.12/site-packages/airflow/example_dags/example_display_name.py took 0.047 seconds
[2024-12-01T08:55:18.906+0000] {processor.py:186} INFO - Started process (PID=556) to work on /home/airflow/.local/lib/python3.12/site-packages/airflow/example_dags/example_display_name.py
[2024-12-01T08:55:18.907+0000] {processor.py:914} INFO - Processing file /home/airflow/.local/lib/python3.12/site-packages/airflow/example_dags/example_display_name.py for tasks to queue
[2024-12-01T08:55:18.908+0000] {logging_mixin.py:190} INFO - [2024-12-01T08:55:18.908+0000] {dagbag.py:588} INFO - Filling up the DagBag from /home/airflow/.local/lib/python3.12/site-packages/airflow/example_dags/example_display_name.py
[2024-12-01T08:55:18.912+0000] {processor.py:925} INFO - DAG(s) 'example_display_name' retrieved from /home/airflow/.local/lib/python3.12/site-packages/airflow/example_dags/example_display_name.py
[2024-12-01T08:55:18.928+0000] {logging_mixin.py:190} INFO - [2024-12-01T08:55:18.927+0000] {dag.py:3239} INFO - Sync 1 DAGs
[2024-12-01T08:55:18.938+0000] {logging_mixin.py:190} INFO - [2024-12-01T08:55:18.937+0000] {dag.py:4180} INFO - Setting next_dagrun for example_display_name to None, run_after=None
[2024-12-01T08:55:18.952+0000] {processor.py:208} INFO - Processing /home/airflow/.local/lib/python3.12/site-packages/airflow/example_dags/example_display_name.py took 0.049 seconds
[2024-12-01T08:55:50.240+0000] {processor.py:186} INFO - Started process (PID=619) to work on /home/airflow/.local/lib/python3.12/site-packages/airflow/example_dags/example_display_name.py
[2024-12-01T08:55:50.241+0000] {processor.py:914} INFO - Processing file /home/airflow/.local/lib/python3.12/site-packages/airflow/example_dags/example_display_name.py for tasks to queue
[2024-12-01T08:55:50.242+0000] {logging_mixin.py:190} INFO - [2024-12-01T08:55:50.242+0000] {dagbag.py:588} INFO - Filling up the DagBag from /home/airflow/.local/lib/python3.12/site-packages/airflow/example_dags/example_display_name.py
[2024-12-01T08:55:50.247+0000] {processor.py:925} INFO - DAG(s) 'example_display_name' retrieved from /home/airflow/.local/lib/python3.12/site-packages/airflow/example_dags/example_display_name.py
[2024-12-01T08:55:50.259+0000] {logging_mixin.py:190} INFO - [2024-12-01T08:55:50.259+0000] {dag.py:3239} INFO - Sync 1 DAGs
[2024-12-01T08:55:50.269+0000] {logging_mixin.py:190} INFO - [2024-12-01T08:55:50.268+0000] {dag.py:4180} INFO - Setting next_dagrun for example_display_name to None, run_after=None
[2024-12-01T08:55:50.283+0000] {processor.py:208} INFO - Processing /home/airflow/.local/lib/python3.12/site-packages/airflow/example_dags/example_display_name.py took 0.048 seconds
[2024-12-01T08:56:21.076+0000] {processor.py:186} INFO - Started process (PID=682) to work on /home/airflow/.local/lib/python3.12/site-packages/airflow/example_dags/example_display_name.py
[2024-12-01T08:56:21.077+0000] {processor.py:914} INFO - Processing file /home/airflow/.local/lib/python3.12/site-packages/airflow/example_dags/example_display_name.py for tasks to queue
[2024-12-01T08:56:21.078+0000] {logging_mixin.py:190} INFO - [2024-12-01T08:56:21.078+0000] {dagbag.py:588} INFO - Filling up the DagBag from /home/airflow/.local/lib/python3.12/site-packages/airflow/example_dags/example_display_name.py
[2024-12-01T08:56:21.082+0000] {processor.py:925} INFO - DAG(s) 'example_display_name' retrieved from /home/airflow/.local/lib/python3.12/site-packages/airflow/example_dags/example_display_name.py
[2024-12-01T08:56:21.096+0000] {logging_mixin.py:190} INFO - [2024-12-01T08:56:21.096+0000] {dag.py:3239} INFO - Sync 1 DAGs
[2024-12-01T08:56:21.106+0000] {logging_mixin.py:190} INFO - [2024-12-01T08:56:21.105+0000] {dag.py:4180} INFO - Setting next_dagrun for example_display_name to None, run_after=None
[2024-12-01T08:56:21.122+0000] {processor.py:208} INFO - Processing /home/airflow/.local/lib/python3.12/site-packages/airflow/example_dags/example_display_name.py took 0.049 seconds
[2024-12-01T08:56:51.813+0000] {processor.py:186} INFO - Started process (PID=745) to work on /home/airflow/.local/lib/python3.12/site-packages/airflow/example_dags/example_display_name.py
[2024-12-01T08:56:51.814+0000] {processor.py:914} INFO - Processing file /home/airflow/.local/lib/python3.12/site-packages/airflow/example_dags/example_display_name.py for tasks to queue
[2024-12-01T08:56:51.815+0000] {logging_mixin.py:190} INFO - [2024-12-01T08:56:51.815+0000] {dagbag.py:588} INFO - Filling up the DagBag from /home/airflow/.local/lib/python3.12/site-packages/airflow/example_dags/example_display_name.py
[2024-12-01T08:56:51.819+0000] {processor.py:925} INFO - DAG(s) 'example_display_name' retrieved from /home/airflow/.local/lib/python3.12/site-packages/airflow/example_dags/example_display_name.py
[2024-12-01T08:56:51.828+0000] {logging_mixin.py:190} INFO - [2024-12-01T08:56:51.828+0000] {dag.py:3239} INFO - Sync 1 DAGs
[2024-12-01T08:56:51.835+0000] {logging_mixin.py:190} INFO - [2024-12-01T08:56:51.835+0000] {dag.py:4180} INFO - Setting next_dagrun for example_display_name to None, run_after=None
[2024-12-01T08:56:51.846+0000] {processor.py:208} INFO - Processing /home/airflow/.local/lib/python3.12/site-packages/airflow/example_dags/example_display_name.py took 0.037 seconds
[2024-12-01T08:57:22.617+0000] {processor.py:186} INFO - Started process (PID=808) to work on /home/airflow/.local/lib/python3.12/site-packages/airflow/example_dags/example_display_name.py
[2024-12-01T08:57:22.617+0000] {processor.py:914} INFO - Processing file /home/airflow/.local/lib/python3.12/site-packages/airflow/example_dags/example_display_name.py for tasks to queue
[2024-12-01T08:57:22.618+0000] {logging_mixin.py:190} INFO - [2024-12-01T08:57:22.618+0000] {dagbag.py:588} INFO - Filling up the DagBag from /home/airflow/.local/lib/python3.12/site-packages/airflow/example_dags/example_display_name.py
[2024-12-01T08:57:22.622+0000] {processor.py:925} INFO - DAG(s) 'example_display_name' retrieved from /home/airflow/.local/lib/python3.12/site-packages/airflow/example_dags/example_display_name.py
[2024-12-01T08:57:22.634+0000] {logging_mixin.py:190} INFO - [2024-12-01T08:57:22.634+0000] {dag.py:3239} INFO - Sync 1 DAGs
[2024-12-01T08:57:22.642+0000] {logging_mixin.py:190} INFO - [2024-12-01T08:57:22.641+0000] {dag.py:4180} INFO - Setting next_dagrun for example_display_name to None, run_after=None
[2024-12-01T08:57:22.653+0000] {processor.py:208} INFO - Processing /home/airflow/.local/lib/python3.12/site-packages/airflow/example_dags/example_display_name.py took 0.039 seconds
[2024-12-01T08:57:53.400+0000] {processor.py:186} INFO - Started process (PID=871) to work on /home/airflow/.local/lib/python3.12/site-packages/airflow/example_dags/example_display_name.py
[2024-12-01T08:57:53.401+0000] {processor.py:914} INFO - Processing file /home/airflow/.local/lib/python3.12/site-packages/airflow/example_dags/example_display_name.py for tasks to queue
[2024-12-01T08:57:53.402+0000] {logging_mixin.py:190} INFO - [2024-12-01T08:57:53.401+0000] {dagbag.py:588} INFO - Filling up the DagBag from /home/airflow/.local/lib/python3.12/site-packages/airflow/example_dags/example_display_name.py
[2024-12-01T08:57:53.405+0000] {processor.py:925} INFO - DAG(s) 'example_display_name' retrieved from /home/airflow/.local/lib/python3.12/site-packages/airflow/example_dags/example_display_name.py
[2024-12-01T08:57:53.419+0000] {logging_mixin.py:190} INFO - [2024-12-01T08:57:53.419+0000] {dag.py:3239} INFO - Sync 1 DAGs
[2024-12-01T08:57:53.430+0000] {logging_mixin.py:190} INFO - [2024-12-01T08:57:53.429+0000] {dag.py:4180} INFO - Setting next_dagrun for example_display_name to None, run_after=None
[2024-12-01T08:57:53.443+0000] {processor.py:208} INFO - Processing /home/airflow/.local/lib/python3.12/site-packages/airflow/example_dags/example_display_name.py took 0.046 seconds
[2024-12-01T08:58:24.254+0000] {processor.py:186} INFO - Started process (PID=934) to work on /home/airflow/.local/lib/python3.12/site-packages/airflow/example_dags/example_display_name.py
[2024-12-01T08:58:24.255+0000] {processor.py:914} INFO - Processing file /home/airflow/.local/lib/python3.12/site-packages/airflow/example_dags/example_display_name.py for tasks to queue
[2024-12-01T08:58:24.256+0000] {logging_mixin.py:190} INFO - [2024-12-01T08:58:24.256+0000] {dagbag.py:588} INFO - Filling up the DagBag from /home/airflow/.local/lib/python3.12/site-packages/airflow/example_dags/example_display_name.py
[2024-12-01T08:58:24.262+0000] {processor.py:925} INFO - DAG(s) 'example_display_name' retrieved from /home/airflow/.local/lib/python3.12/site-packages/airflow/example_dags/example_display_name.py
[2024-12-01T08:58:24.274+0000] {logging_mixin.py:190} INFO - [2024-12-01T08:58:24.273+0000] {dag.py:3239} INFO - Sync 1 DAGs
[2024-12-01T08:58:24.280+0000] {logging_mixin.py:190} INFO - [2024-12-01T08:58:24.280+0000] {dag.py:4180} INFO - Setting next_dagrun for example_display_name to None, run_after=None
[2024-12-01T08:58:24.290+0000] {processor.py:208} INFO - Processing /home/airflow/.local/lib/python3.12/site-packages/airflow/example_dags/example_display_name.py took 0.039 seconds
[2024-12-01T08:58:55.044+0000] {processor.py:186} INFO - Started process (PID=997) to work on /home/airflow/.local/lib/python3.12/site-packages/airflow/example_dags/example_display_name.py
[2024-12-01T08:58:55.044+0000] {processor.py:914} INFO - Processing file /home/airflow/.local/lib/python3.12/site-packages/airflow/example_dags/example_display_name.py for tasks to queue
[2024-12-01T08:58:55.045+0000] {logging_mixin.py:190} INFO - [2024-12-01T08:58:55.045+0000] {dagbag.py:588} INFO - Filling up the DagBag from /home/airflow/.local/lib/python3.12/site-packages/airflow/example_dags/example_display_name.py
[2024-12-01T08:58:55.049+0000] {processor.py:925} INFO - DAG(s) 'example_display_name' retrieved from /home/airflow/.local/lib/python3.12/site-packages/airflow/example_dags/example_display_name.py
[2024-12-01T08:58:55.063+0000] {logging_mixin.py:190} INFO - [2024-12-01T08:58:55.063+0000] {dag.py:3239} INFO - Sync 1 DAGs
[2024-12-01T08:58:55.073+0000] {logging_mixin.py:190} INFO - [2024-12-01T08:58:55.073+0000] {dag.py:4180} INFO - Setting next_dagrun for example_display_name to None, run_after=None
[2024-12-01T08:58:55.083+0000] {processor.py:208} INFO - Processing /home/airflow/.local/lib/python3.12/site-packages/airflow/example_dags/example_display_name.py took 0.043 seconds
[2024-12-01T08:59:25.894+0000] {processor.py:186} INFO - Started process (PID=1060) to work on /home/airflow/.local/lib/python3.12/site-packages/airflow/example_dags/example_display_name.py
[2024-12-01T08:59:25.894+0000] {processor.py:914} INFO - Processing file /home/airflow/.local/lib/python3.12/site-packages/airflow/example_dags/example_display_name.py for tasks to queue
[2024-12-01T08:59:25.895+0000] {logging_mixin.py:190} INFO - [2024-12-01T08:59:25.895+0000] {dagbag.py:588} INFO - Filling up the DagBag from /home/airflow/.local/lib/python3.12/site-packages/airflow/example_dags/example_display_name.py
[2024-12-01T08:59:25.899+0000] {processor.py:925} INFO - DAG(s) 'example_display_name' retrieved from /home/airflow/.local/lib/python3.12/site-packages/airflow/example_dags/example_display_name.py
[2024-12-01T08:59:25.912+0000] {logging_mixin.py:190} INFO - [2024-12-01T08:59:25.912+0000] {dag.py:3239} INFO - Sync 1 DAGs
[2024-12-01T08:59:25.923+0000] {logging_mixin.py:190} INFO - [2024-12-01T08:59:25.923+0000] {dag.py:4180} INFO - Setting next_dagrun for example_display_name to None, run_after=None
[2024-12-01T08:59:25.934+0000] {processor.py:208} INFO - Processing /home/airflow/.local/lib/python3.12/site-packages/airflow/example_dags/example_display_name.py took 0.044 seconds
[2024-12-01T08:59:56.729+0000] {processor.py:186} INFO - Started process (PID=1123) to work on /home/airflow/.local/lib/python3.12/site-packages/airflow/example_dags/example_display_name.py
[2024-12-01T08:59:56.729+0000] {processor.py:914} INFO - Processing file /home/airflow/.local/lib/python3.12/site-packages/airflow/example_dags/example_display_name.py for tasks to queue
[2024-12-01T08:59:56.731+0000] {logging_mixin.py:190} INFO - [2024-12-01T08:59:56.731+0000] {dagbag.py:588} INFO - Filling up the DagBag from /home/airflow/.local/lib/python3.12/site-packages/airflow/example_dags/example_display_name.py
[2024-12-01T08:59:56.735+0000] {processor.py:925} INFO - DAG(s) 'example_display_name' retrieved from /home/airflow/.local/lib/python3.12/site-packages/airflow/example_dags/example_display_name.py
[2024-12-01T08:59:56.748+0000] {logging_mixin.py:190} INFO - [2024-12-01T08:59:56.748+0000] {dag.py:3239} INFO - Sync 1 DAGs
[2024-12-01T08:59:56.759+0000] {logging_mixin.py:190} INFO - [2024-12-01T08:59:56.759+0000] {dag.py:4180} INFO - Setting next_dagrun for example_display_name to None, run_after=None
[2024-12-01T08:59:56.772+0000] {processor.py:208} INFO - Processing /home/airflow/.local/lib/python3.12/site-packages/airflow/example_dags/example_display_name.py took 0.048 seconds
[2024-12-01T09:00:27.506+0000] {processor.py:186} INFO - Started process (PID=1186) to work on /home/airflow/.local/lib/python3.12/site-packages/airflow/example_dags/example_display_name.py
[2024-12-01T09:00:27.506+0000] {processor.py:914} INFO - Processing file /home/airflow/.local/lib/python3.12/site-packages/airflow/example_dags/example_display_name.py for tasks to queue
[2024-12-01T09:00:27.508+0000] {logging_mixin.py:190} INFO - [2024-12-01T09:00:27.508+0000] {dagbag.py:588} INFO - Filling up the DagBag from /home/airflow/.local/lib/python3.12/site-packages/airflow/example_dags/example_display_name.py
[2024-12-01T09:00:27.514+0000] {processor.py:925} INFO - DAG(s) 'example_display_name' retrieved from /home/airflow/.local/lib/python3.12/site-packages/airflow/example_dags/example_display_name.py
[2024-12-01T09:00:27.528+0000] {logging_mixin.py:190} INFO - [2024-12-01T09:00:27.528+0000] {dag.py:3239} INFO - Sync 1 DAGs
[2024-12-01T09:00:27.539+0000] {logging_mixin.py:190} INFO - [2024-12-01T09:00:27.539+0000] {dag.py:4180} INFO - Setting next_dagrun for example_display_name to None, run_after=None
[2024-12-01T09:00:27.550+0000] {processor.py:208} INFO - Processing /home/airflow/.local/lib/python3.12/site-packages/airflow/example_dags/example_display_name.py took 0.048 seconds
[2024-12-01T09:00:58.548+0000] {processor.py:186} INFO - Started process (PID=1249) to work on /home/airflow/.local/lib/python3.12/site-packages/airflow/example_dags/example_display_name.py
[2024-12-01T09:00:58.549+0000] {processor.py:914} INFO - Processing file /home/airflow/.local/lib/python3.12/site-packages/airflow/example_dags/example_display_name.py for tasks to queue
[2024-12-01T09:00:58.550+0000] {logging_mixin.py:190} INFO - [2024-12-01T09:00:58.550+0000] {dagbag.py:588} INFO - Filling up the DagBag from /home/airflow/.local/lib/python3.12/site-packages/airflow/example_dags/example_display_name.py
[2024-12-01T09:00:58.555+0000] {processor.py:925} INFO - DAG(s) 'example_display_name' retrieved from /home/airflow/.local/lib/python3.12/site-packages/airflow/example_dags/example_display_name.py
[2024-12-01T09:00:58.571+0000] {logging_mixin.py:190} INFO - [2024-12-01T09:00:58.571+0000] {dag.py:3239} INFO - Sync 1 DAGs
[2024-12-01T09:00:58.585+0000] {logging_mixin.py:190} INFO - [2024-12-01T09:00:58.585+0000] {dag.py:4180} INFO - Setting next_dagrun for example_display_name to None, run_after=None
[2024-12-01T09:00:58.597+0000] {processor.py:208} INFO - Processing /home/airflow/.local/lib/python3.12/site-packages/airflow/example_dags/example_display_name.py took 0.053 seconds
[2024-12-01T09:01:28.964+0000] {processor.py:186} INFO - Started process (PID=1312) to work on /home/airflow/.local/lib/python3.12/site-packages/airflow/example_dags/example_display_name.py
[2024-12-01T09:01:28.964+0000] {processor.py:914} INFO - Processing file /home/airflow/.local/lib/python3.12/site-packages/airflow/example_dags/example_display_name.py for tasks to queue
[2024-12-01T09:01:28.966+0000] {logging_mixin.py:190} INFO - [2024-12-01T09:01:28.965+0000] {dagbag.py:588} INFO - Filling up the DagBag from /home/airflow/.local/lib/python3.12/site-packages/airflow/example_dags/example_display_name.py
[2024-12-01T09:01:28.969+0000] {processor.py:925} INFO - DAG(s) 'example_display_name' retrieved from /home/airflow/.local/lib/python3.12/site-packages/airflow/example_dags/example_display_name.py
[2024-12-01T09:01:28.982+0000] {logging_mixin.py:190} INFO - [2024-12-01T09:01:28.982+0000] {dag.py:3239} INFO - Sync 1 DAGs
[2024-12-01T09:01:28.993+0000] {logging_mixin.py:190} INFO - [2024-12-01T09:01:28.992+0000] {dag.py:4180} INFO - Setting next_dagrun for example_display_name to None, run_after=None
[2024-12-01T09:01:29.004+0000] {processor.py:208} INFO - Processing /home/airflow/.local/lib/python3.12/site-packages/airflow/example_dags/example_display_name.py took 0.045 seconds
[2024-12-01T09:02:00.189+0000] {processor.py:186} INFO - Started process (PID=1376) to work on /home/airflow/.local/lib/python3.12/site-packages/airflow/example_dags/example_display_name.py
[2024-12-01T09:02:00.190+0000] {processor.py:914} INFO - Processing file /home/airflow/.local/lib/python3.12/site-packages/airflow/example_dags/example_display_name.py for tasks to queue
[2024-12-01T09:02:00.191+0000] {logging_mixin.py:190} INFO - [2024-12-01T09:02:00.191+0000] {dagbag.py:588} INFO - Filling up the DagBag from /home/airflow/.local/lib/python3.12/site-packages/airflow/example_dags/example_display_name.py
[2024-12-01T09:02:00.195+0000] {processor.py:925} INFO - DAG(s) 'example_display_name' retrieved from /home/airflow/.local/lib/python3.12/site-packages/airflow/example_dags/example_display_name.py
[2024-12-01T09:02:00.207+0000] {logging_mixin.py:190} INFO - [2024-12-01T09:02:00.207+0000] {dag.py:3239} INFO - Sync 1 DAGs
[2024-12-01T09:02:00.215+0000] {logging_mixin.py:190} INFO - [2024-12-01T09:02:00.215+0000] {dag.py:4180} INFO - Setting next_dagrun for example_display_name to None, run_after=None
[2024-12-01T09:02:00.226+0000] {processor.py:208} INFO - Processing /home/airflow/.local/lib/python3.12/site-packages/airflow/example_dags/example_display_name.py took 0.041 seconds
[2024-12-01T09:02:31.039+0000] {processor.py:186} INFO - Started process (PID=1439) to work on /home/airflow/.local/lib/python3.12/site-packages/airflow/example_dags/example_display_name.py
[2024-12-01T09:02:31.040+0000] {processor.py:914} INFO - Processing file /home/airflow/.local/lib/python3.12/site-packages/airflow/example_dags/example_display_name.py for tasks to queue
[2024-12-01T09:02:31.041+0000] {logging_mixin.py:190} INFO - [2024-12-01T09:02:31.041+0000] {dagbag.py:588} INFO - Filling up the DagBag from /home/airflow/.local/lib/python3.12/site-packages/airflow/example_dags/example_display_name.py
[2024-12-01T09:02:31.046+0000] {processor.py:925} INFO - DAG(s) 'example_display_name' retrieved from /home/airflow/.local/lib/python3.12/site-packages/airflow/example_dags/example_display_name.py
[2024-12-01T09:02:31.064+0000] {logging_mixin.py:190} INFO - [2024-12-01T09:02:31.063+0000] {dag.py:3239} INFO - Sync 1 DAGs
[2024-12-01T09:02:31.076+0000] {logging_mixin.py:190} INFO - [2024-12-01T09:02:31.076+0000] {dag.py:4180} INFO - Setting next_dagrun for example_display_name to None, run_after=None
[2024-12-01T09:02:31.091+0000] {processor.py:208} INFO - Processing /home/airflow/.local/lib/python3.12/site-packages/airflow/example_dags/example_display_name.py took 0.056 seconds
[2024-12-01T09:03:01.560+0000] {processor.py:186} INFO - Started process (PID=1502) to work on /home/airflow/.local/lib/python3.12/site-packages/airflow/example_dags/example_display_name.py
[2024-12-01T09:03:01.561+0000] {processor.py:914} INFO - Processing file /home/airflow/.local/lib/python3.12/site-packages/airflow/example_dags/example_display_name.py for tasks to queue
[2024-12-01T09:03:01.562+0000] {logging_mixin.py:190} INFO - [2024-12-01T09:03:01.562+0000] {dagbag.py:588} INFO - Filling up the DagBag from /home/airflow/.local/lib/python3.12/site-packages/airflow/example_dags/example_display_name.py
[2024-12-01T09:03:01.566+0000] {processor.py:925} INFO - DAG(s) 'example_display_name' retrieved from /home/airflow/.local/lib/python3.12/site-packages/airflow/example_dags/example_display_name.py
[2024-12-01T09:03:01.581+0000] {logging_mixin.py:190} INFO - [2024-12-01T09:03:01.581+0000] {dag.py:3239} INFO - Sync 1 DAGs
[2024-12-01T09:03:01.592+0000] {logging_mixin.py:190} INFO - [2024-12-01T09:03:01.592+0000] {dag.py:4180} INFO - Setting next_dagrun for example_display_name to None, run_after=None
[2024-12-01T09:03:01.604+0000] {processor.py:208} INFO - Processing /home/airflow/.local/lib/python3.12/site-packages/airflow/example_dags/example_display_name.py took 0.048 seconds
[2024-12-01T09:03:32.180+0000] {processor.py:186} INFO - Started process (PID=1565) to work on /home/airflow/.local/lib/python3.12/site-packages/airflow/example_dags/example_display_name.py
[2024-12-01T09:03:32.180+0000] {processor.py:914} INFO - Processing file /home/airflow/.local/lib/python3.12/site-packages/airflow/example_dags/example_display_name.py for tasks to queue
[2024-12-01T09:03:32.182+0000] {logging_mixin.py:190} INFO - [2024-12-01T09:03:32.181+0000] {dagbag.py:588} INFO - Filling up the DagBag from /home/airflow/.local/lib/python3.12/site-packages/airflow/example_dags/example_display_name.py
[2024-12-01T09:03:32.186+0000] {processor.py:925} INFO - DAG(s) 'example_display_name' retrieved from /home/airflow/.local/lib/python3.12/site-packages/airflow/example_dags/example_display_name.py
[2024-12-01T09:03:32.198+0000] {logging_mixin.py:190} INFO - [2024-12-01T09:03:32.198+0000] {dag.py:3239} INFO - Sync 1 DAGs
[2024-12-01T09:03:32.206+0000] {logging_mixin.py:190} INFO - [2024-12-01T09:03:32.206+0000] {dag.py:4180} INFO - Setting next_dagrun for example_display_name to None, run_after=None
[2024-12-01T09:03:32.220+0000] {processor.py:208} INFO - Processing /home/airflow/.local/lib/python3.12/site-packages/airflow/example_dags/example_display_name.py took 0.045 seconds
[2024-12-01T09:04:03.186+0000] {processor.py:186} INFO - Started process (PID=1628) to work on /home/airflow/.local/lib/python3.12/site-packages/airflow/example_dags/example_display_name.py
[2024-12-01T09:04:03.187+0000] {processor.py:914} INFO - Processing file /home/airflow/.local/lib/python3.12/site-packages/airflow/example_dags/example_display_name.py for tasks to queue
[2024-12-01T09:04:03.188+0000] {logging_mixin.py:190} INFO - [2024-12-01T09:04:03.188+0000] {dagbag.py:588} INFO - Filling up the DagBag from /home/airflow/.local/lib/python3.12/site-packages/airflow/example_dags/example_display_name.py
[2024-12-01T09:04:03.193+0000] {processor.py:925} INFO - DAG(s) 'example_display_name' retrieved from /home/airflow/.local/lib/python3.12/site-packages/airflow/example_dags/example_display_name.py
[2024-12-01T09:04:03.206+0000] {logging_mixin.py:190} INFO - [2024-12-01T09:04:03.206+0000] {dag.py:3239} INFO - Sync 1 DAGs
[2024-12-01T09:04:03.214+0000] {logging_mixin.py:190} INFO - [2024-12-01T09:04:03.214+0000] {dag.py:4180} INFO - Setting next_dagrun for example_display_name to None, run_after=None
[2024-12-01T09:04:03.226+0000] {processor.py:208} INFO - Processing /home/airflow/.local/lib/python3.12/site-packages/airflow/example_dags/example_display_name.py took 0.044 seconds
[2024-12-01T09:04:33.785+0000] {processor.py:186} INFO - Started process (PID=1691) to work on /home/airflow/.local/lib/python3.12/site-packages/airflow/example_dags/example_display_name.py
[2024-12-01T09:04:33.786+0000] {processor.py:914} INFO - Processing file /home/airflow/.local/lib/python3.12/site-packages/airflow/example_dags/example_display_name.py for tasks to queue
[2024-12-01T09:04:33.787+0000] {logging_mixin.py:190} INFO - [2024-12-01T09:04:33.787+0000] {dagbag.py:588} INFO - Filling up the DagBag from /home/airflow/.local/lib/python3.12/site-packages/airflow/example_dags/example_display_name.py
[2024-12-01T09:04:33.790+0000] {processor.py:925} INFO - DAG(s) 'example_display_name' retrieved from /home/airflow/.local/lib/python3.12/site-packages/airflow/example_dags/example_display_name.py
[2024-12-01T09:04:33.806+0000] {logging_mixin.py:190} INFO - [2024-12-01T09:04:33.806+0000] {dag.py:3239} INFO - Sync 1 DAGs
[2024-12-01T09:04:33.816+0000] {logging_mixin.py:190} INFO - [2024-12-01T09:04:33.815+0000] {dag.py:4180} INFO - Setting next_dagrun for example_display_name to None, run_after=None
[2024-12-01T09:04:33.832+0000] {processor.py:208} INFO - Processing /home/airflow/.local/lib/python3.12/site-packages/airflow/example_dags/example_display_name.py took 0.050 seconds
[2024-12-01T09:05:04.408+0000] {processor.py:186} INFO - Started process (PID=1754) to work on /home/airflow/.local/lib/python3.12/site-packages/airflow/example_dags/example_display_name.py
[2024-12-01T09:05:04.408+0000] {processor.py:914} INFO - Processing file /home/airflow/.local/lib/python3.12/site-packages/airflow/example_dags/example_display_name.py for tasks to queue
[2024-12-01T09:05:04.409+0000] {logging_mixin.py:190} INFO - [2024-12-01T09:05:04.409+0000] {dagbag.py:588} INFO - Filling up the DagBag from /home/airflow/.local/lib/python3.12/site-packages/airflow/example_dags/example_display_name.py
[2024-12-01T09:05:04.414+0000] {processor.py:925} INFO - DAG(s) 'example_display_name' retrieved from /home/airflow/.local/lib/python3.12/site-packages/airflow/example_dags/example_display_name.py
[2024-12-01T09:05:04.429+0000] {logging_mixin.py:190} INFO - [2024-12-01T09:05:04.429+0000] {dag.py:3239} INFO - Sync 1 DAGs
[2024-12-01T09:05:04.440+0000] {logging_mixin.py:190} INFO - [2024-12-01T09:05:04.440+0000] {dag.py:4180} INFO - Setting next_dagrun for example_display_name to None, run_after=None
[2024-12-01T09:05:04.454+0000] {processor.py:208} INFO - Processing /home/airflow/.local/lib/python3.12/site-packages/airflow/example_dags/example_display_name.py took 0.050 seconds
[2024-12-01T09:05:35.571+0000] {processor.py:186} INFO - Started process (PID=1817) to work on /home/airflow/.local/lib/python3.12/site-packages/airflow/example_dags/example_display_name.py
[2024-12-01T09:05:35.572+0000] {processor.py:914} INFO - Processing file /home/airflow/.local/lib/python3.12/site-packages/airflow/example_dags/example_display_name.py for tasks to queue
[2024-12-01T09:05:35.573+0000] {logging_mixin.py:190} INFO - [2024-12-01T09:05:35.573+0000] {dagbag.py:588} INFO - Filling up the DagBag from /home/airflow/.local/lib/python3.12/site-packages/airflow/example_dags/example_display_name.py
[2024-12-01T09:05:35.577+0000] {processor.py:925} INFO - DAG(s) 'example_display_name' retrieved from /home/airflow/.local/lib/python3.12/site-packages/airflow/example_dags/example_display_name.py
[2024-12-01T09:05:35.588+0000] {logging_mixin.py:190} INFO - [2024-12-01T09:05:35.588+0000] {dag.py:3239} INFO - Sync 1 DAGs
[2024-12-01T09:05:35.595+0000] {logging_mixin.py:190} INFO - [2024-12-01T09:05:35.595+0000] {dag.py:4180} INFO - Setting next_dagrun for example_display_name to None, run_after=None
[2024-12-01T09:05:35.605+0000] {processor.py:208} INFO - Processing /home/airflow/.local/lib/python3.12/site-packages/airflow/example_dags/example_display_name.py took 0.036 seconds
[2024-12-01T09:06:06.488+0000] {processor.py:186} INFO - Started process (PID=1880) to work on /home/airflow/.local/lib/python3.12/site-packages/airflow/example_dags/example_display_name.py
[2024-12-01T09:06:06.489+0000] {processor.py:914} INFO - Processing file /home/airflow/.local/lib/python3.12/site-packages/airflow/example_dags/example_display_name.py for tasks to queue
[2024-12-01T09:06:06.490+0000] {logging_mixin.py:190} INFO - [2024-12-01T09:06:06.490+0000] {dagbag.py:588} INFO - Filling up the DagBag from /home/airflow/.local/lib/python3.12/site-packages/airflow/example_dags/example_display_name.py
[2024-12-01T09:06:06.494+0000] {processor.py:925} INFO - DAG(s) 'example_display_name' retrieved from /home/airflow/.local/lib/python3.12/site-packages/airflow/example_dags/example_display_name.py
[2024-12-01T09:06:06.507+0000] {logging_mixin.py:190} INFO - [2024-12-01T09:06:06.507+0000] {dag.py:3239} INFO - Sync 1 DAGs
[2024-12-01T09:06:06.519+0000] {logging_mixin.py:190} INFO - [2024-12-01T09:06:06.519+0000] {dag.py:4180} INFO - Setting next_dagrun for example_display_name to None, run_after=None
[2024-12-01T09:06:06.531+0000] {processor.py:208} INFO - Processing /home/airflow/.local/lib/python3.12/site-packages/airflow/example_dags/example_display_name.py took 0.048 seconds
[2024-12-01T09:06:36.858+0000] {processor.py:186} INFO - Started process (PID=1943) to work on /home/airflow/.local/lib/python3.12/site-packages/airflow/example_dags/example_display_name.py
[2024-12-01T09:06:36.859+0000] {processor.py:914} INFO - Processing file /home/airflow/.local/lib/python3.12/site-packages/airflow/example_dags/example_display_name.py for tasks to queue
[2024-12-01T09:06:36.861+0000] {logging_mixin.py:190} INFO - [2024-12-01T09:06:36.860+0000] {dagbag.py:588} INFO - Filling up the DagBag from /home/airflow/.local/lib/python3.12/site-packages/airflow/example_dags/example_display_name.py
[2024-12-01T09:06:36.866+0000] {processor.py:925} INFO - DAG(s) 'example_display_name' retrieved from /home/airflow/.local/lib/python3.12/site-packages/airflow/example_dags/example_display_name.py
[2024-12-01T09:06:36.879+0000] {logging_mixin.py:190} INFO - [2024-12-01T09:06:36.879+0000] {dag.py:3239} INFO - Sync 1 DAGs
[2024-12-01T09:06:36.891+0000] {logging_mixin.py:190} INFO - [2024-12-01T09:06:36.890+0000] {dag.py:4180} INFO - Setting next_dagrun for example_display_name to None, run_after=None
[2024-12-01T09:06:36.904+0000] {processor.py:208} INFO - Processing /home/airflow/.local/lib/python3.12/site-packages/airflow/example_dags/example_display_name.py took 0.050 seconds
[2024-12-01T09:07:07.362+0000] {processor.py:186} INFO - Started process (PID=2006) to work on /home/airflow/.local/lib/python3.12/site-packages/airflow/example_dags/example_display_name.py
[2024-12-01T09:07:07.362+0000] {processor.py:914} INFO - Processing file /home/airflow/.local/lib/python3.12/site-packages/airflow/example_dags/example_display_name.py for tasks to queue
[2024-12-01T09:07:07.364+0000] {logging_mixin.py:190} INFO - [2024-12-01T09:07:07.364+0000] {dagbag.py:588} INFO - Filling up the DagBag from /home/airflow/.local/lib/python3.12/site-packages/airflow/example_dags/example_display_name.py
[2024-12-01T09:07:07.369+0000] {processor.py:925} INFO - DAG(s) 'example_display_name' retrieved from /home/airflow/.local/lib/python3.12/site-packages/airflow/example_dags/example_display_name.py
[2024-12-01T09:07:07.383+0000] {logging_mixin.py:190} INFO - [2024-12-01T09:07:07.383+0000] {dag.py:3239} INFO - Sync 1 DAGs
[2024-12-01T09:07:07.393+0000] {logging_mixin.py:190} INFO - [2024-12-01T09:07:07.393+0000] {dag.py:4180} INFO - Setting next_dagrun for example_display_name to None, run_after=None
[2024-12-01T09:07:07.407+0000] {processor.py:208} INFO - Processing /home/airflow/.local/lib/python3.12/site-packages/airflow/example_dags/example_display_name.py took 0.050 seconds
[2024-12-01T09:07:37.821+0000] {processor.py:186} INFO - Started process (PID=2069) to work on /home/airflow/.local/lib/python3.12/site-packages/airflow/example_dags/example_display_name.py
[2024-12-01T09:07:37.822+0000] {processor.py:914} INFO - Processing file /home/airflow/.local/lib/python3.12/site-packages/airflow/example_dags/example_display_name.py for tasks to queue
[2024-12-01T09:07:37.823+0000] {logging_mixin.py:190} INFO - [2024-12-01T09:07:37.823+0000] {dagbag.py:588} INFO - Filling up the DagBag from /home/airflow/.local/lib/python3.12/site-packages/airflow/example_dags/example_display_name.py
[2024-12-01T09:07:37.827+0000] {processor.py:925} INFO - DAG(s) 'example_display_name' retrieved from /home/airflow/.local/lib/python3.12/site-packages/airflow/example_dags/example_display_name.py
[2024-12-01T09:07:37.840+0000] {logging_mixin.py:190} INFO - [2024-12-01T09:07:37.840+0000] {dag.py:3239} INFO - Sync 1 DAGs
[2024-12-01T09:07:37.848+0000] {logging_mixin.py:190} INFO - [2024-12-01T09:07:37.848+0000] {dag.py:4180} INFO - Setting next_dagrun for example_display_name to None, run_after=None
[2024-12-01T09:07:37.857+0000] {processor.py:208} INFO - Processing /home/airflow/.local/lib/python3.12/site-packages/airflow/example_dags/example_display_name.py took 0.040 seconds
[2024-12-01T09:08:08.530+0000] {processor.py:186} INFO - Started process (PID=2132) to work on /home/airflow/.local/lib/python3.12/site-packages/airflow/example_dags/example_display_name.py
[2024-12-01T09:08:08.531+0000] {processor.py:914} INFO - Processing file /home/airflow/.local/lib/python3.12/site-packages/airflow/example_dags/example_display_name.py for tasks to queue
[2024-12-01T09:08:08.532+0000] {logging_mixin.py:190} INFO - [2024-12-01T09:08:08.532+0000] {dagbag.py:588} INFO - Filling up the DagBag from /home/airflow/.local/lib/python3.12/site-packages/airflow/example_dags/example_display_name.py
[2024-12-01T09:08:08.538+0000] {processor.py:925} INFO - DAG(s) 'example_display_name' retrieved from /home/airflow/.local/lib/python3.12/site-packages/airflow/example_dags/example_display_name.py
[2024-12-01T09:08:08.549+0000] {logging_mixin.py:190} INFO - [2024-12-01T09:08:08.549+0000] {dag.py:3239} INFO - Sync 1 DAGs
[2024-12-01T09:08:08.556+0000] {logging_mixin.py:190} INFO - [2024-12-01T09:08:08.556+0000] {dag.py:4180} INFO - Setting next_dagrun for example_display_name to None, run_after=None
[2024-12-01T09:08:08.567+0000] {processor.py:208} INFO - Processing /home/airflow/.local/lib/python3.12/site-packages/airflow/example_dags/example_display_name.py took 0.041 seconds
[2024-12-01T09:08:39.437+0000] {processor.py:186} INFO - Started process (PID=2195) to work on /home/airflow/.local/lib/python3.12/site-packages/airflow/example_dags/example_display_name.py
[2024-12-01T09:08:39.437+0000] {processor.py:914} INFO - Processing file /home/airflow/.local/lib/python3.12/site-packages/airflow/example_dags/example_display_name.py for tasks to queue
[2024-12-01T09:08:39.438+0000] {logging_mixin.py:190} INFO - [2024-12-01T09:08:39.438+0000] {dagbag.py:588} INFO - Filling up the DagBag from /home/airflow/.local/lib/python3.12/site-packages/airflow/example_dags/example_display_name.py
[2024-12-01T09:08:39.442+0000] {processor.py:925} INFO - DAG(s) 'example_display_name' retrieved from /home/airflow/.local/lib/python3.12/site-packages/airflow/example_dags/example_display_name.py
[2024-12-01T09:08:39.453+0000] {logging_mixin.py:190} INFO - [2024-12-01T09:08:39.453+0000] {dag.py:3239} INFO - Sync 1 DAGs
[2024-12-01T09:08:39.460+0000] {logging_mixin.py:190} INFO - [2024-12-01T09:08:39.460+0000] {dag.py:4180} INFO - Setting next_dagrun for example_display_name to None, run_after=None
[2024-12-01T09:08:39.470+0000] {processor.py:208} INFO - Processing /home/airflow/.local/lib/python3.12/site-packages/airflow/example_dags/example_display_name.py took 0.037 seconds
[2024-12-01T09:09:09.852+0000] {processor.py:186} INFO - Started process (PID=2258) to work on /home/airflow/.local/lib/python3.12/site-packages/airflow/example_dags/example_display_name.py
[2024-12-01T09:09:09.853+0000] {processor.py:914} INFO - Processing file /home/airflow/.local/lib/python3.12/site-packages/airflow/example_dags/example_display_name.py for tasks to queue
[2024-12-01T09:09:09.854+0000] {logging_mixin.py:190} INFO - [2024-12-01T09:09:09.854+0000] {dagbag.py:588} INFO - Filling up the DagBag from /home/airflow/.local/lib/python3.12/site-packages/airflow/example_dags/example_display_name.py
[2024-12-01T09:09:09.858+0000] {processor.py:925} INFO - DAG(s) 'example_display_name' retrieved from /home/airflow/.local/lib/python3.12/site-packages/airflow/example_dags/example_display_name.py
[2024-12-01T09:09:09.870+0000] {logging_mixin.py:190} INFO - [2024-12-01T09:09:09.870+0000] {dag.py:3239} INFO - Sync 1 DAGs
[2024-12-01T09:09:09.878+0000] {logging_mixin.py:190} INFO - [2024-12-01T09:09:09.878+0000] {dag.py:4180} INFO - Setting next_dagrun for example_display_name to None, run_after=None
[2024-12-01T09:09:09.887+0000] {processor.py:208} INFO - Processing /home/airflow/.local/lib/python3.12/site-packages/airflow/example_dags/example_display_name.py took 0.038 seconds
[2024-12-01T09:09:40.860+0000] {processor.py:186} INFO - Started process (PID=2320) to work on /home/airflow/.local/lib/python3.12/site-packages/airflow/example_dags/example_display_name.py
[2024-12-01T09:09:40.860+0000] {processor.py:914} INFO - Processing file /home/airflow/.local/lib/python3.12/site-packages/airflow/example_dags/example_display_name.py for tasks to queue
[2024-12-01T09:09:40.861+0000] {logging_mixin.py:190} INFO - [2024-12-01T09:09:40.861+0000] {dagbag.py:588} INFO - Filling up the DagBag from /home/airflow/.local/lib/python3.12/site-packages/airflow/example_dags/example_display_name.py
[2024-12-01T09:09:40.865+0000] {processor.py:925} INFO - DAG(s) 'example_display_name' retrieved from /home/airflow/.local/lib/python3.12/site-packages/airflow/example_dags/example_display_name.py
[2024-12-01T09:09:40.880+0000] {logging_mixin.py:190} INFO - [2024-12-01T09:09:40.880+0000] {dag.py:3239} INFO - Sync 1 DAGs
[2024-12-01T09:09:40.889+0000] {logging_mixin.py:190} INFO - [2024-12-01T09:09:40.888+0000] {dag.py:4180} INFO - Setting next_dagrun for example_display_name to None, run_after=None
[2024-12-01T09:09:40.903+0000] {processor.py:208} INFO - Processing /home/airflow/.local/lib/python3.12/site-packages/airflow/example_dags/example_display_name.py took 0.047 seconds
[2024-12-01T09:10:11.600+0000] {processor.py:186} INFO - Started process (PID=2383) to work on /home/airflow/.local/lib/python3.12/site-packages/airflow/example_dags/example_display_name.py
[2024-12-01T09:10:11.601+0000] {processor.py:914} INFO - Processing file /home/airflow/.local/lib/python3.12/site-packages/airflow/example_dags/example_display_name.py for tasks to queue
[2024-12-01T09:10:11.602+0000] {logging_mixin.py:190} INFO - [2024-12-01T09:10:11.602+0000] {dagbag.py:588} INFO - Filling up the DagBag from /home/airflow/.local/lib/python3.12/site-packages/airflow/example_dags/example_display_name.py
[2024-12-01T09:10:11.607+0000] {processor.py:925} INFO - DAG(s) 'example_display_name' retrieved from /home/airflow/.local/lib/python3.12/site-packages/airflow/example_dags/example_display_name.py
[2024-12-01T09:10:11.623+0000] {logging_mixin.py:190} INFO - [2024-12-01T09:10:11.623+0000] {dag.py:3239} INFO - Sync 1 DAGs
[2024-12-01T09:10:11.632+0000] {logging_mixin.py:190} INFO - [2024-12-01T09:10:11.631+0000] {dag.py:4180} INFO - Setting next_dagrun for example_display_name to None, run_after=None
[2024-12-01T09:10:11.643+0000] {processor.py:208} INFO - Processing /home/airflow/.local/lib/python3.12/site-packages/airflow/example_dags/example_display_name.py took 0.046 seconds
[2024-12-01T09:10:42.825+0000] {processor.py:186} INFO - Started process (PID=2446) to work on /home/airflow/.local/lib/python3.12/site-packages/airflow/example_dags/example_display_name.py
[2024-12-01T09:10:42.826+0000] {processor.py:914} INFO - Processing file /home/airflow/.local/lib/python3.12/site-packages/airflow/example_dags/example_display_name.py for tasks to queue
[2024-12-01T09:10:42.827+0000] {logging_mixin.py:190} INFO - [2024-12-01T09:10:42.827+0000] {dagbag.py:588} INFO - Filling up the DagBag from /home/airflow/.local/lib/python3.12/site-packages/airflow/example_dags/example_display_name.py
[2024-12-01T09:10:42.834+0000] {processor.py:925} INFO - DAG(s) 'example_display_name' retrieved from /home/airflow/.local/lib/python3.12/site-packages/airflow/example_dags/example_display_name.py
[2024-12-01T09:10:42.849+0000] {logging_mixin.py:190} INFO - [2024-12-01T09:10:42.848+0000] {dag.py:3239} INFO - Sync 1 DAGs
[2024-12-01T09:10:42.861+0000] {logging_mixin.py:190} INFO - [2024-12-01T09:10:42.860+0000] {dag.py:4180} INFO - Setting next_dagrun for example_display_name to None, run_after=None
[2024-12-01T09:10:42.873+0000] {processor.py:208} INFO - Processing /home/airflow/.local/lib/python3.12/site-packages/airflow/example_dags/example_display_name.py took 0.052 seconds
[2024-12-01T09:11:14.218+0000] {processor.py:186} INFO - Started process (PID=2515) to work on /home/airflow/.local/lib/python3.12/site-packages/airflow/example_dags/example_display_name.py
[2024-12-01T09:11:14.218+0000] {processor.py:914} INFO - Processing file /home/airflow/.local/lib/python3.12/site-packages/airflow/example_dags/example_display_name.py for tasks to queue
[2024-12-01T09:11:14.219+0000] {logging_mixin.py:190} INFO - [2024-12-01T09:11:14.219+0000] {dagbag.py:588} INFO - Filling up the DagBag from /home/airflow/.local/lib/python3.12/site-packages/airflow/example_dags/example_display_name.py
[2024-12-01T09:11:14.224+0000] {processor.py:925} INFO - DAG(s) 'example_display_name' retrieved from /home/airflow/.local/lib/python3.12/site-packages/airflow/example_dags/example_display_name.py
[2024-12-01T09:11:14.239+0000] {logging_mixin.py:190} INFO - [2024-12-01T09:11:14.239+0000] {dag.py:3239} INFO - Sync 1 DAGs
[2024-12-01T09:11:14.248+0000] {logging_mixin.py:190} INFO - [2024-12-01T09:11:14.248+0000] {dag.py:4180} INFO - Setting next_dagrun for example_display_name to None, run_after=None
[2024-12-01T09:11:14.260+0000] {processor.py:208} INFO - Processing /home/airflow/.local/lib/python3.12/site-packages/airflow/example_dags/example_display_name.py took 0.046 seconds
[2024-12-01T09:11:44.491+0000] {processor.py:186} INFO - Started process (PID=2578) to work on /home/airflow/.local/lib/python3.12/site-packages/airflow/example_dags/example_display_name.py
[2024-12-01T09:11:44.491+0000] {processor.py:914} INFO - Processing file /home/airflow/.local/lib/python3.12/site-packages/airflow/example_dags/example_display_name.py for tasks to queue
[2024-12-01T09:11:44.493+0000] {logging_mixin.py:190} INFO - [2024-12-01T09:11:44.493+0000] {dagbag.py:588} INFO - Filling up the DagBag from /home/airflow/.local/lib/python3.12/site-packages/airflow/example_dags/example_display_name.py
[2024-12-01T09:11:44.500+0000] {processor.py:925} INFO - DAG(s) 'example_display_name' retrieved from /home/airflow/.local/lib/python3.12/site-packages/airflow/example_dags/example_display_name.py
[2024-12-01T09:11:44.514+0000] {logging_mixin.py:190} INFO - [2024-12-01T09:11:44.514+0000] {dag.py:3239} INFO - Sync 1 DAGs
[2024-12-01T09:11:44.522+0000] {logging_mixin.py:190} INFO - [2024-12-01T09:11:44.522+0000] {dag.py:4180} INFO - Setting next_dagrun for example_display_name to None, run_after=None
[2024-12-01T09:11:44.533+0000] {processor.py:208} INFO - Processing /home/airflow/.local/lib/python3.12/site-packages/airflow/example_dags/example_display_name.py took 0.046 seconds
