[2024-12-01T08:51:37.991+0000] {processor.py:186} INFO - Started process (PID=73) to work on /home/airflow/.local/lib/python3.12/site-packages/airflow/example_dags/example_bash_operator.py
[2024-12-01T08:51:37.991+0000] {processor.py:914} INFO - Processing file /home/airflow/.local/lib/python3.12/site-packages/airflow/example_dags/example_bash_operator.py for tasks to queue
[2024-12-01T08:51:37.992+0000] {logging_mixin.py:190} INFO - [2024-12-01T08:51:37.992+0000] {dagbag.py:588} INFO - Filling up the DagBag from /home/airflow/.local/lib/python3.12/site-packages/airflow/example_dags/example_bash_operator.py
[2024-12-01T08:51:38.004+0000] {processor.py:925} INFO - DAG(s) 'example_bash_operator' retrieved from /home/airflow/.local/lib/python3.12/site-packages/airflow/example_dags/example_bash_operator.py
[2024-12-01T08:51:38.092+0000] {logging_mixin.py:190} INFO - [2024-12-01T08:51:38.091+0000] {override.py:1911} INFO - Created Permission View: can edit on DAG:example_bash_operator
[2024-12-01T08:51:38.100+0000] {logging_mixin.py:190} INFO - [2024-12-01T08:51:38.100+0000] {override.py:1911} INFO - Created Permission View: can read on DAG:example_bash_operator
[2024-12-01T08:51:38.105+0000] {logging_mixin.py:190} INFO - [2024-12-01T08:51:38.105+0000] {override.py:1911} INFO - Created Permission View: can delete on DAG:example_bash_operator
[2024-12-01T08:51:38.110+0000] {logging_mixin.py:190} INFO - [2024-12-01T08:51:38.110+0000] {override.py:1911} INFO - Created Permission View: can create on DAG Run:example_bash_operator
[2024-12-01T08:51:38.115+0000] {logging_mixin.py:190} INFO - [2024-12-01T08:51:38.115+0000] {override.py:1911} INFO - Created Permission View: menu access on DAG Run:example_bash_operator
[2024-12-01T08:51:38.120+0000] {logging_mixin.py:190} INFO - [2024-12-01T08:51:38.120+0000] {override.py:1911} INFO - Created Permission View: can read on DAG Run:example_bash_operator
[2024-12-01T08:51:38.125+0000] {logging_mixin.py:190} INFO - [2024-12-01T08:51:38.125+0000] {override.py:1911} INFO - Created Permission View: can delete on DAG Run:example_bash_operator
[2024-12-01T08:51:38.125+0000] {logging_mixin.py:190} INFO - [2024-12-01T08:51:38.125+0000] {dag.py:3239} INFO - Sync 1 DAGs
[2024-12-01T08:51:38.136+0000] {logging_mixin.py:190} INFO - [2024-12-01T08:51:38.136+0000] {dag.py:3262} INFO - Creating ORM DAG for example_bash_operator
[2024-12-01T08:51:38.142+0000] {logging_mixin.py:190} INFO - [2024-12-01T08:51:38.142+0000] {dag.py:4180} INFO - Setting next_dagrun for example_bash_operator to 2024-11-30 00:00:00+00:00, run_after=2024-12-01 00:00:00+00:00
[2024-12-01T08:51:38.153+0000] {processor.py:208} INFO - Processing /home/airflow/.local/lib/python3.12/site-packages/airflow/example_dags/example_bash_operator.py took 0.166 seconds
[2024-12-01T08:52:09.107+0000] {processor.py:186} INFO - Started process (PID=135) to work on /home/airflow/.local/lib/python3.12/site-packages/airflow/example_dags/example_bash_operator.py
[2024-12-01T08:52:09.117+0000] {processor.py:914} INFO - Processing file /home/airflow/.local/lib/python3.12/site-packages/airflow/example_dags/example_bash_operator.py for tasks to queue
[2024-12-01T08:52:09.118+0000] {logging_mixin.py:190} INFO - [2024-12-01T08:52:09.118+0000] {dagbag.py:588} INFO - Filling up the DagBag from /home/airflow/.local/lib/python3.12/site-packages/airflow/example_dags/example_bash_operator.py
[2024-12-01T08:52:09.126+0000] {processor.py:925} INFO - DAG(s) 'example_bash_operator' retrieved from /home/airflow/.local/lib/python3.12/site-packages/airflow/example_dags/example_bash_operator.py
[2024-12-01T08:52:09.144+0000] {logging_mixin.py:190} INFO - [2024-12-01T08:52:09.144+0000] {dag.py:3239} INFO - Sync 1 DAGs
[2024-12-01T08:52:09.158+0000] {logging_mixin.py:190} INFO - [2024-12-01T08:52:09.158+0000] {dag.py:4180} INFO - Setting next_dagrun for example_bash_operator to 2024-11-30 00:00:00+00:00, run_after=2024-12-01 00:00:00+00:00
[2024-12-01T08:52:09.172+0000] {processor.py:208} INFO - Processing /home/airflow/.local/lib/python3.12/site-packages/airflow/example_dags/example_bash_operator.py took 0.068 seconds
[2024-12-01T08:52:40.058+0000] {processor.py:186} INFO - Started process (PID=198) to work on /home/airflow/.local/lib/python3.12/site-packages/airflow/example_dags/example_bash_operator.py
[2024-12-01T08:52:40.064+0000] {processor.py:914} INFO - Processing file /home/airflow/.local/lib/python3.12/site-packages/airflow/example_dags/example_bash_operator.py for tasks to queue
[2024-12-01T08:52:40.066+0000] {logging_mixin.py:190} INFO - [2024-12-01T08:52:40.065+0000] {dagbag.py:588} INFO - Filling up the DagBag from /home/airflow/.local/lib/python3.12/site-packages/airflow/example_dags/example_bash_operator.py
[2024-12-01T08:52:40.073+0000] {processor.py:925} INFO - DAG(s) 'example_bash_operator' retrieved from /home/airflow/.local/lib/python3.12/site-packages/airflow/example_dags/example_bash_operator.py
[2024-12-01T08:52:40.094+0000] {logging_mixin.py:190} INFO - [2024-12-01T08:52:40.093+0000] {dag.py:3239} INFO - Sync 1 DAGs
[2024-12-01T08:52:40.108+0000] {logging_mixin.py:190} INFO - [2024-12-01T08:52:40.108+0000] {dag.py:4180} INFO - Setting next_dagrun for example_bash_operator to 2024-11-30 00:00:00+00:00, run_after=2024-12-01 00:00:00+00:00
[2024-12-01T08:52:40.120+0000] {processor.py:208} INFO - Processing /home/airflow/.local/lib/python3.12/site-packages/airflow/example_dags/example_bash_operator.py took 0.065 seconds
[2024-12-01T08:53:10.407+0000] {processor.py:186} INFO - Started process (PID=260) to work on /home/airflow/.local/lib/python3.12/site-packages/airflow/example_dags/example_bash_operator.py
[2024-12-01T08:53:10.417+0000] {processor.py:914} INFO - Processing file /home/airflow/.local/lib/python3.12/site-packages/airflow/example_dags/example_bash_operator.py for tasks to queue
[2024-12-01T08:53:10.419+0000] {logging_mixin.py:190} INFO - [2024-12-01T08:53:10.418+0000] {dagbag.py:588} INFO - Filling up the DagBag from /home/airflow/.local/lib/python3.12/site-packages/airflow/example_dags/example_bash_operator.py
[2024-12-01T08:53:10.426+0000] {processor.py:925} INFO - DAG(s) 'example_bash_operator' retrieved from /home/airflow/.local/lib/python3.12/site-packages/airflow/example_dags/example_bash_operator.py
[2024-12-01T08:53:10.447+0000] {logging_mixin.py:190} INFO - [2024-12-01T08:53:10.446+0000] {dag.py:3239} INFO - Sync 1 DAGs
[2024-12-01T08:53:10.459+0000] {logging_mixin.py:190} INFO - [2024-12-01T08:53:10.459+0000] {dag.py:4180} INFO - Setting next_dagrun for example_bash_operator to 2024-11-30 00:00:00+00:00, run_after=2024-12-01 00:00:00+00:00
[2024-12-01T08:53:10.471+0000] {processor.py:208} INFO - Processing /home/airflow/.local/lib/python3.12/site-packages/airflow/example_dags/example_bash_operator.py took 0.067 seconds
[2024-12-01T08:53:40.783+0000] {processor.py:186} INFO - Started process (PID=323) to work on /home/airflow/.local/lib/python3.12/site-packages/airflow/example_dags/example_bash_operator.py
[2024-12-01T08:53:40.792+0000] {processor.py:914} INFO - Processing file /home/airflow/.local/lib/python3.12/site-packages/airflow/example_dags/example_bash_operator.py for tasks to queue
[2024-12-01T08:53:40.794+0000] {logging_mixin.py:190} INFO - [2024-12-01T08:53:40.793+0000] {dagbag.py:588} INFO - Filling up the DagBag from /home/airflow/.local/lib/python3.12/site-packages/airflow/example_dags/example_bash_operator.py
[2024-12-01T08:53:40.800+0000] {processor.py:925} INFO - DAG(s) 'example_bash_operator' retrieved from /home/airflow/.local/lib/python3.12/site-packages/airflow/example_dags/example_bash_operator.py
[2024-12-01T08:53:40.821+0000] {logging_mixin.py:190} INFO - [2024-12-01T08:53:40.821+0000] {dag.py:3239} INFO - Sync 1 DAGs
[2024-12-01T08:53:40.836+0000] {logging_mixin.py:190} INFO - [2024-12-01T08:53:40.836+0000] {dag.py:4180} INFO - Setting next_dagrun for example_bash_operator to 2024-11-30 00:00:00+00:00, run_after=2024-12-01 00:00:00+00:00
[2024-12-01T08:53:40.846+0000] {processor.py:208} INFO - Processing /home/airflow/.local/lib/python3.12/site-packages/airflow/example_dags/example_bash_operator.py took 0.068 seconds
[2024-12-01T08:54:10.907+0000] {processor.py:186} INFO - Started process (PID=386) to work on /home/airflow/.local/lib/python3.12/site-packages/airflow/example_dags/example_bash_operator.py
[2024-12-01T08:54:10.917+0000] {processor.py:914} INFO - Processing file /home/airflow/.local/lib/python3.12/site-packages/airflow/example_dags/example_bash_operator.py for tasks to queue
[2024-12-01T08:54:10.918+0000] {logging_mixin.py:190} INFO - [2024-12-01T08:54:10.918+0000] {dagbag.py:588} INFO - Filling up the DagBag from /home/airflow/.local/lib/python3.12/site-packages/airflow/example_dags/example_bash_operator.py
[2024-12-01T08:54:10.925+0000] {processor.py:925} INFO - DAG(s) 'example_bash_operator' retrieved from /home/airflow/.local/lib/python3.12/site-packages/airflow/example_dags/example_bash_operator.py
[2024-12-01T08:54:10.937+0000] {logging_mixin.py:190} INFO - [2024-12-01T08:54:10.937+0000] {dag.py:3239} INFO - Sync 1 DAGs
[2024-12-01T08:54:10.949+0000] {logging_mixin.py:190} INFO - [2024-12-01T08:54:10.948+0000] {dag.py:4180} INFO - Setting next_dagrun for example_bash_operator to 2024-11-30 00:00:00+00:00, run_after=2024-12-01 00:00:00+00:00
[2024-12-01T08:54:10.957+0000] {processor.py:208} INFO - Processing /home/airflow/.local/lib/python3.12/site-packages/airflow/example_dags/example_bash_operator.py took 0.053 seconds
[2024-12-01T08:54:41.236+0000] {processor.py:186} INFO - Started process (PID=455) to work on /home/airflow/.local/lib/python3.12/site-packages/airflow/example_dags/example_bash_operator.py
[2024-12-01T08:54:41.237+0000] {processor.py:914} INFO - Processing file /home/airflow/.local/lib/python3.12/site-packages/airflow/example_dags/example_bash_operator.py for tasks to queue
[2024-12-01T08:54:41.239+0000] {logging_mixin.py:190} INFO - [2024-12-01T08:54:41.239+0000] {dagbag.py:588} INFO - Filling up the DagBag from /home/airflow/.local/lib/python3.12/site-packages/airflow/example_dags/example_bash_operator.py
[2024-12-01T08:54:41.247+0000] {processor.py:925} INFO - DAG(s) 'example_bash_operator' retrieved from /home/airflow/.local/lib/python3.12/site-packages/airflow/example_dags/example_bash_operator.py
[2024-12-01T08:54:41.263+0000] {logging_mixin.py:190} INFO - [2024-12-01T08:54:41.263+0000] {dag.py:3239} INFO - Sync 1 DAGs
[2024-12-01T08:54:41.276+0000] {logging_mixin.py:190} INFO - [2024-12-01T08:54:41.276+0000] {dag.py:4180} INFO - Setting next_dagrun for example_bash_operator to 2024-11-30 00:00:00+00:00, run_after=2024-12-01 00:00:00+00:00
[2024-12-01T08:54:41.288+0000] {processor.py:208} INFO - Processing /home/airflow/.local/lib/python3.12/site-packages/airflow/example_dags/example_bash_operator.py took 0.055 seconds
[2024-12-01T08:55:11.505+0000] {processor.py:186} INFO - Started process (PID=518) to work on /home/airflow/.local/lib/python3.12/site-packages/airflow/example_dags/example_bash_operator.py
[2024-12-01T08:55:11.506+0000] {processor.py:914} INFO - Processing file /home/airflow/.local/lib/python3.12/site-packages/airflow/example_dags/example_bash_operator.py for tasks to queue
[2024-12-01T08:55:11.508+0000] {logging_mixin.py:190} INFO - [2024-12-01T08:55:11.507+0000] {dagbag.py:588} INFO - Filling up the DagBag from /home/airflow/.local/lib/python3.12/site-packages/airflow/example_dags/example_bash_operator.py
[2024-12-01T08:55:11.517+0000] {processor.py:925} INFO - DAG(s) 'example_bash_operator' retrieved from /home/airflow/.local/lib/python3.12/site-packages/airflow/example_dags/example_bash_operator.py
[2024-12-01T08:55:11.531+0000] {logging_mixin.py:190} INFO - [2024-12-01T08:55:11.530+0000] {dag.py:3239} INFO - Sync 1 DAGs
[2024-12-01T08:55:11.542+0000] {logging_mixin.py:190} INFO - [2024-12-01T08:55:11.542+0000] {dag.py:4180} INFO - Setting next_dagrun for example_bash_operator to 2024-11-30 00:00:00+00:00, run_after=2024-12-01 00:00:00+00:00
[2024-12-01T08:55:11.550+0000] {processor.py:208} INFO - Processing /home/airflow/.local/lib/python3.12/site-packages/airflow/example_dags/example_bash_operator.py took 0.050 seconds
[2024-12-01T08:55:41.737+0000] {processor.py:186} INFO - Started process (PID=581) to work on /home/airflow/.local/lib/python3.12/site-packages/airflow/example_dags/example_bash_operator.py
[2024-12-01T08:55:41.747+0000] {processor.py:914} INFO - Processing file /home/airflow/.local/lib/python3.12/site-packages/airflow/example_dags/example_bash_operator.py for tasks to queue
[2024-12-01T08:55:41.749+0000] {logging_mixin.py:190} INFO - [2024-12-01T08:55:41.749+0000] {dagbag.py:588} INFO - Filling up the DagBag from /home/airflow/.local/lib/python3.12/site-packages/airflow/example_dags/example_bash_operator.py
[2024-12-01T08:55:41.758+0000] {processor.py:925} INFO - DAG(s) 'example_bash_operator' retrieved from /home/airflow/.local/lib/python3.12/site-packages/airflow/example_dags/example_bash_operator.py
[2024-12-01T08:55:41.774+0000] {logging_mixin.py:190} INFO - [2024-12-01T08:55:41.773+0000] {dag.py:3239} INFO - Sync 1 DAGs
[2024-12-01T08:55:41.790+0000] {logging_mixin.py:190} INFO - [2024-12-01T08:55:41.789+0000] {dag.py:4180} INFO - Setting next_dagrun for example_bash_operator to 2024-11-30 00:00:00+00:00, run_after=2024-12-01 00:00:00+00:00
[2024-12-01T08:55:41.806+0000] {processor.py:208} INFO - Processing /home/airflow/.local/lib/python3.12/site-packages/airflow/example_dags/example_bash_operator.py took 0.073 seconds
[2024-12-01T08:56:12.011+0000] {processor.py:186} INFO - Started process (PID=644) to work on /home/airflow/.local/lib/python3.12/site-packages/airflow/example_dags/example_bash_operator.py
[2024-12-01T08:56:12.021+0000] {processor.py:914} INFO - Processing file /home/airflow/.local/lib/python3.12/site-packages/airflow/example_dags/example_bash_operator.py for tasks to queue
[2024-12-01T08:56:12.023+0000] {logging_mixin.py:190} INFO - [2024-12-01T08:56:12.023+0000] {dagbag.py:588} INFO - Filling up the DagBag from /home/airflow/.local/lib/python3.12/site-packages/airflow/example_dags/example_bash_operator.py
[2024-12-01T08:56:12.030+0000] {processor.py:925} INFO - DAG(s) 'example_bash_operator' retrieved from /home/airflow/.local/lib/python3.12/site-packages/airflow/example_dags/example_bash_operator.py
[2024-12-01T08:56:12.051+0000] {logging_mixin.py:190} INFO - [2024-12-01T08:56:12.051+0000] {dag.py:3239} INFO - Sync 1 DAGs
[2024-12-01T08:56:12.070+0000] {logging_mixin.py:190} INFO - [2024-12-01T08:56:12.070+0000] {dag.py:4180} INFO - Setting next_dagrun for example_bash_operator to 2024-11-30 00:00:00+00:00, run_after=2024-12-01 00:00:00+00:00
[2024-12-01T08:56:12.084+0000] {processor.py:208} INFO - Processing /home/airflow/.local/lib/python3.12/site-packages/airflow/example_dags/example_bash_operator.py took 0.077 seconds
[2024-12-01T08:56:42.865+0000] {processor.py:186} INFO - Started process (PID=707) to work on /home/airflow/.local/lib/python3.12/site-packages/airflow/example_dags/example_bash_operator.py
[2024-12-01T08:56:42.867+0000] {processor.py:914} INFO - Processing file /home/airflow/.local/lib/python3.12/site-packages/airflow/example_dags/example_bash_operator.py for tasks to queue
[2024-12-01T08:56:42.869+0000] {logging_mixin.py:190} INFO - [2024-12-01T08:56:42.869+0000] {dagbag.py:588} INFO - Filling up the DagBag from /home/airflow/.local/lib/python3.12/site-packages/airflow/example_dags/example_bash_operator.py
[2024-12-01T08:56:42.878+0000] {processor.py:925} INFO - DAG(s) 'example_bash_operator' retrieved from /home/airflow/.local/lib/python3.12/site-packages/airflow/example_dags/example_bash_operator.py
[2024-12-01T08:56:42.897+0000] {logging_mixin.py:190} INFO - [2024-12-01T08:56:42.897+0000] {dag.py:3239} INFO - Sync 1 DAGs
[2024-12-01T08:56:42.911+0000] {logging_mixin.py:190} INFO - [2024-12-01T08:56:42.911+0000] {dag.py:4180} INFO - Setting next_dagrun for example_bash_operator to 2024-11-30 00:00:00+00:00, run_after=2024-12-01 00:00:00+00:00
[2024-12-01T08:56:42.921+0000] {processor.py:208} INFO - Processing /home/airflow/.local/lib/python3.12/site-packages/airflow/example_dags/example_bash_operator.py took 0.060 seconds
[2024-12-01T08:57:13.631+0000] {processor.py:186} INFO - Started process (PID=770) to work on /home/airflow/.local/lib/python3.12/site-packages/airflow/example_dags/example_bash_operator.py
[2024-12-01T08:57:13.642+0000] {processor.py:914} INFO - Processing file /home/airflow/.local/lib/python3.12/site-packages/airflow/example_dags/example_bash_operator.py for tasks to queue
[2024-12-01T08:57:13.643+0000] {logging_mixin.py:190} INFO - [2024-12-01T08:57:13.643+0000] {dagbag.py:588} INFO - Filling up the DagBag from /home/airflow/.local/lib/python3.12/site-packages/airflow/example_dags/example_bash_operator.py
[2024-12-01T08:57:13.651+0000] {processor.py:925} INFO - DAG(s) 'example_bash_operator' retrieved from /home/airflow/.local/lib/python3.12/site-packages/airflow/example_dags/example_bash_operator.py
[2024-12-01T08:57:13.670+0000] {logging_mixin.py:190} INFO - [2024-12-01T08:57:13.670+0000] {dag.py:3239} INFO - Sync 1 DAGs
[2024-12-01T08:57:13.688+0000] {logging_mixin.py:190} INFO - [2024-12-01T08:57:13.688+0000] {dag.py:4180} INFO - Setting next_dagrun for example_bash_operator to 2024-11-30 00:00:00+00:00, run_after=2024-12-01 00:00:00+00:00
[2024-12-01T08:57:13.701+0000] {processor.py:208} INFO - Processing /home/airflow/.local/lib/python3.12/site-packages/airflow/example_dags/example_bash_operator.py took 0.075 seconds
[2024-12-01T08:57:44.369+0000] {processor.py:186} INFO - Started process (PID=833) to work on /home/airflow/.local/lib/python3.12/site-packages/airflow/example_dags/example_bash_operator.py
[2024-12-01T08:57:44.379+0000] {processor.py:914} INFO - Processing file /home/airflow/.local/lib/python3.12/site-packages/airflow/example_dags/example_bash_operator.py for tasks to queue
[2024-12-01T08:57:44.381+0000] {logging_mixin.py:190} INFO - [2024-12-01T08:57:44.381+0000] {dagbag.py:588} INFO - Filling up the DagBag from /home/airflow/.local/lib/python3.12/site-packages/airflow/example_dags/example_bash_operator.py
[2024-12-01T08:57:44.387+0000] {processor.py:925} INFO - DAG(s) 'example_bash_operator' retrieved from /home/airflow/.local/lib/python3.12/site-packages/airflow/example_dags/example_bash_operator.py
[2024-12-01T08:57:44.401+0000] {logging_mixin.py:190} INFO - [2024-12-01T08:57:44.401+0000] {dag.py:3239} INFO - Sync 1 DAGs
[2024-12-01T08:57:44.413+0000] {logging_mixin.py:190} INFO - [2024-12-01T08:57:44.413+0000] {dag.py:4180} INFO - Setting next_dagrun for example_bash_operator to 2024-11-30 00:00:00+00:00, run_after=2024-12-01 00:00:00+00:00
[2024-12-01T08:57:44.424+0000] {processor.py:208} INFO - Processing /home/airflow/.local/lib/python3.12/site-packages/airflow/example_dags/example_bash_operator.py took 0.059 seconds
[2024-12-01T08:58:15.190+0000] {processor.py:186} INFO - Started process (PID=896) to work on /home/airflow/.local/lib/python3.12/site-packages/airflow/example_dags/example_bash_operator.py
[2024-12-01T08:58:15.200+0000] {processor.py:914} INFO - Processing file /home/airflow/.local/lib/python3.12/site-packages/airflow/example_dags/example_bash_operator.py for tasks to queue
[2024-12-01T08:58:15.201+0000] {logging_mixin.py:190} INFO - [2024-12-01T08:58:15.201+0000] {dagbag.py:588} INFO - Filling up the DagBag from /home/airflow/.local/lib/python3.12/site-packages/airflow/example_dags/example_bash_operator.py
[2024-12-01T08:58:15.207+0000] {processor.py:925} INFO - DAG(s) 'example_bash_operator' retrieved from /home/airflow/.local/lib/python3.12/site-packages/airflow/example_dags/example_bash_operator.py
[2024-12-01T08:58:15.227+0000] {logging_mixin.py:190} INFO - [2024-12-01T08:58:15.227+0000] {dag.py:3239} INFO - Sync 1 DAGs
[2024-12-01T08:58:15.246+0000] {logging_mixin.py:190} INFO - [2024-12-01T08:58:15.246+0000] {dag.py:4180} INFO - Setting next_dagrun for example_bash_operator to 2024-11-30 00:00:00+00:00, run_after=2024-12-01 00:00:00+00:00
[2024-12-01T08:58:15.259+0000] {processor.py:208} INFO - Processing /home/airflow/.local/lib/python3.12/site-packages/airflow/example_dags/example_bash_operator.py took 0.074 seconds
[2024-12-01T08:58:45.998+0000] {processor.py:186} INFO - Started process (PID=959) to work on /home/airflow/.local/lib/python3.12/site-packages/airflow/example_dags/example_bash_operator.py
[2024-12-01T08:58:45.999+0000] {processor.py:914} INFO - Processing file /home/airflow/.local/lib/python3.12/site-packages/airflow/example_dags/example_bash_operator.py for tasks to queue
[2024-12-01T08:58:46.000+0000] {logging_mixin.py:190} INFO - [2024-12-01T08:58:46.000+0000] {dagbag.py:588} INFO - Filling up the DagBag from /home/airflow/.local/lib/python3.12/site-packages/airflow/example_dags/example_bash_operator.py
[2024-12-01T08:58:46.007+0000] {processor.py:925} INFO - DAG(s) 'example_bash_operator' retrieved from /home/airflow/.local/lib/python3.12/site-packages/airflow/example_dags/example_bash_operator.py
[2024-12-01T08:58:46.021+0000] {logging_mixin.py:190} INFO - [2024-12-01T08:58:46.021+0000] {dag.py:3239} INFO - Sync 1 DAGs
[2024-12-01T08:58:46.032+0000] {logging_mixin.py:190} INFO - [2024-12-01T08:58:46.032+0000] {dag.py:4180} INFO - Setting next_dagrun for example_bash_operator to 2024-11-30 00:00:00+00:00, run_after=2024-12-01 00:00:00+00:00
[2024-12-01T08:58:46.044+0000] {processor.py:208} INFO - Processing /home/airflow/.local/lib/python3.12/site-packages/airflow/example_dags/example_bash_operator.py took 0.050 seconds
[2024-12-01T08:59:16.845+0000] {processor.py:186} INFO - Started process (PID=1022) to work on /home/airflow/.local/lib/python3.12/site-packages/airflow/example_dags/example_bash_operator.py
[2024-12-01T08:59:16.855+0000] {processor.py:914} INFO - Processing file /home/airflow/.local/lib/python3.12/site-packages/airflow/example_dags/example_bash_operator.py for tasks to queue
[2024-12-01T08:59:16.857+0000] {logging_mixin.py:190} INFO - [2024-12-01T08:59:16.857+0000] {dagbag.py:588} INFO - Filling up the DagBag from /home/airflow/.local/lib/python3.12/site-packages/airflow/example_dags/example_bash_operator.py
[2024-12-01T08:59:16.866+0000] {processor.py:925} INFO - DAG(s) 'example_bash_operator' retrieved from /home/airflow/.local/lib/python3.12/site-packages/airflow/example_dags/example_bash_operator.py
[2024-12-01T08:59:16.878+0000] {logging_mixin.py:190} INFO - [2024-12-01T08:59:16.878+0000] {dag.py:3239} INFO - Sync 1 DAGs
[2024-12-01T08:59:16.890+0000] {logging_mixin.py:190} INFO - [2024-12-01T08:59:16.890+0000] {dag.py:4180} INFO - Setting next_dagrun for example_bash_operator to 2024-11-30 00:00:00+00:00, run_after=2024-12-01 00:00:00+00:00
[2024-12-01T08:59:16.899+0000] {processor.py:208} INFO - Processing /home/airflow/.local/lib/python3.12/site-packages/airflow/example_dags/example_bash_operator.py took 0.059 seconds
[2024-12-01T08:59:47.690+0000] {processor.py:186} INFO - Started process (PID=1085) to work on /home/airflow/.local/lib/python3.12/site-packages/airflow/example_dags/example_bash_operator.py
[2024-12-01T08:59:47.701+0000] {processor.py:914} INFO - Processing file /home/airflow/.local/lib/python3.12/site-packages/airflow/example_dags/example_bash_operator.py for tasks to queue
[2024-12-01T08:59:47.703+0000] {logging_mixin.py:190} INFO - [2024-12-01T08:59:47.703+0000] {dagbag.py:588} INFO - Filling up the DagBag from /home/airflow/.local/lib/python3.12/site-packages/airflow/example_dags/example_bash_operator.py
[2024-12-01T08:59:47.713+0000] {processor.py:925} INFO - DAG(s) 'example_bash_operator' retrieved from /home/airflow/.local/lib/python3.12/site-packages/airflow/example_dags/example_bash_operator.py
[2024-12-01T08:59:47.726+0000] {logging_mixin.py:190} INFO - [2024-12-01T08:59:47.726+0000] {dag.py:3239} INFO - Sync 1 DAGs
[2024-12-01T08:59:47.738+0000] {logging_mixin.py:190} INFO - [2024-12-01T08:59:47.738+0000] {dag.py:4180} INFO - Setting next_dagrun for example_bash_operator to 2024-11-30 00:00:00+00:00, run_after=2024-12-01 00:00:00+00:00
[2024-12-01T08:59:47.748+0000] {processor.py:208} INFO - Processing /home/airflow/.local/lib/python3.12/site-packages/airflow/example_dags/example_bash_operator.py took 0.062 seconds
[2024-12-01T09:00:18.530+0000] {processor.py:186} INFO - Started process (PID=1148) to work on /home/airflow/.local/lib/python3.12/site-packages/airflow/example_dags/example_bash_operator.py
[2024-12-01T09:00:18.541+0000] {processor.py:914} INFO - Processing file /home/airflow/.local/lib/python3.12/site-packages/airflow/example_dags/example_bash_operator.py for tasks to queue
[2024-12-01T09:00:18.542+0000] {logging_mixin.py:190} INFO - [2024-12-01T09:00:18.542+0000] {dagbag.py:588} INFO - Filling up the DagBag from /home/airflow/.local/lib/python3.12/site-packages/airflow/example_dags/example_bash_operator.py
[2024-12-01T09:00:18.550+0000] {processor.py:925} INFO - DAG(s) 'example_bash_operator' retrieved from /home/airflow/.local/lib/python3.12/site-packages/airflow/example_dags/example_bash_operator.py
[2024-12-01T09:00:18.571+0000] {logging_mixin.py:190} INFO - [2024-12-01T09:00:18.571+0000] {dag.py:3239} INFO - Sync 1 DAGs
[2024-12-01T09:00:18.587+0000] {logging_mixin.py:190} INFO - [2024-12-01T09:00:18.587+0000] {dag.py:4180} INFO - Setting next_dagrun for example_bash_operator to 2024-11-30 00:00:00+00:00, run_after=2024-12-01 00:00:00+00:00
[2024-12-01T09:00:18.602+0000] {processor.py:208} INFO - Processing /home/airflow/.local/lib/python3.12/site-packages/airflow/example_dags/example_bash_operator.py took 0.076 seconds
[2024-12-01T09:00:49.165+0000] {processor.py:186} INFO - Started process (PID=1211) to work on /home/airflow/.local/lib/python3.12/site-packages/airflow/example_dags/example_bash_operator.py
[2024-12-01T09:00:49.170+0000] {processor.py:914} INFO - Processing file /home/airflow/.local/lib/python3.12/site-packages/airflow/example_dags/example_bash_operator.py for tasks to queue
[2024-12-01T09:00:49.171+0000] {logging_mixin.py:190} INFO - [2024-12-01T09:00:49.171+0000] {dagbag.py:588} INFO - Filling up the DagBag from /home/airflow/.local/lib/python3.12/site-packages/airflow/example_dags/example_bash_operator.py
[2024-12-01T09:00:49.178+0000] {processor.py:925} INFO - DAG(s) 'example_bash_operator' retrieved from /home/airflow/.local/lib/python3.12/site-packages/airflow/example_dags/example_bash_operator.py
[2024-12-01T09:00:49.200+0000] {logging_mixin.py:190} INFO - [2024-12-01T09:00:49.200+0000] {dag.py:3239} INFO - Sync 1 DAGs
[2024-12-01T09:00:49.222+0000] {logging_mixin.py:190} INFO - [2024-12-01T09:00:49.221+0000] {dag.py:4180} INFO - Setting next_dagrun for example_bash_operator to 2024-11-30 00:00:00+00:00, run_after=2024-12-01 00:00:00+00:00
[2024-12-01T09:00:49.236+0000] {processor.py:208} INFO - Processing /home/airflow/.local/lib/python3.12/site-packages/airflow/example_dags/example_bash_operator.py took 0.074 seconds
[2024-12-01T09:01:19.457+0000] {processor.py:186} INFO - Started process (PID=1274) to work on /home/airflow/.local/lib/python3.12/site-packages/airflow/example_dags/example_bash_operator.py
[2024-12-01T09:01:19.467+0000] {processor.py:914} INFO - Processing file /home/airflow/.local/lib/python3.12/site-packages/airflow/example_dags/example_bash_operator.py for tasks to queue
[2024-12-01T09:01:19.468+0000] {logging_mixin.py:190} INFO - [2024-12-01T09:01:19.468+0000] {dagbag.py:588} INFO - Filling up the DagBag from /home/airflow/.local/lib/python3.12/site-packages/airflow/example_dags/example_bash_operator.py
[2024-12-01T09:01:19.475+0000] {processor.py:925} INFO - DAG(s) 'example_bash_operator' retrieved from /home/airflow/.local/lib/python3.12/site-packages/airflow/example_dags/example_bash_operator.py
[2024-12-01T09:01:19.497+0000] {logging_mixin.py:190} INFO - [2024-12-01T09:01:19.497+0000] {dag.py:3239} INFO - Sync 1 DAGs
[2024-12-01T09:01:19.510+0000] {logging_mixin.py:190} INFO - [2024-12-01T09:01:19.510+0000] {dag.py:4180} INFO - Setting next_dagrun for example_bash_operator to 2024-11-30 00:00:00+00:00, run_after=2024-12-01 00:00:00+00:00
[2024-12-01T09:01:19.521+0000] {processor.py:208} INFO - Processing /home/airflow/.local/lib/python3.12/site-packages/airflow/example_dags/example_bash_operator.py took 0.068 seconds
[2024-12-01T09:01:49.788+0000] {processor.py:186} INFO - Started process (PID=1338) to work on /home/airflow/.local/lib/python3.12/site-packages/airflow/example_dags/example_bash_operator.py
[2024-12-01T09:01:49.789+0000] {processor.py:914} INFO - Processing file /home/airflow/.local/lib/python3.12/site-packages/airflow/example_dags/example_bash_operator.py for tasks to queue
[2024-12-01T09:01:49.791+0000] {logging_mixin.py:190} INFO - [2024-12-01T09:01:49.790+0000] {dagbag.py:588} INFO - Filling up the DagBag from /home/airflow/.local/lib/python3.12/site-packages/airflow/example_dags/example_bash_operator.py
[2024-12-01T09:01:49.799+0000] {processor.py:925} INFO - DAG(s) 'example_bash_operator' retrieved from /home/airflow/.local/lib/python3.12/site-packages/airflow/example_dags/example_bash_operator.py
[2024-12-01T09:01:49.816+0000] {logging_mixin.py:190} INFO - [2024-12-01T09:01:49.815+0000] {dag.py:3239} INFO - Sync 1 DAGs
[2024-12-01T09:01:49.834+0000] {logging_mixin.py:190} INFO - [2024-12-01T09:01:49.833+0000] {dag.py:4180} INFO - Setting next_dagrun for example_bash_operator to 2024-11-30 00:00:00+00:00, run_after=2024-12-01 00:00:00+00:00
[2024-12-01T09:01:49.849+0000] {processor.py:208} INFO - Processing /home/airflow/.local/lib/python3.12/site-packages/airflow/example_dags/example_bash_operator.py took 0.066 seconds
[2024-12-01T09:02:19.929+0000] {processor.py:186} INFO - Started process (PID=1401) to work on /home/airflow/.local/lib/python3.12/site-packages/airflow/example_dags/example_bash_operator.py
[2024-12-01T09:02:19.930+0000] {processor.py:914} INFO - Processing file /home/airflow/.local/lib/python3.12/site-packages/airflow/example_dags/example_bash_operator.py for tasks to queue
[2024-12-01T09:02:19.931+0000] {logging_mixin.py:190} INFO - [2024-12-01T09:02:19.931+0000] {dagbag.py:588} INFO - Filling up the DagBag from /home/airflow/.local/lib/python3.12/site-packages/airflow/example_dags/example_bash_operator.py
[2024-12-01T09:02:19.938+0000] {processor.py:925} INFO - DAG(s) 'example_bash_operator' retrieved from /home/airflow/.local/lib/python3.12/site-packages/airflow/example_dags/example_bash_operator.py
[2024-12-01T09:02:19.956+0000] {logging_mixin.py:190} INFO - [2024-12-01T09:02:19.956+0000] {dag.py:3239} INFO - Sync 1 DAGs
[2024-12-01T09:02:19.969+0000] {logging_mixin.py:190} INFO - [2024-12-01T09:02:19.969+0000] {dag.py:4180} INFO - Setting next_dagrun for example_bash_operator to 2024-11-30 00:00:00+00:00, run_after=2024-12-01 00:00:00+00:00
[2024-12-01T09:02:19.978+0000] {processor.py:208} INFO - Processing /home/airflow/.local/lib/python3.12/site-packages/airflow/example_dags/example_bash_operator.py took 0.054 seconds
[2024-12-01T09:02:50.816+0000] {processor.py:186} INFO - Started process (PID=1464) to work on /home/airflow/.local/lib/python3.12/site-packages/airflow/example_dags/example_bash_operator.py
[2024-12-01T09:02:50.826+0000] {processor.py:914} INFO - Processing file /home/airflow/.local/lib/python3.12/site-packages/airflow/example_dags/example_bash_operator.py for tasks to queue
[2024-12-01T09:02:50.828+0000] {logging_mixin.py:190} INFO - [2024-12-01T09:02:50.828+0000] {dagbag.py:588} INFO - Filling up the DagBag from /home/airflow/.local/lib/python3.12/site-packages/airflow/example_dags/example_bash_operator.py
[2024-12-01T09:02:50.838+0000] {processor.py:925} INFO - DAG(s) 'example_bash_operator' retrieved from /home/airflow/.local/lib/python3.12/site-packages/airflow/example_dags/example_bash_operator.py
[2024-12-01T09:02:50.856+0000] {logging_mixin.py:190} INFO - [2024-12-01T09:02:50.856+0000] {dag.py:3239} INFO - Sync 1 DAGs
[2024-12-01T09:02:50.872+0000] {logging_mixin.py:190} INFO - [2024-12-01T09:02:50.871+0000] {dag.py:4180} INFO - Setting next_dagrun for example_bash_operator to 2024-11-30 00:00:00+00:00, run_after=2024-12-01 00:00:00+00:00
[2024-12-01T09:02:50.886+0000] {processor.py:208} INFO - Processing /home/airflow/.local/lib/python3.12/site-packages/airflow/example_dags/example_bash_operator.py took 0.076 seconds
[2024-12-01T09:03:21.405+0000] {processor.py:186} INFO - Started process (PID=1527) to work on /home/airflow/.local/lib/python3.12/site-packages/airflow/example_dags/example_bash_operator.py
[2024-12-01T09:03:21.416+0000] {processor.py:914} INFO - Processing file /home/airflow/.local/lib/python3.12/site-packages/airflow/example_dags/example_bash_operator.py for tasks to queue
[2024-12-01T09:03:21.418+0000] {logging_mixin.py:190} INFO - [2024-12-01T09:03:21.418+0000] {dagbag.py:588} INFO - Filling up the DagBag from /home/airflow/.local/lib/python3.12/site-packages/airflow/example_dags/example_bash_operator.py
[2024-12-01T09:03:21.425+0000] {processor.py:925} INFO - DAG(s) 'example_bash_operator' retrieved from /home/airflow/.local/lib/python3.12/site-packages/airflow/example_dags/example_bash_operator.py
[2024-12-01T09:03:21.444+0000] {logging_mixin.py:190} INFO - [2024-12-01T09:03:21.444+0000] {dag.py:3239} INFO - Sync 1 DAGs
[2024-12-01T09:03:21.462+0000] {logging_mixin.py:190} INFO - [2024-12-01T09:03:21.462+0000] {dag.py:4180} INFO - Setting next_dagrun for example_bash_operator to 2024-11-30 00:00:00+00:00, run_after=2024-12-01 00:00:00+00:00
[2024-12-01T09:03:21.476+0000] {processor.py:208} INFO - Processing /home/airflow/.local/lib/python3.12/site-packages/airflow/example_dags/example_bash_operator.py took 0.076 seconds
[2024-12-01T09:03:51.939+0000] {processor.py:186} INFO - Started process (PID=1590) to work on /home/airflow/.local/lib/python3.12/site-packages/airflow/example_dags/example_bash_operator.py
[2024-12-01T09:03:51.949+0000] {processor.py:914} INFO - Processing file /home/airflow/.local/lib/python3.12/site-packages/airflow/example_dags/example_bash_operator.py for tasks to queue
[2024-12-01T09:03:51.951+0000] {logging_mixin.py:190} INFO - [2024-12-01T09:03:51.951+0000] {dagbag.py:588} INFO - Filling up the DagBag from /home/airflow/.local/lib/python3.12/site-packages/airflow/example_dags/example_bash_operator.py
[2024-12-01T09:03:51.961+0000] {processor.py:925} INFO - DAG(s) 'example_bash_operator' retrieved from /home/airflow/.local/lib/python3.12/site-packages/airflow/example_dags/example_bash_operator.py
[2024-12-01T09:03:51.980+0000] {logging_mixin.py:190} INFO - [2024-12-01T09:03:51.980+0000] {dag.py:3239} INFO - Sync 1 DAGs
[2024-12-01T09:03:51.999+0000] {logging_mixin.py:190} INFO - [2024-12-01T09:03:51.999+0000] {dag.py:4180} INFO - Setting next_dagrun for example_bash_operator to 2024-11-30 00:00:00+00:00, run_after=2024-12-01 00:00:00+00:00
[2024-12-01T09:03:52.011+0000] {processor.py:208} INFO - Processing /home/airflow/.local/lib/python3.12/site-packages/airflow/example_dags/example_bash_operator.py took 0.076 seconds
[2024-12-01T09:04:22.079+0000] {processor.py:186} INFO - Started process (PID=1654) to work on /home/airflow/.local/lib/python3.12/site-packages/airflow/example_dags/example_bash_operator.py
[2024-12-01T09:04:22.080+0000] {processor.py:914} INFO - Processing file /home/airflow/.local/lib/python3.12/site-packages/airflow/example_dags/example_bash_operator.py for tasks to queue
[2024-12-01T09:04:22.081+0000] {logging_mixin.py:190} INFO - [2024-12-01T09:04:22.081+0000] {dagbag.py:588} INFO - Filling up the DagBag from /home/airflow/.local/lib/python3.12/site-packages/airflow/example_dags/example_bash_operator.py
[2024-12-01T09:04:22.089+0000] {processor.py:925} INFO - DAG(s) 'example_bash_operator' retrieved from /home/airflow/.local/lib/python3.12/site-packages/airflow/example_dags/example_bash_operator.py
[2024-12-01T09:04:22.112+0000] {logging_mixin.py:190} INFO - [2024-12-01T09:04:22.112+0000] {dag.py:3239} INFO - Sync 1 DAGs
[2024-12-01T09:04:22.125+0000] {logging_mixin.py:190} INFO - [2024-12-01T09:04:22.125+0000] {dag.py:4180} INFO - Setting next_dagrun for example_bash_operator to 2024-11-30 00:00:00+00:00, run_after=2024-12-01 00:00:00+00:00
[2024-12-01T09:04:22.137+0000] {processor.py:208} INFO - Processing /home/airflow/.local/lib/python3.12/site-packages/airflow/example_dags/example_bash_operator.py took 0.063 seconds
[2024-12-01T09:04:52.596+0000] {processor.py:186} INFO - Started process (PID=1716) to work on /home/airflow/.local/lib/python3.12/site-packages/airflow/example_dags/example_bash_operator.py
[2024-12-01T09:04:52.596+0000] {processor.py:914} INFO - Processing file /home/airflow/.local/lib/python3.12/site-packages/airflow/example_dags/example_bash_operator.py for tasks to queue
[2024-12-01T09:04:52.598+0000] {logging_mixin.py:190} INFO - [2024-12-01T09:04:52.598+0000] {dagbag.py:588} INFO - Filling up the DagBag from /home/airflow/.local/lib/python3.12/site-packages/airflow/example_dags/example_bash_operator.py
[2024-12-01T09:04:52.607+0000] {processor.py:925} INFO - DAG(s) 'example_bash_operator' retrieved from /home/airflow/.local/lib/python3.12/site-packages/airflow/example_dags/example_bash_operator.py
[2024-12-01T09:04:52.631+0000] {logging_mixin.py:190} INFO - [2024-12-01T09:04:52.631+0000] {dag.py:3239} INFO - Sync 1 DAGs
[2024-12-01T09:04:52.644+0000] {logging_mixin.py:190} INFO - [2024-12-01T09:04:52.644+0000] {dag.py:4180} INFO - Setting next_dagrun for example_bash_operator to 2024-11-30 00:00:00+00:00, run_after=2024-12-01 00:00:00+00:00
[2024-12-01T09:04:52.657+0000] {processor.py:208} INFO - Processing /home/airflow/.local/lib/python3.12/site-packages/airflow/example_dags/example_bash_operator.py took 0.066 seconds
[2024-12-01T09:05:23.295+0000] {processor.py:186} INFO - Started process (PID=1779) to work on /home/airflow/.local/lib/python3.12/site-packages/airflow/example_dags/example_bash_operator.py
[2024-12-01T09:05:23.296+0000] {processor.py:914} INFO - Processing file /home/airflow/.local/lib/python3.12/site-packages/airflow/example_dags/example_bash_operator.py for tasks to queue
[2024-12-01T09:05:23.297+0000] {logging_mixin.py:190} INFO - [2024-12-01T09:05:23.297+0000] {dagbag.py:588} INFO - Filling up the DagBag from /home/airflow/.local/lib/python3.12/site-packages/airflow/example_dags/example_bash_operator.py
[2024-12-01T09:05:23.305+0000] {processor.py:925} INFO - DAG(s) 'example_bash_operator' retrieved from /home/airflow/.local/lib/python3.12/site-packages/airflow/example_dags/example_bash_operator.py
[2024-12-01T09:05:23.323+0000] {logging_mixin.py:190} INFO - [2024-12-01T09:05:23.323+0000] {dag.py:3239} INFO - Sync 1 DAGs
[2024-12-01T09:05:23.344+0000] {logging_mixin.py:190} INFO - [2024-12-01T09:05:23.344+0000] {dag.py:4180} INFO - Setting next_dagrun for example_bash_operator to 2024-11-30 00:00:00+00:00, run_after=2024-12-01 00:00:00+00:00
[2024-12-01T09:05:23.357+0000] {processor.py:208} INFO - Processing /home/airflow/.local/lib/python3.12/site-packages/airflow/example_dags/example_bash_operator.py took 0.066 seconds
[2024-12-01T09:05:54.303+0000] {processor.py:186} INFO - Started process (PID=1842) to work on /home/airflow/.local/lib/python3.12/site-packages/airflow/example_dags/example_bash_operator.py
[2024-12-01T09:05:54.303+0000] {processor.py:914} INFO - Processing file /home/airflow/.local/lib/python3.12/site-packages/airflow/example_dags/example_bash_operator.py for tasks to queue
[2024-12-01T09:05:54.305+0000] {logging_mixin.py:190} INFO - [2024-12-01T09:05:54.304+0000] {dagbag.py:588} INFO - Filling up the DagBag from /home/airflow/.local/lib/python3.12/site-packages/airflow/example_dags/example_bash_operator.py
[2024-12-01T09:05:54.313+0000] {processor.py:925} INFO - DAG(s) 'example_bash_operator' retrieved from /home/airflow/.local/lib/python3.12/site-packages/airflow/example_dags/example_bash_operator.py
[2024-12-01T09:05:54.334+0000] {logging_mixin.py:190} INFO - [2024-12-01T09:05:54.334+0000] {dag.py:3239} INFO - Sync 1 DAGs
[2024-12-01T09:05:54.358+0000] {logging_mixin.py:190} INFO - [2024-12-01T09:05:54.358+0000] {dag.py:4180} INFO - Setting next_dagrun for example_bash_operator to 2024-11-30 00:00:00+00:00, run_after=2024-12-01 00:00:00+00:00
[2024-12-01T09:05:54.374+0000] {processor.py:208} INFO - Processing /home/airflow/.local/lib/python3.12/site-packages/airflow/example_dags/example_bash_operator.py took 0.075 seconds
[2024-12-01T09:06:25.359+0000] {processor.py:186} INFO - Started process (PID=1905) to work on /home/airflow/.local/lib/python3.12/site-packages/airflow/example_dags/example_bash_operator.py
[2024-12-01T09:06:25.364+0000] {processor.py:914} INFO - Processing file /home/airflow/.local/lib/python3.12/site-packages/airflow/example_dags/example_bash_operator.py for tasks to queue
[2024-12-01T09:06:25.368+0000] {logging_mixin.py:190} INFO - [2024-12-01T09:06:25.368+0000] {dagbag.py:588} INFO - Filling up the DagBag from /home/airflow/.local/lib/python3.12/site-packages/airflow/example_dags/example_bash_operator.py
[2024-12-01T09:06:25.379+0000] {processor.py:925} INFO - DAG(s) 'example_bash_operator' retrieved from /home/airflow/.local/lib/python3.12/site-packages/airflow/example_dags/example_bash_operator.py
[2024-12-01T09:06:25.400+0000] {logging_mixin.py:190} INFO - [2024-12-01T09:06:25.399+0000] {dag.py:3239} INFO - Sync 1 DAGs
[2024-12-01T09:06:25.412+0000] {logging_mixin.py:190} INFO - [2024-12-01T09:06:25.412+0000] {dag.py:4180} INFO - Setting next_dagrun for example_bash_operator to 2024-11-30 00:00:00+00:00, run_after=2024-12-01 00:00:00+00:00
[2024-12-01T09:06:25.424+0000] {processor.py:208} INFO - Processing /home/airflow/.local/lib/python3.12/site-packages/airflow/example_dags/example_bash_operator.py took 0.074 seconds
[2024-12-01T09:06:55.801+0000] {processor.py:186} INFO - Started process (PID=1968) to work on /home/airflow/.local/lib/python3.12/site-packages/airflow/example_dags/example_bash_operator.py
[2024-12-01T09:06:55.802+0000] {processor.py:914} INFO - Processing file /home/airflow/.local/lib/python3.12/site-packages/airflow/example_dags/example_bash_operator.py for tasks to queue
[2024-12-01T09:06:55.804+0000] {logging_mixin.py:190} INFO - [2024-12-01T09:06:55.804+0000] {dagbag.py:588} INFO - Filling up the DagBag from /home/airflow/.local/lib/python3.12/site-packages/airflow/example_dags/example_bash_operator.py
[2024-12-01T09:06:55.814+0000] {processor.py:925} INFO - DAG(s) 'example_bash_operator' retrieved from /home/airflow/.local/lib/python3.12/site-packages/airflow/example_dags/example_bash_operator.py
[2024-12-01T09:06:55.841+0000] {logging_mixin.py:190} INFO - [2024-12-01T09:06:55.841+0000] {dag.py:3239} INFO - Sync 1 DAGs
[2024-12-01T09:06:55.864+0000] {logging_mixin.py:190} INFO - [2024-12-01T09:06:55.863+0000] {dag.py:4180} INFO - Setting next_dagrun for example_bash_operator to 2024-11-30 00:00:00+00:00, run_after=2024-12-01 00:00:00+00:00
[2024-12-01T09:06:55.881+0000] {processor.py:208} INFO - Processing /home/airflow/.local/lib/python3.12/site-packages/airflow/example_dags/example_bash_operator.py took 0.085 seconds
[2024-12-01T09:07:26.169+0000] {processor.py:186} INFO - Started process (PID=2031) to work on /home/airflow/.local/lib/python3.12/site-packages/airflow/example_dags/example_bash_operator.py
[2024-12-01T09:07:26.169+0000] {processor.py:914} INFO - Processing file /home/airflow/.local/lib/python3.12/site-packages/airflow/example_dags/example_bash_operator.py for tasks to queue
[2024-12-01T09:07:26.170+0000] {logging_mixin.py:190} INFO - [2024-12-01T09:07:26.170+0000] {dagbag.py:588} INFO - Filling up the DagBag from /home/airflow/.local/lib/python3.12/site-packages/airflow/example_dags/example_bash_operator.py
[2024-12-01T09:07:26.177+0000] {processor.py:925} INFO - DAG(s) 'example_bash_operator' retrieved from /home/airflow/.local/lib/python3.12/site-packages/airflow/example_dags/example_bash_operator.py
[2024-12-01T09:07:26.197+0000] {logging_mixin.py:190} INFO - [2024-12-01T09:07:26.197+0000] {dag.py:3239} INFO - Sync 1 DAGs
[2024-12-01T09:07:26.213+0000] {logging_mixin.py:190} INFO - [2024-12-01T09:07:26.213+0000] {dag.py:4180} INFO - Setting next_dagrun for example_bash_operator to 2024-11-30 00:00:00+00:00, run_after=2024-12-01 00:00:00+00:00
[2024-12-01T09:07:26.225+0000] {processor.py:208} INFO - Processing /home/airflow/.local/lib/python3.12/site-packages/airflow/example_dags/example_bash_operator.py took 0.059 seconds
[2024-12-01T09:07:56.670+0000] {processor.py:186} INFO - Started process (PID=2094) to work on /home/airflow/.local/lib/python3.12/site-packages/airflow/example_dags/example_bash_operator.py
[2024-12-01T09:07:56.671+0000] {processor.py:914} INFO - Processing file /home/airflow/.local/lib/python3.12/site-packages/airflow/example_dags/example_bash_operator.py for tasks to queue
[2024-12-01T09:07:56.673+0000] {logging_mixin.py:190} INFO - [2024-12-01T09:07:56.673+0000] {dagbag.py:588} INFO - Filling up the DagBag from /home/airflow/.local/lib/python3.12/site-packages/airflow/example_dags/example_bash_operator.py
[2024-12-01T09:07:56.681+0000] {processor.py:925} INFO - DAG(s) 'example_bash_operator' retrieved from /home/airflow/.local/lib/python3.12/site-packages/airflow/example_dags/example_bash_operator.py
[2024-12-01T09:07:56.700+0000] {logging_mixin.py:190} INFO - [2024-12-01T09:07:56.700+0000] {dag.py:3239} INFO - Sync 1 DAGs
[2024-12-01T09:07:56.714+0000] {logging_mixin.py:190} INFO - [2024-12-01T09:07:56.714+0000] {dag.py:4180} INFO - Setting next_dagrun for example_bash_operator to 2024-11-30 00:00:00+00:00, run_after=2024-12-01 00:00:00+00:00
[2024-12-01T09:07:56.725+0000] {processor.py:208} INFO - Processing /home/airflow/.local/lib/python3.12/site-packages/airflow/example_dags/example_bash_operator.py took 0.059 seconds
[2024-12-01T09:08:27.398+0000] {processor.py:186} INFO - Started process (PID=2157) to work on /home/airflow/.local/lib/python3.12/site-packages/airflow/example_dags/example_bash_operator.py
[2024-12-01T09:08:27.399+0000] {processor.py:914} INFO - Processing file /home/airflow/.local/lib/python3.12/site-packages/airflow/example_dags/example_bash_operator.py for tasks to queue
[2024-12-01T09:08:27.400+0000] {logging_mixin.py:190} INFO - [2024-12-01T09:08:27.400+0000] {dagbag.py:588} INFO - Filling up the DagBag from /home/airflow/.local/lib/python3.12/site-packages/airflow/example_dags/example_bash_operator.py
[2024-12-01T09:08:27.407+0000] {processor.py:925} INFO - DAG(s) 'example_bash_operator' retrieved from /home/airflow/.local/lib/python3.12/site-packages/airflow/example_dags/example_bash_operator.py
[2024-12-01T09:08:27.422+0000] {logging_mixin.py:190} INFO - [2024-12-01T09:08:27.422+0000] {dag.py:3239} INFO - Sync 1 DAGs
[2024-12-01T09:08:27.434+0000] {logging_mixin.py:190} INFO - [2024-12-01T09:08:27.434+0000] {dag.py:4180} INFO - Setting next_dagrun for example_bash_operator to 2024-11-30 00:00:00+00:00, run_after=2024-12-01 00:00:00+00:00
[2024-12-01T09:08:27.444+0000] {processor.py:208} INFO - Processing /home/airflow/.local/lib/python3.12/site-packages/airflow/example_dags/example_bash_operator.py took 0.050 seconds
[2024-12-01T09:08:58.261+0000] {processor.py:186} INFO - Started process (PID=2220) to work on /home/airflow/.local/lib/python3.12/site-packages/airflow/example_dags/example_bash_operator.py
[2024-12-01T09:08:58.261+0000] {processor.py:914} INFO - Processing file /home/airflow/.local/lib/python3.12/site-packages/airflow/example_dags/example_bash_operator.py for tasks to queue
[2024-12-01T09:08:58.263+0000] {logging_mixin.py:190} INFO - [2024-12-01T09:08:58.262+0000] {dagbag.py:588} INFO - Filling up the DagBag from /home/airflow/.local/lib/python3.12/site-packages/airflow/example_dags/example_bash_operator.py
[2024-12-01T09:08:58.270+0000] {processor.py:925} INFO - DAG(s) 'example_bash_operator' retrieved from /home/airflow/.local/lib/python3.12/site-packages/airflow/example_dags/example_bash_operator.py
[2024-12-01T09:08:58.289+0000] {logging_mixin.py:190} INFO - [2024-12-01T09:08:58.289+0000] {dag.py:3239} INFO - Sync 1 DAGs
[2024-12-01T09:08:58.307+0000] {logging_mixin.py:190} INFO - [2024-12-01T09:08:58.307+0000] {dag.py:4180} INFO - Setting next_dagrun for example_bash_operator to 2024-11-30 00:00:00+00:00, run_after=2024-12-01 00:00:00+00:00
[2024-12-01T09:08:58.322+0000] {processor.py:208} INFO - Processing /home/airflow/.local/lib/python3.12/site-packages/airflow/example_dags/example_bash_operator.py took 0.065 seconds
[2024-12-01T09:09:28.611+0000] {processor.py:186} INFO - Started process (PID=2282) to work on /home/airflow/.local/lib/python3.12/site-packages/airflow/example_dags/example_bash_operator.py
[2024-12-01T09:09:28.612+0000] {processor.py:914} INFO - Processing file /home/airflow/.local/lib/python3.12/site-packages/airflow/example_dags/example_bash_operator.py for tasks to queue
[2024-12-01T09:09:28.613+0000] {logging_mixin.py:190} INFO - [2024-12-01T09:09:28.613+0000] {dagbag.py:588} INFO - Filling up the DagBag from /home/airflow/.local/lib/python3.12/site-packages/airflow/example_dags/example_bash_operator.py
[2024-12-01T09:09:28.620+0000] {processor.py:925} INFO - DAG(s) 'example_bash_operator' retrieved from /home/airflow/.local/lib/python3.12/site-packages/airflow/example_dags/example_bash_operator.py
[2024-12-01T09:09:28.635+0000] {logging_mixin.py:190} INFO - [2024-12-01T09:09:28.635+0000] {dag.py:3239} INFO - Sync 1 DAGs
[2024-12-01T09:09:28.648+0000] {logging_mixin.py:190} INFO - [2024-12-01T09:09:28.648+0000] {dag.py:4180} INFO - Setting next_dagrun for example_bash_operator to 2024-11-30 00:00:00+00:00, run_after=2024-12-01 00:00:00+00:00
[2024-12-01T09:09:28.659+0000] {processor.py:208} INFO - Processing /home/airflow/.local/lib/python3.12/site-packages/airflow/example_dags/example_bash_operator.py took 0.052 seconds
[2024-12-01T09:09:58.757+0000] {processor.py:186} INFO - Started process (PID=2345) to work on /home/airflow/.local/lib/python3.12/site-packages/airflow/example_dags/example_bash_operator.py
[2024-12-01T09:09:58.758+0000] {processor.py:914} INFO - Processing file /home/airflow/.local/lib/python3.12/site-packages/airflow/example_dags/example_bash_operator.py for tasks to queue
[2024-12-01T09:09:58.759+0000] {logging_mixin.py:190} INFO - [2024-12-01T09:09:58.759+0000] {dagbag.py:588} INFO - Filling up the DagBag from /home/airflow/.local/lib/python3.12/site-packages/airflow/example_dags/example_bash_operator.py
[2024-12-01T09:09:58.766+0000] {processor.py:925} INFO - DAG(s) 'example_bash_operator' retrieved from /home/airflow/.local/lib/python3.12/site-packages/airflow/example_dags/example_bash_operator.py
[2024-12-01T09:09:58.781+0000] {logging_mixin.py:190} INFO - [2024-12-01T09:09:58.780+0000] {dag.py:3239} INFO - Sync 1 DAGs
[2024-12-01T09:09:58.793+0000] {logging_mixin.py:190} INFO - [2024-12-01T09:09:58.793+0000] {dag.py:4180} INFO - Setting next_dagrun for example_bash_operator to 2024-11-30 00:00:00+00:00, run_after=2024-12-01 00:00:00+00:00
[2024-12-01T09:09:58.803+0000] {processor.py:208} INFO - Processing /home/airflow/.local/lib/python3.12/site-packages/airflow/example_dags/example_bash_operator.py took 0.050 seconds
[2024-12-01T09:10:29.313+0000] {processor.py:186} INFO - Started process (PID=2408) to work on /home/airflow/.local/lib/python3.12/site-packages/airflow/example_dags/example_bash_operator.py
[2024-12-01T09:10:29.313+0000] {processor.py:914} INFO - Processing file /home/airflow/.local/lib/python3.12/site-packages/airflow/example_dags/example_bash_operator.py for tasks to queue
[2024-12-01T09:10:29.314+0000] {logging_mixin.py:190} INFO - [2024-12-01T09:10:29.314+0000] {dagbag.py:588} INFO - Filling up the DagBag from /home/airflow/.local/lib/python3.12/site-packages/airflow/example_dags/example_bash_operator.py
[2024-12-01T09:10:29.321+0000] {processor.py:925} INFO - DAG(s) 'example_bash_operator' retrieved from /home/airflow/.local/lib/python3.12/site-packages/airflow/example_dags/example_bash_operator.py
[2024-12-01T09:10:29.337+0000] {logging_mixin.py:190} INFO - [2024-12-01T09:10:29.336+0000] {dag.py:3239} INFO - Sync 1 DAGs
[2024-12-01T09:10:29.352+0000] {logging_mixin.py:190} INFO - [2024-12-01T09:10:29.352+0000] {dag.py:4180} INFO - Setting next_dagrun for example_bash_operator to 2024-11-30 00:00:00+00:00, run_after=2024-12-01 00:00:00+00:00
[2024-12-01T09:10:29.365+0000] {processor.py:208} INFO - Processing /home/airflow/.local/lib/python3.12/site-packages/airflow/example_dags/example_bash_operator.py took 0.056 seconds
[2024-12-01T09:10:59.546+0000] {processor.py:186} INFO - Started process (PID=2471) to work on /home/airflow/.local/lib/python3.12/site-packages/airflow/example_dags/example_bash_operator.py
[2024-12-01T09:10:59.547+0000] {processor.py:914} INFO - Processing file /home/airflow/.local/lib/python3.12/site-packages/airflow/example_dags/example_bash_operator.py for tasks to queue
[2024-12-01T09:10:59.549+0000] {logging_mixin.py:190} INFO - [2024-12-01T09:10:59.548+0000] {dagbag.py:588} INFO - Filling up the DagBag from /home/airflow/.local/lib/python3.12/site-packages/airflow/example_dags/example_bash_operator.py
[2024-12-01T09:10:59.556+0000] {processor.py:925} INFO - DAG(s) 'example_bash_operator' retrieved from /home/airflow/.local/lib/python3.12/site-packages/airflow/example_dags/example_bash_operator.py
[2024-12-01T09:10:59.574+0000] {logging_mixin.py:190} INFO - [2024-12-01T09:10:59.574+0000] {dag.py:3239} INFO - Sync 1 DAGs
[2024-12-01T09:10:59.596+0000] {logging_mixin.py:190} INFO - [2024-12-01T09:10:59.596+0000] {dag.py:4180} INFO - Setting next_dagrun for example_bash_operator to 2024-11-30 00:00:00+00:00, run_after=2024-12-01 00:00:00+00:00
[2024-12-01T09:10:59.611+0000] {processor.py:208} INFO - Processing /home/airflow/.local/lib/python3.12/site-packages/airflow/example_dags/example_bash_operator.py took 0.069 seconds
[2024-12-01T09:11:29.981+0000] {processor.py:186} INFO - Started process (PID=2534) to work on /home/airflow/.local/lib/python3.12/site-packages/airflow/example_dags/example_bash_operator.py
[2024-12-01T09:11:29.982+0000] {processor.py:914} INFO - Processing file /home/airflow/.local/lib/python3.12/site-packages/airflow/example_dags/example_bash_operator.py for tasks to queue
[2024-12-01T09:11:29.983+0000] {logging_mixin.py:190} INFO - [2024-12-01T09:11:29.983+0000] {dagbag.py:588} INFO - Filling up the DagBag from /home/airflow/.local/lib/python3.12/site-packages/airflow/example_dags/example_bash_operator.py
[2024-12-01T09:11:29.989+0000] {processor.py:925} INFO - DAG(s) 'example_bash_operator' retrieved from /home/airflow/.local/lib/python3.12/site-packages/airflow/example_dags/example_bash_operator.py
[2024-12-01T09:11:30.005+0000] {logging_mixin.py:190} INFO - [2024-12-01T09:11:30.005+0000] {dag.py:3239} INFO - Sync 1 DAGs
[2024-12-01T09:11:30.018+0000] {logging_mixin.py:190} INFO - [2024-12-01T09:11:30.018+0000] {dag.py:4180} INFO - Setting next_dagrun for example_bash_operator to 2024-11-30 00:00:00+00:00, run_after=2024-12-01 00:00:00+00:00
[2024-12-01T09:11:30.030+0000] {processor.py:208} INFO - Processing /home/airflow/.local/lib/python3.12/site-packages/airflow/example_dags/example_bash_operator.py took 0.053 seconds
