[2024-12-01T08:51:37.812+0000] {processor.py:186} INFO - Started process (PID=72) to work on /home/airflow/.local/lib/python3.12/site-packages/airflow/example_dags/example_python_decorator.py
[2024-12-01T08:51:37.812+0000] {processor.py:914} INFO - Processing file /home/airflow/.local/lib/python3.12/site-packages/airflow/example_dags/example_python_decorator.py for tasks to queue
[2024-12-01T08:51:37.814+0000] {logging_mixin.py:190} INFO - [2024-12-01T08:51:37.813+0000] {dagbag.py:588} INFO - Filling up the DagBag from /home/airflow/.local/lib/python3.12/site-packages/airflow/example_dags/example_python_decorator.py
[2024-12-01T08:51:37.826+0000] {processor.py:925} INFO - DAG(s) 'example_python_decorator' retrieved from /home/airflow/.local/lib/python3.12/site-packages/airflow/example_dags/example_python_decorator.py
[2024-12-01T08:51:37.889+0000] {logging_mixin.py:190} INFO - [2024-12-01T08:51:37.889+0000] {override.py:1911} INFO - Created Permission View: can edit on DAG:example_python_decorator
[2024-12-01T08:51:37.898+0000] {logging_mixin.py:190} INFO - [2024-12-01T08:51:37.898+0000] {override.py:1911} INFO - Created Permission View: can read on DAG:example_python_decorator
[2024-12-01T08:51:37.904+0000] {logging_mixin.py:190} INFO - [2024-12-01T08:51:37.903+0000] {override.py:1911} INFO - Created Permission View: can delete on DAG:example_python_decorator
[2024-12-01T08:51:37.908+0000] {logging_mixin.py:190} INFO - [2024-12-01T08:51:37.908+0000] {override.py:1911} INFO - Created Permission View: can create on DAG Run:example_python_decorator
[2024-12-01T08:51:37.913+0000] {logging_mixin.py:190} INFO - [2024-12-01T08:51:37.913+0000] {override.py:1911} INFO - Created Permission View: menu access on DAG Run:example_python_decorator
[2024-12-01T08:51:37.918+0000] {logging_mixin.py:190} INFO - [2024-12-01T08:51:37.918+0000] {override.py:1911} INFO - Created Permission View: can read on DAG Run:example_python_decorator
[2024-12-01T08:51:37.923+0000] {logging_mixin.py:190} INFO - [2024-12-01T08:51:37.922+0000] {override.py:1911} INFO - Created Permission View: can delete on DAG Run:example_python_decorator
[2024-12-01T08:51:37.923+0000] {logging_mixin.py:190} INFO - [2024-12-01T08:51:37.923+0000] {dag.py:3239} INFO - Sync 1 DAGs
[2024-12-01T08:51:37.958+0000] {logging_mixin.py:190} INFO - [2024-12-01T08:51:37.957+0000] {dag.py:3262} INFO - Creating ORM DAG for example_python_decorator
[2024-12-01T08:51:37.958+0000] {logging_mixin.py:190} INFO - [2024-12-01T08:51:37.958+0000] {dag.py:4180} INFO - Setting next_dagrun for example_python_decorator to None, run_after=None
[2024-12-01T08:51:37.972+0000] {processor.py:208} INFO - Processing /home/airflow/.local/lib/python3.12/site-packages/airflow/example_dags/example_python_decorator.py took 0.165 seconds
[2024-12-01T08:52:08.044+0000] {processor.py:186} INFO - Started process (PID=134) to work on /home/airflow/.local/lib/python3.12/site-packages/airflow/example_dags/example_python_decorator.py
[2024-12-01T08:52:08.044+0000] {processor.py:914} INFO - Processing file /home/airflow/.local/lib/python3.12/site-packages/airflow/example_dags/example_python_decorator.py for tasks to queue
[2024-12-01T08:52:08.046+0000] {logging_mixin.py:190} INFO - [2024-12-01T08:52:08.046+0000] {dagbag.py:588} INFO - Filling up the DagBag from /home/airflow/.local/lib/python3.12/site-packages/airflow/example_dags/example_python_decorator.py
[2024-12-01T08:52:08.055+0000] {processor.py:925} INFO - DAG(s) 'example_python_decorator' retrieved from /home/airflow/.local/lib/python3.12/site-packages/airflow/example_dags/example_python_decorator.py
[2024-12-01T08:52:08.070+0000] {logging_mixin.py:190} INFO - [2024-12-01T08:52:08.070+0000] {dag.py:3239} INFO - Sync 1 DAGs
[2024-12-01T08:52:08.081+0000] {logging_mixin.py:190} INFO - [2024-12-01T08:52:08.081+0000] {dag.py:4180} INFO - Setting next_dagrun for example_python_decorator to None, run_after=None
[2024-12-01T08:52:08.095+0000] {processor.py:208} INFO - Processing /home/airflow/.local/lib/python3.12/site-packages/airflow/example_dags/example_python_decorator.py took 0.056 seconds
[2024-12-01T08:52:39.028+0000] {processor.py:186} INFO - Started process (PID=196) to work on /home/airflow/.local/lib/python3.12/site-packages/airflow/example_dags/example_python_decorator.py
[2024-12-01T08:52:39.028+0000] {processor.py:914} INFO - Processing file /home/airflow/.local/lib/python3.12/site-packages/airflow/example_dags/example_python_decorator.py for tasks to queue
[2024-12-01T08:52:39.029+0000] {logging_mixin.py:190} INFO - [2024-12-01T08:52:39.029+0000] {dagbag.py:588} INFO - Filling up the DagBag from /home/airflow/.local/lib/python3.12/site-packages/airflow/example_dags/example_python_decorator.py
[2024-12-01T08:52:39.036+0000] {processor.py:925} INFO - DAG(s) 'example_python_decorator' retrieved from /home/airflow/.local/lib/python3.12/site-packages/airflow/example_dags/example_python_decorator.py
[2024-12-01T08:52:39.048+0000] {logging_mixin.py:190} INFO - [2024-12-01T08:52:39.048+0000] {dag.py:3239} INFO - Sync 1 DAGs
[2024-12-01T08:52:39.055+0000] {logging_mixin.py:190} INFO - [2024-12-01T08:52:39.055+0000] {dag.py:4180} INFO - Setting next_dagrun for example_python_decorator to None, run_after=None
[2024-12-01T08:52:39.064+0000] {processor.py:208} INFO - Processing /home/airflow/.local/lib/python3.12/site-packages/airflow/example_dags/example_python_decorator.py took 0.040 seconds
[2024-12-01T08:53:09.356+0000] {processor.py:186} INFO - Started process (PID=259) to work on /home/airflow/.local/lib/python3.12/site-packages/airflow/example_dags/example_python_decorator.py
[2024-12-01T08:53:09.357+0000] {processor.py:914} INFO - Processing file /home/airflow/.local/lib/python3.12/site-packages/airflow/example_dags/example_python_decorator.py for tasks to queue
[2024-12-01T08:53:09.358+0000] {logging_mixin.py:190} INFO - [2024-12-01T08:53:09.358+0000] {dagbag.py:588} INFO - Filling up the DagBag from /home/airflow/.local/lib/python3.12/site-packages/airflow/example_dags/example_python_decorator.py
[2024-12-01T08:53:09.366+0000] {processor.py:925} INFO - DAG(s) 'example_python_decorator' retrieved from /home/airflow/.local/lib/python3.12/site-packages/airflow/example_dags/example_python_decorator.py
[2024-12-01T08:53:09.379+0000] {logging_mixin.py:190} INFO - [2024-12-01T08:53:09.379+0000] {dag.py:3239} INFO - Sync 1 DAGs
[2024-12-01T08:53:09.387+0000] {logging_mixin.py:190} INFO - [2024-12-01T08:53:09.387+0000] {dag.py:4180} INFO - Setting next_dagrun for example_python_decorator to None, run_after=None
[2024-12-01T08:53:09.398+0000] {processor.py:208} INFO - Processing /home/airflow/.local/lib/python3.12/site-packages/airflow/example_dags/example_python_decorator.py took 0.045 seconds
[2024-12-01T08:53:39.730+0000] {processor.py:186} INFO - Started process (PID=322) to work on /home/airflow/.local/lib/python3.12/site-packages/airflow/example_dags/example_python_decorator.py
[2024-12-01T08:53:39.731+0000] {processor.py:914} INFO - Processing file /home/airflow/.local/lib/python3.12/site-packages/airflow/example_dags/example_python_decorator.py for tasks to queue
[2024-12-01T08:53:39.732+0000] {logging_mixin.py:190} INFO - [2024-12-01T08:53:39.732+0000] {dagbag.py:588} INFO - Filling up the DagBag from /home/airflow/.local/lib/python3.12/site-packages/airflow/example_dags/example_python_decorator.py
[2024-12-01T08:53:39.740+0000] {processor.py:925} INFO - DAG(s) 'example_python_decorator' retrieved from /home/airflow/.local/lib/python3.12/site-packages/airflow/example_dags/example_python_decorator.py
[2024-12-01T08:53:39.754+0000] {logging_mixin.py:190} INFO - [2024-12-01T08:53:39.754+0000] {dag.py:3239} INFO - Sync 1 DAGs
[2024-12-01T08:53:39.762+0000] {logging_mixin.py:190} INFO - [2024-12-01T08:53:39.762+0000] {dag.py:4180} INFO - Setting next_dagrun for example_python_decorator to None, run_after=None
[2024-12-01T08:53:39.773+0000] {processor.py:208} INFO - Processing /home/airflow/.local/lib/python3.12/site-packages/airflow/example_dags/example_python_decorator.py took 0.046 seconds
[2024-12-01T08:54:09.887+0000] {processor.py:186} INFO - Started process (PID=385) to work on /home/airflow/.local/lib/python3.12/site-packages/airflow/example_dags/example_python_decorator.py
[2024-12-01T08:54:09.887+0000] {processor.py:914} INFO - Processing file /home/airflow/.local/lib/python3.12/site-packages/airflow/example_dags/example_python_decorator.py for tasks to queue
[2024-12-01T08:54:09.888+0000] {logging_mixin.py:190} INFO - [2024-12-01T08:54:09.888+0000] {dagbag.py:588} INFO - Filling up the DagBag from /home/airflow/.local/lib/python3.12/site-packages/airflow/example_dags/example_python_decorator.py
[2024-12-01T08:54:09.896+0000] {processor.py:925} INFO - DAG(s) 'example_python_decorator' retrieved from /home/airflow/.local/lib/python3.12/site-packages/airflow/example_dags/example_python_decorator.py
[2024-12-01T08:54:09.907+0000] {logging_mixin.py:190} INFO - [2024-12-01T08:54:09.906+0000] {dag.py:3239} INFO - Sync 1 DAGs
[2024-12-01T08:54:09.914+0000] {logging_mixin.py:190} INFO - [2024-12-01T08:54:09.914+0000] {dag.py:4180} INFO - Setting next_dagrun for example_python_decorator to None, run_after=None
[2024-12-01T08:54:09.922+0000] {processor.py:208} INFO - Processing /home/airflow/.local/lib/python3.12/site-packages/airflow/example_dags/example_python_decorator.py took 0.039 seconds
[2024-12-01T08:54:40.218+0000] {processor.py:186} INFO - Started process (PID=448) to work on /home/airflow/.local/lib/python3.12/site-packages/airflow/example_dags/example_python_decorator.py
[2024-12-01T08:54:40.219+0000] {processor.py:914} INFO - Processing file /home/airflow/.local/lib/python3.12/site-packages/airflow/example_dags/example_python_decorator.py for tasks to queue
[2024-12-01T08:54:40.220+0000] {logging_mixin.py:190} INFO - [2024-12-01T08:54:40.220+0000] {dagbag.py:588} INFO - Filling up the DagBag from /home/airflow/.local/lib/python3.12/site-packages/airflow/example_dags/example_python_decorator.py
[2024-12-01T08:54:40.231+0000] {processor.py:925} INFO - DAG(s) 'example_python_decorator' retrieved from /home/airflow/.local/lib/python3.12/site-packages/airflow/example_dags/example_python_decorator.py
[2024-12-01T08:54:40.244+0000] {logging_mixin.py:190} INFO - [2024-12-01T08:54:40.244+0000] {dag.py:3239} INFO - Sync 1 DAGs
[2024-12-01T08:54:40.250+0000] {logging_mixin.py:190} INFO - [2024-12-01T08:54:40.250+0000] {dag.py:4180} INFO - Setting next_dagrun for example_python_decorator to None, run_after=None
[2024-12-01T08:54:40.259+0000] {processor.py:208} INFO - Processing /home/airflow/.local/lib/python3.12/site-packages/airflow/example_dags/example_python_decorator.py took 0.045 seconds
[2024-12-01T08:55:10.448+0000] {processor.py:186} INFO - Started process (PID=511) to work on /home/airflow/.local/lib/python3.12/site-packages/airflow/example_dags/example_python_decorator.py
[2024-12-01T08:55:10.448+0000] {processor.py:914} INFO - Processing file /home/airflow/.local/lib/python3.12/site-packages/airflow/example_dags/example_python_decorator.py for tasks to queue
[2024-12-01T08:55:10.449+0000] {logging_mixin.py:190} INFO - [2024-12-01T08:55:10.449+0000] {dagbag.py:588} INFO - Filling up the DagBag from /home/airflow/.local/lib/python3.12/site-packages/airflow/example_dags/example_python_decorator.py
[2024-12-01T08:55:10.457+0000] {processor.py:925} INFO - DAG(s) 'example_python_decorator' retrieved from /home/airflow/.local/lib/python3.12/site-packages/airflow/example_dags/example_python_decorator.py
[2024-12-01T08:55:10.470+0000] {logging_mixin.py:190} INFO - [2024-12-01T08:55:10.470+0000] {dag.py:3239} INFO - Sync 1 DAGs
[2024-12-01T08:55:10.477+0000] {logging_mixin.py:190} INFO - [2024-12-01T08:55:10.477+0000] {dag.py:4180} INFO - Setting next_dagrun for example_python_decorator to None, run_after=None
[2024-12-01T08:55:10.487+0000] {processor.py:208} INFO - Processing /home/airflow/.local/lib/python3.12/site-packages/airflow/example_dags/example_python_decorator.py took 0.043 seconds
[2024-12-01T08:55:40.679+0000] {processor.py:186} INFO - Started process (PID=574) to work on /home/airflow/.local/lib/python3.12/site-packages/airflow/example_dags/example_python_decorator.py
[2024-12-01T08:55:40.679+0000] {processor.py:914} INFO - Processing file /home/airflow/.local/lib/python3.12/site-packages/airflow/example_dags/example_python_decorator.py for tasks to queue
[2024-12-01T08:55:40.680+0000] {logging_mixin.py:190} INFO - [2024-12-01T08:55:40.680+0000] {dagbag.py:588} INFO - Filling up the DagBag from /home/airflow/.local/lib/python3.12/site-packages/airflow/example_dags/example_python_decorator.py
[2024-12-01T08:55:40.689+0000] {processor.py:925} INFO - DAG(s) 'example_python_decorator' retrieved from /home/airflow/.local/lib/python3.12/site-packages/airflow/example_dags/example_python_decorator.py
[2024-12-01T08:55:40.707+0000] {logging_mixin.py:190} INFO - [2024-12-01T08:55:40.706+0000] {dag.py:3239} INFO - Sync 1 DAGs
[2024-12-01T08:55:40.714+0000] {logging_mixin.py:190} INFO - [2024-12-01T08:55:40.714+0000] {dag.py:4180} INFO - Setting next_dagrun for example_python_decorator to None, run_after=None
[2024-12-01T08:55:40.724+0000] {processor.py:208} INFO - Processing /home/airflow/.local/lib/python3.12/site-packages/airflow/example_dags/example_python_decorator.py took 0.049 seconds
[2024-12-01T08:56:10.963+0000] {processor.py:186} INFO - Started process (PID=637) to work on /home/airflow/.local/lib/python3.12/site-packages/airflow/example_dags/example_python_decorator.py
[2024-12-01T08:56:10.963+0000] {processor.py:914} INFO - Processing file /home/airflow/.local/lib/python3.12/site-packages/airflow/example_dags/example_python_decorator.py for tasks to queue
[2024-12-01T08:56:10.965+0000] {logging_mixin.py:190} INFO - [2024-12-01T08:56:10.965+0000] {dagbag.py:588} INFO - Filling up the DagBag from /home/airflow/.local/lib/python3.12/site-packages/airflow/example_dags/example_python_decorator.py
[2024-12-01T08:56:10.974+0000] {processor.py:925} INFO - DAG(s) 'example_python_decorator' retrieved from /home/airflow/.local/lib/python3.12/site-packages/airflow/example_dags/example_python_decorator.py
[2024-12-01T08:56:10.991+0000] {logging_mixin.py:190} INFO - [2024-12-01T08:56:10.991+0000] {dag.py:3239} INFO - Sync 1 DAGs
[2024-12-01T08:56:11.001+0000] {logging_mixin.py:190} INFO - [2024-12-01T08:56:11.001+0000] {dag.py:4180} INFO - Setting next_dagrun for example_python_decorator to None, run_after=None
[2024-12-01T08:56:11.015+0000] {processor.py:208} INFO - Processing /home/airflow/.local/lib/python3.12/site-packages/airflow/example_dags/example_python_decorator.py took 0.057 seconds
[2024-12-01T08:56:41.845+0000] {processor.py:186} INFO - Started process (PID=706) to work on /home/airflow/.local/lib/python3.12/site-packages/airflow/example_dags/example_python_decorator.py
[2024-12-01T08:56:41.846+0000] {processor.py:914} INFO - Processing file /home/airflow/.local/lib/python3.12/site-packages/airflow/example_dags/example_python_decorator.py for tasks to queue
[2024-12-01T08:56:41.847+0000] {logging_mixin.py:190} INFO - [2024-12-01T08:56:41.847+0000] {dagbag.py:588} INFO - Filling up the DagBag from /home/airflow/.local/lib/python3.12/site-packages/airflow/example_dags/example_python_decorator.py
[2024-12-01T08:56:41.858+0000] {processor.py:925} INFO - DAG(s) 'example_python_decorator' retrieved from /home/airflow/.local/lib/python3.12/site-packages/airflow/example_dags/example_python_decorator.py
[2024-12-01T08:56:41.873+0000] {logging_mixin.py:190} INFO - [2024-12-01T08:56:41.873+0000] {dag.py:3239} INFO - Sync 1 DAGs
[2024-12-01T08:56:41.882+0000] {logging_mixin.py:190} INFO - [2024-12-01T08:56:41.881+0000] {dag.py:4180} INFO - Setting next_dagrun for example_python_decorator to None, run_after=None
[2024-12-01T08:56:41.896+0000] {processor.py:208} INFO - Processing /home/airflow/.local/lib/python3.12/site-packages/airflow/example_dags/example_python_decorator.py took 0.055 seconds
[2024-12-01T08:57:12.577+0000] {processor.py:186} INFO - Started process (PID=769) to work on /home/airflow/.local/lib/python3.12/site-packages/airflow/example_dags/example_python_decorator.py
[2024-12-01T08:57:12.578+0000] {processor.py:914} INFO - Processing file /home/airflow/.local/lib/python3.12/site-packages/airflow/example_dags/example_python_decorator.py for tasks to queue
[2024-12-01T08:57:12.579+0000] {logging_mixin.py:190} INFO - [2024-12-01T08:57:12.579+0000] {dagbag.py:588} INFO - Filling up the DagBag from /home/airflow/.local/lib/python3.12/site-packages/airflow/example_dags/example_python_decorator.py
[2024-12-01T08:57:12.586+0000] {processor.py:925} INFO - DAG(s) 'example_python_decorator' retrieved from /home/airflow/.local/lib/python3.12/site-packages/airflow/example_dags/example_python_decorator.py
[2024-12-01T08:57:12.604+0000] {logging_mixin.py:190} INFO - [2024-12-01T08:57:12.604+0000] {dag.py:3239} INFO - Sync 1 DAGs
[2024-12-01T08:57:12.614+0000] {logging_mixin.py:190} INFO - [2024-12-01T08:57:12.614+0000] {dag.py:4180} INFO - Setting next_dagrun for example_python_decorator to None, run_after=None
[2024-12-01T08:57:12.628+0000] {processor.py:208} INFO - Processing /home/airflow/.local/lib/python3.12/site-packages/airflow/example_dags/example_python_decorator.py took 0.054 seconds
[2024-12-01T08:57:43.301+0000] {processor.py:186} INFO - Started process (PID=832) to work on /home/airflow/.local/lib/python3.12/site-packages/airflow/example_dags/example_python_decorator.py
[2024-12-01T08:57:43.301+0000] {processor.py:914} INFO - Processing file /home/airflow/.local/lib/python3.12/site-packages/airflow/example_dags/example_python_decorator.py for tasks to queue
[2024-12-01T08:57:43.302+0000] {logging_mixin.py:190} INFO - [2024-12-01T08:57:43.302+0000] {dagbag.py:588} INFO - Filling up the DagBag from /home/airflow/.local/lib/python3.12/site-packages/airflow/example_dags/example_python_decorator.py
[2024-12-01T08:57:43.309+0000] {processor.py:925} INFO - DAG(s) 'example_python_decorator' retrieved from /home/airflow/.local/lib/python3.12/site-packages/airflow/example_dags/example_python_decorator.py
[2024-12-01T08:57:43.324+0000] {logging_mixin.py:190} INFO - [2024-12-01T08:57:43.323+0000] {dag.py:3239} INFO - Sync 1 DAGs
[2024-12-01T08:57:43.335+0000] {logging_mixin.py:190} INFO - [2024-12-01T08:57:43.335+0000] {dag.py:4180} INFO - Setting next_dagrun for example_python_decorator to None, run_after=None
[2024-12-01T08:57:43.348+0000] {processor.py:208} INFO - Processing /home/airflow/.local/lib/python3.12/site-packages/airflow/example_dags/example_python_decorator.py took 0.050 seconds
[2024-12-01T08:58:14.171+0000] {processor.py:186} INFO - Started process (PID=895) to work on /home/airflow/.local/lib/python3.12/site-packages/airflow/example_dags/example_python_decorator.py
[2024-12-01T08:58:14.172+0000] {processor.py:914} INFO - Processing file /home/airflow/.local/lib/python3.12/site-packages/airflow/example_dags/example_python_decorator.py for tasks to queue
[2024-12-01T08:58:14.173+0000] {logging_mixin.py:190} INFO - [2024-12-01T08:58:14.173+0000] {dagbag.py:588} INFO - Filling up the DagBag from /home/airflow/.local/lib/python3.12/site-packages/airflow/example_dags/example_python_decorator.py
[2024-12-01T08:58:14.181+0000] {processor.py:925} INFO - DAG(s) 'example_python_decorator' retrieved from /home/airflow/.local/lib/python3.12/site-packages/airflow/example_dags/example_python_decorator.py
[2024-12-01T08:58:14.195+0000] {logging_mixin.py:190} INFO - [2024-12-01T08:58:14.195+0000] {dag.py:3239} INFO - Sync 1 DAGs
[2024-12-01T08:58:14.203+0000] {logging_mixin.py:190} INFO - [2024-12-01T08:58:14.203+0000] {dag.py:4180} INFO - Setting next_dagrun for example_python_decorator to None, run_after=None
[2024-12-01T08:58:14.214+0000] {processor.py:208} INFO - Processing /home/airflow/.local/lib/python3.12/site-packages/airflow/example_dags/example_python_decorator.py took 0.046 seconds
[2024-12-01T08:58:44.936+0000] {processor.py:186} INFO - Started process (PID=958) to work on /home/airflow/.local/lib/python3.12/site-packages/airflow/example_dags/example_python_decorator.py
[2024-12-01T08:58:44.936+0000] {processor.py:914} INFO - Processing file /home/airflow/.local/lib/python3.12/site-packages/airflow/example_dags/example_python_decorator.py for tasks to queue
[2024-12-01T08:58:44.937+0000] {logging_mixin.py:190} INFO - [2024-12-01T08:58:44.937+0000] {dagbag.py:588} INFO - Filling up the DagBag from /home/airflow/.local/lib/python3.12/site-packages/airflow/example_dags/example_python_decorator.py
[2024-12-01T08:58:44.944+0000] {processor.py:925} INFO - DAG(s) 'example_python_decorator' retrieved from /home/airflow/.local/lib/python3.12/site-packages/airflow/example_dags/example_python_decorator.py
[2024-12-01T08:58:44.957+0000] {logging_mixin.py:190} INFO - [2024-12-01T08:58:44.957+0000] {dag.py:3239} INFO - Sync 1 DAGs
[2024-12-01T08:58:44.964+0000] {logging_mixin.py:190} INFO - [2024-12-01T08:58:44.964+0000] {dag.py:4180} INFO - Setting next_dagrun for example_python_decorator to None, run_after=None
[2024-12-01T08:58:44.974+0000] {processor.py:208} INFO - Processing /home/airflow/.local/lib/python3.12/site-packages/airflow/example_dags/example_python_decorator.py took 0.041 seconds
[2024-12-01T08:59:15.785+0000] {processor.py:186} INFO - Started process (PID=1021) to work on /home/airflow/.local/lib/python3.12/site-packages/airflow/example_dags/example_python_decorator.py
[2024-12-01T08:59:15.785+0000] {processor.py:914} INFO - Processing file /home/airflow/.local/lib/python3.12/site-packages/airflow/example_dags/example_python_decorator.py for tasks to queue
[2024-12-01T08:59:15.787+0000] {logging_mixin.py:190} INFO - [2024-12-01T08:59:15.787+0000] {dagbag.py:588} INFO - Filling up the DagBag from /home/airflow/.local/lib/python3.12/site-packages/airflow/example_dags/example_python_decorator.py
[2024-12-01T08:59:15.797+0000] {processor.py:925} INFO - DAG(s) 'example_python_decorator' retrieved from /home/airflow/.local/lib/python3.12/site-packages/airflow/example_dags/example_python_decorator.py
[2024-12-01T08:59:15.812+0000] {logging_mixin.py:190} INFO - [2024-12-01T08:59:15.812+0000] {dag.py:3239} INFO - Sync 1 DAGs
[2024-12-01T08:59:15.822+0000] {logging_mixin.py:190} INFO - [2024-12-01T08:59:15.822+0000] {dag.py:4180} INFO - Setting next_dagrun for example_python_decorator to None, run_after=None
[2024-12-01T08:59:15.832+0000] {processor.py:208} INFO - Processing /home/airflow/.local/lib/python3.12/site-packages/airflow/example_dags/example_python_decorator.py took 0.051 seconds
[2024-12-01T08:59:46.670+0000] {processor.py:186} INFO - Started process (PID=1084) to work on /home/airflow/.local/lib/python3.12/site-packages/airflow/example_dags/example_python_decorator.py
[2024-12-01T08:59:46.671+0000] {processor.py:914} INFO - Processing file /home/airflow/.local/lib/python3.12/site-packages/airflow/example_dags/example_python_decorator.py for tasks to queue
[2024-12-01T08:59:46.672+0000] {logging_mixin.py:190} INFO - [2024-12-01T08:59:46.672+0000] {dagbag.py:588} INFO - Filling up the DagBag from /home/airflow/.local/lib/python3.12/site-packages/airflow/example_dags/example_python_decorator.py
[2024-12-01T08:59:46.679+0000] {processor.py:925} INFO - DAG(s) 'example_python_decorator' retrieved from /home/airflow/.local/lib/python3.12/site-packages/airflow/example_dags/example_python_decorator.py
[2024-12-01T08:59:46.696+0000] {logging_mixin.py:190} INFO - [2024-12-01T08:59:46.695+0000] {dag.py:3239} INFO - Sync 1 DAGs
[2024-12-01T08:59:46.705+0000] {logging_mixin.py:190} INFO - [2024-12-01T08:59:46.705+0000] {dag.py:4180} INFO - Setting next_dagrun for example_python_decorator to None, run_after=None
[2024-12-01T08:59:46.718+0000] {processor.py:208} INFO - Processing /home/airflow/.local/lib/python3.12/site-packages/airflow/example_dags/example_python_decorator.py took 0.050 seconds
[2024-12-01T09:00:17.508+0000] {processor.py:186} INFO - Started process (PID=1147) to work on /home/airflow/.local/lib/python3.12/site-packages/airflow/example_dags/example_python_decorator.py
[2024-12-01T09:00:17.509+0000] {processor.py:914} INFO - Processing file /home/airflow/.local/lib/python3.12/site-packages/airflow/example_dags/example_python_decorator.py for tasks to queue
[2024-12-01T09:00:17.510+0000] {logging_mixin.py:190} INFO - [2024-12-01T09:00:17.510+0000] {dagbag.py:588} INFO - Filling up the DagBag from /home/airflow/.local/lib/python3.12/site-packages/airflow/example_dags/example_python_decorator.py
[2024-12-01T09:00:17.517+0000] {processor.py:925} INFO - DAG(s) 'example_python_decorator' retrieved from /home/airflow/.local/lib/python3.12/site-packages/airflow/example_dags/example_python_decorator.py
[2024-12-01T09:00:17.533+0000] {logging_mixin.py:190} INFO - [2024-12-01T09:00:17.533+0000] {dag.py:3239} INFO - Sync 1 DAGs
[2024-12-01T09:00:17.544+0000] {logging_mixin.py:190} INFO - [2024-12-01T09:00:17.544+0000] {dag.py:4180} INFO - Setting next_dagrun for example_python_decorator to None, run_after=None
[2024-12-01T09:00:17.556+0000] {processor.py:208} INFO - Processing /home/airflow/.local/lib/python3.12/site-packages/airflow/example_dags/example_python_decorator.py took 0.051 seconds
[2024-12-01T09:00:48.155+0000] {processor.py:186} INFO - Started process (PID=1210) to work on /home/airflow/.local/lib/python3.12/site-packages/airflow/example_dags/example_python_decorator.py
[2024-12-01T09:00:48.156+0000] {processor.py:914} INFO - Processing file /home/airflow/.local/lib/python3.12/site-packages/airflow/example_dags/example_python_decorator.py for tasks to queue
[2024-12-01T09:00:48.158+0000] {logging_mixin.py:190} INFO - [2024-12-01T09:00:48.158+0000] {dagbag.py:588} INFO - Filling up the DagBag from /home/airflow/.local/lib/python3.12/site-packages/airflow/example_dags/example_python_decorator.py
[2024-12-01T09:00:48.166+0000] {processor.py:925} INFO - DAG(s) 'example_python_decorator' retrieved from /home/airflow/.local/lib/python3.12/site-packages/airflow/example_dags/example_python_decorator.py
[2024-12-01T09:00:48.179+0000] {logging_mixin.py:190} INFO - [2024-12-01T09:00:48.178+0000] {dag.py:3239} INFO - Sync 1 DAGs
[2024-12-01T09:00:48.185+0000] {logging_mixin.py:190} INFO - [2024-12-01T09:00:48.185+0000] {dag.py:4180} INFO - Setting next_dagrun for example_python_decorator to None, run_after=None
[2024-12-01T09:00:48.195+0000] {processor.py:208} INFO - Processing /home/airflow/.local/lib/python3.12/site-packages/airflow/example_dags/example_python_decorator.py took 0.044 seconds
[2024-12-01T09:01:18.375+0000] {processor.py:186} INFO - Started process (PID=1273) to work on /home/airflow/.local/lib/python3.12/site-packages/airflow/example_dags/example_python_decorator.py
[2024-12-01T09:01:18.376+0000] {processor.py:914} INFO - Processing file /home/airflow/.local/lib/python3.12/site-packages/airflow/example_dags/example_python_decorator.py for tasks to queue
[2024-12-01T09:01:18.377+0000] {logging_mixin.py:190} INFO - [2024-12-01T09:01:18.377+0000] {dagbag.py:588} INFO - Filling up the DagBag from /home/airflow/.local/lib/python3.12/site-packages/airflow/example_dags/example_python_decorator.py
[2024-12-01T09:01:18.384+0000] {processor.py:925} INFO - DAG(s) 'example_python_decorator' retrieved from /home/airflow/.local/lib/python3.12/site-packages/airflow/example_dags/example_python_decorator.py
[2024-12-01T09:01:18.400+0000] {logging_mixin.py:190} INFO - [2024-12-01T09:01:18.399+0000] {dag.py:3239} INFO - Sync 1 DAGs
[2024-12-01T09:01:18.409+0000] {logging_mixin.py:190} INFO - [2024-12-01T09:01:18.409+0000] {dag.py:4180} INFO - Setting next_dagrun for example_python_decorator to None, run_after=None
[2024-12-01T09:01:18.422+0000] {processor.py:208} INFO - Processing /home/airflow/.local/lib/python3.12/site-packages/airflow/example_dags/example_python_decorator.py took 0.051 seconds
[2024-12-01T09:01:48.780+0000] {processor.py:186} INFO - Started process (PID=1337) to work on /home/airflow/.local/lib/python3.12/site-packages/airflow/example_dags/example_python_decorator.py
[2024-12-01T09:01:48.780+0000] {processor.py:914} INFO - Processing file /home/airflow/.local/lib/python3.12/site-packages/airflow/example_dags/example_python_decorator.py for tasks to queue
[2024-12-01T09:01:48.782+0000] {logging_mixin.py:190} INFO - [2024-12-01T09:01:48.782+0000] {dagbag.py:588} INFO - Filling up the DagBag from /home/airflow/.local/lib/python3.12/site-packages/airflow/example_dags/example_python_decorator.py
[2024-12-01T09:01:48.792+0000] {processor.py:925} INFO - DAG(s) 'example_python_decorator' retrieved from /home/airflow/.local/lib/python3.12/site-packages/airflow/example_dags/example_python_decorator.py
[2024-12-01T09:01:48.811+0000] {logging_mixin.py:190} INFO - [2024-12-01T09:01:48.810+0000] {dag.py:3239} INFO - Sync 1 DAGs
[2024-12-01T09:01:48.819+0000] {logging_mixin.py:190} INFO - [2024-12-01T09:01:48.819+0000] {dag.py:4180} INFO - Setting next_dagrun for example_python_decorator to None, run_after=None
[2024-12-01T09:01:48.833+0000] {processor.py:208} INFO - Processing /home/airflow/.local/lib/python3.12/site-packages/airflow/example_dags/example_python_decorator.py took 0.058 seconds
[2024-12-01T09:02:18.873+0000] {processor.py:186} INFO - Started process (PID=1400) to work on /home/airflow/.local/lib/python3.12/site-packages/airflow/example_dags/example_python_decorator.py
[2024-12-01T09:02:18.874+0000] {processor.py:914} INFO - Processing file /home/airflow/.local/lib/python3.12/site-packages/airflow/example_dags/example_python_decorator.py for tasks to queue
[2024-12-01T09:02:18.875+0000] {logging_mixin.py:190} INFO - [2024-12-01T09:02:18.875+0000] {dagbag.py:588} INFO - Filling up the DagBag from /home/airflow/.local/lib/python3.12/site-packages/airflow/example_dags/example_python_decorator.py
[2024-12-01T09:02:18.884+0000] {processor.py:925} INFO - DAG(s) 'example_python_decorator' retrieved from /home/airflow/.local/lib/python3.12/site-packages/airflow/example_dags/example_python_decorator.py
[2024-12-01T09:02:18.898+0000] {logging_mixin.py:190} INFO - [2024-12-01T09:02:18.898+0000] {dag.py:3239} INFO - Sync 1 DAGs
[2024-12-01T09:02:18.906+0000] {logging_mixin.py:190} INFO - [2024-12-01T09:02:18.906+0000] {dag.py:4180} INFO - Setting next_dagrun for example_python_decorator to None, run_after=None
[2024-12-01T09:02:18.916+0000] {processor.py:208} INFO - Processing /home/airflow/.local/lib/python3.12/site-packages/airflow/example_dags/example_python_decorator.py took 0.047 seconds
[2024-12-01T09:02:49.794+0000] {processor.py:186} INFO - Started process (PID=1463) to work on /home/airflow/.local/lib/python3.12/site-packages/airflow/example_dags/example_python_decorator.py
[2024-12-01T09:02:49.794+0000] {processor.py:914} INFO - Processing file /home/airflow/.local/lib/python3.12/site-packages/airflow/example_dags/example_python_decorator.py for tasks to queue
[2024-12-01T09:02:49.796+0000] {logging_mixin.py:190} INFO - [2024-12-01T09:02:49.795+0000] {dagbag.py:588} INFO - Filling up the DagBag from /home/airflow/.local/lib/python3.12/site-packages/airflow/example_dags/example_python_decorator.py
[2024-12-01T09:02:49.805+0000] {processor.py:925} INFO - DAG(s) 'example_python_decorator' retrieved from /home/airflow/.local/lib/python3.12/site-packages/airflow/example_dags/example_python_decorator.py
[2024-12-01T09:02:49.826+0000] {logging_mixin.py:190} INFO - [2024-12-01T09:02:49.826+0000] {dag.py:3239} INFO - Sync 1 DAGs
[2024-12-01T09:02:49.836+0000] {logging_mixin.py:190} INFO - [2024-12-01T09:02:49.836+0000] {dag.py:4180} INFO - Setting next_dagrun for example_python_decorator to None, run_after=None
[2024-12-01T09:02:49.848+0000] {processor.py:208} INFO - Processing /home/airflow/.local/lib/python3.12/site-packages/airflow/example_dags/example_python_decorator.py took 0.059 seconds
[2024-12-01T09:03:20.347+0000] {processor.py:186} INFO - Started process (PID=1526) to work on /home/airflow/.local/lib/python3.12/site-packages/airflow/example_dags/example_python_decorator.py
[2024-12-01T09:03:20.347+0000] {processor.py:914} INFO - Processing file /home/airflow/.local/lib/python3.12/site-packages/airflow/example_dags/example_python_decorator.py for tasks to queue
[2024-12-01T09:03:20.348+0000] {logging_mixin.py:190} INFO - [2024-12-01T09:03:20.348+0000] {dagbag.py:588} INFO - Filling up the DagBag from /home/airflow/.local/lib/python3.12/site-packages/airflow/example_dags/example_python_decorator.py
[2024-12-01T09:03:20.356+0000] {processor.py:925} INFO - DAG(s) 'example_python_decorator' retrieved from /home/airflow/.local/lib/python3.12/site-packages/airflow/example_dags/example_python_decorator.py
[2024-12-01T09:03:20.370+0000] {logging_mixin.py:190} INFO - [2024-12-01T09:03:20.370+0000] {dag.py:3239} INFO - Sync 1 DAGs
[2024-12-01T09:03:20.380+0000] {logging_mixin.py:190} INFO - [2024-12-01T09:03:20.379+0000] {dag.py:4180} INFO - Setting next_dagrun for example_python_decorator to None, run_after=None
[2024-12-01T09:03:20.393+0000] {processor.py:208} INFO - Processing /home/airflow/.local/lib/python3.12/site-packages/airflow/example_dags/example_python_decorator.py took 0.050 seconds
[2024-12-01T09:03:50.912+0000] {processor.py:186} INFO - Started process (PID=1589) to work on /home/airflow/.local/lib/python3.12/site-packages/airflow/example_dags/example_python_decorator.py
[2024-12-01T09:03:50.913+0000] {processor.py:914} INFO - Processing file /home/airflow/.local/lib/python3.12/site-packages/airflow/example_dags/example_python_decorator.py for tasks to queue
[2024-12-01T09:03:50.914+0000] {logging_mixin.py:190} INFO - [2024-12-01T09:03:50.914+0000] {dagbag.py:588} INFO - Filling up the DagBag from /home/airflow/.local/lib/python3.12/site-packages/airflow/example_dags/example_python_decorator.py
[2024-12-01T09:03:50.922+0000] {processor.py:925} INFO - DAG(s) 'example_python_decorator' retrieved from /home/airflow/.local/lib/python3.12/site-packages/airflow/example_dags/example_python_decorator.py
[2024-12-01T09:03:50.933+0000] {logging_mixin.py:190} INFO - [2024-12-01T09:03:50.933+0000] {dag.py:3239} INFO - Sync 1 DAGs
[2024-12-01T09:03:50.940+0000] {logging_mixin.py:190} INFO - [2024-12-01T09:03:50.940+0000] {dag.py:4180} INFO - Setting next_dagrun for example_python_decorator to None, run_after=None
[2024-12-01T09:03:50.949+0000] {processor.py:208} INFO - Processing /home/airflow/.local/lib/python3.12/site-packages/airflow/example_dags/example_python_decorator.py took 0.041 seconds
[2024-12-01T09:04:21.953+0000] {processor.py:186} INFO - Started process (PID=1652) to work on /home/airflow/.local/lib/python3.12/site-packages/airflow/example_dags/example_python_decorator.py
[2024-12-01T09:04:21.954+0000] {processor.py:914} INFO - Processing file /home/airflow/.local/lib/python3.12/site-packages/airflow/example_dags/example_python_decorator.py for tasks to queue
[2024-12-01T09:04:21.956+0000] {logging_mixin.py:190} INFO - [2024-12-01T09:04:21.955+0000] {dagbag.py:588} INFO - Filling up the DagBag from /home/airflow/.local/lib/python3.12/site-packages/airflow/example_dags/example_python_decorator.py
[2024-12-01T09:04:21.963+0000] {processor.py:925} INFO - DAG(s) 'example_python_decorator' retrieved from /home/airflow/.local/lib/python3.12/site-packages/airflow/example_dags/example_python_decorator.py
[2024-12-01T09:04:21.979+0000] {logging_mixin.py:190} INFO - [2024-12-01T09:04:21.979+0000] {dag.py:3239} INFO - Sync 1 DAGs
[2024-12-01T09:04:21.988+0000] {logging_mixin.py:190} INFO - [2024-12-01T09:04:21.988+0000] {dag.py:4180} INFO - Setting next_dagrun for example_python_decorator to None, run_after=None
[2024-12-01T09:04:21.998+0000] {processor.py:208} INFO - Processing /home/airflow/.local/lib/python3.12/site-packages/airflow/example_dags/example_python_decorator.py took 0.050 seconds
[2024-12-01T09:04:52.548+0000] {processor.py:186} INFO - Started process (PID=1715) to work on /home/airflow/.local/lib/python3.12/site-packages/airflow/example_dags/example_python_decorator.py
[2024-12-01T09:04:52.549+0000] {processor.py:914} INFO - Processing file /home/airflow/.local/lib/python3.12/site-packages/airflow/example_dags/example_python_decorator.py for tasks to queue
[2024-12-01T09:04:52.550+0000] {logging_mixin.py:190} INFO - [2024-12-01T09:04:52.550+0000] {dagbag.py:588} INFO - Filling up the DagBag from /home/airflow/.local/lib/python3.12/site-packages/airflow/example_dags/example_python_decorator.py
[2024-12-01T09:04:52.558+0000] {processor.py:925} INFO - DAG(s) 'example_python_decorator' retrieved from /home/airflow/.local/lib/python3.12/site-packages/airflow/example_dags/example_python_decorator.py
[2024-12-01T09:04:52.574+0000] {logging_mixin.py:190} INFO - [2024-12-01T09:04:52.574+0000] {dag.py:3239} INFO - Sync 1 DAGs
[2024-12-01T09:04:52.583+0000] {logging_mixin.py:190} INFO - [2024-12-01T09:04:52.583+0000] {dag.py:4180} INFO - Setting next_dagrun for example_python_decorator to None, run_after=None
[2024-12-01T09:04:52.597+0000] {processor.py:208} INFO - Processing /home/airflow/.local/lib/python3.12/site-packages/airflow/example_dags/example_python_decorator.py took 0.053 seconds
[2024-12-01T09:05:23.233+0000] {processor.py:186} INFO - Started process (PID=1778) to work on /home/airflow/.local/lib/python3.12/site-packages/airflow/example_dags/example_python_decorator.py
[2024-12-01T09:05:23.234+0000] {processor.py:914} INFO - Processing file /home/airflow/.local/lib/python3.12/site-packages/airflow/example_dags/example_python_decorator.py for tasks to queue
[2024-12-01T09:05:23.235+0000] {logging_mixin.py:190} INFO - [2024-12-01T09:05:23.235+0000] {dagbag.py:588} INFO - Filling up the DagBag from /home/airflow/.local/lib/python3.12/site-packages/airflow/example_dags/example_python_decorator.py
[2024-12-01T09:05:23.244+0000] {processor.py:925} INFO - DAG(s) 'example_python_decorator' retrieved from /home/airflow/.local/lib/python3.12/site-packages/airflow/example_dags/example_python_decorator.py
[2024-12-01T09:05:23.259+0000] {logging_mixin.py:190} INFO - [2024-12-01T09:05:23.258+0000] {dag.py:3239} INFO - Sync 1 DAGs
[2024-12-01T09:05:23.267+0000] {logging_mixin.py:190} INFO - [2024-12-01T09:05:23.267+0000] {dag.py:4180} INFO - Setting next_dagrun for example_python_decorator to None, run_after=None
[2024-12-01T09:05:23.281+0000] {processor.py:208} INFO - Processing /home/airflow/.local/lib/python3.12/site-packages/airflow/example_dags/example_python_decorator.py took 0.051 seconds
[2024-12-01T09:05:54.239+0000] {processor.py:186} INFO - Started process (PID=1841) to work on /home/airflow/.local/lib/python3.12/site-packages/airflow/example_dags/example_python_decorator.py
[2024-12-01T09:05:54.240+0000] {processor.py:914} INFO - Processing file /home/airflow/.local/lib/python3.12/site-packages/airflow/example_dags/example_python_decorator.py for tasks to queue
[2024-12-01T09:05:54.241+0000] {logging_mixin.py:190} INFO - [2024-12-01T09:05:54.241+0000] {dagbag.py:588} INFO - Filling up the DagBag from /home/airflow/.local/lib/python3.12/site-packages/airflow/example_dags/example_python_decorator.py
[2024-12-01T09:05:54.251+0000] {processor.py:925} INFO - DAG(s) 'example_python_decorator' retrieved from /home/airflow/.local/lib/python3.12/site-packages/airflow/example_dags/example_python_decorator.py
[2024-12-01T09:05:54.271+0000] {logging_mixin.py:190} INFO - [2024-12-01T09:05:54.270+0000] {dag.py:3239} INFO - Sync 1 DAGs
[2024-12-01T09:05:54.280+0000] {logging_mixin.py:190} INFO - [2024-12-01T09:05:54.280+0000] {dag.py:4180} INFO - Setting next_dagrun for example_python_decorator to None, run_after=None
[2024-12-01T09:05:54.295+0000] {processor.py:208} INFO - Processing /home/airflow/.local/lib/python3.12/site-packages/airflow/example_dags/example_python_decorator.py took 0.060 seconds
[2024-12-01T09:06:25.236+0000] {processor.py:186} INFO - Started process (PID=1904) to work on /home/airflow/.local/lib/python3.12/site-packages/airflow/example_dags/example_python_decorator.py
[2024-12-01T09:06:25.236+0000] {processor.py:914} INFO - Processing file /home/airflow/.local/lib/python3.12/site-packages/airflow/example_dags/example_python_decorator.py for tasks to queue
[2024-12-01T09:06:25.238+0000] {logging_mixin.py:190} INFO - [2024-12-01T09:06:25.237+0000] {dagbag.py:588} INFO - Filling up the DagBag from /home/airflow/.local/lib/python3.12/site-packages/airflow/example_dags/example_python_decorator.py
[2024-12-01T09:06:25.245+0000] {processor.py:925} INFO - DAG(s) 'example_python_decorator' retrieved from /home/airflow/.local/lib/python3.12/site-packages/airflow/example_dags/example_python_decorator.py
[2024-12-01T09:06:25.263+0000] {logging_mixin.py:190} INFO - [2024-12-01T09:06:25.262+0000] {dag.py:3239} INFO - Sync 1 DAGs
[2024-12-01T09:06:25.349+0000] {logging_mixin.py:190} INFO - [2024-12-01T09:06:25.348+0000] {dag.py:4180} INFO - Setting next_dagrun for example_python_decorator to None, run_after=None
[2024-12-01T09:06:25.376+0000] {processor.py:208} INFO - Processing /home/airflow/.local/lib/python3.12/site-packages/airflow/example_dags/example_python_decorator.py took 0.145 seconds
[2024-12-01T09:06:55.725+0000] {processor.py:186} INFO - Started process (PID=1967) to work on /home/airflow/.local/lib/python3.12/site-packages/airflow/example_dags/example_python_decorator.py
[2024-12-01T09:06:55.726+0000] {processor.py:914} INFO - Processing file /home/airflow/.local/lib/python3.12/site-packages/airflow/example_dags/example_python_decorator.py for tasks to queue
[2024-12-01T09:06:55.727+0000] {logging_mixin.py:190} INFO - [2024-12-01T09:06:55.727+0000] {dagbag.py:588} INFO - Filling up the DagBag from /home/airflow/.local/lib/python3.12/site-packages/airflow/example_dags/example_python_decorator.py
[2024-12-01T09:06:55.739+0000] {processor.py:925} INFO - DAG(s) 'example_python_decorator' retrieved from /home/airflow/.local/lib/python3.12/site-packages/airflow/example_dags/example_python_decorator.py
[2024-12-01T09:06:55.755+0000] {logging_mixin.py:190} INFO - [2024-12-01T09:06:55.755+0000] {dag.py:3239} INFO - Sync 1 DAGs
[2024-12-01T09:06:55.764+0000] {logging_mixin.py:190} INFO - [2024-12-01T09:06:55.764+0000] {dag.py:4180} INFO - Setting next_dagrun for example_python_decorator to None, run_after=None
[2024-12-01T09:06:55.777+0000] {processor.py:208} INFO - Processing /home/airflow/.local/lib/python3.12/site-packages/airflow/example_dags/example_python_decorator.py took 0.058 seconds
[2024-12-01T09:07:26.155+0000] {processor.py:186} INFO - Started process (PID=2030) to work on /home/airflow/.local/lib/python3.12/site-packages/airflow/example_dags/example_python_decorator.py
[2024-12-01T09:07:26.155+0000] {processor.py:914} INFO - Processing file /home/airflow/.local/lib/python3.12/site-packages/airflow/example_dags/example_python_decorator.py for tasks to queue
[2024-12-01T09:07:26.156+0000] {logging_mixin.py:190} INFO - [2024-12-01T09:07:26.156+0000] {dagbag.py:588} INFO - Filling up the DagBag from /home/airflow/.local/lib/python3.12/site-packages/airflow/example_dags/example_python_decorator.py
[2024-12-01T09:07:26.164+0000] {processor.py:925} INFO - DAG(s) 'example_python_decorator' retrieved from /home/airflow/.local/lib/python3.12/site-packages/airflow/example_dags/example_python_decorator.py
[2024-12-01T09:07:26.181+0000] {logging_mixin.py:190} INFO - [2024-12-01T09:07:26.181+0000] {dag.py:3239} INFO - Sync 1 DAGs
[2024-12-01T09:07:26.189+0000] {logging_mixin.py:190} INFO - [2024-12-01T09:07:26.189+0000] {dag.py:4180} INFO - Setting next_dagrun for example_python_decorator to None, run_after=None
[2024-12-01T09:07:26.204+0000] {processor.py:208} INFO - Processing /home/airflow/.local/lib/python3.12/site-packages/airflow/example_dags/example_python_decorator.py took 0.052 seconds
[2024-12-01T09:07:56.607+0000] {processor.py:186} INFO - Started process (PID=2093) to work on /home/airflow/.local/lib/python3.12/site-packages/airflow/example_dags/example_python_decorator.py
[2024-12-01T09:07:56.608+0000] {processor.py:914} INFO - Processing file /home/airflow/.local/lib/python3.12/site-packages/airflow/example_dags/example_python_decorator.py for tasks to queue
[2024-12-01T09:07:56.609+0000] {logging_mixin.py:190} INFO - [2024-12-01T09:07:56.609+0000] {dagbag.py:588} INFO - Filling up the DagBag from /home/airflow/.local/lib/python3.12/site-packages/airflow/example_dags/example_python_decorator.py
[2024-12-01T09:07:56.619+0000] {processor.py:925} INFO - DAG(s) 'example_python_decorator' retrieved from /home/airflow/.local/lib/python3.12/site-packages/airflow/example_dags/example_python_decorator.py
[2024-12-01T09:07:56.644+0000] {logging_mixin.py:190} INFO - [2024-12-01T09:07:56.644+0000] {dag.py:3239} INFO - Sync 1 DAGs
[2024-12-01T09:07:56.658+0000] {logging_mixin.py:190} INFO - [2024-12-01T09:07:56.658+0000] {dag.py:4180} INFO - Setting next_dagrun for example_python_decorator to None, run_after=None
[2024-12-01T09:07:56.673+0000] {processor.py:208} INFO - Processing /home/airflow/.local/lib/python3.12/site-packages/airflow/example_dags/example_python_decorator.py took 0.072 seconds
[2024-12-01T09:08:27.337+0000] {processor.py:186} INFO - Started process (PID=2156) to work on /home/airflow/.local/lib/python3.12/site-packages/airflow/example_dags/example_python_decorator.py
[2024-12-01T09:08:27.338+0000] {processor.py:914} INFO - Processing file /home/airflow/.local/lib/python3.12/site-packages/airflow/example_dags/example_python_decorator.py for tasks to queue
[2024-12-01T09:08:27.339+0000] {logging_mixin.py:190} INFO - [2024-12-01T09:08:27.339+0000] {dagbag.py:588} INFO - Filling up the DagBag from /home/airflow/.local/lib/python3.12/site-packages/airflow/example_dags/example_python_decorator.py
[2024-12-01T09:08:27.347+0000] {processor.py:925} INFO - DAG(s) 'example_python_decorator' retrieved from /home/airflow/.local/lib/python3.12/site-packages/airflow/example_dags/example_python_decorator.py
[2024-12-01T09:08:27.361+0000] {logging_mixin.py:190} INFO - [2024-12-01T09:08:27.361+0000] {dag.py:3239} INFO - Sync 1 DAGs
[2024-12-01T09:08:27.371+0000] {logging_mixin.py:190} INFO - [2024-12-01T09:08:27.371+0000] {dag.py:4180} INFO - Setting next_dagrun for example_python_decorator to None, run_after=None
[2024-12-01T09:08:27.383+0000] {processor.py:208} INFO - Processing /home/airflow/.local/lib/python3.12/site-packages/airflow/example_dags/example_python_decorator.py took 0.049 seconds
[2024-12-01T09:08:58.181+0000] {processor.py:186} INFO - Started process (PID=2219) to work on /home/airflow/.local/lib/python3.12/site-packages/airflow/example_dags/example_python_decorator.py
[2024-12-01T09:08:58.183+0000] {processor.py:914} INFO - Processing file /home/airflow/.local/lib/python3.12/site-packages/airflow/example_dags/example_python_decorator.py for tasks to queue
[2024-12-01T09:08:58.187+0000] {logging_mixin.py:190} INFO - [2024-12-01T09:08:58.186+0000] {dagbag.py:588} INFO - Filling up the DagBag from /home/airflow/.local/lib/python3.12/site-packages/airflow/example_dags/example_python_decorator.py
[2024-12-01T09:08:58.195+0000] {processor.py:925} INFO - DAG(s) 'example_python_decorator' retrieved from /home/airflow/.local/lib/python3.12/site-packages/airflow/example_dags/example_python_decorator.py
[2024-12-01T09:08:58.212+0000] {logging_mixin.py:190} INFO - [2024-12-01T09:08:58.212+0000] {dag.py:3239} INFO - Sync 1 DAGs
[2024-12-01T09:08:58.225+0000] {logging_mixin.py:190} INFO - [2024-12-01T09:08:58.224+0000] {dag.py:4180} INFO - Setting next_dagrun for example_python_decorator to None, run_after=None
[2024-12-01T09:08:58.240+0000] {processor.py:208} INFO - Processing /home/airflow/.local/lib/python3.12/site-packages/airflow/example_dags/example_python_decorator.py took 0.064 seconds
[2024-12-01T09:09:28.563+0000] {processor.py:186} INFO - Started process (PID=2281) to work on /home/airflow/.local/lib/python3.12/site-packages/airflow/example_dags/example_python_decorator.py
[2024-12-01T09:09:28.564+0000] {processor.py:914} INFO - Processing file /home/airflow/.local/lib/python3.12/site-packages/airflow/example_dags/example_python_decorator.py for tasks to queue
[2024-12-01T09:09:28.565+0000] {logging_mixin.py:190} INFO - [2024-12-01T09:09:28.565+0000] {dagbag.py:588} INFO - Filling up the DagBag from /home/airflow/.local/lib/python3.12/site-packages/airflow/example_dags/example_python_decorator.py
[2024-12-01T09:09:28.574+0000] {processor.py:925} INFO - DAG(s) 'example_python_decorator' retrieved from /home/airflow/.local/lib/python3.12/site-packages/airflow/example_dags/example_python_decorator.py
[2024-12-01T09:09:28.592+0000] {logging_mixin.py:190} INFO - [2024-12-01T09:09:28.591+0000] {dag.py:3239} INFO - Sync 1 DAGs
[2024-12-01T09:09:28.602+0000] {logging_mixin.py:190} INFO - [2024-12-01T09:09:28.601+0000] {dag.py:4180} INFO - Setting next_dagrun for example_python_decorator to None, run_after=None
[2024-12-01T09:09:28.617+0000] {processor.py:208} INFO - Processing /home/airflow/.local/lib/python3.12/site-packages/airflow/example_dags/example_python_decorator.py took 0.058 seconds
[2024-12-01T09:09:58.690+0000] {processor.py:186} INFO - Started process (PID=2344) to work on /home/airflow/.local/lib/python3.12/site-packages/airflow/example_dags/example_python_decorator.py
[2024-12-01T09:09:58.691+0000] {processor.py:914} INFO - Processing file /home/airflow/.local/lib/python3.12/site-packages/airflow/example_dags/example_python_decorator.py for tasks to queue
[2024-12-01T09:09:58.692+0000] {logging_mixin.py:190} INFO - [2024-12-01T09:09:58.692+0000] {dagbag.py:588} INFO - Filling up the DagBag from /home/airflow/.local/lib/python3.12/site-packages/airflow/example_dags/example_python_decorator.py
[2024-12-01T09:09:58.700+0000] {processor.py:925} INFO - DAG(s) 'example_python_decorator' retrieved from /home/airflow/.local/lib/python3.12/site-packages/airflow/example_dags/example_python_decorator.py
[2024-12-01T09:09:58.715+0000] {logging_mixin.py:190} INFO - [2024-12-01T09:09:58.715+0000] {dag.py:3239} INFO - Sync 1 DAGs
[2024-12-01T09:09:58.724+0000] {logging_mixin.py:190} INFO - [2024-12-01T09:09:58.724+0000] {dag.py:4180} INFO - Setting next_dagrun for example_python_decorator to None, run_after=None
[2024-12-01T09:09:58.739+0000] {processor.py:208} INFO - Processing /home/airflow/.local/lib/python3.12/site-packages/airflow/example_dags/example_python_decorator.py took 0.052 seconds
[2024-12-01T09:10:29.248+0000] {processor.py:186} INFO - Started process (PID=2407) to work on /home/airflow/.local/lib/python3.12/site-packages/airflow/example_dags/example_python_decorator.py
[2024-12-01T09:10:29.249+0000] {processor.py:914} INFO - Processing file /home/airflow/.local/lib/python3.12/site-packages/airflow/example_dags/example_python_decorator.py for tasks to queue
[2024-12-01T09:10:29.250+0000] {logging_mixin.py:190} INFO - [2024-12-01T09:10:29.250+0000] {dagbag.py:588} INFO - Filling up the DagBag from /home/airflow/.local/lib/python3.12/site-packages/airflow/example_dags/example_python_decorator.py
[2024-12-01T09:10:29.258+0000] {processor.py:925} INFO - DAG(s) 'example_python_decorator' retrieved from /home/airflow/.local/lib/python3.12/site-packages/airflow/example_dags/example_python_decorator.py
[2024-12-01T09:10:29.273+0000] {logging_mixin.py:190} INFO - [2024-12-01T09:10:29.273+0000] {dag.py:3239} INFO - Sync 1 DAGs
[2024-12-01T09:10:29.281+0000] {logging_mixin.py:190} INFO - [2024-12-01T09:10:29.281+0000] {dag.py:4180} INFO - Setting next_dagrun for example_python_decorator to None, run_after=None
[2024-12-01T09:10:29.296+0000] {processor.py:208} INFO - Processing /home/airflow/.local/lib/python3.12/site-packages/airflow/example_dags/example_python_decorator.py took 0.053 seconds
[2024-12-01T09:10:59.485+0000] {processor.py:186} INFO - Started process (PID=2470) to work on /home/airflow/.local/lib/python3.12/site-packages/airflow/example_dags/example_python_decorator.py
[2024-12-01T09:10:59.485+0000] {processor.py:914} INFO - Processing file /home/airflow/.local/lib/python3.12/site-packages/airflow/example_dags/example_python_decorator.py for tasks to queue
[2024-12-01T09:10:59.487+0000] {logging_mixin.py:190} INFO - [2024-12-01T09:10:59.487+0000] {dagbag.py:588} INFO - Filling up the DagBag from /home/airflow/.local/lib/python3.12/site-packages/airflow/example_dags/example_python_decorator.py
[2024-12-01T09:10:59.494+0000] {processor.py:925} INFO - DAG(s) 'example_python_decorator' retrieved from /home/airflow/.local/lib/python3.12/site-packages/airflow/example_dags/example_python_decorator.py
[2024-12-01T09:10:59.512+0000] {logging_mixin.py:190} INFO - [2024-12-01T09:10:59.512+0000] {dag.py:3239} INFO - Sync 1 DAGs
[2024-12-01T09:10:59.521+0000] {logging_mixin.py:190} INFO - [2024-12-01T09:10:59.521+0000] {dag.py:4180} INFO - Setting next_dagrun for example_python_decorator to None, run_after=None
[2024-12-01T09:10:59.534+0000] {processor.py:208} INFO - Processing /home/airflow/.local/lib/python3.12/site-packages/airflow/example_dags/example_python_decorator.py took 0.054 seconds
[2024-12-01T09:11:29.953+0000] {processor.py:186} INFO - Started process (PID=2533) to work on /home/airflow/.local/lib/python3.12/site-packages/airflow/example_dags/example_python_decorator.py
[2024-12-01T09:11:29.954+0000] {processor.py:914} INFO - Processing file /home/airflow/.local/lib/python3.12/site-packages/airflow/example_dags/example_python_decorator.py for tasks to queue
[2024-12-01T09:11:29.955+0000] {logging_mixin.py:190} INFO - [2024-12-01T09:11:29.955+0000] {dagbag.py:588} INFO - Filling up the DagBag from /home/airflow/.local/lib/python3.12/site-packages/airflow/example_dags/example_python_decorator.py
[2024-12-01T09:11:29.967+0000] {processor.py:925} INFO - DAG(s) 'example_python_decorator' retrieved from /home/airflow/.local/lib/python3.12/site-packages/airflow/example_dags/example_python_decorator.py
[2024-12-01T09:11:29.983+0000] {logging_mixin.py:190} INFO - [2024-12-01T09:11:29.982+0000] {dag.py:3239} INFO - Sync 1 DAGs
[2024-12-01T09:11:29.991+0000] {logging_mixin.py:190} INFO - [2024-12-01T09:11:29.991+0000] {dag.py:4180} INFO - Setting next_dagrun for example_python_decorator to None, run_after=None
[2024-12-01T09:11:30.003+0000] {processor.py:208} INFO - Processing /home/airflow/.local/lib/python3.12/site-packages/airflow/example_dags/example_python_decorator.py took 0.054 seconds
