[2024-12-01T08:51:39.106+0000] {processor.py:186} INFO - Started process (PID=79) to work on /home/airflow/.local/lib/python3.12/site-packages/airflow/example_dags/example_branch_python_dop_operator_3.py
[2024-12-01T08:51:39.107+0000] {processor.py:914} INFO - Processing file /home/airflow/.local/lib/python3.12/site-packages/airflow/example_dags/example_branch_python_dop_operator_3.py for tasks to queue
[2024-12-01T08:51:39.108+0000] {logging_mixin.py:190} INFO - [2024-12-01T08:51:39.108+0000] {dagbag.py:588} INFO - Filling up the DagBag from /home/airflow/.local/lib/python3.12/site-packages/airflow/example_dags/example_branch_python_dop_operator_3.py
[2024-12-01T08:51:39.115+0000] {processor.py:925} INFO - DAG(s) 'example_branch_dop_operator_v3' retrieved from /home/airflow/.local/lib/python3.12/site-packages/airflow/example_dags/example_branch_python_dop_operator_3.py
[2024-12-01T08:51:39.187+0000] {logging_mixin.py:190} INFO - [2024-12-01T08:51:39.187+0000] {override.py:1911} INFO - Created Permission View: can edit on DAG:example_branch_dop_operator_v3
[2024-12-01T08:51:39.196+0000] {logging_mixin.py:190} INFO - [2024-12-01T08:51:39.195+0000] {override.py:1911} INFO - Created Permission View: can read on DAG:example_branch_dop_operator_v3
[2024-12-01T08:51:39.201+0000] {logging_mixin.py:190} INFO - [2024-12-01T08:51:39.201+0000] {override.py:1911} INFO - Created Permission View: can delete on DAG:example_branch_dop_operator_v3
[2024-12-01T08:51:39.206+0000] {logging_mixin.py:190} INFO - [2024-12-01T08:51:39.206+0000] {override.py:1911} INFO - Created Permission View: can create on DAG Run:example_branch_dop_operator_v3
[2024-12-01T08:51:39.211+0000] {logging_mixin.py:190} INFO - [2024-12-01T08:51:39.211+0000] {override.py:1911} INFO - Created Permission View: menu access on DAG Run:example_branch_dop_operator_v3
[2024-12-01T08:51:39.216+0000] {logging_mixin.py:190} INFO - [2024-12-01T08:51:39.215+0000] {override.py:1911} INFO - Created Permission View: can read on DAG Run:example_branch_dop_operator_v3
[2024-12-01T08:51:39.220+0000] {logging_mixin.py:190} INFO - [2024-12-01T08:51:39.220+0000] {override.py:1911} INFO - Created Permission View: can delete on DAG Run:example_branch_dop_operator_v3
[2024-12-01T08:51:39.220+0000] {logging_mixin.py:190} INFO - [2024-12-01T08:51:39.220+0000] {dag.py:3239} INFO - Sync 1 DAGs
[2024-12-01T08:51:39.228+0000] {logging_mixin.py:190} INFO - [2024-12-01T08:51:39.227+0000] {dag.py:3262} INFO - Creating ORM DAG for example_branch_dop_operator_v3
[2024-12-01T08:51:39.235+0000] {logging_mixin.py:190} INFO - [2024-12-01T08:51:39.235+0000] {dag.py:4180} INFO - Setting next_dagrun for example_branch_dop_operator_v3 to 2024-12-01 08:50:00+00:00, run_after=2024-12-01 08:51:00+00:00
[2024-12-01T08:51:39.246+0000] {processor.py:208} INFO - Processing /home/airflow/.local/lib/python3.12/site-packages/airflow/example_dags/example_branch_python_dop_operator_3.py took 0.143 seconds
[2024-12-01T08:52:09.420+0000] {processor.py:186} INFO - Started process (PID=142) to work on /home/airflow/.local/lib/python3.12/site-packages/airflow/example_dags/example_branch_python_dop_operator_3.py
[2024-12-01T08:52:09.421+0000] {processor.py:914} INFO - Processing file /home/airflow/.local/lib/python3.12/site-packages/airflow/example_dags/example_branch_python_dop_operator_3.py for tasks to queue
[2024-12-01T08:52:09.422+0000] {logging_mixin.py:190} INFO - [2024-12-01T08:52:09.422+0000] {dagbag.py:588} INFO - Filling up the DagBag from /home/airflow/.local/lib/python3.12/site-packages/airflow/example_dags/example_branch_python_dop_operator_3.py
[2024-12-01T08:52:09.428+0000] {processor.py:925} INFO - DAG(s) 'example_branch_dop_operator_v3' retrieved from /home/airflow/.local/lib/python3.12/site-packages/airflow/example_dags/example_branch_python_dop_operator_3.py
[2024-12-01T08:52:09.445+0000] {logging_mixin.py:190} INFO - [2024-12-01T08:52:09.445+0000] {dag.py:3239} INFO - Sync 1 DAGs
[2024-12-01T08:52:09.468+0000] {logging_mixin.py:190} INFO - [2024-12-01T08:52:09.467+0000] {dag.py:4180} INFO - Setting next_dagrun for example_branch_dop_operator_v3 to 2024-12-01 08:51:00+00:00, run_after=2024-12-01 08:52:00+00:00
[2024-12-01T08:52:09.483+0000] {processor.py:208} INFO - Processing /home/airflow/.local/lib/python3.12/site-packages/airflow/example_dags/example_branch_python_dop_operator_3.py took 0.067 seconds
[2024-12-01T08:52:40.524+0000] {processor.py:186} INFO - Started process (PID=204) to work on /home/airflow/.local/lib/python3.12/site-packages/airflow/example_dags/example_branch_python_dop_operator_3.py
[2024-12-01T08:52:40.525+0000] {processor.py:914} INFO - Processing file /home/airflow/.local/lib/python3.12/site-packages/airflow/example_dags/example_branch_python_dop_operator_3.py for tasks to queue
[2024-12-01T08:52:40.526+0000] {logging_mixin.py:190} INFO - [2024-12-01T08:52:40.526+0000] {dagbag.py:588} INFO - Filling up the DagBag from /home/airflow/.local/lib/python3.12/site-packages/airflow/example_dags/example_branch_python_dop_operator_3.py
[2024-12-01T08:52:40.533+0000] {processor.py:925} INFO - DAG(s) 'example_branch_dop_operator_v3' retrieved from /home/airflow/.local/lib/python3.12/site-packages/airflow/example_dags/example_branch_python_dop_operator_3.py
[2024-12-01T08:52:40.548+0000] {logging_mixin.py:190} INFO - [2024-12-01T08:52:40.548+0000] {dag.py:3239} INFO - Sync 1 DAGs
[2024-12-01T08:52:40.569+0000] {logging_mixin.py:190} INFO - [2024-12-01T08:52:40.569+0000] {dag.py:4180} INFO - Setting next_dagrun for example_branch_dop_operator_v3 to 2024-12-01 08:51:00+00:00, run_after=2024-12-01 08:52:00+00:00
[2024-12-01T08:52:40.584+0000] {processor.py:208} INFO - Processing /home/airflow/.local/lib/python3.12/site-packages/airflow/example_dags/example_branch_python_dop_operator_3.py took 0.063 seconds
[2024-12-01T08:53:11.058+0000] {processor.py:186} INFO - Started process (PID=273) to work on /home/airflow/.local/lib/python3.12/site-packages/airflow/example_dags/example_branch_python_dop_operator_3.py
[2024-12-01T08:53:11.059+0000] {processor.py:914} INFO - Processing file /home/airflow/.local/lib/python3.12/site-packages/airflow/example_dags/example_branch_python_dop_operator_3.py for tasks to queue
[2024-12-01T08:53:11.060+0000] {logging_mixin.py:190} INFO - [2024-12-01T08:53:11.059+0000] {dagbag.py:588} INFO - Filling up the DagBag from /home/airflow/.local/lib/python3.12/site-packages/airflow/example_dags/example_branch_python_dop_operator_3.py
[2024-12-01T08:53:11.065+0000] {processor.py:925} INFO - DAG(s) 'example_branch_dop_operator_v3' retrieved from /home/airflow/.local/lib/python3.12/site-packages/airflow/example_dags/example_branch_python_dop_operator_3.py
[2024-12-01T08:53:11.075+0000] {logging_mixin.py:190} INFO - [2024-12-01T08:53:11.075+0000] {dag.py:3239} INFO - Sync 1 DAGs
[2024-12-01T08:53:11.089+0000] {logging_mixin.py:190} INFO - [2024-12-01T08:53:11.088+0000] {dag.py:4180} INFO - Setting next_dagrun for example_branch_dop_operator_v3 to 2024-12-01 08:52:00+00:00, run_after=2024-12-01 08:53:00+00:00
[2024-12-01T08:53:11.099+0000] {processor.py:208} INFO - Processing /home/airflow/.local/lib/python3.12/site-packages/airflow/example_dags/example_branch_python_dop_operator_3.py took 0.044 seconds
[2024-12-01T08:53:42.024+0000] {processor.py:186} INFO - Started process (PID=336) to work on /home/airflow/.local/lib/python3.12/site-packages/airflow/example_dags/example_branch_python_dop_operator_3.py
[2024-12-01T08:53:42.025+0000] {processor.py:914} INFO - Processing file /home/airflow/.local/lib/python3.12/site-packages/airflow/example_dags/example_branch_python_dop_operator_3.py for tasks to queue
[2024-12-01T08:53:42.026+0000] {logging_mixin.py:190} INFO - [2024-12-01T08:53:42.025+0000] {dagbag.py:588} INFO - Filling up the DagBag from /home/airflow/.local/lib/python3.12/site-packages/airflow/example_dags/example_branch_python_dop_operator_3.py
[2024-12-01T08:53:42.031+0000] {processor.py:925} INFO - DAG(s) 'example_branch_dop_operator_v3' retrieved from /home/airflow/.local/lib/python3.12/site-packages/airflow/example_dags/example_branch_python_dop_operator_3.py
[2024-12-01T08:53:42.044+0000] {logging_mixin.py:190} INFO - [2024-12-01T08:53:42.044+0000] {dag.py:3239} INFO - Sync 1 DAGs
[2024-12-01T08:53:42.058+0000] {logging_mixin.py:190} INFO - [2024-12-01T08:53:42.058+0000] {dag.py:4180} INFO - Setting next_dagrun for example_branch_dop_operator_v3 to 2024-12-01 08:52:00+00:00, run_after=2024-12-01 08:53:00+00:00
[2024-12-01T08:53:42.069+0000] {processor.py:208} INFO - Processing /home/airflow/.local/lib/python3.12/site-packages/airflow/example_dags/example_branch_python_dop_operator_3.py took 0.049 seconds
[2024-12-01T08:54:12.133+0000] {processor.py:186} INFO - Started process (PID=398) to work on /home/airflow/.local/lib/python3.12/site-packages/airflow/example_dags/example_branch_python_dop_operator_3.py
[2024-12-01T08:54:12.133+0000] {processor.py:914} INFO - Processing file /home/airflow/.local/lib/python3.12/site-packages/airflow/example_dags/example_branch_python_dop_operator_3.py for tasks to queue
[2024-12-01T08:54:12.134+0000] {logging_mixin.py:190} INFO - [2024-12-01T08:54:12.134+0000] {dagbag.py:588} INFO - Filling up the DagBag from /home/airflow/.local/lib/python3.12/site-packages/airflow/example_dags/example_branch_python_dop_operator_3.py
[2024-12-01T08:54:12.140+0000] {processor.py:925} INFO - DAG(s) 'example_branch_dop_operator_v3' retrieved from /home/airflow/.local/lib/python3.12/site-packages/airflow/example_dags/example_branch_python_dop_operator_3.py
[2024-12-01T08:54:12.154+0000] {logging_mixin.py:190} INFO - [2024-12-01T08:54:12.154+0000] {dag.py:3239} INFO - Sync 1 DAGs
[2024-12-01T08:54:12.169+0000] {logging_mixin.py:190} INFO - [2024-12-01T08:54:12.169+0000] {dag.py:4180} INFO - Setting next_dagrun for example_branch_dop_operator_v3 to 2024-12-01 08:53:00+00:00, run_after=2024-12-01 08:54:00+00:00
[2024-12-01T08:54:12.181+0000] {processor.py:208} INFO - Processing /home/airflow/.local/lib/python3.12/site-packages/airflow/example_dags/example_branch_python_dop_operator_3.py took 0.052 seconds
[2024-12-01T08:54:42.466+0000] {processor.py:186} INFO - Started process (PID=461) to work on /home/airflow/.local/lib/python3.12/site-packages/airflow/example_dags/example_branch_python_dop_operator_3.py
[2024-12-01T08:54:42.466+0000] {processor.py:914} INFO - Processing file /home/airflow/.local/lib/python3.12/site-packages/airflow/example_dags/example_branch_python_dop_operator_3.py for tasks to queue
[2024-12-01T08:54:42.468+0000] {logging_mixin.py:190} INFO - [2024-12-01T08:54:42.468+0000] {dagbag.py:588} INFO - Filling up the DagBag from /home/airflow/.local/lib/python3.12/site-packages/airflow/example_dags/example_branch_python_dop_operator_3.py
[2024-12-01T08:54:42.474+0000] {processor.py:925} INFO - DAG(s) 'example_branch_dop_operator_v3' retrieved from /home/airflow/.local/lib/python3.12/site-packages/airflow/example_dags/example_branch_python_dop_operator_3.py
[2024-12-01T08:54:42.487+0000] {logging_mixin.py:190} INFO - [2024-12-01T08:54:42.487+0000] {dag.py:3239} INFO - Sync 1 DAGs
[2024-12-01T08:54:42.502+0000] {logging_mixin.py:190} INFO - [2024-12-01T08:54:42.502+0000] {dag.py:4180} INFO - Setting next_dagrun for example_branch_dop_operator_v3 to 2024-12-01 08:53:00+00:00, run_after=2024-12-01 08:54:00+00:00
[2024-12-01T08:54:42.515+0000] {processor.py:208} INFO - Processing /home/airflow/.local/lib/python3.12/site-packages/airflow/example_dags/example_branch_python_dop_operator_3.py took 0.054 seconds
[2024-12-01T08:55:12.720+0000] {processor.py:186} INFO - Started process (PID=524) to work on /home/airflow/.local/lib/python3.12/site-packages/airflow/example_dags/example_branch_python_dop_operator_3.py
[2024-12-01T08:55:12.720+0000] {processor.py:914} INFO - Processing file /home/airflow/.local/lib/python3.12/site-packages/airflow/example_dags/example_branch_python_dop_operator_3.py for tasks to queue
[2024-12-01T08:55:12.721+0000] {logging_mixin.py:190} INFO - [2024-12-01T08:55:12.721+0000] {dagbag.py:588} INFO - Filling up the DagBag from /home/airflow/.local/lib/python3.12/site-packages/airflow/example_dags/example_branch_python_dop_operator_3.py
[2024-12-01T08:55:12.727+0000] {processor.py:925} INFO - DAG(s) 'example_branch_dop_operator_v3' retrieved from /home/airflow/.local/lib/python3.12/site-packages/airflow/example_dags/example_branch_python_dop_operator_3.py
[2024-12-01T08:55:12.737+0000] {logging_mixin.py:190} INFO - [2024-12-01T08:55:12.737+0000] {dag.py:3239} INFO - Sync 1 DAGs
[2024-12-01T08:55:12.751+0000] {logging_mixin.py:190} INFO - [2024-12-01T08:55:12.751+0000] {dag.py:4180} INFO - Setting next_dagrun for example_branch_dop_operator_v3 to 2024-12-01 08:54:00+00:00, run_after=2024-12-01 08:55:00+00:00
[2024-12-01T08:55:12.761+0000] {processor.py:208} INFO - Processing /home/airflow/.local/lib/python3.12/site-packages/airflow/example_dags/example_branch_python_dop_operator_3.py took 0.044 seconds
[2024-12-01T08:55:42.922+0000] {processor.py:186} INFO - Started process (PID=587) to work on /home/airflow/.local/lib/python3.12/site-packages/airflow/example_dags/example_branch_python_dop_operator_3.py
[2024-12-01T08:55:42.923+0000] {processor.py:914} INFO - Processing file /home/airflow/.local/lib/python3.12/site-packages/airflow/example_dags/example_branch_python_dop_operator_3.py for tasks to queue
[2024-12-01T08:55:42.924+0000] {logging_mixin.py:190} INFO - [2024-12-01T08:55:42.924+0000] {dagbag.py:588} INFO - Filling up the DagBag from /home/airflow/.local/lib/python3.12/site-packages/airflow/example_dags/example_branch_python_dop_operator_3.py
[2024-12-01T08:55:42.929+0000] {processor.py:925} INFO - DAG(s) 'example_branch_dop_operator_v3' retrieved from /home/airflow/.local/lib/python3.12/site-packages/airflow/example_dags/example_branch_python_dop_operator_3.py
[2024-12-01T08:55:42.941+0000] {logging_mixin.py:190} INFO - [2024-12-01T08:55:42.940+0000] {dag.py:3239} INFO - Sync 1 DAGs
[2024-12-01T08:55:42.953+0000] {logging_mixin.py:190} INFO - [2024-12-01T08:55:42.953+0000] {dag.py:4180} INFO - Setting next_dagrun for example_branch_dop_operator_v3 to 2024-12-01 08:54:00+00:00, run_after=2024-12-01 08:55:00+00:00
[2024-12-01T08:55:42.961+0000] {processor.py:208} INFO - Processing /home/airflow/.local/lib/python3.12/site-packages/airflow/example_dags/example_branch_python_dop_operator_3.py took 0.042 seconds
[2024-12-01T08:56:13.251+0000] {processor.py:186} INFO - Started process (PID=650) to work on /home/airflow/.local/lib/python3.12/site-packages/airflow/example_dags/example_branch_python_dop_operator_3.py
[2024-12-01T08:56:13.252+0000] {processor.py:914} INFO - Processing file /home/airflow/.local/lib/python3.12/site-packages/airflow/example_dags/example_branch_python_dop_operator_3.py for tasks to queue
[2024-12-01T08:56:13.253+0000] {logging_mixin.py:190} INFO - [2024-12-01T08:56:13.253+0000] {dagbag.py:588} INFO - Filling up the DagBag from /home/airflow/.local/lib/python3.12/site-packages/airflow/example_dags/example_branch_python_dop_operator_3.py
[2024-12-01T08:56:13.260+0000] {processor.py:925} INFO - DAG(s) 'example_branch_dop_operator_v3' retrieved from /home/airflow/.local/lib/python3.12/site-packages/airflow/example_dags/example_branch_python_dop_operator_3.py
[2024-12-01T08:56:13.274+0000] {logging_mixin.py:190} INFO - [2024-12-01T08:56:13.274+0000] {dag.py:3239} INFO - Sync 1 DAGs
[2024-12-01T08:56:13.293+0000] {logging_mixin.py:190} INFO - [2024-12-01T08:56:13.293+0000] {dag.py:4180} INFO - Setting next_dagrun for example_branch_dop_operator_v3 to 2024-12-01 08:55:00+00:00, run_after=2024-12-01 08:56:00+00:00
[2024-12-01T08:56:13.306+0000] {processor.py:208} INFO - Processing /home/airflow/.local/lib/python3.12/site-packages/airflow/example_dags/example_branch_python_dop_operator_3.py took 0.060 seconds
[2024-12-01T08:56:44.045+0000] {processor.py:186} INFO - Started process (PID=713) to work on /home/airflow/.local/lib/python3.12/site-packages/airflow/example_dags/example_branch_python_dop_operator_3.py
[2024-12-01T08:56:44.045+0000] {processor.py:914} INFO - Processing file /home/airflow/.local/lib/python3.12/site-packages/airflow/example_dags/example_branch_python_dop_operator_3.py for tasks to queue
[2024-12-01T08:56:44.047+0000] {logging_mixin.py:190} INFO - [2024-12-01T08:56:44.046+0000] {dagbag.py:588} INFO - Filling up the DagBag from /home/airflow/.local/lib/python3.12/site-packages/airflow/example_dags/example_branch_python_dop_operator_3.py
[2024-12-01T08:56:44.052+0000] {processor.py:925} INFO - DAG(s) 'example_branch_dop_operator_v3' retrieved from /home/airflow/.local/lib/python3.12/site-packages/airflow/example_dags/example_branch_python_dop_operator_3.py
[2024-12-01T08:56:44.066+0000] {logging_mixin.py:190} INFO - [2024-12-01T08:56:44.066+0000] {dag.py:3239} INFO - Sync 1 DAGs
[2024-12-01T08:56:44.087+0000] {logging_mixin.py:190} INFO - [2024-12-01T08:56:44.087+0000] {dag.py:4180} INFO - Setting next_dagrun for example_branch_dop_operator_v3 to 2024-12-01 08:55:00+00:00, run_after=2024-12-01 08:56:00+00:00
[2024-12-01T08:56:44.101+0000] {processor.py:208} INFO - Processing /home/airflow/.local/lib/python3.12/site-packages/airflow/example_dags/example_branch_python_dop_operator_3.py took 0.059 seconds
[2024-12-01T08:57:14.808+0000] {processor.py:186} INFO - Started process (PID=776) to work on /home/airflow/.local/lib/python3.12/site-packages/airflow/example_dags/example_branch_python_dop_operator_3.py
[2024-12-01T08:57:14.809+0000] {processor.py:914} INFO - Processing file /home/airflow/.local/lib/python3.12/site-packages/airflow/example_dags/example_branch_python_dop_operator_3.py for tasks to queue
[2024-12-01T08:57:14.810+0000] {logging_mixin.py:190} INFO - [2024-12-01T08:57:14.810+0000] {dagbag.py:588} INFO - Filling up the DagBag from /home/airflow/.local/lib/python3.12/site-packages/airflow/example_dags/example_branch_python_dop_operator_3.py
[2024-12-01T08:57:14.815+0000] {processor.py:925} INFO - DAG(s) 'example_branch_dop_operator_v3' retrieved from /home/airflow/.local/lib/python3.12/site-packages/airflow/example_dags/example_branch_python_dop_operator_3.py
[2024-12-01T08:57:14.825+0000] {logging_mixin.py:190} INFO - [2024-12-01T08:57:14.825+0000] {dag.py:3239} INFO - Sync 1 DAGs
[2024-12-01T08:57:14.838+0000] {logging_mixin.py:190} INFO - [2024-12-01T08:57:14.838+0000] {dag.py:4180} INFO - Setting next_dagrun for example_branch_dop_operator_v3 to 2024-12-01 08:56:00+00:00, run_after=2024-12-01 08:57:00+00:00
[2024-12-01T08:57:14.849+0000] {processor.py:208} INFO - Processing /home/airflow/.local/lib/python3.12/site-packages/airflow/example_dags/example_branch_python_dop_operator_3.py took 0.044 seconds
[2024-12-01T08:57:45.586+0000] {processor.py:186} INFO - Started process (PID=839) to work on /home/airflow/.local/lib/python3.12/site-packages/airflow/example_dags/example_branch_python_dop_operator_3.py
[2024-12-01T08:57:45.586+0000] {processor.py:914} INFO - Processing file /home/airflow/.local/lib/python3.12/site-packages/airflow/example_dags/example_branch_python_dop_operator_3.py for tasks to queue
[2024-12-01T08:57:45.588+0000] {logging_mixin.py:190} INFO - [2024-12-01T08:57:45.588+0000] {dagbag.py:588} INFO - Filling up the DagBag from /home/airflow/.local/lib/python3.12/site-packages/airflow/example_dags/example_branch_python_dop_operator_3.py
[2024-12-01T08:57:45.594+0000] {processor.py:925} INFO - DAG(s) 'example_branch_dop_operator_v3' retrieved from /home/airflow/.local/lib/python3.12/site-packages/airflow/example_dags/example_branch_python_dop_operator_3.py
[2024-12-01T08:57:45.608+0000] {logging_mixin.py:190} INFO - [2024-12-01T08:57:45.608+0000] {dag.py:3239} INFO - Sync 1 DAGs
[2024-12-01T08:57:45.625+0000] {logging_mixin.py:190} INFO - [2024-12-01T08:57:45.625+0000] {dag.py:4180} INFO - Setting next_dagrun for example_branch_dop_operator_v3 to 2024-12-01 08:56:00+00:00, run_after=2024-12-01 08:57:00+00:00
[2024-12-01T08:57:45.639+0000] {processor.py:208} INFO - Processing /home/airflow/.local/lib/python3.12/site-packages/airflow/example_dags/example_branch_python_dop_operator_3.py took 0.058 seconds
[2024-12-01T08:58:16.437+0000] {processor.py:186} INFO - Started process (PID=902) to work on /home/airflow/.local/lib/python3.12/site-packages/airflow/example_dags/example_branch_python_dop_operator_3.py
[2024-12-01T08:58:16.438+0000] {processor.py:914} INFO - Processing file /home/airflow/.local/lib/python3.12/site-packages/airflow/example_dags/example_branch_python_dop_operator_3.py for tasks to queue
[2024-12-01T08:58:16.439+0000] {logging_mixin.py:190} INFO - [2024-12-01T08:58:16.439+0000] {dagbag.py:588} INFO - Filling up the DagBag from /home/airflow/.local/lib/python3.12/site-packages/airflow/example_dags/example_branch_python_dop_operator_3.py
[2024-12-01T08:58:16.444+0000] {processor.py:925} INFO - DAG(s) 'example_branch_dop_operator_v3' retrieved from /home/airflow/.local/lib/python3.12/site-packages/airflow/example_dags/example_branch_python_dop_operator_3.py
[2024-12-01T08:58:16.455+0000] {logging_mixin.py:190} INFO - [2024-12-01T08:58:16.455+0000] {dag.py:3239} INFO - Sync 1 DAGs
[2024-12-01T08:58:16.469+0000] {logging_mixin.py:190} INFO - [2024-12-01T08:58:16.468+0000] {dag.py:4180} INFO - Setting next_dagrun for example_branch_dop_operator_v3 to 2024-12-01 08:57:00+00:00, run_after=2024-12-01 08:58:00+00:00
[2024-12-01T08:58:16.480+0000] {processor.py:208} INFO - Processing /home/airflow/.local/lib/python3.12/site-packages/airflow/example_dags/example_branch_python_dop_operator_3.py took 0.045 seconds
[2024-12-01T08:58:47.219+0000] {processor.py:186} INFO - Started process (PID=965) to work on /home/airflow/.local/lib/python3.12/site-packages/airflow/example_dags/example_branch_python_dop_operator_3.py
[2024-12-01T08:58:47.220+0000] {processor.py:914} INFO - Processing file /home/airflow/.local/lib/python3.12/site-packages/airflow/example_dags/example_branch_python_dop_operator_3.py for tasks to queue
[2024-12-01T08:58:47.221+0000] {logging_mixin.py:190} INFO - [2024-12-01T08:58:47.221+0000] {dagbag.py:588} INFO - Filling up the DagBag from /home/airflow/.local/lib/python3.12/site-packages/airflow/example_dags/example_branch_python_dop_operator_3.py
[2024-12-01T08:58:47.226+0000] {processor.py:925} INFO - DAG(s) 'example_branch_dop_operator_v3' retrieved from /home/airflow/.local/lib/python3.12/site-packages/airflow/example_dags/example_branch_python_dop_operator_3.py
[2024-12-01T08:58:47.238+0000] {logging_mixin.py:190} INFO - [2024-12-01T08:58:47.238+0000] {dag.py:3239} INFO - Sync 1 DAGs
[2024-12-01T08:58:47.251+0000] {logging_mixin.py:190} INFO - [2024-12-01T08:58:47.251+0000] {dag.py:4180} INFO - Setting next_dagrun for example_branch_dop_operator_v3 to 2024-12-01 08:57:00+00:00, run_after=2024-12-01 08:58:00+00:00
[2024-12-01T08:58:47.260+0000] {processor.py:208} INFO - Processing /home/airflow/.local/lib/python3.12/site-packages/airflow/example_dags/example_branch_python_dop_operator_3.py took 0.046 seconds
[2024-12-01T08:59:18.070+0000] {processor.py:186} INFO - Started process (PID=1028) to work on /home/airflow/.local/lib/python3.12/site-packages/airflow/example_dags/example_branch_python_dop_operator_3.py
[2024-12-01T08:59:18.071+0000] {processor.py:914} INFO - Processing file /home/airflow/.local/lib/python3.12/site-packages/airflow/example_dags/example_branch_python_dop_operator_3.py for tasks to queue
[2024-12-01T08:59:18.072+0000] {logging_mixin.py:190} INFO - [2024-12-01T08:59:18.072+0000] {dagbag.py:588} INFO - Filling up the DagBag from /home/airflow/.local/lib/python3.12/site-packages/airflow/example_dags/example_branch_python_dop_operator_3.py
[2024-12-01T08:59:18.077+0000] {processor.py:925} INFO - DAG(s) 'example_branch_dop_operator_v3' retrieved from /home/airflow/.local/lib/python3.12/site-packages/airflow/example_dags/example_branch_python_dop_operator_3.py
[2024-12-01T08:59:18.090+0000] {logging_mixin.py:190} INFO - [2024-12-01T08:59:18.090+0000] {dag.py:3239} INFO - Sync 1 DAGs
[2024-12-01T08:59:18.112+0000] {logging_mixin.py:190} INFO - [2024-12-01T08:59:18.112+0000] {dag.py:4180} INFO - Setting next_dagrun for example_branch_dop_operator_v3 to 2024-12-01 08:58:00+00:00, run_after=2024-12-01 08:59:00+00:00
[2024-12-01T08:59:18.126+0000] {processor.py:208} INFO - Processing /home/airflow/.local/lib/python3.12/site-packages/airflow/example_dags/example_branch_python_dop_operator_3.py took 0.058 seconds
[2024-12-01T08:59:48.858+0000] {processor.py:186} INFO - Started process (PID=1091) to work on /home/airflow/.local/lib/python3.12/site-packages/airflow/example_dags/example_branch_python_dop_operator_3.py
[2024-12-01T08:59:48.859+0000] {processor.py:914} INFO - Processing file /home/airflow/.local/lib/python3.12/site-packages/airflow/example_dags/example_branch_python_dop_operator_3.py for tasks to queue
[2024-12-01T08:59:48.860+0000] {logging_mixin.py:190} INFO - [2024-12-01T08:59:48.860+0000] {dagbag.py:588} INFO - Filling up the DagBag from /home/airflow/.local/lib/python3.12/site-packages/airflow/example_dags/example_branch_python_dop_operator_3.py
[2024-12-01T08:59:48.868+0000] {processor.py:925} INFO - DAG(s) 'example_branch_dop_operator_v3' retrieved from /home/airflow/.local/lib/python3.12/site-packages/airflow/example_dags/example_branch_python_dop_operator_3.py
[2024-12-01T08:59:48.880+0000] {logging_mixin.py:190} INFO - [2024-12-01T08:59:48.879+0000] {dag.py:3239} INFO - Sync 1 DAGs
[2024-12-01T08:59:48.893+0000] {logging_mixin.py:190} INFO - [2024-12-01T08:59:48.893+0000] {dag.py:4180} INFO - Setting next_dagrun for example_branch_dop_operator_v3 to 2024-12-01 08:58:00+00:00, run_after=2024-12-01 08:59:00+00:00
[2024-12-01T08:59:48.902+0000] {processor.py:208} INFO - Processing /home/airflow/.local/lib/python3.12/site-packages/airflow/example_dags/example_branch_python_dop_operator_3.py took 0.049 seconds
[2024-12-01T09:00:19.753+0000] {processor.py:186} INFO - Started process (PID=1154) to work on /home/airflow/.local/lib/python3.12/site-packages/airflow/example_dags/example_branch_python_dop_operator_3.py
[2024-12-01T09:00:19.754+0000] {processor.py:914} INFO - Processing file /home/airflow/.local/lib/python3.12/site-packages/airflow/example_dags/example_branch_python_dop_operator_3.py for tasks to queue
[2024-12-01T09:00:19.755+0000] {logging_mixin.py:190} INFO - [2024-12-01T09:00:19.755+0000] {dagbag.py:588} INFO - Filling up the DagBag from /home/airflow/.local/lib/python3.12/site-packages/airflow/example_dags/example_branch_python_dop_operator_3.py
[2024-12-01T09:00:19.760+0000] {processor.py:925} INFO - DAG(s) 'example_branch_dop_operator_v3' retrieved from /home/airflow/.local/lib/python3.12/site-packages/airflow/example_dags/example_branch_python_dop_operator_3.py
[2024-12-01T09:00:19.772+0000] {logging_mixin.py:190} INFO - [2024-12-01T09:00:19.772+0000] {dag.py:3239} INFO - Sync 1 DAGs
[2024-12-01T09:00:19.790+0000] {logging_mixin.py:190} INFO - [2024-12-01T09:00:19.790+0000] {dag.py:4180} INFO - Setting next_dagrun for example_branch_dop_operator_v3 to 2024-12-01 08:59:00+00:00, run_after=2024-12-01 09:00:00+00:00
[2024-12-01T09:00:19.803+0000] {processor.py:208} INFO - Processing /home/airflow/.local/lib/python3.12/site-packages/airflow/example_dags/example_branch_python_dop_operator_3.py took 0.053 seconds
[2024-12-01T09:00:50.392+0000] {processor.py:186} INFO - Started process (PID=1217) to work on /home/airflow/.local/lib/python3.12/site-packages/airflow/example_dags/example_branch_python_dop_operator_3.py
[2024-12-01T09:00:50.393+0000] {processor.py:914} INFO - Processing file /home/airflow/.local/lib/python3.12/site-packages/airflow/example_dags/example_branch_python_dop_operator_3.py for tasks to queue
[2024-12-01T09:00:50.394+0000] {logging_mixin.py:190} INFO - [2024-12-01T09:00:50.394+0000] {dagbag.py:588} INFO - Filling up the DagBag from /home/airflow/.local/lib/python3.12/site-packages/airflow/example_dags/example_branch_python_dop_operator_3.py
[2024-12-01T09:00:50.401+0000] {processor.py:925} INFO - DAG(s) 'example_branch_dop_operator_v3' retrieved from /home/airflow/.local/lib/python3.12/site-packages/airflow/example_dags/example_branch_python_dop_operator_3.py
[2024-12-01T09:00:50.413+0000] {logging_mixin.py:190} INFO - [2024-12-01T09:00:50.413+0000] {dag.py:3239} INFO - Sync 1 DAGs
[2024-12-01T09:00:50.430+0000] {logging_mixin.py:190} INFO - [2024-12-01T09:00:50.430+0000] {dag.py:4180} INFO - Setting next_dagrun for example_branch_dop_operator_v3 to 2024-12-01 08:59:00+00:00, run_after=2024-12-01 09:00:00+00:00
[2024-12-01T09:00:50.442+0000] {processor.py:208} INFO - Processing /home/airflow/.local/lib/python3.12/site-packages/airflow/example_dags/example_branch_python_dop_operator_3.py took 0.054 seconds
[2024-12-01T09:01:20.635+0000] {processor.py:186} INFO - Started process (PID=1280) to work on /home/airflow/.local/lib/python3.12/site-packages/airflow/example_dags/example_branch_python_dop_operator_3.py
[2024-12-01T09:01:20.636+0000] {processor.py:914} INFO - Processing file /home/airflow/.local/lib/python3.12/site-packages/airflow/example_dags/example_branch_python_dop_operator_3.py for tasks to queue
[2024-12-01T09:01:20.637+0000] {logging_mixin.py:190} INFO - [2024-12-01T09:01:20.637+0000] {dagbag.py:588} INFO - Filling up the DagBag from /home/airflow/.local/lib/python3.12/site-packages/airflow/example_dags/example_branch_python_dop_operator_3.py
[2024-12-01T09:01:20.643+0000] {processor.py:925} INFO - DAG(s) 'example_branch_dop_operator_v3' retrieved from /home/airflow/.local/lib/python3.12/site-packages/airflow/example_dags/example_branch_python_dop_operator_3.py
[2024-12-01T09:01:20.661+0000] {logging_mixin.py:190} INFO - [2024-12-01T09:01:20.660+0000] {dag.py:3239} INFO - Sync 1 DAGs
[2024-12-01T09:01:20.680+0000] {logging_mixin.py:190} INFO - [2024-12-01T09:01:20.680+0000] {dag.py:4180} INFO - Setting next_dagrun for example_branch_dop_operator_v3 to 2024-12-01 09:00:00+00:00, run_after=2024-12-01 09:01:00+00:00
[2024-12-01T09:01:20.690+0000] {processor.py:208} INFO - Processing /home/airflow/.local/lib/python3.12/site-packages/airflow/example_dags/example_branch_python_dop_operator_3.py took 0.059 seconds
[2024-12-01T09:01:50.967+0000] {processor.py:186} INFO - Started process (PID=1344) to work on /home/airflow/.local/lib/python3.12/site-packages/airflow/example_dags/example_branch_python_dop_operator_3.py
[2024-12-01T09:01:50.968+0000] {processor.py:914} INFO - Processing file /home/airflow/.local/lib/python3.12/site-packages/airflow/example_dags/example_branch_python_dop_operator_3.py for tasks to queue
[2024-12-01T09:01:50.969+0000] {logging_mixin.py:190} INFO - [2024-12-01T09:01:50.969+0000] {dagbag.py:588} INFO - Filling up the DagBag from /home/airflow/.local/lib/python3.12/site-packages/airflow/example_dags/example_branch_python_dop_operator_3.py
[2024-12-01T09:01:50.976+0000] {processor.py:925} INFO - DAG(s) 'example_branch_dop_operator_v3' retrieved from /home/airflow/.local/lib/python3.12/site-packages/airflow/example_dags/example_branch_python_dop_operator_3.py
[2024-12-01T09:01:51.005+0000] {logging_mixin.py:190} INFO - [2024-12-01T09:01:51.004+0000] {dag.py:3239} INFO - Sync 1 DAGs
[2024-12-01T09:01:51.020+0000] {logging_mixin.py:190} INFO - [2024-12-01T09:01:51.020+0000] {dag.py:4180} INFO - Setting next_dagrun for example_branch_dop_operator_v3 to 2024-12-01 09:00:00+00:00, run_after=2024-12-01 09:01:00+00:00
[2024-12-01T09:01:51.031+0000] {processor.py:208} INFO - Processing /home/airflow/.local/lib/python3.12/site-packages/airflow/example_dags/example_branch_python_dop_operator_3.py took 0.069 seconds
[2024-12-01T09:02:21.135+0000] {processor.py:186} INFO - Started process (PID=1407) to work on /home/airflow/.local/lib/python3.12/site-packages/airflow/example_dags/example_branch_python_dop_operator_3.py
[2024-12-01T09:02:21.136+0000] {processor.py:914} INFO - Processing file /home/airflow/.local/lib/python3.12/site-packages/airflow/example_dags/example_branch_python_dop_operator_3.py for tasks to queue
[2024-12-01T09:02:21.137+0000] {logging_mixin.py:190} INFO - [2024-12-01T09:02:21.137+0000] {dagbag.py:588} INFO - Filling up the DagBag from /home/airflow/.local/lib/python3.12/site-packages/airflow/example_dags/example_branch_python_dop_operator_3.py
[2024-12-01T09:02:21.142+0000] {processor.py:925} INFO - DAG(s) 'example_branch_dop_operator_v3' retrieved from /home/airflow/.local/lib/python3.12/site-packages/airflow/example_dags/example_branch_python_dop_operator_3.py
[2024-12-01T09:02:21.156+0000] {logging_mixin.py:190} INFO - [2024-12-01T09:02:21.156+0000] {dag.py:3239} INFO - Sync 1 DAGs
[2024-12-01T09:02:21.170+0000] {logging_mixin.py:190} INFO - [2024-12-01T09:02:21.170+0000] {dag.py:4180} INFO - Setting next_dagrun for example_branch_dop_operator_v3 to 2024-12-01 09:01:00+00:00, run_after=2024-12-01 09:02:00+00:00
[2024-12-01T09:02:21.180+0000] {processor.py:208} INFO - Processing /home/airflow/.local/lib/python3.12/site-packages/airflow/example_dags/example_branch_python_dop_operator_3.py took 0.047 seconds
[2024-12-01T09:02:52.148+0000] {processor.py:186} INFO - Started process (PID=1470) to work on /home/airflow/.local/lib/python3.12/site-packages/airflow/example_dags/example_branch_python_dop_operator_3.py
[2024-12-01T09:02:52.149+0000] {processor.py:914} INFO - Processing file /home/airflow/.local/lib/python3.12/site-packages/airflow/example_dags/example_branch_python_dop_operator_3.py for tasks to queue
[2024-12-01T09:02:52.150+0000] {logging_mixin.py:190} INFO - [2024-12-01T09:02:52.150+0000] {dagbag.py:588} INFO - Filling up the DagBag from /home/airflow/.local/lib/python3.12/site-packages/airflow/example_dags/example_branch_python_dop_operator_3.py
[2024-12-01T09:02:52.158+0000] {processor.py:925} INFO - DAG(s) 'example_branch_dop_operator_v3' retrieved from /home/airflow/.local/lib/python3.12/site-packages/airflow/example_dags/example_branch_python_dop_operator_3.py
[2024-12-01T09:02:52.171+0000] {logging_mixin.py:190} INFO - [2024-12-01T09:02:52.171+0000] {dag.py:3239} INFO - Sync 1 DAGs
[2024-12-01T09:02:52.185+0000] {logging_mixin.py:190} INFO - [2024-12-01T09:02:52.185+0000] {dag.py:4180} INFO - Setting next_dagrun for example_branch_dop_operator_v3 to 2024-12-01 09:01:00+00:00, run_after=2024-12-01 09:02:00+00:00
[2024-12-01T09:02:52.198+0000] {processor.py:208} INFO - Processing /home/airflow/.local/lib/python3.12/site-packages/airflow/example_dags/example_branch_python_dop_operator_3.py took 0.055 seconds
[2024-12-01T09:03:22.661+0000] {processor.py:186} INFO - Started process (PID=1533) to work on /home/airflow/.local/lib/python3.12/site-packages/airflow/example_dags/example_branch_python_dop_operator_3.py
[2024-12-01T09:03:22.662+0000] {processor.py:914} INFO - Processing file /home/airflow/.local/lib/python3.12/site-packages/airflow/example_dags/example_branch_python_dop_operator_3.py for tasks to queue
[2024-12-01T09:03:22.664+0000] {logging_mixin.py:190} INFO - [2024-12-01T09:03:22.663+0000] {dagbag.py:588} INFO - Filling up the DagBag from /home/airflow/.local/lib/python3.12/site-packages/airflow/example_dags/example_branch_python_dop_operator_3.py
[2024-12-01T09:03:22.670+0000] {processor.py:925} INFO - DAG(s) 'example_branch_dop_operator_v3' retrieved from /home/airflow/.local/lib/python3.12/site-packages/airflow/example_dags/example_branch_python_dop_operator_3.py
[2024-12-01T09:03:22.689+0000] {logging_mixin.py:190} INFO - [2024-12-01T09:03:22.689+0000] {dag.py:3239} INFO - Sync 1 DAGs
[2024-12-01T09:03:22.709+0000] {logging_mixin.py:190} INFO - [2024-12-01T09:03:22.709+0000] {dag.py:4180} INFO - Setting next_dagrun for example_branch_dop_operator_v3 to 2024-12-01 09:02:00+00:00, run_after=2024-12-01 09:03:00+00:00
[2024-12-01T09:03:22.722+0000] {processor.py:208} INFO - Processing /home/airflow/.local/lib/python3.12/site-packages/airflow/example_dags/example_branch_python_dop_operator_3.py took 0.066 seconds
[2024-12-01T09:03:53.119+0000] {processor.py:186} INFO - Started process (PID=1596) to work on /home/airflow/.local/lib/python3.12/site-packages/airflow/example_dags/example_branch_python_dop_operator_3.py
[2024-12-01T09:03:53.120+0000] {processor.py:914} INFO - Processing file /home/airflow/.local/lib/python3.12/site-packages/airflow/example_dags/example_branch_python_dop_operator_3.py for tasks to queue
[2024-12-01T09:03:53.121+0000] {logging_mixin.py:190} INFO - [2024-12-01T09:03:53.121+0000] {dagbag.py:588} INFO - Filling up the DagBag from /home/airflow/.local/lib/python3.12/site-packages/airflow/example_dags/example_branch_python_dop_operator_3.py
[2024-12-01T09:03:53.130+0000] {processor.py:925} INFO - DAG(s) 'example_branch_dop_operator_v3' retrieved from /home/airflow/.local/lib/python3.12/site-packages/airflow/example_dags/example_branch_python_dop_operator_3.py
[2024-12-01T09:03:53.144+0000] {logging_mixin.py:190} INFO - [2024-12-01T09:03:53.143+0000] {dag.py:3239} INFO - Sync 1 DAGs
[2024-12-01T09:03:53.158+0000] {logging_mixin.py:190} INFO - [2024-12-01T09:03:53.158+0000] {dag.py:4180} INFO - Setting next_dagrun for example_branch_dop_operator_v3 to 2024-12-01 09:02:00+00:00, run_after=2024-12-01 09:03:00+00:00
[2024-12-01T09:03:53.167+0000] {processor.py:208} INFO - Processing /home/airflow/.local/lib/python3.12/site-packages/airflow/example_dags/example_branch_python_dop_operator_3.py took 0.053 seconds
[2024-12-01T09:04:23.319+0000] {processor.py:186} INFO - Started process (PID=1659) to work on /home/airflow/.local/lib/python3.12/site-packages/airflow/example_dags/example_branch_python_dop_operator_3.py
[2024-12-01T09:04:23.320+0000] {processor.py:914} INFO - Processing file /home/airflow/.local/lib/python3.12/site-packages/airflow/example_dags/example_branch_python_dop_operator_3.py for tasks to queue
[2024-12-01T09:04:23.321+0000] {logging_mixin.py:190} INFO - [2024-12-01T09:04:23.321+0000] {dagbag.py:588} INFO - Filling up the DagBag from /home/airflow/.local/lib/python3.12/site-packages/airflow/example_dags/example_branch_python_dop_operator_3.py
[2024-12-01T09:04:23.326+0000] {processor.py:925} INFO - DAG(s) 'example_branch_dop_operator_v3' retrieved from /home/airflow/.local/lib/python3.12/site-packages/airflow/example_dags/example_branch_python_dop_operator_3.py
[2024-12-01T09:04:23.341+0000] {logging_mixin.py:190} INFO - [2024-12-01T09:04:23.341+0000] {dag.py:3239} INFO - Sync 1 DAGs
[2024-12-01T09:04:23.362+0000] {logging_mixin.py:190} INFO - [2024-12-01T09:04:23.362+0000] {dag.py:4180} INFO - Setting next_dagrun for example_branch_dop_operator_v3 to 2024-12-01 09:03:00+00:00, run_after=2024-12-01 09:04:00+00:00
[2024-12-01T09:04:23.377+0000] {processor.py:208} INFO - Processing /home/airflow/.local/lib/python3.12/site-packages/airflow/example_dags/example_branch_python_dop_operator_3.py took 0.062 seconds
[2024-12-01T09:04:53.833+0000] {processor.py:186} INFO - Started process (PID=1722) to work on /home/airflow/.local/lib/python3.12/site-packages/airflow/example_dags/example_branch_python_dop_operator_3.py
[2024-12-01T09:04:53.833+0000] {processor.py:914} INFO - Processing file /home/airflow/.local/lib/python3.12/site-packages/airflow/example_dags/example_branch_python_dop_operator_3.py for tasks to queue
[2024-12-01T09:04:53.834+0000] {logging_mixin.py:190} INFO - [2024-12-01T09:04:53.834+0000] {dagbag.py:588} INFO - Filling up the DagBag from /home/airflow/.local/lib/python3.12/site-packages/airflow/example_dags/example_branch_python_dop_operator_3.py
[2024-12-01T09:04:53.840+0000] {processor.py:925} INFO - DAG(s) 'example_branch_dop_operator_v3' retrieved from /home/airflow/.local/lib/python3.12/site-packages/airflow/example_dags/example_branch_python_dop_operator_3.py
[2024-12-01T09:04:53.851+0000] {logging_mixin.py:190} INFO - [2024-12-01T09:04:53.851+0000] {dag.py:3239} INFO - Sync 1 DAGs
[2024-12-01T09:04:53.865+0000] {logging_mixin.py:190} INFO - [2024-12-01T09:04:53.865+0000] {dag.py:4180} INFO - Setting next_dagrun for example_branch_dop_operator_v3 to 2024-12-01 09:03:00+00:00, run_after=2024-12-01 09:04:00+00:00
[2024-12-01T09:04:53.877+0000] {processor.py:208} INFO - Processing /home/airflow/.local/lib/python3.12/site-packages/airflow/example_dags/example_branch_python_dop_operator_3.py took 0.047 seconds
[2024-12-01T09:05:24.540+0000] {processor.py:186} INFO - Started process (PID=1785) to work on /home/airflow/.local/lib/python3.12/site-packages/airflow/example_dags/example_branch_python_dop_operator_3.py
[2024-12-01T09:05:24.541+0000] {processor.py:914} INFO - Processing file /home/airflow/.local/lib/python3.12/site-packages/airflow/example_dags/example_branch_python_dop_operator_3.py for tasks to queue
[2024-12-01T09:05:24.543+0000] {logging_mixin.py:190} INFO - [2024-12-01T09:05:24.542+0000] {dagbag.py:588} INFO - Filling up the DagBag from /home/airflow/.local/lib/python3.12/site-packages/airflow/example_dags/example_branch_python_dop_operator_3.py
[2024-12-01T09:05:24.549+0000] {processor.py:925} INFO - DAG(s) 'example_branch_dop_operator_v3' retrieved from /home/airflow/.local/lib/python3.12/site-packages/airflow/example_dags/example_branch_python_dop_operator_3.py
[2024-12-01T09:05:24.563+0000] {logging_mixin.py:190} INFO - [2024-12-01T09:05:24.563+0000] {dag.py:3239} INFO - Sync 1 DAGs
[2024-12-01T09:05:24.578+0000] {logging_mixin.py:190} INFO - [2024-12-01T09:05:24.578+0000] {dag.py:4180} INFO - Setting next_dagrun for example_branch_dop_operator_v3 to 2024-12-01 09:04:00+00:00, run_after=2024-12-01 09:05:00+00:00
[2024-12-01T09:05:24.590+0000] {processor.py:208} INFO - Processing /home/airflow/.local/lib/python3.12/site-packages/airflow/example_dags/example_branch_python_dop_operator_3.py took 0.054 seconds
[2024-12-01T09:05:54.635+0000] {processor.py:186} INFO - Started process (PID=1848) to work on /home/airflow/.local/lib/python3.12/site-packages/airflow/example_dags/example_branch_python_dop_operator_3.py
[2024-12-01T09:05:54.636+0000] {processor.py:914} INFO - Processing file /home/airflow/.local/lib/python3.12/site-packages/airflow/example_dags/example_branch_python_dop_operator_3.py for tasks to queue
[2024-12-01T09:05:54.637+0000] {logging_mixin.py:190} INFO - [2024-12-01T09:05:54.637+0000] {dagbag.py:588} INFO - Filling up the DagBag from /home/airflow/.local/lib/python3.12/site-packages/airflow/example_dags/example_branch_python_dop_operator_3.py
[2024-12-01T09:05:54.646+0000] {processor.py:925} INFO - DAG(s) 'example_branch_dop_operator_v3' retrieved from /home/airflow/.local/lib/python3.12/site-packages/airflow/example_dags/example_branch_python_dop_operator_3.py
[2024-12-01T09:05:54.664+0000] {logging_mixin.py:190} INFO - [2024-12-01T09:05:54.663+0000] {dag.py:3239} INFO - Sync 1 DAGs
[2024-12-01T09:05:54.679+0000] {logging_mixin.py:190} INFO - [2024-12-01T09:05:54.679+0000] {dag.py:4180} INFO - Setting next_dagrun for example_branch_dop_operator_v3 to 2024-12-01 09:04:00+00:00, run_after=2024-12-01 09:05:00+00:00
[2024-12-01T09:05:54.691+0000] {processor.py:208} INFO - Processing /home/airflow/.local/lib/python3.12/site-packages/airflow/example_dags/example_branch_python_dop_operator_3.py took 0.062 seconds
[2024-12-01T09:06:25.583+0000] {processor.py:186} INFO - Started process (PID=1911) to work on /home/airflow/.local/lib/python3.12/site-packages/airflow/example_dags/example_branch_python_dop_operator_3.py
[2024-12-01T09:06:25.584+0000] {processor.py:914} INFO - Processing file /home/airflow/.local/lib/python3.12/site-packages/airflow/example_dags/example_branch_python_dop_operator_3.py for tasks to queue
[2024-12-01T09:06:25.585+0000] {logging_mixin.py:190} INFO - [2024-12-01T09:06:25.585+0000] {dagbag.py:588} INFO - Filling up the DagBag from /home/airflow/.local/lib/python3.12/site-packages/airflow/example_dags/example_branch_python_dop_operator_3.py
[2024-12-01T09:06:25.590+0000] {processor.py:925} INFO - DAG(s) 'example_branch_dop_operator_v3' retrieved from /home/airflow/.local/lib/python3.12/site-packages/airflow/example_dags/example_branch_python_dop_operator_3.py
[2024-12-01T09:06:25.603+0000] {logging_mixin.py:190} INFO - [2024-12-01T09:06:25.603+0000] {dag.py:3239} INFO - Sync 1 DAGs
[2024-12-01T09:06:25.624+0000] {logging_mixin.py:190} INFO - [2024-12-01T09:06:25.624+0000] {dag.py:4180} INFO - Setting next_dagrun for example_branch_dop_operator_v3 to 2024-12-01 09:05:00+00:00, run_after=2024-12-01 09:06:00+00:00
[2024-12-01T09:06:25.638+0000] {processor.py:208} INFO - Processing /home/airflow/.local/lib/python3.12/site-packages/airflow/example_dags/example_branch_python_dop_operator_3.py took 0.057 seconds
[2024-12-01T09:06:56.073+0000] {processor.py:186} INFO - Started process (PID=1974) to work on /home/airflow/.local/lib/python3.12/site-packages/airflow/example_dags/example_branch_python_dop_operator_3.py
[2024-12-01T09:06:56.074+0000] {processor.py:914} INFO - Processing file /home/airflow/.local/lib/python3.12/site-packages/airflow/example_dags/example_branch_python_dop_operator_3.py for tasks to queue
[2024-12-01T09:06:56.075+0000] {logging_mixin.py:190} INFO - [2024-12-01T09:06:56.075+0000] {dagbag.py:588} INFO - Filling up the DagBag from /home/airflow/.local/lib/python3.12/site-packages/airflow/example_dags/example_branch_python_dop_operator_3.py
[2024-12-01T09:06:56.081+0000] {processor.py:925} INFO - DAG(s) 'example_branch_dop_operator_v3' retrieved from /home/airflow/.local/lib/python3.12/site-packages/airflow/example_dags/example_branch_python_dop_operator_3.py
[2024-12-01T09:06:56.097+0000] {logging_mixin.py:190} INFO - [2024-12-01T09:06:56.097+0000] {dag.py:3239} INFO - Sync 1 DAGs
[2024-12-01T09:06:56.113+0000] {logging_mixin.py:190} INFO - [2024-12-01T09:06:56.112+0000] {dag.py:4180} INFO - Setting next_dagrun for example_branch_dop_operator_v3 to 2024-12-01 09:05:00+00:00, run_after=2024-12-01 09:06:00+00:00
[2024-12-01T09:06:56.124+0000] {processor.py:208} INFO - Processing /home/airflow/.local/lib/python3.12/site-packages/airflow/example_dags/example_branch_python_dop_operator_3.py took 0.056 seconds
[2024-12-01T09:07:26.389+0000] {processor.py:186} INFO - Started process (PID=2037) to work on /home/airflow/.local/lib/python3.12/site-packages/airflow/example_dags/example_branch_python_dop_operator_3.py
[2024-12-01T09:07:26.390+0000] {processor.py:914} INFO - Processing file /home/airflow/.local/lib/python3.12/site-packages/airflow/example_dags/example_branch_python_dop_operator_3.py for tasks to queue
[2024-12-01T09:07:26.391+0000] {logging_mixin.py:190} INFO - [2024-12-01T09:07:26.391+0000] {dagbag.py:588} INFO - Filling up the DagBag from /home/airflow/.local/lib/python3.12/site-packages/airflow/example_dags/example_branch_python_dop_operator_3.py
[2024-12-01T09:07:26.397+0000] {processor.py:925} INFO - DAG(s) 'example_branch_dop_operator_v3' retrieved from /home/airflow/.local/lib/python3.12/site-packages/airflow/example_dags/example_branch_python_dop_operator_3.py
[2024-12-01T09:07:26.409+0000] {logging_mixin.py:190} INFO - [2024-12-01T09:07:26.409+0000] {dag.py:3239} INFO - Sync 1 DAGs
[2024-12-01T09:07:26.423+0000] {logging_mixin.py:190} INFO - [2024-12-01T09:07:26.423+0000] {dag.py:4180} INFO - Setting next_dagrun for example_branch_dop_operator_v3 to 2024-12-01 09:06:00+00:00, run_after=2024-12-01 09:07:00+00:00
[2024-12-01T09:07:26.433+0000] {processor.py:208} INFO - Processing /home/airflow/.local/lib/python3.12/site-packages/airflow/example_dags/example_branch_python_dop_operator_3.py took 0.048 seconds
[2024-12-01T09:07:56.914+0000] {processor.py:186} INFO - Started process (PID=2100) to work on /home/airflow/.local/lib/python3.12/site-packages/airflow/example_dags/example_branch_python_dop_operator_3.py
[2024-12-01T09:07:56.915+0000] {processor.py:914} INFO - Processing file /home/airflow/.local/lib/python3.12/site-packages/airflow/example_dags/example_branch_python_dop_operator_3.py for tasks to queue
[2024-12-01T09:07:56.917+0000] {logging_mixin.py:190} INFO - [2024-12-01T09:07:56.917+0000] {dagbag.py:588} INFO - Filling up the DagBag from /home/airflow/.local/lib/python3.12/site-packages/airflow/example_dags/example_branch_python_dop_operator_3.py
[2024-12-01T09:07:56.924+0000] {processor.py:925} INFO - DAG(s) 'example_branch_dop_operator_v3' retrieved from /home/airflow/.local/lib/python3.12/site-packages/airflow/example_dags/example_branch_python_dop_operator_3.py
[2024-12-01T09:07:56.942+0000] {logging_mixin.py:190} INFO - [2024-12-01T09:07:56.941+0000] {dag.py:3239} INFO - Sync 1 DAGs
[2024-12-01T09:07:56.956+0000] {logging_mixin.py:190} INFO - [2024-12-01T09:07:56.956+0000] {dag.py:4180} INFO - Setting next_dagrun for example_branch_dop_operator_v3 to 2024-12-01 09:06:00+00:00, run_after=2024-12-01 09:07:00+00:00
[2024-12-01T09:07:56.970+0000] {processor.py:208} INFO - Processing /home/airflow/.local/lib/python3.12/site-packages/airflow/example_dags/example_branch_python_dop_operator_3.py took 0.061 seconds
[2024-12-01T09:08:27.606+0000] {processor.py:186} INFO - Started process (PID=2163) to work on /home/airflow/.local/lib/python3.12/site-packages/airflow/example_dags/example_branch_python_dop_operator_3.py
[2024-12-01T09:08:27.606+0000] {processor.py:914} INFO - Processing file /home/airflow/.local/lib/python3.12/site-packages/airflow/example_dags/example_branch_python_dop_operator_3.py for tasks to queue
[2024-12-01T09:08:27.607+0000] {logging_mixin.py:190} INFO - [2024-12-01T09:08:27.607+0000] {dagbag.py:588} INFO - Filling up the DagBag from /home/airflow/.local/lib/python3.12/site-packages/airflow/example_dags/example_branch_python_dop_operator_3.py
[2024-12-01T09:08:27.613+0000] {processor.py:925} INFO - DAG(s) 'example_branch_dop_operator_v3' retrieved from /home/airflow/.local/lib/python3.12/site-packages/airflow/example_dags/example_branch_python_dop_operator_3.py
[2024-12-01T09:08:27.626+0000] {logging_mixin.py:190} INFO - [2024-12-01T09:08:27.626+0000] {dag.py:3239} INFO - Sync 1 DAGs
[2024-12-01T09:08:27.647+0000] {logging_mixin.py:190} INFO - [2024-12-01T09:08:27.647+0000] {dag.py:4180} INFO - Setting next_dagrun for example_branch_dop_operator_v3 to 2024-12-01 09:07:00+00:00, run_after=2024-12-01 09:08:00+00:00
[2024-12-01T09:08:27.661+0000] {processor.py:208} INFO - Processing /home/airflow/.local/lib/python3.12/site-packages/airflow/example_dags/example_branch_python_dop_operator_3.py took 0.058 seconds
[2024-12-01T09:08:58.473+0000] {processor.py:186} INFO - Started process (PID=2226) to work on /home/airflow/.local/lib/python3.12/site-packages/airflow/example_dags/example_branch_python_dop_operator_3.py
[2024-12-01T09:08:58.474+0000] {processor.py:914} INFO - Processing file /home/airflow/.local/lib/python3.12/site-packages/airflow/example_dags/example_branch_python_dop_operator_3.py for tasks to queue
[2024-12-01T09:08:58.475+0000] {logging_mixin.py:190} INFO - [2024-12-01T09:08:58.475+0000] {dagbag.py:588} INFO - Filling up the DagBag from /home/airflow/.local/lib/python3.12/site-packages/airflow/example_dags/example_branch_python_dop_operator_3.py
[2024-12-01T09:08:58.480+0000] {processor.py:925} INFO - DAG(s) 'example_branch_dop_operator_v3' retrieved from /home/airflow/.local/lib/python3.12/site-packages/airflow/example_dags/example_branch_python_dop_operator_3.py
[2024-12-01T09:08:58.496+0000] {logging_mixin.py:190} INFO - [2024-12-01T09:08:58.495+0000] {dag.py:3239} INFO - Sync 1 DAGs
[2024-12-01T09:08:58.514+0000] {logging_mixin.py:190} INFO - [2024-12-01T09:08:58.514+0000] {dag.py:4180} INFO - Setting next_dagrun for example_branch_dop_operator_v3 to 2024-12-01 09:07:00+00:00, run_after=2024-12-01 09:08:00+00:00
[2024-12-01T09:08:58.526+0000] {processor.py:208} INFO - Processing /home/airflow/.local/lib/python3.12/site-packages/airflow/example_dags/example_branch_python_dop_operator_3.py took 0.057 seconds
[2024-12-01T09:09:28.829+0000] {processor.py:186} INFO - Started process (PID=2288) to work on /home/airflow/.local/lib/python3.12/site-packages/airflow/example_dags/example_branch_python_dop_operator_3.py
[2024-12-01T09:09:28.830+0000] {processor.py:914} INFO - Processing file /home/airflow/.local/lib/python3.12/site-packages/airflow/example_dags/example_branch_python_dop_operator_3.py for tasks to queue
[2024-12-01T09:09:28.831+0000] {logging_mixin.py:190} INFO - [2024-12-01T09:09:28.831+0000] {dagbag.py:588} INFO - Filling up the DagBag from /home/airflow/.local/lib/python3.12/site-packages/airflow/example_dags/example_branch_python_dop_operator_3.py
[2024-12-01T09:09:28.837+0000] {processor.py:925} INFO - DAG(s) 'example_branch_dop_operator_v3' retrieved from /home/airflow/.local/lib/python3.12/site-packages/airflow/example_dags/example_branch_python_dop_operator_3.py
[2024-12-01T09:09:28.849+0000] {logging_mixin.py:190} INFO - [2024-12-01T09:09:28.849+0000] {dag.py:3239} INFO - Sync 1 DAGs
[2024-12-01T09:09:28.863+0000] {logging_mixin.py:190} INFO - [2024-12-01T09:09:28.863+0000] {dag.py:4180} INFO - Setting next_dagrun for example_branch_dop_operator_v3 to 2024-12-01 09:08:00+00:00, run_after=2024-12-01 09:09:00+00:00
[2024-12-01T09:09:28.874+0000] {processor.py:208} INFO - Processing /home/airflow/.local/lib/python3.12/site-packages/airflow/example_dags/example_branch_python_dop_operator_3.py took 0.048 seconds
[2024-12-01T09:09:58.944+0000] {processor.py:186} INFO - Started process (PID=2351) to work on /home/airflow/.local/lib/python3.12/site-packages/airflow/example_dags/example_branch_python_dop_operator_3.py
[2024-12-01T09:09:58.945+0000] {processor.py:914} INFO - Processing file /home/airflow/.local/lib/python3.12/site-packages/airflow/example_dags/example_branch_python_dop_operator_3.py for tasks to queue
[2024-12-01T09:09:58.946+0000] {logging_mixin.py:190} INFO - [2024-12-01T09:09:58.946+0000] {dagbag.py:588} INFO - Filling up the DagBag from /home/airflow/.local/lib/python3.12/site-packages/airflow/example_dags/example_branch_python_dop_operator_3.py
[2024-12-01T09:09:58.952+0000] {processor.py:925} INFO - DAG(s) 'example_branch_dop_operator_v3' retrieved from /home/airflow/.local/lib/python3.12/site-packages/airflow/example_dags/example_branch_python_dop_operator_3.py
[2024-12-01T09:09:58.966+0000] {logging_mixin.py:190} INFO - [2024-12-01T09:09:58.966+0000] {dag.py:3239} INFO - Sync 1 DAGs
[2024-12-01T09:09:58.988+0000] {logging_mixin.py:190} INFO - [2024-12-01T09:09:58.988+0000] {dag.py:4180} INFO - Setting next_dagrun for example_branch_dop_operator_v3 to 2024-12-01 09:08:00+00:00, run_after=2024-12-01 09:09:00+00:00
[2024-12-01T09:09:59.000+0000] {processor.py:208} INFO - Processing /home/airflow/.local/lib/python3.12/site-packages/airflow/example_dags/example_branch_python_dop_operator_3.py took 0.059 seconds
[2024-12-01T09:10:29.549+0000] {processor.py:186} INFO - Started process (PID=2414) to work on /home/airflow/.local/lib/python3.12/site-packages/airflow/example_dags/example_branch_python_dop_operator_3.py
[2024-12-01T09:10:29.550+0000] {processor.py:914} INFO - Processing file /home/airflow/.local/lib/python3.12/site-packages/airflow/example_dags/example_branch_python_dop_operator_3.py for tasks to queue
[2024-12-01T09:10:29.551+0000] {logging_mixin.py:190} INFO - [2024-12-01T09:10:29.550+0000] {dagbag.py:588} INFO - Filling up the DagBag from /home/airflow/.local/lib/python3.12/site-packages/airflow/example_dags/example_branch_python_dop_operator_3.py
[2024-12-01T09:10:29.556+0000] {processor.py:925} INFO - DAG(s) 'example_branch_dop_operator_v3' retrieved from /home/airflow/.local/lib/python3.12/site-packages/airflow/example_dags/example_branch_python_dop_operator_3.py
[2024-12-01T09:10:29.570+0000] {logging_mixin.py:190} INFO - [2024-12-01T09:10:29.570+0000] {dag.py:3239} INFO - Sync 1 DAGs
[2024-12-01T09:10:29.590+0000] {logging_mixin.py:190} INFO - [2024-12-01T09:10:29.589+0000] {dag.py:4180} INFO - Setting next_dagrun for example_branch_dop_operator_v3 to 2024-12-01 09:09:00+00:00, run_after=2024-12-01 09:10:00+00:00
[2024-12-01T09:10:29.603+0000] {processor.py:208} INFO - Processing /home/airflow/.local/lib/python3.12/site-packages/airflow/example_dags/example_branch_python_dop_operator_3.py took 0.058 seconds
[2024-12-01T09:10:59.783+0000] {processor.py:186} INFO - Started process (PID=2477) to work on /home/airflow/.local/lib/python3.12/site-packages/airflow/example_dags/example_branch_python_dop_operator_3.py
[2024-12-01T09:10:59.784+0000] {processor.py:914} INFO - Processing file /home/airflow/.local/lib/python3.12/site-packages/airflow/example_dags/example_branch_python_dop_operator_3.py for tasks to queue
[2024-12-01T09:10:59.785+0000] {logging_mixin.py:190} INFO - [2024-12-01T09:10:59.785+0000] {dagbag.py:588} INFO - Filling up the DagBag from /home/airflow/.local/lib/python3.12/site-packages/airflow/example_dags/example_branch_python_dop_operator_3.py
[2024-12-01T09:10:59.791+0000] {processor.py:925} INFO - DAG(s) 'example_branch_dop_operator_v3' retrieved from /home/airflow/.local/lib/python3.12/site-packages/airflow/example_dags/example_branch_python_dop_operator_3.py
[2024-12-01T09:10:59.805+0000] {logging_mixin.py:190} INFO - [2024-12-01T09:10:59.805+0000] {dag.py:3239} INFO - Sync 1 DAGs
[2024-12-01T09:10:59.823+0000] {logging_mixin.py:190} INFO - [2024-12-01T09:10:59.823+0000] {dag.py:4180} INFO - Setting next_dagrun for example_branch_dop_operator_v3 to 2024-12-01 09:09:00+00:00, run_after=2024-12-01 09:10:00+00:00
[2024-12-01T09:10:59.836+0000] {processor.py:208} INFO - Processing /home/airflow/.local/lib/python3.12/site-packages/airflow/example_dags/example_branch_python_dop_operator_3.py took 0.057 seconds
[2024-12-01T09:11:30.212+0000] {processor.py:186} INFO - Started process (PID=2540) to work on /home/airflow/.local/lib/python3.12/site-packages/airflow/example_dags/example_branch_python_dop_operator_3.py
[2024-12-01T09:11:30.213+0000] {processor.py:914} INFO - Processing file /home/airflow/.local/lib/python3.12/site-packages/airflow/example_dags/example_branch_python_dop_operator_3.py for tasks to queue
[2024-12-01T09:11:30.214+0000] {logging_mixin.py:190} INFO - [2024-12-01T09:11:30.214+0000] {dagbag.py:588} INFO - Filling up the DagBag from /home/airflow/.local/lib/python3.12/site-packages/airflow/example_dags/example_branch_python_dop_operator_3.py
[2024-12-01T09:11:30.220+0000] {processor.py:925} INFO - DAG(s) 'example_branch_dop_operator_v3' retrieved from /home/airflow/.local/lib/python3.12/site-packages/airflow/example_dags/example_branch_python_dop_operator_3.py
[2024-12-01T09:11:30.233+0000] {logging_mixin.py:190} INFO - [2024-12-01T09:11:30.233+0000] {dag.py:3239} INFO - Sync 1 DAGs
[2024-12-01T09:11:30.253+0000] {logging_mixin.py:190} INFO - [2024-12-01T09:11:30.253+0000] {dag.py:4180} INFO - Setting next_dagrun for example_branch_dop_operator_v3 to 2024-12-01 09:10:00+00:00, run_after=2024-12-01 09:11:00+00:00
[2024-12-01T09:11:30.266+0000] {processor.py:208} INFO - Processing /home/airflow/.local/lib/python3.12/site-packages/airflow/example_dags/example_branch_python_dop_operator_3.py took 0.057 seconds
