[2024-12-01T08:51:39.434+0000] {processor.py:186} INFO - Started process (PID=82) to work on /home/airflow/.local/lib/python3.12/site-packages/airflow/example_dags/example_task_group_decorator.py
[2024-12-01T08:51:39.434+0000] {processor.py:914} INFO - Processing file /home/airflow/.local/lib/python3.12/site-packages/airflow/example_dags/example_task_group_decorator.py for tasks to queue
[2024-12-01T08:51:39.435+0000] {logging_mixin.py:190} INFO - [2024-12-01T08:51:39.435+0000] {dagbag.py:588} INFO - Filling up the DagBag from /home/airflow/.local/lib/python3.12/site-packages/airflow/example_dags/example_task_group_decorator.py
[2024-12-01T08:51:39.445+0000] {processor.py:925} INFO - DAG(s) 'example_task_group_decorator' retrieved from /home/airflow/.local/lib/python3.12/site-packages/airflow/example_dags/example_task_group_decorator.py
[2024-12-01T08:51:39.524+0000] {logging_mixin.py:190} INFO - [2024-12-01T08:51:39.524+0000] {override.py:1911} INFO - Created Permission View: can edit on DAG:example_task_group_decorator
[2024-12-01T08:51:39.532+0000] {logging_mixin.py:190} INFO - [2024-12-01T08:51:39.532+0000] {override.py:1911} INFO - Created Permission View: can read on DAG:example_task_group_decorator
[2024-12-01T08:51:39.536+0000] {logging_mixin.py:190} INFO - [2024-12-01T08:51:39.536+0000] {override.py:1911} INFO - Created Permission View: can delete on DAG:example_task_group_decorator
[2024-12-01T08:51:39.541+0000] {logging_mixin.py:190} INFO - [2024-12-01T08:51:39.541+0000] {override.py:1911} INFO - Created Permission View: can create on DAG Run:example_task_group_decorator
[2024-12-01T08:51:39.545+0000] {logging_mixin.py:190} INFO - [2024-12-01T08:51:39.545+0000] {override.py:1911} INFO - Created Permission View: menu access on DAG Run:example_task_group_decorator
[2024-12-01T08:51:39.549+0000] {logging_mixin.py:190} INFO - [2024-12-01T08:51:39.549+0000] {override.py:1911} INFO - Created Permission View: can read on DAG Run:example_task_group_decorator
[2024-12-01T08:51:39.553+0000] {logging_mixin.py:190} INFO - [2024-12-01T08:51:39.553+0000] {override.py:1911} INFO - Created Permission View: can delete on DAG Run:example_task_group_decorator
[2024-12-01T08:51:39.553+0000] {logging_mixin.py:190} INFO - [2024-12-01T08:51:39.553+0000] {dag.py:3239} INFO - Sync 1 DAGs
[2024-12-01T08:51:39.564+0000] {logging_mixin.py:190} INFO - [2024-12-01T08:51:39.563+0000] {dag.py:3262} INFO - Creating ORM DAG for example_task_group_decorator
[2024-12-01T08:51:39.564+0000] {logging_mixin.py:190} INFO - [2024-12-01T08:51:39.564+0000] {dag.py:4180} INFO - Setting next_dagrun for example_task_group_decorator to None, run_after=None
[2024-12-01T08:51:39.578+0000] {processor.py:208} INFO - Processing /home/airflow/.local/lib/python3.12/site-packages/airflow/example_dags/example_task_group_decorator.py took 0.148 seconds
[2024-12-01T08:52:09.645+0000] {processor.py:186} INFO - Started process (PID=145) to work on /home/airflow/.local/lib/python3.12/site-packages/airflow/example_dags/example_task_group_decorator.py
[2024-12-01T08:52:09.646+0000] {processor.py:914} INFO - Processing file /home/airflow/.local/lib/python3.12/site-packages/airflow/example_dags/example_task_group_decorator.py for tasks to queue
[2024-12-01T08:52:09.647+0000] {logging_mixin.py:190} INFO - [2024-12-01T08:52:09.646+0000] {dagbag.py:588} INFO - Filling up the DagBag from /home/airflow/.local/lib/python3.12/site-packages/airflow/example_dags/example_task_group_decorator.py
[2024-12-01T08:52:09.655+0000] {processor.py:925} INFO - DAG(s) 'example_task_group_decorator' retrieved from /home/airflow/.local/lib/python3.12/site-packages/airflow/example_dags/example_task_group_decorator.py
[2024-12-01T08:52:09.674+0000] {logging_mixin.py:190} INFO - [2024-12-01T08:52:09.674+0000] {dag.py:3239} INFO - Sync 1 DAGs
[2024-12-01T08:52:09.682+0000] {logging_mixin.py:190} INFO - [2024-12-01T08:52:09.682+0000] {dag.py:4180} INFO - Setting next_dagrun for example_task_group_decorator to None, run_after=None
[2024-12-01T08:52:09.695+0000] {processor.py:208} INFO - Processing /home/airflow/.local/lib/python3.12/site-packages/airflow/example_dags/example_task_group_decorator.py took 0.053 seconds
[2024-12-01T08:52:40.635+0000] {processor.py:186} INFO - Started process (PID=207) to work on /home/airflow/.local/lib/python3.12/site-packages/airflow/example_dags/example_task_group_decorator.py
[2024-12-01T08:52:40.635+0000] {processor.py:914} INFO - Processing file /home/airflow/.local/lib/python3.12/site-packages/airflow/example_dags/example_task_group_decorator.py for tasks to queue
[2024-12-01T08:52:40.637+0000] {logging_mixin.py:190} INFO - [2024-12-01T08:52:40.637+0000] {dagbag.py:588} INFO - Filling up the DagBag from /home/airflow/.local/lib/python3.12/site-packages/airflow/example_dags/example_task_group_decorator.py
[2024-12-01T08:52:40.646+0000] {processor.py:925} INFO - DAG(s) 'example_task_group_decorator' retrieved from /home/airflow/.local/lib/python3.12/site-packages/airflow/example_dags/example_task_group_decorator.py
[2024-12-01T08:52:40.665+0000] {logging_mixin.py:190} INFO - [2024-12-01T08:52:40.665+0000] {dag.py:3239} INFO - Sync 1 DAGs
[2024-12-01T08:52:40.673+0000] {logging_mixin.py:190} INFO - [2024-12-01T08:52:40.673+0000] {dag.py:4180} INFO - Setting next_dagrun for example_task_group_decorator to None, run_after=None
[2024-12-01T08:52:40.684+0000] {processor.py:208} INFO - Processing /home/airflow/.local/lib/python3.12/site-packages/airflow/example_dags/example_task_group_decorator.py took 0.053 seconds
[2024-12-01T08:53:11.160+0000] {processor.py:186} INFO - Started process (PID=276) to work on /home/airflow/.local/lib/python3.12/site-packages/airflow/example_dags/example_task_group_decorator.py
[2024-12-01T08:53:11.161+0000] {processor.py:914} INFO - Processing file /home/airflow/.local/lib/python3.12/site-packages/airflow/example_dags/example_task_group_decorator.py for tasks to queue
[2024-12-01T08:53:11.162+0000] {logging_mixin.py:190} INFO - [2024-12-01T08:53:11.162+0000] {dagbag.py:588} INFO - Filling up the DagBag from /home/airflow/.local/lib/python3.12/site-packages/airflow/example_dags/example_task_group_decorator.py
[2024-12-01T08:53:11.169+0000] {processor.py:925} INFO - DAG(s) 'example_task_group_decorator' retrieved from /home/airflow/.local/lib/python3.12/site-packages/airflow/example_dags/example_task_group_decorator.py
[2024-12-01T08:53:11.187+0000] {logging_mixin.py:190} INFO - [2024-12-01T08:53:11.187+0000] {dag.py:3239} INFO - Sync 1 DAGs
[2024-12-01T08:53:11.199+0000] {logging_mixin.py:190} INFO - [2024-12-01T08:53:11.199+0000] {dag.py:4180} INFO - Setting next_dagrun for example_task_group_decorator to None, run_after=None
[2024-12-01T08:53:11.211+0000] {processor.py:208} INFO - Processing /home/airflow/.local/lib/python3.12/site-packages/airflow/example_dags/example_task_group_decorator.py took 0.054 seconds
[2024-12-01T08:53:42.246+0000] {processor.py:186} INFO - Started process (PID=339) to work on /home/airflow/.local/lib/python3.12/site-packages/airflow/example_dags/example_task_group_decorator.py
[2024-12-01T08:53:42.247+0000] {processor.py:914} INFO - Processing file /home/airflow/.local/lib/python3.12/site-packages/airflow/example_dags/example_task_group_decorator.py for tasks to queue
[2024-12-01T08:53:42.248+0000] {logging_mixin.py:190} INFO - [2024-12-01T08:53:42.248+0000] {dagbag.py:588} INFO - Filling up the DagBag from /home/airflow/.local/lib/python3.12/site-packages/airflow/example_dags/example_task_group_decorator.py
[2024-12-01T08:53:42.257+0000] {processor.py:925} INFO - DAG(s) 'example_task_group_decorator' retrieved from /home/airflow/.local/lib/python3.12/site-packages/airflow/example_dags/example_task_group_decorator.py
[2024-12-01T08:53:42.273+0000] {logging_mixin.py:190} INFO - [2024-12-01T08:53:42.273+0000] {dag.py:3239} INFO - Sync 1 DAGs
[2024-12-01T08:53:42.283+0000] {logging_mixin.py:190} INFO - [2024-12-01T08:53:42.283+0000] {dag.py:4180} INFO - Setting next_dagrun for example_task_group_decorator to None, run_after=None
[2024-12-01T08:53:42.296+0000] {processor.py:208} INFO - Processing /home/airflow/.local/lib/python3.12/site-packages/airflow/example_dags/example_task_group_decorator.py took 0.053 seconds
[2024-12-01T08:54:12.340+0000] {processor.py:186} INFO - Started process (PID=402) to work on /home/airflow/.local/lib/python3.12/site-packages/airflow/example_dags/example_task_group_decorator.py
[2024-12-01T08:54:12.341+0000] {processor.py:914} INFO - Processing file /home/airflow/.local/lib/python3.12/site-packages/airflow/example_dags/example_task_group_decorator.py for tasks to queue
[2024-12-01T08:54:12.342+0000] {logging_mixin.py:190} INFO - [2024-12-01T08:54:12.342+0000] {dagbag.py:588} INFO - Filling up the DagBag from /home/airflow/.local/lib/python3.12/site-packages/airflow/example_dags/example_task_group_decorator.py
[2024-12-01T08:54:12.349+0000] {processor.py:925} INFO - DAG(s) 'example_task_group_decorator' retrieved from /home/airflow/.local/lib/python3.12/site-packages/airflow/example_dags/example_task_group_decorator.py
[2024-12-01T08:54:12.365+0000] {logging_mixin.py:190} INFO - [2024-12-01T08:54:12.365+0000] {dag.py:3239} INFO - Sync 1 DAGs
[2024-12-01T08:54:12.372+0000] {logging_mixin.py:190} INFO - [2024-12-01T08:54:12.372+0000] {dag.py:4180} INFO - Setting next_dagrun for example_task_group_decorator to None, run_after=None
[2024-12-01T08:54:12.382+0000] {processor.py:208} INFO - Processing /home/airflow/.local/lib/python3.12/site-packages/airflow/example_dags/example_task_group_decorator.py took 0.046 seconds
[2024-12-01T08:54:42.569+0000] {processor.py:186} INFO - Started process (PID=464) to work on /home/airflow/.local/lib/python3.12/site-packages/airflow/example_dags/example_task_group_decorator.py
[2024-12-01T08:54:42.570+0000] {processor.py:914} INFO - Processing file /home/airflow/.local/lib/python3.12/site-packages/airflow/example_dags/example_task_group_decorator.py for tasks to queue
[2024-12-01T08:54:42.571+0000] {logging_mixin.py:190} INFO - [2024-12-01T08:54:42.571+0000] {dagbag.py:588} INFO - Filling up the DagBag from /home/airflow/.local/lib/python3.12/site-packages/airflow/example_dags/example_task_group_decorator.py
[2024-12-01T08:54:42.580+0000] {processor.py:925} INFO - DAG(s) 'example_task_group_decorator' retrieved from /home/airflow/.local/lib/python3.12/site-packages/airflow/example_dags/example_task_group_decorator.py
[2024-12-01T08:54:42.595+0000] {logging_mixin.py:190} INFO - [2024-12-01T08:54:42.595+0000] {dag.py:3239} INFO - Sync 1 DAGs
[2024-12-01T08:54:42.605+0000] {logging_mixin.py:190} INFO - [2024-12-01T08:54:42.605+0000] {dag.py:4180} INFO - Setting next_dagrun for example_task_group_decorator to None, run_after=None
[2024-12-01T08:54:42.615+0000] {processor.py:208} INFO - Processing /home/airflow/.local/lib/python3.12/site-packages/airflow/example_dags/example_task_group_decorator.py took 0.051 seconds
[2024-12-01T08:55:12.814+0000] {processor.py:186} INFO - Started process (PID=527) to work on /home/airflow/.local/lib/python3.12/site-packages/airflow/example_dags/example_task_group_decorator.py
[2024-12-01T08:55:12.815+0000] {processor.py:914} INFO - Processing file /home/airflow/.local/lib/python3.12/site-packages/airflow/example_dags/example_task_group_decorator.py for tasks to queue
[2024-12-01T08:55:12.816+0000] {logging_mixin.py:190} INFO - [2024-12-01T08:55:12.816+0000] {dagbag.py:588} INFO - Filling up the DagBag from /home/airflow/.local/lib/python3.12/site-packages/airflow/example_dags/example_task_group_decorator.py
[2024-12-01T08:55:12.824+0000] {processor.py:925} INFO - DAG(s) 'example_task_group_decorator' retrieved from /home/airflow/.local/lib/python3.12/site-packages/airflow/example_dags/example_task_group_decorator.py
[2024-12-01T08:55:12.842+0000] {logging_mixin.py:190} INFO - [2024-12-01T08:55:12.842+0000] {dag.py:3239} INFO - Sync 1 DAGs
[2024-12-01T08:55:12.851+0000] {logging_mixin.py:190} INFO - [2024-12-01T08:55:12.851+0000] {dag.py:4180} INFO - Setting next_dagrun for example_task_group_decorator to None, run_after=None
[2024-12-01T08:55:12.864+0000] {processor.py:208} INFO - Processing /home/airflow/.local/lib/python3.12/site-packages/airflow/example_dags/example_task_group_decorator.py took 0.053 seconds
[2024-12-01T08:55:43.054+0000] {processor.py:186} INFO - Started process (PID=590) to work on /home/airflow/.local/lib/python3.12/site-packages/airflow/example_dags/example_task_group_decorator.py
[2024-12-01T08:55:43.055+0000] {processor.py:914} INFO - Processing file /home/airflow/.local/lib/python3.12/site-packages/airflow/example_dags/example_task_group_decorator.py for tasks to queue
[2024-12-01T08:55:43.056+0000] {logging_mixin.py:190} INFO - [2024-12-01T08:55:43.056+0000] {dagbag.py:588} INFO - Filling up the DagBag from /home/airflow/.local/lib/python3.12/site-packages/airflow/example_dags/example_task_group_decorator.py
[2024-12-01T08:55:43.063+0000] {processor.py:925} INFO - DAG(s) 'example_task_group_decorator' retrieved from /home/airflow/.local/lib/python3.12/site-packages/airflow/example_dags/example_task_group_decorator.py
[2024-12-01T08:55:43.079+0000] {logging_mixin.py:190} INFO - [2024-12-01T08:55:43.078+0000] {dag.py:3239} INFO - Sync 1 DAGs
[2024-12-01T08:55:43.090+0000] {logging_mixin.py:190} INFO - [2024-12-01T08:55:43.089+0000] {dag.py:4180} INFO - Setting next_dagrun for example_task_group_decorator to None, run_after=None
[2024-12-01T08:55:43.105+0000] {processor.py:208} INFO - Processing /home/airflow/.local/lib/python3.12/site-packages/airflow/example_dags/example_task_group_decorator.py took 0.054 seconds
[2024-12-01T08:56:13.347+0000] {processor.py:186} INFO - Started process (PID=653) to work on /home/airflow/.local/lib/python3.12/site-packages/airflow/example_dags/example_task_group_decorator.py
[2024-12-01T08:56:13.348+0000] {processor.py:914} INFO - Processing file /home/airflow/.local/lib/python3.12/site-packages/airflow/example_dags/example_task_group_decorator.py for tasks to queue
[2024-12-01T08:56:13.350+0000] {logging_mixin.py:190} INFO - [2024-12-01T08:56:13.349+0000] {dagbag.py:588} INFO - Filling up the DagBag from /home/airflow/.local/lib/python3.12/site-packages/airflow/example_dags/example_task_group_decorator.py
[2024-12-01T08:56:13.363+0000] {processor.py:925} INFO - DAG(s) 'example_task_group_decorator' retrieved from /home/airflow/.local/lib/python3.12/site-packages/airflow/example_dags/example_task_group_decorator.py
[2024-12-01T08:56:13.387+0000] {logging_mixin.py:190} INFO - [2024-12-01T08:56:13.387+0000] {dag.py:3239} INFO - Sync 1 DAGs
[2024-12-01T08:56:13.400+0000] {logging_mixin.py:190} INFO - [2024-12-01T08:56:13.400+0000] {dag.py:4180} INFO - Setting next_dagrun for example_task_group_decorator to None, run_after=None
[2024-12-01T08:56:13.414+0000] {processor.py:208} INFO - Processing /home/airflow/.local/lib/python3.12/site-packages/airflow/example_dags/example_task_group_decorator.py took 0.072 seconds
[2024-12-01T08:56:44.159+0000] {processor.py:186} INFO - Started process (PID=716) to work on /home/airflow/.local/lib/python3.12/site-packages/airflow/example_dags/example_task_group_decorator.py
[2024-12-01T08:56:44.159+0000] {processor.py:914} INFO - Processing file /home/airflow/.local/lib/python3.12/site-packages/airflow/example_dags/example_task_group_decorator.py for tasks to queue
[2024-12-01T08:56:44.160+0000] {logging_mixin.py:190} INFO - [2024-12-01T08:56:44.160+0000] {dagbag.py:588} INFO - Filling up the DagBag from /home/airflow/.local/lib/python3.12/site-packages/airflow/example_dags/example_task_group_decorator.py
[2024-12-01T08:56:44.168+0000] {processor.py:925} INFO - DAG(s) 'example_task_group_decorator' retrieved from /home/airflow/.local/lib/python3.12/site-packages/airflow/example_dags/example_task_group_decorator.py
[2024-12-01T08:56:44.182+0000] {logging_mixin.py:190} INFO - [2024-12-01T08:56:44.182+0000] {dag.py:3239} INFO - Sync 1 DAGs
[2024-12-01T08:56:44.189+0000] {logging_mixin.py:190} INFO - [2024-12-01T08:56:44.189+0000] {dag.py:4180} INFO - Setting next_dagrun for example_task_group_decorator to None, run_after=None
[2024-12-01T08:56:44.200+0000] {processor.py:208} INFO - Processing /home/airflow/.local/lib/python3.12/site-packages/airflow/example_dags/example_task_group_decorator.py took 0.044 seconds
[2024-12-01T08:57:14.923+0000] {processor.py:186} INFO - Started process (PID=779) to work on /home/airflow/.local/lib/python3.12/site-packages/airflow/example_dags/example_task_group_decorator.py
[2024-12-01T08:57:14.924+0000] {processor.py:914} INFO - Processing file /home/airflow/.local/lib/python3.12/site-packages/airflow/example_dags/example_task_group_decorator.py for tasks to queue
[2024-12-01T08:57:14.925+0000] {logging_mixin.py:190} INFO - [2024-12-01T08:57:14.925+0000] {dagbag.py:588} INFO - Filling up the DagBag from /home/airflow/.local/lib/python3.12/site-packages/airflow/example_dags/example_task_group_decorator.py
[2024-12-01T08:57:14.937+0000] {processor.py:925} INFO - DAG(s) 'example_task_group_decorator' retrieved from /home/airflow/.local/lib/python3.12/site-packages/airflow/example_dags/example_task_group_decorator.py
[2024-12-01T08:57:14.953+0000] {logging_mixin.py:190} INFO - [2024-12-01T08:57:14.952+0000] {dag.py:3239} INFO - Sync 1 DAGs
[2024-12-01T08:57:14.959+0000] {logging_mixin.py:190} INFO - [2024-12-01T08:57:14.959+0000] {dag.py:4180} INFO - Setting next_dagrun for example_task_group_decorator to None, run_after=None
[2024-12-01T08:57:14.969+0000] {processor.py:208} INFO - Processing /home/airflow/.local/lib/python3.12/site-packages/airflow/example_dags/example_task_group_decorator.py took 0.050 seconds
[2024-12-01T08:57:45.685+0000] {processor.py:186} INFO - Started process (PID=842) to work on /home/airflow/.local/lib/python3.12/site-packages/airflow/example_dags/example_task_group_decorator.py
[2024-12-01T08:57:45.686+0000] {processor.py:914} INFO - Processing file /home/airflow/.local/lib/python3.12/site-packages/airflow/example_dags/example_task_group_decorator.py for tasks to queue
[2024-12-01T08:57:45.687+0000] {logging_mixin.py:190} INFO - [2024-12-01T08:57:45.687+0000] {dagbag.py:588} INFO - Filling up the DagBag from /home/airflow/.local/lib/python3.12/site-packages/airflow/example_dags/example_task_group_decorator.py
[2024-12-01T08:57:45.695+0000] {processor.py:925} INFO - DAG(s) 'example_task_group_decorator' retrieved from /home/airflow/.local/lib/python3.12/site-packages/airflow/example_dags/example_task_group_decorator.py
[2024-12-01T08:57:45.708+0000] {logging_mixin.py:190} INFO - [2024-12-01T08:57:45.708+0000] {dag.py:3239} INFO - Sync 1 DAGs
[2024-12-01T08:57:45.716+0000] {logging_mixin.py:190} INFO - [2024-12-01T08:57:45.716+0000] {dag.py:4180} INFO - Setting next_dagrun for example_task_group_decorator to None, run_after=None
[2024-12-01T08:57:45.726+0000] {processor.py:208} INFO - Processing /home/airflow/.local/lib/python3.12/site-packages/airflow/example_dags/example_task_group_decorator.py took 0.045 seconds
[2024-12-01T08:58:16.532+0000] {processor.py:186} INFO - Started process (PID=905) to work on /home/airflow/.local/lib/python3.12/site-packages/airflow/example_dags/example_task_group_decorator.py
[2024-12-01T08:58:16.533+0000] {processor.py:914} INFO - Processing file /home/airflow/.local/lib/python3.12/site-packages/airflow/example_dags/example_task_group_decorator.py for tasks to queue
[2024-12-01T08:58:16.534+0000] {logging_mixin.py:190} INFO - [2024-12-01T08:58:16.534+0000] {dagbag.py:588} INFO - Filling up the DagBag from /home/airflow/.local/lib/python3.12/site-packages/airflow/example_dags/example_task_group_decorator.py
[2024-12-01T08:58:16.542+0000] {processor.py:925} INFO - DAG(s) 'example_task_group_decorator' retrieved from /home/airflow/.local/lib/python3.12/site-packages/airflow/example_dags/example_task_group_decorator.py
[2024-12-01T08:58:16.556+0000] {logging_mixin.py:190} INFO - [2024-12-01T08:58:16.556+0000] {dag.py:3239} INFO - Sync 1 DAGs
[2024-12-01T08:58:16.564+0000] {logging_mixin.py:190} INFO - [2024-12-01T08:58:16.564+0000] {dag.py:4180} INFO - Setting next_dagrun for example_task_group_decorator to None, run_after=None
[2024-12-01T08:58:16.573+0000] {processor.py:208} INFO - Processing /home/airflow/.local/lib/python3.12/site-packages/airflow/example_dags/example_task_group_decorator.py took 0.045 seconds
[2024-12-01T08:58:47.362+0000] {processor.py:186} INFO - Started process (PID=968) to work on /home/airflow/.local/lib/python3.12/site-packages/airflow/example_dags/example_task_group_decorator.py
[2024-12-01T08:58:47.363+0000] {processor.py:914} INFO - Processing file /home/airflow/.local/lib/python3.12/site-packages/airflow/example_dags/example_task_group_decorator.py for tasks to queue
[2024-12-01T08:58:47.364+0000] {logging_mixin.py:190} INFO - [2024-12-01T08:58:47.364+0000] {dagbag.py:588} INFO - Filling up the DagBag from /home/airflow/.local/lib/python3.12/site-packages/airflow/example_dags/example_task_group_decorator.py
[2024-12-01T08:58:47.374+0000] {processor.py:925} INFO - DAG(s) 'example_task_group_decorator' retrieved from /home/airflow/.local/lib/python3.12/site-packages/airflow/example_dags/example_task_group_decorator.py
[2024-12-01T08:58:47.391+0000] {logging_mixin.py:190} INFO - [2024-12-01T08:58:47.391+0000] {dag.py:3239} INFO - Sync 1 DAGs
[2024-12-01T08:58:47.401+0000] {logging_mixin.py:190} INFO - [2024-12-01T08:58:47.401+0000] {dag.py:4180} INFO - Setting next_dagrun for example_task_group_decorator to None, run_after=None
[2024-12-01T08:58:47.414+0000] {processor.py:208} INFO - Processing /home/airflow/.local/lib/python3.12/site-packages/airflow/example_dags/example_task_group_decorator.py took 0.057 seconds
[2024-12-01T08:59:18.168+0000] {processor.py:186} INFO - Started process (PID=1031) to work on /home/airflow/.local/lib/python3.12/site-packages/airflow/example_dags/example_task_group_decorator.py
[2024-12-01T08:59:18.169+0000] {processor.py:914} INFO - Processing file /home/airflow/.local/lib/python3.12/site-packages/airflow/example_dags/example_task_group_decorator.py for tasks to queue
[2024-12-01T08:59:18.170+0000] {logging_mixin.py:190} INFO - [2024-12-01T08:59:18.170+0000] {dagbag.py:588} INFO - Filling up the DagBag from /home/airflow/.local/lib/python3.12/site-packages/airflow/example_dags/example_task_group_decorator.py
[2024-12-01T08:59:18.178+0000] {processor.py:925} INFO - DAG(s) 'example_task_group_decorator' retrieved from /home/airflow/.local/lib/python3.12/site-packages/airflow/example_dags/example_task_group_decorator.py
[2024-12-01T08:59:18.192+0000] {logging_mixin.py:190} INFO - [2024-12-01T08:59:18.192+0000] {dag.py:3239} INFO - Sync 1 DAGs
[2024-12-01T08:59:18.199+0000] {logging_mixin.py:190} INFO - [2024-12-01T08:59:18.199+0000] {dag.py:4180} INFO - Setting next_dagrun for example_task_group_decorator to None, run_after=None
[2024-12-01T08:59:18.209+0000] {processor.py:208} INFO - Processing /home/airflow/.local/lib/python3.12/site-packages/airflow/example_dags/example_task_group_decorator.py took 0.045 seconds
[2024-12-01T08:59:48.986+0000] {processor.py:186} INFO - Started process (PID=1094) to work on /home/airflow/.local/lib/python3.12/site-packages/airflow/example_dags/example_task_group_decorator.py
[2024-12-01T08:59:48.987+0000] {processor.py:914} INFO - Processing file /home/airflow/.local/lib/python3.12/site-packages/airflow/example_dags/example_task_group_decorator.py for tasks to queue
[2024-12-01T08:59:48.988+0000] {logging_mixin.py:190} INFO - [2024-12-01T08:59:48.988+0000] {dagbag.py:588} INFO - Filling up the DagBag from /home/airflow/.local/lib/python3.12/site-packages/airflow/example_dags/example_task_group_decorator.py
[2024-12-01T08:59:48.996+0000] {processor.py:925} INFO - DAG(s) 'example_task_group_decorator' retrieved from /home/airflow/.local/lib/python3.12/site-packages/airflow/example_dags/example_task_group_decorator.py
[2024-12-01T08:59:49.012+0000] {logging_mixin.py:190} INFO - [2024-12-01T08:59:49.012+0000] {dag.py:3239} INFO - Sync 1 DAGs
[2024-12-01T08:59:49.023+0000] {logging_mixin.py:190} INFO - [2024-12-01T08:59:49.022+0000] {dag.py:4180} INFO - Setting next_dagrun for example_task_group_decorator to None, run_after=None
[2024-12-01T08:59:49.036+0000] {processor.py:208} INFO - Processing /home/airflow/.local/lib/python3.12/site-packages/airflow/example_dags/example_task_group_decorator.py took 0.054 seconds
[2024-12-01T09:00:19.853+0000] {processor.py:186} INFO - Started process (PID=1157) to work on /home/airflow/.local/lib/python3.12/site-packages/airflow/example_dags/example_task_group_decorator.py
[2024-12-01T09:00:19.853+0000] {processor.py:914} INFO - Processing file /home/airflow/.local/lib/python3.12/site-packages/airflow/example_dags/example_task_group_decorator.py for tasks to queue
[2024-12-01T09:00:19.855+0000] {logging_mixin.py:190} INFO - [2024-12-01T09:00:19.854+0000] {dagbag.py:588} INFO - Filling up the DagBag from /home/airflow/.local/lib/python3.12/site-packages/airflow/example_dags/example_task_group_decorator.py
[2024-12-01T09:00:19.862+0000] {processor.py:925} INFO - DAG(s) 'example_task_group_decorator' retrieved from /home/airflow/.local/lib/python3.12/site-packages/airflow/example_dags/example_task_group_decorator.py
[2024-12-01T09:00:19.876+0000] {logging_mixin.py:190} INFO - [2024-12-01T09:00:19.875+0000] {dag.py:3239} INFO - Sync 1 DAGs
[2024-12-01T09:00:19.883+0000] {logging_mixin.py:190} INFO - [2024-12-01T09:00:19.883+0000] {dag.py:4180} INFO - Setting next_dagrun for example_task_group_decorator to None, run_after=None
[2024-12-01T09:00:19.892+0000] {processor.py:208} INFO - Processing /home/airflow/.local/lib/python3.12/site-packages/airflow/example_dags/example_task_group_decorator.py took 0.042 seconds
[2024-12-01T09:00:50.484+0000] {processor.py:186} INFO - Started process (PID=1220) to work on /home/airflow/.local/lib/python3.12/site-packages/airflow/example_dags/example_task_group_decorator.py
[2024-12-01T09:00:50.485+0000] {processor.py:914} INFO - Processing file /home/airflow/.local/lib/python3.12/site-packages/airflow/example_dags/example_task_group_decorator.py for tasks to queue
[2024-12-01T09:00:50.486+0000] {logging_mixin.py:190} INFO - [2024-12-01T09:00:50.486+0000] {dagbag.py:588} INFO - Filling up the DagBag from /home/airflow/.local/lib/python3.12/site-packages/airflow/example_dags/example_task_group_decorator.py
[2024-12-01T09:00:50.499+0000] {processor.py:925} INFO - DAG(s) 'example_task_group_decorator' retrieved from /home/airflow/.local/lib/python3.12/site-packages/airflow/example_dags/example_task_group_decorator.py
[2024-12-01T09:00:50.519+0000] {logging_mixin.py:190} INFO - [2024-12-01T09:00:50.519+0000] {dag.py:3239} INFO - Sync 1 DAGs
[2024-12-01T09:00:50.530+0000] {logging_mixin.py:190} INFO - [2024-12-01T09:00:50.530+0000] {dag.py:4180} INFO - Setting next_dagrun for example_task_group_decorator to None, run_after=None
[2024-12-01T09:00:50.543+0000] {processor.py:208} INFO - Processing /home/airflow/.local/lib/python3.12/site-packages/airflow/example_dags/example_task_group_decorator.py took 0.063 seconds
[2024-12-01T09:01:20.734+0000] {processor.py:186} INFO - Started process (PID=1283) to work on /home/airflow/.local/lib/python3.12/site-packages/airflow/example_dags/example_task_group_decorator.py
[2024-12-01T09:01:20.735+0000] {processor.py:914} INFO - Processing file /home/airflow/.local/lib/python3.12/site-packages/airflow/example_dags/example_task_group_decorator.py for tasks to queue
[2024-12-01T09:01:20.736+0000] {logging_mixin.py:190} INFO - [2024-12-01T09:01:20.736+0000] {dagbag.py:588} INFO - Filling up the DagBag from /home/airflow/.local/lib/python3.12/site-packages/airflow/example_dags/example_task_group_decorator.py
[2024-12-01T09:01:20.745+0000] {processor.py:925} INFO - DAG(s) 'example_task_group_decorator' retrieved from /home/airflow/.local/lib/python3.12/site-packages/airflow/example_dags/example_task_group_decorator.py
[2024-12-01T09:01:20.763+0000] {logging_mixin.py:190} INFO - [2024-12-01T09:01:20.762+0000] {dag.py:3239} INFO - Sync 1 DAGs
[2024-12-01T09:01:20.774+0000] {logging_mixin.py:190} INFO - [2024-12-01T09:01:20.774+0000] {dag.py:4180} INFO - Setting next_dagrun for example_task_group_decorator to None, run_after=None
[2024-12-01T09:01:20.787+0000] {processor.py:208} INFO - Processing /home/airflow/.local/lib/python3.12/site-packages/airflow/example_dags/example_task_group_decorator.py took 0.056 seconds
[2024-12-01T09:01:51.136+0000] {processor.py:186} INFO - Started process (PID=1347) to work on /home/airflow/.local/lib/python3.12/site-packages/airflow/example_dags/example_task_group_decorator.py
[2024-12-01T09:01:51.136+0000] {processor.py:914} INFO - Processing file /home/airflow/.local/lib/python3.12/site-packages/airflow/example_dags/example_task_group_decorator.py for tasks to queue
[2024-12-01T09:01:51.138+0000] {logging_mixin.py:190} INFO - [2024-12-01T09:01:51.138+0000] {dagbag.py:588} INFO - Filling up the DagBag from /home/airflow/.local/lib/python3.12/site-packages/airflow/example_dags/example_task_group_decorator.py
[2024-12-01T09:01:51.148+0000] {processor.py:925} INFO - DAG(s) 'example_task_group_decorator' retrieved from /home/airflow/.local/lib/python3.12/site-packages/airflow/example_dags/example_task_group_decorator.py
[2024-12-01T09:01:51.166+0000] {logging_mixin.py:190} INFO - [2024-12-01T09:01:51.166+0000] {dag.py:3239} INFO - Sync 1 DAGs
[2024-12-01T09:01:51.175+0000] {logging_mixin.py:190} INFO - [2024-12-01T09:01:51.175+0000] {dag.py:4180} INFO - Setting next_dagrun for example_task_group_decorator to None, run_after=None
[2024-12-01T09:01:51.186+0000] {processor.py:208} INFO - Processing /home/airflow/.local/lib/python3.12/site-packages/airflow/example_dags/example_task_group_decorator.py took 0.056 seconds
[2024-12-01T09:02:21.278+0000] {processor.py:186} INFO - Started process (PID=1410) to work on /home/airflow/.local/lib/python3.12/site-packages/airflow/example_dags/example_task_group_decorator.py
[2024-12-01T09:02:21.279+0000] {processor.py:914} INFO - Processing file /home/airflow/.local/lib/python3.12/site-packages/airflow/example_dags/example_task_group_decorator.py for tasks to queue
[2024-12-01T09:02:21.280+0000] {logging_mixin.py:190} INFO - [2024-12-01T09:02:21.279+0000] {dagbag.py:588} INFO - Filling up the DagBag from /home/airflow/.local/lib/python3.12/site-packages/airflow/example_dags/example_task_group_decorator.py
[2024-12-01T09:02:21.288+0000] {processor.py:925} INFO - DAG(s) 'example_task_group_decorator' retrieved from /home/airflow/.local/lib/python3.12/site-packages/airflow/example_dags/example_task_group_decorator.py
[2024-12-01T09:02:21.303+0000] {logging_mixin.py:190} INFO - [2024-12-01T09:02:21.303+0000] {dag.py:3239} INFO - Sync 1 DAGs
[2024-12-01T09:02:21.313+0000] {logging_mixin.py:190} INFO - [2024-12-01T09:02:21.313+0000] {dag.py:4180} INFO - Setting next_dagrun for example_task_group_decorator to None, run_after=None
[2024-12-01T09:02:21.327+0000] {processor.py:208} INFO - Processing /home/airflow/.local/lib/python3.12/site-packages/airflow/example_dags/example_task_group_decorator.py took 0.053 seconds
[2024-12-01T09:02:52.245+0000] {processor.py:186} INFO - Started process (PID=1473) to work on /home/airflow/.local/lib/python3.12/site-packages/airflow/example_dags/example_task_group_decorator.py
[2024-12-01T09:02:52.246+0000] {processor.py:914} INFO - Processing file /home/airflow/.local/lib/python3.12/site-packages/airflow/example_dags/example_task_group_decorator.py for tasks to queue
[2024-12-01T09:02:52.247+0000] {logging_mixin.py:190} INFO - [2024-12-01T09:02:52.247+0000] {dagbag.py:588} INFO - Filling up the DagBag from /home/airflow/.local/lib/python3.12/site-packages/airflow/example_dags/example_task_group_decorator.py
[2024-12-01T09:02:52.256+0000] {processor.py:925} INFO - DAG(s) 'example_task_group_decorator' retrieved from /home/airflow/.local/lib/python3.12/site-packages/airflow/example_dags/example_task_group_decorator.py
[2024-12-01T09:02:52.273+0000] {logging_mixin.py:190} INFO - [2024-12-01T09:02:52.273+0000] {dag.py:3239} INFO - Sync 1 DAGs
[2024-12-01T09:02:52.281+0000] {logging_mixin.py:190} INFO - [2024-12-01T09:02:52.281+0000] {dag.py:4180} INFO - Setting next_dagrun for example_task_group_decorator to None, run_after=None
[2024-12-01T09:02:52.293+0000] {processor.py:208} INFO - Processing /home/airflow/.local/lib/python3.12/site-packages/airflow/example_dags/example_task_group_decorator.py took 0.052 seconds
[2024-12-01T09:03:22.779+0000] {processor.py:186} INFO - Started process (PID=1536) to work on /home/airflow/.local/lib/python3.12/site-packages/airflow/example_dags/example_task_group_decorator.py
[2024-12-01T09:03:22.780+0000] {processor.py:914} INFO - Processing file /home/airflow/.local/lib/python3.12/site-packages/airflow/example_dags/example_task_group_decorator.py for tasks to queue
[2024-12-01T09:03:22.781+0000] {logging_mixin.py:190} INFO - [2024-12-01T09:03:22.781+0000] {dagbag.py:588} INFO - Filling up the DagBag from /home/airflow/.local/lib/python3.12/site-packages/airflow/example_dags/example_task_group_decorator.py
[2024-12-01T09:03:22.790+0000] {processor.py:925} INFO - DAG(s) 'example_task_group_decorator' retrieved from /home/airflow/.local/lib/python3.12/site-packages/airflow/example_dags/example_task_group_decorator.py
[2024-12-01T09:03:22.807+0000] {logging_mixin.py:190} INFO - [2024-12-01T09:03:22.806+0000] {dag.py:3239} INFO - Sync 1 DAGs
[2024-12-01T09:03:22.816+0000] {logging_mixin.py:190} INFO - [2024-12-01T09:03:22.816+0000] {dag.py:4180} INFO - Setting next_dagrun for example_task_group_decorator to None, run_after=None
[2024-12-01T09:03:22.831+0000] {processor.py:208} INFO - Processing /home/airflow/.local/lib/python3.12/site-packages/airflow/example_dags/example_task_group_decorator.py took 0.058 seconds
[2024-12-01T09:03:53.206+0000] {processor.py:186} INFO - Started process (PID=1599) to work on /home/airflow/.local/lib/python3.12/site-packages/airflow/example_dags/example_task_group_decorator.py
[2024-12-01T09:03:53.207+0000] {processor.py:914} INFO - Processing file /home/airflow/.local/lib/python3.12/site-packages/airflow/example_dags/example_task_group_decorator.py for tasks to queue
[2024-12-01T09:03:53.208+0000] {logging_mixin.py:190} INFO - [2024-12-01T09:03:53.208+0000] {dagbag.py:588} INFO - Filling up the DagBag from /home/airflow/.local/lib/python3.12/site-packages/airflow/example_dags/example_task_group_decorator.py
[2024-12-01T09:03:53.216+0000] {processor.py:925} INFO - DAG(s) 'example_task_group_decorator' retrieved from /home/airflow/.local/lib/python3.12/site-packages/airflow/example_dags/example_task_group_decorator.py
[2024-12-01T09:03:53.230+0000] {logging_mixin.py:190} INFO - [2024-12-01T09:03:53.230+0000] {dag.py:3239} INFO - Sync 1 DAGs
[2024-12-01T09:03:53.238+0000] {logging_mixin.py:190} INFO - [2024-12-01T09:03:53.238+0000] {dag.py:4180} INFO - Setting next_dagrun for example_task_group_decorator to None, run_after=None
[2024-12-01T09:03:53.248+0000] {processor.py:208} INFO - Processing /home/airflow/.local/lib/python3.12/site-packages/airflow/example_dags/example_task_group_decorator.py took 0.045 seconds
[2024-12-01T09:04:23.428+0000] {processor.py:186} INFO - Started process (PID=1662) to work on /home/airflow/.local/lib/python3.12/site-packages/airflow/example_dags/example_task_group_decorator.py
[2024-12-01T09:04:23.428+0000] {processor.py:914} INFO - Processing file /home/airflow/.local/lib/python3.12/site-packages/airflow/example_dags/example_task_group_decorator.py for tasks to queue
[2024-12-01T09:04:23.429+0000] {logging_mixin.py:190} INFO - [2024-12-01T09:04:23.429+0000] {dagbag.py:588} INFO - Filling up the DagBag from /home/airflow/.local/lib/python3.12/site-packages/airflow/example_dags/example_task_group_decorator.py
[2024-12-01T09:04:23.438+0000] {processor.py:925} INFO - DAG(s) 'example_task_group_decorator' retrieved from /home/airflow/.local/lib/python3.12/site-packages/airflow/example_dags/example_task_group_decorator.py
[2024-12-01T09:04:23.454+0000] {logging_mixin.py:190} INFO - [2024-12-01T09:04:23.454+0000] {dag.py:3239} INFO - Sync 1 DAGs
[2024-12-01T09:04:23.466+0000] {logging_mixin.py:190} INFO - [2024-12-01T09:04:23.465+0000] {dag.py:4180} INFO - Setting next_dagrun for example_task_group_decorator to None, run_after=None
[2024-12-01T09:04:23.478+0000] {processor.py:208} INFO - Processing /home/airflow/.local/lib/python3.12/site-packages/airflow/example_dags/example_task_group_decorator.py took 0.054 seconds
[2024-12-01T09:04:53.926+0000] {processor.py:186} INFO - Started process (PID=1725) to work on /home/airflow/.local/lib/python3.12/site-packages/airflow/example_dags/example_task_group_decorator.py
[2024-12-01T09:04:53.926+0000] {processor.py:914} INFO - Processing file /home/airflow/.local/lib/python3.12/site-packages/airflow/example_dags/example_task_group_decorator.py for tasks to queue
[2024-12-01T09:04:53.927+0000] {logging_mixin.py:190} INFO - [2024-12-01T09:04:53.927+0000] {dagbag.py:588} INFO - Filling up the DagBag from /home/airflow/.local/lib/python3.12/site-packages/airflow/example_dags/example_task_group_decorator.py
[2024-12-01T09:04:53.935+0000] {processor.py:925} INFO - DAG(s) 'example_task_group_decorator' retrieved from /home/airflow/.local/lib/python3.12/site-packages/airflow/example_dags/example_task_group_decorator.py
[2024-12-01T09:04:53.951+0000] {logging_mixin.py:190} INFO - [2024-12-01T09:04:53.951+0000] {dag.py:3239} INFO - Sync 1 DAGs
[2024-12-01T09:04:53.959+0000] {logging_mixin.py:190} INFO - [2024-12-01T09:04:53.958+0000] {dag.py:4180} INFO - Setting next_dagrun for example_task_group_decorator to None, run_after=None
[2024-12-01T09:04:53.968+0000] {processor.py:208} INFO - Processing /home/airflow/.local/lib/python3.12/site-packages/airflow/example_dags/example_task_group_decorator.py took 0.045 seconds
[2024-12-01T09:05:24.649+0000] {processor.py:186} INFO - Started process (PID=1788) to work on /home/airflow/.local/lib/python3.12/site-packages/airflow/example_dags/example_task_group_decorator.py
[2024-12-01T09:05:24.649+0000] {processor.py:914} INFO - Processing file /home/airflow/.local/lib/python3.12/site-packages/airflow/example_dags/example_task_group_decorator.py for tasks to queue
[2024-12-01T09:05:24.650+0000] {logging_mixin.py:190} INFO - [2024-12-01T09:05:24.650+0000] {dagbag.py:588} INFO - Filling up the DagBag from /home/airflow/.local/lib/python3.12/site-packages/airflow/example_dags/example_task_group_decorator.py
[2024-12-01T09:05:24.659+0000] {processor.py:925} INFO - DAG(s) 'example_task_group_decorator' retrieved from /home/airflow/.local/lib/python3.12/site-packages/airflow/example_dags/example_task_group_decorator.py
[2024-12-01T09:05:24.676+0000] {logging_mixin.py:190} INFO - [2024-12-01T09:05:24.676+0000] {dag.py:3239} INFO - Sync 1 DAGs
[2024-12-01T09:05:24.685+0000] {logging_mixin.py:190} INFO - [2024-12-01T09:05:24.685+0000] {dag.py:4180} INFO - Setting next_dagrun for example_task_group_decorator to None, run_after=None
[2024-12-01T09:05:24.697+0000] {processor.py:208} INFO - Processing /home/airflow/.local/lib/python3.12/site-packages/airflow/example_dags/example_task_group_decorator.py took 0.053 seconds
[2024-12-01T09:05:54.884+0000] {processor.py:186} INFO - Started process (PID=1851) to work on /home/airflow/.local/lib/python3.12/site-packages/airflow/example_dags/example_task_group_decorator.py
[2024-12-01T09:05:54.885+0000] {processor.py:914} INFO - Processing file /home/airflow/.local/lib/python3.12/site-packages/airflow/example_dags/example_task_group_decorator.py for tasks to queue
[2024-12-01T09:05:54.886+0000] {logging_mixin.py:190} INFO - [2024-12-01T09:05:54.886+0000] {dagbag.py:588} INFO - Filling up the DagBag from /home/airflow/.local/lib/python3.12/site-packages/airflow/example_dags/example_task_group_decorator.py
[2024-12-01T09:05:54.896+0000] {processor.py:925} INFO - DAG(s) 'example_task_group_decorator' retrieved from /home/airflow/.local/lib/python3.12/site-packages/airflow/example_dags/example_task_group_decorator.py
[2024-12-01T09:05:54.916+0000] {logging_mixin.py:190} INFO - [2024-12-01T09:05:54.916+0000] {dag.py:3239} INFO - Sync 1 DAGs
[2024-12-01T09:05:54.924+0000] {logging_mixin.py:190} INFO - [2024-12-01T09:05:54.924+0000] {dag.py:4180} INFO - Setting next_dagrun for example_task_group_decorator to None, run_after=None
[2024-12-01T09:05:54.938+0000] {processor.py:208} INFO - Processing /home/airflow/.local/lib/python3.12/site-packages/airflow/example_dags/example_task_group_decorator.py took 0.057 seconds
[2024-12-01T09:06:25.692+0000] {processor.py:186} INFO - Started process (PID=1914) to work on /home/airflow/.local/lib/python3.12/site-packages/airflow/example_dags/example_task_group_decorator.py
[2024-12-01T09:06:25.693+0000] {processor.py:914} INFO - Processing file /home/airflow/.local/lib/python3.12/site-packages/airflow/example_dags/example_task_group_decorator.py for tasks to queue
[2024-12-01T09:06:25.694+0000] {logging_mixin.py:190} INFO - [2024-12-01T09:06:25.694+0000] {dagbag.py:588} INFO - Filling up the DagBag from /home/airflow/.local/lib/python3.12/site-packages/airflow/example_dags/example_task_group_decorator.py
[2024-12-01T09:06:25.701+0000] {processor.py:925} INFO - DAG(s) 'example_task_group_decorator' retrieved from /home/airflow/.local/lib/python3.12/site-packages/airflow/example_dags/example_task_group_decorator.py
[2024-12-01T09:06:25.718+0000] {logging_mixin.py:190} INFO - [2024-12-01T09:06:25.718+0000] {dag.py:3239} INFO - Sync 1 DAGs
[2024-12-01T09:06:25.730+0000] {logging_mixin.py:190} INFO - [2024-12-01T09:06:25.730+0000] {dag.py:4180} INFO - Setting next_dagrun for example_task_group_decorator to None, run_after=None
[2024-12-01T09:06:25.741+0000] {processor.py:208} INFO - Processing /home/airflow/.local/lib/python3.12/site-packages/airflow/example_dags/example_task_group_decorator.py took 0.052 seconds
[2024-12-01T09:06:56.182+0000] {processor.py:186} INFO - Started process (PID=1977) to work on /home/airflow/.local/lib/python3.12/site-packages/airflow/example_dags/example_task_group_decorator.py
[2024-12-01T09:06:56.183+0000] {processor.py:914} INFO - Processing file /home/airflow/.local/lib/python3.12/site-packages/airflow/example_dags/example_task_group_decorator.py for tasks to queue
[2024-12-01T09:06:56.184+0000] {logging_mixin.py:190} INFO - [2024-12-01T09:06:56.184+0000] {dagbag.py:588} INFO - Filling up the DagBag from /home/airflow/.local/lib/python3.12/site-packages/airflow/example_dags/example_task_group_decorator.py
[2024-12-01T09:06:56.192+0000] {processor.py:925} INFO - DAG(s) 'example_task_group_decorator' retrieved from /home/airflow/.local/lib/python3.12/site-packages/airflow/example_dags/example_task_group_decorator.py
[2024-12-01T09:06:56.208+0000] {logging_mixin.py:190} INFO - [2024-12-01T09:06:56.208+0000] {dag.py:3239} INFO - Sync 1 DAGs
[2024-12-01T09:06:56.217+0000] {logging_mixin.py:190} INFO - [2024-12-01T09:06:56.217+0000] {dag.py:4180} INFO - Setting next_dagrun for example_task_group_decorator to None, run_after=None
[2024-12-01T09:06:56.228+0000] {processor.py:208} INFO - Processing /home/airflow/.local/lib/python3.12/site-packages/airflow/example_dags/example_task_group_decorator.py took 0.050 seconds
[2024-12-01T09:07:26.505+0000] {processor.py:186} INFO - Started process (PID=2040) to work on /home/airflow/.local/lib/python3.12/site-packages/airflow/example_dags/example_task_group_decorator.py
[2024-12-01T09:07:26.506+0000] {processor.py:914} INFO - Processing file /home/airflow/.local/lib/python3.12/site-packages/airflow/example_dags/example_task_group_decorator.py for tasks to queue
[2024-12-01T09:07:26.507+0000] {logging_mixin.py:190} INFO - [2024-12-01T09:07:26.507+0000] {dagbag.py:588} INFO - Filling up the DagBag from /home/airflow/.local/lib/python3.12/site-packages/airflow/example_dags/example_task_group_decorator.py
[2024-12-01T09:07:26.515+0000] {processor.py:925} INFO - DAG(s) 'example_task_group_decorator' retrieved from /home/airflow/.local/lib/python3.12/site-packages/airflow/example_dags/example_task_group_decorator.py
[2024-12-01T09:07:26.532+0000] {logging_mixin.py:190} INFO - [2024-12-01T09:07:26.532+0000] {dag.py:3239} INFO - Sync 1 DAGs
[2024-12-01T09:07:26.540+0000] {logging_mixin.py:190} INFO - [2024-12-01T09:07:26.540+0000] {dag.py:4180} INFO - Setting next_dagrun for example_task_group_decorator to None, run_after=None
[2024-12-01T09:07:26.552+0000] {processor.py:208} INFO - Processing /home/airflow/.local/lib/python3.12/site-packages/airflow/example_dags/example_task_group_decorator.py took 0.050 seconds
[2024-12-01T09:07:57.077+0000] {processor.py:186} INFO - Started process (PID=2103) to work on /home/airflow/.local/lib/python3.12/site-packages/airflow/example_dags/example_task_group_decorator.py
[2024-12-01T09:07:57.078+0000] {processor.py:914} INFO - Processing file /home/airflow/.local/lib/python3.12/site-packages/airflow/example_dags/example_task_group_decorator.py for tasks to queue
[2024-12-01T09:07:57.080+0000] {logging_mixin.py:190} INFO - [2024-12-01T09:07:57.080+0000] {dagbag.py:588} INFO - Filling up the DagBag from /home/airflow/.local/lib/python3.12/site-packages/airflow/example_dags/example_task_group_decorator.py
[2024-12-01T09:07:57.089+0000] {processor.py:925} INFO - DAG(s) 'example_task_group_decorator' retrieved from /home/airflow/.local/lib/python3.12/site-packages/airflow/example_dags/example_task_group_decorator.py
[2024-12-01T09:07:57.113+0000] {logging_mixin.py:190} INFO - [2024-12-01T09:07:57.113+0000] {dag.py:3239} INFO - Sync 1 DAGs
[2024-12-01T09:07:57.125+0000] {logging_mixin.py:190} INFO - [2024-12-01T09:07:57.125+0000] {dag.py:4180} INFO - Setting next_dagrun for example_task_group_decorator to None, run_after=None
[2024-12-01T09:07:57.142+0000] {processor.py:208} INFO - Processing /home/airflow/.local/lib/python3.12/site-packages/airflow/example_dags/example_task_group_decorator.py took 0.070 seconds
[2024-12-01T09:08:27.702+0000] {processor.py:186} INFO - Started process (PID=2166) to work on /home/airflow/.local/lib/python3.12/site-packages/airflow/example_dags/example_task_group_decorator.py
[2024-12-01T09:08:27.702+0000] {processor.py:914} INFO - Processing file /home/airflow/.local/lib/python3.12/site-packages/airflow/example_dags/example_task_group_decorator.py for tasks to queue
[2024-12-01T09:08:27.703+0000] {logging_mixin.py:190} INFO - [2024-12-01T09:08:27.703+0000] {dagbag.py:588} INFO - Filling up the DagBag from /home/airflow/.local/lib/python3.12/site-packages/airflow/example_dags/example_task_group_decorator.py
[2024-12-01T09:08:27.711+0000] {processor.py:925} INFO - DAG(s) 'example_task_group_decorator' retrieved from /home/airflow/.local/lib/python3.12/site-packages/airflow/example_dags/example_task_group_decorator.py
[2024-12-01T09:08:27.724+0000] {logging_mixin.py:190} INFO - [2024-12-01T09:08:27.724+0000] {dag.py:3239} INFO - Sync 1 DAGs
[2024-12-01T09:08:27.731+0000] {logging_mixin.py:190} INFO - [2024-12-01T09:08:27.731+0000] {dag.py:4180} INFO - Setting next_dagrun for example_task_group_decorator to None, run_after=None
[2024-12-01T09:08:27.742+0000] {processor.py:208} INFO - Processing /home/airflow/.local/lib/python3.12/site-packages/airflow/example_dags/example_task_group_decorator.py took 0.044 seconds
[2024-12-01T09:08:58.606+0000] {processor.py:186} INFO - Started process (PID=2229) to work on /home/airflow/.local/lib/python3.12/site-packages/airflow/example_dags/example_task_group_decorator.py
[2024-12-01T09:08:58.607+0000] {processor.py:914} INFO - Processing file /home/airflow/.local/lib/python3.12/site-packages/airflow/example_dags/example_task_group_decorator.py for tasks to queue
[2024-12-01T09:08:58.608+0000] {logging_mixin.py:190} INFO - [2024-12-01T09:08:58.608+0000] {dagbag.py:588} INFO - Filling up the DagBag from /home/airflow/.local/lib/python3.12/site-packages/airflow/example_dags/example_task_group_decorator.py
[2024-12-01T09:08:58.618+0000] {processor.py:925} INFO - DAG(s) 'example_task_group_decorator' retrieved from /home/airflow/.local/lib/python3.12/site-packages/airflow/example_dags/example_task_group_decorator.py
[2024-12-01T09:08:58.636+0000] {logging_mixin.py:190} INFO - [2024-12-01T09:08:58.636+0000] {dag.py:3239} INFO - Sync 1 DAGs
[2024-12-01T09:08:58.647+0000] {logging_mixin.py:190} INFO - [2024-12-01T09:08:58.647+0000] {dag.py:4180} INFO - Setting next_dagrun for example_task_group_decorator to None, run_after=None
[2024-12-01T09:08:58.659+0000] {processor.py:208} INFO - Processing /home/airflow/.local/lib/python3.12/site-packages/airflow/example_dags/example_task_group_decorator.py took 0.059 seconds
[2024-12-01T09:09:28.972+0000] {processor.py:186} INFO - Started process (PID=2291) to work on /home/airflow/.local/lib/python3.12/site-packages/airflow/example_dags/example_task_group_decorator.py
[2024-12-01T09:09:28.973+0000] {processor.py:914} INFO - Processing file /home/airflow/.local/lib/python3.12/site-packages/airflow/example_dags/example_task_group_decorator.py for tasks to queue
[2024-12-01T09:09:28.974+0000] {logging_mixin.py:190} INFO - [2024-12-01T09:09:28.974+0000] {dagbag.py:588} INFO - Filling up the DagBag from /home/airflow/.local/lib/python3.12/site-packages/airflow/example_dags/example_task_group_decorator.py
[2024-12-01T09:09:28.984+0000] {processor.py:925} INFO - DAG(s) 'example_task_group_decorator' retrieved from /home/airflow/.local/lib/python3.12/site-packages/airflow/example_dags/example_task_group_decorator.py
[2024-12-01T09:09:29.001+0000] {logging_mixin.py:190} INFO - [2024-12-01T09:09:29.000+0000] {dag.py:3239} INFO - Sync 1 DAGs
[2024-12-01T09:09:29.009+0000] {logging_mixin.py:190} INFO - [2024-12-01T09:09:29.008+0000] {dag.py:4180} INFO - Setting next_dagrun for example_task_group_decorator to None, run_after=None
[2024-12-01T09:09:29.021+0000] {processor.py:208} INFO - Processing /home/airflow/.local/lib/python3.12/site-packages/airflow/example_dags/example_task_group_decorator.py took 0.053 seconds
