[2024-12-01T08:51:41.731+0000] {processor.py:186} INFO - Started process (PID=105) to work on /home/airflow/.local/lib/python3.12/site-packages/airflow/example_dags/example_nested_branch_dag.py
[2024-12-01T08:51:41.731+0000] {processor.py:914} INFO - Processing file /home/airflow/.local/lib/python3.12/site-packages/airflow/example_dags/example_nested_branch_dag.py for tasks to queue
[2024-12-01T08:51:41.732+0000] {logging_mixin.py:190} INFO - [2024-12-01T08:51:41.732+0000] {dagbag.py:588} INFO - Filling up the DagBag from /home/airflow/.local/lib/python3.12/site-packages/airflow/example_dags/example_nested_branch_dag.py
[2024-12-01T08:51:41.739+0000] {processor.py:925} INFO - DAG(s) 'example_nested_branch_dag' retrieved from /home/airflow/.local/lib/python3.12/site-packages/airflow/example_dags/example_nested_branch_dag.py
[2024-12-01T08:51:41.795+0000] {logging_mixin.py:190} INFO - [2024-12-01T08:51:41.794+0000] {override.py:1911} INFO - Created Permission View: can edit on DAG:example_nested_branch_dag
[2024-12-01T08:51:41.801+0000] {logging_mixin.py:190} INFO - [2024-12-01T08:51:41.801+0000] {override.py:1911} INFO - Created Permission View: can read on DAG:example_nested_branch_dag
[2024-12-01T08:51:41.805+0000] {logging_mixin.py:190} INFO - [2024-12-01T08:51:41.804+0000] {override.py:1911} INFO - Created Permission View: can delete on DAG:example_nested_branch_dag
[2024-12-01T08:51:41.808+0000] {logging_mixin.py:190} INFO - [2024-12-01T08:51:41.808+0000] {override.py:1911} INFO - Created Permission View: can create on DAG Run:example_nested_branch_dag
[2024-12-01T08:51:41.811+0000] {logging_mixin.py:190} INFO - [2024-12-01T08:51:41.811+0000] {override.py:1911} INFO - Created Permission View: menu access on DAG Run:example_nested_branch_dag
[2024-12-01T08:51:41.814+0000] {logging_mixin.py:190} INFO - [2024-12-01T08:51:41.814+0000] {override.py:1911} INFO - Created Permission View: can read on DAG Run:example_nested_branch_dag
[2024-12-01T08:51:41.816+0000] {logging_mixin.py:190} INFO - [2024-12-01T08:51:41.816+0000] {override.py:1911} INFO - Created Permission View: can delete on DAG Run:example_nested_branch_dag
[2024-12-01T08:51:41.816+0000] {logging_mixin.py:190} INFO - [2024-12-01T08:51:41.816+0000] {dag.py:3239} INFO - Sync 1 DAGs
[2024-12-01T08:51:41.823+0000] {logging_mixin.py:190} INFO - [2024-12-01T08:51:41.823+0000] {dag.py:3262} INFO - Creating ORM DAG for example_nested_branch_dag
[2024-12-01T08:51:41.828+0000] {logging_mixin.py:190} INFO - [2024-12-01T08:51:41.828+0000] {dag.py:4180} INFO - Setting next_dagrun for example_nested_branch_dag to 2024-11-30 00:00:00+00:00, run_after=2024-12-01 00:00:00+00:00
[2024-12-01T08:51:41.838+0000] {processor.py:208} INFO - Processing /home/airflow/.local/lib/python3.12/site-packages/airflow/example_dags/example_nested_branch_dag.py took 0.111 seconds
[2024-12-01T08:52:12.073+0000] {processor.py:186} INFO - Started process (PID=167) to work on /home/airflow/.local/lib/python3.12/site-packages/airflow/example_dags/example_nested_branch_dag.py
[2024-12-01T08:52:12.074+0000] {processor.py:914} INFO - Processing file /home/airflow/.local/lib/python3.12/site-packages/airflow/example_dags/example_nested_branch_dag.py for tasks to queue
[2024-12-01T08:52:12.075+0000] {logging_mixin.py:190} INFO - [2024-12-01T08:52:12.075+0000] {dagbag.py:588} INFO - Filling up the DagBag from /home/airflow/.local/lib/python3.12/site-packages/airflow/example_dags/example_nested_branch_dag.py
[2024-12-01T08:52:12.081+0000] {processor.py:925} INFO - DAG(s) 'example_nested_branch_dag' retrieved from /home/airflow/.local/lib/python3.12/site-packages/airflow/example_dags/example_nested_branch_dag.py
[2024-12-01T08:52:12.094+0000] {logging_mixin.py:190} INFO - [2024-12-01T08:52:12.094+0000] {dag.py:3239} INFO - Sync 1 DAGs
[2024-12-01T08:52:12.106+0000] {logging_mixin.py:190} INFO - [2024-12-01T08:52:12.106+0000] {dag.py:4180} INFO - Setting next_dagrun for example_nested_branch_dag to 2024-11-30 00:00:00+00:00, run_after=2024-12-01 00:00:00+00:00
[2024-12-01T08:52:12.117+0000] {processor.py:208} INFO - Processing /home/airflow/.local/lib/python3.12/site-packages/airflow/example_dags/example_nested_branch_dag.py took 0.049 seconds
[2024-12-01T08:52:42.400+0000] {processor.py:186} INFO - Started process (PID=229) to work on /home/airflow/.local/lib/python3.12/site-packages/airflow/example_dags/example_nested_branch_dag.py
[2024-12-01T08:52:42.400+0000] {processor.py:914} INFO - Processing file /home/airflow/.local/lib/python3.12/site-packages/airflow/example_dags/example_nested_branch_dag.py for tasks to queue
[2024-12-01T08:52:42.402+0000] {logging_mixin.py:190} INFO - [2024-12-01T08:52:42.401+0000] {dagbag.py:588} INFO - Filling up the DagBag from /home/airflow/.local/lib/python3.12/site-packages/airflow/example_dags/example_nested_branch_dag.py
[2024-12-01T08:52:42.408+0000] {processor.py:925} INFO - DAG(s) 'example_nested_branch_dag' retrieved from /home/airflow/.local/lib/python3.12/site-packages/airflow/example_dags/example_nested_branch_dag.py
[2024-12-01T08:52:42.425+0000] {logging_mixin.py:190} INFO - [2024-12-01T08:52:42.424+0000] {dag.py:3239} INFO - Sync 1 DAGs
[2024-12-01T08:52:42.441+0000] {logging_mixin.py:190} INFO - [2024-12-01T08:52:42.440+0000] {dag.py:4180} INFO - Setting next_dagrun for example_nested_branch_dag to 2024-11-30 00:00:00+00:00, run_after=2024-12-01 00:00:00+00:00
[2024-12-01T08:52:42.454+0000] {processor.py:208} INFO - Processing /home/airflow/.local/lib/python3.12/site-packages/airflow/example_dags/example_nested_branch_dag.py took 0.059 seconds
[2024-12-01T08:53:12.721+0000] {processor.py:186} INFO - Started process (PID=291) to work on /home/airflow/.local/lib/python3.12/site-packages/airflow/example_dags/example_nested_branch_dag.py
[2024-12-01T08:53:12.722+0000] {processor.py:914} INFO - Processing file /home/airflow/.local/lib/python3.12/site-packages/airflow/example_dags/example_nested_branch_dag.py for tasks to queue
[2024-12-01T08:53:12.723+0000] {logging_mixin.py:190} INFO - [2024-12-01T08:53:12.723+0000] {dagbag.py:588} INFO - Filling up the DagBag from /home/airflow/.local/lib/python3.12/site-packages/airflow/example_dags/example_nested_branch_dag.py
[2024-12-01T08:53:12.729+0000] {processor.py:925} INFO - DAG(s) 'example_nested_branch_dag' retrieved from /home/airflow/.local/lib/python3.12/site-packages/airflow/example_dags/example_nested_branch_dag.py
[2024-12-01T08:53:12.742+0000] {logging_mixin.py:190} INFO - [2024-12-01T08:53:12.742+0000] {dag.py:3239} INFO - Sync 1 DAGs
[2024-12-01T08:53:12.756+0000] {logging_mixin.py:190} INFO - [2024-12-01T08:53:12.756+0000] {dag.py:4180} INFO - Setting next_dagrun for example_nested_branch_dag to 2024-11-30 00:00:00+00:00, run_after=2024-12-01 00:00:00+00:00
[2024-12-01T08:53:12.768+0000] {processor.py:208} INFO - Processing /home/airflow/.local/lib/python3.12/site-packages/airflow/example_dags/example_nested_branch_dag.py took 0.050 seconds
[2024-12-01T08:53:42.852+0000] {processor.py:186} INFO - Started process (PID=353) to work on /home/airflow/.local/lib/python3.12/site-packages/airflow/example_dags/example_nested_branch_dag.py
[2024-12-01T08:53:42.853+0000] {processor.py:914} INFO - Processing file /home/airflow/.local/lib/python3.12/site-packages/airflow/example_dags/example_nested_branch_dag.py for tasks to queue
[2024-12-01T08:53:42.854+0000] {logging_mixin.py:190} INFO - [2024-12-01T08:53:42.854+0000] {dagbag.py:588} INFO - Filling up the DagBag from /home/airflow/.local/lib/python3.12/site-packages/airflow/example_dags/example_nested_branch_dag.py
[2024-12-01T08:53:42.860+0000] {processor.py:925} INFO - DAG(s) 'example_nested_branch_dag' retrieved from /home/airflow/.local/lib/python3.12/site-packages/airflow/example_dags/example_nested_branch_dag.py
[2024-12-01T08:53:42.871+0000] {logging_mixin.py:190} INFO - [2024-12-01T08:53:42.871+0000] {dag.py:3239} INFO - Sync 1 DAGs
[2024-12-01T08:53:42.885+0000] {logging_mixin.py:190} INFO - [2024-12-01T08:53:42.885+0000] {dag.py:4180} INFO - Setting next_dagrun for example_nested_branch_dag to 2024-11-30 00:00:00+00:00, run_after=2024-12-01 00:00:00+00:00
[2024-12-01T08:53:42.897+0000] {processor.py:208} INFO - Processing /home/airflow/.local/lib/python3.12/site-packages/airflow/example_dags/example_nested_branch_dag.py took 0.047 seconds
[2024-12-01T08:54:13.131+0000] {processor.py:186} INFO - Started process (PID=416) to work on /home/airflow/.local/lib/python3.12/site-packages/airflow/example_dags/example_nested_branch_dag.py
[2024-12-01T08:54:13.131+0000] {processor.py:914} INFO - Processing file /home/airflow/.local/lib/python3.12/site-packages/airflow/example_dags/example_nested_branch_dag.py for tasks to queue
[2024-12-01T08:54:13.133+0000] {logging_mixin.py:190} INFO - [2024-12-01T08:54:13.133+0000] {dagbag.py:588} INFO - Filling up the DagBag from /home/airflow/.local/lib/python3.12/site-packages/airflow/example_dags/example_nested_branch_dag.py
[2024-12-01T08:54:13.142+0000] {processor.py:925} INFO - DAG(s) 'example_nested_branch_dag' retrieved from /home/airflow/.local/lib/python3.12/site-packages/airflow/example_dags/example_nested_branch_dag.py
[2024-12-01T08:54:13.154+0000] {logging_mixin.py:190} INFO - [2024-12-01T08:54:13.154+0000] {dag.py:3239} INFO - Sync 1 DAGs
[2024-12-01T08:54:13.168+0000] {logging_mixin.py:190} INFO - [2024-12-01T08:54:13.167+0000] {dag.py:4180} INFO - Setting next_dagrun for example_nested_branch_dag to 2024-11-30 00:00:00+00:00, run_after=2024-12-01 00:00:00+00:00
[2024-12-01T08:54:13.180+0000] {processor.py:208} INFO - Processing /home/airflow/.local/lib/python3.12/site-packages/airflow/example_dags/example_nested_branch_dag.py took 0.053 seconds
[2024-12-01T08:54:43.421+0000] {processor.py:186} INFO - Started process (PID=479) to work on /home/airflow/.local/lib/python3.12/site-packages/airflow/example_dags/example_nested_branch_dag.py
[2024-12-01T08:54:43.421+0000] {processor.py:914} INFO - Processing file /home/airflow/.local/lib/python3.12/site-packages/airflow/example_dags/example_nested_branch_dag.py for tasks to queue
[2024-12-01T08:54:43.423+0000] {logging_mixin.py:190} INFO - [2024-12-01T08:54:43.422+0000] {dagbag.py:588} INFO - Filling up the DagBag from /home/airflow/.local/lib/python3.12/site-packages/airflow/example_dags/example_nested_branch_dag.py
[2024-12-01T08:54:43.429+0000] {processor.py:925} INFO - DAG(s) 'example_nested_branch_dag' retrieved from /home/airflow/.local/lib/python3.12/site-packages/airflow/example_dags/example_nested_branch_dag.py
[2024-12-01T08:54:43.443+0000] {logging_mixin.py:190} INFO - [2024-12-01T08:54:43.443+0000] {dag.py:3239} INFO - Sync 1 DAGs
[2024-12-01T08:54:43.457+0000] {logging_mixin.py:190} INFO - [2024-12-01T08:54:43.457+0000] {dag.py:4180} INFO - Setting next_dagrun for example_nested_branch_dag to 2024-11-30 00:00:00+00:00, run_after=2024-12-01 00:00:00+00:00
[2024-12-01T08:54:43.470+0000] {processor.py:208} INFO - Processing /home/airflow/.local/lib/python3.12/site-packages/airflow/example_dags/example_nested_branch_dag.py took 0.054 seconds
[2024-12-01T08:55:14.478+0000] {processor.py:186} INFO - Started process (PID=542) to work on /home/airflow/.local/lib/python3.12/site-packages/airflow/example_dags/example_nested_branch_dag.py
[2024-12-01T08:55:14.479+0000] {processor.py:914} INFO - Processing file /home/airflow/.local/lib/python3.12/site-packages/airflow/example_dags/example_nested_branch_dag.py for tasks to queue
[2024-12-01T08:55:14.480+0000] {logging_mixin.py:190} INFO - [2024-12-01T08:55:14.480+0000] {dagbag.py:588} INFO - Filling up the DagBag from /home/airflow/.local/lib/python3.12/site-packages/airflow/example_dags/example_nested_branch_dag.py
[2024-12-01T08:55:14.486+0000] {processor.py:925} INFO - DAG(s) 'example_nested_branch_dag' retrieved from /home/airflow/.local/lib/python3.12/site-packages/airflow/example_dags/example_nested_branch_dag.py
[2024-12-01T08:55:14.501+0000] {logging_mixin.py:190} INFO - [2024-12-01T08:55:14.501+0000] {dag.py:3239} INFO - Sync 1 DAGs
[2024-12-01T08:55:14.519+0000] {logging_mixin.py:190} INFO - [2024-12-01T08:55:14.519+0000] {dag.py:4180} INFO - Setting next_dagrun for example_nested_branch_dag to 2024-11-30 00:00:00+00:00, run_after=2024-12-01 00:00:00+00:00
[2024-12-01T08:55:14.533+0000] {processor.py:208} INFO - Processing /home/airflow/.local/lib/python3.12/site-packages/airflow/example_dags/example_nested_branch_dag.py took 0.059 seconds
[2024-12-01T08:55:44.739+0000] {processor.py:186} INFO - Started process (PID=605) to work on /home/airflow/.local/lib/python3.12/site-packages/airflow/example_dags/example_nested_branch_dag.py
[2024-12-01T08:55:44.739+0000] {processor.py:914} INFO - Processing file /home/airflow/.local/lib/python3.12/site-packages/airflow/example_dags/example_nested_branch_dag.py for tasks to queue
[2024-12-01T08:55:44.740+0000] {logging_mixin.py:190} INFO - [2024-12-01T08:55:44.740+0000] {dagbag.py:588} INFO - Filling up the DagBag from /home/airflow/.local/lib/python3.12/site-packages/airflow/example_dags/example_nested_branch_dag.py
[2024-12-01T08:55:44.746+0000] {processor.py:925} INFO - DAG(s) 'example_nested_branch_dag' retrieved from /home/airflow/.local/lib/python3.12/site-packages/airflow/example_dags/example_nested_branch_dag.py
[2024-12-01T08:55:44.764+0000] {logging_mixin.py:190} INFO - [2024-12-01T08:55:44.764+0000] {dag.py:3239} INFO - Sync 1 DAGs
[2024-12-01T08:55:44.783+0000] {logging_mixin.py:190} INFO - [2024-12-01T08:55:44.783+0000] {dag.py:4180} INFO - Setting next_dagrun for example_nested_branch_dag to 2024-11-30 00:00:00+00:00, run_after=2024-12-01 00:00:00+00:00
[2024-12-01T08:55:44.799+0000] {processor.py:208} INFO - Processing /home/airflow/.local/lib/python3.12/site-packages/airflow/example_dags/example_nested_branch_dag.py took 0.065 seconds
[2024-12-01T08:56:14.875+0000] {processor.py:186} INFO - Started process (PID=667) to work on /home/airflow/.local/lib/python3.12/site-packages/airflow/example_dags/example_nested_branch_dag.py
[2024-12-01T08:56:14.876+0000] {processor.py:914} INFO - Processing file /home/airflow/.local/lib/python3.12/site-packages/airflow/example_dags/example_nested_branch_dag.py for tasks to queue
[2024-12-01T08:56:14.877+0000] {logging_mixin.py:190} INFO - [2024-12-01T08:56:14.876+0000] {dagbag.py:588} INFO - Filling up the DagBag from /home/airflow/.local/lib/python3.12/site-packages/airflow/example_dags/example_nested_branch_dag.py
[2024-12-01T08:56:14.882+0000] {processor.py:925} INFO - DAG(s) 'example_nested_branch_dag' retrieved from /home/airflow/.local/lib/python3.12/site-packages/airflow/example_dags/example_nested_branch_dag.py
[2024-12-01T08:56:14.895+0000] {logging_mixin.py:190} INFO - [2024-12-01T08:56:14.895+0000] {dag.py:3239} INFO - Sync 1 DAGs
[2024-12-01T08:56:14.907+0000] {logging_mixin.py:190} INFO - [2024-12-01T08:56:14.907+0000] {dag.py:4180} INFO - Setting next_dagrun for example_nested_branch_dag to 2024-11-30 00:00:00+00:00, run_after=2024-12-01 00:00:00+00:00
[2024-12-01T08:56:14.917+0000] {processor.py:208} INFO - Processing /home/airflow/.local/lib/python3.12/site-packages/airflow/example_dags/example_nested_branch_dag.py took 0.045 seconds
[2024-12-01T08:56:45.624+0000] {processor.py:186} INFO - Started process (PID=730) to work on /home/airflow/.local/lib/python3.12/site-packages/airflow/example_dags/example_nested_branch_dag.py
[2024-12-01T08:56:45.625+0000] {processor.py:914} INFO - Processing file /home/airflow/.local/lib/python3.12/site-packages/airflow/example_dags/example_nested_branch_dag.py for tasks to queue
[2024-12-01T08:56:45.626+0000] {logging_mixin.py:190} INFO - [2024-12-01T08:56:45.626+0000] {dagbag.py:588} INFO - Filling up the DagBag from /home/airflow/.local/lib/python3.12/site-packages/airflow/example_dags/example_nested_branch_dag.py
[2024-12-01T08:56:45.632+0000] {processor.py:925} INFO - DAG(s) 'example_nested_branch_dag' retrieved from /home/airflow/.local/lib/python3.12/site-packages/airflow/example_dags/example_nested_branch_dag.py
[2024-12-01T08:56:45.648+0000] {logging_mixin.py:190} INFO - [2024-12-01T08:56:45.648+0000] {dag.py:3239} INFO - Sync 1 DAGs
[2024-12-01T08:56:45.665+0000] {logging_mixin.py:190} INFO - [2024-12-01T08:56:45.665+0000] {dag.py:4180} INFO - Setting next_dagrun for example_nested_branch_dag to 2024-11-30 00:00:00+00:00, run_after=2024-12-01 00:00:00+00:00
[2024-12-01T08:56:45.676+0000] {processor.py:208} INFO - Processing /home/airflow/.local/lib/python3.12/site-packages/airflow/example_dags/example_nested_branch_dag.py took 0.054 seconds
[2024-12-01T08:57:16.363+0000] {processor.py:186} INFO - Started process (PID=793) to work on /home/airflow/.local/lib/python3.12/site-packages/airflow/example_dags/example_nested_branch_dag.py
[2024-12-01T08:57:16.364+0000] {processor.py:914} INFO - Processing file /home/airflow/.local/lib/python3.12/site-packages/airflow/example_dags/example_nested_branch_dag.py for tasks to queue
[2024-12-01T08:57:16.365+0000] {logging_mixin.py:190} INFO - [2024-12-01T08:57:16.365+0000] {dagbag.py:588} INFO - Filling up the DagBag from /home/airflow/.local/lib/python3.12/site-packages/airflow/example_dags/example_nested_branch_dag.py
[2024-12-01T08:57:16.370+0000] {processor.py:925} INFO - DAG(s) 'example_nested_branch_dag' retrieved from /home/airflow/.local/lib/python3.12/site-packages/airflow/example_dags/example_nested_branch_dag.py
[2024-12-01T08:57:16.386+0000] {logging_mixin.py:190} INFO - [2024-12-01T08:57:16.385+0000] {dag.py:3239} INFO - Sync 1 DAGs
[2024-12-01T08:57:16.403+0000] {logging_mixin.py:190} INFO - [2024-12-01T08:57:16.403+0000] {dag.py:4180} INFO - Setting next_dagrun for example_nested_branch_dag to 2024-11-30 00:00:00+00:00, run_after=2024-12-01 00:00:00+00:00
[2024-12-01T08:57:16.416+0000] {processor.py:208} INFO - Processing /home/airflow/.local/lib/python3.12/site-packages/airflow/example_dags/example_nested_branch_dag.py took 0.056 seconds
[2024-12-01T08:57:47.116+0000] {processor.py:186} INFO - Started process (PID=856) to work on /home/airflow/.local/lib/python3.12/site-packages/airflow/example_dags/example_nested_branch_dag.py
[2024-12-01T08:57:47.117+0000] {processor.py:914} INFO - Processing file /home/airflow/.local/lib/python3.12/site-packages/airflow/example_dags/example_nested_branch_dag.py for tasks to queue
[2024-12-01T08:57:47.118+0000] {logging_mixin.py:190} INFO - [2024-12-01T08:57:47.118+0000] {dagbag.py:588} INFO - Filling up the DagBag from /home/airflow/.local/lib/python3.12/site-packages/airflow/example_dags/example_nested_branch_dag.py
[2024-12-01T08:57:47.124+0000] {processor.py:925} INFO - DAG(s) 'example_nested_branch_dag' retrieved from /home/airflow/.local/lib/python3.12/site-packages/airflow/example_dags/example_nested_branch_dag.py
[2024-12-01T08:57:47.139+0000] {logging_mixin.py:190} INFO - [2024-12-01T08:57:47.139+0000] {dag.py:3239} INFO - Sync 1 DAGs
[2024-12-01T08:57:47.154+0000] {logging_mixin.py:190} INFO - [2024-12-01T08:57:47.154+0000] {dag.py:4180} INFO - Setting next_dagrun for example_nested_branch_dag to 2024-11-30 00:00:00+00:00, run_after=2024-12-01 00:00:00+00:00
[2024-12-01T08:57:47.164+0000] {processor.py:208} INFO - Processing /home/airflow/.local/lib/python3.12/site-packages/airflow/example_dags/example_nested_branch_dag.py took 0.051 seconds
[2024-12-01T08:58:18.019+0000] {processor.py:186} INFO - Started process (PID=919) to work on /home/airflow/.local/lib/python3.12/site-packages/airflow/example_dags/example_nested_branch_dag.py
[2024-12-01T08:58:18.020+0000] {processor.py:914} INFO - Processing file /home/airflow/.local/lib/python3.12/site-packages/airflow/example_dags/example_nested_branch_dag.py for tasks to queue
[2024-12-01T08:58:18.021+0000] {logging_mixin.py:190} INFO - [2024-12-01T08:58:18.021+0000] {dagbag.py:588} INFO - Filling up the DagBag from /home/airflow/.local/lib/python3.12/site-packages/airflow/example_dags/example_nested_branch_dag.py
[2024-12-01T08:58:18.027+0000] {processor.py:925} INFO - DAG(s) 'example_nested_branch_dag' retrieved from /home/airflow/.local/lib/python3.12/site-packages/airflow/example_dags/example_nested_branch_dag.py
[2024-12-01T08:58:18.042+0000] {logging_mixin.py:190} INFO - [2024-12-01T08:58:18.042+0000] {dag.py:3239} INFO - Sync 1 DAGs
[2024-12-01T08:58:18.061+0000] {logging_mixin.py:190} INFO - [2024-12-01T08:58:18.061+0000] {dag.py:4180} INFO - Setting next_dagrun for example_nested_branch_dag to 2024-11-30 00:00:00+00:00, run_after=2024-12-01 00:00:00+00:00
[2024-12-01T08:58:18.074+0000] {processor.py:208} INFO - Processing /home/airflow/.local/lib/python3.12/site-packages/airflow/example_dags/example_nested_branch_dag.py took 0.058 seconds
[2024-12-01T08:58:48.851+0000] {processor.py:186} INFO - Started process (PID=982) to work on /home/airflow/.local/lib/python3.12/site-packages/airflow/example_dags/example_nested_branch_dag.py
[2024-12-01T08:58:48.852+0000] {processor.py:914} INFO - Processing file /home/airflow/.local/lib/python3.12/site-packages/airflow/example_dags/example_nested_branch_dag.py for tasks to queue
[2024-12-01T08:58:48.853+0000] {logging_mixin.py:190} INFO - [2024-12-01T08:58:48.853+0000] {dagbag.py:588} INFO - Filling up the DagBag from /home/airflow/.local/lib/python3.12/site-packages/airflow/example_dags/example_nested_branch_dag.py
[2024-12-01T08:58:48.861+0000] {processor.py:925} INFO - DAG(s) 'example_nested_branch_dag' retrieved from /home/airflow/.local/lib/python3.12/site-packages/airflow/example_dags/example_nested_branch_dag.py
[2024-12-01T08:58:48.875+0000] {logging_mixin.py:190} INFO - [2024-12-01T08:58:48.874+0000] {dag.py:3239} INFO - Sync 1 DAGs
[2024-12-01T08:58:48.888+0000] {logging_mixin.py:190} INFO - [2024-12-01T08:58:48.888+0000] {dag.py:4180} INFO - Setting next_dagrun for example_nested_branch_dag to 2024-11-30 00:00:00+00:00, run_after=2024-12-01 00:00:00+00:00
[2024-12-01T08:58:48.899+0000] {processor.py:208} INFO - Processing /home/airflow/.local/lib/python3.12/site-packages/airflow/example_dags/example_nested_branch_dag.py took 0.052 seconds
[2024-12-01T08:59:19.627+0000] {processor.py:186} INFO - Started process (PID=1045) to work on /home/airflow/.local/lib/python3.12/site-packages/airflow/example_dags/example_nested_branch_dag.py
[2024-12-01T08:59:19.628+0000] {processor.py:914} INFO - Processing file /home/airflow/.local/lib/python3.12/site-packages/airflow/example_dags/example_nested_branch_dag.py for tasks to queue
[2024-12-01T08:59:19.629+0000] {logging_mixin.py:190} INFO - [2024-12-01T08:59:19.629+0000] {dagbag.py:588} INFO - Filling up the DagBag from /home/airflow/.local/lib/python3.12/site-packages/airflow/example_dags/example_nested_branch_dag.py
[2024-12-01T08:59:19.638+0000] {processor.py:925} INFO - DAG(s) 'example_nested_branch_dag' retrieved from /home/airflow/.local/lib/python3.12/site-packages/airflow/example_dags/example_nested_branch_dag.py
[2024-12-01T08:59:19.653+0000] {logging_mixin.py:190} INFO - [2024-12-01T08:59:19.653+0000] {dag.py:3239} INFO - Sync 1 DAGs
[2024-12-01T08:59:19.672+0000] {logging_mixin.py:190} INFO - [2024-12-01T08:59:19.672+0000] {dag.py:4180} INFO - Setting next_dagrun for example_nested_branch_dag to 2024-11-30 00:00:00+00:00, run_after=2024-12-01 00:00:00+00:00
[2024-12-01T08:59:19.685+0000] {processor.py:208} INFO - Processing /home/airflow/.local/lib/python3.12/site-packages/airflow/example_dags/example_nested_branch_dag.py took 0.062 seconds
[2024-12-01T08:59:50.469+0000] {processor.py:186} INFO - Started process (PID=1108) to work on /home/airflow/.local/lib/python3.12/site-packages/airflow/example_dags/example_nested_branch_dag.py
[2024-12-01T08:59:50.470+0000] {processor.py:914} INFO - Processing file /home/airflow/.local/lib/python3.12/site-packages/airflow/example_dags/example_nested_branch_dag.py for tasks to queue
[2024-12-01T08:59:50.471+0000] {logging_mixin.py:190} INFO - [2024-12-01T08:59:50.471+0000] {dagbag.py:588} INFO - Filling up the DagBag from /home/airflow/.local/lib/python3.12/site-packages/airflow/example_dags/example_nested_branch_dag.py
[2024-12-01T08:59:50.477+0000] {processor.py:925} INFO - DAG(s) 'example_nested_branch_dag' retrieved from /home/airflow/.local/lib/python3.12/site-packages/airflow/example_dags/example_nested_branch_dag.py
[2024-12-01T08:59:50.493+0000] {logging_mixin.py:190} INFO - [2024-12-01T08:59:50.492+0000] {dag.py:3239} INFO - Sync 1 DAGs
[2024-12-01T08:59:50.511+0000] {logging_mixin.py:190} INFO - [2024-12-01T08:59:50.511+0000] {dag.py:4180} INFO - Setting next_dagrun for example_nested_branch_dag to 2024-11-30 00:00:00+00:00, run_after=2024-12-01 00:00:00+00:00
[2024-12-01T08:59:50.523+0000] {processor.py:208} INFO - Processing /home/airflow/.local/lib/python3.12/site-packages/airflow/example_dags/example_nested_branch_dag.py took 0.057 seconds
[2024-12-01T09:00:21.308+0000] {processor.py:186} INFO - Started process (PID=1171) to work on /home/airflow/.local/lib/python3.12/site-packages/airflow/example_dags/example_nested_branch_dag.py
[2024-12-01T09:00:21.309+0000] {processor.py:914} INFO - Processing file /home/airflow/.local/lib/python3.12/site-packages/airflow/example_dags/example_nested_branch_dag.py for tasks to queue
[2024-12-01T09:00:21.310+0000] {logging_mixin.py:190} INFO - [2024-12-01T09:00:21.310+0000] {dagbag.py:588} INFO - Filling up the DagBag from /home/airflow/.local/lib/python3.12/site-packages/airflow/example_dags/example_nested_branch_dag.py
[2024-12-01T09:00:21.319+0000] {processor.py:925} INFO - DAG(s) 'example_nested_branch_dag' retrieved from /home/airflow/.local/lib/python3.12/site-packages/airflow/example_dags/example_nested_branch_dag.py
[2024-12-01T09:00:21.333+0000] {logging_mixin.py:190} INFO - [2024-12-01T09:00:21.333+0000] {dag.py:3239} INFO - Sync 1 DAGs
[2024-12-01T09:00:21.352+0000] {logging_mixin.py:190} INFO - [2024-12-01T09:00:21.352+0000] {dag.py:4180} INFO - Setting next_dagrun for example_nested_branch_dag to 2024-11-30 00:00:00+00:00, run_after=2024-12-01 00:00:00+00:00
[2024-12-01T09:00:21.364+0000] {processor.py:208} INFO - Processing /home/airflow/.local/lib/python3.12/site-packages/airflow/example_dags/example_nested_branch_dag.py took 0.060 seconds
[2024-12-01T09:00:51.997+0000] {processor.py:186} INFO - Started process (PID=1234) to work on /home/airflow/.local/lib/python3.12/site-packages/airflow/example_dags/example_nested_branch_dag.py
[2024-12-01T09:00:51.998+0000] {processor.py:914} INFO - Processing file /home/airflow/.local/lib/python3.12/site-packages/airflow/example_dags/example_nested_branch_dag.py for tasks to queue
[2024-12-01T09:00:51.999+0000] {logging_mixin.py:190} INFO - [2024-12-01T09:00:51.999+0000] {dagbag.py:588} INFO - Filling up the DagBag from /home/airflow/.local/lib/python3.12/site-packages/airflow/example_dags/example_nested_branch_dag.py
[2024-12-01T09:00:52.006+0000] {processor.py:925} INFO - DAG(s) 'example_nested_branch_dag' retrieved from /home/airflow/.local/lib/python3.12/site-packages/airflow/example_dags/example_nested_branch_dag.py
[2024-12-01T09:00:52.024+0000] {logging_mixin.py:190} INFO - [2024-12-01T09:00:52.024+0000] {dag.py:3239} INFO - Sync 1 DAGs
[2024-12-01T09:00:52.042+0000] {logging_mixin.py:190} INFO - [2024-12-01T09:00:52.042+0000] {dag.py:4180} INFO - Setting next_dagrun for example_nested_branch_dag to 2024-11-30 00:00:00+00:00, run_after=2024-12-01 00:00:00+00:00
[2024-12-01T09:00:52.051+0000] {processor.py:208} INFO - Processing /home/airflow/.local/lib/python3.12/site-packages/airflow/example_dags/example_nested_branch_dag.py took 0.058 seconds
[2024-12-01T09:01:22.245+0000] {processor.py:186} INFO - Started process (PID=1297) to work on /home/airflow/.local/lib/python3.12/site-packages/airflow/example_dags/example_nested_branch_dag.py
[2024-12-01T09:01:22.246+0000] {processor.py:914} INFO - Processing file /home/airflow/.local/lib/python3.12/site-packages/airflow/example_dags/example_nested_branch_dag.py for tasks to queue
[2024-12-01T09:01:22.247+0000] {logging_mixin.py:190} INFO - [2024-12-01T09:01:22.247+0000] {dagbag.py:588} INFO - Filling up the DagBag from /home/airflow/.local/lib/python3.12/site-packages/airflow/example_dags/example_nested_branch_dag.py
[2024-12-01T09:01:22.253+0000] {processor.py:925} INFO - DAG(s) 'example_nested_branch_dag' retrieved from /home/airflow/.local/lib/python3.12/site-packages/airflow/example_dags/example_nested_branch_dag.py
[2024-12-01T09:01:22.268+0000] {logging_mixin.py:190} INFO - [2024-12-01T09:01:22.268+0000] {dag.py:3239} INFO - Sync 1 DAGs
[2024-12-01T09:01:22.285+0000] {logging_mixin.py:190} INFO - [2024-12-01T09:01:22.285+0000] {dag.py:4180} INFO - Setting next_dagrun for example_nested_branch_dag to 2024-11-30 00:00:00+00:00, run_after=2024-12-01 00:00:00+00:00
[2024-12-01T09:01:22.294+0000] {processor.py:208} INFO - Processing /home/airflow/.local/lib/python3.12/site-packages/airflow/example_dags/example_nested_branch_dag.py took 0.052 seconds
[2024-12-01T09:01:52.692+0000] {processor.py:186} INFO - Started process (PID=1361) to work on /home/airflow/.local/lib/python3.12/site-packages/airflow/example_dags/example_nested_branch_dag.py
[2024-12-01T09:01:52.693+0000] {processor.py:914} INFO - Processing file /home/airflow/.local/lib/python3.12/site-packages/airflow/example_dags/example_nested_branch_dag.py for tasks to queue
[2024-12-01T09:01:52.695+0000] {logging_mixin.py:190} INFO - [2024-12-01T09:01:52.695+0000] {dagbag.py:588} INFO - Filling up the DagBag from /home/airflow/.local/lib/python3.12/site-packages/airflow/example_dags/example_nested_branch_dag.py
[2024-12-01T09:01:52.704+0000] {processor.py:925} INFO - DAG(s) 'example_nested_branch_dag' retrieved from /home/airflow/.local/lib/python3.12/site-packages/airflow/example_dags/example_nested_branch_dag.py
[2024-12-01T09:01:52.722+0000] {logging_mixin.py:190} INFO - [2024-12-01T09:01:52.722+0000] {dag.py:3239} INFO - Sync 1 DAGs
[2024-12-01T09:01:52.742+0000] {logging_mixin.py:190} INFO - [2024-12-01T09:01:52.742+0000] {dag.py:4180} INFO - Setting next_dagrun for example_nested_branch_dag to 2024-11-30 00:00:00+00:00, run_after=2024-12-01 00:00:00+00:00
[2024-12-01T09:01:52.761+0000] {processor.py:208} INFO - Processing /home/airflow/.local/lib/python3.12/site-packages/airflow/example_dags/example_nested_branch_dag.py took 0.072 seconds
[2024-12-01T09:02:22.810+0000] {processor.py:186} INFO - Started process (PID=1424) to work on /home/airflow/.local/lib/python3.12/site-packages/airflow/example_dags/example_nested_branch_dag.py
[2024-12-01T09:02:22.811+0000] {processor.py:914} INFO - Processing file /home/airflow/.local/lib/python3.12/site-packages/airflow/example_dags/example_nested_branch_dag.py for tasks to queue
[2024-12-01T09:02:22.812+0000] {logging_mixin.py:190} INFO - [2024-12-01T09:02:22.812+0000] {dagbag.py:588} INFO - Filling up the DagBag from /home/airflow/.local/lib/python3.12/site-packages/airflow/example_dags/example_nested_branch_dag.py
[2024-12-01T09:02:22.820+0000] {processor.py:925} INFO - DAG(s) 'example_nested_branch_dag' retrieved from /home/airflow/.local/lib/python3.12/site-packages/airflow/example_dags/example_nested_branch_dag.py
[2024-12-01T09:02:22.835+0000] {logging_mixin.py:190} INFO - [2024-12-01T09:02:22.835+0000] {dag.py:3239} INFO - Sync 1 DAGs
[2024-12-01T09:02:22.849+0000] {logging_mixin.py:190} INFO - [2024-12-01T09:02:22.849+0000] {dag.py:4180} INFO - Setting next_dagrun for example_nested_branch_dag to 2024-11-30 00:00:00+00:00, run_after=2024-12-01 00:00:00+00:00
[2024-12-01T09:02:22.862+0000] {processor.py:208} INFO - Processing /home/airflow/.local/lib/python3.12/site-packages/airflow/example_dags/example_nested_branch_dag.py took 0.056 seconds
[2024-12-01T09:02:53.755+0000] {processor.py:186} INFO - Started process (PID=1487) to work on /home/airflow/.local/lib/python3.12/site-packages/airflow/example_dags/example_nested_branch_dag.py
[2024-12-01T09:02:53.755+0000] {processor.py:914} INFO - Processing file /home/airflow/.local/lib/python3.12/site-packages/airflow/example_dags/example_nested_branch_dag.py for tasks to queue
[2024-12-01T09:02:53.757+0000] {logging_mixin.py:190} INFO - [2024-12-01T09:02:53.757+0000] {dagbag.py:588} INFO - Filling up the DagBag from /home/airflow/.local/lib/python3.12/site-packages/airflow/example_dags/example_nested_branch_dag.py
[2024-12-01T09:02:53.764+0000] {processor.py:925} INFO - DAG(s) 'example_nested_branch_dag' retrieved from /home/airflow/.local/lib/python3.12/site-packages/airflow/example_dags/example_nested_branch_dag.py
[2024-12-01T09:02:53.777+0000] {logging_mixin.py:190} INFO - [2024-12-01T09:02:53.777+0000] {dag.py:3239} INFO - Sync 1 DAGs
[2024-12-01T09:02:53.791+0000] {logging_mixin.py:190} INFO - [2024-12-01T09:02:53.791+0000] {dag.py:4180} INFO - Setting next_dagrun for example_nested_branch_dag to 2024-11-30 00:00:00+00:00, run_after=2024-12-01 00:00:00+00:00
[2024-12-01T09:02:53.804+0000] {processor.py:208} INFO - Processing /home/airflow/.local/lib/python3.12/site-packages/airflow/example_dags/example_nested_branch_dag.py took 0.054 seconds
[2024-12-01T09:03:24.374+0000] {processor.py:186} INFO - Started process (PID=1550) to work on /home/airflow/.local/lib/python3.12/site-packages/airflow/example_dags/example_nested_branch_dag.py
[2024-12-01T09:03:24.375+0000] {processor.py:914} INFO - Processing file /home/airflow/.local/lib/python3.12/site-packages/airflow/example_dags/example_nested_branch_dag.py for tasks to queue
[2024-12-01T09:03:24.377+0000] {logging_mixin.py:190} INFO - [2024-12-01T09:03:24.377+0000] {dagbag.py:588} INFO - Filling up the DagBag from /home/airflow/.local/lib/python3.12/site-packages/airflow/example_dags/example_nested_branch_dag.py
[2024-12-01T09:03:24.383+0000] {processor.py:925} INFO - DAG(s) 'example_nested_branch_dag' retrieved from /home/airflow/.local/lib/python3.12/site-packages/airflow/example_dags/example_nested_branch_dag.py
[2024-12-01T09:03:24.400+0000] {logging_mixin.py:190} INFO - [2024-12-01T09:03:24.399+0000] {dag.py:3239} INFO - Sync 1 DAGs
[2024-12-01T09:03:24.415+0000] {logging_mixin.py:190} INFO - [2024-12-01T09:03:24.415+0000] {dag.py:4180} INFO - Setting next_dagrun for example_nested_branch_dag to 2024-11-30 00:00:00+00:00, run_after=2024-12-01 00:00:00+00:00
[2024-12-01T09:03:24.426+0000] {processor.py:208} INFO - Processing /home/airflow/.local/lib/python3.12/site-packages/airflow/example_dags/example_nested_branch_dag.py took 0.056 seconds
[2024-12-01T09:03:54.697+0000] {processor.py:186} INFO - Started process (PID=1613) to work on /home/airflow/.local/lib/python3.12/site-packages/airflow/example_dags/example_nested_branch_dag.py
[2024-12-01T09:03:54.697+0000] {processor.py:914} INFO - Processing file /home/airflow/.local/lib/python3.12/site-packages/airflow/example_dags/example_nested_branch_dag.py for tasks to queue
[2024-12-01T09:03:54.699+0000] {logging_mixin.py:190} INFO - [2024-12-01T09:03:54.699+0000] {dagbag.py:588} INFO - Filling up the DagBag from /home/airflow/.local/lib/python3.12/site-packages/airflow/example_dags/example_nested_branch_dag.py
[2024-12-01T09:03:54.705+0000] {processor.py:925} INFO - DAG(s) 'example_nested_branch_dag' retrieved from /home/airflow/.local/lib/python3.12/site-packages/airflow/example_dags/example_nested_branch_dag.py
[2024-12-01T09:03:54.720+0000] {logging_mixin.py:190} INFO - [2024-12-01T09:03:54.720+0000] {dag.py:3239} INFO - Sync 1 DAGs
[2024-12-01T09:03:54.737+0000] {logging_mixin.py:190} INFO - [2024-12-01T09:03:54.737+0000] {dag.py:4180} INFO - Setting next_dagrun for example_nested_branch_dag to 2024-11-30 00:00:00+00:00, run_after=2024-12-01 00:00:00+00:00
[2024-12-01T09:03:54.751+0000] {processor.py:208} INFO - Processing /home/airflow/.local/lib/python3.12/site-packages/airflow/example_dags/example_nested_branch_dag.py took 0.059 seconds
[2024-12-01T09:04:24.921+0000] {processor.py:186} INFO - Started process (PID=1676) to work on /home/airflow/.local/lib/python3.12/site-packages/airflow/example_dags/example_nested_branch_dag.py
[2024-12-01T09:04:24.922+0000] {processor.py:914} INFO - Processing file /home/airflow/.local/lib/python3.12/site-packages/airflow/example_dags/example_nested_branch_dag.py for tasks to queue
[2024-12-01T09:04:24.923+0000] {logging_mixin.py:190} INFO - [2024-12-01T09:04:24.923+0000] {dagbag.py:588} INFO - Filling up the DagBag from /home/airflow/.local/lib/python3.12/site-packages/airflow/example_dags/example_nested_branch_dag.py
[2024-12-01T09:04:24.930+0000] {processor.py:925} INFO - DAG(s) 'example_nested_branch_dag' retrieved from /home/airflow/.local/lib/python3.12/site-packages/airflow/example_dags/example_nested_branch_dag.py
[2024-12-01T09:04:24.949+0000] {logging_mixin.py:190} INFO - [2024-12-01T09:04:24.949+0000] {dag.py:3239} INFO - Sync 1 DAGs
[2024-12-01T09:04:24.970+0000] {logging_mixin.py:190} INFO - [2024-12-01T09:04:24.969+0000] {dag.py:4180} INFO - Setting next_dagrun for example_nested_branch_dag to 2024-11-30 00:00:00+00:00, run_after=2024-12-01 00:00:00+00:00
[2024-12-01T09:04:24.985+0000] {processor.py:208} INFO - Processing /home/airflow/.local/lib/python3.12/site-packages/airflow/example_dags/example_nested_branch_dag.py took 0.069 seconds
[2024-12-01T09:04:55.404+0000] {processor.py:186} INFO - Started process (PID=1739) to work on /home/airflow/.local/lib/python3.12/site-packages/airflow/example_dags/example_nested_branch_dag.py
[2024-12-01T09:04:55.404+0000] {processor.py:914} INFO - Processing file /home/airflow/.local/lib/python3.12/site-packages/airflow/example_dags/example_nested_branch_dag.py for tasks to queue
[2024-12-01T09:04:55.405+0000] {logging_mixin.py:190} INFO - [2024-12-01T09:04:55.405+0000] {dagbag.py:588} INFO - Filling up the DagBag from /home/airflow/.local/lib/python3.12/site-packages/airflow/example_dags/example_nested_branch_dag.py
[2024-12-01T09:04:55.412+0000] {processor.py:925} INFO - DAG(s) 'example_nested_branch_dag' retrieved from /home/airflow/.local/lib/python3.12/site-packages/airflow/example_dags/example_nested_branch_dag.py
[2024-12-01T09:04:55.425+0000] {logging_mixin.py:190} INFO - [2024-12-01T09:04:55.425+0000] {dag.py:3239} INFO - Sync 1 DAGs
[2024-12-01T09:04:55.438+0000] {logging_mixin.py:190} INFO - [2024-12-01T09:04:55.438+0000] {dag.py:4180} INFO - Setting next_dagrun for example_nested_branch_dag to 2024-11-30 00:00:00+00:00, run_after=2024-12-01 00:00:00+00:00
[2024-12-01T09:04:55.451+0000] {processor.py:208} INFO - Processing /home/airflow/.local/lib/python3.12/site-packages/airflow/example_dags/example_nested_branch_dag.py took 0.051 seconds
[2024-12-01T09:05:26.142+0000] {processor.py:186} INFO - Started process (PID=1802) to work on /home/airflow/.local/lib/python3.12/site-packages/airflow/example_dags/example_nested_branch_dag.py
[2024-12-01T09:05:26.142+0000] {processor.py:914} INFO - Processing file /home/airflow/.local/lib/python3.12/site-packages/airflow/example_dags/example_nested_branch_dag.py for tasks to queue
[2024-12-01T09:05:26.143+0000] {logging_mixin.py:190} INFO - [2024-12-01T09:05:26.143+0000] {dagbag.py:588} INFO - Filling up the DagBag from /home/airflow/.local/lib/python3.12/site-packages/airflow/example_dags/example_nested_branch_dag.py
[2024-12-01T09:05:26.149+0000] {processor.py:925} INFO - DAG(s) 'example_nested_branch_dag' retrieved from /home/airflow/.local/lib/python3.12/site-packages/airflow/example_dags/example_nested_branch_dag.py
[2024-12-01T09:05:26.161+0000] {logging_mixin.py:190} INFO - [2024-12-01T09:05:26.161+0000] {dag.py:3239} INFO - Sync 1 DAGs
[2024-12-01T09:05:26.174+0000] {logging_mixin.py:190} INFO - [2024-12-01T09:05:26.174+0000] {dag.py:4180} INFO - Setting next_dagrun for example_nested_branch_dag to 2024-11-30 00:00:00+00:00, run_after=2024-12-01 00:00:00+00:00
[2024-12-01T09:05:26.184+0000] {processor.py:208} INFO - Processing /home/airflow/.local/lib/python3.12/site-packages/airflow/example_dags/example_nested_branch_dag.py took 0.046 seconds
[2024-12-01T09:05:56.561+0000] {processor.py:186} INFO - Started process (PID=1865) to work on /home/airflow/.local/lib/python3.12/site-packages/airflow/example_dags/example_nested_branch_dag.py
[2024-12-01T09:05:56.562+0000] {processor.py:914} INFO - Processing file /home/airflow/.local/lib/python3.12/site-packages/airflow/example_dags/example_nested_branch_dag.py for tasks to queue
[2024-12-01T09:05:56.564+0000] {logging_mixin.py:190} INFO - [2024-12-01T09:05:56.564+0000] {dagbag.py:588} INFO - Filling up the DagBag from /home/airflow/.local/lib/python3.12/site-packages/airflow/example_dags/example_nested_branch_dag.py
[2024-12-01T09:05:56.573+0000] {processor.py:925} INFO - DAG(s) 'example_nested_branch_dag' retrieved from /home/airflow/.local/lib/python3.12/site-packages/airflow/example_dags/example_nested_branch_dag.py
[2024-12-01T09:05:56.592+0000] {logging_mixin.py:190} INFO - [2024-12-01T09:05:56.592+0000] {dag.py:3239} INFO - Sync 1 DAGs
[2024-12-01T09:05:56.608+0000] {logging_mixin.py:190} INFO - [2024-12-01T09:05:56.608+0000] {dag.py:4180} INFO - Setting next_dagrun for example_nested_branch_dag to 2024-11-30 00:00:00+00:00, run_after=2024-12-01 00:00:00+00:00
[2024-12-01T09:05:56.622+0000] {processor.py:208} INFO - Processing /home/airflow/.local/lib/python3.12/site-packages/airflow/example_dags/example_nested_branch_dag.py took 0.066 seconds
[2024-12-01T09:06:27.171+0000] {processor.py:186} INFO - Started process (PID=1928) to work on /home/airflow/.local/lib/python3.12/site-packages/airflow/example_dags/example_nested_branch_dag.py
[2024-12-01T09:06:27.171+0000] {processor.py:914} INFO - Processing file /home/airflow/.local/lib/python3.12/site-packages/airflow/example_dags/example_nested_branch_dag.py for tasks to queue
[2024-12-01T09:06:27.172+0000] {logging_mixin.py:190} INFO - [2024-12-01T09:06:27.172+0000] {dagbag.py:588} INFO - Filling up the DagBag from /home/airflow/.local/lib/python3.12/site-packages/airflow/example_dags/example_nested_branch_dag.py
[2024-12-01T09:06:27.179+0000] {processor.py:925} INFO - DAG(s) 'example_nested_branch_dag' retrieved from /home/airflow/.local/lib/python3.12/site-packages/airflow/example_dags/example_nested_branch_dag.py
[2024-12-01T09:06:27.193+0000] {logging_mixin.py:190} INFO - [2024-12-01T09:06:27.193+0000] {dag.py:3239} INFO - Sync 1 DAGs
[2024-12-01T09:06:27.211+0000] {logging_mixin.py:190} INFO - [2024-12-01T09:06:27.211+0000] {dag.py:4180} INFO - Setting next_dagrun for example_nested_branch_dag to 2024-11-30 00:00:00+00:00, run_after=2024-12-01 00:00:00+00:00
[2024-12-01T09:06:27.226+0000] {processor.py:208} INFO - Processing /home/airflow/.local/lib/python3.12/site-packages/airflow/example_dags/example_nested_branch_dag.py took 0.058 seconds
[2024-12-01T09:06:57.736+0000] {processor.py:186} INFO - Started process (PID=1991) to work on /home/airflow/.local/lib/python3.12/site-packages/airflow/example_dags/example_nested_branch_dag.py
[2024-12-01T09:06:57.737+0000] {processor.py:914} INFO - Processing file /home/airflow/.local/lib/python3.12/site-packages/airflow/example_dags/example_nested_branch_dag.py for tasks to queue
[2024-12-01T09:06:57.738+0000] {logging_mixin.py:190} INFO - [2024-12-01T09:06:57.738+0000] {dagbag.py:588} INFO - Filling up the DagBag from /home/airflow/.local/lib/python3.12/site-packages/airflow/example_dags/example_nested_branch_dag.py
[2024-12-01T09:06:57.747+0000] {processor.py:925} INFO - DAG(s) 'example_nested_branch_dag' retrieved from /home/airflow/.local/lib/python3.12/site-packages/airflow/example_dags/example_nested_branch_dag.py
[2024-12-01T09:06:57.762+0000] {logging_mixin.py:190} INFO - [2024-12-01T09:06:57.762+0000] {dag.py:3239} INFO - Sync 1 DAGs
[2024-12-01T09:06:57.777+0000] {logging_mixin.py:190} INFO - [2024-12-01T09:06:57.777+0000] {dag.py:4180} INFO - Setting next_dagrun for example_nested_branch_dag to 2024-11-30 00:00:00+00:00, run_after=2024-12-01 00:00:00+00:00
[2024-12-01T09:06:57.789+0000] {processor.py:208} INFO - Processing /home/airflow/.local/lib/python3.12/site-packages/airflow/example_dags/example_nested_branch_dag.py took 0.058 seconds
[2024-12-01T09:07:27.978+0000] {processor.py:186} INFO - Started process (PID=2054) to work on /home/airflow/.local/lib/python3.12/site-packages/airflow/example_dags/example_nested_branch_dag.py
[2024-12-01T09:07:27.979+0000] {processor.py:914} INFO - Processing file /home/airflow/.local/lib/python3.12/site-packages/airflow/example_dags/example_nested_branch_dag.py for tasks to queue
[2024-12-01T09:07:27.980+0000] {logging_mixin.py:190} INFO - [2024-12-01T09:07:27.980+0000] {dagbag.py:588} INFO - Filling up the DagBag from /home/airflow/.local/lib/python3.12/site-packages/airflow/example_dags/example_nested_branch_dag.py
[2024-12-01T09:07:27.986+0000] {processor.py:925} INFO - DAG(s) 'example_nested_branch_dag' retrieved from /home/airflow/.local/lib/python3.12/site-packages/airflow/example_dags/example_nested_branch_dag.py
[2024-12-01T09:07:28.000+0000] {logging_mixin.py:190} INFO - [2024-12-01T09:07:28.000+0000] {dag.py:3239} INFO - Sync 1 DAGs
[2024-12-01T09:07:28.019+0000] {logging_mixin.py:190} INFO - [2024-12-01T09:07:28.019+0000] {dag.py:4180} INFO - Setting next_dagrun for example_nested_branch_dag to 2024-11-30 00:00:00+00:00, run_after=2024-12-01 00:00:00+00:00
[2024-12-01T09:07:28.031+0000] {processor.py:208} INFO - Processing /home/airflow/.local/lib/python3.12/site-packages/airflow/example_dags/example_nested_branch_dag.py took 0.055 seconds
[2024-12-01T09:07:58.600+0000] {processor.py:186} INFO - Started process (PID=2117) to work on /home/airflow/.local/lib/python3.12/site-packages/airflow/example_dags/example_nested_branch_dag.py
[2024-12-01T09:07:58.601+0000] {processor.py:914} INFO - Processing file /home/airflow/.local/lib/python3.12/site-packages/airflow/example_dags/example_nested_branch_dag.py for tasks to queue
[2024-12-01T09:07:58.602+0000] {logging_mixin.py:190} INFO - [2024-12-01T09:07:58.602+0000] {dagbag.py:588} INFO - Filling up the DagBag from /home/airflow/.local/lib/python3.12/site-packages/airflow/example_dags/example_nested_branch_dag.py
[2024-12-01T09:07:58.608+0000] {processor.py:925} INFO - DAG(s) 'example_nested_branch_dag' retrieved from /home/airflow/.local/lib/python3.12/site-packages/airflow/example_dags/example_nested_branch_dag.py
[2024-12-01T09:07:58.620+0000] {logging_mixin.py:190} INFO - [2024-12-01T09:07:58.620+0000] {dag.py:3239} INFO - Sync 1 DAGs
[2024-12-01T09:07:58.634+0000] {logging_mixin.py:190} INFO - [2024-12-01T09:07:58.634+0000] {dag.py:4180} INFO - Setting next_dagrun for example_nested_branch_dag to 2024-11-30 00:00:00+00:00, run_after=2024-12-01 00:00:00+00:00
[2024-12-01T09:07:58.647+0000] {processor.py:208} INFO - Processing /home/airflow/.local/lib/python3.12/site-packages/airflow/example_dags/example_nested_branch_dag.py took 0.050 seconds
[2024-12-01T09:08:29.164+0000] {processor.py:186} INFO - Started process (PID=2180) to work on /home/airflow/.local/lib/python3.12/site-packages/airflow/example_dags/example_nested_branch_dag.py
[2024-12-01T09:08:29.165+0000] {processor.py:914} INFO - Processing file /home/airflow/.local/lib/python3.12/site-packages/airflow/example_dags/example_nested_branch_dag.py for tasks to queue
[2024-12-01T09:08:29.166+0000] {logging_mixin.py:190} INFO - [2024-12-01T09:08:29.166+0000] {dagbag.py:588} INFO - Filling up the DagBag from /home/airflow/.local/lib/python3.12/site-packages/airflow/example_dags/example_nested_branch_dag.py
[2024-12-01T09:08:29.173+0000] {processor.py:925} INFO - DAG(s) 'example_nested_branch_dag' retrieved from /home/airflow/.local/lib/python3.12/site-packages/airflow/example_dags/example_nested_branch_dag.py
[2024-12-01T09:08:29.184+0000] {logging_mixin.py:190} INFO - [2024-12-01T09:08:29.184+0000] {dag.py:3239} INFO - Sync 1 DAGs
[2024-12-01T09:08:29.197+0000] {logging_mixin.py:190} INFO - [2024-12-01T09:08:29.197+0000] {dag.py:4180} INFO - Setting next_dagrun for example_nested_branch_dag to 2024-11-30 00:00:00+00:00, run_after=2024-12-01 00:00:00+00:00
[2024-12-01T09:08:29.209+0000] {processor.py:208} INFO - Processing /home/airflow/.local/lib/python3.12/site-packages/airflow/example_dags/example_nested_branch_dag.py took 0.048 seconds
[2024-12-01T09:09:00.135+0000] {processor.py:186} INFO - Started process (PID=2243) to work on /home/airflow/.local/lib/python3.12/site-packages/airflow/example_dags/example_nested_branch_dag.py
[2024-12-01T09:09:00.135+0000] {processor.py:914} INFO - Processing file /home/airflow/.local/lib/python3.12/site-packages/airflow/example_dags/example_nested_branch_dag.py for tasks to queue
[2024-12-01T09:09:00.137+0000] {logging_mixin.py:190} INFO - [2024-12-01T09:09:00.137+0000] {dagbag.py:588} INFO - Filling up the DagBag from /home/airflow/.local/lib/python3.12/site-packages/airflow/example_dags/example_nested_branch_dag.py
[2024-12-01T09:09:00.146+0000] {processor.py:925} INFO - DAG(s) 'example_nested_branch_dag' retrieved from /home/airflow/.local/lib/python3.12/site-packages/airflow/example_dags/example_nested_branch_dag.py
[2024-12-01T09:09:00.159+0000] {logging_mixin.py:190} INFO - [2024-12-01T09:09:00.158+0000] {dag.py:3239} INFO - Sync 1 DAGs
[2024-12-01T09:09:00.172+0000] {logging_mixin.py:190} INFO - [2024-12-01T09:09:00.171+0000] {dag.py:4180} INFO - Setting next_dagrun for example_nested_branch_dag to 2024-11-30 00:00:00+00:00, run_after=2024-12-01 00:00:00+00:00
[2024-12-01T09:09:00.184+0000] {processor.py:208} INFO - Processing /home/airflow/.local/lib/python3.12/site-packages/airflow/example_dags/example_nested_branch_dag.py took 0.054 seconds
[2024-12-01T09:09:30.474+0000] {processor.py:186} INFO - Started process (PID=2305) to work on /home/airflow/.local/lib/python3.12/site-packages/airflow/example_dags/example_nested_branch_dag.py
[2024-12-01T09:09:30.475+0000] {processor.py:914} INFO - Processing file /home/airflow/.local/lib/python3.12/site-packages/airflow/example_dags/example_nested_branch_dag.py for tasks to queue
[2024-12-01T09:09:30.476+0000] {logging_mixin.py:190} INFO - [2024-12-01T09:09:30.475+0000] {dagbag.py:588} INFO - Filling up the DagBag from /home/airflow/.local/lib/python3.12/site-packages/airflow/example_dags/example_nested_branch_dag.py
[2024-12-01T09:09:30.481+0000] {processor.py:925} INFO - DAG(s) 'example_nested_branch_dag' retrieved from /home/airflow/.local/lib/python3.12/site-packages/airflow/example_dags/example_nested_branch_dag.py
[2024-12-01T09:09:30.493+0000] {logging_mixin.py:190} INFO - [2024-12-01T09:09:30.493+0000] {dag.py:3239} INFO - Sync 1 DAGs
[2024-12-01T09:09:30.506+0000] {logging_mixin.py:190} INFO - [2024-12-01T09:09:30.506+0000] {dag.py:4180} INFO - Setting next_dagrun for example_nested_branch_dag to 2024-11-30 00:00:00+00:00, run_after=2024-12-01 00:00:00+00:00
[2024-12-01T09:09:30.517+0000] {processor.py:208} INFO - Processing /home/airflow/.local/lib/python3.12/site-packages/airflow/example_dags/example_nested_branch_dag.py took 0.046 seconds
[2024-12-01T09:10:00.639+0000] {processor.py:186} INFO - Started process (PID=2368) to work on /home/airflow/.local/lib/python3.12/site-packages/airflow/example_dags/example_nested_branch_dag.py
[2024-12-01T09:10:00.640+0000] {processor.py:914} INFO - Processing file /home/airflow/.local/lib/python3.12/site-packages/airflow/example_dags/example_nested_branch_dag.py for tasks to queue
[2024-12-01T09:10:00.641+0000] {logging_mixin.py:190} INFO - [2024-12-01T09:10:00.641+0000] {dagbag.py:588} INFO - Filling up the DagBag from /home/airflow/.local/lib/python3.12/site-packages/airflow/example_dags/example_nested_branch_dag.py
[2024-12-01T09:10:00.647+0000] {processor.py:925} INFO - DAG(s) 'example_nested_branch_dag' retrieved from /home/airflow/.local/lib/python3.12/site-packages/airflow/example_dags/example_nested_branch_dag.py
[2024-12-01T09:10:00.665+0000] {logging_mixin.py:190} INFO - [2024-12-01T09:10:00.664+0000] {dag.py:3239} INFO - Sync 1 DAGs
[2024-12-01T09:10:00.682+0000] {logging_mixin.py:190} INFO - [2024-12-01T09:10:00.682+0000] {dag.py:4180} INFO - Setting next_dagrun for example_nested_branch_dag to 2024-11-30 00:00:00+00:00, run_after=2024-12-01 00:00:00+00:00
[2024-12-01T09:10:00.693+0000] {processor.py:208} INFO - Processing /home/airflow/.local/lib/python3.12/site-packages/airflow/example_dags/example_nested_branch_dag.py took 0.058 seconds
[2024-12-01T09:10:31.225+0000] {processor.py:186} INFO - Started process (PID=2431) to work on /home/airflow/.local/lib/python3.12/site-packages/airflow/example_dags/example_nested_branch_dag.py
[2024-12-01T09:10:31.226+0000] {processor.py:914} INFO - Processing file /home/airflow/.local/lib/python3.12/site-packages/airflow/example_dags/example_nested_branch_dag.py for tasks to queue
[2024-12-01T09:10:31.227+0000] {logging_mixin.py:190} INFO - [2024-12-01T09:10:31.227+0000] {dagbag.py:588} INFO - Filling up the DagBag from /home/airflow/.local/lib/python3.12/site-packages/airflow/example_dags/example_nested_branch_dag.py
[2024-12-01T09:10:31.232+0000] {processor.py:925} INFO - DAG(s) 'example_nested_branch_dag' retrieved from /home/airflow/.local/lib/python3.12/site-packages/airflow/example_dags/example_nested_branch_dag.py
[2024-12-01T09:10:31.245+0000] {logging_mixin.py:190} INFO - [2024-12-01T09:10:31.244+0000] {dag.py:3239} INFO - Sync 1 DAGs
[2024-12-01T09:10:31.257+0000] {logging_mixin.py:190} INFO - [2024-12-01T09:10:31.257+0000] {dag.py:4180} INFO - Setting next_dagrun for example_nested_branch_dag to 2024-11-30 00:00:00+00:00, run_after=2024-12-01 00:00:00+00:00
[2024-12-01T09:10:31.268+0000] {processor.py:208} INFO - Processing /home/airflow/.local/lib/python3.12/site-packages/airflow/example_dags/example_nested_branch_dag.py took 0.045 seconds
[2024-12-01T09:11:01.495+0000] {processor.py:186} INFO - Started process (PID=2494) to work on /home/airflow/.local/lib/python3.12/site-packages/airflow/example_dags/example_nested_branch_dag.py
[2024-12-01T09:11:01.496+0000] {processor.py:914} INFO - Processing file /home/airflow/.local/lib/python3.12/site-packages/airflow/example_dags/example_nested_branch_dag.py for tasks to queue
[2024-12-01T09:11:01.497+0000] {logging_mixin.py:190} INFO - [2024-12-01T09:11:01.497+0000] {dagbag.py:588} INFO - Filling up the DagBag from /home/airflow/.local/lib/python3.12/site-packages/airflow/example_dags/example_nested_branch_dag.py
[2024-12-01T09:11:01.503+0000] {processor.py:925} INFO - DAG(s) 'example_nested_branch_dag' retrieved from /home/airflow/.local/lib/python3.12/site-packages/airflow/example_dags/example_nested_branch_dag.py
[2024-12-01T09:11:01.515+0000] {logging_mixin.py:190} INFO - [2024-12-01T09:11:01.515+0000] {dag.py:3239} INFO - Sync 1 DAGs
[2024-12-01T09:11:01.528+0000] {logging_mixin.py:190} INFO - [2024-12-01T09:11:01.528+0000] {dag.py:4180} INFO - Setting next_dagrun for example_nested_branch_dag to 2024-11-30 00:00:00+00:00, run_after=2024-12-01 00:00:00+00:00
[2024-12-01T09:11:01.541+0000] {processor.py:208} INFO - Processing /home/airflow/.local/lib/python3.12/site-packages/airflow/example_dags/example_nested_branch_dag.py took 0.049 seconds
[2024-12-01T09:11:31.924+0000] {processor.py:186} INFO - Started process (PID=2557) to work on /home/airflow/.local/lib/python3.12/site-packages/airflow/example_dags/example_nested_branch_dag.py
[2024-12-01T09:11:31.925+0000] {processor.py:914} INFO - Processing file /home/airflow/.local/lib/python3.12/site-packages/airflow/example_dags/example_nested_branch_dag.py for tasks to queue
[2024-12-01T09:11:31.926+0000] {logging_mixin.py:190} INFO - [2024-12-01T09:11:31.926+0000] {dagbag.py:588} INFO - Filling up the DagBag from /home/airflow/.local/lib/python3.12/site-packages/airflow/example_dags/example_nested_branch_dag.py
[2024-12-01T09:11:31.933+0000] {processor.py:925} INFO - DAG(s) 'example_nested_branch_dag' retrieved from /home/airflow/.local/lib/python3.12/site-packages/airflow/example_dags/example_nested_branch_dag.py
[2024-12-01T09:11:31.948+0000] {logging_mixin.py:190} INFO - [2024-12-01T09:11:31.948+0000] {dag.py:3239} INFO - Sync 1 DAGs
[2024-12-01T09:11:31.962+0000] {logging_mixin.py:190} INFO - [2024-12-01T09:11:31.962+0000] {dag.py:4180} INFO - Setting next_dagrun for example_nested_branch_dag to 2024-11-30 00:00:00+00:00, run_after=2024-12-01 00:00:00+00:00
[2024-12-01T09:11:31.973+0000] {processor.py:208} INFO - Processing /home/airflow/.local/lib/python3.12/site-packages/airflow/example_dags/example_nested_branch_dag.py took 0.053 seconds
