[2024-12-01T08:51:40.973+0000] {processor.py:186} INFO - Started process (PID=102) to work on /home/airflow/.local/lib/python3.12/site-packages/airflow/example_dags/example_bash_decorator.py
[2024-12-01T08:51:40.974+0000] {processor.py:914} INFO - Processing file /home/airflow/.local/lib/python3.12/site-packages/airflow/example_dags/example_bash_decorator.py for tasks to queue
[2024-12-01T08:51:40.975+0000] {logging_mixin.py:190} INFO - [2024-12-01T08:51:40.975+0000] {dagbag.py:588} INFO - Filling up the DagBag from /home/airflow/.local/lib/python3.12/site-packages/airflow/example_dags/example_bash_decorator.py
[2024-12-01T08:51:40.984+0000] {processor.py:925} INFO - DAG(s) 'example_bash_decorator' retrieved from /home/airflow/.local/lib/python3.12/site-packages/airflow/example_dags/example_bash_decorator.py
[2024-12-01T08:51:41.057+0000] {logging_mixin.py:190} INFO - [2024-12-01T08:51:41.057+0000] {override.py:1911} INFO - Created Permission View: can edit on DAG:example_bash_decorator
[2024-12-01T08:51:41.063+0000] {logging_mixin.py:190} INFO - [2024-12-01T08:51:41.063+0000] {override.py:1911} INFO - Created Permission View: can read on DAG:example_bash_decorator
[2024-12-01T08:51:41.068+0000] {logging_mixin.py:190} INFO - [2024-12-01T08:51:41.068+0000] {override.py:1911} INFO - Created Permission View: can delete on DAG:example_bash_decorator
[2024-12-01T08:51:41.073+0000] {logging_mixin.py:190} INFO - [2024-12-01T08:51:41.073+0000] {override.py:1911} INFO - Created Permission View: can create on DAG Run:example_bash_decorator
[2024-12-01T08:51:41.077+0000] {logging_mixin.py:190} INFO - [2024-12-01T08:51:41.077+0000] {override.py:1911} INFO - Created Permission View: menu access on DAG Run:example_bash_decorator
[2024-12-01T08:51:41.081+0000] {logging_mixin.py:190} INFO - [2024-12-01T08:51:41.081+0000] {override.py:1911} INFO - Created Permission View: can read on DAG Run:example_bash_decorator
[2024-12-01T08:51:41.085+0000] {logging_mixin.py:190} INFO - [2024-12-01T08:51:41.085+0000] {override.py:1911} INFO - Created Permission View: can delete on DAG Run:example_bash_decorator
[2024-12-01T08:51:41.086+0000] {logging_mixin.py:190} INFO - [2024-12-01T08:51:41.085+0000] {dag.py:3239} INFO - Sync 1 DAGs
[2024-12-01T08:51:41.095+0000] {logging_mixin.py:190} INFO - [2024-12-01T08:51:41.095+0000] {dag.py:3262} INFO - Creating ORM DAG for example_bash_decorator
[2024-12-01T08:51:41.095+0000] {logging_mixin.py:190} INFO - [2024-12-01T08:51:41.095+0000] {dag.py:4180} INFO - Setting next_dagrun for example_bash_decorator to None, run_after=None
[2024-12-01T08:51:41.105+0000] {processor.py:208} INFO - Processing /home/airflow/.local/lib/python3.12/site-packages/airflow/example_dags/example_bash_decorator.py took 0.135 seconds
[2024-12-01T08:52:11.522+0000] {processor.py:186} INFO - Started process (PID=163) to work on /home/airflow/.local/lib/python3.12/site-packages/airflow/example_dags/example_bash_decorator.py
[2024-12-01T08:52:11.522+0000] {processor.py:914} INFO - Processing file /home/airflow/.local/lib/python3.12/site-packages/airflow/example_dags/example_bash_decorator.py for tasks to queue
[2024-12-01T08:52:11.523+0000] {logging_mixin.py:190} INFO - [2024-12-01T08:52:11.523+0000] {dagbag.py:588} INFO - Filling up the DagBag from /home/airflow/.local/lib/python3.12/site-packages/airflow/example_dags/example_bash_decorator.py
[2024-12-01T08:52:11.532+0000] {processor.py:925} INFO - DAG(s) 'example_bash_decorator' retrieved from /home/airflow/.local/lib/python3.12/site-packages/airflow/example_dags/example_bash_decorator.py
[2024-12-01T08:52:11.549+0000] {logging_mixin.py:190} INFO - [2024-12-01T08:52:11.549+0000] {dag.py:3239} INFO - Sync 1 DAGs
[2024-12-01T08:52:11.558+0000] {logging_mixin.py:190} INFO - [2024-12-01T08:52:11.558+0000] {dag.py:4180} INFO - Setting next_dagrun for example_bash_decorator to None, run_after=None
[2024-12-01T08:52:11.571+0000] {processor.py:208} INFO - Processing /home/airflow/.local/lib/python3.12/site-packages/airflow/example_dags/example_bash_decorator.py took 0.054 seconds
[2024-12-01T08:52:42.235+0000] {processor.py:186} INFO - Started process (PID=226) to work on /home/airflow/.local/lib/python3.12/site-packages/airflow/example_dags/example_bash_decorator.py
[2024-12-01T08:52:42.236+0000] {processor.py:914} INFO - Processing file /home/airflow/.local/lib/python3.12/site-packages/airflow/example_dags/example_bash_decorator.py for tasks to queue
[2024-12-01T08:52:42.237+0000] {logging_mixin.py:190} INFO - [2024-12-01T08:52:42.237+0000] {dagbag.py:588} INFO - Filling up the DagBag from /home/airflow/.local/lib/python3.12/site-packages/airflow/example_dags/example_bash_decorator.py
[2024-12-01T08:52:42.245+0000] {processor.py:925} INFO - DAG(s) 'example_bash_decorator' retrieved from /home/airflow/.local/lib/python3.12/site-packages/airflow/example_dags/example_bash_decorator.py
[2024-12-01T08:52:42.264+0000] {logging_mixin.py:190} INFO - [2024-12-01T08:52:42.264+0000] {dag.py:3239} INFO - Sync 1 DAGs
[2024-12-01T08:52:42.275+0000] {logging_mixin.py:190} INFO - [2024-12-01T08:52:42.275+0000] {dag.py:4180} INFO - Setting next_dagrun for example_bash_decorator to None, run_after=None
[2024-12-01T08:52:42.287+0000] {processor.py:208} INFO - Processing /home/airflow/.local/lib/python3.12/site-packages/airflow/example_dags/example_bash_decorator.py took 0.056 seconds
[2024-12-01T08:53:12.579+0000] {processor.py:186} INFO - Started process (PID=289) to work on /home/airflow/.local/lib/python3.12/site-packages/airflow/example_dags/example_bash_decorator.py
[2024-12-01T08:53:12.579+0000] {processor.py:914} INFO - Processing file /home/airflow/.local/lib/python3.12/site-packages/airflow/example_dags/example_bash_decorator.py for tasks to queue
[2024-12-01T08:53:12.581+0000] {logging_mixin.py:190} INFO - [2024-12-01T08:53:12.580+0000] {dagbag.py:588} INFO - Filling up the DagBag from /home/airflow/.local/lib/python3.12/site-packages/airflow/example_dags/example_bash_decorator.py
[2024-12-01T08:53:12.589+0000] {processor.py:925} INFO - DAG(s) 'example_bash_decorator' retrieved from /home/airflow/.local/lib/python3.12/site-packages/airflow/example_dags/example_bash_decorator.py
[2024-12-01T08:53:12.606+0000] {logging_mixin.py:190} INFO - [2024-12-01T08:53:12.606+0000] {dag.py:3239} INFO - Sync 1 DAGs
[2024-12-01T08:53:12.618+0000] {logging_mixin.py:190} INFO - [2024-12-01T08:53:12.618+0000] {dag.py:4180} INFO - Setting next_dagrun for example_bash_decorator to None, run_after=None
[2024-12-01T08:53:12.628+0000] {processor.py:208} INFO - Processing /home/airflow/.local/lib/python3.12/site-packages/airflow/example_dags/example_bash_decorator.py took 0.054 seconds
[2024-12-01T08:53:42.799+0000] {processor.py:186} INFO - Started process (PID=351) to work on /home/airflow/.local/lib/python3.12/site-packages/airflow/example_dags/example_bash_decorator.py
[2024-12-01T08:53:42.800+0000] {processor.py:914} INFO - Processing file /home/airflow/.local/lib/python3.12/site-packages/airflow/example_dags/example_bash_decorator.py for tasks to queue
[2024-12-01T08:53:42.801+0000] {logging_mixin.py:190} INFO - [2024-12-01T08:53:42.801+0000] {dagbag.py:588} INFO - Filling up the DagBag from /home/airflow/.local/lib/python3.12/site-packages/airflow/example_dags/example_bash_decorator.py
[2024-12-01T08:53:42.808+0000] {processor.py:925} INFO - DAG(s) 'example_bash_decorator' retrieved from /home/airflow/.local/lib/python3.12/site-packages/airflow/example_dags/example_bash_decorator.py
[2024-12-01T08:53:42.821+0000] {logging_mixin.py:190} INFO - [2024-12-01T08:53:42.821+0000] {dag.py:3239} INFO - Sync 1 DAGs
[2024-12-01T08:53:42.828+0000] {logging_mixin.py:190} INFO - [2024-12-01T08:53:42.828+0000] {dag.py:4180} INFO - Setting next_dagrun for example_bash_decorator to None, run_after=None
[2024-12-01T08:53:42.838+0000] {processor.py:208} INFO - Processing /home/airflow/.local/lib/python3.12/site-packages/airflow/example_dags/example_bash_decorator.py took 0.041 seconds
[2024-12-01T08:54:13.050+0000] {processor.py:186} INFO - Started process (PID=414) to work on /home/airflow/.local/lib/python3.12/site-packages/airflow/example_dags/example_bash_decorator.py
[2024-12-01T08:54:13.057+0000] {processor.py:914} INFO - Processing file /home/airflow/.local/lib/python3.12/site-packages/airflow/example_dags/example_bash_decorator.py for tasks to queue
[2024-12-01T08:54:13.058+0000] {logging_mixin.py:190} INFO - [2024-12-01T08:54:13.058+0000] {dagbag.py:588} INFO - Filling up the DagBag from /home/airflow/.local/lib/python3.12/site-packages/airflow/example_dags/example_bash_decorator.py
[2024-12-01T08:54:13.066+0000] {processor.py:925} INFO - DAG(s) 'example_bash_decorator' retrieved from /home/airflow/.local/lib/python3.12/site-packages/airflow/example_dags/example_bash_decorator.py
[2024-12-01T08:54:13.084+0000] {logging_mixin.py:190} INFO - [2024-12-01T08:54:13.083+0000] {dag.py:3239} INFO - Sync 1 DAGs
[2024-12-01T08:54:13.095+0000] {logging_mixin.py:190} INFO - [2024-12-01T08:54:13.095+0000] {dag.py:4180} INFO - Setting next_dagrun for example_bash_decorator to None, run_after=None
[2024-12-01T08:54:13.108+0000] {processor.py:208} INFO - Processing /home/airflow/.local/lib/python3.12/site-packages/airflow/example_dags/example_bash_decorator.py took 0.062 seconds
[2024-12-01T08:54:43.342+0000] {processor.py:186} INFO - Started process (PID=477) to work on /home/airflow/.local/lib/python3.12/site-packages/airflow/example_dags/example_bash_decorator.py
[2024-12-01T08:54:43.343+0000] {processor.py:914} INFO - Processing file /home/airflow/.local/lib/python3.12/site-packages/airflow/example_dags/example_bash_decorator.py for tasks to queue
[2024-12-01T08:54:43.344+0000] {logging_mixin.py:190} INFO - [2024-12-01T08:54:43.344+0000] {dagbag.py:588} INFO - Filling up the DagBag from /home/airflow/.local/lib/python3.12/site-packages/airflow/example_dags/example_bash_decorator.py
[2024-12-01T08:54:43.353+0000] {processor.py:925} INFO - DAG(s) 'example_bash_decorator' retrieved from /home/airflow/.local/lib/python3.12/site-packages/airflow/example_dags/example_bash_decorator.py
[2024-12-01T08:54:43.371+0000] {logging_mixin.py:190} INFO - [2024-12-01T08:54:43.371+0000] {dag.py:3239} INFO - Sync 1 DAGs
[2024-12-01T08:54:43.381+0000] {logging_mixin.py:190} INFO - [2024-12-01T08:54:43.381+0000] {dag.py:4180} INFO - Setting next_dagrun for example_bash_decorator to None, run_after=None
[2024-12-01T08:54:43.397+0000] {processor.py:208} INFO - Processing /home/airflow/.local/lib/python3.12/site-packages/airflow/example_dags/example_bash_decorator.py took 0.060 seconds
[2024-12-01T08:55:14.339+0000] {processor.py:186} INFO - Started process (PID=540) to work on /home/airflow/.local/lib/python3.12/site-packages/airflow/example_dags/example_bash_decorator.py
[2024-12-01T08:55:14.340+0000] {processor.py:914} INFO - Processing file /home/airflow/.local/lib/python3.12/site-packages/airflow/example_dags/example_bash_decorator.py for tasks to queue
[2024-12-01T08:55:14.342+0000] {logging_mixin.py:190} INFO - [2024-12-01T08:55:14.341+0000] {dagbag.py:588} INFO - Filling up the DagBag from /home/airflow/.local/lib/python3.12/site-packages/airflow/example_dags/example_bash_decorator.py
[2024-12-01T08:55:14.350+0000] {processor.py:925} INFO - DAG(s) 'example_bash_decorator' retrieved from /home/airflow/.local/lib/python3.12/site-packages/airflow/example_dags/example_bash_decorator.py
[2024-12-01T08:55:14.367+0000] {logging_mixin.py:190} INFO - [2024-12-01T08:55:14.367+0000] {dag.py:3239} INFO - Sync 1 DAGs
[2024-12-01T08:55:14.376+0000] {logging_mixin.py:190} INFO - [2024-12-01T08:55:14.376+0000] {dag.py:4180} INFO - Setting next_dagrun for example_bash_decorator to None, run_after=None
[2024-12-01T08:55:14.391+0000] {processor.py:208} INFO - Processing /home/airflow/.local/lib/python3.12/site-packages/airflow/example_dags/example_bash_decorator.py took 0.056 seconds
[2024-12-01T08:55:44.595+0000] {processor.py:186} INFO - Started process (PID=602) to work on /home/airflow/.local/lib/python3.12/site-packages/airflow/example_dags/example_bash_decorator.py
[2024-12-01T08:55:44.596+0000] {processor.py:914} INFO - Processing file /home/airflow/.local/lib/python3.12/site-packages/airflow/example_dags/example_bash_decorator.py for tasks to queue
[2024-12-01T08:55:44.597+0000] {logging_mixin.py:190} INFO - [2024-12-01T08:55:44.597+0000] {dagbag.py:588} INFO - Filling up the DagBag from /home/airflow/.local/lib/python3.12/site-packages/airflow/example_dags/example_bash_decorator.py
[2024-12-01T08:55:44.604+0000] {processor.py:925} INFO - DAG(s) 'example_bash_decorator' retrieved from /home/airflow/.local/lib/python3.12/site-packages/airflow/example_dags/example_bash_decorator.py
[2024-12-01T08:55:44.622+0000] {logging_mixin.py:190} INFO - [2024-12-01T08:55:44.622+0000] {dag.py:3239} INFO - Sync 1 DAGs
[2024-12-01T08:55:44.632+0000] {logging_mixin.py:190} INFO - [2024-12-01T08:55:44.632+0000] {dag.py:4180} INFO - Setting next_dagrun for example_bash_decorator to None, run_after=None
[2024-12-01T08:55:44.646+0000] {processor.py:208} INFO - Processing /home/airflow/.local/lib/python3.12/site-packages/airflow/example_dags/example_bash_decorator.py took 0.055 seconds
[2024-12-01T08:56:14.807+0000] {processor.py:186} INFO - Started process (PID=665) to work on /home/airflow/.local/lib/python3.12/site-packages/airflow/example_dags/example_bash_decorator.py
[2024-12-01T08:56:14.808+0000] {processor.py:914} INFO - Processing file /home/airflow/.local/lib/python3.12/site-packages/airflow/example_dags/example_bash_decorator.py for tasks to queue
[2024-12-01T08:56:14.809+0000] {logging_mixin.py:190} INFO - [2024-12-01T08:56:14.809+0000] {dagbag.py:588} INFO - Filling up the DagBag from /home/airflow/.local/lib/python3.12/site-packages/airflow/example_dags/example_bash_decorator.py
[2024-12-01T08:56:14.817+0000] {processor.py:925} INFO - DAG(s) 'example_bash_decorator' retrieved from /home/airflow/.local/lib/python3.12/site-packages/airflow/example_dags/example_bash_decorator.py
[2024-12-01T08:56:14.835+0000] {logging_mixin.py:190} INFO - [2024-12-01T08:56:14.834+0000] {dag.py:3239} INFO - Sync 1 DAGs
[2024-12-01T08:56:14.842+0000] {logging_mixin.py:190} INFO - [2024-12-01T08:56:14.842+0000] {dag.py:4180} INFO - Setting next_dagrun for example_bash_decorator to None, run_after=None
[2024-12-01T08:56:14.855+0000] {processor.py:208} INFO - Processing /home/airflow/.local/lib/python3.12/site-packages/airflow/example_dags/example_bash_decorator.py took 0.051 seconds
[2024-12-01T08:56:45.556+0000] {processor.py:186} INFO - Started process (PID=728) to work on /home/airflow/.local/lib/python3.12/site-packages/airflow/example_dags/example_bash_decorator.py
[2024-12-01T08:56:45.557+0000] {processor.py:914} INFO - Processing file /home/airflow/.local/lib/python3.12/site-packages/airflow/example_dags/example_bash_decorator.py for tasks to queue
[2024-12-01T08:56:45.558+0000] {logging_mixin.py:190} INFO - [2024-12-01T08:56:45.558+0000] {dagbag.py:588} INFO - Filling up the DagBag from /home/airflow/.local/lib/python3.12/site-packages/airflow/example_dags/example_bash_decorator.py
[2024-12-01T08:56:45.566+0000] {processor.py:925} INFO - DAG(s) 'example_bash_decorator' retrieved from /home/airflow/.local/lib/python3.12/site-packages/airflow/example_dags/example_bash_decorator.py
[2024-12-01T08:56:45.582+0000] {logging_mixin.py:190} INFO - [2024-12-01T08:56:45.582+0000] {dag.py:3239} INFO - Sync 1 DAGs
[2024-12-01T08:56:45.594+0000] {logging_mixin.py:190} INFO - [2024-12-01T08:56:45.593+0000] {dag.py:4180} INFO - Setting next_dagrun for example_bash_decorator to None, run_after=None
[2024-12-01T08:56:45.607+0000] {processor.py:208} INFO - Processing /home/airflow/.local/lib/python3.12/site-packages/airflow/example_dags/example_bash_decorator.py took 0.054 seconds
[2024-12-01T08:57:16.295+0000] {processor.py:186} INFO - Started process (PID=791) to work on /home/airflow/.local/lib/python3.12/site-packages/airflow/example_dags/example_bash_decorator.py
[2024-12-01T08:57:16.295+0000] {processor.py:914} INFO - Processing file /home/airflow/.local/lib/python3.12/site-packages/airflow/example_dags/example_bash_decorator.py for tasks to queue
[2024-12-01T08:57:16.296+0000] {logging_mixin.py:190} INFO - [2024-12-01T08:57:16.296+0000] {dagbag.py:588} INFO - Filling up the DagBag from /home/airflow/.local/lib/python3.12/site-packages/airflow/example_dags/example_bash_decorator.py
[2024-12-01T08:57:16.303+0000] {processor.py:925} INFO - DAG(s) 'example_bash_decorator' retrieved from /home/airflow/.local/lib/python3.12/site-packages/airflow/example_dags/example_bash_decorator.py
[2024-12-01T08:57:16.321+0000] {logging_mixin.py:190} INFO - [2024-12-01T08:57:16.321+0000] {dag.py:3239} INFO - Sync 1 DAGs
[2024-12-01T08:57:16.332+0000] {logging_mixin.py:190} INFO - [2024-12-01T08:57:16.331+0000] {dag.py:4180} INFO - Setting next_dagrun for example_bash_decorator to None, run_after=None
[2024-12-01T08:57:16.345+0000] {processor.py:208} INFO - Processing /home/airflow/.local/lib/python3.12/site-packages/airflow/example_dags/example_bash_decorator.py took 0.053 seconds
[2024-12-01T08:57:47.044+0000] {processor.py:186} INFO - Started process (PID=854) to work on /home/airflow/.local/lib/python3.12/site-packages/airflow/example_dags/example_bash_decorator.py
[2024-12-01T08:57:47.045+0000] {processor.py:914} INFO - Processing file /home/airflow/.local/lib/python3.12/site-packages/airflow/example_dags/example_bash_decorator.py for tasks to queue
[2024-12-01T08:57:47.046+0000] {logging_mixin.py:190} INFO - [2024-12-01T08:57:47.046+0000] {dagbag.py:588} INFO - Filling up the DagBag from /home/airflow/.local/lib/python3.12/site-packages/airflow/example_dags/example_bash_decorator.py
[2024-12-01T08:57:47.053+0000] {processor.py:925} INFO - DAG(s) 'example_bash_decorator' retrieved from /home/airflow/.local/lib/python3.12/site-packages/airflow/example_dags/example_bash_decorator.py
[2024-12-01T08:57:47.072+0000] {logging_mixin.py:190} INFO - [2024-12-01T08:57:47.071+0000] {dag.py:3239} INFO - Sync 1 DAGs
[2024-12-01T08:57:47.084+0000] {logging_mixin.py:190} INFO - [2024-12-01T08:57:47.083+0000] {dag.py:4180} INFO - Setting next_dagrun for example_bash_decorator to None, run_after=None
[2024-12-01T08:57:47.098+0000] {processor.py:208} INFO - Processing /home/airflow/.local/lib/python3.12/site-packages/airflow/example_dags/example_bash_decorator.py took 0.057 seconds
[2024-12-01T08:58:17.958+0000] {processor.py:186} INFO - Started process (PID=917) to work on /home/airflow/.local/lib/python3.12/site-packages/airflow/example_dags/example_bash_decorator.py
[2024-12-01T08:58:17.959+0000] {processor.py:914} INFO - Processing file /home/airflow/.local/lib/python3.12/site-packages/airflow/example_dags/example_bash_decorator.py for tasks to queue
[2024-12-01T08:58:17.960+0000] {logging_mixin.py:190} INFO - [2024-12-01T08:58:17.960+0000] {dagbag.py:588} INFO - Filling up the DagBag from /home/airflow/.local/lib/python3.12/site-packages/airflow/example_dags/example_bash_decorator.py
[2024-12-01T08:58:17.967+0000] {processor.py:925} INFO - DAG(s) 'example_bash_decorator' retrieved from /home/airflow/.local/lib/python3.12/site-packages/airflow/example_dags/example_bash_decorator.py
[2024-12-01T08:58:17.983+0000] {logging_mixin.py:190} INFO - [2024-12-01T08:58:17.983+0000] {dag.py:3239} INFO - Sync 1 DAGs
[2024-12-01T08:58:17.990+0000] {logging_mixin.py:190} INFO - [2024-12-01T08:58:17.990+0000] {dag.py:4180} INFO - Setting next_dagrun for example_bash_decorator to None, run_after=None
[2024-12-01T08:58:18.002+0000] {processor.py:208} INFO - Processing /home/airflow/.local/lib/python3.12/site-packages/airflow/example_dags/example_bash_decorator.py took 0.047 seconds
[2024-12-01T08:58:48.767+0000] {processor.py:186} INFO - Started process (PID=980) to work on /home/airflow/.local/lib/python3.12/site-packages/airflow/example_dags/example_bash_decorator.py
[2024-12-01T08:58:48.768+0000] {processor.py:914} INFO - Processing file /home/airflow/.local/lib/python3.12/site-packages/airflow/example_dags/example_bash_decorator.py for tasks to queue
[2024-12-01T08:58:48.769+0000] {logging_mixin.py:190} INFO - [2024-12-01T08:58:48.769+0000] {dagbag.py:588} INFO - Filling up the DagBag from /home/airflow/.local/lib/python3.12/site-packages/airflow/example_dags/example_bash_decorator.py
[2024-12-01T08:58:48.776+0000] {processor.py:925} INFO - DAG(s) 'example_bash_decorator' retrieved from /home/airflow/.local/lib/python3.12/site-packages/airflow/example_dags/example_bash_decorator.py
[2024-12-01T08:58:48.793+0000] {logging_mixin.py:190} INFO - [2024-12-01T08:58:48.792+0000] {dag.py:3239} INFO - Sync 1 DAGs
[2024-12-01T08:58:48.805+0000] {logging_mixin.py:190} INFO - [2024-12-01T08:58:48.805+0000] {dag.py:4180} INFO - Setting next_dagrun for example_bash_decorator to None, run_after=None
[2024-12-01T08:58:48.819+0000] {processor.py:208} INFO - Processing /home/airflow/.local/lib/python3.12/site-packages/airflow/example_dags/example_bash_decorator.py took 0.056 seconds
[2024-12-01T08:59:19.561+0000] {processor.py:186} INFO - Started process (PID=1043) to work on /home/airflow/.local/lib/python3.12/site-packages/airflow/example_dags/example_bash_decorator.py
[2024-12-01T08:59:19.561+0000] {processor.py:914} INFO - Processing file /home/airflow/.local/lib/python3.12/site-packages/airflow/example_dags/example_bash_decorator.py for tasks to queue
[2024-12-01T08:59:19.562+0000] {logging_mixin.py:190} INFO - [2024-12-01T08:59:19.562+0000] {dagbag.py:588} INFO - Filling up the DagBag from /home/airflow/.local/lib/python3.12/site-packages/airflow/example_dags/example_bash_decorator.py
[2024-12-01T08:59:19.570+0000] {processor.py:925} INFO - DAG(s) 'example_bash_decorator' retrieved from /home/airflow/.local/lib/python3.12/site-packages/airflow/example_dags/example_bash_decorator.py
[2024-12-01T08:59:19.586+0000] {logging_mixin.py:190} INFO - [2024-12-01T08:59:19.586+0000] {dag.py:3239} INFO - Sync 1 DAGs
[2024-12-01T08:59:19.598+0000] {logging_mixin.py:190} INFO - [2024-12-01T08:59:19.597+0000] {dag.py:4180} INFO - Setting next_dagrun for example_bash_decorator to None, run_after=None
[2024-12-01T08:59:19.608+0000] {processor.py:208} INFO - Processing /home/airflow/.local/lib/python3.12/site-packages/airflow/example_dags/example_bash_decorator.py took 0.051 seconds
[2024-12-01T08:59:50.403+0000] {processor.py:186} INFO - Started process (PID=1106) to work on /home/airflow/.local/lib/python3.12/site-packages/airflow/example_dags/example_bash_decorator.py
[2024-12-01T08:59:50.404+0000] {processor.py:914} INFO - Processing file /home/airflow/.local/lib/python3.12/site-packages/airflow/example_dags/example_bash_decorator.py for tasks to queue
[2024-12-01T08:59:50.405+0000] {logging_mixin.py:190} INFO - [2024-12-01T08:59:50.405+0000] {dagbag.py:588} INFO - Filling up the DagBag from /home/airflow/.local/lib/python3.12/site-packages/airflow/example_dags/example_bash_decorator.py
[2024-12-01T08:59:50.412+0000] {processor.py:925} INFO - DAG(s) 'example_bash_decorator' retrieved from /home/airflow/.local/lib/python3.12/site-packages/airflow/example_dags/example_bash_decorator.py
[2024-12-01T08:59:50.428+0000] {logging_mixin.py:190} INFO - [2024-12-01T08:59:50.428+0000] {dag.py:3239} INFO - Sync 1 DAGs
[2024-12-01T08:59:50.439+0000] {logging_mixin.py:190} INFO - [2024-12-01T08:59:50.439+0000] {dag.py:4180} INFO - Setting next_dagrun for example_bash_decorator to None, run_after=None
[2024-12-01T08:59:50.451+0000] {processor.py:208} INFO - Processing /home/airflow/.local/lib/python3.12/site-packages/airflow/example_dags/example_bash_decorator.py took 0.051 seconds
[2024-12-01T09:00:21.252+0000] {processor.py:186} INFO - Started process (PID=1169) to work on /home/airflow/.local/lib/python3.12/site-packages/airflow/example_dags/example_bash_decorator.py
[2024-12-01T09:00:21.253+0000] {processor.py:914} INFO - Processing file /home/airflow/.local/lib/python3.12/site-packages/airflow/example_dags/example_bash_decorator.py for tasks to queue
[2024-12-01T09:00:21.254+0000] {logging_mixin.py:190} INFO - [2024-12-01T09:00:21.254+0000] {dagbag.py:588} INFO - Filling up the DagBag from /home/airflow/.local/lib/python3.12/site-packages/airflow/example_dags/example_bash_decorator.py
[2024-12-01T09:00:21.261+0000] {processor.py:925} INFO - DAG(s) 'example_bash_decorator' retrieved from /home/airflow/.local/lib/python3.12/site-packages/airflow/example_dags/example_bash_decorator.py
[2024-12-01T09:00:21.273+0000] {logging_mixin.py:190} INFO - [2024-12-01T09:00:21.273+0000] {dag.py:3239} INFO - Sync 1 DAGs
[2024-12-01T09:00:21.280+0000] {logging_mixin.py:190} INFO - [2024-12-01T09:00:21.280+0000] {dag.py:4180} INFO - Setting next_dagrun for example_bash_decorator to None, run_after=None
[2024-12-01T09:00:21.289+0000] {processor.py:208} INFO - Processing /home/airflow/.local/lib/python3.12/site-packages/airflow/example_dags/example_bash_decorator.py took 0.039 seconds
[2024-12-01T09:00:51.916+0000] {processor.py:186} INFO - Started process (PID=1232) to work on /home/airflow/.local/lib/python3.12/site-packages/airflow/example_dags/example_bash_decorator.py
[2024-12-01T09:00:51.917+0000] {processor.py:914} INFO - Processing file /home/airflow/.local/lib/python3.12/site-packages/airflow/example_dags/example_bash_decorator.py for tasks to queue
[2024-12-01T09:00:51.919+0000] {logging_mixin.py:190} INFO - [2024-12-01T09:00:51.918+0000] {dagbag.py:588} INFO - Filling up the DagBag from /home/airflow/.local/lib/python3.12/site-packages/airflow/example_dags/example_bash_decorator.py
[2024-12-01T09:00:51.928+0000] {processor.py:925} INFO - DAG(s) 'example_bash_decorator' retrieved from /home/airflow/.local/lib/python3.12/site-packages/airflow/example_dags/example_bash_decorator.py
[2024-12-01T09:00:51.946+0000] {logging_mixin.py:190} INFO - [2024-12-01T09:00:51.946+0000] {dag.py:3239} INFO - Sync 1 DAGs
[2024-12-01T09:00:51.960+0000] {logging_mixin.py:190} INFO - [2024-12-01T09:00:51.960+0000] {dag.py:4180} INFO - Setting next_dagrun for example_bash_decorator to None, run_after=None
[2024-12-01T09:00:51.976+0000] {processor.py:208} INFO - Processing /home/airflow/.local/lib/python3.12/site-packages/airflow/example_dags/example_bash_decorator.py took 0.064 seconds
[2024-12-01T09:01:22.190+0000] {processor.py:186} INFO - Started process (PID=1295) to work on /home/airflow/.local/lib/python3.12/site-packages/airflow/example_dags/example_bash_decorator.py
[2024-12-01T09:01:22.190+0000] {processor.py:914} INFO - Processing file /home/airflow/.local/lib/python3.12/site-packages/airflow/example_dags/example_bash_decorator.py for tasks to queue
[2024-12-01T09:01:22.191+0000] {logging_mixin.py:190} INFO - [2024-12-01T09:01:22.191+0000] {dagbag.py:588} INFO - Filling up the DagBag from /home/airflow/.local/lib/python3.12/site-packages/airflow/example_dags/example_bash_decorator.py
[2024-12-01T09:01:22.199+0000] {processor.py:925} INFO - DAG(s) 'example_bash_decorator' retrieved from /home/airflow/.local/lib/python3.12/site-packages/airflow/example_dags/example_bash_decorator.py
[2024-12-01T09:01:22.214+0000] {logging_mixin.py:190} INFO - [2024-12-01T09:01:22.214+0000] {dag.py:3239} INFO - Sync 1 DAGs
[2024-12-01T09:01:22.221+0000] {logging_mixin.py:190} INFO - [2024-12-01T09:01:22.221+0000] {dag.py:4180} INFO - Setting next_dagrun for example_bash_decorator to None, run_after=None
[2024-12-01T09:01:22.231+0000] {processor.py:208} INFO - Processing /home/airflow/.local/lib/python3.12/site-packages/airflow/example_dags/example_bash_decorator.py took 0.044 seconds
[2024-12-01T09:01:52.625+0000] {processor.py:186} INFO - Started process (PID=1359) to work on /home/airflow/.local/lib/python3.12/site-packages/airflow/example_dags/example_bash_decorator.py
[2024-12-01T09:01:52.625+0000] {processor.py:914} INFO - Processing file /home/airflow/.local/lib/python3.12/site-packages/airflow/example_dags/example_bash_decorator.py for tasks to queue
[2024-12-01T09:01:52.627+0000] {logging_mixin.py:190} INFO - [2024-12-01T09:01:52.627+0000] {dagbag.py:588} INFO - Filling up the DagBag from /home/airflow/.local/lib/python3.12/site-packages/airflow/example_dags/example_bash_decorator.py
[2024-12-01T09:01:52.638+0000] {processor.py:925} INFO - DAG(s) 'example_bash_decorator' retrieved from /home/airflow/.local/lib/python3.12/site-packages/airflow/example_dags/example_bash_decorator.py
[2024-12-01T09:01:52.654+0000] {logging_mixin.py:190} INFO - [2024-12-01T09:01:52.654+0000] {dag.py:3239} INFO - Sync 1 DAGs
[2024-12-01T09:01:52.662+0000] {logging_mixin.py:190} INFO - [2024-12-01T09:01:52.662+0000] {dag.py:4180} INFO - Setting next_dagrun for example_bash_decorator to None, run_after=None
[2024-12-01T09:01:52.673+0000] {processor.py:208} INFO - Processing /home/airflow/.local/lib/python3.12/site-packages/airflow/example_dags/example_bash_decorator.py took 0.052 seconds
[2024-12-01T09:02:22.752+0000] {processor.py:186} INFO - Started process (PID=1422) to work on /home/airflow/.local/lib/python3.12/site-packages/airflow/example_dags/example_bash_decorator.py
[2024-12-01T09:02:22.752+0000] {processor.py:914} INFO - Processing file /home/airflow/.local/lib/python3.12/site-packages/airflow/example_dags/example_bash_decorator.py for tasks to queue
[2024-12-01T09:02:22.754+0000] {logging_mixin.py:190} INFO - [2024-12-01T09:02:22.753+0000] {dagbag.py:588} INFO - Filling up the DagBag from /home/airflow/.local/lib/python3.12/site-packages/airflow/example_dags/example_bash_decorator.py
[2024-12-01T09:02:22.761+0000] {processor.py:925} INFO - DAG(s) 'example_bash_decorator' retrieved from /home/airflow/.local/lib/python3.12/site-packages/airflow/example_dags/example_bash_decorator.py
[2024-12-01T09:02:22.773+0000] {logging_mixin.py:190} INFO - [2024-12-01T09:02:22.773+0000] {dag.py:3239} INFO - Sync 1 DAGs
[2024-12-01T09:02:22.781+0000] {logging_mixin.py:190} INFO - [2024-12-01T09:02:22.781+0000] {dag.py:4180} INFO - Setting next_dagrun for example_bash_decorator to None, run_after=None
[2024-12-01T09:02:22.790+0000] {processor.py:208} INFO - Processing /home/airflow/.local/lib/python3.12/site-packages/airflow/example_dags/example_bash_decorator.py took 0.042 seconds
[2024-12-01T09:02:53.680+0000] {processor.py:186} INFO - Started process (PID=1485) to work on /home/airflow/.local/lib/python3.12/site-packages/airflow/example_dags/example_bash_decorator.py
[2024-12-01T09:02:53.680+0000] {processor.py:914} INFO - Processing file /home/airflow/.local/lib/python3.12/site-packages/airflow/example_dags/example_bash_decorator.py for tasks to queue
[2024-12-01T09:02:53.682+0000] {logging_mixin.py:190} INFO - [2024-12-01T09:02:53.682+0000] {dagbag.py:588} INFO - Filling up the DagBag from /home/airflow/.local/lib/python3.12/site-packages/airflow/example_dags/example_bash_decorator.py
[2024-12-01T09:02:53.690+0000] {processor.py:925} INFO - DAG(s) 'example_bash_decorator' retrieved from /home/airflow/.local/lib/python3.12/site-packages/airflow/example_dags/example_bash_decorator.py
[2024-12-01T09:02:53.709+0000] {logging_mixin.py:190} INFO - [2024-12-01T09:02:53.709+0000] {dag.py:3239} INFO - Sync 1 DAGs
[2024-12-01T09:02:53.718+0000] {logging_mixin.py:190} INFO - [2024-12-01T09:02:53.718+0000] {dag.py:4180} INFO - Setting next_dagrun for example_bash_decorator to None, run_after=None
[2024-12-01T09:02:53.733+0000] {processor.py:208} INFO - Processing /home/airflow/.local/lib/python3.12/site-packages/airflow/example_dags/example_bash_decorator.py took 0.056 seconds
[2024-12-01T09:03:24.308+0000] {processor.py:186} INFO - Started process (PID=1548) to work on /home/airflow/.local/lib/python3.12/site-packages/airflow/example_dags/example_bash_decorator.py
[2024-12-01T09:03:24.308+0000] {processor.py:914} INFO - Processing file /home/airflow/.local/lib/python3.12/site-packages/airflow/example_dags/example_bash_decorator.py for tasks to queue
[2024-12-01T09:03:24.310+0000] {logging_mixin.py:190} INFO - [2024-12-01T09:03:24.309+0000] {dagbag.py:588} INFO - Filling up the DagBag from /home/airflow/.local/lib/python3.12/site-packages/airflow/example_dags/example_bash_decorator.py
[2024-12-01T09:03:24.318+0000] {processor.py:925} INFO - DAG(s) 'example_bash_decorator' retrieved from /home/airflow/.local/lib/python3.12/site-packages/airflow/example_dags/example_bash_decorator.py
[2024-12-01T09:03:24.334+0000] {logging_mixin.py:190} INFO - [2024-12-01T09:03:24.334+0000] {dag.py:3239} INFO - Sync 1 DAGs
[2024-12-01T09:03:24.342+0000] {logging_mixin.py:190} INFO - [2024-12-01T09:03:24.342+0000] {dag.py:4180} INFO - Setting next_dagrun for example_bash_decorator to None, run_after=None
[2024-12-01T09:03:24.353+0000] {processor.py:208} INFO - Processing /home/airflow/.local/lib/python3.12/site-packages/airflow/example_dags/example_bash_decorator.py took 0.049 seconds
[2024-12-01T09:03:54.628+0000] {processor.py:186} INFO - Started process (PID=1611) to work on /home/airflow/.local/lib/python3.12/site-packages/airflow/example_dags/example_bash_decorator.py
[2024-12-01T09:03:54.628+0000] {processor.py:914} INFO - Processing file /home/airflow/.local/lib/python3.12/site-packages/airflow/example_dags/example_bash_decorator.py for tasks to queue
[2024-12-01T09:03:54.630+0000] {logging_mixin.py:190} INFO - [2024-12-01T09:03:54.629+0000] {dagbag.py:588} INFO - Filling up the DagBag from /home/airflow/.local/lib/python3.12/site-packages/airflow/example_dags/example_bash_decorator.py
[2024-12-01T09:03:54.637+0000] {processor.py:925} INFO - DAG(s) 'example_bash_decorator' retrieved from /home/airflow/.local/lib/python3.12/site-packages/airflow/example_dags/example_bash_decorator.py
[2024-12-01T09:03:54.654+0000] {logging_mixin.py:190} INFO - [2024-12-01T09:03:54.654+0000] {dag.py:3239} INFO - Sync 1 DAGs
[2024-12-01T09:03:54.664+0000] {logging_mixin.py:190} INFO - [2024-12-01T09:03:54.664+0000] {dag.py:4180} INFO - Setting next_dagrun for example_bash_decorator to None, run_after=None
[2024-12-01T09:03:54.677+0000] {processor.py:208} INFO - Processing /home/airflow/.local/lib/python3.12/site-packages/airflow/example_dags/example_bash_decorator.py took 0.053 seconds
[2024-12-01T09:04:24.837+0000] {processor.py:186} INFO - Started process (PID=1674) to work on /home/airflow/.local/lib/python3.12/site-packages/airflow/example_dags/example_bash_decorator.py
[2024-12-01T09:04:24.838+0000] {processor.py:914} INFO - Processing file /home/airflow/.local/lib/python3.12/site-packages/airflow/example_dags/example_bash_decorator.py for tasks to queue
[2024-12-01T09:04:24.840+0000] {logging_mixin.py:190} INFO - [2024-12-01T09:04:24.840+0000] {dagbag.py:588} INFO - Filling up the DagBag from /home/airflow/.local/lib/python3.12/site-packages/airflow/example_dags/example_bash_decorator.py
[2024-12-01T09:04:24.850+0000] {processor.py:925} INFO - DAG(s) 'example_bash_decorator' retrieved from /home/airflow/.local/lib/python3.12/site-packages/airflow/example_dags/example_bash_decorator.py
[2024-12-01T09:04:24.872+0000] {logging_mixin.py:190} INFO - [2024-12-01T09:04:24.872+0000] {dag.py:3239} INFO - Sync 1 DAGs
[2024-12-01T09:04:24.884+0000] {logging_mixin.py:190} INFO - [2024-12-01T09:04:24.884+0000] {dag.py:4180} INFO - Setting next_dagrun for example_bash_decorator to None, run_after=None
[2024-12-01T09:04:24.898+0000] {processor.py:208} INFO - Processing /home/airflow/.local/lib/python3.12/site-packages/airflow/example_dags/example_bash_decorator.py took 0.065 seconds
[2024-12-01T09:04:55.337+0000] {processor.py:186} INFO - Started process (PID=1737) to work on /home/airflow/.local/lib/python3.12/site-packages/airflow/example_dags/example_bash_decorator.py
[2024-12-01T09:04:55.338+0000] {processor.py:914} INFO - Processing file /home/airflow/.local/lib/python3.12/site-packages/airflow/example_dags/example_bash_decorator.py for tasks to queue
[2024-12-01T09:04:55.340+0000] {logging_mixin.py:190} INFO - [2024-12-01T09:04:55.339+0000] {dagbag.py:588} INFO - Filling up the DagBag from /home/airflow/.local/lib/python3.12/site-packages/airflow/example_dags/example_bash_decorator.py
[2024-12-01T09:04:55.348+0000] {processor.py:925} INFO - DAG(s) 'example_bash_decorator' retrieved from /home/airflow/.local/lib/python3.12/site-packages/airflow/example_dags/example_bash_decorator.py
[2024-12-01T09:04:55.364+0000] {logging_mixin.py:190} INFO - [2024-12-01T09:04:55.364+0000] {dag.py:3239} INFO - Sync 1 DAGs
[2024-12-01T09:04:55.373+0000] {logging_mixin.py:190} INFO - [2024-12-01T09:04:55.372+0000] {dag.py:4180} INFO - Setting next_dagrun for example_bash_decorator to None, run_after=None
[2024-12-01T09:04:55.387+0000] {processor.py:208} INFO - Processing /home/airflow/.local/lib/python3.12/site-packages/airflow/example_dags/example_bash_decorator.py took 0.054 seconds
[2024-12-01T09:05:26.081+0000] {processor.py:186} INFO - Started process (PID=1800) to work on /home/airflow/.local/lib/python3.12/site-packages/airflow/example_dags/example_bash_decorator.py
[2024-12-01T09:05:26.082+0000] {processor.py:914} INFO - Processing file /home/airflow/.local/lib/python3.12/site-packages/airflow/example_dags/example_bash_decorator.py for tasks to queue
[2024-12-01T09:05:26.083+0000] {logging_mixin.py:190} INFO - [2024-12-01T09:05:26.083+0000] {dagbag.py:588} INFO - Filling up the DagBag from /home/airflow/.local/lib/python3.12/site-packages/airflow/example_dags/example_bash_decorator.py
[2024-12-01T09:05:26.090+0000] {processor.py:925} INFO - DAG(s) 'example_bash_decorator' retrieved from /home/airflow/.local/lib/python3.12/site-packages/airflow/example_dags/example_bash_decorator.py
[2024-12-01T09:05:26.103+0000] {logging_mixin.py:190} INFO - [2024-12-01T09:05:26.103+0000] {dag.py:3239} INFO - Sync 1 DAGs
[2024-12-01T09:05:26.111+0000] {logging_mixin.py:190} INFO - [2024-12-01T09:05:26.111+0000] {dag.py:4180} INFO - Setting next_dagrun for example_bash_decorator to None, run_after=None
[2024-12-01T09:05:26.120+0000] {processor.py:208} INFO - Processing /home/airflow/.local/lib/python3.12/site-packages/airflow/example_dags/example_bash_decorator.py took 0.043 seconds
[2024-12-01T09:05:56.486+0000] {processor.py:186} INFO - Started process (PID=1863) to work on /home/airflow/.local/lib/python3.12/site-packages/airflow/example_dags/example_bash_decorator.py
[2024-12-01T09:05:56.486+0000] {processor.py:914} INFO - Processing file /home/airflow/.local/lib/python3.12/site-packages/airflow/example_dags/example_bash_decorator.py for tasks to queue
[2024-12-01T09:05:56.488+0000] {logging_mixin.py:190} INFO - [2024-12-01T09:05:56.488+0000] {dagbag.py:588} INFO - Filling up the DagBag from /home/airflow/.local/lib/python3.12/site-packages/airflow/example_dags/example_bash_decorator.py
[2024-12-01T09:05:56.497+0000] {processor.py:925} INFO - DAG(s) 'example_bash_decorator' retrieved from /home/airflow/.local/lib/python3.12/site-packages/airflow/example_dags/example_bash_decorator.py
[2024-12-01T09:05:56.513+0000] {logging_mixin.py:190} INFO - [2024-12-01T09:05:56.512+0000] {dag.py:3239} INFO - Sync 1 DAGs
[2024-12-01T09:05:56.521+0000] {logging_mixin.py:190} INFO - [2024-12-01T09:05:56.521+0000] {dag.py:4180} INFO - Setting next_dagrun for example_bash_decorator to None, run_after=None
[2024-12-01T09:05:56.532+0000] {processor.py:208} INFO - Processing /home/airflow/.local/lib/python3.12/site-packages/airflow/example_dags/example_bash_decorator.py took 0.051 seconds
[2024-12-01T09:06:27.096+0000] {processor.py:186} INFO - Started process (PID=1926) to work on /home/airflow/.local/lib/python3.12/site-packages/airflow/example_dags/example_bash_decorator.py
[2024-12-01T09:06:27.097+0000] {processor.py:914} INFO - Processing file /home/airflow/.local/lib/python3.12/site-packages/airflow/example_dags/example_bash_decorator.py for tasks to queue
[2024-12-01T09:06:27.098+0000] {logging_mixin.py:190} INFO - [2024-12-01T09:06:27.098+0000] {dagbag.py:588} INFO - Filling up the DagBag from /home/airflow/.local/lib/python3.12/site-packages/airflow/example_dags/example_bash_decorator.py
[2024-12-01T09:06:27.111+0000] {processor.py:925} INFO - DAG(s) 'example_bash_decorator' retrieved from /home/airflow/.local/lib/python3.12/site-packages/airflow/example_dags/example_bash_decorator.py
[2024-12-01T09:06:27.129+0000] {logging_mixin.py:190} INFO - [2024-12-01T09:06:27.129+0000] {dag.py:3239} INFO - Sync 1 DAGs
[2024-12-01T09:06:27.140+0000] {logging_mixin.py:190} INFO - [2024-12-01T09:06:27.140+0000] {dag.py:4180} INFO - Setting next_dagrun for example_bash_decorator to None, run_after=None
[2024-12-01T09:06:27.153+0000] {processor.py:208} INFO - Processing /home/airflow/.local/lib/python3.12/site-packages/airflow/example_dags/example_bash_decorator.py took 0.061 seconds
[2024-12-01T09:06:57.664+0000] {processor.py:186} INFO - Started process (PID=1989) to work on /home/airflow/.local/lib/python3.12/site-packages/airflow/example_dags/example_bash_decorator.py
[2024-12-01T09:06:57.664+0000] {processor.py:914} INFO - Processing file /home/airflow/.local/lib/python3.12/site-packages/airflow/example_dags/example_bash_decorator.py for tasks to queue
[2024-12-01T09:06:57.665+0000] {logging_mixin.py:190} INFO - [2024-12-01T09:06:57.665+0000] {dagbag.py:588} INFO - Filling up the DagBag from /home/airflow/.local/lib/python3.12/site-packages/airflow/example_dags/example_bash_decorator.py
[2024-12-01T09:06:57.673+0000] {processor.py:925} INFO - DAG(s) 'example_bash_decorator' retrieved from /home/airflow/.local/lib/python3.12/site-packages/airflow/example_dags/example_bash_decorator.py
[2024-12-01T09:06:57.689+0000] {logging_mixin.py:190} INFO - [2024-12-01T09:06:57.689+0000] {dag.py:3239} INFO - Sync 1 DAGs
[2024-12-01T09:06:57.701+0000] {logging_mixin.py:190} INFO - [2024-12-01T09:06:57.700+0000] {dag.py:4180} INFO - Setting next_dagrun for example_bash_decorator to None, run_after=None
[2024-12-01T09:06:57.715+0000] {processor.py:208} INFO - Processing /home/airflow/.local/lib/python3.12/site-packages/airflow/example_dags/example_bash_decorator.py took 0.054 seconds
[2024-12-01T09:07:27.906+0000] {processor.py:186} INFO - Started process (PID=2052) to work on /home/airflow/.local/lib/python3.12/site-packages/airflow/example_dags/example_bash_decorator.py
[2024-12-01T09:07:27.907+0000] {processor.py:914} INFO - Processing file /home/airflow/.local/lib/python3.12/site-packages/airflow/example_dags/example_bash_decorator.py for tasks to queue
[2024-12-01T09:07:27.908+0000] {logging_mixin.py:190} INFO - [2024-12-01T09:07:27.908+0000] {dagbag.py:588} INFO - Filling up the DagBag from /home/airflow/.local/lib/python3.12/site-packages/airflow/example_dags/example_bash_decorator.py
[2024-12-01T09:07:27.916+0000] {processor.py:925} INFO - DAG(s) 'example_bash_decorator' retrieved from /home/airflow/.local/lib/python3.12/site-packages/airflow/example_dags/example_bash_decorator.py
[2024-12-01T09:07:27.935+0000] {logging_mixin.py:190} INFO - [2024-12-01T09:07:27.935+0000] {dag.py:3239} INFO - Sync 1 DAGs
[2024-12-01T09:07:27.944+0000] {logging_mixin.py:190} INFO - [2024-12-01T09:07:27.944+0000] {dag.py:4180} INFO - Setting next_dagrun for example_bash_decorator to None, run_after=None
[2024-12-01T09:07:27.959+0000] {processor.py:208} INFO - Processing /home/airflow/.local/lib/python3.12/site-packages/airflow/example_dags/example_bash_decorator.py took 0.057 seconds
[2024-12-01T09:07:58.531+0000] {processor.py:186} INFO - Started process (PID=2115) to work on /home/airflow/.local/lib/python3.12/site-packages/airflow/example_dags/example_bash_decorator.py
[2024-12-01T09:07:58.532+0000] {processor.py:914} INFO - Processing file /home/airflow/.local/lib/python3.12/site-packages/airflow/example_dags/example_bash_decorator.py for tasks to queue
[2024-12-01T09:07:58.533+0000] {logging_mixin.py:190} INFO - [2024-12-01T09:07:58.533+0000] {dagbag.py:588} INFO - Filling up the DagBag from /home/airflow/.local/lib/python3.12/site-packages/airflow/example_dags/example_bash_decorator.py
[2024-12-01T09:07:58.545+0000] {processor.py:925} INFO - DAG(s) 'example_bash_decorator' retrieved from /home/airflow/.local/lib/python3.12/site-packages/airflow/example_dags/example_bash_decorator.py
[2024-12-01T09:07:58.562+0000] {logging_mixin.py:190} INFO - [2024-12-01T09:07:58.562+0000] {dag.py:3239} INFO - Sync 1 DAGs
[2024-12-01T09:07:58.570+0000] {logging_mixin.py:190} INFO - [2024-12-01T09:07:58.570+0000] {dag.py:4180} INFO - Setting next_dagrun for example_bash_decorator to None, run_after=None
[2024-12-01T09:07:58.581+0000] {processor.py:208} INFO - Processing /home/airflow/.local/lib/python3.12/site-packages/airflow/example_dags/example_bash_decorator.py took 0.055 seconds
[2024-12-01T09:08:29.107+0000] {processor.py:186} INFO - Started process (PID=2178) to work on /home/airflow/.local/lib/python3.12/site-packages/airflow/example_dags/example_bash_decorator.py
[2024-12-01T09:08:29.107+0000] {processor.py:914} INFO - Processing file /home/airflow/.local/lib/python3.12/site-packages/airflow/example_dags/example_bash_decorator.py for tasks to queue
[2024-12-01T09:08:29.108+0000] {logging_mixin.py:190} INFO - [2024-12-01T09:08:29.108+0000] {dagbag.py:588} INFO - Filling up the DagBag from /home/airflow/.local/lib/python3.12/site-packages/airflow/example_dags/example_bash_decorator.py
[2024-12-01T09:08:29.116+0000] {processor.py:925} INFO - DAG(s) 'example_bash_decorator' retrieved from /home/airflow/.local/lib/python3.12/site-packages/airflow/example_dags/example_bash_decorator.py
[2024-12-01T09:08:29.130+0000] {logging_mixin.py:190} INFO - [2024-12-01T09:08:29.130+0000] {dag.py:3239} INFO - Sync 1 DAGs
[2024-12-01T09:08:29.138+0000] {logging_mixin.py:190} INFO - [2024-12-01T09:08:29.138+0000] {dag.py:4180} INFO - Setting next_dagrun for example_bash_decorator to None, run_after=None
[2024-12-01T09:08:29.148+0000] {processor.py:208} INFO - Processing /home/airflow/.local/lib/python3.12/site-packages/airflow/example_dags/example_bash_decorator.py took 0.044 seconds
[2024-12-01T09:09:00.063+0000] {processor.py:186} INFO - Started process (PID=2241) to work on /home/airflow/.local/lib/python3.12/site-packages/airflow/example_dags/example_bash_decorator.py
[2024-12-01T09:09:00.064+0000] {processor.py:914} INFO - Processing file /home/airflow/.local/lib/python3.12/site-packages/airflow/example_dags/example_bash_decorator.py for tasks to queue
[2024-12-01T09:09:00.065+0000] {logging_mixin.py:190} INFO - [2024-12-01T09:09:00.065+0000] {dagbag.py:588} INFO - Filling up the DagBag from /home/airflow/.local/lib/python3.12/site-packages/airflow/example_dags/example_bash_decorator.py
[2024-12-01T09:09:00.073+0000] {processor.py:925} INFO - DAG(s) 'example_bash_decorator' retrieved from /home/airflow/.local/lib/python3.12/site-packages/airflow/example_dags/example_bash_decorator.py
[2024-12-01T09:09:00.091+0000] {logging_mixin.py:190} INFO - [2024-12-01T09:09:00.091+0000] {dag.py:3239} INFO - Sync 1 DAGs
[2024-12-01T09:09:00.100+0000] {logging_mixin.py:190} INFO - [2024-12-01T09:09:00.099+0000] {dag.py:4180} INFO - Setting next_dagrun for example_bash_decorator to None, run_after=None
[2024-12-01T09:09:00.115+0000] {processor.py:208} INFO - Processing /home/airflow/.local/lib/python3.12/site-packages/airflow/example_dags/example_bash_decorator.py took 0.055 seconds
[2024-12-01T09:09:30.410+0000] {processor.py:186} INFO - Started process (PID=2303) to work on /home/airflow/.local/lib/python3.12/site-packages/airflow/example_dags/example_bash_decorator.py
[2024-12-01T09:09:30.410+0000] {processor.py:914} INFO - Processing file /home/airflow/.local/lib/python3.12/site-packages/airflow/example_dags/example_bash_decorator.py for tasks to queue
[2024-12-01T09:09:30.412+0000] {logging_mixin.py:190} INFO - [2024-12-01T09:09:30.411+0000] {dagbag.py:588} INFO - Filling up the DagBag from /home/airflow/.local/lib/python3.12/site-packages/airflow/example_dags/example_bash_decorator.py
[2024-12-01T09:09:30.419+0000] {processor.py:925} INFO - DAG(s) 'example_bash_decorator' retrieved from /home/airflow/.local/lib/python3.12/site-packages/airflow/example_dags/example_bash_decorator.py
[2024-12-01T09:09:30.436+0000] {logging_mixin.py:190} INFO - [2024-12-01T09:09:30.436+0000] {dag.py:3239} INFO - Sync 1 DAGs
[2024-12-01T09:09:30.447+0000] {logging_mixin.py:190} INFO - [2024-12-01T09:09:30.447+0000] {dag.py:4180} INFO - Setting next_dagrun for example_bash_decorator to None, run_after=None
[2024-12-01T09:09:30.459+0000] {processor.py:208} INFO - Processing /home/airflow/.local/lib/python3.12/site-packages/airflow/example_dags/example_bash_decorator.py took 0.052 seconds
[2024-12-01T09:10:00.567+0000] {processor.py:186} INFO - Started process (PID=2366) to work on /home/airflow/.local/lib/python3.12/site-packages/airflow/example_dags/example_bash_decorator.py
[2024-12-01T09:10:00.568+0000] {processor.py:914} INFO - Processing file /home/airflow/.local/lib/python3.12/site-packages/airflow/example_dags/example_bash_decorator.py for tasks to queue
[2024-12-01T09:10:00.569+0000] {logging_mixin.py:190} INFO - [2024-12-01T09:10:00.568+0000] {dagbag.py:588} INFO - Filling up the DagBag from /home/airflow/.local/lib/python3.12/site-packages/airflow/example_dags/example_bash_decorator.py
[2024-12-01T09:10:00.576+0000] {processor.py:925} INFO - DAG(s) 'example_bash_decorator' retrieved from /home/airflow/.local/lib/python3.12/site-packages/airflow/example_dags/example_bash_decorator.py
[2024-12-01T09:10:00.592+0000] {logging_mixin.py:190} INFO - [2024-12-01T09:10:00.592+0000] {dag.py:3239} INFO - Sync 1 DAGs
[2024-12-01T09:10:00.605+0000] {logging_mixin.py:190} INFO - [2024-12-01T09:10:00.605+0000] {dag.py:4180} INFO - Setting next_dagrun for example_bash_decorator to None, run_after=None
[2024-12-01T09:10:00.620+0000] {processor.py:208} INFO - Processing /home/airflow/.local/lib/python3.12/site-packages/airflow/example_dags/example_bash_decorator.py took 0.056 seconds
[2024-12-01T09:10:31.158+0000] {processor.py:186} INFO - Started process (PID=2429) to work on /home/airflow/.local/lib/python3.12/site-packages/airflow/example_dags/example_bash_decorator.py
[2024-12-01T09:10:31.159+0000] {processor.py:914} INFO - Processing file /home/airflow/.local/lib/python3.12/site-packages/airflow/example_dags/example_bash_decorator.py for tasks to queue
[2024-12-01T09:10:31.160+0000] {logging_mixin.py:190} INFO - [2024-12-01T09:10:31.160+0000] {dagbag.py:588} INFO - Filling up the DagBag from /home/airflow/.local/lib/python3.12/site-packages/airflow/example_dags/example_bash_decorator.py
[2024-12-01T09:10:31.171+0000] {processor.py:925} INFO - DAG(s) 'example_bash_decorator' retrieved from /home/airflow/.local/lib/python3.12/site-packages/airflow/example_dags/example_bash_decorator.py
[2024-12-01T09:10:31.188+0000] {logging_mixin.py:190} INFO - [2024-12-01T09:10:31.188+0000] {dag.py:3239} INFO - Sync 1 DAGs
[2024-12-01T09:10:31.196+0000] {logging_mixin.py:190} INFO - [2024-12-01T09:10:31.196+0000] {dag.py:4180} INFO - Setting next_dagrun for example_bash_decorator to None, run_after=None
[2024-12-01T09:10:31.207+0000] {processor.py:208} INFO - Processing /home/airflow/.local/lib/python3.12/site-packages/airflow/example_dags/example_bash_decorator.py took 0.053 seconds
[2024-12-01T09:11:01.375+0000] {processor.py:186} INFO - Started process (PID=2492) to work on /home/airflow/.local/lib/python3.12/site-packages/airflow/example_dags/example_bash_decorator.py
[2024-12-01T09:11:01.376+0000] {processor.py:914} INFO - Processing file /home/airflow/.local/lib/python3.12/site-packages/airflow/example_dags/example_bash_decorator.py for tasks to queue
[2024-12-01T09:11:01.378+0000] {logging_mixin.py:190} INFO - [2024-12-01T09:11:01.377+0000] {dagbag.py:588} INFO - Filling up the DagBag from /home/airflow/.local/lib/python3.12/site-packages/airflow/example_dags/example_bash_decorator.py
[2024-12-01T09:11:01.386+0000] {processor.py:925} INFO - DAG(s) 'example_bash_decorator' retrieved from /home/airflow/.local/lib/python3.12/site-packages/airflow/example_dags/example_bash_decorator.py
[2024-12-01T09:11:01.404+0000] {logging_mixin.py:190} INFO - [2024-12-01T09:11:01.404+0000] {dag.py:3239} INFO - Sync 1 DAGs
[2024-12-01T09:11:01.414+0000] {logging_mixin.py:190} INFO - [2024-12-01T09:11:01.414+0000] {dag.py:4180} INFO - Setting next_dagrun for example_bash_decorator to None, run_after=None
[2024-12-01T09:11:01.427+0000] {processor.py:208} INFO - Processing /home/airflow/.local/lib/python3.12/site-packages/airflow/example_dags/example_bash_decorator.py took 0.055 seconds
[2024-12-01T09:11:31.799+0000] {processor.py:186} INFO - Started process (PID=2555) to work on /home/airflow/.local/lib/python3.12/site-packages/airflow/example_dags/example_bash_decorator.py
[2024-12-01T09:11:31.800+0000] {processor.py:914} INFO - Processing file /home/airflow/.local/lib/python3.12/site-packages/airflow/example_dags/example_bash_decorator.py for tasks to queue
[2024-12-01T09:11:31.801+0000] {logging_mixin.py:190} INFO - [2024-12-01T09:11:31.801+0000] {dagbag.py:588} INFO - Filling up the DagBag from /home/airflow/.local/lib/python3.12/site-packages/airflow/example_dags/example_bash_decorator.py
[2024-12-01T09:11:31.811+0000] {processor.py:925} INFO - DAG(s) 'example_bash_decorator' retrieved from /home/airflow/.local/lib/python3.12/site-packages/airflow/example_dags/example_bash_decorator.py
[2024-12-01T09:11:31.833+0000] {logging_mixin.py:190} INFO - [2024-12-01T09:11:31.833+0000] {dag.py:3239} INFO - Sync 1 DAGs
[2024-12-01T09:11:31.847+0000] {logging_mixin.py:190} INFO - [2024-12-01T09:11:31.847+0000] {dag.py:4180} INFO - Setting next_dagrun for example_bash_decorator to None, run_after=None
[2024-12-01T09:11:31.864+0000] {processor.py:208} INFO - Processing /home/airflow/.local/lib/python3.12/site-packages/airflow/example_dags/example_bash_decorator.py took 0.068 seconds
