[2024-12-01T08:51:42.758+0000] {processor.py:186} INFO - Started process (PID=114) to work on /home/airflow/.local/lib/python3.12/site-packages/airflow/example_dags/tutorial_dag.py
[2024-12-01T08:51:42.759+0000] {processor.py:914} INFO - Processing file /home/airflow/.local/lib/python3.12/site-packages/airflow/example_dags/tutorial_dag.py for tasks to queue
[2024-12-01T08:51:42.760+0000] {logging_mixin.py:190} INFO - [2024-12-01T08:51:42.760+0000] {dagbag.py:588} INFO - Filling up the DagBag from /home/airflow/.local/lib/python3.12/site-packages/airflow/example_dags/tutorial_dag.py
[2024-12-01T08:51:42.766+0000] {processor.py:925} INFO - DAG(s) 'tutorial_dag' retrieved from /home/airflow/.local/lib/python3.12/site-packages/airflow/example_dags/tutorial_dag.py
[2024-12-01T08:51:42.848+0000] {logging_mixin.py:190} INFO - [2024-12-01T08:51:42.848+0000] {override.py:1911} INFO - Created Permission View: can edit on DAG:tutorial_dag
[2024-12-01T08:51:42.856+0000] {logging_mixin.py:190} INFO - [2024-12-01T08:51:42.856+0000] {override.py:1911} INFO - Created Permission View: can read on DAG:tutorial_dag
[2024-12-01T08:51:42.862+0000] {logging_mixin.py:190} INFO - [2024-12-01T08:51:42.861+0000] {override.py:1911} INFO - Created Permission View: can delete on DAG:tutorial_dag
[2024-12-01T08:51:42.866+0000] {logging_mixin.py:190} INFO - [2024-12-01T08:51:42.866+0000] {override.py:1911} INFO - Created Permission View: can create on DAG Run:tutorial_dag
[2024-12-01T08:51:42.869+0000] {logging_mixin.py:190} INFO - [2024-12-01T08:51:42.869+0000] {override.py:1911} INFO - Created Permission View: menu access on DAG Run:tutorial_dag
[2024-12-01T08:51:42.873+0000] {logging_mixin.py:190} INFO - [2024-12-01T08:51:42.873+0000] {override.py:1911} INFO - Created Permission View: can read on DAG Run:tutorial_dag
[2024-12-01T08:51:42.877+0000] {logging_mixin.py:190} INFO - [2024-12-01T08:51:42.876+0000] {override.py:1911} INFO - Created Permission View: can delete on DAG Run:tutorial_dag
[2024-12-01T08:51:42.877+0000] {logging_mixin.py:190} INFO - [2024-12-01T08:51:42.877+0000] {dag.py:3239} INFO - Sync 1 DAGs
[2024-12-01T08:51:42.886+0000] {logging_mixin.py:190} INFO - [2024-12-01T08:51:42.886+0000] {dag.py:3262} INFO - Creating ORM DAG for tutorial_dag
[2024-12-01T08:51:42.887+0000] {logging_mixin.py:190} INFO - [2024-12-01T08:51:42.887+0000] {dag.py:4180} INFO - Setting next_dagrun for tutorial_dag to None, run_after=None
[2024-12-01T08:51:42.898+0000] {processor.py:208} INFO - Processing /home/airflow/.local/lib/python3.12/site-packages/airflow/example_dags/tutorial_dag.py took 0.143 seconds
[2024-12-01T08:52:13.081+0000] {processor.py:186} INFO - Started process (PID=176) to work on /home/airflow/.local/lib/python3.12/site-packages/airflow/example_dags/tutorial_dag.py
[2024-12-01T08:52:13.082+0000] {processor.py:914} INFO - Processing file /home/airflow/.local/lib/python3.12/site-packages/airflow/example_dags/tutorial_dag.py for tasks to queue
[2024-12-01T08:52:13.083+0000] {logging_mixin.py:190} INFO - [2024-12-01T08:52:13.083+0000] {dagbag.py:588} INFO - Filling up the DagBag from /home/airflow/.local/lib/python3.12/site-packages/airflow/example_dags/tutorial_dag.py
[2024-12-01T08:52:13.087+0000] {processor.py:925} INFO - DAG(s) 'tutorial_dag' retrieved from /home/airflow/.local/lib/python3.12/site-packages/airflow/example_dags/tutorial_dag.py
[2024-12-01T08:52:13.097+0000] {logging_mixin.py:190} INFO - [2024-12-01T08:52:13.097+0000] {dag.py:3239} INFO - Sync 1 DAGs
[2024-12-01T08:52:13.105+0000] {logging_mixin.py:190} INFO - [2024-12-01T08:52:13.105+0000] {dag.py:4180} INFO - Setting next_dagrun for tutorial_dag to None, run_after=None
[2024-12-01T08:52:13.116+0000] {processor.py:208} INFO - Processing /home/airflow/.local/lib/python3.12/site-packages/airflow/example_dags/tutorial_dag.py took 0.039 seconds
[2024-12-01T08:52:43.547+0000] {processor.py:186} INFO - Started process (PID=239) to work on /home/airflow/.local/lib/python3.12/site-packages/airflow/example_dags/tutorial_dag.py
[2024-12-01T08:52:43.548+0000] {processor.py:914} INFO - Processing file /home/airflow/.local/lib/python3.12/site-packages/airflow/example_dags/tutorial_dag.py for tasks to queue
[2024-12-01T08:52:43.549+0000] {logging_mixin.py:190} INFO - [2024-12-01T08:52:43.549+0000] {dagbag.py:588} INFO - Filling up the DagBag from /home/airflow/.local/lib/python3.12/site-packages/airflow/example_dags/tutorial_dag.py
[2024-12-01T08:52:43.552+0000] {processor.py:925} INFO - DAG(s) 'tutorial_dag' retrieved from /home/airflow/.local/lib/python3.12/site-packages/airflow/example_dags/tutorial_dag.py
[2024-12-01T08:52:43.566+0000] {logging_mixin.py:190} INFO - [2024-12-01T08:52:43.566+0000] {dag.py:3239} INFO - Sync 1 DAGs
[2024-12-01T08:52:43.578+0000] {logging_mixin.py:190} INFO - [2024-12-01T08:52:43.577+0000] {dag.py:4180} INFO - Setting next_dagrun for tutorial_dag to None, run_after=None
[2024-12-01T08:52:43.591+0000] {processor.py:208} INFO - Processing /home/airflow/.local/lib/python3.12/site-packages/airflow/example_dags/tutorial_dag.py took 0.048 seconds
[2024-12-01T08:53:13.767+0000] {processor.py:186} INFO - Started process (PID=302) to work on /home/airflow/.local/lib/python3.12/site-packages/airflow/example_dags/tutorial_dag.py
[2024-12-01T08:53:13.768+0000] {processor.py:914} INFO - Processing file /home/airflow/.local/lib/python3.12/site-packages/airflow/example_dags/tutorial_dag.py for tasks to queue
[2024-12-01T08:53:13.770+0000] {logging_mixin.py:190} INFO - [2024-12-01T08:53:13.770+0000] {dagbag.py:588} INFO - Filling up the DagBag from /home/airflow/.local/lib/python3.12/site-packages/airflow/example_dags/tutorial_dag.py
[2024-12-01T08:53:13.776+0000] {processor.py:925} INFO - DAG(s) 'tutorial_dag' retrieved from /home/airflow/.local/lib/python3.12/site-packages/airflow/example_dags/tutorial_dag.py
[2024-12-01T08:53:13.794+0000] {logging_mixin.py:190} INFO - [2024-12-01T08:53:13.794+0000] {dag.py:3239} INFO - Sync 1 DAGs
[2024-12-01T08:53:13.803+0000] {logging_mixin.py:190} INFO - [2024-12-01T08:53:13.803+0000] {dag.py:4180} INFO - Setting next_dagrun for tutorial_dag to None, run_after=None
[2024-12-01T08:53:13.814+0000] {processor.py:208} INFO - Processing /home/airflow/.local/lib/python3.12/site-packages/airflow/example_dags/tutorial_dag.py took 0.053 seconds
[2024-12-01T08:53:44.734+0000] {processor.py:186} INFO - Started process (PID=364) to work on /home/airflow/.local/lib/python3.12/site-packages/airflow/example_dags/tutorial_dag.py
[2024-12-01T08:53:44.735+0000] {processor.py:914} INFO - Processing file /home/airflow/.local/lib/python3.12/site-packages/airflow/example_dags/tutorial_dag.py for tasks to queue
[2024-12-01T08:53:44.736+0000] {logging_mixin.py:190} INFO - [2024-12-01T08:53:44.736+0000] {dagbag.py:588} INFO - Filling up the DagBag from /home/airflow/.local/lib/python3.12/site-packages/airflow/example_dags/tutorial_dag.py
[2024-12-01T08:53:44.740+0000] {processor.py:925} INFO - DAG(s) 'tutorial_dag' retrieved from /home/airflow/.local/lib/python3.12/site-packages/airflow/example_dags/tutorial_dag.py
[2024-12-01T08:53:44.750+0000] {logging_mixin.py:190} INFO - [2024-12-01T08:53:44.749+0000] {dag.py:3239} INFO - Sync 1 DAGs
[2024-12-01T08:53:44.757+0000] {logging_mixin.py:190} INFO - [2024-12-01T08:53:44.757+0000] {dag.py:4180} INFO - Setting next_dagrun for tutorial_dag to None, run_after=None
[2024-12-01T08:53:44.769+0000] {processor.py:208} INFO - Processing /home/airflow/.local/lib/python3.12/site-packages/airflow/example_dags/tutorial_dag.py took 0.037 seconds
[2024-12-01T08:54:16.470+0000] {processor.py:186} INFO - Started process (PID=428) to work on /home/airflow/.local/lib/python3.12/site-packages/airflow/example_dags/tutorial_dag.py
[2024-12-01T08:54:16.471+0000] {processor.py:914} INFO - Processing file /home/airflow/.local/lib/python3.12/site-packages/airflow/example_dags/tutorial_dag.py for tasks to queue
[2024-12-01T08:54:16.472+0000] {logging_mixin.py:190} INFO - [2024-12-01T08:54:16.472+0000] {dagbag.py:588} INFO - Filling up the DagBag from /home/airflow/.local/lib/python3.12/site-packages/airflow/example_dags/tutorial_dag.py
[2024-12-01T08:54:16.476+0000] {processor.py:925} INFO - DAG(s) 'tutorial_dag' retrieved from /home/airflow/.local/lib/python3.12/site-packages/airflow/example_dags/tutorial_dag.py
[2024-12-01T08:54:16.491+0000] {logging_mixin.py:190} INFO - [2024-12-01T08:54:16.491+0000] {dag.py:3239} INFO - Sync 1 DAGs
[2024-12-01T08:54:16.498+0000] {logging_mixin.py:190} INFO - [2024-12-01T08:54:16.498+0000] {dag.py:4180} INFO - Setting next_dagrun for tutorial_dag to None, run_after=None
[2024-12-01T08:54:16.507+0000] {processor.py:208} INFO - Processing /home/airflow/.local/lib/python3.12/site-packages/airflow/example_dags/tutorial_dag.py took 0.041 seconds
[2024-12-01T08:54:47.656+0000] {processor.py:186} INFO - Started process (PID=491) to work on /home/airflow/.local/lib/python3.12/site-packages/airflow/example_dags/tutorial_dag.py
[2024-12-01T08:54:47.656+0000] {processor.py:914} INFO - Processing file /home/airflow/.local/lib/python3.12/site-packages/airflow/example_dags/tutorial_dag.py for tasks to queue
[2024-12-01T08:54:47.657+0000] {logging_mixin.py:190} INFO - [2024-12-01T08:54:47.657+0000] {dagbag.py:588} INFO - Filling up the DagBag from /home/airflow/.local/lib/python3.12/site-packages/airflow/example_dags/tutorial_dag.py
[2024-12-01T08:54:47.661+0000] {processor.py:925} INFO - DAG(s) 'tutorial_dag' retrieved from /home/airflow/.local/lib/python3.12/site-packages/airflow/example_dags/tutorial_dag.py
[2024-12-01T08:54:47.672+0000] {logging_mixin.py:190} INFO - [2024-12-01T08:54:47.672+0000] {dag.py:3239} INFO - Sync 1 DAGs
[2024-12-01T08:54:47.679+0000] {logging_mixin.py:190} INFO - [2024-12-01T08:54:47.679+0000] {dag.py:4180} INFO - Setting next_dagrun for tutorial_dag to None, run_after=None
[2024-12-01T08:54:47.691+0000] {processor.py:208} INFO - Processing /home/airflow/.local/lib/python3.12/site-packages/airflow/example_dags/tutorial_dag.py took 0.039 seconds
[2024-12-01T08:55:18.850+0000] {processor.py:186} INFO - Started process (PID=554) to work on /home/airflow/.local/lib/python3.12/site-packages/airflow/example_dags/tutorial_dag.py
[2024-12-01T08:55:18.851+0000] {processor.py:914} INFO - Processing file /home/airflow/.local/lib/python3.12/site-packages/airflow/example_dags/tutorial_dag.py for tasks to queue
[2024-12-01T08:55:18.852+0000] {logging_mixin.py:190} INFO - [2024-12-01T08:55:18.852+0000] {dagbag.py:588} INFO - Filling up the DagBag from /home/airflow/.local/lib/python3.12/site-packages/airflow/example_dags/tutorial_dag.py
[2024-12-01T08:55:18.857+0000] {processor.py:925} INFO - DAG(s) 'tutorial_dag' retrieved from /home/airflow/.local/lib/python3.12/site-packages/airflow/example_dags/tutorial_dag.py
[2024-12-01T08:55:18.870+0000] {logging_mixin.py:190} INFO - [2024-12-01T08:55:18.870+0000] {dag.py:3239} INFO - Sync 1 DAGs
[2024-12-01T08:55:18.878+0000] {logging_mixin.py:190} INFO - [2024-12-01T08:55:18.878+0000] {dag.py:4180} INFO - Setting next_dagrun for tutorial_dag to None, run_after=None
[2024-12-01T08:55:18.890+0000] {processor.py:208} INFO - Processing /home/airflow/.local/lib/python3.12/site-packages/airflow/example_dags/tutorial_dag.py took 0.044 seconds
[2024-12-01T08:55:50.179+0000] {processor.py:186} INFO - Started process (PID=617) to work on /home/airflow/.local/lib/python3.12/site-packages/airflow/example_dags/tutorial_dag.py
[2024-12-01T08:55:50.180+0000] {processor.py:914} INFO - Processing file /home/airflow/.local/lib/python3.12/site-packages/airflow/example_dags/tutorial_dag.py for tasks to queue
[2024-12-01T08:55:50.181+0000] {logging_mixin.py:190} INFO - [2024-12-01T08:55:50.181+0000] {dagbag.py:588} INFO - Filling up the DagBag from /home/airflow/.local/lib/python3.12/site-packages/airflow/example_dags/tutorial_dag.py
[2024-12-01T08:55:50.186+0000] {processor.py:925} INFO - DAG(s) 'tutorial_dag' retrieved from /home/airflow/.local/lib/python3.12/site-packages/airflow/example_dags/tutorial_dag.py
[2024-12-01T08:55:50.200+0000] {logging_mixin.py:190} INFO - [2024-12-01T08:55:50.199+0000] {dag.py:3239} INFO - Sync 1 DAGs
[2024-12-01T08:55:50.209+0000] {logging_mixin.py:190} INFO - [2024-12-01T08:55:50.209+0000] {dag.py:4180} INFO - Setting next_dagrun for tutorial_dag to None, run_after=None
[2024-12-01T08:55:50.222+0000] {processor.py:208} INFO - Processing /home/airflow/.local/lib/python3.12/site-packages/airflow/example_dags/tutorial_dag.py took 0.047 seconds
[2024-12-01T08:56:21.009+0000] {processor.py:186} INFO - Started process (PID=680) to work on /home/airflow/.local/lib/python3.12/site-packages/airflow/example_dags/tutorial_dag.py
[2024-12-01T08:56:21.010+0000] {processor.py:914} INFO - Processing file /home/airflow/.local/lib/python3.12/site-packages/airflow/example_dags/tutorial_dag.py for tasks to queue
[2024-12-01T08:56:21.011+0000] {logging_mixin.py:190} INFO - [2024-12-01T08:56:21.011+0000] {dagbag.py:588} INFO - Filling up the DagBag from /home/airflow/.local/lib/python3.12/site-packages/airflow/example_dags/tutorial_dag.py
[2024-12-01T08:56:21.015+0000] {processor.py:925} INFO - DAG(s) 'tutorial_dag' retrieved from /home/airflow/.local/lib/python3.12/site-packages/airflow/example_dags/tutorial_dag.py
[2024-12-01T08:56:21.031+0000] {logging_mixin.py:190} INFO - [2024-12-01T08:56:21.031+0000] {dag.py:3239} INFO - Sync 1 DAGs
[2024-12-01T08:56:21.043+0000] {logging_mixin.py:190} INFO - [2024-12-01T08:56:21.043+0000] {dag.py:4180} INFO - Setting next_dagrun for tutorial_dag to None, run_after=None
[2024-12-01T08:56:21.058+0000] {processor.py:208} INFO - Processing /home/airflow/.local/lib/python3.12/site-packages/airflow/example_dags/tutorial_dag.py took 0.053 seconds
[2024-12-01T08:56:51.762+0000] {processor.py:186} INFO - Started process (PID=743) to work on /home/airflow/.local/lib/python3.12/site-packages/airflow/example_dags/tutorial_dag.py
[2024-12-01T08:56:51.763+0000] {processor.py:914} INFO - Processing file /home/airflow/.local/lib/python3.12/site-packages/airflow/example_dags/tutorial_dag.py for tasks to queue
[2024-12-01T08:56:51.764+0000] {logging_mixin.py:190} INFO - [2024-12-01T08:56:51.764+0000] {dagbag.py:588} INFO - Filling up the DagBag from /home/airflow/.local/lib/python3.12/site-packages/airflow/example_dags/tutorial_dag.py
[2024-12-01T08:56:51.769+0000] {processor.py:925} INFO - DAG(s) 'tutorial_dag' retrieved from /home/airflow/.local/lib/python3.12/site-packages/airflow/example_dags/tutorial_dag.py
[2024-12-01T08:56:51.781+0000] {logging_mixin.py:190} INFO - [2024-12-01T08:56:51.780+0000] {dag.py:3239} INFO - Sync 1 DAGs
[2024-12-01T08:56:51.788+0000] {logging_mixin.py:190} INFO - [2024-12-01T08:56:51.788+0000] {dag.py:4180} INFO - Setting next_dagrun for tutorial_dag to None, run_after=None
[2024-12-01T08:56:51.797+0000] {processor.py:208} INFO - Processing /home/airflow/.local/lib/python3.12/site-packages/airflow/example_dags/tutorial_dag.py took 0.040 seconds
[2024-12-01T08:57:22.560+0000] {processor.py:186} INFO - Started process (PID=806) to work on /home/airflow/.local/lib/python3.12/site-packages/airflow/example_dags/tutorial_dag.py
[2024-12-01T08:57:22.561+0000] {processor.py:914} INFO - Processing file /home/airflow/.local/lib/python3.12/site-packages/airflow/example_dags/tutorial_dag.py for tasks to queue
[2024-12-01T08:57:22.562+0000] {logging_mixin.py:190} INFO - [2024-12-01T08:57:22.562+0000] {dagbag.py:588} INFO - Filling up the DagBag from /home/airflow/.local/lib/python3.12/site-packages/airflow/example_dags/tutorial_dag.py
[2024-12-01T08:57:22.566+0000] {processor.py:925} INFO - DAG(s) 'tutorial_dag' retrieved from /home/airflow/.local/lib/python3.12/site-packages/airflow/example_dags/tutorial_dag.py
[2024-12-01T08:57:22.579+0000] {logging_mixin.py:190} INFO - [2024-12-01T08:57:22.579+0000] {dag.py:3239} INFO - Sync 1 DAGs
[2024-12-01T08:57:22.589+0000] {logging_mixin.py:190} INFO - [2024-12-01T08:57:22.589+0000] {dag.py:4180} INFO - Setting next_dagrun for tutorial_dag to None, run_after=None
[2024-12-01T08:57:22.602+0000] {processor.py:208} INFO - Processing /home/airflow/.local/lib/python3.12/site-packages/airflow/example_dags/tutorial_dag.py took 0.044 seconds
[2024-12-01T08:57:53.340+0000] {processor.py:186} INFO - Started process (PID=869) to work on /home/airflow/.local/lib/python3.12/site-packages/airflow/example_dags/tutorial_dag.py
[2024-12-01T08:57:53.340+0000] {processor.py:914} INFO - Processing file /home/airflow/.local/lib/python3.12/site-packages/airflow/example_dags/tutorial_dag.py for tasks to queue
[2024-12-01T08:57:53.342+0000] {logging_mixin.py:190} INFO - [2024-12-01T08:57:53.342+0000] {dagbag.py:588} INFO - Filling up the DagBag from /home/airflow/.local/lib/python3.12/site-packages/airflow/example_dags/tutorial_dag.py
[2024-12-01T08:57:53.345+0000] {processor.py:925} INFO - DAG(s) 'tutorial_dag' retrieved from /home/airflow/.local/lib/python3.12/site-packages/airflow/example_dags/tutorial_dag.py
[2024-12-01T08:57:53.358+0000] {logging_mixin.py:190} INFO - [2024-12-01T08:57:53.358+0000] {dag.py:3239} INFO - Sync 1 DAGs
[2024-12-01T08:57:53.368+0000] {logging_mixin.py:190} INFO - [2024-12-01T08:57:53.368+0000] {dag.py:4180} INFO - Setting next_dagrun for tutorial_dag to None, run_after=None
[2024-12-01T08:57:53.381+0000] {processor.py:208} INFO - Processing /home/airflow/.local/lib/python3.12/site-packages/airflow/example_dags/tutorial_dag.py took 0.044 seconds
[2024-12-01T08:58:24.188+0000] {processor.py:186} INFO - Started process (PID=932) to work on /home/airflow/.local/lib/python3.12/site-packages/airflow/example_dags/tutorial_dag.py
[2024-12-01T08:58:24.189+0000] {processor.py:914} INFO - Processing file /home/airflow/.local/lib/python3.12/site-packages/airflow/example_dags/tutorial_dag.py for tasks to queue
[2024-12-01T08:58:24.190+0000] {logging_mixin.py:190} INFO - [2024-12-01T08:58:24.190+0000] {dagbag.py:588} INFO - Filling up the DagBag from /home/airflow/.local/lib/python3.12/site-packages/airflow/example_dags/tutorial_dag.py
[2024-12-01T08:58:24.194+0000] {processor.py:925} INFO - DAG(s) 'tutorial_dag' retrieved from /home/airflow/.local/lib/python3.12/site-packages/airflow/example_dags/tutorial_dag.py
[2024-12-01T08:58:24.213+0000] {logging_mixin.py:190} INFO - [2024-12-01T08:58:24.213+0000] {dag.py:3239} INFO - Sync 1 DAGs
[2024-12-01T08:58:24.224+0000] {logging_mixin.py:190} INFO - [2024-12-01T08:58:24.224+0000] {dag.py:4180} INFO - Setting next_dagrun for tutorial_dag to None, run_after=None
[2024-12-01T08:58:24.236+0000] {processor.py:208} INFO - Processing /home/airflow/.local/lib/python3.12/site-packages/airflow/example_dags/tutorial_dag.py took 0.052 seconds
[2024-12-01T08:58:54.993+0000] {processor.py:186} INFO - Started process (PID=995) to work on /home/airflow/.local/lib/python3.12/site-packages/airflow/example_dags/tutorial_dag.py
[2024-12-01T08:58:54.993+0000] {processor.py:914} INFO - Processing file /home/airflow/.local/lib/python3.12/site-packages/airflow/example_dags/tutorial_dag.py for tasks to queue
[2024-12-01T08:58:54.995+0000] {logging_mixin.py:190} INFO - [2024-12-01T08:58:54.994+0000] {dagbag.py:588} INFO - Filling up the DagBag from /home/airflow/.local/lib/python3.12/site-packages/airflow/example_dags/tutorial_dag.py
[2024-12-01T08:58:54.998+0000] {processor.py:925} INFO - DAG(s) 'tutorial_dag' retrieved from /home/airflow/.local/lib/python3.12/site-packages/airflow/example_dags/tutorial_dag.py
[2024-12-01T08:58:55.010+0000] {logging_mixin.py:190} INFO - [2024-12-01T08:58:55.010+0000] {dag.py:3239} INFO - Sync 1 DAGs
[2024-12-01T08:58:55.017+0000] {logging_mixin.py:190} INFO - [2024-12-01T08:58:55.017+0000] {dag.py:4180} INFO - Setting next_dagrun for tutorial_dag to None, run_after=None
[2024-12-01T08:58:55.029+0000] {processor.py:208} INFO - Processing /home/airflow/.local/lib/python3.12/site-packages/airflow/example_dags/tutorial_dag.py took 0.039 seconds
[2024-12-01T08:59:25.830+0000] {processor.py:186} INFO - Started process (PID=1058) to work on /home/airflow/.local/lib/python3.12/site-packages/airflow/example_dags/tutorial_dag.py
[2024-12-01T08:59:25.831+0000] {processor.py:914} INFO - Processing file /home/airflow/.local/lib/python3.12/site-packages/airflow/example_dags/tutorial_dag.py for tasks to queue
[2024-12-01T08:59:25.832+0000] {logging_mixin.py:190} INFO - [2024-12-01T08:59:25.832+0000] {dagbag.py:588} INFO - Filling up the DagBag from /home/airflow/.local/lib/python3.12/site-packages/airflow/example_dags/tutorial_dag.py
[2024-12-01T08:59:25.836+0000] {processor.py:925} INFO - DAG(s) 'tutorial_dag' retrieved from /home/airflow/.local/lib/python3.12/site-packages/airflow/example_dags/tutorial_dag.py
[2024-12-01T08:59:25.850+0000] {logging_mixin.py:190} INFO - [2024-12-01T08:59:25.849+0000] {dag.py:3239} INFO - Sync 1 DAGs
[2024-12-01T08:59:25.862+0000] {logging_mixin.py:190} INFO - [2024-12-01T08:59:25.862+0000] {dag.py:4180} INFO - Setting next_dagrun for tutorial_dag to None, run_after=None
[2024-12-01T08:59:25.876+0000] {processor.py:208} INFO - Processing /home/airflow/.local/lib/python3.12/site-packages/airflow/example_dags/tutorial_dag.py took 0.049 seconds
[2024-12-01T08:59:56.679+0000] {processor.py:186} INFO - Started process (PID=1121) to work on /home/airflow/.local/lib/python3.12/site-packages/airflow/example_dags/tutorial_dag.py
[2024-12-01T08:59:56.679+0000] {processor.py:914} INFO - Processing file /home/airflow/.local/lib/python3.12/site-packages/airflow/example_dags/tutorial_dag.py for tasks to queue
[2024-12-01T08:59:56.680+0000] {logging_mixin.py:190} INFO - [2024-12-01T08:59:56.680+0000] {dagbag.py:588} INFO - Filling up the DagBag from /home/airflow/.local/lib/python3.12/site-packages/airflow/example_dags/tutorial_dag.py
[2024-12-01T08:59:56.684+0000] {processor.py:925} INFO - DAG(s) 'tutorial_dag' retrieved from /home/airflow/.local/lib/python3.12/site-packages/airflow/example_dags/tutorial_dag.py
[2024-12-01T08:59:56.695+0000] {logging_mixin.py:190} INFO - [2024-12-01T08:59:56.695+0000] {dag.py:3239} INFO - Sync 1 DAGs
[2024-12-01T08:59:56.701+0000] {logging_mixin.py:190} INFO - [2024-12-01T08:59:56.701+0000] {dag.py:4180} INFO - Setting next_dagrun for tutorial_dag to None, run_after=None
[2024-12-01T08:59:56.710+0000] {processor.py:208} INFO - Processing /home/airflow/.local/lib/python3.12/site-packages/airflow/example_dags/tutorial_dag.py took 0.035 seconds
[2024-12-01T09:00:27.444+0000] {processor.py:186} INFO - Started process (PID=1184) to work on /home/airflow/.local/lib/python3.12/site-packages/airflow/example_dags/tutorial_dag.py
[2024-12-01T09:00:27.445+0000] {processor.py:914} INFO - Processing file /home/airflow/.local/lib/python3.12/site-packages/airflow/example_dags/tutorial_dag.py for tasks to queue
[2024-12-01T09:00:27.446+0000] {logging_mixin.py:190} INFO - [2024-12-01T09:00:27.446+0000] {dagbag.py:588} INFO - Filling up the DagBag from /home/airflow/.local/lib/python3.12/site-packages/airflow/example_dags/tutorial_dag.py
[2024-12-01T09:00:27.450+0000] {processor.py:925} INFO - DAG(s) 'tutorial_dag' retrieved from /home/airflow/.local/lib/python3.12/site-packages/airflow/example_dags/tutorial_dag.py
[2024-12-01T09:00:27.464+0000] {logging_mixin.py:190} INFO - [2024-12-01T09:00:27.464+0000] {dag.py:3239} INFO - Sync 1 DAGs
[2024-12-01T09:00:27.474+0000] {logging_mixin.py:190} INFO - [2024-12-01T09:00:27.473+0000] {dag.py:4180} INFO - Setting next_dagrun for tutorial_dag to None, run_after=None
[2024-12-01T09:00:27.489+0000] {processor.py:208} INFO - Processing /home/airflow/.local/lib/python3.12/site-packages/airflow/example_dags/tutorial_dag.py took 0.047 seconds
[2024-12-01T09:00:58.471+0000] {processor.py:186} INFO - Started process (PID=1247) to work on /home/airflow/.local/lib/python3.12/site-packages/airflow/example_dags/tutorial_dag.py
[2024-12-01T09:00:58.472+0000] {processor.py:914} INFO - Processing file /home/airflow/.local/lib/python3.12/site-packages/airflow/example_dags/tutorial_dag.py for tasks to queue
[2024-12-01T09:00:58.473+0000] {logging_mixin.py:190} INFO - [2024-12-01T09:00:58.473+0000] {dagbag.py:588} INFO - Filling up the DagBag from /home/airflow/.local/lib/python3.12/site-packages/airflow/example_dags/tutorial_dag.py
[2024-12-01T09:00:58.478+0000] {processor.py:925} INFO - DAG(s) 'tutorial_dag' retrieved from /home/airflow/.local/lib/python3.12/site-packages/airflow/example_dags/tutorial_dag.py
[2024-12-01T09:00:58.494+0000] {logging_mixin.py:190} INFO - [2024-12-01T09:00:58.494+0000] {dag.py:3239} INFO - Sync 1 DAGs
[2024-12-01T09:00:58.505+0000] {logging_mixin.py:190} INFO - [2024-12-01T09:00:58.505+0000] {dag.py:4180} INFO - Setting next_dagrun for tutorial_dag to None, run_after=None
[2024-12-01T09:00:58.522+0000] {processor.py:208} INFO - Processing /home/airflow/.local/lib/python3.12/site-packages/airflow/example_dags/tutorial_dag.py took 0.057 seconds
[2024-12-01T09:01:28.909+0000] {processor.py:186} INFO - Started process (PID=1310) to work on /home/airflow/.local/lib/python3.12/site-packages/airflow/example_dags/tutorial_dag.py
[2024-12-01T09:01:28.910+0000] {processor.py:914} INFO - Processing file /home/airflow/.local/lib/python3.12/site-packages/airflow/example_dags/tutorial_dag.py for tasks to queue
[2024-12-01T09:01:28.911+0000] {logging_mixin.py:190} INFO - [2024-12-01T09:01:28.911+0000] {dagbag.py:588} INFO - Filling up the DagBag from /home/airflow/.local/lib/python3.12/site-packages/airflow/example_dags/tutorial_dag.py
[2024-12-01T09:01:28.915+0000] {processor.py:925} INFO - DAG(s) 'tutorial_dag' retrieved from /home/airflow/.local/lib/python3.12/site-packages/airflow/example_dags/tutorial_dag.py
[2024-12-01T09:01:28.926+0000] {logging_mixin.py:190} INFO - [2024-12-01T09:01:28.926+0000] {dag.py:3239} INFO - Sync 1 DAGs
[2024-12-01T09:01:28.933+0000] {logging_mixin.py:190} INFO - [2024-12-01T09:01:28.933+0000] {dag.py:4180} INFO - Setting next_dagrun for tutorial_dag to None, run_after=None
[2024-12-01T09:01:28.942+0000] {processor.py:208} INFO - Processing /home/airflow/.local/lib/python3.12/site-packages/airflow/example_dags/tutorial_dag.py took 0.036 seconds
[2024-12-01T09:02:00.133+0000] {processor.py:186} INFO - Started process (PID=1374) to work on /home/airflow/.local/lib/python3.12/site-packages/airflow/example_dags/tutorial_dag.py
[2024-12-01T09:02:00.134+0000] {processor.py:914} INFO - Processing file /home/airflow/.local/lib/python3.12/site-packages/airflow/example_dags/tutorial_dag.py for tasks to queue
[2024-12-01T09:02:00.135+0000] {logging_mixin.py:190} INFO - [2024-12-01T09:02:00.135+0000] {dagbag.py:588} INFO - Filling up the DagBag from /home/airflow/.local/lib/python3.12/site-packages/airflow/example_dags/tutorial_dag.py
[2024-12-01T09:02:00.139+0000] {processor.py:925} INFO - DAG(s) 'tutorial_dag' retrieved from /home/airflow/.local/lib/python3.12/site-packages/airflow/example_dags/tutorial_dag.py
[2024-12-01T09:02:00.151+0000] {logging_mixin.py:190} INFO - [2024-12-01T09:02:00.151+0000] {dag.py:3239} INFO - Sync 1 DAGs
[2024-12-01T09:02:00.159+0000] {logging_mixin.py:190} INFO - [2024-12-01T09:02:00.159+0000] {dag.py:4180} INFO - Setting next_dagrun for tutorial_dag to None, run_after=None
[2024-12-01T09:02:00.169+0000] {processor.py:208} INFO - Processing /home/airflow/.local/lib/python3.12/site-packages/airflow/example_dags/tutorial_dag.py took 0.039 seconds
[2024-12-01T09:02:30.974+0000] {processor.py:186} INFO - Started process (PID=1437) to work on /home/airflow/.local/lib/python3.12/site-packages/airflow/example_dags/tutorial_dag.py
[2024-12-01T09:02:30.974+0000] {processor.py:914} INFO - Processing file /home/airflow/.local/lib/python3.12/site-packages/airflow/example_dags/tutorial_dag.py for tasks to queue
[2024-12-01T09:02:30.976+0000] {logging_mixin.py:190} INFO - [2024-12-01T09:02:30.976+0000] {dagbag.py:588} INFO - Filling up the DagBag from /home/airflow/.local/lib/python3.12/site-packages/airflow/example_dags/tutorial_dag.py
[2024-12-01T09:02:30.981+0000] {processor.py:925} INFO - DAG(s) 'tutorial_dag' retrieved from /home/airflow/.local/lib/python3.12/site-packages/airflow/example_dags/tutorial_dag.py
[2024-12-01T09:02:30.999+0000] {logging_mixin.py:190} INFO - [2024-12-01T09:02:30.998+0000] {dag.py:3239} INFO - Sync 1 DAGs
[2024-12-01T09:02:31.008+0000] {logging_mixin.py:190} INFO - [2024-12-01T09:02:31.007+0000] {dag.py:4180} INFO - Setting next_dagrun for tutorial_dag to None, run_after=None
[2024-12-01T09:02:31.018+0000] {processor.py:208} INFO - Processing /home/airflow/.local/lib/python3.12/site-packages/airflow/example_dags/tutorial_dag.py took 0.049 seconds
[2024-12-01T09:03:01.502+0000] {processor.py:186} INFO - Started process (PID=1500) to work on /home/airflow/.local/lib/python3.12/site-packages/airflow/example_dags/tutorial_dag.py
[2024-12-01T09:03:01.502+0000] {processor.py:914} INFO - Processing file /home/airflow/.local/lib/python3.12/site-packages/airflow/example_dags/tutorial_dag.py for tasks to queue
[2024-12-01T09:03:01.504+0000] {logging_mixin.py:190} INFO - [2024-12-01T09:03:01.504+0000] {dagbag.py:588} INFO - Filling up the DagBag from /home/airflow/.local/lib/python3.12/site-packages/airflow/example_dags/tutorial_dag.py
[2024-12-01T09:03:01.509+0000] {processor.py:925} INFO - DAG(s) 'tutorial_dag' retrieved from /home/airflow/.local/lib/python3.12/site-packages/airflow/example_dags/tutorial_dag.py
[2024-12-01T09:03:01.520+0000] {logging_mixin.py:190} INFO - [2024-12-01T09:03:01.520+0000] {dag.py:3239} INFO - Sync 1 DAGs
[2024-12-01T09:03:01.528+0000] {logging_mixin.py:190} INFO - [2024-12-01T09:03:01.527+0000] {dag.py:4180} INFO - Setting next_dagrun for tutorial_dag to None, run_after=None
[2024-12-01T09:03:01.538+0000] {processor.py:208} INFO - Processing /home/airflow/.local/lib/python3.12/site-packages/airflow/example_dags/tutorial_dag.py took 0.041 seconds
[2024-12-01T09:03:32.101+0000] {processor.py:186} INFO - Started process (PID=1563) to work on /home/airflow/.local/lib/python3.12/site-packages/airflow/example_dags/tutorial_dag.py
[2024-12-01T09:03:32.101+0000] {processor.py:914} INFO - Processing file /home/airflow/.local/lib/python3.12/site-packages/airflow/example_dags/tutorial_dag.py for tasks to queue
[2024-12-01T09:03:32.103+0000] {logging_mixin.py:190} INFO - [2024-12-01T09:03:32.102+0000] {dagbag.py:588} INFO - Filling up the DagBag from /home/airflow/.local/lib/python3.12/site-packages/airflow/example_dags/tutorial_dag.py
[2024-12-01T09:03:32.106+0000] {processor.py:925} INFO - DAG(s) 'tutorial_dag' retrieved from /home/airflow/.local/lib/python3.12/site-packages/airflow/example_dags/tutorial_dag.py
[2024-12-01T09:03:32.121+0000] {logging_mixin.py:190} INFO - [2024-12-01T09:03:32.121+0000] {dag.py:3239} INFO - Sync 1 DAGs
[2024-12-01T09:03:32.131+0000] {logging_mixin.py:190} INFO - [2024-12-01T09:03:32.131+0000] {dag.py:4180} INFO - Setting next_dagrun for tutorial_dag to None, run_after=None
[2024-12-01T09:03:32.150+0000] {processor.py:208} INFO - Processing /home/airflow/.local/lib/python3.12/site-packages/airflow/example_dags/tutorial_dag.py took 0.052 seconds
[2024-12-01T09:04:03.119+0000] {processor.py:186} INFO - Started process (PID=1626) to work on /home/airflow/.local/lib/python3.12/site-packages/airflow/example_dags/tutorial_dag.py
[2024-12-01T09:04:03.119+0000] {processor.py:914} INFO - Processing file /home/airflow/.local/lib/python3.12/site-packages/airflow/example_dags/tutorial_dag.py for tasks to queue
[2024-12-01T09:04:03.121+0000] {logging_mixin.py:190} INFO - [2024-12-01T09:04:03.121+0000] {dagbag.py:588} INFO - Filling up the DagBag from /home/airflow/.local/lib/python3.12/site-packages/airflow/example_dags/tutorial_dag.py
[2024-12-01T09:04:03.126+0000] {processor.py:925} INFO - DAG(s) 'tutorial_dag' retrieved from /home/airflow/.local/lib/python3.12/site-packages/airflow/example_dags/tutorial_dag.py
[2024-12-01T09:04:03.140+0000] {logging_mixin.py:190} INFO - [2024-12-01T09:04:03.140+0000] {dag.py:3239} INFO - Sync 1 DAGs
[2024-12-01T09:04:03.148+0000] {logging_mixin.py:190} INFO - [2024-12-01T09:04:03.148+0000] {dag.py:4180} INFO - Setting next_dagrun for tutorial_dag to None, run_after=None
[2024-12-01T09:04:03.161+0000] {processor.py:208} INFO - Processing /home/airflow/.local/lib/python3.12/site-packages/airflow/example_dags/tutorial_dag.py took 0.046 seconds
[2024-12-01T09:04:33.731+0000] {processor.py:186} INFO - Started process (PID=1689) to work on /home/airflow/.local/lib/python3.12/site-packages/airflow/example_dags/tutorial_dag.py
[2024-12-01T09:04:33.732+0000] {processor.py:914} INFO - Processing file /home/airflow/.local/lib/python3.12/site-packages/airflow/example_dags/tutorial_dag.py for tasks to queue
[2024-12-01T09:04:33.733+0000] {logging_mixin.py:190} INFO - [2024-12-01T09:04:33.733+0000] {dagbag.py:588} INFO - Filling up the DagBag from /home/airflow/.local/lib/python3.12/site-packages/airflow/example_dags/tutorial_dag.py
[2024-12-01T09:04:33.738+0000] {processor.py:925} INFO - DAG(s) 'tutorial_dag' retrieved from /home/airflow/.local/lib/python3.12/site-packages/airflow/example_dags/tutorial_dag.py
[2024-12-01T09:04:33.750+0000] {logging_mixin.py:190} INFO - [2024-12-01T09:04:33.750+0000] {dag.py:3239} INFO - Sync 1 DAGs
[2024-12-01T09:04:33.757+0000] {logging_mixin.py:190} INFO - [2024-12-01T09:04:33.757+0000] {dag.py:4180} INFO - Setting next_dagrun for tutorial_dag to None, run_after=None
[2024-12-01T09:04:33.766+0000] {processor.py:208} INFO - Processing /home/airflow/.local/lib/python3.12/site-packages/airflow/example_dags/tutorial_dag.py took 0.040 seconds
[2024-12-01T09:05:04.347+0000] {processor.py:186} INFO - Started process (PID=1752) to work on /home/airflow/.local/lib/python3.12/site-packages/airflow/example_dags/tutorial_dag.py
[2024-12-01T09:05:04.348+0000] {processor.py:914} INFO - Processing file /home/airflow/.local/lib/python3.12/site-packages/airflow/example_dags/tutorial_dag.py for tasks to queue
[2024-12-01T09:05:04.350+0000] {logging_mixin.py:190} INFO - [2024-12-01T09:05:04.350+0000] {dagbag.py:588} INFO - Filling up the DagBag from /home/airflow/.local/lib/python3.12/site-packages/airflow/example_dags/tutorial_dag.py
[2024-12-01T09:05:04.355+0000] {processor.py:925} INFO - DAG(s) 'tutorial_dag' retrieved from /home/airflow/.local/lib/python3.12/site-packages/airflow/example_dags/tutorial_dag.py
[2024-12-01T09:05:04.368+0000] {logging_mixin.py:190} INFO - [2024-12-01T09:05:04.368+0000] {dag.py:3239} INFO - Sync 1 DAGs
[2024-12-01T09:05:04.376+0000] {logging_mixin.py:190} INFO - [2024-12-01T09:05:04.376+0000] {dag.py:4180} INFO - Setting next_dagrun for tutorial_dag to None, run_after=None
[2024-12-01T09:05:04.385+0000] {processor.py:208} INFO - Processing /home/airflow/.local/lib/python3.12/site-packages/airflow/example_dags/tutorial_dag.py took 0.041 seconds
[2024-12-01T09:05:35.509+0000] {processor.py:186} INFO - Started process (PID=1815) to work on /home/airflow/.local/lib/python3.12/site-packages/airflow/example_dags/tutorial_dag.py
[2024-12-01T09:05:35.510+0000] {processor.py:914} INFO - Processing file /home/airflow/.local/lib/python3.12/site-packages/airflow/example_dags/tutorial_dag.py for tasks to queue
[2024-12-01T09:05:35.512+0000] {logging_mixin.py:190} INFO - [2024-12-01T09:05:35.511+0000] {dagbag.py:588} INFO - Filling up the DagBag from /home/airflow/.local/lib/python3.12/site-packages/airflow/example_dags/tutorial_dag.py
[2024-12-01T09:05:35.517+0000] {processor.py:925} INFO - DAG(s) 'tutorial_dag' retrieved from /home/airflow/.local/lib/python3.12/site-packages/airflow/example_dags/tutorial_dag.py
[2024-12-01T09:05:35.532+0000] {logging_mixin.py:190} INFO - [2024-12-01T09:05:35.531+0000] {dag.py:3239} INFO - Sync 1 DAGs
[2024-12-01T09:05:35.540+0000] {logging_mixin.py:190} INFO - [2024-12-01T09:05:35.540+0000] {dag.py:4180} INFO - Setting next_dagrun for tutorial_dag to None, run_after=None
[2024-12-01T09:05:35.554+0000] {processor.py:208} INFO - Processing /home/airflow/.local/lib/python3.12/site-packages/airflow/example_dags/tutorial_dag.py took 0.049 seconds
[2024-12-01T09:06:06.415+0000] {processor.py:186} INFO - Started process (PID=1878) to work on /home/airflow/.local/lib/python3.12/site-packages/airflow/example_dags/tutorial_dag.py
[2024-12-01T09:06:06.415+0000] {processor.py:914} INFO - Processing file /home/airflow/.local/lib/python3.12/site-packages/airflow/example_dags/tutorial_dag.py for tasks to queue
[2024-12-01T09:06:06.417+0000] {logging_mixin.py:190} INFO - [2024-12-01T09:06:06.416+0000] {dagbag.py:588} INFO - Filling up the DagBag from /home/airflow/.local/lib/python3.12/site-packages/airflow/example_dags/tutorial_dag.py
[2024-12-01T09:06:06.421+0000] {processor.py:925} INFO - DAG(s) 'tutorial_dag' retrieved from /home/airflow/.local/lib/python3.12/site-packages/airflow/example_dags/tutorial_dag.py
[2024-12-01T09:06:06.438+0000] {logging_mixin.py:190} INFO - [2024-12-01T09:06:06.438+0000] {dag.py:3239} INFO - Sync 1 DAGs
[2024-12-01T09:06:06.450+0000] {logging_mixin.py:190} INFO - [2024-12-01T09:06:06.449+0000] {dag.py:4180} INFO - Setting next_dagrun for tutorial_dag to None, run_after=None
[2024-12-01T09:06:06.466+0000] {processor.py:208} INFO - Processing /home/airflow/.local/lib/python3.12/site-packages/airflow/example_dags/tutorial_dag.py took 0.055 seconds
[2024-12-01T09:06:36.802+0000] {processor.py:186} INFO - Started process (PID=1941) to work on /home/airflow/.local/lib/python3.12/site-packages/airflow/example_dags/tutorial_dag.py
[2024-12-01T09:06:36.803+0000] {processor.py:914} INFO - Processing file /home/airflow/.local/lib/python3.12/site-packages/airflow/example_dags/tutorial_dag.py for tasks to queue
[2024-12-01T09:06:36.804+0000] {logging_mixin.py:190} INFO - [2024-12-01T09:06:36.804+0000] {dagbag.py:588} INFO - Filling up the DagBag from /home/airflow/.local/lib/python3.12/site-packages/airflow/example_dags/tutorial_dag.py
[2024-12-01T09:06:36.810+0000] {processor.py:925} INFO - DAG(s) 'tutorial_dag' retrieved from /home/airflow/.local/lib/python3.12/site-packages/airflow/example_dags/tutorial_dag.py
[2024-12-01T09:06:36.820+0000] {logging_mixin.py:190} INFO - [2024-12-01T09:06:36.820+0000] {dag.py:3239} INFO - Sync 1 DAGs
[2024-12-01T09:06:36.827+0000] {logging_mixin.py:190} INFO - [2024-12-01T09:06:36.827+0000] {dag.py:4180} INFO - Setting next_dagrun for tutorial_dag to None, run_after=None
[2024-12-01T09:06:36.838+0000] {processor.py:208} INFO - Processing /home/airflow/.local/lib/python3.12/site-packages/airflow/example_dags/tutorial_dag.py took 0.041 seconds
[2024-12-01T09:07:07.313+0000] {processor.py:186} INFO - Started process (PID=2004) to work on /home/airflow/.local/lib/python3.12/site-packages/airflow/example_dags/tutorial_dag.py
[2024-12-01T09:07:07.313+0000] {processor.py:914} INFO - Processing file /home/airflow/.local/lib/python3.12/site-packages/airflow/example_dags/tutorial_dag.py for tasks to queue
[2024-12-01T09:07:07.314+0000] {logging_mixin.py:190} INFO - [2024-12-01T09:07:07.314+0000] {dagbag.py:588} INFO - Filling up the DagBag from /home/airflow/.local/lib/python3.12/site-packages/airflow/example_dags/tutorial_dag.py
[2024-12-01T09:07:07.318+0000] {processor.py:925} INFO - DAG(s) 'tutorial_dag' retrieved from /home/airflow/.local/lib/python3.12/site-packages/airflow/example_dags/tutorial_dag.py
[2024-12-01T09:07:07.329+0000] {logging_mixin.py:190} INFO - [2024-12-01T09:07:07.329+0000] {dag.py:3239} INFO - Sync 1 DAGs
[2024-12-01T09:07:07.336+0000] {logging_mixin.py:190} INFO - [2024-12-01T09:07:07.336+0000] {dag.py:4180} INFO - Setting next_dagrun for tutorial_dag to None, run_after=None
[2024-12-01T09:07:07.346+0000] {processor.py:208} INFO - Processing /home/airflow/.local/lib/python3.12/site-packages/airflow/example_dags/tutorial_dag.py took 0.036 seconds
[2024-12-01T09:07:37.762+0000] {processor.py:186} INFO - Started process (PID=2067) to work on /home/airflow/.local/lib/python3.12/site-packages/airflow/example_dags/tutorial_dag.py
[2024-12-01T09:07:37.763+0000] {processor.py:914} INFO - Processing file /home/airflow/.local/lib/python3.12/site-packages/airflow/example_dags/tutorial_dag.py for tasks to queue
[2024-12-01T09:07:37.764+0000] {logging_mixin.py:190} INFO - [2024-12-01T09:07:37.764+0000] {dagbag.py:588} INFO - Filling up the DagBag from /home/airflow/.local/lib/python3.12/site-packages/airflow/example_dags/tutorial_dag.py
[2024-12-01T09:07:37.768+0000] {processor.py:925} INFO - DAG(s) 'tutorial_dag' retrieved from /home/airflow/.local/lib/python3.12/site-packages/airflow/example_dags/tutorial_dag.py
[2024-12-01T09:07:37.782+0000] {logging_mixin.py:190} INFO - [2024-12-01T09:07:37.782+0000] {dag.py:3239} INFO - Sync 1 DAGs
[2024-12-01T09:07:37.791+0000] {logging_mixin.py:190} INFO - [2024-12-01T09:07:37.791+0000] {dag.py:4180} INFO - Setting next_dagrun for tutorial_dag to None, run_after=None
[2024-12-01T09:07:37.803+0000] {processor.py:208} INFO - Processing /home/airflow/.local/lib/python3.12/site-packages/airflow/example_dags/tutorial_dag.py took 0.045 seconds
[2024-12-01T09:08:08.472+0000] {processor.py:186} INFO - Started process (PID=2130) to work on /home/airflow/.local/lib/python3.12/site-packages/airflow/example_dags/tutorial_dag.py
[2024-12-01T09:08:08.472+0000] {processor.py:914} INFO - Processing file /home/airflow/.local/lib/python3.12/site-packages/airflow/example_dags/tutorial_dag.py for tasks to queue
[2024-12-01T09:08:08.473+0000] {logging_mixin.py:190} INFO - [2024-12-01T09:08:08.473+0000] {dagbag.py:588} INFO - Filling up the DagBag from /home/airflow/.local/lib/python3.12/site-packages/airflow/example_dags/tutorial_dag.py
[2024-12-01T09:08:08.477+0000] {processor.py:925} INFO - DAG(s) 'tutorial_dag' retrieved from /home/airflow/.local/lib/python3.12/site-packages/airflow/example_dags/tutorial_dag.py
[2024-12-01T09:08:08.493+0000] {logging_mixin.py:190} INFO - [2024-12-01T09:08:08.493+0000] {dag.py:3239} INFO - Sync 1 DAGs
[2024-12-01T09:08:08.500+0000] {logging_mixin.py:190} INFO - [2024-12-01T09:08:08.500+0000] {dag.py:4180} INFO - Setting next_dagrun for tutorial_dag to None, run_after=None
[2024-12-01T09:08:08.510+0000] {processor.py:208} INFO - Processing /home/airflow/.local/lib/python3.12/site-packages/airflow/example_dags/tutorial_dag.py took 0.042 seconds
[2024-12-01T09:08:39.380+0000] {processor.py:186} INFO - Started process (PID=2193) to work on /home/airflow/.local/lib/python3.12/site-packages/airflow/example_dags/tutorial_dag.py
[2024-12-01T09:08:39.381+0000] {processor.py:914} INFO - Processing file /home/airflow/.local/lib/python3.12/site-packages/airflow/example_dags/tutorial_dag.py for tasks to queue
[2024-12-01T09:08:39.383+0000] {logging_mixin.py:190} INFO - [2024-12-01T09:08:39.383+0000] {dagbag.py:588} INFO - Filling up the DagBag from /home/airflow/.local/lib/python3.12/site-packages/airflow/example_dags/tutorial_dag.py
[2024-12-01T09:08:39.387+0000] {processor.py:925} INFO - DAG(s) 'tutorial_dag' retrieved from /home/airflow/.local/lib/python3.12/site-packages/airflow/example_dags/tutorial_dag.py
[2024-12-01T09:08:39.399+0000] {logging_mixin.py:190} INFO - [2024-12-01T09:08:39.399+0000] {dag.py:3239} INFO - Sync 1 DAGs
[2024-12-01T09:08:39.406+0000] {logging_mixin.py:190} INFO - [2024-12-01T09:08:39.406+0000] {dag.py:4180} INFO - Setting next_dagrun for tutorial_dag to None, run_after=None
[2024-12-01T09:08:39.419+0000] {processor.py:208} INFO - Processing /home/airflow/.local/lib/python3.12/site-packages/airflow/example_dags/tutorial_dag.py took 0.042 seconds
[2024-12-01T09:09:09.745+0000] {processor.py:186} INFO - Started process (PID=2256) to work on /home/airflow/.local/lib/python3.12/site-packages/airflow/example_dags/tutorial_dag.py
[2024-12-01T09:09:09.746+0000] {processor.py:914} INFO - Processing file /home/airflow/.local/lib/python3.12/site-packages/airflow/example_dags/tutorial_dag.py for tasks to queue
[2024-12-01T09:09:09.748+0000] {logging_mixin.py:190} INFO - [2024-12-01T09:09:09.748+0000] {dagbag.py:588} INFO - Filling up the DagBag from /home/airflow/.local/lib/python3.12/site-packages/airflow/example_dags/tutorial_dag.py
[2024-12-01T09:09:09.752+0000] {processor.py:925} INFO - DAG(s) 'tutorial_dag' retrieved from /home/airflow/.local/lib/python3.12/site-packages/airflow/example_dags/tutorial_dag.py
[2024-12-01T09:09:09.762+0000] {logging_mixin.py:190} INFO - [2024-12-01T09:09:09.762+0000] {dag.py:3239} INFO - Sync 1 DAGs
[2024-12-01T09:09:09.770+0000] {logging_mixin.py:190} INFO - [2024-12-01T09:09:09.770+0000] {dag.py:4180} INFO - Setting next_dagrun for tutorial_dag to None, run_after=None
[2024-12-01T09:09:09.779+0000] {processor.py:208} INFO - Processing /home/airflow/.local/lib/python3.12/site-packages/airflow/example_dags/tutorial_dag.py took 0.037 seconds
[2024-12-01T09:09:40.801+0000] {processor.py:186} INFO - Started process (PID=2318) to work on /home/airflow/.local/lib/python3.12/site-packages/airflow/example_dags/tutorial_dag.py
[2024-12-01T09:09:40.801+0000] {processor.py:914} INFO - Processing file /home/airflow/.local/lib/python3.12/site-packages/airflow/example_dags/tutorial_dag.py for tasks to queue
[2024-12-01T09:09:40.802+0000] {logging_mixin.py:190} INFO - [2024-12-01T09:09:40.802+0000] {dagbag.py:588} INFO - Filling up the DagBag from /home/airflow/.local/lib/python3.12/site-packages/airflow/example_dags/tutorial_dag.py
[2024-12-01T09:09:40.806+0000] {processor.py:925} INFO - DAG(s) 'tutorial_dag' retrieved from /home/airflow/.local/lib/python3.12/site-packages/airflow/example_dags/tutorial_dag.py
[2024-12-01T09:09:40.820+0000] {logging_mixin.py:190} INFO - [2024-12-01T09:09:40.819+0000] {dag.py:3239} INFO - Sync 1 DAGs
[2024-12-01T09:09:40.829+0000] {logging_mixin.py:190} INFO - [2024-12-01T09:09:40.829+0000] {dag.py:4180} INFO - Setting next_dagrun for tutorial_dag to None, run_after=None
[2024-12-01T09:09:40.842+0000] {processor.py:208} INFO - Processing /home/airflow/.local/lib/python3.12/site-packages/airflow/example_dags/tutorial_dag.py took 0.044 seconds
[2024-12-01T09:10:11.544+0000] {processor.py:186} INFO - Started process (PID=2381) to work on /home/airflow/.local/lib/python3.12/site-packages/airflow/example_dags/tutorial_dag.py
[2024-12-01T09:10:11.544+0000] {processor.py:914} INFO - Processing file /home/airflow/.local/lib/python3.12/site-packages/airflow/example_dags/tutorial_dag.py for tasks to queue
[2024-12-01T09:10:11.545+0000] {logging_mixin.py:190} INFO - [2024-12-01T09:10:11.545+0000] {dagbag.py:588} INFO - Filling up the DagBag from /home/airflow/.local/lib/python3.12/site-packages/airflow/example_dags/tutorial_dag.py
[2024-12-01T09:10:11.550+0000] {processor.py:925} INFO - DAG(s) 'tutorial_dag' retrieved from /home/airflow/.local/lib/python3.12/site-packages/airflow/example_dags/tutorial_dag.py
[2024-12-01T09:10:11.563+0000] {logging_mixin.py:190} INFO - [2024-12-01T09:10:11.563+0000] {dag.py:3239} INFO - Sync 1 DAGs
[2024-12-01T09:10:11.572+0000] {logging_mixin.py:190} INFO - [2024-12-01T09:10:11.572+0000] {dag.py:4180} INFO - Setting next_dagrun for tutorial_dag to None, run_after=None
[2024-12-01T09:10:11.582+0000] {processor.py:208} INFO - Processing /home/airflow/.local/lib/python3.12/site-packages/airflow/example_dags/tutorial_dag.py took 0.042 seconds
[2024-12-01T09:10:42.755+0000] {processor.py:186} INFO - Started process (PID=2444) to work on /home/airflow/.local/lib/python3.12/site-packages/airflow/example_dags/tutorial_dag.py
[2024-12-01T09:10:42.756+0000] {processor.py:914} INFO - Processing file /home/airflow/.local/lib/python3.12/site-packages/airflow/example_dags/tutorial_dag.py for tasks to queue
[2024-12-01T09:10:42.757+0000] {logging_mixin.py:190} INFO - [2024-12-01T09:10:42.757+0000] {dagbag.py:588} INFO - Filling up the DagBag from /home/airflow/.local/lib/python3.12/site-packages/airflow/example_dags/tutorial_dag.py
[2024-12-01T09:10:42.762+0000] {processor.py:925} INFO - DAG(s) 'tutorial_dag' retrieved from /home/airflow/.local/lib/python3.12/site-packages/airflow/example_dags/tutorial_dag.py
[2024-12-01T09:10:42.777+0000] {logging_mixin.py:190} INFO - [2024-12-01T09:10:42.777+0000] {dag.py:3239} INFO - Sync 1 DAGs
[2024-12-01T09:10:42.789+0000] {logging_mixin.py:190} INFO - [2024-12-01T09:10:42.789+0000] {dag.py:4180} INFO - Setting next_dagrun for tutorial_dag to None, run_after=None
[2024-12-01T09:10:42.803+0000] {processor.py:208} INFO - Processing /home/airflow/.local/lib/python3.12/site-packages/airflow/example_dags/tutorial_dag.py took 0.052 seconds
[2024-12-01T09:11:14.157+0000] {processor.py:186} INFO - Started process (PID=2513) to work on /home/airflow/.local/lib/python3.12/site-packages/airflow/example_dags/tutorial_dag.py
[2024-12-01T09:11:14.158+0000] {processor.py:914} INFO - Processing file /home/airflow/.local/lib/python3.12/site-packages/airflow/example_dags/tutorial_dag.py for tasks to queue
[2024-12-01T09:11:14.159+0000] {logging_mixin.py:190} INFO - [2024-12-01T09:11:14.159+0000] {dagbag.py:588} INFO - Filling up the DagBag from /home/airflow/.local/lib/python3.12/site-packages/airflow/example_dags/tutorial_dag.py
[2024-12-01T09:11:14.163+0000] {processor.py:925} INFO - DAG(s) 'tutorial_dag' retrieved from /home/airflow/.local/lib/python3.12/site-packages/airflow/example_dags/tutorial_dag.py
[2024-12-01T09:11:14.177+0000] {logging_mixin.py:190} INFO - [2024-12-01T09:11:14.176+0000] {dag.py:3239} INFO - Sync 1 DAGs
[2024-12-01T09:11:14.185+0000] {logging_mixin.py:190} INFO - [2024-12-01T09:11:14.185+0000] {dag.py:4180} INFO - Setting next_dagrun for tutorial_dag to None, run_after=None
[2024-12-01T09:11:14.197+0000] {processor.py:208} INFO - Processing /home/airflow/.local/lib/python3.12/site-packages/airflow/example_dags/tutorial_dag.py took 0.045 seconds
[2024-12-01T09:11:44.429+0000] {processor.py:186} INFO - Started process (PID=2576) to work on /home/airflow/.local/lib/python3.12/site-packages/airflow/example_dags/tutorial_dag.py
[2024-12-01T09:11:44.430+0000] {processor.py:914} INFO - Processing file /home/airflow/.local/lib/python3.12/site-packages/airflow/example_dags/tutorial_dag.py for tasks to queue
[2024-12-01T09:11:44.432+0000] {logging_mixin.py:190} INFO - [2024-12-01T09:11:44.431+0000] {dagbag.py:588} INFO - Filling up the DagBag from /home/airflow/.local/lib/python3.12/site-packages/airflow/example_dags/tutorial_dag.py
[2024-12-01T09:11:44.436+0000] {processor.py:925} INFO - DAG(s) 'tutorial_dag' retrieved from /home/airflow/.local/lib/python3.12/site-packages/airflow/example_dags/tutorial_dag.py
[2024-12-01T09:11:44.448+0000] {logging_mixin.py:190} INFO - [2024-12-01T09:11:44.448+0000] {dag.py:3239} INFO - Sync 1 DAGs
[2024-12-01T09:11:44.456+0000] {logging_mixin.py:190} INFO - [2024-12-01T09:11:44.456+0000] {dag.py:4180} INFO - Setting next_dagrun for tutorial_dag to None, run_after=None
[2024-12-01T09:11:44.468+0000] {processor.py:208} INFO - Processing /home/airflow/.local/lib/python3.12/site-packages/airflow/example_dags/tutorial_dag.py took 0.042 seconds
