[2024-12-01T08:51:40.835+0000] {processor.py:186} INFO - Started process (PID=100) to work on /home/airflow/.local/lib/python3.12/site-packages/airflow/example_dags/tutorial_objectstorage.py
[2024-12-01T08:51:40.835+0000] {processor.py:914} INFO - Processing file /home/airflow/.local/lib/python3.12/site-packages/airflow/example_dags/tutorial_objectstorage.py for tasks to queue
[2024-12-01T08:51:40.836+0000] {logging_mixin.py:190} INFO - [2024-12-01T08:51:40.836+0000] {dagbag.py:588} INFO - Filling up the DagBag from /home/airflow/.local/lib/python3.12/site-packages/airflow/example_dags/tutorial_objectstorage.py
[2024-12-01T08:51:40.843+0000] {processor.py:925} INFO - DAG(s) 'tutorial_objectstorage' retrieved from /home/airflow/.local/lib/python3.12/site-packages/airflow/example_dags/tutorial_objectstorage.py
[2024-12-01T08:51:40.917+0000] {logging_mixin.py:190} INFO - [2024-12-01T08:51:40.917+0000] {override.py:1911} INFO - Created Permission View: can edit on DAG:tutorial_objectstorage
[2024-12-01T08:51:40.922+0000] {logging_mixin.py:190} INFO - [2024-12-01T08:51:40.922+0000] {override.py:1911} INFO - Created Permission View: can read on DAG:tutorial_objectstorage
[2024-12-01T08:51:40.926+0000] {logging_mixin.py:190} INFO - [2024-12-01T08:51:40.925+0000] {override.py:1911} INFO - Created Permission View: can delete on DAG:tutorial_objectstorage
[2024-12-01T08:51:40.929+0000] {logging_mixin.py:190} INFO - [2024-12-01T08:51:40.929+0000] {override.py:1911} INFO - Created Permission View: can create on DAG Run:tutorial_objectstorage
[2024-12-01T08:51:40.932+0000] {logging_mixin.py:190} INFO - [2024-12-01T08:51:40.932+0000] {override.py:1911} INFO - Created Permission View: menu access on DAG Run:tutorial_objectstorage
[2024-12-01T08:51:40.935+0000] {logging_mixin.py:190} INFO - [2024-12-01T08:51:40.935+0000] {override.py:1911} INFO - Created Permission View: can read on DAG Run:tutorial_objectstorage
[2024-12-01T08:51:40.938+0000] {logging_mixin.py:190} INFO - [2024-12-01T08:51:40.938+0000] {override.py:1911} INFO - Created Permission View: can delete on DAG Run:tutorial_objectstorage
[2024-12-01T08:51:40.938+0000] {logging_mixin.py:190} INFO - [2024-12-01T08:51:40.938+0000] {dag.py:3239} INFO - Sync 1 DAGs
[2024-12-01T08:51:40.945+0000] {logging_mixin.py:190} INFO - [2024-12-01T08:51:40.945+0000] {dag.py:3262} INFO - Creating ORM DAG for tutorial_objectstorage
[2024-12-01T08:51:40.945+0000] {logging_mixin.py:190} INFO - [2024-12-01T08:51:40.945+0000] {dag.py:4180} INFO - Setting next_dagrun for tutorial_objectstorage to None, run_after=None
[2024-12-01T08:51:40.956+0000] {processor.py:208} INFO - Processing /home/airflow/.local/lib/python3.12/site-packages/airflow/example_dags/tutorial_objectstorage.py took 0.125 seconds
[2024-12-01T08:52:11.518+0000] {processor.py:186} INFO - Started process (PID=162) to work on /home/airflow/.local/lib/python3.12/site-packages/airflow/example_dags/tutorial_objectstorage.py
[2024-12-01T08:52:11.519+0000] {processor.py:914} INFO - Processing file /home/airflow/.local/lib/python3.12/site-packages/airflow/example_dags/tutorial_objectstorage.py for tasks to queue
[2024-12-01T08:52:11.520+0000] {logging_mixin.py:190} INFO - [2024-12-01T08:52:11.520+0000] {dagbag.py:588} INFO - Filling up the DagBag from /home/airflow/.local/lib/python3.12/site-packages/airflow/example_dags/tutorial_objectstorage.py
[2024-12-01T08:52:11.525+0000] {processor.py:925} INFO - DAG(s) 'tutorial_objectstorage' retrieved from /home/airflow/.local/lib/python3.12/site-packages/airflow/example_dags/tutorial_objectstorage.py
[2024-12-01T08:52:11.538+0000] {logging_mixin.py:190} INFO - [2024-12-01T08:52:11.538+0000] {dag.py:3239} INFO - Sync 1 DAGs
[2024-12-01T08:52:11.546+0000] {logging_mixin.py:190} INFO - [2024-12-01T08:52:11.546+0000] {dag.py:4180} INFO - Setting next_dagrun for tutorial_objectstorage to None, run_after=None
[2024-12-01T08:52:11.557+0000] {processor.py:208} INFO - Processing /home/airflow/.local/lib/python3.12/site-packages/airflow/example_dags/tutorial_objectstorage.py took 0.043 seconds
[2024-12-01T08:52:42.168+0000] {processor.py:186} INFO - Started process (PID=225) to work on /home/airflow/.local/lib/python3.12/site-packages/airflow/example_dags/tutorial_objectstorage.py
[2024-12-01T08:52:42.169+0000] {processor.py:914} INFO - Processing file /home/airflow/.local/lib/python3.12/site-packages/airflow/example_dags/tutorial_objectstorage.py for tasks to queue
[2024-12-01T08:52:42.170+0000] {logging_mixin.py:190} INFO - [2024-12-01T08:52:42.170+0000] {dagbag.py:588} INFO - Filling up the DagBag from /home/airflow/.local/lib/python3.12/site-packages/airflow/example_dags/tutorial_objectstorage.py
[2024-12-01T08:52:42.175+0000] {processor.py:925} INFO - DAG(s) 'tutorial_objectstorage' retrieved from /home/airflow/.local/lib/python3.12/site-packages/airflow/example_dags/tutorial_objectstorage.py
[2024-12-01T08:52:42.191+0000] {logging_mixin.py:190} INFO - [2024-12-01T08:52:42.191+0000] {dag.py:3239} INFO - Sync 1 DAGs
[2024-12-01T08:52:42.203+0000] {logging_mixin.py:190} INFO - [2024-12-01T08:52:42.203+0000] {dag.py:4180} INFO - Setting next_dagrun for tutorial_objectstorage to None, run_after=None
[2024-12-01T08:52:42.216+0000] {processor.py:208} INFO - Processing /home/airflow/.local/lib/python3.12/site-packages/airflow/example_dags/tutorial_objectstorage.py took 0.051 seconds
[2024-12-01T08:53:12.519+0000] {processor.py:186} INFO - Started process (PID=287) to work on /home/airflow/.local/lib/python3.12/site-packages/airflow/example_dags/tutorial_objectstorage.py
[2024-12-01T08:53:12.520+0000] {processor.py:914} INFO - Processing file /home/airflow/.local/lib/python3.12/site-packages/airflow/example_dags/tutorial_objectstorage.py for tasks to queue
[2024-12-01T08:53:12.521+0000] {logging_mixin.py:190} INFO - [2024-12-01T08:53:12.521+0000] {dagbag.py:588} INFO - Filling up the DagBag from /home/airflow/.local/lib/python3.12/site-packages/airflow/example_dags/tutorial_objectstorage.py
[2024-12-01T08:53:12.526+0000] {processor.py:925} INFO - DAG(s) 'tutorial_objectstorage' retrieved from /home/airflow/.local/lib/python3.12/site-packages/airflow/example_dags/tutorial_objectstorage.py
[2024-12-01T08:53:12.539+0000] {logging_mixin.py:190} INFO - [2024-12-01T08:53:12.539+0000] {dag.py:3239} INFO - Sync 1 DAGs
[2024-12-01T08:53:12.547+0000] {logging_mixin.py:190} INFO - [2024-12-01T08:53:12.547+0000] {dag.py:4180} INFO - Setting next_dagrun for tutorial_objectstorage to None, run_after=None
[2024-12-01T08:53:12.557+0000] {processor.py:208} INFO - Processing /home/airflow/.local/lib/python3.12/site-packages/airflow/example_dags/tutorial_objectstorage.py took 0.041 seconds
[2024-12-01T08:53:42.754+0000] {processor.py:186} INFO - Started process (PID=350) to work on /home/airflow/.local/lib/python3.12/site-packages/airflow/example_dags/tutorial_objectstorage.py
[2024-12-01T08:53:42.755+0000] {processor.py:914} INFO - Processing file /home/airflow/.local/lib/python3.12/site-packages/airflow/example_dags/tutorial_objectstorage.py for tasks to queue
[2024-12-01T08:53:42.756+0000] {logging_mixin.py:190} INFO - [2024-12-01T08:53:42.756+0000] {dagbag.py:588} INFO - Filling up the DagBag from /home/airflow/.local/lib/python3.12/site-packages/airflow/example_dags/tutorial_objectstorage.py
[2024-12-01T08:53:42.760+0000] {processor.py:925} INFO - DAG(s) 'tutorial_objectstorage' retrieved from /home/airflow/.local/lib/python3.12/site-packages/airflow/example_dags/tutorial_objectstorage.py
[2024-12-01T08:53:42.770+0000] {logging_mixin.py:190} INFO - [2024-12-01T08:53:42.770+0000] {dag.py:3239} INFO - Sync 1 DAGs
[2024-12-01T08:53:42.777+0000] {logging_mixin.py:190} INFO - [2024-12-01T08:53:42.777+0000] {dag.py:4180} INFO - Setting next_dagrun for tutorial_objectstorage to None, run_after=None
[2024-12-01T08:53:42.785+0000] {processor.py:208} INFO - Processing /home/airflow/.local/lib/python3.12/site-packages/airflow/example_dags/tutorial_objectstorage.py took 0.034 seconds
[2024-12-01T08:54:12.983+0000] {processor.py:186} INFO - Started process (PID=413) to work on /home/airflow/.local/lib/python3.12/site-packages/airflow/example_dags/tutorial_objectstorage.py
[2024-12-01T08:54:12.984+0000] {processor.py:914} INFO - Processing file /home/airflow/.local/lib/python3.12/site-packages/airflow/example_dags/tutorial_objectstorage.py for tasks to queue
[2024-12-01T08:54:12.986+0000] {logging_mixin.py:190} INFO - [2024-12-01T08:54:12.985+0000] {dagbag.py:588} INFO - Filling up the DagBag from /home/airflow/.local/lib/python3.12/site-packages/airflow/example_dags/tutorial_objectstorage.py
[2024-12-01T08:54:12.990+0000] {processor.py:925} INFO - DAG(s) 'tutorial_objectstorage' retrieved from /home/airflow/.local/lib/python3.12/site-packages/airflow/example_dags/tutorial_objectstorage.py
[2024-12-01T08:54:13.005+0000] {logging_mixin.py:190} INFO - [2024-12-01T08:54:13.005+0000] {dag.py:3239} INFO - Sync 1 DAGs
[2024-12-01T08:54:13.015+0000] {logging_mixin.py:190} INFO - [2024-12-01T08:54:13.015+0000] {dag.py:4180} INFO - Setting next_dagrun for tutorial_objectstorage to None, run_after=None
[2024-12-01T08:54:13.032+0000] {processor.py:208} INFO - Processing /home/airflow/.local/lib/python3.12/site-packages/airflow/example_dags/tutorial_objectstorage.py took 0.053 seconds
[2024-12-01T08:54:43.273+0000] {processor.py:186} INFO - Started process (PID=476) to work on /home/airflow/.local/lib/python3.12/site-packages/airflow/example_dags/tutorial_objectstorage.py
[2024-12-01T08:54:43.274+0000] {processor.py:914} INFO - Processing file /home/airflow/.local/lib/python3.12/site-packages/airflow/example_dags/tutorial_objectstorage.py for tasks to queue
[2024-12-01T08:54:43.275+0000] {logging_mixin.py:190} INFO - [2024-12-01T08:54:43.275+0000] {dagbag.py:588} INFO - Filling up the DagBag from /home/airflow/.local/lib/python3.12/site-packages/airflow/example_dags/tutorial_objectstorage.py
[2024-12-01T08:54:43.281+0000] {processor.py:925} INFO - DAG(s) 'tutorial_objectstorage' retrieved from /home/airflow/.local/lib/python3.12/site-packages/airflow/example_dags/tutorial_objectstorage.py
[2024-12-01T08:54:43.297+0000] {logging_mixin.py:190} INFO - [2024-12-01T08:54:43.297+0000] {dag.py:3239} INFO - Sync 1 DAGs
[2024-12-01T08:54:43.306+0000] {logging_mixin.py:190} INFO - [2024-12-01T08:54:43.306+0000] {dag.py:4180} INFO - Setting next_dagrun for tutorial_objectstorage to None, run_after=None
[2024-12-01T08:54:43.319+0000] {processor.py:208} INFO - Processing /home/airflow/.local/lib/python3.12/site-packages/airflow/example_dags/tutorial_objectstorage.py took 0.049 seconds
[2024-12-01T08:55:14.283+0000] {processor.py:186} INFO - Started process (PID=539) to work on /home/airflow/.local/lib/python3.12/site-packages/airflow/example_dags/tutorial_objectstorage.py
[2024-12-01T08:55:14.283+0000] {processor.py:914} INFO - Processing file /home/airflow/.local/lib/python3.12/site-packages/airflow/example_dags/tutorial_objectstorage.py for tasks to queue
[2024-12-01T08:55:14.284+0000] {logging_mixin.py:190} INFO - [2024-12-01T08:55:14.284+0000] {dagbag.py:588} INFO - Filling up the DagBag from /home/airflow/.local/lib/python3.12/site-packages/airflow/example_dags/tutorial_objectstorage.py
[2024-12-01T08:55:14.290+0000] {processor.py:925} INFO - DAG(s) 'tutorial_objectstorage' retrieved from /home/airflow/.local/lib/python3.12/site-packages/airflow/example_dags/tutorial_objectstorage.py
[2024-12-01T08:55:14.302+0000] {logging_mixin.py:190} INFO - [2024-12-01T08:55:14.302+0000] {dag.py:3239} INFO - Sync 1 DAGs
[2024-12-01T08:55:14.310+0000] {logging_mixin.py:190} INFO - [2024-12-01T08:55:14.309+0000] {dag.py:4180} INFO - Setting next_dagrun for tutorial_objectstorage to None, run_after=None
[2024-12-01T08:55:14.321+0000] {processor.py:208} INFO - Processing /home/airflow/.local/lib/python3.12/site-packages/airflow/example_dags/tutorial_objectstorage.py took 0.042 seconds
[2024-12-01T08:55:44.542+0000] {processor.py:186} INFO - Started process (PID=601) to work on /home/airflow/.local/lib/python3.12/site-packages/airflow/example_dags/tutorial_objectstorage.py
[2024-12-01T08:55:44.543+0000] {processor.py:914} INFO - Processing file /home/airflow/.local/lib/python3.12/site-packages/airflow/example_dags/tutorial_objectstorage.py for tasks to queue
[2024-12-01T08:55:44.544+0000] {logging_mixin.py:190} INFO - [2024-12-01T08:55:44.543+0000] {dagbag.py:588} INFO - Filling up the DagBag from /home/airflow/.local/lib/python3.12/site-packages/airflow/example_dags/tutorial_objectstorage.py
[2024-12-01T08:55:44.549+0000] {processor.py:925} INFO - DAG(s) 'tutorial_objectstorage' retrieved from /home/airflow/.local/lib/python3.12/site-packages/airflow/example_dags/tutorial_objectstorage.py
[2024-12-01T08:55:44.560+0000] {logging_mixin.py:190} INFO - [2024-12-01T08:55:44.560+0000] {dag.py:3239} INFO - Sync 1 DAGs
[2024-12-01T08:55:44.567+0000] {logging_mixin.py:190} INFO - [2024-12-01T08:55:44.566+0000] {dag.py:4180} INFO - Setting next_dagrun for tutorial_objectstorage to None, run_after=None
[2024-12-01T08:55:44.578+0000] {processor.py:208} INFO - Processing /home/airflow/.local/lib/python3.12/site-packages/airflow/example_dags/tutorial_objectstorage.py took 0.040 seconds
[2024-12-01T08:56:14.747+0000] {processor.py:186} INFO - Started process (PID=664) to work on /home/airflow/.local/lib/python3.12/site-packages/airflow/example_dags/tutorial_objectstorage.py
[2024-12-01T08:56:14.748+0000] {processor.py:914} INFO - Processing file /home/airflow/.local/lib/python3.12/site-packages/airflow/example_dags/tutorial_objectstorage.py for tasks to queue
[2024-12-01T08:56:14.749+0000] {logging_mixin.py:190} INFO - [2024-12-01T08:56:14.749+0000] {dagbag.py:588} INFO - Filling up the DagBag from /home/airflow/.local/lib/python3.12/site-packages/airflow/example_dags/tutorial_objectstorage.py
[2024-12-01T08:56:14.754+0000] {processor.py:925} INFO - DAG(s) 'tutorial_objectstorage' retrieved from /home/airflow/.local/lib/python3.12/site-packages/airflow/example_dags/tutorial_objectstorage.py
[2024-12-01T08:56:14.768+0000] {logging_mixin.py:190} INFO - [2024-12-01T08:56:14.767+0000] {dag.py:3239} INFO - Sync 1 DAGs
[2024-12-01T08:56:14.778+0000] {logging_mixin.py:190} INFO - [2024-12-01T08:56:14.778+0000] {dag.py:4180} INFO - Setting next_dagrun for tutorial_objectstorage to None, run_after=None
[2024-12-01T08:56:14.792+0000] {processor.py:208} INFO - Processing /home/airflow/.local/lib/python3.12/site-packages/airflow/example_dags/tutorial_objectstorage.py took 0.048 seconds
[2024-12-01T08:56:45.493+0000] {processor.py:186} INFO - Started process (PID=727) to work on /home/airflow/.local/lib/python3.12/site-packages/airflow/example_dags/tutorial_objectstorage.py
[2024-12-01T08:56:45.494+0000] {processor.py:914} INFO - Processing file /home/airflow/.local/lib/python3.12/site-packages/airflow/example_dags/tutorial_objectstorage.py for tasks to queue
[2024-12-01T08:56:45.495+0000] {logging_mixin.py:190} INFO - [2024-12-01T08:56:45.495+0000] {dagbag.py:588} INFO - Filling up the DagBag from /home/airflow/.local/lib/python3.12/site-packages/airflow/example_dags/tutorial_objectstorage.py
[2024-12-01T08:56:45.500+0000] {processor.py:925} INFO - DAG(s) 'tutorial_objectstorage' retrieved from /home/airflow/.local/lib/python3.12/site-packages/airflow/example_dags/tutorial_objectstorage.py
[2024-12-01T08:56:45.518+0000] {logging_mixin.py:190} INFO - [2024-12-01T08:56:45.517+0000] {dag.py:3239} INFO - Sync 1 DAGs
[2024-12-01T08:56:45.529+0000] {logging_mixin.py:190} INFO - [2024-12-01T08:56:45.529+0000] {dag.py:4180} INFO - Setting next_dagrun for tutorial_objectstorage to None, run_after=None
[2024-12-01T08:56:45.540+0000] {processor.py:208} INFO - Processing /home/airflow/.local/lib/python3.12/site-packages/airflow/example_dags/tutorial_objectstorage.py took 0.050 seconds
[2024-12-01T08:57:16.286+0000] {processor.py:186} INFO - Started process (PID=790) to work on /home/airflow/.local/lib/python3.12/site-packages/airflow/example_dags/tutorial_objectstorage.py
[2024-12-01T08:57:16.287+0000] {processor.py:914} INFO - Processing file /home/airflow/.local/lib/python3.12/site-packages/airflow/example_dags/tutorial_objectstorage.py for tasks to queue
[2024-12-01T08:57:16.288+0000] {logging_mixin.py:190} INFO - [2024-12-01T08:57:16.288+0000] {dagbag.py:588} INFO - Filling up the DagBag from /home/airflow/.local/lib/python3.12/site-packages/airflow/example_dags/tutorial_objectstorage.py
[2024-12-01T08:57:16.293+0000] {processor.py:925} INFO - DAG(s) 'tutorial_objectstorage' retrieved from /home/airflow/.local/lib/python3.12/site-packages/airflow/example_dags/tutorial_objectstorage.py
[2024-12-01T08:57:16.307+0000] {logging_mixin.py:190} INFO - [2024-12-01T08:57:16.307+0000] {dag.py:3239} INFO - Sync 1 DAGs
[2024-12-01T08:57:16.317+0000] {logging_mixin.py:190} INFO - [2024-12-01T08:57:16.317+0000] {dag.py:4180} INFO - Setting next_dagrun for tutorial_objectstorage to None, run_after=None
[2024-12-01T08:57:16.332+0000] {processor.py:208} INFO - Processing /home/airflow/.local/lib/python3.12/site-packages/airflow/example_dags/tutorial_objectstorage.py took 0.048 seconds
[2024-12-01T08:57:47.037+0000] {processor.py:186} INFO - Started process (PID=853) to work on /home/airflow/.local/lib/python3.12/site-packages/airflow/example_dags/tutorial_objectstorage.py
[2024-12-01T08:57:47.037+0000] {processor.py:914} INFO - Processing file /home/airflow/.local/lib/python3.12/site-packages/airflow/example_dags/tutorial_objectstorage.py for tasks to queue
[2024-12-01T08:57:47.038+0000] {logging_mixin.py:190} INFO - [2024-12-01T08:57:47.038+0000] {dagbag.py:588} INFO - Filling up the DagBag from /home/airflow/.local/lib/python3.12/site-packages/airflow/example_dags/tutorial_objectstorage.py
[2024-12-01T08:57:47.043+0000] {processor.py:925} INFO - DAG(s) 'tutorial_objectstorage' retrieved from /home/airflow/.local/lib/python3.12/site-packages/airflow/example_dags/tutorial_objectstorage.py
[2024-12-01T08:57:47.057+0000] {logging_mixin.py:190} INFO - [2024-12-01T08:57:47.057+0000] {dag.py:3239} INFO - Sync 1 DAGs
[2024-12-01T08:57:47.068+0000] {logging_mixin.py:190} INFO - [2024-12-01T08:57:47.068+0000] {dag.py:4180} INFO - Setting next_dagrun for tutorial_objectstorage to None, run_after=None
[2024-12-01T08:57:47.084+0000] {processor.py:208} INFO - Processing /home/airflow/.local/lib/python3.12/site-packages/airflow/example_dags/tutorial_objectstorage.py took 0.050 seconds
[2024-12-01T08:58:17.905+0000] {processor.py:186} INFO - Started process (PID=916) to work on /home/airflow/.local/lib/python3.12/site-packages/airflow/example_dags/tutorial_objectstorage.py
[2024-12-01T08:58:17.906+0000] {processor.py:914} INFO - Processing file /home/airflow/.local/lib/python3.12/site-packages/airflow/example_dags/tutorial_objectstorage.py for tasks to queue
[2024-12-01T08:58:17.907+0000] {logging_mixin.py:190} INFO - [2024-12-01T08:58:17.907+0000] {dagbag.py:588} INFO - Filling up the DagBag from /home/airflow/.local/lib/python3.12/site-packages/airflow/example_dags/tutorial_objectstorage.py
[2024-12-01T08:58:17.913+0000] {processor.py:925} INFO - DAG(s) 'tutorial_objectstorage' retrieved from /home/airflow/.local/lib/python3.12/site-packages/airflow/example_dags/tutorial_objectstorage.py
[2024-12-01T08:58:17.928+0000] {logging_mixin.py:190} INFO - [2024-12-01T08:58:17.928+0000] {dag.py:3239} INFO - Sync 1 DAGs
[2024-12-01T08:58:17.936+0000] {logging_mixin.py:190} INFO - [2024-12-01T08:58:17.936+0000] {dag.py:4180} INFO - Setting next_dagrun for tutorial_objectstorage to None, run_after=None
[2024-12-01T08:58:17.950+0000] {processor.py:208} INFO - Processing /home/airflow/.local/lib/python3.12/site-packages/airflow/example_dags/tutorial_objectstorage.py took 0.049 seconds
[2024-12-01T08:58:48.717+0000] {processor.py:186} INFO - Started process (PID=979) to work on /home/airflow/.local/lib/python3.12/site-packages/airflow/example_dags/tutorial_objectstorage.py
[2024-12-01T08:58:48.718+0000] {processor.py:914} INFO - Processing file /home/airflow/.local/lib/python3.12/site-packages/airflow/example_dags/tutorial_objectstorage.py for tasks to queue
[2024-12-01T08:58:48.719+0000] {logging_mixin.py:190} INFO - [2024-12-01T08:58:48.719+0000] {dagbag.py:588} INFO - Filling up the DagBag from /home/airflow/.local/lib/python3.12/site-packages/airflow/example_dags/tutorial_objectstorage.py
[2024-12-01T08:58:48.723+0000] {processor.py:925} INFO - DAG(s) 'tutorial_objectstorage' retrieved from /home/airflow/.local/lib/python3.12/site-packages/airflow/example_dags/tutorial_objectstorage.py
[2024-12-01T08:58:48.736+0000] {logging_mixin.py:190} INFO - [2024-12-01T08:58:48.736+0000] {dag.py:3239} INFO - Sync 1 DAGs
[2024-12-01T08:58:48.743+0000] {logging_mixin.py:190} INFO - [2024-12-01T08:58:48.743+0000] {dag.py:4180} INFO - Setting next_dagrun for tutorial_objectstorage to None, run_after=None
[2024-12-01T08:58:48.751+0000] {processor.py:208} INFO - Processing /home/airflow/.local/lib/python3.12/site-packages/airflow/example_dags/tutorial_objectstorage.py took 0.037 seconds
[2024-12-01T08:59:19.500+0000] {processor.py:186} INFO - Started process (PID=1042) to work on /home/airflow/.local/lib/python3.12/site-packages/airflow/example_dags/tutorial_objectstorage.py
[2024-12-01T08:59:19.501+0000] {processor.py:914} INFO - Processing file /home/airflow/.local/lib/python3.12/site-packages/airflow/example_dags/tutorial_objectstorage.py for tasks to queue
[2024-12-01T08:59:19.502+0000] {logging_mixin.py:190} INFO - [2024-12-01T08:59:19.502+0000] {dagbag.py:588} INFO - Filling up the DagBag from /home/airflow/.local/lib/python3.12/site-packages/airflow/example_dags/tutorial_objectstorage.py
[2024-12-01T08:59:19.506+0000] {processor.py:925} INFO - DAG(s) 'tutorial_objectstorage' retrieved from /home/airflow/.local/lib/python3.12/site-packages/airflow/example_dags/tutorial_objectstorage.py
[2024-12-01T08:59:19.520+0000] {logging_mixin.py:190} INFO - [2024-12-01T08:59:19.519+0000] {dag.py:3239} INFO - Sync 1 DAGs
[2024-12-01T08:59:19.531+0000] {logging_mixin.py:190} INFO - [2024-12-01T08:59:19.530+0000] {dag.py:4180} INFO - Setting next_dagrun for tutorial_objectstorage to None, run_after=None
[2024-12-01T08:59:19.544+0000] {processor.py:208} INFO - Processing /home/airflow/.local/lib/python3.12/site-packages/airflow/example_dags/tutorial_objectstorage.py took 0.048 seconds
[2024-12-01T08:59:50.347+0000] {processor.py:186} INFO - Started process (PID=1105) to work on /home/airflow/.local/lib/python3.12/site-packages/airflow/example_dags/tutorial_objectstorage.py
[2024-12-01T08:59:50.347+0000] {processor.py:914} INFO - Processing file /home/airflow/.local/lib/python3.12/site-packages/airflow/example_dags/tutorial_objectstorage.py for tasks to queue
[2024-12-01T08:59:50.348+0000] {logging_mixin.py:190} INFO - [2024-12-01T08:59:50.348+0000] {dagbag.py:588} INFO - Filling up the DagBag from /home/airflow/.local/lib/python3.12/site-packages/airflow/example_dags/tutorial_objectstorage.py
[2024-12-01T08:59:50.353+0000] {processor.py:925} INFO - DAG(s) 'tutorial_objectstorage' retrieved from /home/airflow/.local/lib/python3.12/site-packages/airflow/example_dags/tutorial_objectstorage.py
[2024-12-01T08:59:50.367+0000] {logging_mixin.py:190} INFO - [2024-12-01T08:59:50.367+0000] {dag.py:3239} INFO - Sync 1 DAGs
[2024-12-01T08:59:50.379+0000] {logging_mixin.py:190} INFO - [2024-12-01T08:59:50.379+0000] {dag.py:4180} INFO - Setting next_dagrun for tutorial_objectstorage to None, run_after=None
[2024-12-01T08:59:50.389+0000] {processor.py:208} INFO - Processing /home/airflow/.local/lib/python3.12/site-packages/airflow/example_dags/tutorial_objectstorage.py took 0.045 seconds
[2024-12-01T09:00:21.213+0000] {processor.py:186} INFO - Started process (PID=1168) to work on /home/airflow/.local/lib/python3.12/site-packages/airflow/example_dags/tutorial_objectstorage.py
[2024-12-01T09:00:21.213+0000] {processor.py:914} INFO - Processing file /home/airflow/.local/lib/python3.12/site-packages/airflow/example_dags/tutorial_objectstorage.py for tasks to queue
[2024-12-01T09:00:21.215+0000] {logging_mixin.py:190} INFO - [2024-12-01T09:00:21.215+0000] {dagbag.py:588} INFO - Filling up the DagBag from /home/airflow/.local/lib/python3.12/site-packages/airflow/example_dags/tutorial_objectstorage.py
[2024-12-01T09:00:21.221+0000] {processor.py:925} INFO - DAG(s) 'tutorial_objectstorage' retrieved from /home/airflow/.local/lib/python3.12/site-packages/airflow/example_dags/tutorial_objectstorage.py
[2024-12-01T09:00:21.234+0000] {logging_mixin.py:190} INFO - [2024-12-01T09:00:21.234+0000] {dag.py:3239} INFO - Sync 1 DAGs
[2024-12-01T09:00:21.244+0000] {logging_mixin.py:190} INFO - [2024-12-01T09:00:21.244+0000] {dag.py:4180} INFO - Setting next_dagrun for tutorial_objectstorage to None, run_after=None
[2024-12-01T09:00:21.257+0000] {processor.py:208} INFO - Processing /home/airflow/.local/lib/python3.12/site-packages/airflow/example_dags/tutorial_objectstorage.py took 0.047 seconds
[2024-12-01T09:00:51.864+0000] {processor.py:186} INFO - Started process (PID=1231) to work on /home/airflow/.local/lib/python3.12/site-packages/airflow/example_dags/tutorial_objectstorage.py
[2024-12-01T09:00:51.864+0000] {processor.py:914} INFO - Processing file /home/airflow/.local/lib/python3.12/site-packages/airflow/example_dags/tutorial_objectstorage.py for tasks to queue
[2024-12-01T09:00:51.865+0000] {logging_mixin.py:190} INFO - [2024-12-01T09:00:51.865+0000] {dagbag.py:588} INFO - Filling up the DagBag from /home/airflow/.local/lib/python3.12/site-packages/airflow/example_dags/tutorial_objectstorage.py
[2024-12-01T09:00:51.871+0000] {processor.py:925} INFO - DAG(s) 'tutorial_objectstorage' retrieved from /home/airflow/.local/lib/python3.12/site-packages/airflow/example_dags/tutorial_objectstorage.py
[2024-12-01T09:00:51.882+0000] {logging_mixin.py:190} INFO - [2024-12-01T09:00:51.882+0000] {dag.py:3239} INFO - Sync 1 DAGs
[2024-12-01T09:00:51.890+0000] {logging_mixin.py:190} INFO - [2024-12-01T09:00:51.890+0000] {dag.py:4180} INFO - Setting next_dagrun for tutorial_objectstorage to None, run_after=None
[2024-12-01T09:00:51.899+0000] {processor.py:208} INFO - Processing /home/airflow/.local/lib/python3.12/site-packages/airflow/example_dags/tutorial_objectstorage.py took 0.039 seconds
[2024-12-01T09:01:22.155+0000] {processor.py:186} INFO - Started process (PID=1294) to work on /home/airflow/.local/lib/python3.12/site-packages/airflow/example_dags/tutorial_objectstorage.py
[2024-12-01T09:01:22.155+0000] {processor.py:914} INFO - Processing file /home/airflow/.local/lib/python3.12/site-packages/airflow/example_dags/tutorial_objectstorage.py for tasks to queue
[2024-12-01T09:01:22.156+0000] {logging_mixin.py:190} INFO - [2024-12-01T09:01:22.156+0000] {dagbag.py:588} INFO - Filling up the DagBag from /home/airflow/.local/lib/python3.12/site-packages/airflow/example_dags/tutorial_objectstorage.py
[2024-12-01T09:01:22.161+0000] {processor.py:925} INFO - DAG(s) 'tutorial_objectstorage' retrieved from /home/airflow/.local/lib/python3.12/site-packages/airflow/example_dags/tutorial_objectstorage.py
[2024-12-01T09:01:22.174+0000] {logging_mixin.py:190} INFO - [2024-12-01T09:01:22.174+0000] {dag.py:3239} INFO - Sync 1 DAGs
[2024-12-01T09:01:22.181+0000] {logging_mixin.py:190} INFO - [2024-12-01T09:01:22.181+0000] {dag.py:4180} INFO - Setting next_dagrun for tutorial_objectstorage to None, run_after=None
[2024-12-01T09:01:22.194+0000] {processor.py:208} INFO - Processing /home/airflow/.local/lib/python3.12/site-packages/airflow/example_dags/tutorial_objectstorage.py took 0.042 seconds
[2024-12-01T09:01:52.562+0000] {processor.py:186} INFO - Started process (PID=1358) to work on /home/airflow/.local/lib/python3.12/site-packages/airflow/example_dags/tutorial_objectstorage.py
[2024-12-01T09:01:52.562+0000] {processor.py:914} INFO - Processing file /home/airflow/.local/lib/python3.12/site-packages/airflow/example_dags/tutorial_objectstorage.py for tasks to queue
[2024-12-01T09:01:52.563+0000] {logging_mixin.py:190} INFO - [2024-12-01T09:01:52.563+0000] {dagbag.py:588} INFO - Filling up the DagBag from /home/airflow/.local/lib/python3.12/site-packages/airflow/example_dags/tutorial_objectstorage.py
[2024-12-01T09:01:52.568+0000] {processor.py:925} INFO - DAG(s) 'tutorial_objectstorage' retrieved from /home/airflow/.local/lib/python3.12/site-packages/airflow/example_dags/tutorial_objectstorage.py
[2024-12-01T09:01:52.582+0000] {logging_mixin.py:190} INFO - [2024-12-01T09:01:52.582+0000] {dag.py:3239} INFO - Sync 1 DAGs
[2024-12-01T09:01:52.590+0000] {logging_mixin.py:190} INFO - [2024-12-01T09:01:52.590+0000] {dag.py:4180} INFO - Setting next_dagrun for tutorial_objectstorage to None, run_after=None
[2024-12-01T09:01:52.605+0000] {processor.py:208} INFO - Processing /home/airflow/.local/lib/python3.12/site-packages/airflow/example_dags/tutorial_objectstorage.py took 0.047 seconds
[2024-12-01T09:02:22.690+0000] {processor.py:186} INFO - Started process (PID=1421) to work on /home/airflow/.local/lib/python3.12/site-packages/airflow/example_dags/tutorial_objectstorage.py
[2024-12-01T09:02:22.691+0000] {processor.py:914} INFO - Processing file /home/airflow/.local/lib/python3.12/site-packages/airflow/example_dags/tutorial_objectstorage.py for tasks to queue
[2024-12-01T09:02:22.692+0000] {logging_mixin.py:190} INFO - [2024-12-01T09:02:22.692+0000] {dagbag.py:588} INFO - Filling up the DagBag from /home/airflow/.local/lib/python3.12/site-packages/airflow/example_dags/tutorial_objectstorage.py
[2024-12-01T09:02:22.697+0000] {processor.py:925} INFO - DAG(s) 'tutorial_objectstorage' retrieved from /home/airflow/.local/lib/python3.12/site-packages/airflow/example_dags/tutorial_objectstorage.py
[2024-12-01T09:02:22.711+0000] {logging_mixin.py:190} INFO - [2024-12-01T09:02:22.710+0000] {dag.py:3239} INFO - Sync 1 DAGs
[2024-12-01T09:02:22.723+0000] {logging_mixin.py:190} INFO - [2024-12-01T09:02:22.722+0000] {dag.py:4180} INFO - Setting next_dagrun for tutorial_objectstorage to None, run_after=None
[2024-12-01T09:02:22.733+0000] {processor.py:208} INFO - Processing /home/airflow/.local/lib/python3.12/site-packages/airflow/example_dags/tutorial_objectstorage.py took 0.046 seconds
[2024-12-01T09:02:53.630+0000] {processor.py:186} INFO - Started process (PID=1484) to work on /home/airflow/.local/lib/python3.12/site-packages/airflow/example_dags/tutorial_objectstorage.py
[2024-12-01T09:02:53.631+0000] {processor.py:914} INFO - Processing file /home/airflow/.local/lib/python3.12/site-packages/airflow/example_dags/tutorial_objectstorage.py for tasks to queue
[2024-12-01T09:02:53.632+0000] {logging_mixin.py:190} INFO - [2024-12-01T09:02:53.632+0000] {dagbag.py:588} INFO - Filling up the DagBag from /home/airflow/.local/lib/python3.12/site-packages/airflow/example_dags/tutorial_objectstorage.py
[2024-12-01T09:02:53.637+0000] {processor.py:925} INFO - DAG(s) 'tutorial_objectstorage' retrieved from /home/airflow/.local/lib/python3.12/site-packages/airflow/example_dags/tutorial_objectstorage.py
[2024-12-01T09:02:53.652+0000] {logging_mixin.py:190} INFO - [2024-12-01T09:02:53.652+0000] {dag.py:3239} INFO - Sync 1 DAGs
[2024-12-01T09:02:53.662+0000] {logging_mixin.py:190} INFO - [2024-12-01T09:02:53.662+0000] {dag.py:4180} INFO - Setting next_dagrun for tutorial_objectstorage to None, run_after=None
[2024-12-01T09:02:53.680+0000] {processor.py:208} INFO - Processing /home/airflow/.local/lib/python3.12/site-packages/airflow/example_dags/tutorial_objectstorage.py took 0.053 seconds
[2024-12-01T09:03:24.261+0000] {processor.py:186} INFO - Started process (PID=1547) to work on /home/airflow/.local/lib/python3.12/site-packages/airflow/example_dags/tutorial_objectstorage.py
[2024-12-01T09:03:24.262+0000] {processor.py:914} INFO - Processing file /home/airflow/.local/lib/python3.12/site-packages/airflow/example_dags/tutorial_objectstorage.py for tasks to queue
[2024-12-01T09:03:24.263+0000] {logging_mixin.py:190} INFO - [2024-12-01T09:03:24.263+0000] {dagbag.py:588} INFO - Filling up the DagBag from /home/airflow/.local/lib/python3.12/site-packages/airflow/example_dags/tutorial_objectstorage.py
[2024-12-01T09:03:24.268+0000] {processor.py:925} INFO - DAG(s) 'tutorial_objectstorage' retrieved from /home/airflow/.local/lib/python3.12/site-packages/airflow/example_dags/tutorial_objectstorage.py
[2024-12-01T09:03:24.279+0000] {logging_mixin.py:190} INFO - [2024-12-01T09:03:24.279+0000] {dag.py:3239} INFO - Sync 1 DAGs
[2024-12-01T09:03:24.287+0000] {logging_mixin.py:190} INFO - [2024-12-01T09:03:24.286+0000] {dag.py:4180} INFO - Setting next_dagrun for tutorial_objectstorage to None, run_after=None
[2024-12-01T09:03:24.298+0000] {processor.py:208} INFO - Processing /home/airflow/.local/lib/python3.12/site-packages/airflow/example_dags/tutorial_objectstorage.py took 0.041 seconds
[2024-12-01T09:03:54.562+0000] {processor.py:186} INFO - Started process (PID=1610) to work on /home/airflow/.local/lib/python3.12/site-packages/airflow/example_dags/tutorial_objectstorage.py
[2024-12-01T09:03:54.562+0000] {processor.py:914} INFO - Processing file /home/airflow/.local/lib/python3.12/site-packages/airflow/example_dags/tutorial_objectstorage.py for tasks to queue
[2024-12-01T09:03:54.563+0000] {logging_mixin.py:190} INFO - [2024-12-01T09:03:54.563+0000] {dagbag.py:588} INFO - Filling up the DagBag from /home/airflow/.local/lib/python3.12/site-packages/airflow/example_dags/tutorial_objectstorage.py
[2024-12-01T09:03:54.568+0000] {processor.py:925} INFO - DAG(s) 'tutorial_objectstorage' retrieved from /home/airflow/.local/lib/python3.12/site-packages/airflow/example_dags/tutorial_objectstorage.py
[2024-12-01T09:03:54.582+0000] {logging_mixin.py:190} INFO - [2024-12-01T09:03:54.582+0000] {dag.py:3239} INFO - Sync 1 DAGs
[2024-12-01T09:03:54.596+0000] {logging_mixin.py:190} INFO - [2024-12-01T09:03:54.595+0000] {dag.py:4180} INFO - Setting next_dagrun for tutorial_objectstorage to None, run_after=None
[2024-12-01T09:03:54.611+0000] {processor.py:208} INFO - Processing /home/airflow/.local/lib/python3.12/site-packages/airflow/example_dags/tutorial_objectstorage.py took 0.054 seconds
[2024-12-01T09:04:24.827+0000] {processor.py:186} INFO - Started process (PID=1673) to work on /home/airflow/.local/lib/python3.12/site-packages/airflow/example_dags/tutorial_objectstorage.py
[2024-12-01T09:04:24.828+0000] {processor.py:914} INFO - Processing file /home/airflow/.local/lib/python3.12/site-packages/airflow/example_dags/tutorial_objectstorage.py for tasks to queue
[2024-12-01T09:04:24.829+0000] {logging_mixin.py:190} INFO - [2024-12-01T09:04:24.829+0000] {dagbag.py:588} INFO - Filling up the DagBag from /home/airflow/.local/lib/python3.12/site-packages/airflow/example_dags/tutorial_objectstorage.py
[2024-12-01T09:04:24.836+0000] {processor.py:925} INFO - DAG(s) 'tutorial_objectstorage' retrieved from /home/airflow/.local/lib/python3.12/site-packages/airflow/example_dags/tutorial_objectstorage.py
[2024-12-01T09:04:24.849+0000] {logging_mixin.py:190} INFO - [2024-12-01T09:04:24.849+0000] {dag.py:3239} INFO - Sync 1 DAGs
[2024-12-01T09:04:24.862+0000] {logging_mixin.py:190} INFO - [2024-12-01T09:04:24.862+0000] {dag.py:4180} INFO - Setting next_dagrun for tutorial_objectstorage to None, run_after=None
[2024-12-01T09:04:24.877+0000] {processor.py:208} INFO - Processing /home/airflow/.local/lib/python3.12/site-packages/airflow/example_dags/tutorial_objectstorage.py took 0.054 seconds
[2024-12-01T09:04:55.284+0000] {processor.py:186} INFO - Started process (PID=1736) to work on /home/airflow/.local/lib/python3.12/site-packages/airflow/example_dags/tutorial_objectstorage.py
[2024-12-01T09:04:55.285+0000] {processor.py:914} INFO - Processing file /home/airflow/.local/lib/python3.12/site-packages/airflow/example_dags/tutorial_objectstorage.py for tasks to queue
[2024-12-01T09:04:55.286+0000] {logging_mixin.py:190} INFO - [2024-12-01T09:04:55.286+0000] {dagbag.py:588} INFO - Filling up the DagBag from /home/airflow/.local/lib/python3.12/site-packages/airflow/example_dags/tutorial_objectstorage.py
[2024-12-01T09:04:55.291+0000] {processor.py:925} INFO - DAG(s) 'tutorial_objectstorage' retrieved from /home/airflow/.local/lib/python3.12/site-packages/airflow/example_dags/tutorial_objectstorage.py
[2024-12-01T09:04:55.303+0000] {logging_mixin.py:190} INFO - [2024-12-01T09:04:55.303+0000] {dag.py:3239} INFO - Sync 1 DAGs
[2024-12-01T09:04:55.310+0000] {logging_mixin.py:190} INFO - [2024-12-01T09:04:55.310+0000] {dag.py:4180} INFO - Setting next_dagrun for tutorial_objectstorage to None, run_after=None
[2024-12-01T09:04:55.320+0000] {processor.py:208} INFO - Processing /home/airflow/.local/lib/python3.12/site-packages/airflow/example_dags/tutorial_objectstorage.py took 0.039 seconds
[2024-12-01T09:05:26.031+0000] {processor.py:186} INFO - Started process (PID=1799) to work on /home/airflow/.local/lib/python3.12/site-packages/airflow/example_dags/tutorial_objectstorage.py
[2024-12-01T09:05:26.032+0000] {processor.py:914} INFO - Processing file /home/airflow/.local/lib/python3.12/site-packages/airflow/example_dags/tutorial_objectstorage.py for tasks to queue
[2024-12-01T09:05:26.033+0000] {logging_mixin.py:190} INFO - [2024-12-01T09:05:26.033+0000] {dagbag.py:588} INFO - Filling up the DagBag from /home/airflow/.local/lib/python3.12/site-packages/airflow/example_dags/tutorial_objectstorage.py
[2024-12-01T09:05:26.038+0000] {processor.py:925} INFO - DAG(s) 'tutorial_objectstorage' retrieved from /home/airflow/.local/lib/python3.12/site-packages/airflow/example_dags/tutorial_objectstorage.py
[2024-12-01T09:05:26.049+0000] {logging_mixin.py:190} INFO - [2024-12-01T09:05:26.049+0000] {dag.py:3239} INFO - Sync 1 DAGs
[2024-12-01T09:05:26.056+0000] {logging_mixin.py:190} INFO - [2024-12-01T09:05:26.055+0000] {dag.py:4180} INFO - Setting next_dagrun for tutorial_objectstorage to None, run_after=None
[2024-12-01T09:05:26.066+0000] {processor.py:208} INFO - Processing /home/airflow/.local/lib/python3.12/site-packages/airflow/example_dags/tutorial_objectstorage.py took 0.038 seconds
[2024-12-01T09:05:56.417+0000] {processor.py:186} INFO - Started process (PID=1862) to work on /home/airflow/.local/lib/python3.12/site-packages/airflow/example_dags/tutorial_objectstorage.py
[2024-12-01T09:05:56.418+0000] {processor.py:914} INFO - Processing file /home/airflow/.local/lib/python3.12/site-packages/airflow/example_dags/tutorial_objectstorage.py for tasks to queue
[2024-12-01T09:05:56.420+0000] {logging_mixin.py:190} INFO - [2024-12-01T09:05:56.419+0000] {dagbag.py:588} INFO - Filling up the DagBag from /home/airflow/.local/lib/python3.12/site-packages/airflow/example_dags/tutorial_objectstorage.py
[2024-12-01T09:05:56.426+0000] {processor.py:925} INFO - DAG(s) 'tutorial_objectstorage' retrieved from /home/airflow/.local/lib/python3.12/site-packages/airflow/example_dags/tutorial_objectstorage.py
[2024-12-01T09:05:56.440+0000] {logging_mixin.py:190} INFO - [2024-12-01T09:05:56.439+0000] {dag.py:3239} INFO - Sync 1 DAGs
[2024-12-01T09:05:56.448+0000] {logging_mixin.py:190} INFO - [2024-12-01T09:05:56.448+0000] {dag.py:4180} INFO - Setting next_dagrun for tutorial_objectstorage to None, run_after=None
[2024-12-01T09:05:56.461+0000] {processor.py:208} INFO - Processing /home/airflow/.local/lib/python3.12/site-packages/airflow/example_dags/tutorial_objectstorage.py took 0.048 seconds
[2024-12-01T09:06:27.042+0000] {processor.py:186} INFO - Started process (PID=1925) to work on /home/airflow/.local/lib/python3.12/site-packages/airflow/example_dags/tutorial_objectstorage.py
[2024-12-01T09:06:27.043+0000] {processor.py:914} INFO - Processing file /home/airflow/.local/lib/python3.12/site-packages/airflow/example_dags/tutorial_objectstorage.py for tasks to queue
[2024-12-01T09:06:27.044+0000] {logging_mixin.py:190} INFO - [2024-12-01T09:06:27.044+0000] {dagbag.py:588} INFO - Filling up the DagBag from /home/airflow/.local/lib/python3.12/site-packages/airflow/example_dags/tutorial_objectstorage.py
[2024-12-01T09:06:27.049+0000] {processor.py:925} INFO - DAG(s) 'tutorial_objectstorage' retrieved from /home/airflow/.local/lib/python3.12/site-packages/airflow/example_dags/tutorial_objectstorage.py
[2024-12-01T09:06:27.064+0000] {logging_mixin.py:190} INFO - [2024-12-01T09:06:27.064+0000] {dag.py:3239} INFO - Sync 1 DAGs
[2024-12-01T09:06:27.074+0000] {logging_mixin.py:190} INFO - [2024-12-01T09:06:27.074+0000] {dag.py:4180} INFO - Setting next_dagrun for tutorial_objectstorage to None, run_after=None
[2024-12-01T09:06:27.086+0000] {processor.py:208} INFO - Processing /home/airflow/.local/lib/python3.12/site-packages/airflow/example_dags/tutorial_objectstorage.py took 0.047 seconds
[2024-12-01T09:06:57.603+0000] {processor.py:186} INFO - Started process (PID=1988) to work on /home/airflow/.local/lib/python3.12/site-packages/airflow/example_dags/tutorial_objectstorage.py
[2024-12-01T09:06:57.604+0000] {processor.py:914} INFO - Processing file /home/airflow/.local/lib/python3.12/site-packages/airflow/example_dags/tutorial_objectstorage.py for tasks to queue
[2024-12-01T09:06:57.605+0000] {logging_mixin.py:190} INFO - [2024-12-01T09:06:57.605+0000] {dagbag.py:588} INFO - Filling up the DagBag from /home/airflow/.local/lib/python3.12/site-packages/airflow/example_dags/tutorial_objectstorage.py
[2024-12-01T09:06:57.610+0000] {processor.py:925} INFO - DAG(s) 'tutorial_objectstorage' retrieved from /home/airflow/.local/lib/python3.12/site-packages/airflow/example_dags/tutorial_objectstorage.py
[2024-12-01T09:06:57.626+0000] {logging_mixin.py:190} INFO - [2024-12-01T09:06:57.626+0000] {dag.py:3239} INFO - Sync 1 DAGs
[2024-12-01T09:06:57.635+0000] {logging_mixin.py:190} INFO - [2024-12-01T09:06:57.635+0000] {dag.py:4180} INFO - Setting next_dagrun for tutorial_objectstorage to None, run_after=None
[2024-12-01T09:06:57.649+0000] {processor.py:208} INFO - Processing /home/airflow/.local/lib/python3.12/site-packages/airflow/example_dags/tutorial_objectstorage.py took 0.049 seconds
[2024-12-01T09:07:27.858+0000] {processor.py:186} INFO - Started process (PID=2051) to work on /home/airflow/.local/lib/python3.12/site-packages/airflow/example_dags/tutorial_objectstorage.py
[2024-12-01T09:07:27.859+0000] {processor.py:914} INFO - Processing file /home/airflow/.local/lib/python3.12/site-packages/airflow/example_dags/tutorial_objectstorage.py for tasks to queue
[2024-12-01T09:07:27.860+0000] {logging_mixin.py:190} INFO - [2024-12-01T09:07:27.860+0000] {dagbag.py:588} INFO - Filling up the DagBag from /home/airflow/.local/lib/python3.12/site-packages/airflow/example_dags/tutorial_objectstorage.py
[2024-12-01T09:07:27.865+0000] {processor.py:925} INFO - DAG(s) 'tutorial_objectstorage' retrieved from /home/airflow/.local/lib/python3.12/site-packages/airflow/example_dags/tutorial_objectstorage.py
[2024-12-01T09:07:27.874+0000] {logging_mixin.py:190} INFO - [2024-12-01T09:07:27.874+0000] {dag.py:3239} INFO - Sync 1 DAGs
[2024-12-01T09:07:27.882+0000] {logging_mixin.py:190} INFO - [2024-12-01T09:07:27.881+0000] {dag.py:4180} INFO - Setting next_dagrun for tutorial_objectstorage to None, run_after=None
[2024-12-01T09:07:27.893+0000] {processor.py:208} INFO - Processing /home/airflow/.local/lib/python3.12/site-packages/airflow/example_dags/tutorial_objectstorage.py took 0.038 seconds
[2024-12-01T09:07:58.488+0000] {processor.py:186} INFO - Started process (PID=2114) to work on /home/airflow/.local/lib/python3.12/site-packages/airflow/example_dags/tutorial_objectstorage.py
[2024-12-01T09:07:58.488+0000] {processor.py:914} INFO - Processing file /home/airflow/.local/lib/python3.12/site-packages/airflow/example_dags/tutorial_objectstorage.py for tasks to queue
[2024-12-01T09:07:58.489+0000] {logging_mixin.py:190} INFO - [2024-12-01T09:07:58.489+0000] {dagbag.py:588} INFO - Filling up the DagBag from /home/airflow/.local/lib/python3.12/site-packages/airflow/example_dags/tutorial_objectstorage.py
[2024-12-01T09:07:58.494+0000] {processor.py:925} INFO - DAG(s) 'tutorial_objectstorage' retrieved from /home/airflow/.local/lib/python3.12/site-packages/airflow/example_dags/tutorial_objectstorage.py
[2024-12-01T09:07:58.507+0000] {logging_mixin.py:190} INFO - [2024-12-01T09:07:58.507+0000] {dag.py:3239} INFO - Sync 1 DAGs
[2024-12-01T09:07:58.518+0000] {logging_mixin.py:190} INFO - [2024-12-01T09:07:58.517+0000] {dag.py:4180} INFO - Setting next_dagrun for tutorial_objectstorage to None, run_after=None
[2024-12-01T09:07:58.534+0000] {processor.py:208} INFO - Processing /home/airflow/.local/lib/python3.12/site-packages/airflow/example_dags/tutorial_objectstorage.py took 0.049 seconds
[2024-12-01T09:08:29.068+0000] {processor.py:186} INFO - Started process (PID=2177) to work on /home/airflow/.local/lib/python3.12/site-packages/airflow/example_dags/tutorial_objectstorage.py
[2024-12-01T09:08:29.069+0000] {processor.py:914} INFO - Processing file /home/airflow/.local/lib/python3.12/site-packages/airflow/example_dags/tutorial_objectstorage.py for tasks to queue
[2024-12-01T09:08:29.071+0000] {logging_mixin.py:190} INFO - [2024-12-01T09:08:29.070+0000] {dagbag.py:588} INFO - Filling up the DagBag from /home/airflow/.local/lib/python3.12/site-packages/airflow/example_dags/tutorial_objectstorage.py
[2024-12-01T09:08:29.075+0000] {processor.py:925} INFO - DAG(s) 'tutorial_objectstorage' retrieved from /home/airflow/.local/lib/python3.12/site-packages/airflow/example_dags/tutorial_objectstorage.py
[2024-12-01T09:08:29.090+0000] {logging_mixin.py:190} INFO - [2024-12-01T09:08:29.090+0000] {dag.py:3239} INFO - Sync 1 DAGs
[2024-12-01T09:08:29.099+0000] {logging_mixin.py:190} INFO - [2024-12-01T09:08:29.099+0000] {dag.py:4180} INFO - Setting next_dagrun for tutorial_objectstorage to None, run_after=None
[2024-12-01T09:08:29.112+0000] {processor.py:208} INFO - Processing /home/airflow/.local/lib/python3.12/site-packages/airflow/example_dags/tutorial_objectstorage.py took 0.048 seconds
[2024-12-01T09:09:00.008+0000] {processor.py:186} INFO - Started process (PID=2240) to work on /home/airflow/.local/lib/python3.12/site-packages/airflow/example_dags/tutorial_objectstorage.py
[2024-12-01T09:09:00.008+0000] {processor.py:914} INFO - Processing file /home/airflow/.local/lib/python3.12/site-packages/airflow/example_dags/tutorial_objectstorage.py for tasks to queue
[2024-12-01T09:09:00.009+0000] {logging_mixin.py:190} INFO - [2024-12-01T09:09:00.009+0000] {dagbag.py:588} INFO - Filling up the DagBag from /home/airflow/.local/lib/python3.12/site-packages/airflow/example_dags/tutorial_objectstorage.py
[2024-12-01T09:09:00.014+0000] {processor.py:925} INFO - DAG(s) 'tutorial_objectstorage' retrieved from /home/airflow/.local/lib/python3.12/site-packages/airflow/example_dags/tutorial_objectstorage.py
[2024-12-01T09:09:00.026+0000] {logging_mixin.py:190} INFO - [2024-12-01T09:09:00.026+0000] {dag.py:3239} INFO - Sync 1 DAGs
[2024-12-01T09:09:00.033+0000] {logging_mixin.py:190} INFO - [2024-12-01T09:09:00.033+0000] {dag.py:4180} INFO - Setting next_dagrun for tutorial_objectstorage to None, run_after=None
[2024-12-01T09:09:00.045+0000] {processor.py:208} INFO - Processing /home/airflow/.local/lib/python3.12/site-packages/airflow/example_dags/tutorial_objectstorage.py took 0.040 seconds
[2024-12-01T09:09:30.377+0000] {processor.py:186} INFO - Started process (PID=2302) to work on /home/airflow/.local/lib/python3.12/site-packages/airflow/example_dags/tutorial_objectstorage.py
[2024-12-01T09:09:30.377+0000] {processor.py:914} INFO - Processing file /home/airflow/.local/lib/python3.12/site-packages/airflow/example_dags/tutorial_objectstorage.py for tasks to queue
[2024-12-01T09:09:30.378+0000] {logging_mixin.py:190} INFO - [2024-12-01T09:09:30.378+0000] {dagbag.py:588} INFO - Filling up the DagBag from /home/airflow/.local/lib/python3.12/site-packages/airflow/example_dags/tutorial_objectstorage.py
[2024-12-01T09:09:30.383+0000] {processor.py:925} INFO - DAG(s) 'tutorial_objectstorage' retrieved from /home/airflow/.local/lib/python3.12/site-packages/airflow/example_dags/tutorial_objectstorage.py
[2024-12-01T09:09:30.394+0000] {logging_mixin.py:190} INFO - [2024-12-01T09:09:30.394+0000] {dag.py:3239} INFO - Sync 1 DAGs
[2024-12-01T09:09:30.402+0000] {logging_mixin.py:190} INFO - [2024-12-01T09:09:30.402+0000] {dag.py:4180} INFO - Setting next_dagrun for tutorial_objectstorage to None, run_after=None
[2024-12-01T09:09:30.414+0000] {processor.py:208} INFO - Processing /home/airflow/.local/lib/python3.12/site-packages/airflow/example_dags/tutorial_objectstorage.py took 0.040 seconds
